[2020-10-12 08:21:54,342] [basehttp.py:154] [basehttp:log_message] [INFO]- "GET /INVGantt/INVGantt-upload/ HTTP/1.1" 200 36091
[2020-10-12 08:21:54,664] [basehttp.py:154] [basehttp:log_message] [INFO]- "GET /favicon.ico HTTP/1.1" 200 17522
[2020-10-12 08:22:06,466] [basehttp.py:154] [basehttp:log_message] [INFO]- "POST /INVGantt/INVGantt-upload/ HTTP/1.1" 200 27
[2020-10-12 08:22:23,138] [basehttp.py:154] [basehttp:log_message] [INFO]- "GET /admin/ HTTP/1.1" 302 0
[2020-10-12 08:22:25,281] [basehttp.py:154] [basehttp:log_message] [INFO]- "GET /admin/login/?next=/admin/ HTTP/1.1" 200 1821
[2020-10-12 08:22:25,337] [basehttp.py:154] [basehttp:log_message] [INFO]- "GET /favicon.ico HTTP/1.1" 200 17522
[2020-10-12 08:22:28,380] [basehttp.py:154] [basehttp:log_message] [INFO]- "POST /admin/login/?next=/admin/ HTTP/1.1" 302 0
[2020-10-12 08:22:28,453] [basehttp.py:154] [basehttp:log_message] [INFO]- "GET /admin/ HTTP/1.1" 200 25543
[2020-10-12 08:22:28,513] [basehttp.py:154] [basehttp:log_message] [INFO]- "GET /favicon.ico HTTP/1.1" 200 17522
[2020-10-12 08:24:50,910] [basehttp.py:154] [basehttp:log_message] [INFO]- "GET /admin/INVGantt/invgantt/ HTTP/1.1" 200 1210386
[2020-10-12 08:24:50,960] [basehttp.py:154] [basehttp:log_message] [INFO]- "GET /admin/jsi18n/ HTTP/1.1" 200 7684
[2020-10-12 08:24:51,795] [basehttp.py:154] [basehttp:log_message] [INFO]- "GET /favicon.ico HTTP/1.1" 200 17522
[2020-10-12 08:24:55,223] [basehttp.py:154] [basehttp:log_message] [INFO]- "POST /admin/INVGantt/invgantt/ HTTP/1.1" 200 77013
[2020-10-12 08:24:55,379] [basehttp.py:154] [basehttp:log_message] [INFO]- "GET /favicon.ico HTTP/1.1" 200 17522
[2020-10-12 08:25:03,762] [basehttp.py:154] [basehttp:log_message] [INFO]- "POST /admin/INVGantt/invgantt/ HTTP/1.1" 302 0
[2020-10-12 08:25:03,820] [basehttp.py:154] [basehttp:log_message] [INFO]- "GET /admin/INVGantt/invgantt/ HTTP/1.1" 200 9071
[2020-10-12 08:25:03,856] [basehttp.py:154] [basehttp:log_message] [INFO]- "GET /admin/jsi18n/ HTTP/1.1" 200 7684
[2020-10-12 08:25:03,911] [basehttp.py:154] [basehttp:log_message] [INFO]- "GET /favicon.ico HTTP/1.1" 200 17522
[2020-10-12 08:25:08,274] [basehttp.py:154] [basehttp:log_message] [INFO]- "GET /index/ HTTP/1.1" 200 40394
[2020-10-12 08:25:08,417] [basehttp.py:154] [basehttp:log_message] [INFO]- "GET /index/ HTTP/1.1" 200 40394
[2020-10-12 08:25:08,660] [basehttp.py:154] [basehttp:log_message] [INFO]- "GET /favicon.ico HTTP/1.1" 200 17522
[2020-10-12 08:25:17,163] [basehttp.py:154] [basehttp:log_message] [INFO]- "GET /INVGantt/INVGantt-upload/ HTTP/1.1" 200 36091
[2020-10-12 08:25:17,362] [basehttp.py:154] [basehttp:log_message] [INFO]- "GET /favicon.ico HTTP/1.1" 200 17522
[2020-10-12 08:25:29,372] [basehttp.py:154] [basehttp:log_message] [INFO]- "POST /INVGantt/INVGantt-upload/ HTTP/1.1" 200 27
[2020-10-12 08:25:30,745] [basehttp.py:154] [basehttp:log_message] [INFO]- "GET /admin/ HTTP/1.1" 200 25543
[2020-10-12 08:25:30,803] [basehttp.py:154] [basehttp:log_message] [INFO]- "GET /favicon.ico HTTP/1.1" 200 17522
[2020-10-12 08:26:00,030] [basehttp.py:154] [basehttp:log_message] [INFO]- "GET /admin/INVGantt/invgantt/ HTTP/1.1" 200 1210386
[2020-10-12 08:26:00,067] [basehttp.py:154] [basehttp:log_message] [INFO]- "GET /admin/jsi18n/ HTTP/1.1" 200 7684
[2020-10-12 08:26:00,908] [basehttp.py:154] [basehttp:log_message] [INFO]- "GET /favicon.ico HTTP/1.1" 200 17522
[2020-10-12 10:34:43,944] [basehttp.py:154] [basehttp:log_message] [INFO]- "GET /admin/INVGantt/invgantt/?Customer__exact= HTTP/1.1" 200 141816
[2020-10-12 10:34:44,050] [basehttp.py:154] [basehttp:log_message] [INFO]- "GET /admin/jsi18n/ HTTP/1.1" 200 7684
[2020-10-12 10:34:44,150] [basehttp.py:154] [basehttp:log_message] [INFO]- "GET /favicon.ico HTTP/1.1" 200 17522
[2020-10-12 10:34:51,437] [basehttp.py:154] [basehttp:log_message] [INFO]- "GET /admin/INVGantt/invgantt/ HTTP/1.1" 200 1210386
[2020-10-12 10:34:52,417] [basehttp.py:154] [basehttp:log_message] [INFO]- "GET /favicon.ico HTTP/1.1" 200 17522
[2020-10-12 11:18:31,938] [basehttp.py:154] [basehttp:log_message] [INFO]- "POST /admin/INVGantt/invgantt/ HTTP/1.1" 200 77013
[2020-10-12 11:18:32,069] [basehttp.py:154] [basehttp:log_message] [INFO]- "GET /favicon.ico HTTP/1.1" 200 17522
[2020-10-12 11:18:35,306] [basehttp.py:154] [basehttp:log_message] [INFO]- "POST /admin/INVGantt/invgantt/ HTTP/1.1" 302 0
[2020-10-12 11:18:35,354] [basehttp.py:154] [basehttp:log_message] [INFO]- "GET /admin/INVGantt/invgantt/ HTTP/1.1" 200 9071
[2020-10-12 11:18:35,390] [basehttp.py:154] [basehttp:log_message] [INFO]- "GET /admin/jsi18n/ HTTP/1.1" 200 7684
[2020-10-12 11:18:35,437] [basehttp.py:154] [basehttp:log_message] [INFO]- "GET /favicon.ico HTTP/1.1" 200 17522
[2020-10-12 11:18:42,096] [log.py:228] [log:log_response] [ERROR]- Internal Server Error: /INVGantt/INVGantt-upload/
Traceback (most recent call last):
  File "C:\Python372\mecheck\lib\site-packages\django\core\handlers\exception.py", line 34, in inner
    response = get_response(request)
  File "C:\Python372\mecheck\lib\site-packages\django\core\handlers\base.py", line 126, in _get_response
    response = self.process_exception_by_middleware(e, request)
  File "C:\Python372\mecheck\lib\site-packages\django\core\handlers\base.py", line 124, in _get_response
    response = wrapped_callback(request, *callback_args, **callback_kwargs)
  File "C:\Python372\mecheck\lib\site-packages\django\views\decorators\csrf.py", line 54, in wrapped_view
    return view_func(*args, **kwargs)
  File "C:\djangoproject\Reliability_Row_data\INVGantt\views.py", line 189, in INVGantt_upload
    if INVGantt.objects.filter(**Check_dic_Gantt).first():
  File "C:\Python372\mecheck\lib\site-packages\django\db\models\manager.py", line 82, in manager_method
    return getattr(self.get_queryset(), name)(*args, **kwargs)
  File "C:\Python372\mecheck\lib\site-packages\django\db\models\query.py", line 844, in filter
    return self._filter_or_exclude(False, *args, **kwargs)
  File "C:\Python372\mecheck\lib\site-packages\django\db\models\query.py", line 862, in _filter_or_exclude
    clone.query.add_q(Q(*args, **kwargs))
  File "C:\Python372\mecheck\lib\site-packages\django\db\models\sql\query.py", line 1263, in add_q
    clause, _ = self._add_q(q_object, self.used_aliases)
  File "C:\Python372\mecheck\lib\site-packages\django\db\models\sql\query.py", line 1287, in _add_q
    split_subq=split_subq,
  File "C:\Python372\mecheck\lib\site-packages\django\db\models\sql\query.py", line 1225, in build_filter
    condition = self.build_lookup(lookups, col, value)
  File "C:\Python372\mecheck\lib\site-packages\django\db\models\sql\query.py", line 1096, in build_lookup
    lookup = lookup_class(lhs, rhs)
  File "C:\Python372\mecheck\lib\site-packages\django\db\models\lookups.py", line 20, in __init__
    self.rhs = self.get_prep_lookup()
  File "C:\Python372\mecheck\lib\site-packages\django\db\models\lookups.py", line 70, in get_prep_lookup
    return self.lhs.output_field.get_prep_value(self.rhs)
  File "C:\Python372\mecheck\lib\site-packages\django\db\models\fields\__init__.py", line 1268, in get_prep_value
    return self.to_python(value)
  File "C:\Python372\mecheck\lib\site-packages\django\db\models\fields\__init__.py", line 1243, in to_python
    params={'value': value},
django.core.exceptions.ValidationError: ['’‘ 必须为合法的日期格式，请使用 YYYY-MM-DD 格式。']
[2020-10-12 11:18:42,101] [basehttp.py:154] [basehttp:log_message] [ERROR]- "POST /INVGantt/INVGantt-upload/ HTTP/1.1" 500 204046
[2020-10-12 11:19:44,193] [basehttp.py:154] [basehttp:log_message] [INFO]- "POST /INVGantt/INVGantt-upload/ HTTP/1.1" 200 27
[2020-10-12 11:19:53,057] [basehttp.py:154] [basehttp:log_message] [INFO]- "GET /admin/INVGantt/invgantt/ HTTP/1.1" 200 1210386
[2020-10-12 11:19:53,097] [basehttp.py:154] [basehttp:log_message] [INFO]- "GET /admin/jsi18n/ HTTP/1.1" 200 7684
[2020-10-12 11:19:53,864] [basehttp.py:154] [basehttp:log_message] [INFO]- "GET /favicon.ico HTTP/1.1" 200 17522
[2020-10-12 11:21:48,675] [basehttp.py:154] [basehttp:log_message] [INFO]- "GET /admin/INVGantt/invgantt/5891/change/ HTTP/1.1" 200 18239
[2020-10-12 11:21:48,723] [basehttp.py:154] [basehttp:log_message] [INFO]- "GET /admin/jsi18n/ HTTP/1.1" 200 7684
[2020-10-12 11:21:48,788] [basehttp.py:154] [basehttp:log_message] [INFO]- "GET /static/admin/img/icon-clock.svg HTTP/1.1" 200 677
[2020-10-12 11:21:48,792] [basehttp.py:154] [basehttp:log_message] [INFO]- "GET /favicon.ico HTTP/1.1" 200 17522
[2020-10-12 11:21:55,937] [basehttp.py:154] [basehttp:log_message] [INFO]- "GET /admin/INVGantt/invgantt/ HTTP/1.1" 200 1210386
[2020-10-12 11:21:56,703] [basehttp.py:154] [basehttp:log_message] [INFO]- "GET /favicon.ico HTTP/1.1" 200 17522
[2020-10-12 11:27:12,532] [basehttp.py:154] [basehttp:log_message] [INFO]- "POST /admin/INVGantt/invgantt/ HTTP/1.1" 200 77013
[2020-10-12 11:27:12,669] [basehttp.py:154] [basehttp:log_message] [INFO]- "GET /favicon.ico HTTP/1.1" 200 17522
[2020-10-12 11:27:17,258] [basehttp.py:154] [basehttp:log_message] [INFO]- "POST /admin/INVGantt/invgantt/ HTTP/1.1" 302 0
[2020-10-12 11:27:17,312] [basehttp.py:154] [basehttp:log_message] [INFO]- "GET /admin/INVGantt/invgantt/ HTTP/1.1" 200 9071
[2020-10-12 11:27:17,350] [basehttp.py:154] [basehttp:log_message] [INFO]- "GET /admin/jsi18n/ HTTP/1.1" 200 7684
[2020-10-12 11:27:17,405] [basehttp.py:154] [basehttp:log_message] [INFO]- "GET /favicon.ico HTTP/1.1" 200 17522
[2020-10-12 11:27:23,534] [log.py:228] [log:log_response] [ERROR]- Internal Server Error: /INVGantt/INVGantt-upload/
Traceback (most recent call last):
  File "C:\Python372\mecheck\lib\site-packages\django\core\handlers\exception.py", line 34, in inner
    response = get_response(request)
  File "C:\Python372\mecheck\lib\site-packages\django\core\handlers\base.py", line 126, in _get_response
    response = self.process_exception_by_middleware(e, request)
  File "C:\Python372\mecheck\lib\site-packages\django\core\handlers\base.py", line 124, in _get_response
    response = wrapped_callback(request, *callback_args, **callback_kwargs)
  File "C:\Python372\mecheck\lib\site-packages\django\views\decorators\csrf.py", line 54, in wrapped_view
    return view_func(*args, **kwargs)
  File "C:\djangoproject\Reliability_Row_data\INVGantt\views.py", line 189, in INVGantt_upload
    if INVGantt.objects.filter(**Check_dic_Gantt).first():
  File "C:\Python372\mecheck\lib\site-packages\django\db\models\manager.py", line 82, in manager_method
    return getattr(self.get_queryset(), name)(*args, **kwargs)
  File "C:\Python372\mecheck\lib\site-packages\django\db\models\query.py", line 844, in filter
    return self._filter_or_exclude(False, *args, **kwargs)
  File "C:\Python372\mecheck\lib\site-packages\django\db\models\query.py", line 862, in _filter_or_exclude
    clone.query.add_q(Q(*args, **kwargs))
  File "C:\Python372\mecheck\lib\site-packages\django\db\models\sql\query.py", line 1263, in add_q
    clause, _ = self._add_q(q_object, self.used_aliases)
  File "C:\Python372\mecheck\lib\site-packages\django\db\models\sql\query.py", line 1287, in _add_q
    split_subq=split_subq,
  File "C:\Python372\mecheck\lib\site-packages\django\db\models\sql\query.py", line 1225, in build_filter
    condition = self.build_lookup(lookups, col, value)
  File "C:\Python372\mecheck\lib\site-packages\django\db\models\sql\query.py", line 1096, in build_lookup
    lookup = lookup_class(lhs, rhs)
  File "C:\Python372\mecheck\lib\site-packages\django\db\models\lookups.py", line 20, in __init__
    self.rhs = self.get_prep_lookup()
  File "C:\Python372\mecheck\lib\site-packages\django\db\models\lookups.py", line 70, in get_prep_lookup
    return self.lhs.output_field.get_prep_value(self.rhs)
  File "C:\Python372\mecheck\lib\site-packages\django\db\models\fields\__init__.py", line 1268, in get_prep_value
    return self.to_python(value)
  File "C:\Python372\mecheck\lib\site-packages\django\db\models\fields\__init__.py", line 1243, in to_python
    params={'value': value},
django.core.exceptions.ValidationError: ['’NULL‘ 必须为合法的日期格式，请使用 YYYY-MM-DD 格式。']
[2020-10-12 11:27:23,538] [basehttp.py:154] [basehttp:log_message] [ERROR]- "POST /INVGantt/INVGantt-upload/ HTTP/1.1" 500 204054
[2020-10-12 11:29:28,169] [log.py:228] [log:log_response] [ERROR]- Internal Server Error: /INVGantt/INVGantt-upload/
Traceback (most recent call last):
  File "C:\Python372\mecheck\lib\site-packages\django\db\models\fields\__init__.py", line 1230, in to_python
    parsed = parse_date(value)
  File "C:\Python372\mecheck\lib\site-packages\django\utils\dateparse.py", line 77, in parse_date
    return datetime.date(**kw)
ValueError: year 0 is out of range

During handling of the above exception, another exception occurred:

Traceback (most recent call last):
  File "C:\Python372\mecheck\lib\site-packages\django\core\handlers\exception.py", line 34, in inner
    response = get_response(request)
  File "C:\Python372\mecheck\lib\site-packages\django\core\handlers\base.py", line 126, in _get_response
    response = self.process_exception_by_middleware(e, request)
  File "C:\Python372\mecheck\lib\site-packages\django\core\handlers\base.py", line 124, in _get_response
    response = wrapped_callback(request, *callback_args, **callback_kwargs)
  File "C:\Python372\mecheck\lib\site-packages\django\views\decorators\csrf.py", line 54, in wrapped_view
    return view_func(*args, **kwargs)
  File "C:\djangoproject\Reliability_Row_data\INVGantt\views.py", line 189, in INVGantt_upload
    if INVGantt.objects.filter(**Check_dic_Gantt).first():
  File "C:\Python372\mecheck\lib\site-packages\django\db\models\manager.py", line 82, in manager_method
    return getattr(self.get_queryset(), name)(*args, **kwargs)
  File "C:\Python372\mecheck\lib\site-packages\django\db\models\query.py", line 844, in filter
    return self._filter_or_exclude(False, *args, **kwargs)
  File "C:\Python372\mecheck\lib\site-packages\django\db\models\query.py", line 862, in _filter_or_exclude
    clone.query.add_q(Q(*args, **kwargs))
  File "C:\Python372\mecheck\lib\site-packages\django\db\models\sql\query.py", line 1263, in add_q
    clause, _ = self._add_q(q_object, self.used_aliases)
  File "C:\Python372\mecheck\lib\site-packages\django\db\models\sql\query.py", line 1287, in _add_q
    split_subq=split_subq,
  File "C:\Python372\mecheck\lib\site-packages\django\db\models\sql\query.py", line 1225, in build_filter
    condition = self.build_lookup(lookups, col, value)
  File "C:\Python372\mecheck\lib\site-packages\django\db\models\sql\query.py", line 1096, in build_lookup
    lookup = lookup_class(lhs, rhs)
  File "C:\Python372\mecheck\lib\site-packages\django\db\models\lookups.py", line 20, in __init__
    self.rhs = self.get_prep_lookup()
  File "C:\Python372\mecheck\lib\site-packages\django\db\models\lookups.py", line 70, in get_prep_lookup
    return self.lhs.output_field.get_prep_value(self.rhs)
  File "C:\Python372\mecheck\lib\site-packages\django\db\models\fields\__init__.py", line 1268, in get_prep_value
    return self.to_python(value)
  File "C:\Python372\mecheck\lib\site-packages\django\db\models\fields\__init__.py", line 1237, in to_python
    params={'value': value},
django.core.exceptions.ValidationError: ['’0000-00-00‘ 值的格式正确(YYYY-MM-DD)，但是日期无效。']
[2020-10-12 11:29:28,173] [basehttp.py:154] [basehttp:log_message] [ERROR]- "POST /INVGantt/INVGantt-upload/ HTTP/1.1" 500 204417
[2020-10-12 11:42:32,763] [basehttp.py:154] [basehttp:log_message] [INFO]- "GET /admin/INVGantt/invgantt/ HTTP/1.1" 200 19902
[2020-10-12 11:42:32,791] [basehttp.py:154] [basehttp:log_message] [INFO]- "GET /admin/jsi18n/ HTTP/1.1" 200 7684
[2020-10-12 11:42:32,901] [basehttp.py:154] [basehttp:log_message] [INFO]- "GET /favicon.ico HTTP/1.1" 200 17522
[2020-10-12 11:42:36,991] [basehttp.py:154] [basehttp:log_message] [INFO]- "POST /admin/INVGantt/invgantt/ HTTP/1.1" 200 3539
[2020-10-12 11:42:37,038] [basehttp.py:154] [basehttp:log_message] [INFO]- "GET /favicon.ico HTTP/1.1" 200 17522
[2020-10-12 11:42:37,860] [basehttp.py:154] [basehttp:log_message] [INFO]- "POST /admin/INVGantt/invgantt/ HTTP/1.1" 302 0
[2020-10-12 11:42:37,906] [basehttp.py:154] [basehttp:log_message] [INFO]- "GET /admin/INVGantt/invgantt/ HTTP/1.1" 200 9069
[2020-10-12 11:42:37,926] [basehttp.py:154] [basehttp:log_message] [INFO]- "GET /admin/jsi18n/ HTTP/1.1" 200 7684
[2020-10-12 11:42:37,974] [basehttp.py:154] [basehttp:log_message] [INFO]- "GET /favicon.ico HTTP/1.1" 200 17522
[2020-10-12 11:42:44,341] [basehttp.py:154] [basehttp:log_message] [INFO]- "POST /INVGantt/INVGantt-upload/ HTTP/1.1" 200 27
[2020-10-12 11:42:51,341] [basehttp.py:154] [basehttp:log_message] [INFO]- "GET /admin/INVGantt/invgantt/ HTTP/1.1" 200 1210386
[2020-10-12 11:42:51,368] [basehttp.py:154] [basehttp:log_message] [INFO]- "GET /admin/jsi18n/ HTTP/1.1" 200 7684
[2020-10-12 11:42:52,169] [basehttp.py:154] [basehttp:log_message] [INFO]- "GET /favicon.ico HTTP/1.1" 200 17522
[2020-10-12 11:43:18,966] [basehttp.py:154] [basehttp:log_message] [INFO]- "POST /INVGantt/INVGantt-upload/ HTTP/1.1" 200 27
[2020-10-12 11:43:23,175] [basehttp.py:154] [basehttp:log_message] [INFO]- "GET /admin/INVGantt/invgantt/ HTTP/1.1" 200 1210386
[2020-10-12 11:43:23,231] [basehttp.py:154] [basehttp:log_message] [INFO]- "GET /admin/jsi18n/ HTTP/1.1" 200 7684
[2020-10-12 11:43:23,947] [basehttp.py:154] [basehttp:log_message] [INFO]- "GET /favicon.ico HTTP/1.1" 200 17522
[2020-10-12 11:44:18,810] [basehttp.py:154] [basehttp:log_message] [INFO]- "GET /admin/INVGantt/invgantt/ HTTP/1.1" 200 1210386
[2020-10-12 11:44:18,863] [basehttp.py:154] [basehttp:log_message] [INFO]- "GET /admin/jsi18n/ HTTP/1.1" 200 7684
[2020-10-12 11:44:19,640] [basehttp.py:154] [basehttp:log_message] [INFO]- "GET /favicon.ico HTTP/1.1" 200 17522
[2020-10-12 11:50:07,765] [basehttp.py:154] [basehttp:log_message] [INFO]- "POST /admin/INVGantt/invgantt/ HTTP/1.1" 200 77013
[2020-10-12 11:50:07,903] [basehttp.py:154] [basehttp:log_message] [INFO]- "GET /favicon.ico HTTP/1.1" 200 17522
[2020-10-12 11:50:12,348] [basehttp.py:154] [basehttp:log_message] [INFO]- "POST /admin/INVGantt/invgantt/ HTTP/1.1" 302 0
[2020-10-12 11:50:12,405] [basehttp.py:154] [basehttp:log_message] [INFO]- "GET /admin/INVGantt/invgantt/ HTTP/1.1" 200 9071
[2020-10-12 11:50:12,430] [basehttp.py:154] [basehttp:log_message] [INFO]- "GET /admin/jsi18n/ HTTP/1.1" 200 7684
[2020-10-12 11:50:12,469] [basehttp.py:154] [basehttp:log_message] [INFO]- "GET /favicon.ico HTTP/1.1" 200 17522
[2020-10-12 11:50:31,703] [basehttp.py:154] [basehttp:log_message] [INFO]- "POST /INVGantt/INVGantt-upload/ HTTP/1.1" 200 27
[2020-10-12 11:50:36,155] [basehttp.py:154] [basehttp:log_message] [INFO]- "GET /admin/INVGantt/invgantt/ HTTP/1.1" 200 861995
[2020-10-12 11:50:36,184] [basehttp.py:154] [basehttp:log_message] [INFO]- "GET /admin/jsi18n/ HTTP/1.1" 200 7684
[2020-10-12 11:50:36,755] [basehttp.py:154] [basehttp:log_message] [INFO]- "GET /favicon.ico HTTP/1.1" 200 17522
[2020-10-12 11:50:43,196] [basehttp.py:154] [basehttp:log_message] [INFO]- "POST /admin/INVGantt/invgantt/ HTTP/1.1" 302 0
[2020-10-12 11:50:44,278] [basehttp.py:154] [basehttp:log_message] [INFO]- "GET /admin/INVGantt/invgantt/ HTTP/1.1" 200 862159
[2020-10-12 11:50:44,331] [basehttp.py:154] [basehttp:log_message] [INFO]- "GET /admin/jsi18n/ HTTP/1.1" 200 7684
[2020-10-12 11:50:44,358] [basehttp.py:154] [basehttp:log_message] [INFO]- "GET /static/admin/img/icon-alert.svg HTTP/1.1" 200 504
[2020-10-12 11:50:44,890] [basehttp.py:154] [basehttp:log_message] [INFO]- "GET /favicon.ico HTTP/1.1" 200 17522
[2020-10-12 11:50:50,663] [basehttp.py:154] [basehttp:log_message] [INFO]- "POST /admin/INVGantt/invgantt/ HTTP/1.1" 200 55365
[2020-10-12 11:50:50,768] [basehttp.py:154] [basehttp:log_message] [INFO]- "GET /favicon.ico HTTP/1.1" 200 17522
[2020-10-12 11:50:54,901] [basehttp.py:154] [basehttp:log_message] [INFO]- "POST /admin/INVGantt/invgantt/ HTTP/1.1" 302 0
[2020-10-12 11:50:54,945] [basehttp.py:154] [basehttp:log_message] [INFO]- "GET /admin/INVGantt/invgantt/ HTTP/1.1" 200 9071
[2020-10-12 11:50:54,974] [basehttp.py:154] [basehttp:log_message] [INFO]- "GET /admin/jsi18n/ HTTP/1.1" 200 7684
[2020-10-12 11:50:55,018] [basehttp.py:154] [basehttp:log_message] [INFO]- "GET /favicon.ico HTTP/1.1" 200 17522
[2020-10-12 11:50:59,003] [basehttp.py:154] [basehttp:log_message] [INFO]- "GET /admin/INVGantt/invgantt/ HTTP/1.1" 200 8945
[2020-10-12 11:50:59,032] [basehttp.py:154] [basehttp:log_message] [INFO]- "GET /admin/jsi18n/ HTTP/1.1" 200 7684
[2020-10-12 11:50:59,087] [basehttp.py:154] [basehttp:log_message] [INFO]- "GET /favicon.ico HTTP/1.1" 200 17522
[2020-10-12 11:52:17,437] [basehttp.py:154] [basehttp:log_message] [INFO]- "POST /INVGantt/INVGantt-upload/ HTTP/1.1" 200 27
[2020-10-12 11:52:22,116] [basehttp.py:154] [basehttp:log_message] [INFO]- "GET /admin/INVGantt/invgantt/ HTTP/1.1" 200 1210386
[2020-10-12 11:52:22,143] [basehttp.py:154] [basehttp:log_message] [INFO]- "GET /admin/jsi18n/ HTTP/1.1" 200 7684
[2020-10-12 11:52:22,875] [basehttp.py:154] [basehttp:log_message] [INFO]- "GET /favicon.ico HTTP/1.1" 200 17522
[2020-10-12 11:52:33,836] [basehttp.py:154] [basehttp:log_message] [INFO]- "POST /INVGantt/INVGantt-upload/ HTTP/1.1" 200 27
[2020-10-12 11:52:38,818] [basehttp.py:154] [basehttp:log_message] [INFO]- "GET /admin/INVGantt/invgantt/ HTTP/1.1" 200 1210386
[2020-10-12 11:52:38,874] [basehttp.py:154] [basehttp:log_message] [INFO]- "GET /admin/jsi18n/ HTTP/1.1" 200 7684
[2020-10-12 11:52:39,688] [basehttp.py:154] [basehttp:log_message] [INFO]- "GET /favicon.ico HTTP/1.1" 200 17522
[2020-10-12 13:46:12,517] [basehttp.py:154] [basehttp:log_message] [INFO]- "GET / HTTP/1.1" 200 17522
[2020-10-12 13:46:12,586] [basehttp.py:154] [basehttp:log_message] [INFO]- "GET /static/download_UPK/element-ui@2.12.0/lib/theme-chalk/index.css HTTP/1.1" 200 232694
[2020-10-12 13:46:12,589] [basehttp.py:154] [basehttp:log_message] [INFO]- "GET /static/css/lib/calendar2/pignose.calendar.min.css HTTP/1.1" 200 14709
[2020-10-12 13:46:12,590] [basehttp.py:154] [basehttp:log_message] [INFO]- "GET /static/css/lib/chartist/chartist.min.css HTTP/1.1" 200 11508
[2020-10-12 13:46:12,597] [basehttp.py:154] [basehttp:log_message] [INFO]- "GET /static/css/lib/font-awesome.min.css HTTP/1.1" 200 38722
[2020-10-12 13:46:12,598] [basehttp.py:154] [basehttp:log_message] [INFO]- "GET /static/css/lib/owl.carousel.min.css HTTP/1.1" 200 3011
[2020-10-12 13:46:12,598] [basehttp.py:154] [basehttp:log_message] [INFO]- "GET /static/css/lib/themify-icons.css HTTP/1.1" 200 17551
[2020-10-12 13:46:12,602] [basehttp.py:154] [basehttp:log_message] [INFO]- "GET /static/css/lib/owl.theme.default.min.css HTTP/1.1" 200 1003
[2020-10-12 13:46:12,610] [basehttp.py:154] [basehttp:log_message] [INFO]- "GET /static/css/lib/weather-icons.css HTTP/1.1" 200 30752
[2020-10-12 13:46:12,611] [basehttp.py:154] [basehttp:log_message] [INFO]- "GET /static/css/lib/menubar/sidebar.css HTTP/1.1" 200 17210
[2020-10-12 13:46:12,618] [basehttp.py:154] [basehttp:log_message] [INFO]- "GET /static/css/lib/helper.css HTTP/1.1" 200 55773
[2020-10-12 13:46:12,618] [basehttp.py:154] [basehttp:log_message] [INFO]- "GET /static/css/style.css HTTP/1.1" 200 91465
[2020-10-12 13:46:12,621] [basehttp.py:154] [basehttp:log_message] [INFO]- "GET /static/css/bootstrap.min.css HTTP/1.1" 200 144877
[2020-10-12 13:46:12,622] [basehttp.py:154] [basehttp:log_message] [INFO]- "GET /static/css/uploadbutton.css HTTP/1.1" 200 175
[2020-10-12 13:46:12,660] [basehttp.py:154] [basehttp:log_message] [INFO]- "GET /static/jquery-3.2.1.js HTTP/1.1" 200 268039
[2020-10-12 13:46:12,826] [basehttp.py:154] [basehttp:log_message] [INFO]- "GET /static/js/lib/jquery.min.js HTTP/1.1" 200 97362
[2020-10-12 13:46:12,845] [basehttp.py:154] [basehttp:log_message] [INFO]- "GET /static/js/lib/jquery.nanoscroller.min.js HTTP/1.1" 200 12394
[2020-10-12 13:46:12,859] [basehttp.py:154] [basehttp:log_message] [INFO]- "GET /static/js/lib/menubar/sidebar.js HTTP/1.1" 200 7278
[2020-10-12 13:46:12,877] [basehttp.py:154] [basehttp:log_message] [INFO]- "GET /static/js/lib/preloader/pace.min.js HTTP/1.1" 200 26566
[2020-10-12 13:46:12,904] [basehttp.py:154] [basehttp:log_message] [INFO]- "GET /static/js/lib/bootstrap.min.js HTTP/1.1" 200 69782
[2020-10-12 13:46:12,920] [basehttp.py:154] [basehttp:log_message] [INFO]- "GET /static/js/scripts.js HTTP/1.1" 200 1906
[2020-10-12 13:46:12,944] [basehttp.py:154] [basehttp:log_message] [INFO]- "GET /static/js/lib/calendar-2/moment.latest.min.js HTTP/1.1" 200 61317
[2020-10-12 13:46:12,964] [basehttp.py:154] [basehttp:log_message] [INFO]- "GET /static/js/lib/calendar-2/pignose.calendar.min.js HTTP/1.1" 200 24265
[2020-10-12 13:46:12,974] [basehttp.py:154] [basehttp:log_message] [INFO]- "GET /static/js/lib/calendar-2/pignose.init.js HTTP/1.1" 200 258
[2020-10-12 13:46:12,988] [basehttp.py:154] [basehttp:log_message] [INFO]- "GET /static/js/lib/circle-progress/circle-progress.min.js HTTP/1.1" 200 4453
[2020-10-12 13:46:12,997] [basehttp.py:154] [basehttp:log_message] [INFO]- "GET /static/js/lib/circle-progress/circle-progress-init.js HTTP/1.1" 200 1252
[2020-10-12 13:46:13,018] [basehttp.py:154] [basehttp:log_message] [INFO]- "GET /static/js/lib/sparklinechart/jquery.sparkline.min.js HTTP/1.1" 200 43247
[2020-10-12 13:46:13,031] [basehttp.py:154] [basehttp:log_message] [INFO]- "GET /static/js/lib/sparklinechart/sparkline.init.js HTTP/1.1" 200 9974
[2020-10-12 13:46:13,050] [basehttp.py:154] [basehttp:log_message] [INFO]- "GET /static/js/lib/owl-carousel/owl.carousel.min.js HTTP/1.1" 200 42854
[2020-10-12 13:46:13,062] [basehttp.py:154] [basehttp:log_message] [INFO]- "GET /static/js/lib/owl-carousel/owl.carousel-init.js HTTP/1.1" 200 1044
[2020-10-12 13:46:13,074] [basehttp.py:154] [basehttp:log_message] [INFO]- "GET /static/js/date.js HTTP/1.1" 200 764
[2020-10-12 13:46:13,109] [basehttp.py:154] [basehttp:log_message] [INFO]- "GET /static/vendor/datatables/jquery.dataTables.js HTTP/1.1" 200 447606
[2020-10-12 13:46:13,129] [basehttp.py:154] [basehttp:log_message] [INFO]- "GET /static/js/datapicker.js HTTP/1.1" 200 11813
[2020-10-12 13:46:13,226] [basehttp.py:154] [basehttp:log_message] [INFO]- "GET /static/js/xlsx/xlsx.core.min.js HTTP/1.1" 200 480558
[2020-10-12 13:46:13,251] [basehttp.py:154] [basehttp:log_message] [INFO]- "GET /static/js/xlsx/xlsx.js HTTP/1.1" 200 5900
[2020-10-12 13:46:13,255] [basehttp.py:154] [basehttp:log_message] [INFO]- "GET /static/src/back/001.png HTTP/1.1" 200 2015
[2020-10-12 13:46:13,263] [basehttp.py:154] [basehttp:log_message] [INFO]- "GET /static/src/back/mail.png HTTP/1.1" 200 3002
[2020-10-12 13:46:13,270] [basehttp.py:154] [basehttp:log_message] [INFO]- "GET /static/src/back/call.png HTTP/1.1" 200 1850
[2020-10-12 13:46:13,728] [basehttp.py:154] [basehttp:log_message] [INFO]- "GET /static/src/blue.jpg HTTP/1.1" 200 60343
[2020-10-12 13:46:13,884] [basehttp.py:154] [basehttp:log_message] [INFO]- "GET /static/css/admin/assets/fonts/themify.woff?-fvbane HTTP/1.1" 200 0
[2020-10-12 13:46:13,957] [basehttp.py:154] [basehttp:log_message] [INFO]- "GET /static/css/admin/assets/fonts/themify.ttf?-fvbane HTTP/1.1" 200 0
[2020-10-12 13:46:13,998] [basehttp.py:154] [basehttp:log_message] [INFO]- "GET /static/fonts/themify.woff?-fvbane HTTP/1.1" 200 56108
[2020-10-12 13:46:14,029] [basehttp.py:154] [basehttp:log_message] [INFO]- "GET /favicon.ico HTTP/1.1" 200 17522
[2020-10-12 13:46:23,468] [basehttp.py:154] [basehttp:log_message] [INFO]- "GET /index/ HTTP/1.1" 200 40395
[2020-10-12 13:46:23,507] [basehttp.py:154] [basehttp:log_message] [INFO]- "GET /static/css/home_zerogrid.css HTTP/1.1" 200 4828
[2020-10-12 13:46:23,507] [basehttp.py:154] [basehttp:log_message] [INFO]- "GET /static/css/home_menu.css HTTP/1.1" 200 8211
[2020-10-12 13:46:23,508] [basehttp.py:154] [basehttp:log_message] [INFO]- "GET /static/css/home_style.css HTTP/1.1" 200 23905
[2020-10-12 13:46:23,543] [basehttp.py:154] [basehttp:log_message] [INFO]- "GET /static/js/lib/calendar-2/prism.min.js HTTP/1.1" 200 8822
[2020-10-12 13:46:23,558] [basehttp.py:154] [basehttp:log_message] [INFO]- "GET /static/js/axios.min.js HTTP/1.1" 200 13696
[2020-10-12 13:46:23,569] [basehttp.py:154] [basehttp:log_message] [INFO]- "GET /static/js/qs.js HTTP/1.1" 200 25398
[2020-10-12 13:46:23,587] [basehttp.py:154] [basehttp:log_message] [INFO]- "GET /static/js/vue-router.min.js HTTP/1.1" 200 27792
[2020-10-12 13:46:23,591] [basehttp.py:154] [basehttp:log_message] [INFO]- "GET /static/js/es6/polyfill.min.js HTTP/1.1" 200 97799
[2020-10-12 13:46:23,592] [basehttp.py:154] [basehttp:log_message] [INFO]- "GET /static/js/vue.min.js HTTP/1.1" 200 93675
[2020-10-12 13:46:23,618] [basehttp.py:154] [basehttp:log_message] [INFO]- "GET /static/js/lib/calendar-2/semantic.ui.min.js HTTP/1.1" 200 287763
[2020-10-12 13:46:23,642] [basehttp.py:154] [basehttp:log_message] [INFO]- "GET /static/src/5.jpg HTTP/1.1" 200 28854
[2020-10-12 13:46:23,643] [basehttp.py:154] [basehttp:log_message] [INFO]- "GET /static/src/4.jpg HTTP/1.1" 200 27337
[2020-10-12 13:46:23,646] [basehttp.py:154] [basehttp:log_message] [INFO]- "GET /static/src/3.jpg HTTP/1.1" 200 35728
[2020-10-12 13:46:23,647] [basehttp.py:154] [basehttp:log_message] [INFO]- "GET /static/src/index.jpg HTTP/1.1" 200 146911
[2020-10-12 13:46:23,657] [basehttp.py:154] [basehttp:log_message] [INFO]- "GET /static/src/6.jpg HTTP/1.1" 200 14506
[2020-10-12 13:46:23,662] [basehttp.py:154] [basehttp:log_message] [INFO]- "GET /static/src/8.jpg HTTP/1.1" 200 24687
[2020-10-12 13:46:23,672] [basehttp.py:154] [basehttp:log_message] [INFO]- "GET /static/src/2.jpg HTTP/1.1" 200 47621
[2020-10-12 13:46:23,674] [basehttp.py:154] [basehttp:log_message] [INFO]- "GET /static/src/7.jpg HTTP/1.1" 200 33330
[2020-10-12 13:46:23,676] [basehttp.py:154] [basehttp:log_message] [INFO]- "GET /static/src/1.jpg HTTP/1.1" 200 103270
[2020-10-12 13:46:23,682] [basehttp.py:154] [basehttp:log_message] [INFO]- "GET /index/ HTTP/1.1" 200 40395
[2020-10-12 13:46:23,688] [basehttp.py:154] [basehttp:log_message] [INFO]- "GET /static/src/9.jfif HTTP/1.1" 200 321460
[2020-10-12 13:46:23,690] [basehttp.py:154] [basehttp:log_message] [INFO]- "GET /static/src/gallery_05.jpg HTTP/1.1" 200 68706
[2020-10-12 13:46:23,693] [basehttp.py:154] [basehttp:log_message] [INFO]- "GET /static/src/10.jpg HTTP/1.1" 200 23088
[2020-10-12 13:46:23,694] [basehttp.py:154] [basehttp:log_message] [INFO]- "GET /static/src/timg3.jfif HTTP/1.1" 200 74629
[2020-10-12 13:46:23,760] [basehttp.py:154] [basehttp:log_message] [INFO]- "GET /static/fonts/fontawesome-webfont.woff2?v=4.7.0 HTTP/1.1" 200 77160
[2020-10-12 13:46:23,800] [basehttp.py:154] [basehttp:log_message] [INFO]- "GET /static/js/es6/babel.min.js HTTP/1.1" 200 791258
[2020-10-12 13:46:24,105] [basehttp.py:154] [basehttp:log_message] [INFO]- "GET /favicon.ico HTTP/1.1" 200 17522
[2020-10-12 13:46:25,485] [basehttp.py:154] [basehttp:log_message] [INFO]- "GET /INVGantt/INVGantt-top/ HTTP/1.1" 200 65553
[2020-10-12 13:46:25,510] [basehttp.py:154] [basehttp:log_message] [INFO]- "GET /static/css/index.css HTTP/1.1" 200 232694
[2020-10-12 13:46:25,545] [basehttp.py:154] [basehttp:log_message] [INFO]- "GET /static/js/xlsx/FileSaver.min.js HTTP/1.1" 200 2611
[2020-10-12 13:46:25,643] [basehttp.py:154] [basehttp:log_message] [INFO]- "GET /static/js/Element/index.js HTTP/1.1" 200 563790
[2020-10-12 13:46:25,707] [basehttp.py:154] [basehttp:log_message] [INFO]- "GET /static/js/echart/echart.js HTTP/1.1" 200 771071
[2020-10-12 13:46:26,340] [basehttp.py:154] [basehttp:log_message] [INFO]- "GET /static/css/fonts/element-icons.woff HTTP/1.1" 200 28200
[2020-10-12 13:46:26,385] [basehttp.py:154] [basehttp:log_message] [INFO]- "GET /favicon.ico HTTP/1.1" 200 17522
[2020-10-12 13:46:26,716] [basehttp.py:154] [basehttp:log_message] [INFO]- "POST /INVGantt/INVGantt-top/ HTTP/1.1" 200 5712
[2020-10-12 15:11:31,431] [basehttp.py:154] [basehttp:log_message] [INFO]- "GET /INVGantt/INVGantt-search/ HTTP/1.1" 200 41711
[2020-10-12 15:11:31,478] [basehttp.py:154] [basehttp:log_message] [INFO]- "GET /static/src/cqmspec.png HTTP/1.1" 200 9675
[2020-10-12 15:11:31,965] [basehttp.py:154] [basehttp:log_message] [INFO]- "POST /INVGantt/INVGantt-search/ HTTP/1.1" 200 7386
[2020-10-12 15:11:32,024] [basehttp.py:154] [basehttp:log_message] [INFO]- "GET /favicon.ico HTTP/1.1" 200 17522
[2020-10-12 15:11:41,233] [basehttp.py:154] [basehttp:log_message] [INFO]- "POST /INVGantt/INVGantt-search/ HTTP/1.1" 200 10310
[2020-10-12 15:13:14,025] [basehttp.py:154] [basehttp:log_message] [INFO]- "GET /INVGantt/INVGantt-top/ HTTP/1.1" 200 65553
[2020-10-12 15:13:14,581] [basehttp.py:154] [basehttp:log_message] [INFO]- "GET /favicon.ico HTTP/1.1" 200 17522
[2020-10-12 15:13:14,944] [basehttp.py:154] [basehttp:log_message] [INFO]- "POST /INVGantt/INVGantt-top/ HTTP/1.1" 200 5712
