[2023-01-31 13:39:49,567] [basehttp.py:154] [basehttp:log_message] [INFO]- "GET / HTTP/1.1" 302 0
[2023-01-31 13:39:49,581] [basehttp.py:154] [basehttp:log_message] [INFO]- "GET / HTTP/1.1" 302 0
[2023-01-31 13:39:49,594] [basehttp.py:154] [basehttp:log_message] [INFO]- "GET /login/ HTTP/1.1" 200 4677
[2023-01-31 13:39:49,598] [basehttp.py:154] [basehttp:log_message] [INFO]- "GET /login/ HTTP/1.1" 200 4677
[2023-01-31 13:39:49,611] [basehttp.py:154] [basehttp:log_message] [INFO]- "GET /static/vendor/jquery-easing/jquery.easing.min.js HTTP/1.1" 304 0
[2023-01-31 13:39:49,619] [basehttp.py:154] [basehttp:log_message] [INFO]- "GET /static/css/bootstrap.min.css HTTP/1.1" 304 0
[2023-01-31 13:39:49,619] [basehttp.py:154] [basehttp:log_message] [INFO]- "GET /static/vendor/fontawesome-free/css/all.min.css HTTP/1.1" 304 0
[2023-01-31 13:39:49,624] [basehttp.py:154] [basehttp:log_message] [INFO]- "GET /static/css/sb-admin.css HTTP/1.1" 304 0
[2023-01-31 13:39:49,627] [basehttp.py:154] [basehttp:log_message] [INFO]- "GET /static/css/test1.css HTTP/1.1" 304 0
[2023-01-31 13:39:49,628] [basehttp.py:154] [basehttp:log_message] [INFO]- "GET /static/vendor/jquery/jquery.min.js HTTP/1.1" 304 0
[2023-01-31 13:39:49,637] [basehttp.py:154] [basehttp:log_message] [INFO]- "GET /static/vendor/bootstrap/js/bootstrap.bundle.min.js HTTP/1.1" 304 0
[2023-01-31 13:39:49,704] [basehttp.py:154] [basehttp:log_message] [INFO]- "GET /static/src/ocean.jpg HTTP/1.1" 304 0
[2023-01-31 13:39:49,771] [basehttp.py:154] [basehttp:log_message] [INFO]- "GET /favicon.ico HTTP/1.1" 302 0
[2023-01-31 13:39:49,778] [basehttp.py:154] [basehttp:log_message] [INFO]- "GET /login/ HTTP/1.1" 200 4677
[2023-01-31 13:39:49,994] [basehttp.py:154] [basehttp:log_message] [INFO]- "GET /favicon.ico HTTP/1.1" 302 0
[2023-01-31 13:39:49,997] [basehttp.py:154] [basehttp:log_message] [INFO]- "GET /login/ HTTP/1.1" 200 4677
[2023-01-31 13:39:54,558] [UserIP.py:90] [UserIP:process_response] [INFO]- 2023-01-31 13:39:54 C1010S3>Edwin None>LAPTOP-1EJQO0D7>311 127.0.0.1 127.0.0.1 /login/ POST
[2023-01-31 13:39:54,572] [basehttp.py:154] [basehttp:log_message] [INFO]- "POST /login/ HTTP/1.1" 302 0
[2023-01-31 13:39:54,730] [basehttp.py:154] [basehttp:log_message] [INFO]- "GET /index/ HTTP/1.1" 200 47664
[2023-01-31 13:40:09,856] [basehttp.py:154] [basehttp:log_message] [INFO]- "GET /static/download_UPK/element-ui@2.12.0/lib/theme-chalk/index.css HTTP/1.1" 304 0
[2023-01-31 13:40:09,862] [basehttp.py:154] [basehttp:log_message] [INFO]- "GET /static/css/lib/font-awesome.min.css HTTP/1.1" 304 0
[2023-01-31 13:40:09,863] [basehttp.py:154] [basehttp:log_message] [INFO]- "GET /static/css/lib/calendar2/pignose.calendar.min.css HTTP/1.1" 304 0
[2023-01-31 13:40:09,864] [basehttp.py:154] [basehttp:log_message] [INFO]- "GET /static/css/lib/chartist/chartist.min.css HTTP/1.1" 304 0
[2023-01-31 13:40:09,864] [basehttp.py:154] [basehttp:log_message] [INFO]- "GET /static/css/lib/themify-icons.css HTTP/1.1" 304 0
[2023-01-31 13:40:09,864] [basehttp.py:154] [basehttp:log_message] [INFO]- "GET /static/css/lib/owl.carousel.min.css HTTP/1.1" 304 0
[2023-01-31 13:40:09,866] [basehttp.py:154] [basehttp:log_message] [INFO]- "GET /static/css/lib/owl.theme.default.min.css HTTP/1.1" 304 0
[2023-01-31 13:40:09,867] [basehttp.py:154] [basehttp:log_message] [INFO]- "GET /static/css/lib/weather-icons.css HTTP/1.1" 304 0
[2023-01-31 13:40:09,868] [basehttp.py:154] [basehttp:log_message] [INFO]- "GET /static/node_modules/bootstrap-icons/font/bootstrap-icons.css HTTP/1.1" 304 0
[2023-01-31 13:40:09,868] [basehttp.py:154] [basehttp:log_message] [INFO]- "GET /static/css/lib/menubar/sidebar.css HTTP/1.1" 304 0
[2023-01-31 13:40:09,868] [basehttp.py:154] [basehttp:log_message] [INFO]- "GET /static/css/style.css HTTP/1.1" 304 0
[2023-01-31 13:40:09,868] [basehttp.py:154] [basehttp:log_message] [INFO]- "GET /static/css/lib/helper.css HTTP/1.1" 304 0
[2023-01-31 13:40:09,875] [basehttp.py:154] [basehttp:log_message] [INFO]- "GET /static/css/home_zerogrid.css HTTP/1.1" 304 0
[2023-01-31 13:40:09,876] [basehttp.py:154] [basehttp:log_message] [INFO]- "GET /static/css/uploadbutton.css HTTP/1.1" 304 0
[2023-01-31 13:40:09,876] [basehttp.py:154] [basehttp:log_message] [INFO]- "GET /static/css/home_style.css HTTP/1.1" 304 0
[2023-01-31 13:40:09,881] [basehttp.py:154] [basehttp:log_message] [INFO]- "GET /static/css/home_menu.css HTTP/1.1" 304 0
[2023-01-31 13:40:09,882] [basehttp.py:154] [basehttp:log_message] [INFO]- "GET /static/js/lib/jquery.min.js HTTP/1.1" 304 0
[2023-01-31 13:40:09,898] [basehttp.py:154] [basehttp:log_message] [INFO]- "GET /static/js/scripts.js HTTP/1.1" 304 0
[2023-01-31 13:40:09,898] [basehttp.py:154] [basehttp:log_message] [INFO]- "GET /static/js/lib/bootstrap.min.js HTTP/1.1" 304 0
[2023-01-31 13:40:09,898] [basehttp.py:154] [basehttp:log_message] [INFO]- "GET /static/js/lib/calendar-2/moment.latest.min.js HTTP/1.1" 304 0
[2023-01-31 13:40:09,898] [basehttp.py:154] [basehttp:log_message] [INFO]- "GET /static/js/lib/menubar/sidebar.js HTTP/1.1" 304 0
[2023-01-31 13:40:09,898] [basehttp.py:154] [basehttp:log_message] [INFO]- "GET /static/js/lib/preloader/pace.min.js HTTP/1.1" 304 0
[2023-01-31 13:40:09,898] [basehttp.py:154] [basehttp:log_message] [INFO]- "GET /static/js/lib/jquery.nanoscroller.min.js HTTP/1.1" 304 0
[2023-01-31 13:40:09,905] [basehttp.py:154] [basehttp:log_message] [INFO]- "GET /static/js/lib/calendar-2/pignose.calendar.min.js HTTP/1.1" 304 0
[2023-01-31 13:40:09,910] [basehttp.py:154] [basehttp:log_message] [INFO]- "GET /static/js/lib/calendar-2/pignose.init.js HTTP/1.1" 304 0
[2023-01-31 13:40:09,910] [basehttp.py:154] [basehttp:log_message] [INFO]- "GET /static/js/lib/sparklinechart/jquery.sparkline.min.js HTTP/1.1" 304 0
[2023-01-31 13:40:09,910] [basehttp.py:154] [basehttp:log_message] [INFO]- "GET /static/js/lib/sparklinechart/sparkline.init.js HTTP/1.1" 304 0
[2023-01-31 13:40:09,910] [basehttp.py:154] [basehttp:log_message] [INFO]- "GET /static/js/lib/circle-progress/circle-progress.min.js HTTP/1.1" 304 0
[2023-01-31 13:40:09,911] [basehttp.py:154] [basehttp:log_message] [INFO]- "GET /static/js/lib/circle-progress/circle-progress-init.js HTTP/1.1" 304 0
[2023-01-31 13:40:09,917] [basehttp.py:154] [basehttp:log_message] [INFO]- "GET /static/js/date.js HTTP/1.1" 304 0
[2023-01-31 13:40:09,918] [basehttp.py:154] [basehttp:log_message] [INFO]- "GET /static/js/xlsx/xlsx.core.min.js HTTP/1.1" 304 0
[2023-01-31 13:40:09,918] [basehttp.py:154] [basehttp:log_message] [INFO]- "GET /static/js/lib/owl-carousel/owl.carousel-init.js HTTP/1.1" 304 0
[2023-01-31 13:40:09,918] [basehttp.py:154] [basehttp:log_message] [INFO]- "GET /static/js/lib/owl-carousel/owl.carousel.min.js HTTP/1.1" 304 0
[2023-01-31 13:40:09,919] [basehttp.py:154] [basehttp:log_message] [INFO]- "GET /static/js/datapicker.js HTTP/1.1" 304 0
[2023-01-31 13:40:09,919] [basehttp.py:154] [basehttp:log_message] [INFO]- "GET /static/vendor/datatables/jquery.dataTables.js HTTP/1.1" 304 0
[2023-01-31 13:40:09,932] [basehttp.py:154] [basehttp:log_message] [INFO]- "GET /static/js/lib/calendar-2/semantic.ui.min.js HTTP/1.1" 304 0
[2023-01-31 13:40:09,932] [basehttp.py:154] [basehttp:log_message] [INFO]- "GET /static/js/lib/calendar-2/prism.min.js HTTP/1.1" 304 0
[2023-01-31 13:40:09,932] [basehttp.py:154] [basehttp:log_message] [INFO]- "GET /static/js/es6/polyfill.min.js HTTP/1.1" 304 0
[2023-01-31 13:40:09,933] [basehttp.py:154] [basehttp:log_message] [INFO]- "GET /static/js/es6/babel.min.js HTTP/1.1" 304 0
[2023-01-31 13:40:09,938] [basehttp.py:154] [basehttp:log_message] [INFO]- "GET /static/js/axios.min.js HTTP/1.1" 304 0
[2023-01-31 13:40:09,939] [basehttp.py:154] [basehttp:log_message] [INFO]- "GET /static/js/vue.min.js HTTP/1.1" 304 0
[2023-01-31 13:40:09,939] [basehttp.py:154] [basehttp:log_message] [INFO]- "GET /static/js/Element/table.js HTTP/1.1" 304 0
[2023-01-31 13:40:09,940] [basehttp.py:154] [basehttp:log_message] [INFO]- "GET /static/js/qs.js HTTP/1.1" 304 0
[2023-01-31 13:40:09,942] [basehttp.py:154] [basehttp:log_message] [INFO]- "GET /static/js/Element/main.js HTTP/1.1" 304 0
[2023-01-31 13:40:09,953] [basehttp.py:154] [basehttp:log_message] [INFO]- "GET /static/js/Element/input.js HTTP/1.1" 304 0
[2023-01-31 13:40:09,956] [basehttp.py:154] [basehttp:log_message] [INFO]- "GET /static/js/Element/index.js HTTP/1.1" 304 0
[2023-01-31 13:40:09,958] [basehttp.py:154] [basehttp:log_message] [INFO]- "GET /static/js/Element/icon.js HTTP/1.1" 304 0
[2023-01-31 13:40:09,960] [basehttp.py:154] [basehttp:log_message] [INFO]- "GET /static/js/Element/table-column.js HTTP/1.1" 304 0
[2023-01-31 13:40:09,960] [basehttp.py:154] [basehttp:log_message] [INFO]- "GET /static/js/Element/image.js HTTP/1.1" 304 0
[2023-01-31 13:40:09,963] [basehttp.py:154] [basehttp:log_message] [INFO]- "GET /static/js/Element/message.js HTTP/1.1" 304 0
[2023-01-31 13:40:09,969] [basehttp.py:154] [basehttp:log_message] [INFO]- "GET /static/js/xlsx/xlsx.js HTTP/1.1" 304 0
[2023-01-31 13:40:09,971] [basehttp.py:154] [basehttp:log_message] [INFO]- "GET /static/src/back/001.png HTTP/1.1" 304 0
[2023-01-31 13:40:09,973] [basehttp.py:154] [basehttp:log_message] [INFO]- "GET /static/src/back/mail.png HTTP/1.1" 304 0
[2023-01-31 13:40:09,978] [basehttp.py:154] [basehttp:log_message] [INFO]- "GET /static/src/back/call.png HTTP/1.1" 304 0
[2023-01-31 13:40:09,981] [basehttp.py:154] [basehttp:log_message] [INFO]- "GET /static/src/index.jpg HTTP/1.1" 304 0
[2023-01-31 13:40:09,988] [basehttp.py:154] [basehttp:log_message] [INFO]- "GET /static/src/3.jpg HTTP/1.1" 304 0
[2023-01-31 13:40:10,054] [basehttp.py:154] [basehttp:log_message] [INFO]- "GET /static/src/timg.jfif HTTP/1.1" 304 0
[2023-01-31 13:40:10,054] [basehttp.py:154] [basehttp:log_message] [INFO]- "GET /static/src/gallery_05.jpg HTTP/1.1" 304 0
[2023-01-31 13:40:10,054] [basehttp.py:154] [basehttp:log_message] [INFO]- "GET /static/src/9.jfif HTTP/1.1" 304 0
[2023-01-31 13:40:10,054] [basehttp.py:154] [basehttp:log_message] [INFO]- "GET /static/src/1.jpg HTTP/1.1" 304 0
[2023-01-31 13:40:10,055] [basehttp.py:154] [basehttp:log_message] [INFO]- "GET /static/src/6.jpg HTTP/1.1" 304 0
[2023-01-31 13:40:10,161] [basehttp.py:154] [basehttp:log_message] [INFO]- "GET /index/ HTTP/1.1" 200 47664
[2023-01-31 13:40:10,233] [basehttp.py:154] [basehttp:log_message] [INFO]- "GET /static/src/5.jpg HTTP/1.1" 304 0
[2023-01-31 13:40:10,233] [basehttp.py:154] [basehttp:log_message] [INFO]- "GET /static/src/timg3.jfif HTTP/1.1" 304 0
[2023-01-31 13:40:10,236] [basehttp.py:154] [basehttp:log_message] [INFO]- "GET /static/src/2.jpg HTTP/1.1" 304 0
[2023-01-31 13:40:10,236] [basehttp.py:154] [basehttp:log_message] [INFO]- "GET /static/src/7.jpg HTTP/1.1" 304 0
[2023-01-31 13:40:10,237] [basehttp.py:154] [basehttp:log_message] [INFO]- "GET /static/src/4.jpg HTTP/1.1" 304 0
[2023-01-31 13:40:10,243] [basehttp.py:154] [basehttp:log_message] [INFO]- "GET /static/css/admin/assets/fonts/themify.woff?-fvbane HTTP/1.1" 304 0
[2023-01-31 13:40:10,247] [basehttp.py:154] [basehttp:log_message] [INFO]- "GET /static/node_modules/bootstrap-icons/font/fonts/bootstrap-icons.woff2?30af91bf14e37666a085fb8a161ff36d HTTP/1.1" 304 0
[2023-01-31 13:40:10,247] [basehttp.py:154] [basehttp:log_message] [INFO]- "GET /static/src/8.jpg HTTP/1.1" 304 0
[2023-01-31 13:40:10,247] [basehttp.py:154] [basehttp:log_message] [INFO]- "GET /static/fonts/fontawesome-webfont.woff2?v=4.7.0 HTTP/1.1" 304 0
[2023-01-31 13:40:10,247] [basehttp.py:154] [basehttp:log_message] [INFO]- "GET /static/src/10.jpg HTTP/1.1" 304 0
[2023-01-31 13:40:10,389] [basehttp.py:154] [basehttp:log_message] [INFO]- "GET /static/css/admin/assets/fonts/themify.ttf?-fvbane HTTP/1.1" 304 0
[2023-01-31 13:40:10,404] [basehttp.py:154] [basehttp:log_message] [INFO]- "GET /static/fonts/themify.woff?-fvbane HTTP/1.1" 304 0
[2023-01-31 13:40:10,415] [basehttp.py:154] [basehttp:log_message] [INFO]- "GET /favicon.ico HTTP/1.1" 200 22933
[2023-01-31 13:40:12,076] [basehttp.py:154] [basehttp:log_message] [INFO]- "GET /admin/ HTTP/1.1" 302 0
[2023-01-31 13:40:12,096] [basehttp.py:154] [basehttp:log_message] [INFO]- "GET /admin/login/?next=/admin/ HTTP/1.1" 200 4026
[2023-01-31 13:40:12,270] [basehttp.py:154] [basehttp:log_message] [INFO]- "GET /favicon.ico HTTP/1.1" 200 22933
[2023-01-31 13:40:15,218] [UserIP.py:90] [UserIP:process_response] [INFO]- 2023-01-31 13:40:15 C1010S3>Edwin None>LAPTOP-1EJQO0D7>311 127.0.0.1 127.0.0.1 /admin/login/ POST
[2023-01-31 13:40:15,222] [basehttp.py:154] [basehttp:log_message] [INFO]- "POST /admin/login/?next=/admin/ HTTP/1.1" 302 0
[2023-01-31 13:40:15,568] [basehttp.py:154] [basehttp:log_message] [INFO]- "GET /admin/ HTTP/1.1" 200 42041
[2023-01-31 13:40:15,832] [basehttp.py:154] [basehttp:log_message] [INFO]- "GET /favicon.ico HTTP/1.1" 200 22933
[2023-01-31 13:40:19,293] [basehttp.py:154] [basehttp:log_message] [INFO]- "GET /favicon.ico HTTP/1.1" 200 22933
[2023-01-31 13:40:19,432] [basehttp.py:154] [basehttp:log_message] [INFO]- "GET /admin/app01/userinfo/ HTTP/1.1" 200 113213
[2023-01-31 13:40:19,447] [basehttp.py:154] [basehttp:log_message] [INFO]- "GET /static/admin/css/base.css?_=2.7 HTTP/1.1" 304 0
[2023-01-31 13:40:19,450] [basehttp.py:154] [basehttp:log_message] [INFO]- "GET /static/admin/css/changelists.css?_=20180905 HTTP/1.1" 304 0
[2023-01-31 13:40:19,450] [basehttp.py:154] [basehttp:log_message] [INFO]- "GET /static/admin/js/jquery.init.js HTTP/1.1" 304 0
[2023-01-31 13:40:19,450] [basehttp.py:154] [basehttp:log_message] [INFO]- "GET /static/admin/js/vendor/jquery/jquery.js HTTP/1.1" 304 0
[2023-01-31 13:40:19,451] [basehttp.py:154] [basehttp:log_message] [INFO]- "GET /static/admin/js/core.js HTTP/1.1" 304 0
[2023-01-31 13:40:19,453] [basehttp.py:154] [basehttp:log_message] [INFO]- "GET /static/admin/css/responsive.css?_=20180905 HTTP/1.1" 304 0
[2023-01-31 13:40:19,457] [basehttp.py:154] [basehttp:log_message] [INFO]- "GET /static/admin/js/admin/RelatedObjectLookups.js HTTP/1.1" 304 0
[2023-01-31 13:40:19,457] [basehttp.py:154] [basehttp:log_message] [INFO]- "GET /static/admin/js/urlify.js HTTP/1.1" 304 0
[2023-01-31 13:40:19,458] [basehttp.py:154] [basehttp:log_message] [INFO]- "GET /static/admin/js/actions.js HTTP/1.1" 304 0
[2023-01-31 13:40:19,458] [basehttp.py:154] [basehttp:log_message] [INFO]- "GET /static/admin/js/prepopulate.js HTTP/1.1" 304 0
[2023-01-31 13:40:19,461] [basehttp.py:154] [basehttp:log_message] [INFO]- "GET /static/admin/js/vendor/xregexp/xregexp.js HTTP/1.1" 304 0
[2023-01-31 13:40:19,462] [basehttp.py:154] [basehttp:log_message] [INFO]- "GET /static/admin/js/vendor/jquery/jquery.min.js HTTP/1.1" 304 0
[2023-01-31 13:40:19,466] [basehttp.py:154] [basehttp:log_message] [INFO]- "GET /static/admin/css/fonts.css HTTP/1.1" 304 0
[2023-01-31 13:40:19,481] [basehttp.py:154] [basehttp:log_message] [INFO]- "GET /admin/jsi18n/ HTTP/1.1" 200 7684
[2023-01-31 13:40:19,574] [basehttp.py:154] [basehttp:log_message] [INFO]- "GET /static/admin/fonts/Roboto-Regular-webfont.woff HTTP/1.1" 304 0
[2023-01-31 13:40:19,585] [basehttp.py:154] [basehttp:log_message] [INFO]- "GET /static/admin/img/sorting-icons.svg HTTP/1.1" 304 0
[2023-01-31 13:40:19,634] [basehttp.py:154] [basehttp:log_message] [INFO]- "GET /static/admin/fonts/Roboto-Light-webfont.woff HTTP/1.1" 304 0
[2023-01-31 13:40:19,634] [basehttp.py:154] [basehttp:log_message] [INFO]- "GET /static/admin/fonts/Roboto-Bold-webfont.woff HTTP/1.1" 304 0
[2023-01-31 13:40:23,049] [basehttp.py:154] [basehttp:log_message] [INFO]- "GET /admin/app01/userinfo/2/change/ HTTP/1.1" 200 20857
[2023-01-31 13:40:23,066] [basehttp.py:154] [basehttp:log_message] [INFO]- "GET /static/admin/css/forms.css HTTP/1.1" 304 0
[2023-01-31 13:40:23,067] [basehttp.py:154] [basehttp:log_message] [INFO]- "GET /static/admin/js/SelectBox.js HTTP/1.1" 304 0
[2023-01-31 13:40:23,067] [basehttp.py:154] [basehttp:log_message] [INFO]- "GET /static/admin/js/SelectFilter2.js HTTP/1.1" 304 0
[2023-01-31 13:40:23,083] [basehttp.py:154] [basehttp:log_message] [INFO]- "GET /static/admin/css/widgets.css HTTP/1.1" 304 0
[2023-01-31 13:40:23,086] [basehttp.py:154] [basehttp:log_message] [INFO]- "GET /static/admin/js/change_form.js HTTP/1.1" 304 0
[2023-01-31 13:40:23,090] [basehttp.py:154] [basehttp:log_message] [INFO]- "GET /static/admin/js/prepopulate_init.js HTTP/1.1" 304 0
[2023-01-31 13:40:23,091] [basehttp.py:154] [basehttp:log_message] [INFO]- "GET /admin/jsi18n/ HTTP/1.1" 200 7684
[2023-01-31 13:40:23,094] [basehttp.py:154] [basehttp:log_message] [INFO]- "GET /static/admin/img/icon-addlink.svg HTTP/1.1" 304 0
[2023-01-31 13:40:23,137] [basehttp.py:154] [basehttp:log_message] [INFO]- "GET /static/admin/img/search.svg HTTP/1.1" 304 0
[2023-01-31 13:40:23,138] [basehttp.py:154] [basehttp:log_message] [INFO]- "GET /static/admin/img/icon-unknown.svg HTTP/1.1" 304 0
[2023-01-31 13:40:23,141] [basehttp.py:154] [basehttp:log_message] [INFO]- "GET /static/admin/img/icon-unknown-alt.svg HTTP/1.1" 304 0
[2023-01-31 13:40:23,141] [basehttp.py:154] [basehttp:log_message] [INFO]- "GET /static/admin/img/selector-icons.svg HTTP/1.1" 304 0
[2023-01-31 13:40:29,174] [basehttp.py:154] [basehttp:log_message] [INFO]- "GET /admin/app01/userinfo/ HTTP/1.1" 200 113213
[2023-01-31 13:40:37,685] [basehttp.py:154] [basehttp:log_message] [INFO]- "GET /admin/app01/userinfo/25/change/ HTTP/1.1" 200 20853
[2023-01-31 13:40:37,706] [basehttp.py:154] [basehttp:log_message] [INFO]- "GET /admin/jsi18n/ HTTP/1.1" 200 7684
[2023-01-31 13:40:40,243] [basehttp.py:154] [basehttp:log_message] [INFO]- "GET /admin/app01/userinfo/ HTTP/1.1" 200 113213
[2023-01-31 13:40:43,954] [basehttp.py:154] [basehttp:log_message] [INFO]- "GET /admin/app01/userinfo/2/change/ HTTP/1.1" 200 20857
[2023-01-31 13:40:44,001] [basehttp.py:154] [basehttp:log_message] [INFO]- "GET /admin/jsi18n/ HTTP/1.1" 200 7684
[2023-01-31 13:40:53,385] [UserIP.py:90] [UserIP:process_response] [INFO]- 2023-01-31 13:40:53 C1010S3>Edwin None>LAPTOP-1EJQO0D7>311 127.0.0.1 127.0.0.1 /admin/app01/userinfo/2/change/ POST
[2023-01-31 13:40:53,393] [basehttp.py:154] [basehttp:log_message] [INFO]- "POST /admin/app01/userinfo/2/change/ HTTP/1.1" 302 0
[2023-01-31 13:40:53,753] [basehttp.py:154] [basehttp:log_message] [INFO]- "GET /admin/app01/userinfo/ HTTP/1.1" 200 113339
[2023-01-31 13:40:53,792] [basehttp.py:154] [basehttp:log_message] [INFO]- "GET /admin/jsi18n/ HTTP/1.1" 200 7684
[2023-01-31 13:41:06,737] [basehttp.py:154] [basehttp:log_message] [INFO]- "GET / HTTP/1.1" 200 22933
[2023-01-31 13:41:06,802] [basehttp.py:154] [basehttp:log_message] [INFO]- "GET /static/src/blue.jpg HTTP/1.1" 304 0
[2023-01-31 13:41:07,066] [basehttp.py:154] [basehttp:log_message] [INFO]- "GET /favicon.ico HTTP/1.1" 200 22933
[2023-01-31 13:41:14,479] [basehttp.py:154] [basehttp:log_message] [INFO]- "GET /MQM/MQM_search/ HTTP/1.1" 200 50888
[2023-01-31 13:41:14,511] [basehttp.py:154] [basehttp:log_message] [INFO]- "GET /static/css/index.css HTTP/1.1" 304 0
[2023-01-31 13:41:14,530] [basehttp.py:154] [basehttp:log_message] [INFO]- "GET /static/js/xlsx/FileSaver.min.js HTTP/1.1" 304 0
[2023-01-31 13:41:14,532] [basehttp.py:154] [basehttp:log_message] [INFO]- "GET /static/images/spec.png HTTP/1.1" 304 0
[2023-01-31 13:41:15,255] [basehttp.py:154] [basehttp:log_message] [INFO]- "GET /static/css/fonts/element-icons.woff HTTP/1.1" 304 0
[2023-01-31 13:41:15,306] [basehttp.py:154] [basehttp:log_message] [INFO]- "GET /favicon.ico HTTP/1.1" 200 22933
[2023-01-31 13:41:15,398] [UserIP.py:90] [UserIP:process_response] [INFO]- 2023-01-31 13:41:15 C1010S3>Edwin None>LAPTOP-1EJQO0D7>311 127.0.0.1 127.0.0.1 /MQM/MQM_search/ POST
[2023-01-31 13:41:15,410] [basehttp.py:154] [basehttp:log_message] [INFO]- "POST /MQM/MQM_search/ HTTP/1.1" 200 28463
[2023-01-31 13:41:24,177] [UserIP.py:90] [UserIP:process_response] [INFO]- 2023-01-31 13:41:24 C1010S3>Edwin None>LAPTOP-1EJQO0D7>311 127.0.0.1 127.0.0.1 /MQM/MQM_search/ POST
[2023-01-31 13:41:24,190] [basehttp.py:154] [basehttp:log_message] [INFO]- "POST /MQM/MQM_search/ HTTP/1.1" 200 101580
[2023-01-31 13:41:49,463] [basehttp.py:154] [basehttp:log_message] [INFO]- "GET /MQM/MQM_edit/ HTTP/1.1" 200 75064
[2023-01-31 13:41:50,309] [UserIP.py:90] [UserIP:process_response] [INFO]- 2023-01-31 13:41:50 C1010S3>Edwin None>LAPTOP-1EJQO0D7>311 127.0.0.1 127.0.0.1 /MQM/MQM_edit/ POST
[2023-01-31 13:41:50,333] [basehttp.py:154] [basehttp:log_message] [INFO]- "POST /MQM/MQM_edit/ HTTP/1.1" 200 640
[2023-01-31 13:41:50,367] [basehttp.py:154] [basehttp:log_message] [INFO]- "GET /favicon.ico HTTP/1.1" 200 22933
[2023-01-31 13:41:58,596] [basehttp.py:154] [basehttp:log_message] [INFO]- "GET /CQM/CQM_search/ HTTP/1.1" 200 51751
[2023-01-31 13:41:58,622] [basehttp.py:154] [basehttp:log_message] [INFO]- "GET /static/src/cqmspec.png HTTP/1.1" 304 0
[2023-01-31 13:41:59,144] [UserIP.py:90] [UserIP:process_response] [INFO]- 2023-01-31 13:41:59 C1010S3>Edwin None>LAPTOP-1EJQO0D7>311 127.0.0.1 127.0.0.1 /CQM/CQM_search/ POST
[2023-01-31 13:41:59,212] [basehttp.py:154] [basehttp:log_message] [INFO]- "POST /CQM/CQM_search/ HTTP/1.1" 200 35946
[2023-01-31 13:41:59,256] [basehttp.py:154] [basehttp:log_message] [INFO]- "GET /favicon.ico HTTP/1.1" 200 22933
[2023-01-31 13:42:04,364] [UserIP.py:90] [UserIP:process_response] [INFO]- 2023-01-31 13:42:04 C1010S3>Edwin None>LAPTOP-1EJQO0D7>311 127.0.0.1 127.0.0.1 /CQM/CQM_search/ POST
[2023-01-31 13:42:04,376] [basehttp.py:154] [basehttp:log_message] [INFO]- "POST /CQM/CQM_search/ HTTP/1.1" 200 50820
[2023-01-31 13:42:39,209] [basehttp.py:154] [basehttp:log_message] [INFO]- "GET /logout/ HTTP/1.1" 302 0
[2023-01-31 13:42:39,216] [basehttp.py:154] [basehttp:log_message] [INFO]- "GET /login/ HTTP/1.1" 200 4677
[2023-01-31 13:42:39,283] [basehttp.py:154] [basehttp:log_message] [INFO]- "GET /favicon.ico HTTP/1.1" 302 0
[2023-01-31 13:42:39,290] [basehttp.py:154] [basehttp:log_message] [INFO]- "GET /login/ HTTP/1.1" 200 4677
[2023-01-31 13:42:51,723] [UserIP.py:90] [UserIP:process_response] [INFO]- 2023-01-31 13:42:51 RD>R&D None>LAPTOP-1EJQO0D7>311 127.0.0.1 127.0.0.1 /login/ POST
[2023-01-31 13:42:51,735] [basehttp.py:154] [basehttp:log_message] [INFO]- "POST /login/ HTTP/1.1" 302 0
[2023-01-31 13:42:51,823] [basehttp.py:154] [basehttp:log_message] [INFO]- "GET /index/ HTTP/1.1" 200 47666
[2023-01-31 13:42:51,916] [basehttp.py:154] [basehttp:log_message] [INFO]- "GET /index/ HTTP/1.1" 200 47666
[2023-01-31 13:42:52,247] [basehttp.py:154] [basehttp:log_message] [INFO]- "GET /favicon.ico HTTP/1.1" 200 22937
[2023-01-31 13:42:57,910] [basehttp.py:154] [basehttp:log_message] [INFO]- "GET /CQM/CQM_search/ HTTP/1.1" 200 51755
[2023-01-31 13:42:58,600] [UserIP.py:90] [UserIP:process_response] [INFO]- 2023-01-31 13:42:58 RD>R&D None>LAPTOP-1EJQO0D7>311 127.0.0.1 127.0.0.1 /CQM/CQM_search/ POST
[2023-01-31 13:42:58,622] [basehttp.py:154] [basehttp:log_message] [INFO]- "POST /CQM/CQM_search/ HTTP/1.1" 200 35946
[2023-01-31 13:42:58,627] [basehttp.py:154] [basehttp:log_message] [INFO]- "GET /favicon.ico HTTP/1.1" 200 22937
[2023-01-31 13:43:06,468] [UserIP.py:90] [UserIP:process_response] [INFO]- 2023-01-31 13:43:06 RD>R&D None>LAPTOP-1EJQO0D7>311 127.0.0.1 127.0.0.1 /CQM/CQM_search/ POST
[2023-01-31 13:43:06,475] [basehttp.py:154] [basehttp:log_message] [INFO]- "POST /CQM/CQM_search/ HTTP/1.1" 200 50820
[2023-01-31 13:43:20,722] [basehttp.py:154] [basehttp:log_message] [INFO]- "GET /MQM/MQM_search/ HTTP/1.1" 200 50892
[2023-01-31 13:43:21,167] [basehttp.py:154] [basehttp:log_message] [INFO]- "GET /favicon.ico HTTP/1.1" 200 22937
[2023-01-31 13:43:21,216] [UserIP.py:90] [UserIP:process_response] [INFO]- 2023-01-31 13:43:21 RD>R&D None>LAPTOP-1EJQO0D7>311 127.0.0.1 127.0.0.1 /MQM/MQM_search/ POST
[2023-01-31 13:43:21,220] [basehttp.py:154] [basehttp:log_message] [INFO]- "POST /MQM/MQM_search/ HTTP/1.1" 200 28463
[2023-01-31 13:43:26,384] [UserIP.py:90] [UserIP:process_response] [INFO]- 2023-01-31 13:43:26 RD>R&D None>LAPTOP-1EJQO0D7>311 127.0.0.1 127.0.0.1 /MQM/MQM_search/ POST
[2023-01-31 13:43:26,393] [basehttp.py:154] [basehttp:log_message] [INFO]- "POST /MQM/MQM_search/ HTTP/1.1" 200 97916
