[2023-12-27 08:47:37,886] [basehttp.py:154] [basehttp:log_message] [INFO]- "GET /admin/ HTTP/1.1" 302 0
[2023-12-27 08:47:37,892] [basehttp.py:154] [basehttp:log_message] [INFO]- "GET / HTTP/1.1" 302 0
[2023-12-27 08:47:37,903] [basehttp.py:154] [basehttp:log_message] [INFO]- "GET /login/ HTTP/1.1" 200 4735
[2023-12-27 08:47:37,909] [basehttp.py:154] [basehttp:log_message] [INFO]- "GET /admin/login/?next=/admin/ HTTP/1.1" 200 4026
[2023-12-27 08:47:37,957] [basehttp.py:154] [basehttp:log_message] [INFO]- "GET /favicon.ico HTTP/1.1" 302 0
[2023-12-27 08:47:37,960] [basehttp.py:154] [basehttp:log_message] [INFO]- "GET /login/ HTTP/1.1" 200 4735
[2023-12-27 08:47:38,022] [basehttp.py:154] [basehttp:log_message] [INFO]- "GET /favicon.ico HTTP/1.1" 302 0
[2023-12-27 08:47:38,025] [basehttp.py:154] [basehttp:log_message] [INFO]- "GET /login/ HTTP/1.1" 200 4735
[2023-12-27 08:47:44,744] [UserIP.py:90] [UserIP:process_response] [INFO]- 2023-12-27 08:47:44 C1010S3>Edwin None>LAPTOP-GQJTF2B7>0A098 127.0.0.1 127.0.0.1 /login/ POST
[2023-12-27 08:47:44,751] [basehttp.py:154] [basehttp:log_message] [INFO]- "POST /login/ HTTP/1.1" 302 0
[2023-12-27 08:47:44,784] [basehttp.py:154] [basehttp:log_message] [INFO]- "GET /login/ HTTP/1.1" 302 0
[2023-12-27 08:47:45,018] [basehttp.py:154] [basehttp:log_message] [INFO]- "GET /index/ HTTP/1.1" 200 49239
[2023-12-27 08:47:45,317] [basehttp.py:154] [basehttp:log_message] [INFO]- "GET /favicon.ico HTTP/1.1" 200 24479
[2023-12-27 08:47:46,583] [basehttp.py:154] [basehttp:log_message] [INFO]- "GET /DriverTool/ToolList_edit/ HTTP/1.1" 200 41877
[2023-12-27 08:47:46,972] [basehttp.py:154] [basehttp:log_message] [INFO]- "GET /favicon.ico HTTP/1.1" 200 24479
[2023-12-27 08:47:47,152] [UserIP.py:90] [UserIP:process_response] [INFO]- 2023-12-27 08:47:47 C1010S3>Edwin None>LAPTOP-GQJTF2B7>0A098 127.0.0.1 127.0.0.1 /DriverTool/ToolList_edit/ POST
[2023-12-27 08:47:47,162] [basehttp.py:154] [basehttp:log_message] [INFO]- "POST /DriverTool/ToolList_edit/ HTTP/1.1" 200 4932
[2023-12-27 08:47:56,534] [UserIP.py:90] [UserIP:process_response] [INFO]- 2023-12-27 08:47:56 C1010S3>Edwin None>LAPTOP-GQJTF2B7>0A098 127.0.0.1 127.0.0.1 /DriverTool/ToolList_edit/ POST
[2023-12-27 08:47:56,537] [basehttp.py:154] [basehttp:log_message] [INFO]- "POST /DriverTool/ToolList_edit/ HTTP/1.1" 200 7173
[2023-12-27 10:53:13,859] [basehttp.py:154] [basehttp:log_message] [INFO]- "GET /NonDQALesson/NonDQALesson-summary/ HTTP/1.1" 200 50437
[2023-12-27 10:53:13,874] [basehttp.py:154] [basehttp:log_message] [INFO]- "GET /static/js/Element/form.js HTTP/1.1" 304 0
[2023-12-27 10:53:13,875] [basehttp.py:154] [basehttp:log_message] [INFO]- "GET /static/js/Element/dialog.js HTTP/1.1" 304 0
[2023-12-27 10:53:13,876] [basehttp.py:154] [basehttp:log_message] [INFO]- "GET /static/js/Element/pagination.js HTTP/1.1" 304 0
[2023-12-27 10:53:14,145] [UserIP.py:90] [UserIP:process_response] [INFO]- 2023-12-27 10:53:14 C1010S3>Edwin None>LAPTOP-GQJTF2B7>0A098 127.0.0.1 127.0.0.1 /NonDQALesson/NonDQALesson-summary/ POST
[2023-12-27 10:53:14,146] [basehttp.py:154] [basehttp:log_message] [INFO]- "GET /favicon.ico HTTP/1.1" 200 24479
[2023-12-27 10:53:14,156] [basehttp.py:154] [basehttp:log_message] [INFO]- "POST /NonDQALesson/NonDQALesson-summary/ HTTP/1.1" 200 196
[2023-12-27 10:53:55,539] [UserIP.py:90] [UserIP:process_response] [INFO]- 2023-12-27 10:53:55 C1010S3>Edwin None>LAPTOP-GQJTF2B7>0A098 127.0.0.1 127.0.0.1 /NonDQALesson/NonDQALesson-summary/ POST
[2023-12-27 10:53:55,548] [basehttp.py:154] [basehttp:log_message] [INFO]- "POST /NonDQALesson/NonDQALesson-summary/ HTTP/1.1" 200 877
[2023-12-27 11:50:02,258] [UserIP.py:90] [UserIP:process_response] [INFO]- 2023-12-27 11:50:02 C1010S3>Edwin None>LAPTOP-GQJTF2B7>0A098 127.0.0.1 127.0.0.1 /admin/login/ POST
[2023-12-27 11:50:02,266] [basehttp.py:154] [basehttp:log_message] [INFO]- "POST /admin/login/?next=/admin/ HTTP/1.1" 302 0
[2023-12-27 11:50:02,731] [basehttp.py:154] [basehttp:log_message] [INFO]- "GET /admin/ HTTP/1.1" 200 43576
[2023-12-27 11:50:02,883] [basehttp.py:154] [basehttp:log_message] [INFO]- "GET /favicon.ico HTTP/1.1" 200 24479
[2023-12-27 16:32:13,114] [basehttp.py:154] [basehttp:log_message] [INFO]- "GET /FilesDownload/ HTTP/1.1" 200 31110
[2023-12-27 16:32:13,124] [basehttp.py:154] [basehttp:log_message] [INFO]- "GET /static/css/down_base.css HTTP/1.1" 200 4603
[2023-12-27 16:32:13,124] [basehttp.py:154] [basehttp:log_message] [INFO]- "GET /static/css/down_index.css HTTP/1.1" 200 23530
[2023-12-27 16:32:13,134] [basehttp.py:154] [basehttp:log_message] [INFO]- "GET /static/src/gallery_04.jpg HTTP/1.1" 200 91715
[2023-12-27 16:32:13,135] [basehttp.py:154] [basehttp:log_message] [INFO]- "GET /static/src/gallery_03.jpg HTTP/1.1" 200 122723
[2023-12-27 16:32:13,139] [basehttp.py:154] [basehttp:log_message] [INFO]- "GET /static/src/gallery_06.jpg HTTP/1.1" 200 151085
[2023-12-27 16:32:13,139] [basehttp.py:154] [basehttp:log_message] [INFO]- "GET /static/src/gallery_07.jpg HTTP/1.1" 200 60534
[2023-12-27 16:32:13,139] [basehttp.py:154] [basehttp:log_message] [INFO]- "GET /static/src/gallery_01.jpg HTTP/1.1" 200 72066
[2023-12-27 16:32:13,143] [basehttp.py:154] [basehttp:log_message] [INFO]- "GET /static/src/gallery_08.jpg HTTP/1.1" 200 35721
[2023-12-27 16:32:13,145] [basehttp.py:154] [basehttp:log_message] [INFO]- "GET /static/src/gallery_09.jpg HTTP/1.1" 200 31930
[2023-12-27 16:32:13,148] [basehttp.py:154] [basehttp:log_message] [INFO]- "GET /static/src/gallery_10.jpg HTTP/1.1" 200 37348
[2023-12-27 16:32:13,149] [basehttp.py:154] [basehttp:log_message] [INFO]- "GET /static/src/gallery_02.jpg HTTP/1.1" 200 94720
[2023-12-27 16:32:13,150] [basehttp.py:154] [basehttp:log_message] [INFO]- "GET /static/js/Element/tooltip.js HTTP/1.1" 200 8774
[2023-12-27 16:32:13,152] [basehttp.py:154] [basehttp:log_message] [INFO]- "GET /static/js/Element/date-picker.js HTTP/1.1" 200 192225
[2023-12-27 16:32:13,394] [basehttp.py:154] [basehttp:log_message] [INFO]- "GET /favicon.ico HTTP/1.1" 200 24479
[2023-12-27 16:32:16,673] [basehttp.py:154] [basehttp:log_message] [INFO]- "GET /static/src/modelfiles/INVGanttChart.xlsx HTTP/1.1" 200 98317
[2023-12-27 16:45:30,603] [basehttp.py:154] [basehttp:log_message] [INFO]- "GET /INVGantt/INVGantt-upload/ HTTP/1.1" 200 44401
[2023-12-27 16:45:30,611] [basehttp.py:154] [basehttp:log_message] [INFO]- "GET /static/css/b_upload.css HTTP/1.1" 304 0
[2023-12-27 16:45:30,616] [basehttp.py:154] [basehttp:log_message] [INFO]- "GET /static/js/xlsx/xlsx_pop.js HTTP/1.1" 304 0
[2023-12-27 16:45:30,620] [basehttp.py:154] [basehttp:log_message] [INFO]- "GET /static/src/loading.gif HTTP/1.1" 200 361586
[2023-12-27 16:45:30,627] [basehttp.py:154] [basehttp:log_message] [INFO]- "GET /static/bootstrap-3.3.7-dist/js/bootstrap.min.js HTTP/1.1" 304 0
[2023-12-27 16:45:30,751] [basehttp.py:154] [basehttp:log_message] [INFO]- "GET /favicon.ico HTTP/1.1" 200 24479
[2023-12-27 16:48:51,117] [basehttp.py:154] [basehttp:log_message] [WARNING]- "GET /static/js/lib/bootstrap.min.js.map HTTP/1.1" 404 1806
[2023-12-27 16:48:51,147] [basehttp.py:154] [basehttp:log_message] [WARNING]- "GET /static/css/bootstrap.min.css.map HTTP/1.1" 404 1800
[2023-12-27 16:50:08,143] [basehttp.py:154] [basehttp:log_message] [INFO]- "GET /INVGantt/INVGantt-upload/ HTTP/1.1" 200 44401
[2023-12-27 16:50:08,204] [basehttp.py:154] [basehttp:log_message] [WARNING]- "GET /static/css/bootstrap.min.css.map HTTP/1.1" 404 1800
[2023-12-27 16:50:08,218] [basehttp.py:154] [basehttp:log_message] [WARNING]- "GET /static/js/lib/bootstrap.min.js.map HTTP/1.1" 404 1806
[2023-12-27 16:50:08,397] [basehttp.py:154] [basehttp:log_message] [INFO]- "GET /favicon.ico HTTP/1.1" 200 24479
[2023-12-27 16:50:13,350] [basehttp.py:154] [basehttp:log_message] [INFO]- "GET /INVGantt/INVGantt-upload/ HTTP/1.1" 200 44401
[2023-12-27 16:50:13,431] [basehttp.py:154] [basehttp:log_message] [INFO]- "GET /favicon.ico HTTP/1.1" 200 24479
[2023-12-27 16:50:14,448] [basehttp.py:154] [basehttp:log_message] [INFO]- "GET /INVGantt/INVGantt-upload/ HTTP/1.1" 200 44401
[2023-12-27 16:50:14,529] [basehttp.py:154] [basehttp:log_message] [INFO]- "GET /favicon.ico HTTP/1.1" 200 24479
[2023-12-27 16:50:14,829] [basehttp.py:154] [basehttp:log_message] [INFO]- "GET /INVGantt/INVGantt-upload/ HTTP/1.1" 200 44401
[2023-12-27 16:50:14,925] [basehttp.py:154] [basehttp:log_message] [INFO]- "GET /favicon.ico HTTP/1.1" 200 24479
[2023-12-27 16:50:15,127] [basehttp.py:154] [basehttp:log_message] [INFO]- "GET /INVGantt/INVGantt-upload/ HTTP/1.1" 200 44401
[2023-12-27 16:50:15,210] [basehttp.py:154] [basehttp:log_message] [INFO]- "GET /favicon.ico HTTP/1.1" 200 24479
[2023-12-27 16:50:43,544] [basehttp.py:154] [basehttp:log_message] [INFO]- "GET /INVGantt/INVGantt-upload/ HTTP/1.1" 200 44401
[2023-12-27 16:50:43,554] [basehttp.py:154] [basehttp:log_message] [INFO]- "GET /static/css/lib/calendar2/pignose.calendar.min.css HTTP/1.1" 200 14709
[2023-12-27 16:50:43,556] [basehttp.py:154] [basehttp:log_message] [INFO]- "GET /static/css/lib/chartist/chartist.min.css HTTP/1.1" 200 11508
[2023-12-27 16:50:43,556] [basehttp.py:154] [basehttp:log_message] [INFO]- "GET /static/css/lib/owl.theme.default.min.css HTTP/1.1" 200 1008
[2023-12-27 16:50:43,561] [basehttp.py:154] [basehttp:log_message] [INFO]- "GET /static/css/lib/menubar/sidebar.css HTTP/1.1" 200 17438
[2023-12-27 16:50:43,561] [basehttp.py:154] [basehttp:log_message] [INFO]- "GET /static/css/lib/themify-icons.css HTTP/1.1" 200 18695
[2023-12-27 16:50:43,562] [basehttp.py:154] [basehttp:log_message] [INFO]- "GET /static/css/lib/weather-icons.css HTTP/1.1" 200 32590
[2023-12-27 16:50:43,564] [basehttp.py:154] [basehttp:log_message] [INFO]- "GET /static/download_UPK/element-ui@2.12.0/lib/theme-chalk/index.css HTTP/1.1" 200 232694
[2023-12-27 16:50:43,564] [basehttp.py:154] [basehttp:log_message] [INFO]- "GET /static/css/bootstrap.min.css HTTP/1.1" 200 144883
[2023-12-27 16:50:43,567] [basehttp.py:154] [basehttp:log_message] [INFO]- "GET /static/css/uploadbutton.css HTTP/1.1" 200 175
[2023-12-27 16:50:43,572] [basehttp.py:154] [basehttp:log_message] [INFO]- "GET /static/css/lib/helper.css HTTP/1.1" 200 55773
[2023-12-27 16:50:43,574] [basehttp.py:154] [basehttp:log_message] [INFO]- "GET /static/css/b_upload.css HTTP/1.1" 200 3339
[2023-12-27 16:50:43,577] [basehttp.py:154] [basehttp:log_message] [INFO]- "GET /static/css/style.css HTTP/1.1" 200 91469
[2023-12-27 16:50:43,577] [basehttp.py:154] [basehttp:log_message] [INFO]- "GET /static/js/lib/jquery.min.js HTTP/1.1" 200 97367
[2023-12-27 16:50:43,578] [basehttp.py:154] [basehttp:log_message] [INFO]- "GET /static/css/ElementUI.css HTTP/1.1" 200 232696
[2023-12-27 16:50:43,582] [basehttp.py:154] [basehttp:log_message] [INFO]- "GET /static/src/loading.gif HTTP/1.1" 200 361586
[2023-12-27 16:50:43,587] [basehttp.py:154] [basehttp:log_message] [INFO]- "GET /static/js/lib/menubar/sidebar.js HTTP/1.1" 200 7576
[2023-12-27 16:50:43,591] [basehttp.py:154] [basehttp:log_message] [INFO]- "GET /static/js/lib/jquery.nanoscroller.min.js HTTP/1.1" 200 12440
[2023-12-27 16:50:43,592] [basehttp.py:154] [basehttp:log_message] [INFO]- "GET /static/src/back/001.png HTTP/1.1" 200 2015
[2023-12-27 16:50:43,595] [basehttp.py:154] [basehttp:log_message] [INFO]- "GET /static/js/lib/preloader/pace.min.js HTTP/1.1" 200 27501
[2023-12-27 16:50:43,598] [basehttp.py:154] [basehttp:log_message] [INFO]- "GET /static/js/lib/bootstrap.min.js HTTP/1.1" 200 69811
[2023-12-27 16:50:43,599] [basehttp.py:154] [basehttp:log_message] [INFO]- "GET /static/js/lib/calendar-2/moment.latest.min.js HTTP/1.1" 200 61867
[2023-12-27 16:50:43,602] [basehttp.py:154] [basehttp:log_message] [INFO]- "GET /static/js/scripts.js HTTP/1.1" 200 1906
[2023-12-27 16:50:43,605] [basehttp.py:154] [basehttp:log_message] [INFO]- "GET /static/js/lib/calendar-2/pignose.init.js HTTP/1.1" 200 258
[2023-12-27 16:50:43,606] [basehttp.py:154] [basehttp:log_message] [INFO]- "GET /static/js/lib/calendar-2/pignose.calendar.min.js HTTP/1.1" 200 24271
[2023-12-27 16:50:43,607] [basehttp.py:154] [basehttp:log_message] [INFO]- "GET /static/js/lib/circle-progress/circle-progress-init.js HTTP/1.1" 200 1252
[2023-12-27 16:50:43,608] [basehttp.py:154] [basehttp:log_message] [INFO]- "GET /static/js/lib/circle-progress/circle-progress.min.js HTTP/1.1" 200 4462
[2023-12-27 16:50:43,611] [basehttp.py:154] [basehttp:log_message] [INFO]- "GET /static/js/lib/sparklinechart/jquery.sparkline.min.js HTTP/1.1" 200 43251
[2023-12-27 16:50:43,613] [basehttp.py:154] [basehttp:log_message] [INFO]- "GET /static/js/lib/sparklinechart/sparkline.init.js HTTP/1.1" 200 9974
[2023-12-27 16:50:43,617] [basehttp.py:154] [basehttp:log_message] [INFO]- "GET /static/js/lib/owl-carousel/owl.carousel.min.js HTTP/1.1" 200 42860
[2023-12-27 16:50:43,618] [basehttp.py:154] [basehttp:log_message] [INFO]- "GET /static/js/lib/owl-carousel/owl.carousel-init.js HTTP/1.1" 200 1044
[2023-12-27 16:50:43,621] [basehttp.py:154] [basehttp:log_message] [INFO]- "GET /static/css/lib/font-awesome.min.css HTTP/1.1" 200 41765
[2023-12-27 16:50:43,622] [basehttp.py:154] [basehttp:log_message] [INFO]- "GET /static/vendor/datatables/jquery.dataTables.js HTTP/1.1" 200 462902
[2023-12-27 16:50:43,622] [basehttp.py:154] [basehttp:log_message] [INFO]- "GET /static/js/datapicker.js HTTP/1.1" 200 11813
[2023-12-27 16:50:43,625] [basehttp.py:154] [basehttp:log_message] [INFO]- "GET /static/js/xlsx/xlsx_pop.js HTTP/1.1" 200 6847
[2023-12-27 16:50:43,623] [basehttp.py:154] [basehttp:log_message] [INFO]- "GET /static/css/lib/owl.carousel.min.css HTTP/1.1" 200 3016
[2023-12-27 16:50:43,628] [basehttp.py:154] [basehttp:log_message] [INFO]- "GET /static/js/date.js HTTP/1.1" 200 764
[2023-12-27 16:50:43,630] [basehttp.py:154] [basehttp:log_message] [INFO]- "GET /static/js/Element/index.js HTTP/1.1" 200 563790
[2023-12-27 16:50:43,630] [basehttp.py:154] [basehttp:log_message] [INFO]- "GET /static/bootstrap-3.3.7-dist/js/bootstrap.min.js HTTP/1.1" 200 37051
[2023-12-27 16:50:43,631] [basehttp.py:154] [basehttp:log_message] [INFO]- "GET /static/node_modules/bootstrap-icons/font/bootstrap-icons.css HTTP/1.1" 200 74827
[2023-12-27 16:50:43,635] [basehttp.py:154] [basehttp:log_message] [INFO]- "GET /static/js/Element/main.js HTTP/1.1" 200 8989
[2023-12-27 16:50:43,639] [basehttp.py:154] [basehttp:log_message] [INFO]- "GET /static/js/xlsx/xlsx.core.min.js HTTP/1.1" 200 480575
[2023-12-27 16:50:43,640] [basehttp.py:154] [basehttp:log_message] [INFO]- "GET /static/src/blue.jpg HTTP/1.1" 200 60343
[2023-12-27 16:50:43,648] [basehttp.py:154] [basehttp:log_message] [INFO]- "GET /static/css/admin/assets/fonts/themify.woff?-fvbane HTTP/1.1" 200 0
[2023-12-27 16:50:43,650] [basehttp.py:154] [basehttp:log_message] [INFO]- "GET /static/node_modules/bootstrap-icons/font/fonts/bootstrap-icons.woff2?30af91bf14e37666a085fb8a161ff36d HTTP/1.1" 200 92064
[2023-12-27 16:50:43,685] [basehttp.py:154] [basehttp:log_message] [INFO]- "GET /static/css/admin/assets/fonts/themify.ttf?-fvbane HTTP/1.1" 200 0
[2023-12-27 16:50:43,717] [basehttp.py:154] [basehttp:log_message] [INFO]- "GET /static/fonts/themify.woff?-fvbane HTTP/1.1" 200 56108
[2023-12-27 16:50:43,738] [basehttp.py:154] [basehttp:log_message] [INFO]- "GET /favicon.ico HTTP/1.1" 200 24479
[2023-12-27 16:52:47,599] [UserIP.py:90] [UserIP:process_response] [INFO]- 2023-12-27 16:52:47 C1010S3>Edwin None>LAPTOP-GQJTF2B7>0A098 127.0.0.1 127.0.0.1 /INVGantt/INVGantt-upload/ POST
[2023-12-27 16:52:47,609] [basehttp.py:154] [basehttp:log_message] [INFO]- "POST /INVGantt/INVGantt-upload/ HTTP/1.1" 200 27
[2023-12-27 16:52:53,984] [basehttp.py:154] [basehttp:log_message] [INFO]- "GET /INVGantt/INVGantt-search/ HTTP/1.1" 200 51728
[2023-12-27 16:52:53,999] [basehttp.py:154] [basehttp:log_message] [INFO]- "GET /static/src/cqmspec.png HTTP/1.1" 200 9675
[2023-12-27 16:52:54,000] [basehttp.py:154] [basehttp:log_message] [INFO]- "GET /static/js/axios.min.js HTTP/1.1" 200 13704
[2023-12-27 16:52:54,001] [basehttp.py:154] [basehttp:log_message] [INFO]- "GET /static/js/vue.min.js HTTP/1.1" 200 93680
[2023-12-27 16:52:54,001] [basehttp.py:154] [basehttp:log_message] [INFO]- "GET /static/js/es6/polyfill.min.js HTTP/1.1" 200 97799
[2023-12-27 16:52:54,002] [basehttp.py:154] [basehttp:log_message] [INFO]- "GET /static/js/xlsx/xlsx.js HTTP/1.1" 200 5900
[2023-12-27 16:52:54,007] [basehttp.py:154] [basehttp:log_message] [INFO]- "GET /static/js/es6/babel.min.js HTTP/1.1" 200 791258
[2023-12-27 16:52:54,240] [basehttp.py:154] [basehttp:log_message] [INFO]- "GET /favicon.ico HTTP/1.1" 200 24479
[2023-12-27 16:52:54,265] [UserIP.py:90] [UserIP:process_response] [INFO]- 2023-12-27 16:52:54 C1010S3>Edwin None>LAPTOP-GQJTF2B7>0A098 127.0.0.1 127.0.0.1 /INVGantt/INVGantt-search/ POST
[2023-12-27 16:52:54,273] [basehttp.py:154] [basehttp:log_message] [INFO]- "POST /INVGantt/INVGantt-search/ HTTP/1.1" 200 26458
[2023-12-27 16:53:12,815] [basehttp.py:154] [basehttp:log_message] [INFO]- "GET /INVGantt/INVGantt-search/ HTTP/1.1" 200 51728
[2023-12-27 16:53:12,990] [basehttp.py:154] [basehttp:log_message] [INFO]- "GET /favicon.ico HTTP/1.1" 200 24479
[2023-12-27 16:53:13,007] [UserIP.py:90] [UserIP:process_response] [INFO]- 2023-12-27 16:53:13 C1010S3>Edwin None>LAPTOP-GQJTF2B7>0A098 127.0.0.1 127.0.0.1 /INVGantt/INVGantt-search/ POST
[2023-12-27 16:53:13,015] [basehttp.py:154] [basehttp:log_message] [INFO]- "POST /INVGantt/INVGantt-search/ HTTP/1.1" 200 26458
[2023-12-27 16:53:23,268] [basehttp.py:154] [basehttp:log_message] [INFO]- "GET /favicon.ico HTTP/1.1" 200 24479
[2023-12-27 16:53:26,897] [basehttp.py:154] [basehttp:log_message] [INFO]- "GET /admin/INVGantt/invgantt/ HTTP/1.1" 200 2654253
[2023-12-27 16:53:26,916] [basehttp.py:154] [basehttp:log_message] [INFO]- "GET /admin/jsi18n/ HTTP/1.1" 200 7684
[2023-12-27 16:53:57,565] [basehttp.py:154] [basehttp:log_message] [INFO]- "GET /INVGantt/INVGantt-upload/ HTTP/1.1" 200 44401
[2023-12-27 16:53:57,649] [basehttp.py:154] [basehttp:log_message] [INFO]- "GET /favicon.ico HTTP/1.1" 200 24479
[2023-12-27 16:53:57,653] [basehttp.py:154] [basehttp:log_message] [INFO]- "GET /NonDQALesson/NonDQALesson-summary/ HTTP/1.1" 200 50437
[2023-12-27 16:53:57,662] [basehttp.py:154] [basehttp:log_message] [INFO]- "GET /static/js/Element/table.js HTTP/1.1" 200 29314
[2023-12-27 16:53:57,662] [basehttp.py:154] [basehttp:log_message] [INFO]- "GET /static/js/Element/input.js HTTP/1.1" 200 30197
[2023-12-27 16:53:57,675] [basehttp.py:154] [basehttp:log_message] [INFO]- "GET /static/js/Element/message.js HTTP/1.1" 200 11465
[2023-12-27 16:53:57,676] [basehttp.py:154] [basehttp:log_message] [INFO]- "GET /static/js/Element/icon.js HTTP/1.1" 200 8963
[2023-12-27 16:53:57,676] [basehttp.py:154] [basehttp:log_message] [INFO]- "GET /static/js/Element/dialog.js HTTP/1.1" 200 12452
[2023-12-27 16:53:57,676] [basehttp.py:154] [basehttp:log_message] [INFO]- "GET /static/js/Element/table-column.js HTTP/1.1" 200 29272
[2023-12-27 16:53:57,677] [basehttp.py:154] [basehttp:log_message] [INFO]- "GET /static/js/Element/pagination.js HTTP/1.1" 200 23027
[2023-12-27 16:53:57,685] [basehttp.py:154] [basehttp:log_message] [INFO]- "GET /static/css/fonts/element-icons.ttf HTTP/1.1" 200 55956
[2023-12-27 16:53:57,783] [UserIP.py:90] [UserIP:process_response] [INFO]- 2023-12-27 16:53:57 C1010S3>Edwin None>LAPTOP-GQJTF2B7>0A098 127.0.0.1 127.0.0.1 /NonDQALesson/NonDQALesson-summary/ POST
[2023-12-27 16:53:57,792] [basehttp.py:154] [basehttp:log_message] [INFO]- "POST /NonDQALesson/NonDQALesson-summary/ HTTP/1.1" 200 196
[2023-12-27 16:53:57,796] [basehttp.py:154] [basehttp:log_message] [INFO]- "GET /favicon.ico HTTP/1.1" 200 24479
[2023-12-27 16:53:58,726] [basehttp.py:154] [basehttp:log_message] [INFO]- "GET /favicon.ico HTTP/1.1" 200 24479
[2023-12-27 16:54:01,912] [UserIP.py:90] [UserIP:process_response] [INFO]- 2023-12-27 16:54:01 C1010S3>Edwin None>LAPTOP-GQJTF2B7>0A098 127.0.0.1 127.0.0.1 /INVGantt/INVGantt-upload/ POST
[2023-12-27 16:54:01,918] [basehttp.py:154] [basehttp:log_message] [INFO]- "POST /INVGantt/INVGantt-upload/ HTTP/1.1" 200 27
[2023-12-27 16:54:06,354] [basehttp.py:154] [basehttp:log_message] [INFO]- "GET /INVGantt/INVGantt-search/ HTTP/1.1" 200 51728
[2023-12-27 16:54:06,500] [basehttp.py:154] [basehttp:log_message] [INFO]- "GET /favicon.ico HTTP/1.1" 200 24479
[2023-12-27 16:54:06,522] [UserIP.py:90] [UserIP:process_response] [INFO]- 2023-12-27 16:54:06 C1010S3>Edwin None>LAPTOP-GQJTF2B7>0A098 127.0.0.1 127.0.0.1 /INVGantt/INVGantt-search/ POST
[2023-12-27 16:54:06,529] [basehttp.py:154] [basehttp:log_message] [INFO]- "POST /INVGantt/INVGantt-search/ HTTP/1.1" 200 26479
[2023-12-27 16:54:13,059] [UserIP.py:90] [UserIP:process_response] [INFO]- 2023-12-27 16:54:13 C1010S3>Edwin None>LAPTOP-GQJTF2B7>0A098 127.0.0.1 127.0.0.1 /INVGantt/INVGantt-search/ POST
[2023-12-27 16:54:13,074] [basehttp.py:154] [basehttp:log_message] [INFO]- "POST /INVGantt/INVGantt-search/ HTTP/1.1" 200 27129
[2023-12-27 16:54:25,451] [basehttp.py:154] [basehttp:log_message] [INFO]- "GET /INVGantt/INVGantt-searchByProject/ HTTP/1.1" 200 62034
[2023-12-27 16:54:25,602] [basehttp.py:154] [basehttp:log_message] [INFO]- "GET /favicon.ico HTTP/1.1" 200 24479
[2023-12-27 16:54:25,632] [UserIP.py:90] [UserIP:process_response] [INFO]- 2023-12-27 16:54:25 C1010S3>Edwin None>LAPTOP-GQJTF2B7>0A098 127.0.0.1 127.0.0.1 /INVGantt/INVGantt-searchByProject/ POST
[2023-12-27 16:54:25,643] [basehttp.py:154] [basehttp:log_message] [INFO]- "POST /INVGantt/INVGantt-searchByProject/ HTTP/1.1" 200 25833
[2023-12-27 16:54:51,762] [UserIP.py:90] [UserIP:process_response] [INFO]- 2023-12-27 16:54:51 C1010S3>Edwin None>LAPTOP-GQJTF2B7>0A098 127.0.0.1 127.0.0.1 /INVGantt/INVGantt-searchByProject/ POST
[2023-12-27 16:54:51,768] [basehttp.py:154] [basehttp:log_message] [INFO]- "POST /INVGantt/INVGantt-searchByProject/ HTTP/1.1" 200 26017
[2023-12-27 16:54:57,369] [UserIP.py:90] [UserIP:process_response] [INFO]- 2023-12-27 16:54:57 C1010S3>Edwin None>LAPTOP-GQJTF2B7>0A098 127.0.0.1 127.0.0.1 /INVGantt/INVGantt-searchByProject/ POST
[2023-12-27 16:54:57,375] [basehttp.py:154] [basehttp:log_message] [INFO]- "POST /INVGantt/INVGantt-searchByProject/ HTTP/1.1" 200 27136
[2023-12-27 16:55:14,591] [basehttp.py:154] [basehttp:log_message] [INFO]- "GET /INVGantt/INVGantt-edit/ HTTP/1.1" 200 60052
[2023-12-27 16:55:14,760] [UserIP.py:90] [UserIP:process_response] [INFO]- 2023-12-27 16:55:14 C1010S3>Edwin None>LAPTOP-GQJTF2B7>0A098 127.0.0.1 127.0.0.1 /INVGantt/INVGantt-edit/ POST
[2023-12-27 16:55:14,765] [basehttp.py:154] [basehttp:log_message] [INFO]- "POST /INVGantt/INVGantt-edit/ HTTP/1.1" 200 129
[2023-12-27 16:55:14,772] [basehttp.py:154] [basehttp:log_message] [INFO]- "GET /favicon.ico HTTP/1.1" 200 24479
[2023-12-27 16:55:19,758] [UserIP.py:90] [UserIP:process_response] [INFO]- 2023-12-27 16:55:19 C1010S3>Edwin None>LAPTOP-GQJTF2B7>0A098 127.0.0.1 127.0.0.1 /INVGantt/INVGantt-edit/ POST
[2023-12-27 16:55:19,773] [basehttp.py:154] [basehttp:log_message] [INFO]- "POST /INVGantt/INVGantt-edit/ HTTP/1.1" 200 20561
[2023-12-27 16:55:27,819] [UserIP.py:90] [UserIP:process_response] [INFO]- 2023-12-27 16:55:27 C1010S3>Edwin None>LAPTOP-GQJTF2B7>0A098 127.0.0.1 127.0.0.1 /INVGantt/INVGantt-edit/ POST
[2023-12-27 16:55:27,826] [basehttp.py:154] [basehttp:log_message] [INFO]- "POST /INVGantt/INVGantt-edit/ HTTP/1.1" 200 779
[2023-12-27 16:55:43,465] [UserIP.py:90] [UserIP:process_response] [INFO]- 2023-12-27 16:55:43 C1010S3>Edwin None>LAPTOP-GQJTF2B7>0A098 127.0.0.1 127.0.0.1 /INVGantt/INVGantt-edit/ POST
[2023-12-27 16:55:43,474] [basehttp.py:154] [basehttp:log_message] [INFO]- "POST /INVGantt/INVGantt-edit/ HTTP/1.1" 200 783
[2023-12-27 16:55:49,913] [basehttp.py:154] [basehttp:log_message] [INFO]- "GET /INVGantt/INVGantt-search/ HTTP/1.1" 200 51728
[2023-12-27 16:55:50,078] [basehttp.py:154] [basehttp:log_message] [INFO]- "GET /favicon.ico HTTP/1.1" 200 24479
[2023-12-27 16:55:50,087] [UserIP.py:90] [UserIP:process_response] [INFO]- 2023-12-27 16:55:50 C1010S3>Edwin None>LAPTOP-GQJTF2B7>0A098 127.0.0.1 127.0.0.1 /INVGantt/INVGantt-search/ POST
[2023-12-27 16:55:50,092] [basehttp.py:154] [basehttp:log_message] [INFO]- "POST /INVGantt/INVGantt-search/ HTTP/1.1" 200 26479
[2023-12-27 16:55:56,161] [UserIP.py:90] [UserIP:process_response] [INFO]- 2023-12-27 16:55:56 C1010S3>Edwin None>LAPTOP-GQJTF2B7>0A098 127.0.0.1 127.0.0.1 /INVGantt/INVGantt-search/ POST
[2023-12-27 16:55:56,169] [basehttp.py:154] [basehttp:log_message] [INFO]- "POST /INVGantt/INVGantt-search/ HTTP/1.1" 200 27133
[2023-12-28 09:55:07,680] [basehttp.py:154] [basehttp:log_message] [INFO]- "GET /admin/ HTTP/1.1" 302 0
[2023-12-28 09:55:07,686] [basehttp.py:154] [basehttp:log_message] [INFO]- "GET /admin/login/?next=/admin/ HTTP/1.1" 200 4026
[2023-12-28 09:55:07,752] [basehttp.py:154] [basehttp:log_message] [INFO]- "GET /favicon.ico HTTP/1.1" 302 0
[2023-12-28 09:55:07,754] [basehttp.py:154] [basehttp:log_message] [INFO]- "GET /login/ HTTP/1.1" 200 4735
[2023-12-28 09:55:09,812] [UserIP.py:90] [UserIP:process_response] [INFO]- 2023-12-28 09:55:09 None>None None>LAPTOP-GQJTF2B7>0A098 127.0.0.1 127.0.0.1 /admin/login/ POST
[2023-12-28 09:55:09,816] [basehttp.py:154] [basehttp:log_message] [INFO]- "POST /admin/login/?next=/admin/ HTTP/1.1" 302 0
[2023-12-28 09:55:10,172] [basehttp.py:154] [basehttp:log_message] [INFO]- "GET /admin/ HTTP/1.1" 200 43576
[2023-12-28 09:55:10,282] [basehttp.py:154] [basehttp:log_message] [INFO]- "GET /favicon.ico HTTP/1.1" 302 0
[2023-12-28 09:55:10,314] [basehttp.py:154] [basehttp:log_message] [INFO]- "GET /login/ HTTP/1.1" 200 4735
[2023-12-28 09:55:42,725] [basehttp.py:154] [basehttp:log_message] [INFO]- "GET /favicon.ico HTTP/1.1" 302 0
[2023-12-28 09:55:42,766] [basehttp.py:154] [basehttp:log_message] [INFO]- "GET /login/ HTTP/1.1" 200 4735
[2023-12-28 09:55:43,355] [basehttp.py:154] [basehttp:log_message] [INFO]- "GET /admin/QIL/qil_project/ HTTP/1.1" 200 587254
[2023-12-28 09:55:43,374] [basehttp.py:154] [basehttp:log_message] [INFO]- "GET /admin/jsi18n/ HTTP/1.1" 200 7684
[2023-12-28 09:56:23,320] [basehttp.py:154] [basehttp:log_message] [INFO]- "GET /admin/QIL/qil_project/1746/change/ HTTP/1.1" 200 26992
[2023-12-28 09:56:23,349] [basehttp.py:154] [basehttp:log_message] [INFO]- "GET /admin/jsi18n/ HTTP/1.1" 200 7684
[2023-12-28 09:57:10,085] [basehttp.py:154] [basehttp:log_message] [INFO]- "GET /favicon.ico HTTP/1.1" 302 0
[2023-12-28 09:57:10,118] [basehttp.py:154] [basehttp:log_message] [INFO]- "GET /login/ HTTP/1.1" 200 4735
[2023-12-28 09:57:10,129] [basehttp.py:154] [basehttp:log_message] [INFO]- "GET /admin/QIL/qil_m/ HTTP/1.1" 200 92673
[2023-12-28 09:57:10,143] [basehttp.py:154] [basehttp:log_message] [INFO]- "GET /admin/jsi18n/ HTTP/1.1" 200 7684
[2023-12-28 09:57:12,985] [basehttp.py:154] [basehttp:log_message] [INFO]- "GET /favicon.ico HTTP/1.1" 302 0
[2023-12-28 09:57:13,007] [basehttp.py:154] [basehttp:log_message] [INFO]- "GET /login/ HTTP/1.1" 200 4735
[2023-12-28 09:57:17,681] [basehttp.py:154] [basehttp:log_message] [INFO]- "GET /favicon.ico HTTP/1.1" 302 0
[2023-12-28 09:57:17,703] [basehttp.py:154] [basehttp:log_message] [INFO]- "GET /login/ HTTP/1.1" 200 4735
[2023-12-28 09:57:53,194] [basehttp.py:154] [basehttp:log_message] [INFO]- "GET /favicon.ico HTTP/1.1" 302 0
[2023-12-28 09:57:53,204] [basehttp.py:154] [basehttp:log_message] [INFO]- "GET /login/ HTTP/1.1" 200 4735
[2023-12-28 09:57:53,282] [basehttp.py:154] [basehttp:log_message] [INFO]- "GET /admin/LessonProjectME/testprojectll/ HTTP/1.1" 200 92849
[2023-12-28 09:57:53,299] [basehttp.py:154] [basehttp:log_message] [INFO]- "GET /admin/jsi18n/ HTTP/1.1" 200 7684
[2023-12-28 09:57:56,226] [basehttp.py:154] [basehttp:log_message] [INFO]- "GET /admin/LessonProjectME/testprojectll/98/change/ HTTP/1.1" 200 27598
[2023-12-28 09:57:56,239] [basehttp.py:154] [basehttp:log_message] [INFO]- "GET /admin/jsi18n/ HTTP/1.1" 200 7684
[2023-12-28 09:58:04,192] [basehttp.py:154] [basehttp:log_message] [INFO]- "GET /favicon.ico HTTP/1.1" 302 0
[2023-12-28 09:58:04,208] [basehttp.py:154] [basehttp:log_message] [INFO]- "GET /login/ HTTP/1.1" 200 4735
[2023-12-28 09:58:04,857] [basehttp.py:154] [basehttp:log_message] [INFO]- "GET /admin/LessonProjectME/lessonlearn_project/ HTTP/1.1" 200 699973
[2023-12-28 09:58:04,893] [basehttp.py:154] [basehttp:log_message] [INFO]- "GET /admin/jsi18n/ HTTP/1.1" 200 7684
[2023-12-28 09:58:06,751] [basehttp.py:154] [basehttp:log_message] [INFO]- "GET /admin/LessonProjectME/lessonlearn_project/7360/change/ HTTP/1.1" 200 36514
[2023-12-28 09:58:06,771] [basehttp.py:154] [basehttp:log_message] [INFO]- "GET /admin/jsi18n/ HTTP/1.1" 200 7684
[2023-12-28 09:59:05,081] [basehttp.py:154] [basehttp:log_message] [INFO]- "GET /favicon.ico HTTP/1.1" 302 0
[2023-12-28 09:59:05,110] [basehttp.py:154] [basehttp:log_message] [INFO]- "GET /login/ HTTP/1.1" 200 4735
[2023-12-28 09:59:06,224] [basehttp.py:154] [basehttp:log_message] [INFO]- "GET /admin/QIL/qil_m/28/change/ HTTP/1.1" 200 25666
[2023-12-28 09:59:06,251] [basehttp.py:154] [basehttp:log_message] [INFO]- "GET /admin/jsi18n/ HTTP/1.1" 200 7684
[2023-12-28 09:59:13,482] [basehttp.py:154] [basehttp:log_message] [INFO]- "GET /favicon.ico HTTP/1.1" 302 0
[2023-12-28 09:59:13,501] [basehttp.py:154] [basehttp:log_message] [INFO]- "GET /login/ HTTP/1.1" 200 4735
[2023-12-28 09:59:20,644] [basehttp.py:154] [basehttp:log_message] [INFO]- "GET /favicon.ico HTTP/1.1" 302 0
[2023-12-28 09:59:20,664] [basehttp.py:154] [basehttp:log_message] [INFO]- "GET /login/ HTTP/1.1" 200 4735
[2023-12-28 09:59:22,340] [basehttp.py:154] [basehttp:log_message] [INFO]- "GET /favicon.ico HTTP/1.1" 302 0
[2023-12-28 09:59:22,376] [basehttp.py:154] [basehttp:log_message] [INFO]- "GET /login/ HTTP/1.1" 200 4735
[2023-12-28 09:59:25,776] [basehttp.py:154] [basehttp:log_message] [INFO]- "GET /favicon.ico HTTP/1.1" 302 0
[2023-12-28 09:59:25,785] [basehttp.py:154] [basehttp:log_message] [INFO]- "GET /login/ HTTP/1.1" 200 4735
[2023-12-28 09:59:27,149] [basehttp.py:154] [basehttp:log_message] [INFO]- "GET /favicon.ico HTTP/1.1" 302 0
[2023-12-28 09:59:27,156] [basehttp.py:154] [basehttp:log_message] [INFO]- "GET /login/ HTTP/1.1" 200 4735
[2023-12-28 09:59:43,253] [basehttp.py:154] [basehttp:log_message] [INFO]- "GET /favicon.ico HTTP/1.1" 302 0
[2023-12-28 09:59:43,266] [basehttp.py:154] [basehttp:log_message] [INFO]- "GET /login/ HTTP/1.1" 200 4735
[2023-12-28 09:59:43,385] [basehttp.py:154] [basehttp:log_message] [INFO]- "GET /admin/app01/lesson_learn/ HTTP/1.1" 200 277802
[2023-12-28 09:59:43,420] [basehttp.py:154] [basehttp:log_message] [INFO]- "GET /admin/jsi18n/ HTTP/1.1" 200 7684
[2023-12-28 09:59:46,118] [basehttp.py:154] [basehttp:log_message] [INFO]- "GET /admin/app01/lesson_learn/103/change/ HTTP/1.1" 200 30268
[2023-12-28 09:59:46,147] [basehttp.py:154] [basehttp:log_message] [INFO]- "GET /admin/jsi18n/ HTTP/1.1" 200 7684
[2023-12-28 10:00:07,849] [basehttp.py:154] [basehttp:log_message] [INFO]- "GET /favicon.ico HTTP/1.1" 302 0
[2023-12-28 10:00:07,881] [basehttp.py:154] [basehttp:log_message] [INFO]- "GET /login/ HTTP/1.1" 200 4735
[2023-12-28 10:00:21,585] [basehttp.py:154] [basehttp:log_message] [INFO]- "GET /favicon.ico HTTP/1.1" 302 0
[2023-12-28 10:00:21,608] [basehttp.py:154] [basehttp:log_message] [INFO]- "GET /login/ HTTP/1.1" 200 4735
[2023-12-28 10:01:42,049] [basehttp.py:154] [basehttp:log_message] [INFO]- "GET /favicon.ico HTTP/1.1" 302 0
[2023-12-28 10:01:42,056] [basehttp.py:154] [basehttp:log_message] [INFO]- "GET /login/ HTTP/1.1" 200 4735
[2023-12-28 10:01:47,737] [basehttp.py:154] [basehttp:log_message] [INFO]- "GET /favicon.ico HTTP/1.1" 302 0
[2023-12-28 10:01:47,755] [basehttp.py:154] [basehttp:log_message] [INFO]- "GET /login/ HTTP/1.1" 200 4735
[2023-12-28 10:01:51,004] [basehttp.py:154] [basehttp:log_message] [INFO]- "GET /favicon.ico HTTP/1.1" 302 0
[2023-12-28 10:01:51,024] [basehttp.py:154] [basehttp:log_message] [INFO]- "GET /login/ HTTP/1.1" 200 4735
[2023-12-28 10:01:53,715] [basehttp.py:154] [basehttp:log_message] [INFO]- "GET /favicon.ico HTTP/1.1" 302 0
[2023-12-28 10:01:53,745] [basehttp.py:154] [basehttp:log_message] [INFO]- "GET /login/ HTTP/1.1" 200 4735
[2023-12-28 10:01:55,253] [basehttp.py:154] [basehttp:log_message] [INFO]- "GET /favicon.ico HTTP/1.1" 302 0
[2023-12-28 10:01:55,267] [basehttp.py:154] [basehttp:log_message] [INFO]- "GET /login/ HTTP/1.1" 200 4735
[2023-12-28 10:01:56,367] [basehttp.py:154] [basehttp:log_message] [INFO]- "GET /admin/INVGantt/invgantt/ HTTP/1.1" 200 2654409
[2023-12-28 10:01:56,382] [basehttp.py:154] [basehttp:log_message] [INFO]- "GET /admin/jsi18n/ HTTP/1.1" 200 7684
[2023-12-28 10:02:07,989] [basehttp.py:154] [basehttp:log_message] [INFO]- "GET /admin/INVGantt/invgantt/?Year=2023 HTTP/1.1" 200 1703113
[2023-12-28 10:02:08,031] [basehttp.py:154] [basehttp:log_message] [INFO]- "GET /admin/jsi18n/ HTTP/1.1" 200 7684
[2023-12-28 16:36:57,904] [basehttp.py:154] [basehttp:log_message] [INFO]- "POST /INVGantt/INVGantt-search/ HTTP/1.1" 302 0
[2023-12-28 16:36:57,934] [basehttp.py:154] [basehttp:log_message] [INFO]- "GET /login/ HTTP/1.1" 200 4735
[2023-12-28 16:38:13,112] [basehttp.py:154] [basehttp:log_message] [INFO]- "GET /favicon.ico HTTP/1.1" 302 0
[2023-12-28 16:38:13,149] [basehttp.py:154] [basehttp:log_message] [INFO]- "GET /login/ HTTP/1.1" 200 4735
[2023-12-28 16:38:46,977] [basehttp.py:154] [basehttp:log_message] [INFO]- "GET /INVGantt/INVGantt-search/ HTTP/1.1" 302 0
[2023-12-28 16:38:46,988] [basehttp.py:154] [basehttp:log_message] [INFO]- "GET /login/ HTTP/1.1" 200 4735
[2023-12-28 16:38:47,043] [basehttp.py:154] [basehttp:log_message] [INFO]- "GET /favicon.ico HTTP/1.1" 302 0
[2023-12-28 16:38:47,077] [basehttp.py:154] [basehttp:log_message] [INFO]- "GET /login/ HTTP/1.1" 200 4735
[2023-12-28 16:38:49,784] [UserIP.py:90] [UserIP:process_response] [INFO]- 2023-12-28 16:38:49 C1010S3>Edwin None>LAPTOP-GQJTF2B7>0A098 127.0.0.1 127.0.0.1 /login/ POST
[2023-12-28 16:38:49,793] [basehttp.py:154] [basehttp:log_message] [INFO]- "POST /login/ HTTP/1.1" 302 0
[2023-12-28 16:38:49,837] [basehttp.py:154] [basehttp:log_message] [INFO]- "GET /login/ HTTP/1.1" 302 0
[2023-12-28 16:38:50,056] [basehttp.py:154] [basehttp:log_message] [INFO]- "GET /index/ HTTP/1.1" 200 49239
[2023-12-28 16:38:50,064] [basehttp.py:154] [basehttp:log_message] [INFO]- "GET /static/js/lib/calendar-2/prism.min.js HTTP/1.1" 200 8828
[2023-12-28 16:38:50,066] [basehttp.py:154] [basehttp:log_message] [INFO]- "GET /static/js/lib/calendar-2/semantic.ui.min.js HTTP/1.1" 200 287792
[2023-12-28 16:38:50,089] [basehttp.py:154] [basehttp:log_message] [INFO]- "GET /static/src/gallery_05.jpg HTTP/1.1" 200 68706
[2023-12-28 16:38:50,321] [basehttp.py:154] [basehttp:log_message] [INFO]- "GET /favicon.ico HTTP/1.1" 200 24479
