[2022-06-02 16:25:35,955] [basehttp.py:154] [basehttp:log_message] [INFO]- "GET / HTTP/1.1" 302 0
[2022-06-02 16:25:35,981] [basehttp.py:154] [basehttp:log_message] [INFO]- "GET /login/ HTTP/1.1" 200 4677
[2022-06-02 16:25:36,178] [basehttp.py:154] [basehttp:log_message] [INFO]- "GET /favicon.ico HTTP/1.1" 302 0
[2022-06-02 16:25:36,185] [basehttp.py:154] [basehttp:log_message] [INFO]- "GET /login/ HTTP/1.1" 200 4677
[2022-06-02 16:25:54,614] [UserIP.py:89] [UserIP:process_response] [CRITICAL]- 系统错误
[2022-06-02 16:25:54,630] [basehttp.py:154] [basehttp:log_message] [INFO]- "POST /login/ HTTP/1.1" 302 0
[2022-06-02 16:25:54,750] [basehttp.py:154] [basehttp:log_message] [INFO]- "GET /index/ HTTP/1.1" 200 47230
[2022-06-02 16:25:54,792] [basehttp.py:154] [basehttp:log_message] [INFO]- "GET /static/node_modules/bootstrap-icons/font/bootstrap-icons.css HTTP/1.1" 304 0
[2022-06-02 16:25:55,045] [basehttp.py:154] [basehttp:log_message] [INFO]- "GET /index/ HTTP/1.1" 200 47230
[2022-06-02 16:25:55,675] [basehttp.py:154] [basehttp:log_message] [INFO]- "GET /favicon.ico HTTP/1.1" 200 22499
[2022-06-02 16:26:05,193] [basehttp.py:154] [basehttp:log_message] [INFO]- "GET /CQMSeriv/ HTTP/1.1" 200 22499
[2022-06-02 16:26:05,558] [basehttp.py:154] [basehttp:log_message] [INFO]- "GET /favicon.ico HTTP/1.1" 200 22499
[2022-06-02 16:26:34,331] [log.py:228] [log:log_response] [WARNING]- Forbidden: /CQM/CQMSeriv/
[2022-06-02 16:26:34,331] [basehttp.py:154] [basehttp:log_message] [WARNING]- "GET /CQM/CQMSeriv/ HTTP/1.1" 403 5260
[2022-06-02 16:26:34,363] [basehttp.py:154] [basehttp:log_message] [INFO]- "GET /static/rest_framework/css/bootstrap-tweaks.css HTTP/1.1" 200 3385
[2022-06-02 16:26:34,363] [basehttp.py:154] [basehttp:log_message] [INFO]- "GET /static/rest_framework/css/bootstrap.min.css HTTP/1.1" 200 121457
[2022-06-02 16:26:34,376] [basehttp.py:154] [basehttp:log_message] [INFO]- "GET /static/rest_framework/js/csrf.js HTTP/1.1" 200 1719
[2022-06-02 16:26:34,378] [basehttp.py:154] [basehttp:log_message] [INFO]- "GET /static/rest_framework/css/prettify.css HTTP/1.1" 200 817
[2022-06-02 16:26:34,382] [basehttp.py:154] [basehttp:log_message] [INFO]- "GET /static/rest_framework/js/bootstrap.min.js HTTP/1.1" 200 39680
[2022-06-02 16:26:34,383] [basehttp.py:154] [basehttp:log_message] [INFO]- "GET /static/rest_framework/js/prettify-min.js HTTP/1.1" 200 13632
[2022-06-02 16:26:34,386] [basehttp.py:154] [basehttp:log_message] [INFO]- "GET /static/rest_framework/css/default.css HTTP/1.1" 200 1131
[2022-06-02 16:26:34,388] [basehttp.py:154] [basehttp:log_message] [INFO]- "GET /static/rest_framework/js/default.js HTTP/1.1" 200 1268
[2022-06-02 16:26:34,390] [basehttp.py:154] [basehttp:log_message] [INFO]- "GET /static/rest_framework/js/jquery-3.4.1.min.js HTTP/1.1" 200 88145
[2022-06-02 16:26:34,400] [basehttp.py:154] [basehttp:log_message] [INFO]- "GET /static/rest_framework/img/grid.png HTTP/1.1" 200 1458
[2022-06-02 16:26:34,401] [basehttp.py:154] [basehttp:log_message] [INFO]- "GET /static/rest_framework/js/ajax-form.js HTTP/1.1" 200 3597
[2022-06-02 16:26:34,570] [basehttp.py:154] [basehttp:log_message] [INFO]- "GET /favicon.ico HTTP/1.1" 200 22499
[2022-06-02 16:30:11,207] [basehttp.py:154] [basehttp:log_message] [WARNING]- "GET /static/rest_framework/css/bootstrap.min.css.map HTTP/1.1" 404 1845
[2022-06-02 16:30:45,305] [log.py:228] [log:log_response] [WARNING]- Forbidden: /CQM/CQMSeriv/
[2022-06-02 16:30:45,307] [basehttp.py:154] [basehttp:log_message] [WARNING]- "GET /CQM/CQMSeriv/ HTTP/1.1" 403 5260
[2022-06-02 16:30:45,531] [basehttp.py:154] [basehttp:log_message] [WARNING]- "GET /static/rest_framework/css/bootstrap.min.css.map HTTP/1.1" 404 1845
[2022-06-02 16:30:45,617] [basehttp.py:154] [basehttp:log_message] [INFO]- "GET /favicon.ico HTTP/1.1" 200 22499
[2022-06-02 16:34:05,297] [log.py:228] [log:log_response] [WARNING]- Forbidden: /CQM/CQMSeriv/
[2022-06-02 16:34:05,297] [basehttp.py:154] [basehttp:log_message] [WARNING]- "GET /CQM/CQMSeriv/?username=C1010S3,password=12345678 HTTP/1.1" 403 5451
[2022-06-02 16:34:05,506] [basehttp.py:154] [basehttp:log_message] [WARNING]- "GET /static/rest_framework/css/bootstrap.min.css.map HTTP/1.1" 404 1845
[2022-06-02 16:34:05,589] [basehttp.py:154] [basehttp:log_message] [INFO]- "GET /favicon.ico HTTP/1.1" 200 22499
[2022-06-02 16:34:31,618] [log.py:228] [log:log_response] [WARNING]- Forbidden: /CQM/CQMSeriv/
[2022-06-02 16:34:31,618] [basehttp.py:154] [basehttp:log_message] [WARNING]- "GET /CQM/CQMSeriv/?username=C1010S3&password=12345678 HTTP/1.1" 403 5463
[2022-06-02 16:34:31,777] [basehttp.py:154] [basehttp:log_message] [WARNING]- "GET /static/rest_framework/css/bootstrap.min.css.map HTTP/1.1" 404 1845
[2022-06-02 16:34:31,892] [basehttp.py:154] [basehttp:log_message] [INFO]- "GET /favicon.ico HTTP/1.1" 200 22499
[2022-06-02 16:35:04,063] [log.py:228] [log:log_response] [WARNING]- Forbidden: /CQM/CQMSeriv/
[2022-06-02 16:35:04,064] [basehttp.py:154] [basehttp:log_message] [WARNING]- "GET /CQM/CQMSeriv/?username=C1010S3&password=12345678 HTTP/1.1" 403 5463
[2022-06-02 16:35:04,151] [basehttp.py:154] [basehttp:log_message] [WARNING]- "GET /static/rest_framework/css/bootstrap.min.css.map HTTP/1.1" 404 1845
[2022-06-02 16:35:04,238] [basehttp.py:154] [basehttp:log_message] [INFO]- "GET /favicon.ico HTTP/1.1" 200 22499
[2022-06-02 16:35:07,879] [log.py:228] [log:log_response] [WARNING]- Forbidden: /CQM/CQMSeriv/
[2022-06-02 16:35:07,879] [basehttp.py:154] [basehttp:log_message] [WARNING]- "GET /CQM/CQMSeriv/?format=api&password=12345678&username=C1010S3 HTTP/1.1" 403 5519
[2022-06-02 16:35:07,952] [basehttp.py:154] [basehttp:log_message] [WARNING]- "GET /static/rest_framework/css/bootstrap.min.css.map HTTP/1.1" 404 1845
[2022-06-02 16:35:08,000] [basehttp.py:154] [basehttp:log_message] [INFO]- "GET /favicon.ico HTTP/1.1" 200 22499
[2022-06-02 16:35:24,632] [log.py:228] [log:log_response] [WARNING]- Forbidden: /CQM/CQMSeriv/
[2022-06-02 16:35:24,633] [basehttp.py:154] [basehttp:log_message] [WARNING]- "GET /CQM/CQMSeriv/?format=api&password=12345678&username=C1010S3 HTTP/1.1" 403 5519
[2022-06-02 16:35:24,709] [basehttp.py:154] [basehttp:log_message] [WARNING]- "GET /static/rest_framework/css/bootstrap.min.css.map HTTP/1.1" 404 1845
[2022-06-02 16:35:24,795] [basehttp.py:154] [basehttp:log_message] [INFO]- "GET /favicon.ico HTTP/1.1" 200 22499
[2022-06-02 16:35:25,795] [log.py:228] [log:log_response] [WARNING]- Forbidden: /CQM/CQMSeriv/
[2022-06-02 16:35:25,796] [basehttp.py:154] [basehttp:log_message] [WARNING]- "GET /CQM/CQMSeriv/?format=api&password=12345678&username=C1010S3 HTTP/1.1" 403 5519
[2022-06-02 16:35:25,858] [basehttp.py:154] [basehttp:log_message] [WARNING]- "GET /static/rest_framework/css/bootstrap.min.css.map HTTP/1.1" 404 1845
[2022-06-02 16:35:25,951] [basehttp.py:154] [basehttp:log_message] [INFO]- "GET /favicon.ico HTTP/1.1" 200 22499
[2022-06-02 16:35:29,550] [log.py:228] [log:log_response] [WARNING]- Forbidden: /CQM/CQMSeriv/
[2022-06-02 16:35:29,551] [basehttp.py:154] [basehttp:log_message] [WARNING]- "OPTIONS /CQM/CQMSeriv/?format=api&password=12345678&username=C1010S3 HTTP/1.1" 403 5523
[2022-06-02 16:35:29,749] [basehttp.py:154] [basehttp:log_message] [WARNING]- "GET /static/rest_framework/css/bootstrap.min.css.map HTTP/1.1" 404 1845
[2022-06-02 16:35:40,820] [log.py:228] [log:log_response] [WARNING]- Forbidden: /CQM/CQMSeriv/
[2022-06-02 16:35:40,821] [basehttp.py:154] [basehttp:log_message] [WARNING]- "GET /CQM/CQMSeriv/?format=api&password=12345678&username=C1010S3 HTTP/1.1" 403 5519
[2022-06-02 16:35:40,879] [basehttp.py:154] [basehttp:log_message] [WARNING]- "GET /static/rest_framework/css/bootstrap.min.css.map HTTP/1.1" 404 1845
[2022-06-02 16:35:40,913] [basehttp.py:154] [basehttp:log_message] [INFO]- "GET /favicon.ico HTTP/1.1" 200 22499
[2022-06-02 16:35:42,958] [log.py:228] [log:log_response] [WARNING]- Forbidden: /CQM/CQMSeriv/
[2022-06-02 16:35:42,958] [basehttp.py:154] [basehttp:log_message] [WARNING]- "GET /CQM/CQMSeriv/?format=api&password=12345678&username=C1010S3 HTTP/1.1" 403 5519
[2022-06-02 16:35:43,106] [basehttp.py:154] [basehttp:log_message] [WARNING]- "GET /static/rest_framework/css/bootstrap.min.css.map HTTP/1.1" 404 1845
[2022-06-02 16:35:43,128] [basehttp.py:154] [basehttp:log_message] [INFO]- "GET /favicon.ico HTTP/1.1" 200 22499
[2022-06-02 16:35:43,713] [log.py:228] [log:log_response] [WARNING]- Forbidden: /CQM/CQMSeriv/
[2022-06-02 16:35:43,713] [basehttp.py:154] [basehttp:log_message] [WARNING]- "GET /CQM/CQMSeriv/?format=api&password=12345678&username=C1010S3 HTTP/1.1" 403 5519
[2022-06-02 16:35:44,179] [basehttp.py:154] [basehttp:log_message] [WARNING]- "GET /static/rest_framework/css/bootstrap.min.css.map HTTP/1.1" 404 1845
[2022-06-02 16:35:44,303] [basehttp.py:154] [basehttp:log_message] [INFO]- "GET /favicon.ico HTTP/1.1" 200 22499
[2022-06-02 16:35:45,977] [basehttp.py:154] [basehttp:log_message] [WARNING]- "GET /static/rest_framework/css/bootstrap.min.css.map HTTP/1.1" 404 1845
[2022-06-02 16:35:46,043] [basehttp.py:154] [basehttp:log_message] [INFO]- "GET /favicon.ico HTTP/1.1" 200 22499
[2022-06-02 16:35:46,201] [basehttp.py:154] [basehttp:log_message] [WARNING]- "GET /static/rest_framework/css/bootstrap.min.css.map HTTP/1.1" 404 1845
[2022-06-02 16:35:46,322] [basehttp.py:154] [basehttp:log_message] [INFO]- "GET /favicon.ico HTTP/1.1" 200 22499
[2022-06-02 16:36:58,752] [log.py:228] [log:log_response] [WARNING]- Forbidden: /CQM/CQMSeriv/
[2022-06-02 16:36:58,752] [basehttp.py:154] [basehttp:log_message] [WARNING]- "GET /CQM/CQMSeriv/?username=C1010S3,password=12345678 HTTP/1.1" 403 5451
[2022-06-02 16:36:58,799] [basehttp.py:154] [basehttp:log_message] [WARNING]- "GET /static/rest_framework/css/bootstrap.min.css.map HTTP/1.1" 404 1845
[2022-06-02 16:36:58,865] [basehttp.py:154] [basehttp:log_message] [INFO]- "GET /favicon.ico HTTP/1.1" 200 22499
[2022-06-02 16:39:07,157] [log.py:228] [log:log_response] [WARNING]- Forbidden: /CQM/CQMSeriv/
[2022-06-02 16:39:07,157] [basehttp.py:154] [basehttp:log_message] [WARNING]- "GET /CQM/CQMSeriv/?username=C1010S3,password=12345678 HTTP/1.1" 403 5451
[2022-06-02 16:39:07,206] [basehttp.py:154] [basehttp:log_message] [WARNING]- "GET /static/rest_framework/css/bootstrap.min.css.map HTTP/1.1" 404 1845
[2022-06-02 16:39:07,263] [basehttp.py:154] [basehttp:log_message] [INFO]- "GET /favicon.ico HTTP/1.1" 200 22499
[2022-06-02 16:42:26,631] [log.py:228] [log:log_response] [WARNING]- Forbidden: /CQM/CQMSeriv/
[2022-06-02 16:42:26,632] [basehttp.py:154] [basehttp:log_message] [WARNING]- "GET /CQM/CQMSeriv/?username=C1010S3,password=12345678 HTTP/1.1" 403 5451
[2022-06-02 16:42:26,673] [basehttp.py:154] [basehttp:log_message] [WARNING]- "GET /static/rest_framework/css/bootstrap.min.css.map HTTP/1.1" 404 1845
[2022-06-02 16:42:26,721] [basehttp.py:154] [basehttp:log_message] [INFO]- "GET /favicon.ico HTTP/1.1" 200 22499
[2022-06-02 16:42:28,080] [log.py:228] [log:log_response] [WARNING]- Forbidden: /CQM/CQMSeriv/
[2022-06-02 16:42:28,080] [basehttp.py:154] [basehttp:log_message] [WARNING]- "GET /CQM/CQMSeriv/?username=C1010S3,password=12345678 HTTP/1.1" 403 5451
[2022-06-02 16:42:28,119] [basehttp.py:154] [basehttp:log_message] [WARNING]- "GET /static/rest_framework/css/bootstrap.min.css.map HTTP/1.1" 404 1845
[2022-06-02 16:42:28,152] [basehttp.py:154] [basehttp:log_message] [INFO]- "GET /favicon.ico HTTP/1.1" 200 22499
[2022-06-02 16:43:49,836] [log.py:228] [log:log_response] [WARNING]- Forbidden: /CQM/CQMSeriv/
[2022-06-02 16:43:49,836] [basehttp.py:154] [basehttp:log_message] [WARNING]- "GET /CQM/CQMSeriv/?username=C1010S3,password=12345678 HTTP/1.1" 403 5451
[2022-06-02 16:43:49,880] [basehttp.py:154] [basehttp:log_message] [WARNING]- "GET /static/rest_framework/css/bootstrap.min.css.map HTTP/1.1" 404 1845
[2022-06-02 16:43:49,945] [basehttp.py:154] [basehttp:log_message] [INFO]- "GET /favicon.ico HTTP/1.1" 200 22499
[2022-06-02 16:44:53,661] [log.py:228] [log:log_response] [WARNING]- Forbidden: /CQM/CQMSeriv/
[2022-06-02 16:44:53,661] [basehttp.py:154] [basehttp:log_message] [WARNING]- "GET /CQM/CQMSeriv/?username=C1010S3,password=12345678 HTTP/1.1" 403 5451
[2022-06-02 16:44:53,726] [basehttp.py:154] [basehttp:log_message] [WARNING]- "GET /static/rest_framework/css/bootstrap.min.css.map HTTP/1.1" 404 1845
[2022-06-02 16:44:53,803] [basehttp.py:154] [basehttp:log_message] [INFO]- "GET /favicon.ico HTTP/1.1" 200 22499
[2022-06-02 16:48:44,985] [log.py:228] [log:log_response] [WARNING]- Forbidden: /CQM/CQMSeriv/
[2022-06-02 16:48:44,985] [basehttp.py:154] [basehttp:log_message] [WARNING]- "GET /CQM/CQMSeriv/?username=C1010S3,password=12345678 HTTP/1.1" 403 5451
[2022-06-02 16:48:45,121] [basehttp.py:154] [basehttp:log_message] [INFO]- "GET /favicon.ico HTTP/1.1" 200 22499
[2022-06-02 16:48:52,030] [basehttp.py:154] [basehttp:log_message] [INFO]- "GET / HTTP/1.1" 200 22499
[2022-06-02 16:48:52,201] [basehttp.py:154] [basehttp:log_message] [INFO]- "GET /favicon.ico HTTP/1.1" 200 22499
[2022-06-02 16:48:54,812] [basehttp.py:154] [basehttp:log_message] [INFO]- "GET /admin/ HTTP/1.1" 302 0
[2022-06-02 16:48:54,940] [basehttp.py:154] [basehttp:log_message] [INFO]- "GET /admin/login/?next=/admin/ HTTP/1.1" 200 1821
[2022-06-02 16:48:55,018] [basehttp.py:154] [basehttp:log_message] [INFO]- "GET /favicon.ico HTTP/1.1" 200 22499
[2022-06-02 16:49:17,115] [UserIP.py:89] [UserIP:process_response] [CRITICAL]- 系统错误
[2022-06-02 16:49:17,120] [basehttp.py:154] [basehttp:log_message] [INFO]- "POST /admin/login/?next=/admin/ HTTP/1.1" 302 0
[2022-06-02 16:49:17,229] [basehttp.py:154] [basehttp:log_message] [INFO]- "GET /admin/ HTTP/1.1" 200 43947
[2022-06-02 16:49:17,337] [basehttp.py:154] [basehttp:log_message] [INFO]- "GET /favicon.ico HTTP/1.1" 200 22499
[2022-06-02 16:49:20,764] [basehttp.py:154] [basehttp:log_message] [INFO]- "GET /admin/app01/role/ HTTP/1.1" 200 8604
[2022-06-02 16:49:20,791] [basehttp.py:154] [basehttp:log_message] [INFO]- "GET /admin/jsi18n/ HTTP/1.1" 200 7684
[2022-06-02 16:49:20,870] [basehttp.py:154] [basehttp:log_message] [INFO]- "GET /favicon.ico HTTP/1.1" 200 22499
[2022-06-02 16:49:25,099] [basehttp.py:154] [basehttp:log_message] [INFO]- "GET /admin/app01/role/12/change/ HTTP/1.1" 200 10710
[2022-06-02 16:49:25,124] [basehttp.py:154] [basehttp:log_message] [INFO]- "GET /admin/jsi18n/ HTTP/1.1" 200 7684
[2022-06-02 16:49:25,206] [basehttp.py:154] [basehttp:log_message] [INFO]- "GET /favicon.ico HTTP/1.1" 200 22499
[2022-06-02 16:49:27,024] [basehttp.py:154] [basehttp:log_message] [INFO]- "GET /admin/app01/role/ HTTP/1.1" 200 8604
[2022-06-02 16:49:27,113] [basehttp.py:154] [basehttp:log_message] [INFO]- "GET /favicon.ico HTTP/1.1" 200 22499
[2022-06-02 16:49:29,436] [basehttp.py:154] [basehttp:log_message] [INFO]- "GET /admin/ HTTP/1.1" 200 43947
[2022-06-02 16:49:29,480] [basehttp.py:154] [basehttp:log_message] [INFO]- "GET /favicon.ico HTTP/1.1" 200 22499
[2022-06-02 16:49:31,162] [basehttp.py:154] [basehttp:log_message] [INFO]- "GET /admin/app01/userinfo/ HTTP/1.1" 200 56932
[2022-06-02 16:49:31,184] [basehttp.py:154] [basehttp:log_message] [INFO]- "GET /admin/jsi18n/ HTTP/1.1" 200 7684
[2022-06-02 16:49:31,262] [basehttp.py:154] [basehttp:log_message] [INFO]- "GET /favicon.ico HTTP/1.1" 200 22499
[2022-06-02 16:49:42,908] [basehttp.py:154] [basehttp:log_message] [INFO]- "GET /admin/app01/userinfo/74/change/ HTTP/1.1" 200 7378
[2022-06-02 16:49:42,931] [basehttp.py:154] [basehttp:log_message] [INFO]- "GET /admin/jsi18n/ HTTP/1.1" 200 7684
[2022-06-02 16:49:42,984] [basehttp.py:154] [basehttp:log_message] [INFO]- "GET /favicon.ico HTTP/1.1" 200 22499
[2022-06-02 16:49:51,710] [log.py:228] [log:log_response] [WARNING]- Forbidden: /CQM/CQMSeriv/
[2022-06-02 16:49:51,711] [basehttp.py:154] [basehttp:log_message] [WARNING]- "GET /CQM/CQMSeriv/?username=API_CQM,password=12345678 HTTP/1.1" 403 5451
[2022-06-02 16:49:51,801] [basehttp.py:154] [basehttp:log_message] [WARNING]- "GET /static/rest_framework/css/bootstrap.min.css.map HTTP/1.1" 404 1845
[2022-06-02 16:49:51,853] [basehttp.py:154] [basehttp:log_message] [INFO]- "GET /favicon.ico HTTP/1.1" 200 22499
[2022-06-02 16:50:02,306] [log.py:228] [log:log_response] [WARNING]- Forbidden: /CQM/CQMSeriv/
[2022-06-02 16:50:02,307] [basehttp.py:154] [basehttp:log_message] [WARNING]- "GET /CQM/CQMSeriv/?username=API_CQM,password=12345678 HTTP/1.1" 403 5451
[2022-06-02 16:50:02,354] [basehttp.py:154] [basehttp:log_message] [WARNING]- "GET /static/rest_framework/css/bootstrap.min.css.map HTTP/1.1" 404 1845
[2022-06-02 16:50:02,437] [basehttp.py:154] [basehttp:log_message] [INFO]- "GET /favicon.ico HTTP/1.1" 200 22499
[2022-06-02 16:50:36,745] [log.py:228] [log:log_response] [WARNING]- Forbidden: /CQM/CQMSeriv/
[2022-06-02 16:50:36,746] [basehttp.py:154] [basehttp:log_message] [WARNING]- "GET /CQM/CQMSeriv/?username=API_CQM,password=12345678 HTTP/1.1" 403 5451
[2022-06-02 16:50:36,802] [basehttp.py:154] [basehttp:log_message] [WARNING]- "GET /static/rest_framework/css/bootstrap.min.css.map HTTP/1.1" 404 1845
[2022-06-02 16:50:36,936] [basehttp.py:154] [basehttp:log_message] [INFO]- "GET /favicon.ico HTTP/1.1" 200 22499
[2022-06-02 16:50:58,980] [log.py:228] [log:log_response] [WARNING]- Forbidden: /CQM/CQMSeriv/
[2022-06-02 16:50:58,980] [basehttp.py:154] [basehttp:log_message] [WARNING]- "GET /CQM/CQMSeriv/?username=API_CQM,password=12345678 HTTP/1.1" 403 5451
[2022-06-02 16:50:59,033] [basehttp.py:154] [basehttp:log_message] [WARNING]- "GET /static/rest_framework/css/bootstrap.min.css.map HTTP/1.1" 404 1845
[2022-06-02 16:50:59,120] [basehttp.py:154] [basehttp:log_message] [INFO]- "GET /favicon.ico HTTP/1.1" 200 22499
[2022-06-02 16:51:42,107] [basehttp.py:154] [basehttp:log_message] [INFO]- "GET /CQM/CQMSeriv/?username=API_CQM&password=12345678 HTTP/1.1" 200 2
[2022-06-02 16:51:42,135] [basehttp.py:154] [basehttp:log_message] [INFO]- "GET /favicon.ico HTTP/1.1" 200 22499
[2022-06-02 16:52:57,282] [basehttp.py:154] [basehttp:log_message] [INFO]- "GET /CQM/CQMSeriv/?username=API_CQM&password=12345678&Project=FL543 HTTP/1.1" 200 2
[2022-06-02 16:52:57,329] [basehttp.py:154] [basehttp:log_message] [INFO]- "GET /favicon.ico HTTP/1.1" 200 22499
[2022-06-02 16:53:04,561] [basehttp.py:154] [basehttp:log_message] [INFO]- "GET /CQM/CQMSeriv/?username=API_CQM&password=12345678&Project=GLMS0 HTTP/1.1" 200 2
[2022-06-02 16:53:04,627] [basehttp.py:154] [basehttp:log_message] [INFO]- "GET /favicon.ico HTTP/1.1" 200 22499
[2022-06-02 16:53:07,604] [basehttp.py:154] [basehttp:log_message] [INFO]- "GET /CQM/CQMSeriv/?username=API_CQM&password=12345678&Project=GLMS1 HTTP/1.1" 200 43307
[2022-06-02 16:53:07,694] [basehttp.py:154] [basehttp:log_message] [INFO]- "GET /favicon.ico HTTP/1.1" 200 22499
[2022-06-02 16:56:21,914] [basehttp.py:154] [basehttp:log_message] [INFO]- "GET /CQM/CQMSeriv/?username=API_CQM&password=12345678&Project=GLMS1 HTTP/1.1" 200 43307
[2022-06-02 16:56:21,984] [basehttp.py:154] [basehttp:log_message] [INFO]- "GET /favicon.ico HTTP/1.1" 200 22499
[2022-06-02 16:56:33,207] [basehttp.py:154] [basehttp:log_message] [INFO]- "GET /CQM/CQMSeriv/?Project=GLMS1 HTTP/1.1" 200 43307
[2022-06-02 16:56:33,244] [basehttp.py:154] [basehttp:log_message] [INFO]- "GET /favicon.ico HTTP/1.1" 200 22499
[2022-06-02 16:56:37,993] [basehttp.py:154] [basehttp:log_message] [INFO]- "GET /CQM/CQMSeriv/?Project=GLMS0 HTTP/1.1" 200 2
[2022-06-02 16:56:38,028] [basehttp.py:154] [basehttp:log_message] [INFO]- "GET /favicon.ico HTTP/1.1" 200 22499
[2022-06-02 16:56:42,419] [basehttp.py:154] [basehttp:log_message] [INFO]- "GET /CQM/CQMSeriv/?Project=GLMS1 HTTP/1.1" 200 43307
[2022-06-02 16:56:42,458] [basehttp.py:154] [basehttp:log_message] [INFO]- "GET /favicon.ico HTTP/1.1" 200 22499
[2022-06-02 16:57:44,886] [basehttp.py:154] [basehttp:log_message] [INFO]- "GET /CQM/CQMSeriv/?Project=GLMS1 HTTP/1.1" 200 43307
[2022-06-02 16:57:44,946] [basehttp.py:154] [basehttp:log_message] [INFO]- "GET /favicon.ico HTTP/1.1" 200 22499
[2022-06-02 16:57:45,664] [basehttp.py:154] [basehttp:log_message] [INFO]- "GET /CQM/CQMSeriv/?Project=GLMS1 HTTP/1.1" 200 43307
[2022-06-02 16:57:45,746] [basehttp.py:154] [basehttp:log_message] [INFO]- "GET /favicon.ico HTTP/1.1" 200 22499
[2022-06-02 16:57:45,880] [basehttp.py:154] [basehttp:log_message] [INFO]- "GET /CQM/CQMSeriv/?Project=GLMS1 HTTP/1.1" 200 43307
[2022-06-02 16:57:45,920] [basehttp.py:154] [basehttp:log_message] [INFO]- "GET /favicon.ico HTTP/1.1" 200 22499
[2022-06-02 16:57:46,054] [basehttp.py:154] [basehttp:log_message] [INFO]- "GET /CQM/CQMSeriv/?Project=GLMS1 HTTP/1.1" 200 43307
[2022-06-02 16:57:46,115] [basehttp.py:154] [basehttp:log_message] [INFO]- "GET /favicon.ico HTTP/1.1" 200 22499
[2022-06-02 16:57:46,234] [basehttp.py:154] [basehttp:log_message] [INFO]- "GET /CQM/CQMSeriv/?Project=GLMS1 HTTP/1.1" 200 43307
[2022-06-02 16:57:46,281] [basehttp.py:154] [basehttp:log_message] [INFO]- "GET /favicon.ico HTTP/1.1" 200 22499
[2022-06-02 16:57:59,522] [basehttp.py:154] [basehttp:log_message] [INFO]- "GET /CQM/CQMSeriv/?Project=GLMS1 HTTP/1.1" 200 43307
[2022-06-02 16:57:59,571] [basehttp.py:154] [basehttp:log_message] [INFO]- "GET /favicon.ico HTTP/1.1" 200 22499
[2022-06-02 16:58:00,275] [basehttp.py:154] [basehttp:log_message] [INFO]- "GET /CQM/CQMSeriv/?Project=GLMS1 HTTP/1.1" 200 43307
[2022-06-02 16:58:00,310] [basehttp.py:154] [basehttp:log_message] [INFO]- "GET /favicon.ico HTTP/1.1" 200 22499
[2022-06-02 16:58:00,541] [basehttp.py:154] [basehttp:log_message] [INFO]- "GET /CQM/CQMSeriv/?Project=GLMS1 HTTP/1.1" 200 43307
[2022-06-02 16:58:00,592] [basehttp.py:154] [basehttp:log_message] [INFO]- "GET /favicon.ico HTTP/1.1" 200 22499
[2022-06-02 16:58:00,724] [basehttp.py:154] [basehttp:log_message] [INFO]- "GET /CQM/CQMSeriv/?Project=GLMS1 HTTP/1.1" 200 43307
[2022-06-02 16:58:00,779] [basehttp.py:154] [basehttp:log_message] [INFO]- "GET /favicon.ico HTTP/1.1" 200 22499
[2022-06-02 16:58:00,975] [basehttp.py:154] [basehttp:log_message] [INFO]- "GET /CQM/CQMSeriv/?Project=GLMS1 HTTP/1.1" 200 43307
[2022-06-02 16:58:01,023] [basehttp.py:154] [basehttp:log_message] [INFO]- "GET /favicon.ico HTTP/1.1" 200 22499
[2022-06-02 16:58:17,815] [log.py:228] [log:log_response] [ERROR]- Internal Server Error: /CQM/CQMSeriv/
Traceback (most recent call last):
  File "C:\Python372\mecheck\lib\site-packages\django\core\handlers\exception.py", line 34, in inner
    response = get_response(request)
  File "C:\Python372\mecheck\lib\site-packages\django\core\handlers\base.py", line 126, in _get_response
    response = self.process_exception_by_middleware(e, request)
  File "C:\Python372\mecheck\lib\site-packages\django\core\handlers\base.py", line 124, in _get_response
    response = wrapped_callback(request, *callback_args, **callback_kwargs)
  File "C:\Python372\mecheck\lib\site-packages\django\views\decorators\csrf.py", line 54, in wrapped_view
    return view_func(*args, **kwargs)
  File "C:\Python372\mecheck\lib\site-packages\django\views\generic\base.py", line 68, in view
    return self.dispatch(request, *args, **kwargs)
  File "C:\Python372\mecheck\lib\site-packages\rest_framework\views.py", line 505, in dispatch
    response = self.handle_exception(exc)
  File "C:\Python372\mecheck\lib\site-packages\rest_framework\views.py", line 465, in handle_exception
    self.raise_uncaught_exception(exc)
  File "C:\Python372\mecheck\lib\site-packages\rest_framework\views.py", line 476, in raise_uncaught_exception
    raise exc
  File "C:\Python372\mecheck\lib\site-packages\rest_framework\views.py", line 493, in dispatch
    self.initial(request, *args, **kwargs)
  File "C:\Python372\mecheck\lib\site-packages\rest_framework\views.py", line 411, in initial
    self.check_permissions(request)
  File "C:\Python372\mecheck\lib\site-packages\rest_framework\views.py", line 332, in check_permissions
    if not permission.has_permission(request, self):
  File "C:\djangoproject\Reliability_Row_data\INVGantt\permissions.py", line 38, in has_permission
    groups = request.user.role.all()
  File "C:\Python372\mecheck\lib\site-packages\django\utils\functional.py", line 214, in inner
    return func(self._wrapped, *args)
AttributeError: 'User' object has no attribute 'role'
[2022-06-02 16:58:17,817] [basehttp.py:154] [basehttp:log_message] [ERROR]- "GET /CQM/CQMSeriv/?Project=GLMS1 HTTP/1.1" 500 116174
[2022-06-02 16:58:18,024] [basehttp.py:154] [basehttp:log_message] [INFO]- "GET /favicon.ico HTTP/1.1" 200 22499
[2022-06-02 16:59:23,718] [log.py:228] [log:log_response] [ERROR]- Internal Server Error: /CQM/CQMSeriv/
Traceback (most recent call last):
  File "C:\Python372\mecheck\lib\site-packages\django\core\handlers\exception.py", line 34, in inner
    response = get_response(request)
  File "C:\Python372\mecheck\lib\site-packages\django\core\handlers\base.py", line 126, in _get_response
    response = self.process_exception_by_middleware(e, request)
  File "C:\Python372\mecheck\lib\site-packages\django\core\handlers\base.py", line 124, in _get_response
    response = wrapped_callback(request, *callback_args, **callback_kwargs)
  File "C:\Python372\mecheck\lib\site-packages\django\views\decorators\csrf.py", line 54, in wrapped_view
    return view_func(*args, **kwargs)
  File "C:\Python372\mecheck\lib\site-packages\django\views\generic\base.py", line 68, in view
    return self.dispatch(request, *args, **kwargs)
  File "C:\Python372\mecheck\lib\site-packages\rest_framework\views.py", line 505, in dispatch
    response = self.handle_exception(exc)
  File "C:\Python372\mecheck\lib\site-packages\rest_framework\views.py", line 465, in handle_exception
    self.raise_uncaught_exception(exc)
  File "C:\Python372\mecheck\lib\site-packages\rest_framework\views.py", line 476, in raise_uncaught_exception
    raise exc
  File "C:\Python372\mecheck\lib\site-packages\rest_framework\views.py", line 493, in dispatch
    self.initial(request, *args, **kwargs)
  File "C:\Python372\mecheck\lib\site-packages\rest_framework\views.py", line 411, in initial
    self.check_permissions(request)
  File "C:\Python372\mecheck\lib\site-packages\rest_framework\views.py", line 332, in check_permissions
    if not permission.has_permission(request, self):
  File "C:\djangoproject\Reliability_Row_data\INVGantt\permissions.py", line 38, in has_permission
    groups = request.user.role.all()
  File "C:\Python372\mecheck\lib\site-packages\django\utils\functional.py", line 214, in inner
    return func(self._wrapped, *args)
AttributeError: 'User' object has no attribute 'role'
[2022-06-02 16:59:23,720] [basehttp.py:154] [basehttp:log_message] [ERROR]- "GET /CQM/CQMSeriv/ HTTP/1.1" 500 115637
[2022-06-02 16:59:23,835] [basehttp.py:154] [basehttp:log_message] [INFO]- "GET /favicon.ico HTTP/1.1" 200 22499
[2022-06-02 17:00:00,651] [basehttp.py:154] [basehttp:log_message] [INFO]- "GET /CQM/CQMSeriv/ HTTP/1.1" 200 2
[2022-06-02 17:00:00,714] [basehttp.py:154] [basehttp:log_message] [INFO]- "GET /favicon.ico HTTP/1.1" 200 22499
[2022-06-02 17:00:12,617] [basehttp.py:154] [basehttp:log_message] [INFO]- "GET /CQM/CQMSeriv/ HTTP/1.1" 200 2
[2022-06-02 17:00:12,676] [basehttp.py:154] [basehttp:log_message] [INFO]- "GET /favicon.ico HTTP/1.1" 200 22499
[2022-06-02 17:00:14,595] [basehttp.py:154] [basehttp:log_message] [INFO]- "GET /CQM/CQMSeriv/ HTTP/1.1" 200 2
[2022-06-02 17:00:14,620] [basehttp.py:154] [basehttp:log_message] [INFO]- "GET /favicon.ico HTTP/1.1" 200 22499
[2022-06-02 17:00:22,595] [basehttp.py:154] [basehttp:log_message] [INFO]- "GET /CQM/CQMSeriv/ HTTP/1.1" 200 2
[2022-06-02 17:00:22,633] [basehttp.py:154] [basehttp:log_message] [INFO]- "GET /favicon.ico HTTP/1.1" 200 22499
[2022-06-02 17:00:37,509] [basehttp.py:154] [basehttp:log_message] [INFO]- "GET /CQM/CQMSeriv/ HTTP/1.1" 200 2
[2022-06-02 17:00:37,635] [basehttp.py:154] [basehttp:log_message] [INFO]- "GET /favicon.ico HTTP/1.1" 200 22499
[2022-06-02 17:00:38,380] [basehttp.py:154] [basehttp:log_message] [INFO]- "GET /CQM/CQMSeriv/ HTTP/1.1" 200 2
[2022-06-02 17:00:38,423] [basehttp.py:154] [basehttp:log_message] [INFO]- "GET /favicon.ico HTTP/1.1" 200 22499
[2022-06-02 17:00:38,619] [basehttp.py:154] [basehttp:log_message] [INFO]- "GET /CQM/CQMSeriv/ HTTP/1.1" 200 2
[2022-06-02 17:00:38,642] [basehttp.py:154] [basehttp:log_message] [INFO]- "GET /favicon.ico HTTP/1.1" 200 22499
[2022-06-02 17:00:38,879] [basehttp.py:154] [basehttp:log_message] [INFO]- "GET /CQM/CQMSeriv/ HTTP/1.1" 200 2
[2022-06-02 17:00:38,903] [basehttp.py:154] [basehttp:log_message] [INFO]- "GET /favicon.ico HTTP/1.1" 200 22499
[2022-06-02 17:00:39,073] [basehttp.py:154] [basehttp:log_message] [INFO]- "GET /CQM/CQMSeriv/ HTTP/1.1" 200 2
[2022-06-02 17:00:39,124] [basehttp.py:154] [basehttp:log_message] [INFO]- "GET /favicon.ico HTTP/1.1" 200 22499
[2022-06-02 17:00:39,320] [basehttp.py:154] [basehttp:log_message] [INFO]- "GET /CQM/CQMSeriv/ HTTP/1.1" 200 2
[2022-06-02 17:00:39,368] [basehttp.py:154] [basehttp:log_message] [INFO]- "GET /favicon.ico HTTP/1.1" 200 22499
[2022-06-02 17:00:39,573] [basehttp.py:154] [basehttp:log_message] [INFO]- "GET /CQM/CQMSeriv/ HTTP/1.1" 200 2
[2022-06-02 17:00:39,643] [basehttp.py:154] [basehttp:log_message] [INFO]- "GET /favicon.ico HTTP/1.1" 200 22499
[2022-06-02 17:00:39,768] [basehttp.py:154] [basehttp:log_message] [INFO]- "GET /CQM/CQMSeriv/ HTTP/1.1" 200 2
[2022-06-02 17:00:39,794] [basehttp.py:154] [basehttp:log_message] [INFO]- "GET /favicon.ico HTTP/1.1" 200 22499
[2022-06-02 17:00:39,998] [basehttp.py:154] [basehttp:log_message] [INFO]- "GET /CQM/CQMSeriv/ HTTP/1.1" 200 2
[2022-06-02 17:00:40,045] [basehttp.py:154] [basehttp:log_message] [INFO]- "GET /favicon.ico HTTP/1.1" 200 22499
[2022-06-02 17:01:39,165] [basehttp.py:154] [basehttp:log_message] [INFO]- "GET /CQM/CQMSeriv/ HTTP/1.1" 200 2
[2022-06-02 17:01:39,191] [basehttp.py:154] [basehttp:log_message] [INFO]- "GET /favicon.ico HTTP/1.1" 200 22499
[2022-06-02 17:01:39,983] [basehttp.py:154] [basehttp:log_message] [INFO]- "GET /CQM/CQMSeriv/ HTTP/1.1" 200 2
[2022-06-02 17:01:40,000] [basehttp.py:154] [basehttp:log_message] [INFO]- "GET /favicon.ico HTTP/1.1" 200 22499
[2022-06-02 17:01:40,201] [basehttp.py:154] [basehttp:log_message] [INFO]- "GET /CQM/CQMSeriv/ HTTP/1.1" 200 2
[2022-06-02 17:01:40,221] [basehttp.py:154] [basehttp:log_message] [INFO]- "GET /favicon.ico HTTP/1.1" 200 22499
[2022-06-02 17:01:40,434] [basehttp.py:154] [basehttp:log_message] [INFO]- "GET /CQM/CQMSeriv/ HTTP/1.1" 200 2
[2022-06-02 17:01:40,455] [basehttp.py:154] [basehttp:log_message] [INFO]- "GET /favicon.ico HTTP/1.1" 200 22499
[2022-06-02 17:01:40,617] [basehttp.py:154] [basehttp:log_message] [INFO]- "GET /CQM/CQMSeriv/ HTTP/1.1" 200 2
[2022-06-02 17:01:40,637] [basehttp.py:154] [basehttp:log_message] [INFO]- "GET /favicon.ico HTTP/1.1" 200 22499
[2022-06-02 17:01:40,866] [basehttp.py:154] [basehttp:log_message] [INFO]- "GET /CQM/CQMSeriv/ HTTP/1.1" 200 2
[2022-06-02 17:01:40,883] [basehttp.py:154] [basehttp:log_message] [INFO]- "GET /favicon.ico HTTP/1.1" 200 22499
[2022-06-02 17:01:54,571] [log.py:228] [log:log_response] [WARNING]- Unauthorized: /CQM/CQMSeriv/
[2022-06-02 17:01:54,572] [basehttp.py:154] [basehttp:log_message] [WARNING]- "GET /CQM/CQMSeriv/ HTTP/1.1" 401 5147
[2022-06-02 17:02:08,088] [log.py:228] [log:log_response] [WARNING]- Unauthorized: /CQM/CQMSeriv/
[2022-06-02 17:02:08,088] [basehttp.py:154] [basehttp:log_message] [WARNING]- "GET /CQM/CQMSeriv/ HTTP/1.1" 401 5147
[2022-06-02 17:02:08,257] [basehttp.py:154] [basehttp:log_message] [INFO]- "GET /favicon.ico HTTP/1.1" 200 22499
[2022-06-02 17:03:10,819] [log.py:228] [log:log_response] [WARNING]- Unauthorized: /CQM/CQMSeriv/
[2022-06-02 17:03:10,820] [basehttp.py:154] [basehttp:log_message] [WARNING]- "GET /CQM/CQMSeriv/?Project=GLMS1 HTTP/1.1" 401 5211
[2022-06-02 17:03:16,363] [basehttp.py:154] [basehttp:log_message] [INFO]- "GET /CQM/CQMSeriv/?Project=GLMS1 HTTP/1.1" 200 43307
[2022-06-02 17:03:16,427] [basehttp.py:154] [basehttp:log_message] [INFO]- "GET /favicon.ico HTTP/1.1" 200 22499
[2022-06-02 17:03:45,553] [log.py:228] [log:log_response] [WARNING]- Forbidden: /CQM/CQMSeriv/
[2022-06-02 17:03:45,553] [basehttp.py:154] [basehttp:log_message] [WARNING]- "GET /CQM/CQMSeriv/?Project=GLMS1 HTTP/1.1" 403 5077
[2022-06-02 17:03:45,727] [basehttp.py:154] [basehttp:log_message] [INFO]- "GET /favicon.ico HTTP/1.1" 200 22499
[2022-06-02 17:04:28,754] [basehttp.py:154] [basehttp:log_message] [INFO]- "GET /admin/app01/userinfo/ HTTP/1.1" 200 56932
[2022-06-02 17:04:28,894] [basehttp.py:154] [basehttp:log_message] [INFO]- "GET /favicon.ico HTTP/1.1" 200 22499
[2022-06-02 17:04:32,997] [basehttp.py:154] [basehttp:log_message] [INFO]- "GET /admin/ HTTP/1.1" 200 43947
[2022-06-02 17:04:33,078] [basehttp.py:154] [basehttp:log_message] [INFO]- "GET /favicon.ico HTTP/1.1" 200 22499
[2022-06-02 17:04:37,854] [basehttp.py:154] [basehttp:log_message] [INFO]- "GET /admin/auth/user/ HTTP/1.1" 200 10996
[2022-06-02 17:04:37,895] [basehttp.py:154] [basehttp:log_message] [INFO]- "GET /admin/jsi18n/ HTTP/1.1" 200 7684
[2022-06-02 17:04:37,895] [basehttp.py:154] [basehttp:log_message] [INFO]- "GET /static/admin/img/icon-yes.svg HTTP/1.1" 200 436
[2022-06-02 17:04:38,008] [basehttp.py:154] [basehttp:log_message] [INFO]- "GET /favicon.ico HTTP/1.1" 200 22499
[2022-06-02 17:04:42,040] [basehttp.py:154] [basehttp:log_message] [INFO]- "GET /admin/auth/user/9/change/ HTTP/1.1" 200 40490
[2022-06-02 17:04:42,058] [basehttp.py:154] [basehttp:log_message] [INFO]- "GET /static/admin/js/calendar.js HTTP/1.1" 200 7777
[2022-06-02 17:04:42,058] [basehttp.py:154] [basehttp:log_message] [INFO]- "GET /static/admin/js/admin/DateTimeShortcuts.js HTTP/1.1" 200 20281
[2022-06-02 17:04:42,077] [basehttp.py:154] [basehttp:log_message] [INFO]- "GET /admin/jsi18n/ HTTP/1.1" 200 7684
[2022-06-02 17:04:42,156] [basehttp.py:154] [basehttp:log_message] [INFO]- "GET /static/admin/img/icon-clock.svg HTTP/1.1" 200 677
[2022-06-02 17:04:42,156] [basehttp.py:154] [basehttp:log_message] [INFO]- "GET /static/admin/img/icon-calendar.svg HTTP/1.1" 200 1086
[2022-06-02 17:04:42,182] [basehttp.py:154] [basehttp:log_message] [INFO]- "GET /favicon.ico HTTP/1.1" 200 22499
[2022-06-02 17:05:20,895] [log.py:228] [log:log_response] [WARNING]- Forbidden: /CQM/CQMSeriv/
[2022-06-02 17:05:20,895] [basehttp.py:154] [basehttp:log_message] [WARNING]- "GET /CQM/CQMSeriv/?Project=GLMS1 HTTP/1.1" 403 5077
[2022-06-02 17:05:20,994] [basehttp.py:154] [basehttp:log_message] [INFO]- "GET /favicon.ico HTTP/1.1" 200 22499
[2022-06-02 17:05:21,656] [log.py:228] [log:log_response] [WARNING]- Forbidden: /CQM/CQMSeriv/
[2022-06-02 17:05:21,656] [basehttp.py:154] [basehttp:log_message] [WARNING]- "GET /CQM/CQMSeriv/?Project=GLMS1 HTTP/1.1" 403 5077
[2022-06-02 17:05:21,694] [basehttp.py:154] [basehttp:log_message] [INFO]- "GET /favicon.ico HTTP/1.1" 200 22499
[2022-06-02 17:05:21,857] [log.py:228] [log:log_response] [WARNING]- Forbidden: /CQM/CQMSeriv/
[2022-06-02 17:05:21,857] [basehttp.py:154] [basehttp:log_message] [WARNING]- "GET /CQM/CQMSeriv/?Project=GLMS1 HTTP/1.1" 403 5077
[2022-06-02 17:05:21,937] [basehttp.py:154] [basehttp:log_message] [INFO]- "GET /favicon.ico HTTP/1.1" 200 22499
[2022-06-02 17:05:22,078] [log.py:228] [log:log_response] [WARNING]- Forbidden: /CQM/CQMSeriv/
[2022-06-02 17:05:22,079] [basehttp.py:154] [basehttp:log_message] [WARNING]- "GET /CQM/CQMSeriv/?Project=GLMS1 HTTP/1.1" 403 5077
[2022-06-02 17:05:22,121] [basehttp.py:154] [basehttp:log_message] [INFO]- "GET /favicon.ico HTTP/1.1" 200 22499
[2022-06-02 17:05:34,149] [log.py:228] [log:log_response] [WARNING]- Forbidden: /CQM/CQMSeriv/
[2022-06-02 17:05:34,150] [basehttp.py:154] [basehttp:log_message] [WARNING]- "GET /CQM/CQMSeriv/?Project=GLMS1 HTTP/1.1" 403 5077
[2022-06-02 17:05:34,302] [basehttp.py:154] [basehttp:log_message] [INFO]- "GET /favicon.ico HTTP/1.1" 200 22499
[2022-06-02 17:05:35,137] [log.py:228] [log:log_response] [WARNING]- Forbidden: /CQM/CQMSeriv/
[2022-06-02 17:05:35,137] [basehttp.py:154] [basehttp:log_message] [WARNING]- "GET /CQM/CQMSeriv/?Project=GLMS1 HTTP/1.1" 403 5077
[2022-06-02 17:05:35,209] [basehttp.py:154] [basehttp:log_message] [INFO]- "GET /favicon.ico HTTP/1.1" 200 22499
[2022-06-02 17:05:35,322] [log.py:228] [log:log_response] [WARNING]- Forbidden: /CQM/CQMSeriv/
[2022-06-02 17:05:35,323] [basehttp.py:154] [basehttp:log_message] [WARNING]- "GET /CQM/CQMSeriv/?Project=GLMS1 HTTP/1.1" 403 5077
[2022-06-02 17:05:35,396] [basehttp.py:154] [basehttp:log_message] [INFO]- "GET /favicon.ico HTTP/1.1" 200 22499
[2022-06-02 17:05:35,523] [log.py:228] [log:log_response] [WARNING]- Forbidden: /CQM/CQMSeriv/
[2022-06-02 17:05:35,524] [basehttp.py:154] [basehttp:log_message] [WARNING]- "GET /CQM/CQMSeriv/?Project=GLMS1 HTTP/1.1" 403 5077
[2022-06-02 17:05:35,587] [basehttp.py:154] [basehttp:log_message] [INFO]- "GET /favicon.ico HTTP/1.1" 200 22499
[2022-06-02 17:05:55,399] [log.py:228] [log:log_response] [WARNING]- Forbidden: /CQM/CQMSeriv/
[2022-06-02 17:05:55,400] [basehttp.py:154] [basehttp:log_message] [WARNING]- "GET /CQM/CQMSeriv/?Project=GLMS1 HTTP/1.1" 403 5077
[2022-06-02 17:05:55,419] [basehttp.py:154] [basehttp:log_message] [INFO]- "GET /static/rest_framework/css/bootstrap-tweaks.css HTTP/1.1" 200 3385
[2022-06-02 17:05:55,421] [basehttp.py:154] [basehttp:log_message] [INFO]- "GET /static/rest_framework/css/prettify.css HTTP/1.1" 200 817
[2022-06-02 17:05:55,421] [basehttp.py:154] [basehttp:log_message] [INFO]- "GET /static/rest_framework/css/bootstrap.min.css HTTP/1.1" 200 121457
[2022-06-02 17:05:55,422] [basehttp.py:154] [basehttp:log_message] [INFO]- "GET /static/rest_framework/js/csrf.js HTTP/1.1" 200 1719
[2022-06-02 17:05:55,423] [basehttp.py:154] [basehttp:log_message] [INFO]- "GET /static/rest_framework/css/default.css HTTP/1.1" 200 1131
[2022-06-02 17:05:55,430] [basehttp.py:154] [basehttp:log_message] [INFO]- "GET /static/rest_framework/js/prettify-min.js HTTP/1.1" 200 13632
[2022-06-02 17:05:55,430] [basehttp.py:154] [basehttp:log_message] [INFO]- "GET /static/rest_framework/js/ajax-form.js HTTP/1.1" 200 3597
[2022-06-02 17:05:55,431] [basehttp.py:154] [basehttp:log_message] [INFO]- "GET /static/rest_framework/js/bootstrap.min.js HTTP/1.1" 200 39680
[2022-06-02 17:05:55,432] [basehttp.py:154] [basehttp:log_message] [INFO]- "GET /static/rest_framework/js/jquery-3.4.1.min.js HTTP/1.1" 200 88145
[2022-06-02 17:05:55,434] [basehttp.py:154] [basehttp:log_message] [INFO]- "GET /static/rest_framework/js/default.js HTTP/1.1" 200 1268
[2022-06-02 17:05:55,440] [basehttp.py:154] [basehttp:log_message] [INFO]- "GET /static/rest_framework/img/grid.png HTTP/1.1" 200 1458
[2022-06-02 17:05:55,490] [basehttp.py:154] [basehttp:log_message] [INFO]- "GET /favicon.ico HTTP/1.1" 302 0
[2022-06-02 17:05:55,497] [basehttp.py:154] [basehttp:log_message] [INFO]- "GET /login/ HTTP/1.1" 200 4677
[2022-06-02 17:05:56,639] [log.py:228] [log:log_response] [WARNING]- Forbidden: /CQM/CQMSeriv/
[2022-06-02 17:05:56,639] [basehttp.py:154] [basehttp:log_message] [WARNING]- "GET /CQM/CQMSeriv/?Project=GLMS1 HTTP/1.1" 403 5077
[2022-06-02 17:05:56,688] [basehttp.py:154] [basehttp:log_message] [INFO]- "GET /favicon.ico HTTP/1.1" 302 0
[2022-06-02 17:05:56,698] [basehttp.py:154] [basehttp:log_message] [INFO]- "GET /login/ HTTP/1.1" 200 4677
[2022-06-02 17:05:56,829] [log.py:228] [log:log_response] [WARNING]- Forbidden: /CQM/CQMSeriv/
[2022-06-02 17:05:56,830] [basehttp.py:154] [basehttp:log_message] [WARNING]- "GET /CQM/CQMSeriv/?Project=GLMS1 HTTP/1.1" 403 5077
[2022-06-02 17:05:56,885] [basehttp.py:154] [basehttp:log_message] [INFO]- "GET /favicon.ico HTTP/1.1" 302 0
[2022-06-02 17:05:56,896] [basehttp.py:154] [basehttp:log_message] [INFO]- "GET /login/ HTTP/1.1" 200 4677
[2022-06-02 17:05:57,033] [log.py:228] [log:log_response] [WARNING]- Forbidden: /CQM/CQMSeriv/
[2022-06-02 17:05:57,034] [basehttp.py:154] [basehttp:log_message] [WARNING]- "GET /CQM/CQMSeriv/?Project=GLMS1 HTTP/1.1" 403 5077
[2022-06-02 17:05:57,095] [basehttp.py:154] [basehttp:log_message] [INFO]- "GET /favicon.ico HTTP/1.1" 302 0
[2022-06-02 17:05:57,103] [basehttp.py:154] [basehttp:log_message] [INFO]- "GET /login/ HTTP/1.1" 200 4677
[2022-06-02 17:05:57,280] [log.py:228] [log:log_response] [WARNING]- Forbidden: /CQM/CQMSeriv/
[2022-06-02 17:05:57,281] [basehttp.py:154] [basehttp:log_message] [WARNING]- "GET /CQM/CQMSeriv/?Project=GLMS1 HTTP/1.1" 403 5077
[2022-06-02 17:05:57,304] [basehttp.py:154] [basehttp:log_message] [INFO]- "GET /favicon.ico HTTP/1.1" 302 0
[2022-06-02 17:05:57,311] [basehttp.py:154] [basehttp:log_message] [INFO]- "GET /login/ HTTP/1.1" 200 4677
[2022-06-02 17:06:04,497] [log.py:228] [log:log_response] [ERROR]- Internal Server Error: /CQM/CQMSeriv/
Traceback (most recent call last):
  File "C:\Python372\mecheck\lib\site-packages\django\core\handlers\exception.py", line 34, in inner
    response = get_response(request)
  File "C:\Python372\mecheck\lib\site-packages\django\core\handlers\base.py", line 126, in _get_response
    response = self.process_exception_by_middleware(e, request)
  File "C:\Python372\mecheck\lib\site-packages\django\core\handlers\base.py", line 124, in _get_response
    response = wrapped_callback(request, *callback_args, **callback_kwargs)
  File "C:\Python372\mecheck\lib\site-packages\django\views\decorators\csrf.py", line 54, in wrapped_view
    return view_func(*args, **kwargs)
  File "C:\Python372\mecheck\lib\site-packages\django\views\generic\base.py", line 68, in view
    return self.dispatch(request, *args, **kwargs)
  File "C:\Python372\mecheck\lib\site-packages\rest_framework\views.py", line 505, in dispatch
    response = self.handle_exception(exc)
  File "C:\Python372\mecheck\lib\site-packages\rest_framework\views.py", line 465, in handle_exception
    self.raise_uncaught_exception(exc)
  File "C:\Python372\mecheck\lib\site-packages\rest_framework\views.py", line 476, in raise_uncaught_exception
    raise exc
  File "C:\Python372\mecheck\lib\site-packages\rest_framework\views.py", line 493, in dispatch
    self.initial(request, *args, **kwargs)
  File "C:\Python372\mecheck\lib\site-packages\rest_framework\views.py", line 411, in initial
    self.check_permissions(request)
  File "C:\Python372\mecheck\lib\site-packages\rest_framework\views.py", line 332, in check_permissions
    if not permission.has_permission(request, self):
  File "C:\Python372\mecheck\lib\site-packages\rest_framework\permissions.py", line 146, in has_permission
    return bool(request.user and request.user.is_staff)
AttributeError: 'UserInfo' object has no attribute 'is_staff'
[2022-06-02 17:06:04,500] [basehttp.py:154] [basehttp:log_message] [ERROR]- "GET /CQM/CQMSeriv/?username=API_CQM&password=12345678&Project=GLMS1 HTTP/1.1" 500 112558
[2022-06-02 17:06:04,648] [basehttp.py:154] [basehttp:log_message] [INFO]- "GET /favicon.ico HTTP/1.1" 302 0
[2022-06-02 17:06:04,700] [basehttp.py:154] [basehttp:log_message] [INFO]- "GET /login/ HTTP/1.1" 200 4677
[2022-06-02 17:06:46,348] [log.py:228] [log:log_response] [WARNING]- Forbidden: /CQM/CQMSeriv/
[2022-06-02 17:06:46,349] [basehttp.py:154] [basehttp:log_message] [WARNING]- "GET /CQM/CQMSeriv/?Project=GLMS1 HTTP/1.1" 403 5077
[2022-06-02 17:06:46,390] [basehttp.py:154] [basehttp:log_message] [INFO]- "GET /favicon.ico HTTP/1.1" 302 0
[2022-06-02 17:06:46,420] [basehttp.py:154] [basehttp:log_message] [INFO]- "GET /login/ HTTP/1.1" 200 4677
[2022-06-02 17:07:05,676] [log.py:228] [log:log_response] [WARNING]- Unauthorized: /CQM/CQMSeriv/
[2022-06-02 17:07:05,677] [basehttp.py:154] [basehttp:log_message] [WARNING]- "GET /CQM/CQMSeriv/?username=API_CQM&password=12345678&Project=GLMS1 HTTP/1.1" 401 5383
[2022-06-02 17:07:09,326] [log.py:228] [log:log_response] [WARNING]- Unauthorized: /CQM/CQMSeriv/
[2022-06-02 17:07:09,326] [basehttp.py:154] [basehttp:log_message] [WARNING]- "GET /CQM/CQMSeriv/?Project=GLMS1 HTTP/1.1" 401 5211
[2022-06-02 17:07:22,422] [basehttp.py:154] [basehttp:log_message] [INFO]- "GET /CQM/CQMSeriv/?username=API_CQM&password=12345678&Project=GLMS1 HTTP/1.1" 200 43307
[2022-06-02 17:07:22,423] [basehttp.py:154] [basehttp:log_message] [INFO]- "GET /CQM/CQMSeriv/?Project=GLMS1 HTTP/1.1" 200 43307
[2022-06-02 17:07:22,516] [basehttp.py:154] [basehttp:log_message] [INFO]- "GET /favicon.ico HTTP/1.1" 302 0
[2022-06-02 17:07:22,520] [basehttp.py:154] [basehttp:log_message] [INFO]- "GET /login/ HTTP/1.1" 200 4677
[2022-06-02 17:07:23,221] [basehttp.py:154] [basehttp:log_message] [INFO]- "GET /favicon.ico HTTP/1.1" 302 0
[2022-06-02 17:07:23,226] [basehttp.py:154] [basehttp:log_message] [INFO]- "GET /login/ HTTP/1.1" 200 4677
[2022-06-02 17:07:47,239] [basehttp.py:154] [basehttp:log_message] [INFO]- "GET /admin/auth/user/9/password/ HTTP/1.1" 302 0
[2022-06-02 17:07:47,332] [basehttp.py:154] [basehttp:log_message] [INFO]- "GET /admin/login/?next=/admin/auth/user/9/password/ HTTP/1.1" 200 1863
[2022-06-02 17:07:47,346] [basehttp.py:154] [basehttp:log_message] [INFO]- "GET /static/admin/css/login.css HTTP/1.1" 200 1203
[2022-06-02 17:07:47,346] [basehttp.py:154] [basehttp:log_message] [INFO]- "GET /static/admin/css/base.css HTTP/1.1" 200 16225
[2022-06-02 17:07:47,346] [basehttp.py:154] [basehttp:log_message] [INFO]- "GET /static/admin/css/responsive.css HTTP/1.1" 200 17976
[2022-06-02 17:07:47,349] [basehttp.py:154] [basehttp:log_message] [INFO]- "GET /static/admin/css/fonts.css HTTP/1.1" 200 423
[2022-06-02 17:07:47,356] [basehttp.py:154] [basehttp:log_message] [INFO]- "GET /favicon.ico HTTP/1.1" 302 0
[2022-06-02 17:07:47,358] [basehttp.py:154] [basehttp:log_message] [INFO]- "GET /login/ HTTP/1.1" 200 4677
[2022-06-02 17:07:47,358] [basehttp.py:154] [basehttp:log_message] [INFO]- "GET /static/admin/fonts/Roboto-Light-webfont.woff HTTP/1.1" 200 81348
[2022-06-02 17:07:47,359] [basehttp.py:154] [basehttp:log_message] [INFO]- "GET /static/admin/fonts/Roboto-Regular-webfont.woff HTTP/1.1" 200 80304
[2022-06-02 17:07:57,904] [UserIP.py:89] [UserIP:process_response] [CRITICAL]- 系统错误
[2022-06-02 17:07:57,909] [basehttp.py:154] [basehttp:log_message] [INFO]- "POST /admin/login/?next=/admin/auth/user/9/password/ HTTP/1.1" 302 0
[2022-06-02 17:07:57,961] [basehttp.py:154] [basehttp:log_message] [INFO]- "GET /admin/auth/user/9/password/ HTTP/1.1" 200 3160
[2022-06-02 17:07:57,973] [basehttp.py:154] [basehttp:log_message] [INFO]- "GET /static/admin/css/forms.css HTTP/1.1" 200 8505
[2022-06-02 17:07:57,980] [basehttp.py:154] [basehttp:log_message] [INFO]- "GET /static/admin/css/widgets.css HTTP/1.1" 200 10340
[2022-06-02 17:07:57,987] [basehttp.py:154] [basehttp:log_message] [INFO]- "GET /admin/jsi18n/ HTTP/1.1" 200 7684
[2022-06-02 17:07:58,006] [basehttp.py:154] [basehttp:log_message] [INFO]- "GET /static/admin/fonts/Roboto-Bold-webfont.woff HTTP/1.1" 200 82564
[2022-06-02 17:07:58,051] [basehttp.py:154] [basehttp:log_message] [INFO]- "GET /favicon.ico HTTP/1.1" 302 0
[2022-06-02 17:07:58,064] [basehttp.py:154] [basehttp:log_message] [INFO]- "GET /login/ HTTP/1.1" 200 4677
[2022-06-02 17:08:07,003] [basehttp.py:154] [basehttp:log_message] [INFO]- "GET /admin/login/?next=/admin/auth/user/9/password/ HTTP/1.1" 302 0
[2022-06-02 17:08:07,118] [basehttp.py:154] [basehttp:log_message] [INFO]- "GET /admin/ HTTP/1.1" 200 43947
[2022-06-02 17:08:07,125] [basehttp.py:154] [basehttp:log_message] [INFO]- "GET /static/admin/css/dashboard.css HTTP/1.1" 200 412
[2022-06-02 17:08:07,132] [basehttp.py:154] [basehttp:log_message] [INFO]- "GET /static/admin/img/icon-addlink.svg HTTP/1.1" 200 331
[2022-06-02 17:08:07,132] [basehttp.py:154] [basehttp:log_message] [INFO]- "GET /static/admin/img/icon-changelink.svg HTTP/1.1" 200 380
[2022-06-02 17:08:07,172] [basehttp.py:154] [basehttp:log_message] [INFO]- "GET /favicon.ico HTTP/1.1" 302 0
[2022-06-02 17:08:07,203] [basehttp.py:154] [basehttp:log_message] [INFO]- "GET /login/ HTTP/1.1" 200 4677
[2022-06-02 17:08:45,642] [basehttp.py:154] [basehttp:log_message] [INFO]- "GET /CQM/CQMSeriv/?username=API_CQM&password=12345678&Project=GLMS1 HTTP/1.1" 200 43307
[2022-06-02 17:08:45,670] [basehttp.py:154] [basehttp:log_message] [INFO]- "GET /favicon.ico HTTP/1.1" 302 0
[2022-06-02 17:08:45,682] [basehttp.py:154] [basehttp:log_message] [INFO]- "GET /login/ HTTP/1.1" 200 4677
[2022-06-02 17:08:46,612] [basehttp.py:154] [basehttp:log_message] [INFO]- "GET /CQM/CQMSeriv/?username=API_CQM&password=12345678&Project=GLMS1 HTTP/1.1" 200 43307
[2022-06-02 17:08:46,643] [basehttp.py:154] [basehttp:log_message] [INFO]- "GET /favicon.ico HTTP/1.1" 302 0
[2022-06-02 17:08:46,661] [basehttp.py:154] [basehttp:log_message] [INFO]- "GET /login/ HTTP/1.1" 200 4677
[2022-06-02 17:08:47,172] [basehttp.py:154] [basehttp:log_message] [INFO]- "GET /CQM/CQMSeriv/?username=API_CQM&password=12345678&Project=GLMS1 HTTP/1.1" 200 43307
[2022-06-02 17:08:47,207] [basehttp.py:154] [basehttp:log_message] [INFO]- "GET /favicon.ico HTTP/1.1" 302 0
[2022-06-02 17:08:47,240] [basehttp.py:154] [basehttp:log_message] [INFO]- "GET /login/ HTTP/1.1" 200 4677
[2022-06-02 17:08:47,708] [basehttp.py:154] [basehttp:log_message] [INFO]- "GET /CQM/CQMSeriv/?username=API_CQM&password=12345678&Project=GLMS1 HTTP/1.1" 200 43307
[2022-06-02 17:08:47,740] [basehttp.py:154] [basehttp:log_message] [INFO]- "GET /favicon.ico HTTP/1.1" 302 0
[2022-06-02 17:08:47,771] [basehttp.py:154] [basehttp:log_message] [INFO]- "GET /login/ HTTP/1.1" 200 4677
[2022-06-06 13:30:53,533] [basehttp.py:154] [basehttp:log_message] [INFO]- "GET /admin/auth/user/ HTTP/1.1" 302 0
[2022-06-06 13:30:53,634] [basehttp.py:154] [basehttp:log_message] [INFO]- "GET /admin/login/?next=/admin/auth/user/ HTTP/1.1" 200 1841
[2022-06-06 13:30:53,728] [basehttp.py:154] [basehttp:log_message] [INFO]- "GET /favicon.ico HTTP/1.1" 302 0
[2022-06-06 13:30:53,739] [basehttp.py:154] [basehttp:log_message] [INFO]- "GET /login/ HTTP/1.1" 200 4677
[2022-06-06 13:30:56,062] [UserIP.py:89] [UserIP:process_response] [CRITICAL]- 系统错误
[2022-06-06 13:30:56,068] [basehttp.py:154] [basehttp:log_message] [INFO]- "POST /admin/login/?next=/admin/auth/user/ HTTP/1.1" 302 0
[2022-06-06 13:30:56,164] [basehttp.py:154] [basehttp:log_message] [INFO]- "GET /admin/auth/user/ HTTP/1.1" 200 10996
[2022-06-06 13:30:56,182] [basehttp.py:154] [basehttp:log_message] [INFO]- "GET /static/admin/css/changelists.css HTTP/1.1" 200 6170
[2022-06-06 13:30:56,183] [basehttp.py:154] [basehttp:log_message] [INFO]- "GET /static/admin/js/vendor/jquery/jquery.js HTTP/1.1" 200 271751
[2022-06-06 13:30:56,188] [basehttp.py:154] [basehttp:log_message] [INFO]- "GET /static/admin/js/actions.js HTTP/1.1" 200 6538
[2022-06-06 13:30:56,196] [basehttp.py:154] [basehttp:log_message] [INFO]- "GET /static/admin/js/urlify.js HTTP/1.1" 200 8972
[2022-06-06 13:30:56,197] [basehttp.py:154] [basehttp:log_message] [INFO]- "GET /static/admin/js/prepopulate.js HTTP/1.1" 200 1530
[2022-06-06 13:30:56,200] [basehttp.py:154] [basehttp:log_message] [INFO]- "GET /static/admin/js/jquery.init.js HTTP/1.1" 200 363
[2022-06-06 13:30:56,206] [basehttp.py:154] [basehttp:log_message] [INFO]- "GET /static/admin/js/vendor/xregexp/xregexp.js HTTP/1.1" 200 128820
[2022-06-06 13:30:56,218] [basehttp.py:154] [basehttp:log_message] [INFO]- "GET /static/admin/js/core.js HTTP/1.1" 200 7135
[2022-06-06 13:30:56,231] [basehttp.py:154] [basehttp:log_message] [INFO]- "GET /static/admin/js/admin/RelatedObjectLookups.js HTTP/1.1" 200 6918
[2022-06-06 13:30:56,236] [basehttp.py:154] [basehttp:log_message] [INFO]- "GET /static/admin/img/search.svg HTTP/1.1" 200 458
[2022-06-06 13:30:56,242] [basehttp.py:154] [basehttp:log_message] [INFO]- "GET /static/admin/img/icon-yes.svg HTTP/1.1" 200 436
[2022-06-06 13:30:56,252] [basehttp.py:154] [basehttp:log_message] [INFO]- "GET /admin/jsi18n/ HTTP/1.1" 200 7684
[2022-06-06 13:30:56,297] [basehttp.py:154] [basehttp:log_message] [INFO]- "GET /static/admin/img/tooltag-add.svg HTTP/1.1" 200 331
[2022-06-06 13:30:56,310] [basehttp.py:154] [basehttp:log_message] [INFO]- "GET /static/admin/img/sorting-icons.svg HTTP/1.1" 200 1097
[2022-06-06 13:30:56,368] [basehttp.py:154] [basehttp:log_message] [INFO]- "GET /favicon.ico HTTP/1.1" 302 0
[2022-06-06 13:30:56,394] [basehttp.py:154] [basehttp:log_message] [INFO]- "GET /login/ HTTP/1.1" 200 4677
[2022-06-06 13:31:00,582] [basehttp.py:154] [basehttp:log_message] [INFO]- "GET /admin/auth/user/9/change/ HTTP/1.1" 200 40490
[2022-06-06 13:31:00,606] [basehttp.py:154] [basehttp:log_message] [INFO]- "GET /static/admin/js/SelectFilter2.js HTTP/1.1" 200 12712
[2022-06-06 13:31:00,609] [basehttp.py:154] [basehttp:log_message] [INFO]- "GET /static/admin/js/SelectBox.js HTTP/1.1" 200 5755
[2022-06-06 13:31:00,616] [basehttp.py:154] [basehttp:log_message] [INFO]- "GET /static/admin/js/calendar.js HTTP/1.1" 200 7777
[2022-06-06 13:31:00,632] [basehttp.py:154] [basehttp:log_message] [INFO]- "GET /static/admin/js/admin/DateTimeShortcuts.js HTTP/1.1" 200 20281
[2022-06-06 13:31:00,642] [basehttp.py:154] [basehttp:log_message] [INFO]- "GET /static/admin/js/change_form.js HTTP/1.1" 200 712
[2022-06-06 13:31:00,643] [basehttp.py:154] [basehttp:log_message] [INFO]- "GET /admin/jsi18n/ HTTP/1.1" 200 7684
[2022-06-06 13:31:00,647] [basehttp.py:154] [basehttp:log_message] [INFO]- "GET /static/admin/js/prepopulate_init.js HTTP/1.1" 200 495
[2022-06-06 13:31:00,728] [basehttp.py:154] [basehttp:log_message] [INFO]- "GET /static/admin/img/icon-unknown.svg HTTP/1.1" 200 655
[2022-06-06 13:31:00,729] [basehttp.py:154] [basehttp:log_message] [INFO]- "GET /static/admin/img/selector-icons.svg HTTP/1.1" 200 3291
[2022-06-06 13:31:00,731] [basehttp.py:154] [basehttp:log_message] [INFO]- "GET /static/admin/img/icon-unknown-alt.svg HTTP/1.1" 200 655
[2022-06-06 13:31:00,764] [basehttp.py:154] [basehttp:log_message] [INFO]- "GET /static/admin/img/icon-calendar.svg HTTP/1.1" 200 1086
[2022-06-06 13:31:00,781] [basehttp.py:154] [basehttp:log_message] [INFO]- "GET /static/admin/img/icon-clock.svg HTTP/1.1" 200 677
[2022-06-06 13:31:00,827] [basehttp.py:154] [basehttp:log_message] [INFO]- "GET /favicon.ico HTTP/1.1" 302 0
[2022-06-06 13:31:00,841] [basehttp.py:154] [basehttp:log_message] [INFO]- "GET /login/ HTTP/1.1" 200 4677
[2022-06-06 13:35:01,718] [basehttp.py:154] [basehttp:log_message] [INFO]- "GET /admin/auth/user/ HTTP/1.1" 200 10996
[2022-06-06 13:35:01,935] [basehttp.py:154] [basehttp:log_message] [INFO]- "GET /favicon.ico HTTP/1.1" 302 0
[2022-06-06 13:35:01,965] [basehttp.py:154] [basehttp:log_message] [INFO]- "GET /login/ HTTP/1.1" 200 4677
[2022-06-06 13:35:02,534] [basehttp.py:154] [basehttp:log_message] [INFO]- "GET /admin/login/?next=/admin/auth/user/ HTTP/1.1" 302 0
[2022-06-06 13:35:02,722] [basehttp.py:154] [basehttp:log_message] [INFO]- "GET /admin/ HTTP/1.1" 200 43947
[2022-06-06 13:35:02,781] [basehttp.py:154] [basehttp:log_message] [INFO]- "GET /favicon.ico HTTP/1.1" 302 0
[2022-06-06 13:35:02,807] [basehttp.py:154] [basehttp:log_message] [INFO]- "GET /login/ HTTP/1.1" 200 4677
[2022-06-07 10:52:39,264] [basehttp.py:154] [basehttp:log_message] [INFO]- "GET /admin/app01/menu/add/ HTTP/1.1" 302 0
[2022-06-07 10:52:39,329] [basehttp.py:154] [basehttp:log_message] [INFO]- "GET /admin/login/?next=/admin/app01/menu/add/ HTTP/1.1" 200 1851
[2022-06-07 10:52:39,387] [basehttp.py:154] [basehttp:log_message] [INFO]- "GET /favicon.ico HTTP/1.1" 302 0
[2022-06-07 10:52:39,409] [basehttp.py:154] [basehttp:log_message] [INFO]- "GET /login/ HTTP/1.1" 200 4677
[2022-06-07 10:53:10,251] [basehttp.py:154] [basehttp:log_message] [INFO]- "GET /CQM/CQMSeriv/?username=API_CQM&password=12345678&Project=GLMS1 HTTP/1.1" 200 43307
[2022-06-07 10:53:10,288] [basehttp.py:154] [basehttp:log_message] [INFO]- "GET /favicon.ico HTTP/1.1" 302 0
[2022-06-07 10:53:10,306] [basehttp.py:154] [basehttp:log_message] [INFO]- "GET /login/ HTTP/1.1" 200 4677
[2022-06-07 10:53:24,428] [basehttp.py:154] [basehttp:log_message] [INFO]- "GET /CQM/CQMSeriv/?Project=GLMS1 HTTP/1.1" 200 43307
[2022-06-07 10:53:24,514] [basehttp.py:154] [basehttp:log_message] [INFO]- "GET /favicon.ico HTTP/1.1" 302 0
[2022-06-07 10:53:24,521] [basehttp.py:154] [basehttp:log_message] [INFO]- "GET /login/ HTTP/1.1" 200 4677
[2022-06-07 10:53:39,688] [basehttp.py:154] [basehttp:log_message] [INFO]- "GET /CQM/CQMSeriv/?Project=GLMS1 HTTP/1.1" 200 43307
[2022-06-07 10:53:39,713] [basehttp.py:154] [basehttp:log_message] [INFO]- "GET /favicon.ico HTTP/1.1" 302 0
[2022-06-07 10:53:39,718] [basehttp.py:154] [basehttp:log_message] [INFO]- "GET /login/ HTTP/1.1" 200 4677
[2022-06-07 10:53:40,558] [basehttp.py:154] [basehttp:log_message] [INFO]- "GET /CQM/CQMSeriv/?Project=GLMS1 HTTP/1.1" 200 43307
[2022-06-07 10:53:40,651] [basehttp.py:154] [basehttp:log_message] [INFO]- "GET /favicon.ico HTTP/1.1" 302 0
[2022-06-07 10:53:40,660] [basehttp.py:154] [basehttp:log_message] [INFO]- "GET /login/ HTTP/1.1" 200 4677
[2022-06-08 09:08:27,058] [basehttp.py:154] [basehttp:log_message] [INFO]- "GET /CQM/CQMSeriv/?Project=GLMS1 HTTP/1.1" 200 43307
[2022-06-08 09:08:27,110] [basehttp.py:154] [basehttp:log_message] [INFO]- "GET /favicon.ico HTTP/1.1" 302 0
[2022-06-08 09:08:27,118] [basehttp.py:154] [basehttp:log_message] [INFO]- "GET /login/ HTTP/1.1" 200 4677
[2022-06-08 09:08:28,286] [basehttp.py:154] [basehttp:log_message] [INFO]- "GET /CQM/CQMSeriv/?Project=GLMS1 HTTP/1.1" 200 43307
[2022-06-08 09:08:28,312] [basehttp.py:154] [basehttp:log_message] [INFO]- "GET /favicon.ico HTTP/1.1" 302 0
[2022-06-08 09:08:28,315] [basehttp.py:154] [basehttp:log_message] [INFO]- "GET /login/ HTTP/1.1" 200 4677
[2022-06-08 09:08:29,367] [basehttp.py:154] [basehttp:log_message] [INFO]- "GET /CQM/CQMSeriv/?Project=GLMS1 HTTP/1.1" 200 43307
[2022-06-08 09:08:29,384] [basehttp.py:154] [basehttp:log_message] [INFO]- "GET /favicon.ico HTTP/1.1" 302 0
[2022-06-08 09:08:29,385] [basehttp.py:154] [basehttp:log_message] [INFO]- "GET /login/ HTTP/1.1" 200 4677
[2022-06-08 09:08:30,067] [basehttp.py:154] [basehttp:log_message] [INFO]- "GET /CQM/CQMSeriv/?Project=GLMS1 HTTP/1.1" 200 43307
[2022-06-08 09:08:30,087] [basehttp.py:154] [basehttp:log_message] [INFO]- "GET /favicon.ico HTTP/1.1" 302 0
[2022-06-08 09:08:30,094] [basehttp.py:154] [basehttp:log_message] [INFO]- "GET /login/ HTTP/1.1" 200 4677
[2022-06-08 09:08:30,497] [basehttp.py:154] [basehttp:log_message] [INFO]- "GET /CQM/CQMSeriv/?Project=GLMS1 HTTP/1.1" 200 43307
[2022-06-08 09:08:30,513] [basehttp.py:154] [basehttp:log_message] [INFO]- "GET /favicon.ico HTTP/1.1" 302 0
[2022-06-08 09:08:30,515] [basehttp.py:154] [basehttp:log_message] [INFO]- "GET /login/ HTTP/1.1" 200 4677
[2022-06-08 09:08:30,823] [basehttp.py:154] [basehttp:log_message] [INFO]- "GET /CQM/CQMSeriv/?Project=GLMS1 HTTP/1.1" 200 43307
[2022-06-08 09:08:30,839] [basehttp.py:154] [basehttp:log_message] [INFO]- "GET /favicon.ico HTTP/1.1" 302 0
[2022-06-08 09:08:30,843] [basehttp.py:154] [basehttp:log_message] [INFO]- "GET /login/ HTTP/1.1" 200 4677
[2022-06-08 09:08:31,183] [basehttp.py:154] [basehttp:log_message] [INFO]- "GET /CQM/CQMSeriv/?Project=GLMS1 HTTP/1.1" 200 43307
[2022-06-08 09:08:31,199] [basehttp.py:154] [basehttp:log_message] [INFO]- "GET /favicon.ico HTTP/1.1" 302 0
[2022-06-08 09:08:31,201] [basehttp.py:154] [basehttp:log_message] [INFO]- "GET /login/ HTTP/1.1" 200 4677
[2022-06-08 09:08:31,527] [basehttp.py:154] [basehttp:log_message] [INFO]- "GET /CQM/CQMSeriv/?Project=GLMS1 HTTP/1.1" 200 43307
[2022-06-08 09:08:31,542] [basehttp.py:154] [basehttp:log_message] [INFO]- "GET /favicon.ico HTTP/1.1" 302 0
[2022-06-08 09:08:31,544] [basehttp.py:154] [basehttp:log_message] [INFO]- "GET /login/ HTTP/1.1" 200 4677
[2022-06-08 09:10:00,972] [basehttp.py:154] [basehttp:log_message] [INFO]- "GET /CQM/CQMSeriv/?Project=GLMS1 HTTP/1.1" 200 43307
[2022-06-08 09:10:01,047] [basehttp.py:154] [basehttp:log_message] [INFO]- "GET /favicon.ico HTTP/1.1" 302 0
[2022-06-08 09:10:01,056] [basehttp.py:154] [basehttp:log_message] [INFO]- "GET /login/ HTTP/1.1" 200 4677
[2022-06-08 09:10:21,762] [basehttp.py:154] [basehttp:log_message] [INFO]- "GET /CQM/ HTTP/1.1" 302 0
[2022-06-08 09:10:21,765] [basehttp.py:154] [basehttp:log_message] [INFO]- "GET /login/ HTTP/1.1" 200 4677
[2022-06-08 09:10:21,820] [basehttp.py:154] [basehttp:log_message] [INFO]- "GET /static/vendor/fontawesome-free/css/all.min.css HTTP/1.1" 200 54641
[2022-06-08 09:10:21,824] [basehttp.py:154] [basehttp:log_message] [INFO]- "GET /static/css/sb-admin.css HTTP/1.1" 200 214832
[2022-06-08 09:10:21,825] [basehttp.py:154] [basehttp:log_message] [INFO]- "GET /static/vendor/jquery-easing/jquery.easing.min.js HTTP/1.1" 200 2532
[2022-06-08 09:10:21,828] [basehttp.py:154] [basehttp:log_message] [INFO]- "GET /static/vendor/jquery/jquery.min.js HTTP/1.1" 200 86927
[2022-06-08 09:10:21,832] [basehttp.py:154] [basehttp:log_message] [INFO]- "GET /static/vendor/bootstrap/js/bootstrap.bundle.min.js HTTP/1.1" 200 76308
[2022-06-08 09:10:21,834] [basehttp.py:154] [basehttp:log_message] [INFO]- "GET /static/css/test1.css HTTP/1.1" 200 29531
[2022-06-08 09:10:21,837] [basehttp.py:154] [basehttp:log_message] [INFO]- "GET /static/css/bootstrap.min.css HTTP/1.1" 200 144877
[2022-06-08 09:10:21,926] [basehttp.py:154] [basehttp:log_message] [INFO]- "GET /static/src/ocean.jpg HTTP/1.1" 200 128450
[2022-06-08 09:10:22,062] [basehttp.py:154] [basehttp:log_message] [INFO]- "GET /favicon.ico HTTP/1.1" 302 0
[2022-06-08 09:10:22,067] [basehttp.py:154] [basehttp:log_message] [INFO]- "GET /login/ HTTP/1.1" 200 4677
[2022-06-08 09:10:37,384] [UserIP.py:89] [UserIP:process_response] [CRITICAL]- 系统错误
[2022-06-08 09:10:37,426] [basehttp.py:154] [basehttp:log_message] [INFO]- "POST /login/ HTTP/1.1" 302 0
[2022-06-08 09:10:37,707] [basehttp.py:154] [basehttp:log_message] [INFO]- "GET /index/ HTTP/1.1" 200 47230
[2022-06-08 09:10:37,869] [basehttp.py:154] [basehttp:log_message] [INFO]- "GET /static/css/lib/calendar2/pignose.calendar.min.css HTTP/1.1" 200 14709
[2022-06-08 09:10:37,870] [basehttp.py:154] [basehttp:log_message] [INFO]- "GET /static/download_UPK/element-ui@2.12.0/lib/theme-chalk/index.css HTTP/1.1" 200 232694
[2022-06-08 09:10:37,875] [basehttp.py:154] [basehttp:log_message] [INFO]- "GET /static/css/lib/font-awesome.min.css HTTP/1.1" 200 38722
[2022-06-08 09:10:37,886] [basehttp.py:154] [basehttp:log_message] [INFO]- "GET /static/css/lib/chartist/chartist.min.css HTTP/1.1" 200 11508
[2022-06-08 09:10:37,892] [basehttp.py:154] [basehttp:log_message] [INFO]- "GET /static/css/lib/owl.theme.default.min.css HTTP/1.1" 200 1003
[2022-06-08 09:10:37,892] [basehttp.py:154] [basehttp:log_message] [INFO]- "GET /static/css/lib/menubar/sidebar.css HTTP/1.1" 200 17438
[2022-06-08 09:10:37,893] [basehttp.py:154] [basehttp:log_message] [INFO]- "GET /static/css/lib/weather-icons.css HTTP/1.1" 200 30752
[2022-06-08 09:10:37,908] [basehttp.py:154] [basehttp:log_message] [INFO]- "GET /static/css/lib/owl.carousel.min.css HTTP/1.1" 200 3011
[2022-06-08 09:10:37,942] [basehttp.py:154] [basehttp:log_message] [INFO]- "GET /static/css/home_zerogrid.css HTTP/1.1" 200 4828
[2022-06-08 09:10:37,943] [basehttp.py:154] [basehttp:log_message] [INFO]- "GET /static/css/uploadbutton.css HTTP/1.1" 200 175
[2022-06-08 09:10:37,943] [basehttp.py:154] [basehttp:log_message] [INFO]- "GET /static/css/lib/helper.css HTTP/1.1" 200 55773
[2022-06-08 09:10:37,943] [basehttp.py:154] [basehttp:log_message] [INFO]- "GET /static/node_modules/bootstrap-icons/font/bootstrap-icons.css HTTP/1.1" 200 73271
[2022-06-08 09:10:37,944] [basehttp.py:154] [basehttp:log_message] [INFO]- "GET /static/css/style.css HTTP/1.1" 200 91469
[2022-06-08 09:10:37,967] [basehttp.py:154] [basehttp:log_message] [INFO]- "GET /static/css/home_style.css HTTP/1.1" 200 23905
[2022-06-08 09:10:37,968] [basehttp.py:154] [basehttp:log_message] [INFO]- "GET /static/css/home_menu.css HTTP/1.1" 200 8215
[2022-06-08 09:10:37,969] [basehttp.py:154] [basehttp:log_message] [INFO]- "GET /static/js/lib/jquery.min.js HTTP/1.1" 200 97362
[2022-06-08 09:10:37,970] [basehttp.py:154] [basehttp:log_message] [INFO]- "GET /static/css/lib/themify-icons.css HTTP/1.1" 200 17551
[2022-06-08 09:10:37,984] [basehttp.py:154] [basehttp:log_message] [INFO]- "GET /static/js/lib/jquery.nanoscroller.min.js HTTP/1.1" 200 12394
[2022-06-08 09:10:37,988] [basehttp.py:154] [basehttp:log_message] [INFO]- "GET /static/js/lib/menubar/sidebar.js HTTP/1.1" 200 7278
[2022-06-08 09:10:38,007] [basehttp.py:154] [basehttp:log_message] [INFO]- "GET /static/js/lib/preloader/pace.min.js HTTP/1.1" 200 26566
[2022-06-08 09:10:38,007] [basehttp.py:154] [basehttp:log_message] [INFO]- "GET /static/js/lib/bootstrap.min.js HTTP/1.1" 200 69782
[2022-06-08 09:10:38,018] [basehttp.py:154] [basehttp:log_message] [INFO]- "GET /static/js/scripts.js HTTP/1.1" 200 1906
[2022-06-08 09:10:38,019] [basehttp.py:154] [basehttp:log_message] [INFO]- "GET /static/js/lib/calendar-2/moment.latest.min.js HTTP/1.1" 200 61317
[2022-06-08 09:10:38,024] [basehttp.py:154] [basehttp:log_message] [INFO]- "GET /static/js/lib/calendar-2/pignose.calendar.min.js HTTP/1.1" 200 24265
[2022-06-08 09:10:38,027] [basehttp.py:154] [basehttp:log_message] [INFO]- "GET /static/js/lib/calendar-2/pignose.init.js HTTP/1.1" 200 258
[2022-06-08 09:10:38,037] [basehttp.py:154] [basehttp:log_message] [INFO]- "GET /static/js/lib/circle-progress/circle-progress.min.js HTTP/1.1" 200 4453
[2022-06-08 09:10:38,037] [basehttp.py:154] [basehttp:log_message] [INFO]- "GET /static/js/lib/circle-progress/circle-progress-init.js HTTP/1.1" 200 1252
[2022-06-08 09:10:38,041] [basehttp.py:154] [basehttp:log_message] [INFO]- "GET /static/js/lib/sparklinechart/jquery.sparkline.min.js HTTP/1.1" 200 43247
[2022-06-08 09:10:38,054] [basehttp.py:154] [basehttp:log_message] [INFO]- "GET /static/js/lib/sparklinechart/sparkline.init.js HTTP/1.1" 200 9974
[2022-06-08 09:10:38,059] [basehttp.py:154] [basehttp:log_message] [INFO]- "GET /static/js/lib/owl-carousel/owl.carousel.min.js HTTP/1.1" 200 42854
[2022-06-08 09:10:38,071] [basehttp.py:154] [basehttp:log_message] [INFO]- "GET /static/js/lib/owl-carousel/owl.carousel-init.js HTTP/1.1" 200 1044
[2022-06-08 09:10:38,075] [basehttp.py:154] [basehttp:log_message] [INFO]- "GET /static/js/date.js HTTP/1.1" 200 764
[2022-06-08 09:10:38,082] [basehttp.py:154] [basehttp:log_message] [INFO]- "GET /static/vendor/datatables/jquery.dataTables.js HTTP/1.1" 200 447606
[2022-06-08 09:10:38,138] [basehttp.py:154] [basehttp:log_message] [INFO]- "GET /static/js/datapicker.js HTTP/1.1" 200 11813
[2022-06-08 09:10:38,143] [basehttp.py:154] [basehttp:log_message] [INFO]- "GET /static/js/xlsx/xlsx.core.min.js HTTP/1.1" 200 480558
[2022-06-08 09:10:38,145] [basehttp.py:154] [basehttp:log_message] [INFO]- "GET /static/js/lib/calendar-2/semantic.ui.min.js HTTP/1.1" 200 287763
[2022-06-08 09:10:38,154] [basehttp.py:154] [basehttp:log_message] [INFO]- "GET /static/js/lib/calendar-2/prism.min.js HTTP/1.1" 200 8822
[2022-06-08 09:10:38,156] [basehttp.py:154] [basehttp:log_message] [INFO]- "GET /static/js/es6/polyfill.min.js HTTP/1.1" 200 97799
[2022-06-08 09:10:38,162] [basehttp.py:154] [basehttp:log_message] [INFO]- "GET /static/js/es6/babel.min.js HTTP/1.1" 200 791258
[2022-06-08 09:10:38,169] [basehttp.py:154] [basehttp:log_message] [INFO]- "GET /static/js/axios.min.js HTTP/1.1" 200 13696
[2022-06-08 09:10:38,170] [basehttp.py:154] [basehttp:log_message] [INFO]- "GET /static/js/vue.min.js HTTP/1.1" 200 93675
[2022-06-08 09:10:38,383] [basehttp.py:154] [basehttp:log_message] [INFO]- "GET /static/js/Element/table.js HTTP/1.1" 200 28389
[2022-06-08 09:10:38,448] [basehttp.py:154] [basehttp:log_message] [INFO]- "GET /static/css/admin/assets/fonts/themify.woff?-fvbane HTTP/1.1" 200 0
[2022-06-08 09:10:38,452] [basehttp.py:154] [basehttp:log_message] [INFO]- "GET /static/src/10.jpg HTTP/1.1" 200 23088
[2022-06-08 09:10:38,454] [basehttp.py:154] [basehttp:log_message] [INFO]- "GET /static/fonts/fontawesome-webfont.woff2?v=4.7.0 HTTP/1.1" 200 77160
[2022-06-08 09:10:38,457] [basehttp.py:154] [basehttp:log_message] [INFO]- "GET /static/js/qs.js HTTP/1.1" 200 25398
[2022-06-08 09:10:38,552] [basehttp.py:154] [basehttp:log_message] [INFO]- "GET /static/src/index.jpg HTTP/1.1" 200 146911
[2022-06-08 09:10:38,571] [basehttp.py:154] [basehttp:log_message] [INFO]- "GET /static/src/2.jpg HTTP/1.1" 200 47621
[2022-06-08 09:10:38,576] [basehttp.py:154] [basehttp:log_message] [INFO]- "GET /static/src/3.jpg HTTP/1.1" 200 35728
[2022-06-08 09:10:38,576] [basehttp.py:154] [basehttp:log_message] [INFO]- "GET /static/src/5.jpg HTTP/1.1" 200 28854
[2022-06-08 09:10:38,607] [basehttp.py:154] [basehttp:log_message] [INFO]- "GET /static/src/timg3.jfif HTTP/1.1" 200 74629
[2022-06-08 09:10:38,622] [basehttp.py:154] [basehttp:log_message] [INFO]- "GET /static/src/6.jpg HTTP/1.1" 200 14506
[2022-06-08 09:10:38,622] [basehttp.py:154] [basehttp:log_message] [INFO]- "GET /static/src/4.jpg HTTP/1.1" 200 27337
[2022-06-08 09:10:38,623] [basehttp.py:154] [basehttp:log_message] [INFO]- "GET /static/src/8.jpg HTTP/1.1" 200 24687
[2022-06-08 09:10:38,624] [basehttp.py:154] [basehttp:log_message] [INFO]- "GET /static/src/9.jfif HTTP/1.1" 200 321460
[2022-06-08 09:10:38,634] [basehttp.py:154] [basehttp:log_message] [INFO]- "GET /static/src/gallery_05.jpg HTTP/1.1" 200 68706
[2022-06-08 09:10:38,691] [basehttp.py:154] [basehttp:log_message] [INFO]- "GET /static/src/7.jpg HTTP/1.1" 200 33330
[2022-06-08 09:10:38,726] [basehttp.py:154] [basehttp:log_message] [INFO]- "GET /static/src/1.jpg HTTP/1.1" 200 103270
[2022-06-08 09:10:38,727] [basehttp.py:154] [basehttp:log_message] [INFO]- "GET /static/src/timg.jfif HTTP/1.1" 200 73185
[2022-06-08 09:10:38,837] [basehttp.py:154] [basehttp:log_message] [INFO]- "GET /static/js/Element/main.js HTTP/1.1" 200 8726
[2022-06-08 09:10:38,840] [basehttp.py:154] [basehttp:log_message] [INFO]- "GET /static/js/Element/input.js HTTP/1.1" 200 29207
[2022-06-08 09:10:38,874] [basehttp.py:154] [basehttp:log_message] [INFO]- "GET /static/js/Element/table-column.js HTTP/1.1" 200 28341
[2022-06-08 09:10:38,897] [basehttp.py:154] [basehttp:log_message] [INFO]- "GET /static/js/Element/message.js HTTP/1.1" 200 11022
[2022-06-08 09:10:38,898] [basehttp.py:154] [basehttp:log_message] [INFO]- "GET /static/js/Element/image.js HTTP/1.1" 200 25055
[2022-06-08 09:10:38,899] [basehttp.py:154] [basehttp:log_message] [INFO]- "GET /static/js/Element/index.js HTTP/1.1" 200 563790
[2022-06-08 09:10:38,900] [basehttp.py:154] [basehttp:log_message] [INFO]- "GET /index/ HTTP/1.1" 200 47230
[2022-06-08 09:10:38,902] [basehttp.py:154] [basehttp:log_message] [INFO]- "GET /static/js/Element/icon.js HTTP/1.1" 200 8700
[2022-06-08 09:10:38,907] [basehttp.py:154] [basehttp:log_message] [INFO]- "GET /static/js/xlsx/xlsx.js HTTP/1.1" 200 5900
[2022-06-08 09:10:38,949] [basehttp.py:154] [basehttp:log_message] [INFO]- "GET /static/src/back/001.png HTTP/1.1" 200 2015
[2022-06-08 09:10:38,950] [basehttp.py:154] [basehttp:log_message] [INFO]- "GET /static/src/back/mail.png HTTP/1.1" 200 3002
[2022-06-08 09:10:38,950] [basehttp.py:154] [basehttp:log_message] [INFO]- "GET /static/src/back/call.png HTTP/1.1" 200 1850
[2022-06-08 09:10:39,042] [basehttp.py:154] [basehttp:log_message] [INFO]- "GET /static/css/admin/assets/fonts/themify.ttf?-fvbane HTTP/1.1" 200 0
[2022-06-08 09:10:39,256] [basehttp.py:154] [basehttp:log_message] [INFO]- "GET /static/fonts/themify.woff?-fvbane HTTP/1.1" 200 56108
[2022-06-08 09:10:39,392] [basehttp.py:154] [basehttp:log_message] [INFO]- "GET /favicon.ico HTTP/1.1" 200 22499
[2022-06-08 09:10:44,396] [basehttp.py:154] [basehttp:log_message] [INFO]- "GET /admin/ HTTP/1.1" 302 0
[2022-06-08 09:10:44,462] [basehttp.py:154] [basehttp:log_message] [INFO]- "GET /admin/login/?next=/admin/ HTTP/1.1" 200 1821
[2022-06-08 09:10:44,555] [basehttp.py:154] [basehttp:log_message] [INFO]- "GET /favicon.ico HTTP/1.1" 200 22499
[2022-06-08 09:10:47,157] [UserIP.py:89] [UserIP:process_response] [CRITICAL]- 系统错误
[2022-06-08 09:10:47,164] [basehttp.py:154] [basehttp:log_message] [INFO]- "POST /admin/login/?next=/admin/ HTTP/1.1" 302 0
[2022-06-08 09:10:47,354] [basehttp.py:154] [basehttp:log_message] [INFO]- "GET /admin/ HTTP/1.1" 200 43947
[2022-06-08 09:10:47,505] [basehttp.py:154] [basehttp:log_message] [INFO]- "GET /favicon.ico HTTP/1.1" 200 22499
[2022-06-08 09:10:52,966] [basehttp.py:154] [basehttp:log_message] [INFO]- "GET /admin/auth/user/ HTTP/1.1" 200 10996
[2022-06-08 09:10:53,013] [basehttp.py:154] [basehttp:log_message] [INFO]- "GET /admin/jsi18n/ HTTP/1.1" 200 7684
[2022-06-08 09:10:53,155] [basehttp.py:154] [basehttp:log_message] [INFO]- "GET /favicon.ico HTTP/1.1" 200 22499
[2022-06-08 09:10:57,604] [basehttp.py:154] [basehttp:log_message] [INFO]- "GET /admin/auth/user/9/change/ HTTP/1.1" 200 40490
[2022-06-08 09:10:57,662] [basehttp.py:154] [basehttp:log_message] [INFO]- "GET /admin/jsi18n/ HTTP/1.1" 200 7684
[2022-06-08 09:10:57,950] [basehttp.py:154] [basehttp:log_message] [INFO]- "GET /favicon.ico HTTP/1.1" 200 22499
[2022-06-08 09:11:28,197] [UserIP.py:89] [UserIP:process_response] [CRITICAL]- 系统错误
[2022-06-08 09:11:28,203] [basehttp.py:154] [basehttp:log_message] [INFO]- "POST /admin/auth/user/9/change/ HTTP/1.1" 302 0
[2022-06-08 09:11:28,323] [basehttp.py:154] [basehttp:log_message] [INFO]- "GET /admin/auth/user/ HTTP/1.1" 200 11160
[2022-06-08 09:11:28,359] [basehttp.py:154] [basehttp:log_message] [INFO]- "GET /static/admin/img/icon-no.svg HTTP/1.1" 200 560
[2022-06-08 09:11:28,365] [basehttp.py:154] [basehttp:log_message] [INFO]- "GET /admin/jsi18n/ HTTP/1.1" 200 7684
[2022-06-08 09:11:28,487] [basehttp.py:154] [basehttp:log_message] [INFO]- "GET /favicon.ico HTTP/1.1" 200 22499
[2022-06-08 09:11:34,615] [log.py:228] [log:log_response] [WARNING]- Forbidden: /CQM/CQMSeriv/
[2022-06-08 09:11:34,616] [basehttp.py:154] [basehttp:log_message] [WARNING]- "GET /CQM/CQMSeriv/?Project=GLMS1 HTTP/1.1" 403 5323
[2022-06-08 09:11:34,801] [basehttp.py:154] [basehttp:log_message] [INFO]- "GET /favicon.ico HTTP/1.1" 200 22499
