[2022-06-13 08:34:45,344] [basehttp.py:154] [basehttp:log_message] [INFO]- "GET / HTTP/1.1" 302 0
[2022-06-13 08:34:45,376] [basehttp.py:154] [basehttp:log_message] [INFO]- "GET /login/ HTTP/1.1" 200 4677
[2022-06-13 08:34:45,791] [basehttp.py:154] [basehttp:log_message] [INFO]- "GET /favicon.ico HTTP/1.1" 302 0
[2022-06-13 08:34:45,803] [basehttp.py:154] [basehttp:log_message] [INFO]- "GET /login/ HTTP/1.1" 200 4677
[2022-06-13 08:34:48,123] [basehttp.py:154] [basehttp:log_message] [INFO]- "GET /index/ HTTP/1.1" 302 0
[2022-06-13 08:34:48,386] [basehttp.py:154] [basehttp:log_message] [INFO]- "GET /favicon.ico HTTP/1.1" 302 0
[2022-06-13 08:34:48,390] [basehttp.py:154] [basehttp:log_message] [INFO]- "GET /login/ HTTP/1.1" 200 4677
[2022-06-13 08:34:51,719] [UserIP.py:89] [UserIP:process_response] [CRITICAL]- 系统错误
[2022-06-13 08:34:51,770] [basehttp.py:154] [basehttp:log_message] [INFO]- "POST /login/ HTTP/1.1" 302 0
[2022-06-13 08:34:52,034] [basehttp.py:154] [basehttp:log_message] [INFO]- "GET /index/ HTTP/1.1" 200 47230
[2022-06-13 08:34:52,488] [basehttp.py:154] [basehttp:log_message] [INFO]- "GET /index/ HTTP/1.1" 200 47230
[2022-06-13 08:34:53,118] [basehttp.py:154] [basehttp:log_message] [INFO]- "GET /favicon.ico HTTP/1.1" 200 22499
[2022-06-13 08:34:56,937] [basehttp.py:154] [basehttp:log_message] [INFO]- "GET /admin/ HTTP/1.1" 302 0
[2022-06-13 08:34:56,980] [basehttp.py:154] [basehttp:log_message] [INFO]- "GET /admin/login/?next=/admin/ HTTP/1.1" 200 4026
[2022-06-13 08:34:56,996] [basehttp.py:154] [basehttp:log_message] [INFO]- "GET /static/admin/simpleui-x/fontawesome-free-5.8.1-web/css/all.min.css HTTP/1.1" 200 55111
[2022-06-13 08:34:57,001] [basehttp.py:154] [basehttp:log_message] [INFO]- "GET /static/admin/simpleui-x/elementui/theme-chalk/index.css HTTP/1.1" 200 238628
[2022-06-13 08:34:57,017] [basehttp.py:154] [basehttp:log_message] [INFO]- "GET /static/admin/simpleui-x/particles/app.js HTTP/1.1" 200 3728
[2022-06-13 08:34:57,018] [basehttp.py:154] [basehttp:log_message] [INFO]- "GET /static/admin/simpleui-x/js/vue.min.js?_=2022.4.9 HTTP/1.1" 200 93675
[2022-06-13 08:34:57,021] [basehttp.py:154] [basehttp:log_message] [INFO]- "GET /static/admin/simpleui-x/css/login.css?_=2.1 HTTP/1.1" 200 500
[2022-06-13 08:34:57,022] [basehttp.py:154] [basehttp:log_message] [INFO]- "GET /static/admin/simpleui-x/img/logo.png HTTP/1.1" 200 115997
[2022-06-13 08:34:57,036] [basehttp.py:154] [basehttp:log_message] [INFO]- "GET /static/admin/simpleui-x/particles/particles.js HTTP/1.1" 200 51264
[2022-06-13 08:34:57,041] [basehttp.py:154] [basehttp:log_message] [INFO]- "GET /static/admin/simpleui-x/js/login.js?_=3.3 HTTP/1.1" 200 669
[2022-06-13 08:34:57,044] [basehttp.py:154] [basehttp:log_message] [INFO]- "GET /static/admin/simpleui-x/elementui/index.js?_=2022.4.9 HTTP/1.1" 200 586253
[2022-06-13 08:34:57,048] [basehttp.py:154] [basehttp:log_message] [INFO]- "GET /static/admin/simpleui-x/img/bg.svg HTTP/1.1" 200 9547
[2022-06-13 08:34:57,470] [basehttp.py:154] [basehttp:log_message] [INFO]- "GET /static/admin/simpleui-x/fontawesome-free-5.8.1-web/webfonts/fa-solid-900.woff2 HTTP/1.1" 200 74256
[2022-06-13 08:34:57,659] [basehttp.py:154] [basehttp:log_message] [INFO]- "GET /favicon.ico HTTP/1.1" 200 22499
[2022-06-13 08:35:01,205] [basehttp.py:154] [basehttp:log_message] [INFO]- "GET /static/admin/simpleui-x/elementui/theme-chalk/fonts/element-icons.woff HTTP/1.1" 200 28200
[2022-06-13 08:35:01,988] [UserIP.py:89] [UserIP:process_response] [CRITICAL]- 系统错误
[2022-06-13 08:35:01,998] [basehttp.py:154] [basehttp:log_message] [INFO]- "POST /admin/login/?next=/admin/ HTTP/1.1" 302 0
[2022-06-13 08:35:04,852] [basehttp.py:154] [basehttp:log_message] [INFO]- "GET /admin/ HTTP/1.1" 200 41984
[2022-06-13 08:35:04,899] [basehttp.py:154] [basehttp:log_message] [INFO]- "GET /static/admin/simpleui-x/css/index.css?_=3.2 HTTP/1.1" 200 6608
[2022-06-13 08:35:04,909] [basehttp.py:154] [basehttp:log_message] [INFO]- "GET /static/admin/simpleui-x/automatic/dicts.js?_=2022.4.9 HTTP/1.1" 200 6292
[2022-06-13 08:35:04,911] [basehttp.py:154] [basehttp:log_message] [INFO]- "GET /static/admin/simpleui-x/waves/waves.min.css?_=2.1 HTTP/1.1" 200 3861
[2022-06-13 08:35:04,927] [basehttp.py:154] [basehttp:log_message] [INFO]- "GET /static/admin/simpleui-x/locale/en-us.js?_=2022.4.9 HTTP/1.1" 200 811
[2022-06-13 08:35:04,929] [basehttp.py:154] [basehttp:log_message] [INFO]- "GET /static/admin/simpleui-x/automatic/segment.js?_=2022.4.9 HTTP/1.1" 200 1186
[2022-06-13 08:35:04,933] [basehttp.py:154] [basehttp:log_message] [INFO]- "GET /static/admin/simpleui-x/js/menu.js?_=2022.4.9 HTTP/1.1" 200 1189
[2022-06-13 08:35:04,933] [basehttp.py:154] [basehttp:log_message] [INFO]- "GET /static/admin/simpleui-x/js/index.js?_=2022.4.9 HTTP/1.1" 200 21291
[2022-06-13 08:35:04,947] [basehttp.py:154] [basehttp:log_message] [INFO]- "GET /static/admin/simpleui-x/js/cookie.js?_=2022.4.9 HTTP/1.1" 200 524
[2022-06-13 08:35:04,948] [basehttp.py:154] [basehttp:log_message] [INFO]- "GET /static/admin/simpleui-x/locale/zh-hans.js?_=2022.4.9 HTTP/1.1" 200 1254
[2022-06-13 08:35:04,954] [basehttp.py:154] [basehttp:log_message] [INFO]- "GET /static/admin/simpleui-x/theme/theme.js?_=2022.4.9 HTTP/1.1" 200 4274
[2022-06-13 08:35:04,965] [basehttp.py:154] [basehttp:log_message] [INFO]- "GET /static/admin/simpleui-x/waves/waves.min.js?_=2022.4.9 HTTP/1.1" 200 6329
[2022-06-13 08:35:05,452] [basehttp.py:154] [basehttp:log_message] [INFO]- "GET /static/admin/simpleui-x/fontawesome-free-5.8.1-web/webfonts/fa-regular-400.woff2 HTTP/1.1" 200 13552
[2022-06-13 08:35:05,454] [basehttp.py:154] [basehttp:log_message] [INFO]- "GET /static/admin/simpleui-x/fontawesome-free-5.8.1-web/webfonts/fa-brands-400.woff2 HTTP/1.1" 200 74768
[2022-06-13 08:35:05,552] [basehttp.py:154] [basehttp:log_message] [INFO]- "GET /favicon.ico HTTP/1.1" 200 22499
[2022-06-13 08:35:31,154] [basehttp.py:154] [basehttp:log_message] [INFO]- "GET /favicon.ico HTTP/1.1" 200 22499
[2022-06-13 08:35:31,615] [basehttp.py:154] [basehttp:log_message] [INFO]- "GET /admin/app01/files/ HTTP/1.1" 200 27109
[2022-06-13 08:35:31,724] [basehttp.py:154] [basehttp:log_message] [INFO]- "GET /static/admin/simpleui-x/js/language.js?_=2.1.2 HTTP/1.1" 200 189
[2022-06-13 08:35:31,724] [basehttp.py:154] [basehttp:log_message] [INFO]- "GET /static/admin/simpleui-x/css/base.css?_=2.7 HTTP/1.1" 200 4160
[2022-06-13 08:35:31,725] [basehttp.py:154] [basehttp:log_message] [INFO]- "GET /static/admin/css/base.css?_=2.7 HTTP/1.1" 200 16225
[2022-06-13 08:35:31,725] [basehttp.py:154] [basehttp:log_message] [INFO]- "GET /static/admin/simpleui-x/theme/simpleui.css HTTP/1.1" 200 4270
[2022-06-13 08:35:31,725] [basehttp.py:154] [basehttp:log_message] [INFO]- "GET /static/admin/css/changelists.css?_=20180905 HTTP/1.1" 200 6170
[2022-06-13 08:35:31,730] [basehttp.py:154] [basehttp:log_message] [INFO]- "GET /static/admin/css/responsive.css?_=20180905 HTTP/1.1" 200 17976
[2022-06-13 08:35:31,735] [basehttp.py:154] [basehttp:log_message] [INFO]- "GET /static/admin/js/jquery.init.js HTTP/1.1" 200 363
[2022-06-13 08:35:31,739] [basehttp.py:154] [basehttp:log_message] [INFO]- "GET /static/admin/js/vendor/jquery/jquery.js HTTP/1.1" 200 271751
[2022-06-13 08:35:31,744] [basehttp.py:154] [basehttp:log_message] [INFO]- "GET /static/admin/simpleui-x/locale/zh-hans.js HTTP/1.1" 200 1254
[2022-06-13 08:35:31,747] [basehttp.py:154] [basehttp:log_message] [INFO]- "GET /static/admin/simpleui-x/locale/en-us.js?_=2.1.2 HTTP/1.1" 200 811
[2022-06-13 08:35:31,753] [basehttp.py:154] [basehttp:log_message] [INFO]- "GET /static/admin/css/fonts.css HTTP/1.1" 200 423
[2022-06-13 08:35:31,755] [basehttp.py:154] [basehttp:log_message] [INFO]- "GET /static/admin/js/core.js HTTP/1.1" 200 7135
[2022-06-13 08:35:31,756] [basehttp.py:154] [basehttp:log_message] [INFO]- "GET /static/admin/simpleui-x/js/cookie.js HTTP/1.1" 200 524
[2022-06-13 08:35:31,769] [basehttp.py:154] [basehttp:log_message] [INFO]- "GET /static/admin/js/admin/RelatedObjectLookups.js HTTP/1.1" 200 6918
[2022-06-13 08:35:31,770] [basehttp.py:154] [basehttp:log_message] [INFO]- "GET /static/admin/js/actions.js HTTP/1.1" 200 6538
[2022-06-13 08:35:31,772] [basehttp.py:154] [basehttp:log_message] [INFO]- "GET /admin/jsi18n/ HTTP/1.1" 200 7684
[2022-06-13 08:35:31,773] [basehttp.py:154] [basehttp:log_message] [INFO]- "GET /static/admin/js/urlify.js HTTP/1.1" 200 8972
[2022-06-13 08:35:31,774] [basehttp.py:154] [basehttp:log_message] [INFO]- "GET /static/admin/js/prepopulate.js HTTP/1.1" 200 1530
[2022-06-13 08:35:31,774] [basehttp.py:154] [basehttp:log_message] [INFO]- "GET /static/admin/js/vendor/xregexp/xregexp.js HTTP/1.1" 200 128820
[2022-06-13 08:35:31,796] [basehttp.py:154] [basehttp:log_message] [INFO]- "GET /static/admin/js/vendor/jquery/jquery.min.js HTTP/1.1" 200 86927
[2022-06-13 08:35:31,806] [basehttp.py:154] [basehttp:log_message] [INFO]- "GET /static/admin/simpleui-x/automatic/dicts.js HTTP/1.1" 200 6292
[2022-06-13 08:35:31,807] [basehttp.py:154] [basehttp:log_message] [INFO]- "GET /static/admin/simpleui-x/automatic/segment.js HTTP/1.1" 200 1186
[2022-06-13 08:35:31,808] [basehttp.py:154] [basehttp:log_message] [INFO]- "GET /static/admin/simpleui-x/js/axios.min.js HTTP/1.1" 200 14237
[2022-06-13 08:35:32,032] [basehttp.py:154] [basehttp:log_message] [INFO]- "GET /static/admin/fonts/Roboto-Regular-webfont.woff HTTP/1.1" 200 80304
[2022-06-13 08:35:32,052] [basehttp.py:154] [basehttp:log_message] [INFO]- "GET /static/admin/fonts/Roboto-Bold-webfont.woff HTTP/1.1" 200 82564
[2022-06-13 08:35:34,836] [basehttp.py:154] [basehttp:log_message] [INFO]- "GET /favicon.ico HTTP/1.1" 200 22499
[2022-06-13 08:35:37,986] [basehttp.py:154] [basehttp:log_message] [INFO]- "GET /admin/login/?next=/admin/ HTTP/1.1" 302 0
[2022-06-13 08:35:38,225] [basehttp.py:154] [basehttp:log_message] [INFO]- "GET /admin/ HTTP/1.1" 200 41984
[2022-06-13 08:35:39,109] [basehttp.py:154] [basehttp:log_message] [INFO]- "GET /favicon.ico HTTP/1.1" 200 22499
[2022-06-13 08:35:53,799] [basehttp.py:154] [basehttp:log_message] [INFO]- "GET /static/admin/simpleui-x/theme/element.css HTTP/1.1" 200 4239
[2022-06-13 08:35:56,842] [basehttp.py:154] [basehttp:log_message] [INFO]- "GET /static/admin/simpleui-x/theme/e-red.css HTTP/1.1" 200 4465
[2022-06-13 08:35:58,923] [basehttp.py:154] [basehttp:log_message] [INFO]- "GET /static/admin/simpleui-x/theme/x-blue.css HTTP/1.1" 200 4491
[2022-06-13 08:36:02,082] [basehttp.py:154] [basehttp:log_message] [INFO]- "GET /static/admin/simpleui-x/theme/e-purple.css HTTP/1.1" 200 4476
[2022-06-13 08:36:04,817] [basehttp.py:154] [basehttp:log_message] [INFO]- "GET /static/admin/simpleui-x/theme/x-red.css HTTP/1.1" 200 4459
[2022-06-13 08:36:07,301] [basehttp.py:154] [basehttp:log_message] [INFO]- "GET /static/admin/simpleui-x/theme/green.css HTTP/1.1" 200 4270
[2022-06-13 08:36:09,761] [basehttp.py:154] [basehttp:log_message] [INFO]- "GET /static/admin/simpleui-x/theme/e-green-pro.css HTTP/1.1" 200 4395
[2022-06-13 08:36:11,801] [basehttp.py:154] [basehttp:log_message] [INFO]- "GET /static/admin/simpleui-x/theme/gray.css HTTP/1.1" 200 4290
[2022-06-13 08:36:27,397] [basehttp.py:154] [basehttp:log_message] [INFO]- "GET /favicon.ico HTTP/1.1" 200 22499
[2022-06-13 08:36:27,547] [basehttp.py:154] [basehttp:log_message] [INFO]- "GET /admin/auth/user/ HTTP/1.1" 200 41172
[2022-06-13 08:36:27,611] [basehttp.py:154] [basehttp:log_message] [INFO]- "GET /admin/jsi18n/ HTTP/1.1" 200 7684
[2022-06-13 08:36:27,642] [basehttp.py:154] [basehttp:log_message] [INFO]- "GET /static/admin/img/icon-yes.svg HTTP/1.1" 200 436
[2022-06-13 08:36:27,863] [basehttp.py:154] [basehttp:log_message] [INFO]- "GET /static/admin/img/sorting-icons.svg HTTP/1.1" 200 1097
[2022-06-13 08:36:27,899] [basehttp.py:154] [basehttp:log_message] [INFO]- "GET /static/admin/fonts/Roboto-Light-webfont.woff HTTP/1.1" 200 81348
[2022-06-13 08:36:31,986] [basehttp.py:154] [basehttp:log_message] [INFO]- "GET /admin/auth/user/2/change/ HTTP/1.1" 200 76575
[2022-06-13 08:36:32,008] [basehttp.py:154] [basehttp:log_message] [INFO]- "GET /static/admin/css/forms.css HTTP/1.1" 200 8505
[2022-06-13 08:36:32,025] [basehttp.py:154] [basehttp:log_message] [INFO]- "GET /static/admin/js/SelectBox.js HTTP/1.1" 200 5755
[2022-06-13 08:36:32,025] [basehttp.py:154] [basehttp:log_message] [INFO]- "GET /static/admin/js/SelectFilter2.js HTTP/1.1" 200 12712
[2022-06-13 08:36:32,036] [basehttp.py:154] [basehttp:log_message] [INFO]- "GET /static/admin/js/calendar.js HTTP/1.1" 200 7777
[2022-06-13 08:36:32,040] [basehttp.py:154] [basehttp:log_message] [INFO]- "GET /static/admin/js/admin/DateTimeShortcuts.js HTTP/1.1" 200 20281
[2022-06-13 08:36:32,053] [basehttp.py:154] [basehttp:log_message] [INFO]- "GET /static/admin/css/widgets.css HTTP/1.1" 200 10340
[2022-06-13 08:36:32,084] [basehttp.py:154] [basehttp:log_message] [INFO]- "GET /static/admin/js/change_form.js HTTP/1.1" 200 712
[2022-06-13 08:36:32,095] [basehttp.py:154] [basehttp:log_message] [INFO]- "GET /static/admin/js/prepopulate_init.js HTTP/1.1" 200 495
[2022-06-13 08:36:32,097] [basehttp.py:154] [basehttp:log_message] [INFO]- "GET /admin/jsi18n/ HTTP/1.1" 200 7684
[2022-06-13 08:36:32,099] [basehttp.py:154] [basehttp:log_message] [INFO]- "GET /static/admin/img/icon-addlink.svg HTTP/1.1" 200 331
[2022-06-13 08:36:32,280] [basehttp.py:154] [basehttp:log_message] [INFO]- "GET /static/admin/img/icon-unknown.svg HTTP/1.1" 200 655
[2022-06-13 08:36:32,282] [basehttp.py:154] [basehttp:log_message] [INFO]- "GET /static/admin/img/search.svg HTTP/1.1" 200 458
[2022-06-13 08:36:32,282] [basehttp.py:154] [basehttp:log_message] [INFO]- "GET /static/admin/img/selector-icons.svg HTTP/1.1" 200 3291
[2022-06-13 08:36:32,291] [basehttp.py:154] [basehttp:log_message] [INFO]- "GET /static/admin/img/icon-unknown-alt.svg HTTP/1.1" 200 655
[2022-06-13 08:36:32,339] [basehttp.py:154] [basehttp:log_message] [INFO]- "GET /static/admin/img/icon-clock.svg HTTP/1.1" 200 677
[2022-06-13 08:36:32,346] [basehttp.py:154] [basehttp:log_message] [INFO]- "GET /static/admin/img/icon-calendar.svg HTTP/1.1" 200 1086
[2022-06-13 08:36:47,103] [basehttp.py:154] [basehttp:log_message] [INFO]- "GET /admin/auth/user/ HTTP/1.1" 200 41172
[2022-06-13 08:37:01,108] [basehttp.py:154] [basehttp:log_message] [INFO]- "GET /admin/auth/user/6/change/ HTTP/1.1" 200 76533
[2022-06-13 08:37:01,234] [basehttp.py:154] [basehttp:log_message] [INFO]- "GET /admin/jsi18n/ HTTP/1.1" 200 7684
[2022-06-13 08:37:06,414] [basehttp.py:154] [basehttp:log_message] [INFO]- "GET /admin/auth/user/6/password/ HTTP/1.1" 200 6198
[2022-06-13 08:37:06,447] [basehttp.py:154] [basehttp:log_message] [INFO]- "GET /admin/jsi18n/ HTTP/1.1" 200 7684
[2022-06-13 08:37:16,599] [UserIP.py:89] [UserIP:process_response] [CRITICAL]- 系统错误
[2022-06-13 08:37:16,615] [basehttp.py:154] [basehttp:log_message] [INFO]- "POST /admin/auth/user/6/password/ HTTP/1.1" 302 0
[2022-06-13 08:37:16,856] [basehttp.py:154] [basehttp:log_message] [INFO]- "GET /admin/auth/user/6/change/ HTTP/1.1" 200 76615
[2022-06-13 08:37:16,903] [basehttp.py:154] [basehttp:log_message] [INFO]- "GET /admin/jsi18n/ HTTP/1.1" 200 7684
[2022-06-13 08:37:31,737] [basehttp.py:154] [basehttp:log_message] [INFO]- "GET / HTTP/1.1" 200 22499
[2022-06-13 08:37:32,108] [basehttp.py:154] [basehttp:log_message] [INFO]- "GET /favicon.ico HTTP/1.1" 200 22499
[2022-06-13 08:38:00,801] [basehttp.py:154] [basehttp:log_message] [INFO]- "GET /admin/logout/ HTTP/1.1" 200 161
[2022-06-13 08:38:00,891] [basehttp.py:154] [basehttp:log_message] [INFO]- "GET /favicon.ico HTTP/1.1" 302 0
[2022-06-13 08:38:00,907] [basehttp.py:154] [basehttp:log_message] [INFO]- "GET /login/ HTTP/1.1" 200 4677
[2022-06-13 08:38:00,909] [basehttp.py:154] [basehttp:log_message] [INFO]- "GET /admin/login/ HTTP/1.1" 200 4013
[2022-06-13 08:38:01,658] [basehttp.py:154] [basehttp:log_message] [INFO]- "GET /favicon.ico HTTP/1.1" 302 0
[2022-06-13 08:38:02,209] [basehttp.py:154] [basehttp:log_message] [INFO]- "GET /login/ HTTP/1.1" 200 4677
[2022-06-13 08:38:07,694] [UserIP.py:89] [UserIP:process_response] [CRITICAL]- 系统错误
[2022-06-13 08:38:07,771] [basehttp.py:154] [basehttp:log_message] [INFO]- "POST /admin/login/ HTTP/1.1" 302 0
[2022-06-13 08:38:08,189] [basehttp.py:154] [basehttp:log_message] [INFO]- "GET /admin/ HTTP/1.1" 200 23982
[2022-06-13 08:38:08,871] [basehttp.py:154] [basehttp:log_message] [INFO]- "GET /favicon.ico HTTP/1.1" 302 0
[2022-06-13 08:38:08,898] [basehttp.py:154] [basehttp:log_message] [INFO]- "GET /login/ HTTP/1.1" 200 4677
[2022-06-13 08:38:38,242] [basehttp.py:154] [basehttp:log_message] [INFO]- "GET /favicon.ico HTTP/1.1" 302 0
[2022-06-13 08:38:38,309] [basehttp.py:154] [basehttp:log_message] [INFO]- "GET /login/ HTTP/1.1" 200 4677
[2022-06-13 08:38:38,324] [basehttp.py:154] [basehttp:log_message] [INFO]- "GET /admin/auth/user/ HTTP/1.1" 200 41172
[2022-06-13 08:38:38,404] [basehttp.py:154] [basehttp:log_message] [INFO]- "GET /admin/jsi18n/ HTTP/1.1" 200 7684
[2022-06-13 08:38:45,362] [basehttp.py:154] [basehttp:log_message] [INFO]- "GET /admin/auth/user/6/change/ HTTP/1.1" 200 76325
[2022-06-13 08:38:45,420] [basehttp.py:154] [basehttp:log_message] [INFO]- "GET /admin/jsi18n/ HTTP/1.1" 200 7684
[2022-06-13 08:39:24,555] [UserIP.py:89] [UserIP:process_response] [CRITICAL]- 系统错误
[2022-06-13 08:39:24,562] [basehttp.py:154] [basehttp:log_message] [INFO]- "POST /admin/auth/user/6/change/ HTTP/1.1" 302 0
[2022-06-13 08:39:24,577] [log.py:228] [log:log_response] [WARNING]- Forbidden (Permission denied): /admin/auth/user/
Traceback (most recent call last):
  File "C:\Python372\mecheck\lib\site-packages\django\core\handlers\exception.py", line 34, in inner
    response = get_response(request)
  File "C:\Python372\mecheck\lib\site-packages\django\core\handlers\base.py", line 126, in _get_response
    response = self.process_exception_by_middleware(e, request)
  File "C:\Python372\mecheck\lib\site-packages\django\core\handlers\base.py", line 124, in _get_response
    response = wrapped_callback(request, *callback_args, **callback_kwargs)
  File "C:\Python372\mecheck\lib\site-packages\django\contrib\admin\options.py", line 604, in wrapper
    return self.admin_site.admin_view(view)(*args, **kwargs)
  File "C:\Python372\mecheck\lib\site-packages\django\utils\decorators.py", line 142, in _wrapped_view
    response = view_func(request, *args, **kwargs)
  File "C:\Python372\mecheck\lib\site-packages\django\views\decorators\cache.py", line 44, in _wrapped_view_func
    response = view_func(request, *args, **kwargs)
  File "C:\Python372\mecheck\lib\site-packages\django\contrib\admin\sites.py", line 223, in inner
    return view(request, *args, **kwargs)
  File "C:\Python372\mecheck\lib\site-packages\django\utils\decorators.py", line 45, in _wrapper
    return bound_method(*args, **kwargs)
  File "C:\Python372\mecheck\lib\site-packages\django\utils\decorators.py", line 142, in _wrapped_view
    response = view_func(request, *args, **kwargs)
  File "C:\Python372\mecheck\lib\site-packages\django\contrib\admin\options.py", line 1672, in changelist_view
    raise PermissionDenied
django.core.exceptions.PermissionDenied
[2022-06-13 08:39:24,589] [basehttp.py:154] [basehttp:log_message] [WARNING]- "GET /admin/auth/user/ HTTP/1.1" 403 22
[2022-06-13 08:39:31,444] [basehttp.py:154] [basehttp:log_message] [INFO]- "GET /admin/logout/ HTTP/1.1" 200 161
[2022-06-13 08:39:31,529] [basehttp.py:154] [basehttp:log_message] [INFO]- "GET /favicon.ico HTTP/1.1" 302 0
[2022-06-13 08:39:31,544] [basehttp.py:154] [basehttp:log_message] [INFO]- "GET /login/ HTTP/1.1" 200 4677
[2022-06-13 08:39:31,546] [basehttp.py:154] [basehttp:log_message] [INFO]- "GET /admin/login/ HTTP/1.1" 200 4013
[2022-06-13 08:39:31,779] [basehttp.py:154] [basehttp:log_message] [INFO]- "GET /favicon.ico HTTP/1.1" 302 0
[2022-06-13 08:39:31,804] [basehttp.py:154] [basehttp:log_message] [INFO]- "GET /login/ HTTP/1.1" 200 4677
[2022-06-13 08:39:34,145] [UserIP.py:89] [UserIP:process_response] [CRITICAL]- 系统错误
[2022-06-13 08:39:34,185] [basehttp.py:154] [basehttp:log_message] [INFO]- "POST /admin/login/ HTTP/1.1" 302 0
[2022-06-13 08:39:34,812] [basehttp.py:154] [basehttp:log_message] [INFO]- "GET /admin/ HTTP/1.1" 200 41956
[2022-06-13 08:39:35,680] [basehttp.py:154] [basehttp:log_message] [INFO]- "GET /favicon.ico HTTP/1.1" 302 0
[2022-06-13 08:39:35,838] [basehttp.py:154] [basehttp:log_message] [INFO]- "GET /login/ HTTP/1.1" 200 4677
[2022-06-13 08:39:39,820] [basehttp.py:154] [basehttp:log_message] [INFO]- "GET /favicon.ico HTTP/1.1" 302 0
[2022-06-13 08:39:39,851] [basehttp.py:154] [basehttp:log_message] [INFO]- "GET /login/ HTTP/1.1" 200 4677
[2022-06-13 08:39:39,869] [basehttp.py:154] [basehttp:log_message] [INFO]- "GET /admin/auth/user/ HTTP/1.1" 200 41293
[2022-06-13 08:39:39,920] [basehttp.py:154] [basehttp:log_message] [INFO]- "GET /admin/jsi18n/ HTTP/1.1" 200 7684
[2022-06-13 08:39:44,124] [basehttp.py:154] [basehttp:log_message] [INFO]- "GET /admin/auth/user/6/change/ HTTP/1.1" 200 76593
[2022-06-13 08:39:44,211] [basehttp.py:154] [basehttp:log_message] [INFO]- "GET /admin/jsi18n/ HTTP/1.1" 200 7684
[2022-06-13 08:39:57,873] [UserIP.py:89] [UserIP:process_response] [CRITICAL]- 系统错误
[2022-06-13 08:39:57,890] [basehttp.py:154] [basehttp:log_message] [INFO]- "POST /admin/auth/user/6/change/ HTTP/1.1" 302 0
[2022-06-13 08:39:58,048] [basehttp.py:154] [basehttp:log_message] [INFO]- "GET /admin/auth/user/ HTTP/1.1" 200 41293
[2022-06-13 08:39:58,134] [basehttp.py:154] [basehttp:log_message] [INFO]- "GET /admin/jsi18n/ HTTP/1.1" 200 7684
[2022-06-13 08:40:03,499] [basehttp.py:154] [basehttp:log_message] [INFO]- "GET /admin/logout/ HTTP/1.1" 200 161
[2022-06-13 08:40:03,544] [basehttp.py:154] [basehttp:log_message] [INFO]- "GET /favicon.ico HTTP/1.1" 302 0
[2022-06-13 08:40:03,556] [basehttp.py:154] [basehttp:log_message] [INFO]- "GET /login/ HTTP/1.1" 200 4677
[2022-06-13 08:40:03,559] [basehttp.py:154] [basehttp:log_message] [INFO]- "GET /admin/login/ HTTP/1.1" 200 4013
[2022-06-13 08:40:03,724] [basehttp.py:154] [basehttp:log_message] [INFO]- "GET /favicon.ico HTTP/1.1" 302 0
[2022-06-13 08:40:03,736] [basehttp.py:154] [basehttp:log_message] [INFO]- "GET /login/ HTTP/1.1" 200 4677
[2022-06-13 08:40:08,482] [UserIP.py:89] [UserIP:process_response] [CRITICAL]- 系统错误
[2022-06-13 08:40:08,519] [basehttp.py:154] [basehttp:log_message] [INFO]- "POST /admin/login/ HTTP/1.1" 302 0
[2022-06-13 08:40:08,650] [basehttp.py:154] [basehttp:log_message] [INFO]- "GET /admin/ HTTP/1.1" 200 17854
[2022-06-13 08:40:09,424] [basehttp.py:154] [basehttp:log_message] [INFO]- "GET /favicon.ico HTTP/1.1" 302 0
[2022-06-13 08:40:09,546] [basehttp.py:154] [basehttp:log_message] [INFO]- "GET /login/ HTTP/1.1" 200 4677
[2022-06-13 08:40:19,410] [basehttp.py:154] [basehttp:log_message] [INFO]- "GET /favicon.ico HTTP/1.1" 302 0
[2022-06-13 08:40:19,415] [basehttp.py:154] [basehttp:log_message] [INFO]- "GET /admin/CQM/cqmproject/ HTTP/1.1" 200 58989
[2022-06-13 08:40:19,500] [basehttp.py:154] [basehttp:log_message] [INFO]- "GET /login/ HTTP/1.1" 200 4677
[2022-06-13 08:40:21,550] [basehttp.py:154] [basehttp:log_message] [INFO]- "GET /admin/CQM/cqmproject/add/ HTTP/1.1" 200 21561
[2022-06-13 08:40:21,583] [basehttp.py:154] [basehttp:log_message] [INFO]- "GET /admin/jsi18n/ HTTP/1.1" 200 7684
[2022-06-13 08:40:27,052] [basehttp.py:154] [basehttp:log_message] [INFO]- "GET /admin/CQM/cqmproject/ HTTP/1.1" 200 58989
[2022-06-13 08:40:51,298] [basehttp.py:154] [basehttp:log_message] [INFO]- "GET /admin/CQM/cqmproject/ HTTP/1.1" 200 58989
[2022-06-13 08:40:57,819] [basehttp.py:154] [basehttp:log_message] [INFO]- "GET /admin/CQM/cqmproject/ HTTP/1.1" 200 58989
[2022-06-13 08:40:58,133] [basehttp.py:154] [basehttp:log_message] [INFO]- "GET /favicon.ico HTTP/1.1" 302 0
[2022-06-13 08:40:58,200] [basehttp.py:154] [basehttp:log_message] [INFO]- "GET /login/ HTTP/1.1" 200 4677
[2022-06-13 08:41:00,984] [basehttp.py:154] [basehttp:log_message] [INFO]- "GET /admin/CQM/cqmproject/ HTTP/1.1" 200 58989
[2022-06-13 08:41:01,605] [basehttp.py:154] [basehttp:log_message] [INFO]- "GET /favicon.ico HTTP/1.1" 302 0
[2022-06-13 08:41:01,717] [basehttp.py:154] [basehttp:log_message] [INFO]- "GET /login/ HTTP/1.1" 200 4677
[2022-06-13 08:41:35,844] [basehttp.py:154] [basehttp:log_message] [INFO]- "GET /admin/CQM/cqmproject/?q=%09GLV3B HTTP/1.1" 200 40047
[2022-06-13 09:22:47,705] [basehttp.py:154] [basehttp:log_message] [INFO]- "GET /admin/ HTTP/1.1" 200 17854
[2022-06-13 09:22:48,686] [basehttp.py:154] [basehttp:log_message] [INFO]- "GET /favicon.ico HTTP/1.1" 302 0
[2022-06-13 09:22:48,714] [basehttp.py:154] [basehttp:log_message] [INFO]- "GET /login/ HTTP/1.1" 200 4677
[2022-06-13 09:23:26,637] [basehttp.py:154] [basehttp:log_message] [INFO]- "GET /admin/CQM/cqmproject/ HTTP/1.1" 200 58989
[2022-06-13 09:23:33,951] [basehttp.py:154] [basehttp:log_message] [INFO]- "GET /favicon.ico HTTP/1.1" 302 0
[2022-06-13 09:23:34,057] [basehttp.py:154] [basehttp:log_message] [INFO]- "GET /login/ HTTP/1.1" 200 4677
[2022-06-13 09:29:01,753] [basehttp.py:154] [basehttp:log_message] [INFO]- "GET /favicon.ico HTTP/1.1" 302 0
[2022-06-13 09:29:01,769] [basehttp.py:154] [basehttp:log_message] [INFO]- "GET /login/ HTTP/1.1" 200 4677
[2022-06-13 10:58:19,932] [basehttp.py:154] [basehttp:log_message] [INFO]- "GET /admin/ HTTP/1.1" 200 17854
[2022-06-13 10:58:20,775] [basehttp.py:154] [basehttp:log_message] [INFO]- "GET /favicon.ico HTTP/1.1" 302 0
[2022-06-13 10:58:20,818] [basehttp.py:154] [basehttp:log_message] [INFO]- "GET /login/ HTTP/1.1" 200 4677
[2022-06-13 13:10:31,732] [basehttp.py:154] [basehttp:log_message] [INFO]- "GET /admin/ HTTP/1.1" 200 17854
[2022-06-13 13:10:32,342] [basehttp.py:154] [basehttp:log_message] [INFO]- "GET /favicon.ico HTTP/1.1" 302 0
[2022-06-13 13:10:32,374] [basehttp.py:154] [basehttp:log_message] [INFO]- "GET /login/ HTTP/1.1" 200 4677
[2022-06-13 13:10:37,460] [basehttp.py:154] [basehttp:log_message] [INFO]- "GET /admin/logout/ HTTP/1.1" 200 161
[2022-06-13 13:10:37,494] [basehttp.py:154] [basehttp:log_message] [INFO]- "GET /favicon.ico HTTP/1.1" 302 0
[2022-06-13 13:10:37,524] [basehttp.py:154] [basehttp:log_message] [INFO]- "GET /admin/login/ HTTP/1.1" 200 4013
[2022-06-13 13:10:37,839] [basehttp.py:154] [basehttp:log_message] [INFO]- "GET /favicon.ico HTTP/1.1" 302 0
[2022-06-13 13:10:37,845] [basehttp.py:154] [basehttp:log_message] [INFO]- "GET /login/ HTTP/1.1" 200 4677
[2022-06-13 13:10:41,659] [UserIP.py:89] [UserIP:process_response] [CRITICAL]- 系统错误
[2022-06-13 13:10:41,799] [basehttp.py:154] [basehttp:log_message] [INFO]- "POST /admin/login/ HTTP/1.1" 302 0
[2022-06-13 13:10:42,303] [basehttp.py:154] [basehttp:log_message] [INFO]- "GET /admin/ HTTP/1.1" 200 41938
[2022-06-13 13:10:42,744] [basehttp.py:154] [basehttp:log_message] [INFO]- "GET /favicon.ico HTTP/1.1" 302 0
[2022-06-13 13:10:42,771] [basehttp.py:154] [basehttp:log_message] [INFO]- "GET /login/ HTTP/1.1" 200 4677
[2022-06-13 13:10:48,351] [basehttp.py:154] [basehttp:log_message] [INFO]- "GET /favicon.ico HTTP/1.1" 302 0
[2022-06-13 13:10:48,384] [basehttp.py:154] [basehttp:log_message] [INFO]- "GET /login/ HTTP/1.1" 200 4677
[2022-06-13 13:10:48,498] [basehttp.py:154] [basehttp:log_message] [INFO]- "GET /admin/auth/user/ HTTP/1.1" 200 41172
[2022-06-13 13:10:48,670] [basehttp.py:154] [basehttp:log_message] [INFO]- "GET /admin/jsi18n/ HTTP/1.1" 200 7684
[2022-06-13 13:10:59,864] [basehttp.py:154] [basehttp:log_message] [INFO]- "GET /favicon.ico HTTP/1.1" 302 0
[2022-06-13 13:10:59,882] [basehttp.py:154] [basehttp:log_message] [INFO]- "GET /login/ HTTP/1.1" 200 4677
[2022-06-13 13:11:00,334] [basehttp.py:154] [basehttp:log_message] [INFO]- "GET /admin/app01/userinfo/ HTTP/1.1" 200 113213
[2022-06-13 13:11:00,406] [basehttp.py:154] [basehttp:log_message] [INFO]- "GET /admin/jsi18n/ HTTP/1.1" 200 7684
[2022-06-13 13:11:09,362] [basehttp.py:154] [basehttp:log_message] [INFO]- "GET /admin/app01/userinfo/2/change/ HTTP/1.1" 200 20861
[2022-06-13 13:11:09,418] [basehttp.py:154] [basehttp:log_message] [INFO]- "GET /admin/jsi18n/ HTTP/1.1" 200 7684
[2022-06-13 13:16:11,645] [UserIP.py:89] [UserIP:process_response] [CRITICAL]- 系统错误
[2022-06-13 13:16:11,662] [basehttp.py:154] [basehttp:log_message] [INFO]- "POST /api-token-auth/ HTTP/1.1" 200 7915
[2022-06-13 13:16:11,888] [basehttp.py:154] [basehttp:log_message] [INFO]- "GET /favicon.ico HTTP/1.1" 302 0
[2022-06-13 13:16:11,919] [basehttp.py:154] [basehttp:log_message] [INFO]- "GET /login/ HTTP/1.1" 200 4677
[2022-06-13 13:31:03,946] [basehttp.py:154] [basehttp:log_message] [INFO]- "GET /index/ HTTP/1.1" 302 0
[2022-06-13 13:31:05,853] [basehttp.py:154] [basehttp:log_message] [INFO]- "GET /favicon.ico HTTP/1.1" 302 0
[2022-06-13 13:31:05,999] [basehttp.py:154] [basehttp:log_message] [INFO]- "GET /favicon.ico HTTP/1.1" 302 0
[2022-06-13 13:31:06,069] [basehttp.py:154] [basehttp:log_message] [INFO]- "GET /login/ HTTP/1.1" 200 4677
[2022-06-13 13:31:06,251] [basehttp.py:154] [basehttp:log_message] [INFO]- "GET /login/ HTTP/1.1" 200 4677
[2022-06-13 13:31:30,619] [basehttp.py:154] [basehttp:log_message] [INFO]- "GET /CQM/CQMSeriView/ HTTP/1.1" 302 0
[2022-06-13 13:31:30,638] [basehttp.py:154] [basehttp:log_message] [INFO]- "GET /login/ HTTP/1.1" 200 4677
[2022-06-13 13:31:30,932] [basehttp.py:154] [basehttp:log_message] [INFO]- "GET /favicon.ico HTTP/1.1" 302 0
[2022-06-13 13:31:30,990] [basehttp.py:154] [basehttp:log_message] [INFO]- "GET /login/ HTTP/1.1" 200 4677
[2022-06-13 13:31:35,190] [UserIP.py:89] [UserIP:process_response] [CRITICAL]- 系统错误
[2022-06-13 13:31:35,224] [basehttp.py:154] [basehttp:log_message] [INFO]- "POST /login/ HTTP/1.1" 302 0
[2022-06-13 13:31:35,489] [basehttp.py:154] [basehttp:log_message] [INFO]- "GET /index/ HTTP/1.1" 200 47230
[2022-06-13 13:31:36,546] [basehttp.py:154] [basehttp:log_message] [INFO]- "GET /index/ HTTP/1.1" 200 47230
[2022-06-13 13:31:37,205] [basehttp.py:154] [basehttp:log_message] [INFO]- "GET /favicon.ico HTTP/1.1" 200 22499
[2022-06-13 13:31:39,119] [basehttp.py:154] [basehttp:log_message] [INFO]- "GET /CQM/CQM_search/ HTTP/1.1" 200 51196
[2022-06-13 13:31:39,262] [basehttp.py:154] [basehttp:log_message] [INFO]- "GET /static/css/index.css HTTP/1.1" 200 232694
[2022-06-13 13:31:39,365] [basehttp.py:154] [basehttp:log_message] [INFO]- "GET /static/js/xlsx/FileSaver.min.js HTTP/1.1" 200 2611
[2022-06-13 13:31:39,366] [basehttp.py:154] [basehttp:log_message] [INFO]- "GET /static/src/cqmspec.png HTTP/1.1" 200 9675
[2022-06-13 13:31:40,052] [UserIP.py:87] [UserIP:process_response] [INFO]- 2022-06-13 13:31:40 C1010S3>Edwin None>LAPTOP-1EJQO0D7>311 192.168.0.146 192.168.0.146 /CQM/CQM_search/ POST
[2022-06-13 13:31:40,070] [basehttp.py:154] [basehttp:log_message] [INFO]- "GET /static/css/fonts/element-icons.woff HTTP/1.1" 200 28200
[2022-06-13 13:31:40,074] [basehttp.py:154] [basehttp:log_message] [INFO]- "POST /CQM/CQM_search/ HTTP/1.1" 200 35932
[2022-06-13 13:31:40,170] [basehttp.py:154] [basehttp:log_message] [INFO]- "GET /favicon.ico HTTP/1.1" 200 22499
[2022-06-13 13:31:44,279] [basehttp.py:154] [basehttp:log_message] [INFO]- "GET /CQM/CQMSeriView/ HTTP/1.1" 200 22499
[2022-06-13 13:31:44,736] [basehttp.py:154] [basehttp:log_message] [INFO]- "GET /favicon.ico HTTP/1.1" 200 22499
[2022-06-13 13:33:18,294] [basehttp.py:154] [basehttp:log_message] [INFO]- "GET /CQM/CQMSeriView/ HTTP/1.1" 200 22499
[2022-06-13 13:33:18,546] [basehttp.py:154] [basehttp:log_message] [INFO]- "GET /favicon.ico HTTP/1.1" 200 22499
[2022-06-13 13:33:19,474] [basehttp.py:154] [basehttp:log_message] [INFO]- "GET /CQM/CQMSeriView/ HTTP/1.1" 200 22499
[2022-06-13 13:33:19,710] [basehttp.py:154] [basehttp:log_message] [INFO]- "GET /favicon.ico HTTP/1.1" 200 22499
[2022-06-13 13:33:20,442] [basehttp.py:154] [basehttp:log_message] [INFO]- "GET /CQM/CQMSeriView/ HTTP/1.1" 200 22499
[2022-06-13 13:33:20,694] [basehttp.py:154] [basehttp:log_message] [INFO]- "GET /favicon.ico HTTP/1.1" 200 22499
[2022-06-13 13:33:20,724] [basehttp.py:154] [basehttp:log_message] [INFO]- "GET /CQM/CQMSeriView/ HTTP/1.1" 200 22499
[2022-06-13 13:33:20,928] [basehttp.py:154] [basehttp:log_message] [INFO]- "GET /favicon.ico HTTP/1.1" 200 22499
[2022-06-13 13:33:21,129] [basehttp.py:154] [basehttp:log_message] [INFO]- "GET /CQM/CQMSeriView/ HTTP/1.1" 200 22499
[2022-06-13 13:33:21,460] [basehttp.py:154] [basehttp:log_message] [INFO]- "GET /favicon.ico HTTP/1.1" 200 22499
[2022-06-13 13:33:21,530] [basehttp.py:154] [basehttp:log_message] [INFO]- "GET /CQM/CQMSeriView/ HTTP/1.1" 200 22499
[2022-06-13 13:33:21,807] [basehttp.py:154] [basehttp:log_message] [INFO]- "GET /favicon.ico HTTP/1.1" 200 22499
[2022-06-13 13:33:23,270] [basehttp.py:154] [basehttp:log_message] [INFO]- "GET /CQM/CQMSeriView/ HTTP/1.1" 200 22499
[2022-06-13 13:33:23,413] [basehttp.py:154] [basehttp:log_message] [INFO]- "GET /favicon.ico HTTP/1.1" 200 22499
[2022-06-13 13:35:38,941] [basehttp.py:154] [basehttp:log_message] [INFO]- "GET /CQM/CQMSeriView/ HTTP/1.1" 200 22499
[2022-06-13 13:35:39,206] [basehttp.py:154] [basehttp:log_message] [INFO]- "GET /favicon.ico HTTP/1.1" 200 22499
[2022-06-13 13:35:40,254] [basehttp.py:154] [basehttp:log_message] [INFO]- "GET /CQM/CQMSeriView/ HTTP/1.1" 200 22499
[2022-06-13 13:35:40,448] [basehttp.py:154] [basehttp:log_message] [INFO]- "GET /favicon.ico HTTP/1.1" 200 22499
[2022-06-13 13:35:40,526] [basehttp.py:154] [basehttp:log_message] [INFO]- "GET /CQM/CQMSeriView/ HTTP/1.1" 200 22499
[2022-06-13 13:35:40,695] [basehttp.py:154] [basehttp:log_message] [INFO]- "GET /favicon.ico HTTP/1.1" 200 22499
[2022-06-13 13:35:41,051] [basehttp.py:154] [basehttp:log_message] [INFO]- "GET /CQM/CQMSeriView/ HTTP/1.1" 200 22499
[2022-06-13 13:35:41,396] [basehttp.py:154] [basehttp:log_message] [INFO]- "GET /favicon.ico HTTP/1.1" 200 22499
[2022-06-13 13:36:48,739] [basehttp.py:154] [basehttp:log_message] [INFO]- "GET /CQM/CQMSeriView/ HTTP/1.1" 200 22499
[2022-06-13 13:36:49,074] [basehttp.py:154] [basehttp:log_message] [INFO]- "GET /favicon.ico HTTP/1.1" 200 22499
[2022-06-13 13:36:50,922] [basehttp.py:154] [basehttp:log_message] [INFO]- "GET /CQM/CQMSeriView/ HTTP/1.1" 200 22499
[2022-06-13 13:36:51,092] [basehttp.py:154] [basehttp:log_message] [INFO]- "GET /favicon.ico HTTP/1.1" 200 22499
[2022-06-13 13:36:52,506] [basehttp.py:154] [basehttp:log_message] [INFO]- "GET /CQM/CQMSeriView/ HTTP/1.1" 200 22499
[2022-06-13 13:36:52,638] [basehttp.py:154] [basehttp:log_message] [INFO]- "GET /favicon.ico HTTP/1.1" 200 22499
[2022-06-13 13:36:53,851] [basehttp.py:154] [basehttp:log_message] [INFO]- "GET /CQM/CQMSeriView/ HTTP/1.1" 200 22499
[2022-06-13 13:36:54,021] [basehttp.py:154] [basehttp:log_message] [INFO]- "GET /favicon.ico HTTP/1.1" 200 22499
[2022-06-13 13:36:54,069] [basehttp.py:154] [basehttp:log_message] [INFO]- "GET /CQM/CQMSeriView/ HTTP/1.1" 200 22499
[2022-06-13 13:36:54,210] [basehttp.py:154] [basehttp:log_message] [INFO]- "GET /favicon.ico HTTP/1.1" 200 22499
[2022-06-13 13:37:44,808] [log.py:228] [log:log_response] [WARNING]- Unauthorized: /CQM/CQMSeriv/
[2022-06-13 13:37:44,809] [basehttp.py:154] [basehttp:log_message] [WARNING]- "GET /CQM/CQMSeriv/ HTTP/1.1" 401 5116
[2022-06-13 13:37:45,084] [basehttp.py:154] [basehttp:log_message] [INFO]- "GET /favicon.ico HTTP/1.1" 200 22499
[2022-06-13 13:38:08,348] [log.py:228] [log:log_response] [WARNING]- Unauthorized: /CQM/CQMSeriv/
[2022-06-13 13:38:08,349] [basehttp.py:154] [basehttp:log_message] [WARNING]- "GET /CQM/CQMSeriv/ HTTP/1.1" 401 5125
[2022-06-13 13:38:08,581] [basehttp.py:154] [basehttp:log_message] [INFO]- "GET /favicon.ico HTTP/1.1" 200 22499
[2022-06-13 13:38:20,452] [log.py:228] [log:log_response] [WARNING]- Unauthorized: /CQM/CQMSeriv/
[2022-06-13 13:38:20,453] [basehttp.py:154] [basehttp:log_message] [WARNING]- "GET /CQM/CQMSeriv/?format=json HTTP/1.1" 401 43
[2022-06-13 13:38:20,693] [basehttp.py:154] [basehttp:log_message] [INFO]- "GET /favicon.ico HTTP/1.1" 200 22499
[2022-06-13 13:38:23,620] [log.py:228] [log:log_response] [WARNING]- Unauthorized: /CQM/CQMSeriv/
[2022-06-13 13:38:23,620] [basehttp.py:154] [basehttp:log_message] [WARNING]- "GET /CQM/CQMSeriv/ HTTP/1.1" 401 5125
[2022-06-13 13:38:23,745] [basehttp.py:154] [basehttp:log_message] [INFO]- "GET /favicon.ico HTTP/1.1" 200 22499
[2022-06-13 14:18:40,567] [log.py:228] [log:log_response] [WARNING]- Unauthorized: /CQM/CQMSeriv/
[2022-06-13 14:18:40,574] [basehttp.py:154] [basehttp:log_message] [WARNING]- "GET /CQM/CQMSeriv/ HTTP/1.1" 401 5125
[2022-06-13 14:18:41,948] [basehttp.py:154] [basehttp:log_message] [INFO]- "GET /favicon.ico HTTP/1.1" 200 22499
[2022-06-13 16:56:41,964] [log.py:228] [log:log_response] [WARNING]- Unauthorized: /CQM/CQMSeriv/
[2022-06-13 16:56:41,970] [basehttp.py:154] [basehttp:log_message] [WARNING]- "GET /CQM/CQMSeriv/ HTTP/1.1" 401 5125
[2022-06-13 16:56:42,505] [basehttp.py:154] [basehttp:log_message] [INFO]- "GET /favicon.ico HTTP/1.1" 200 22499
[2022-06-13 17:15:44,332] [basehttp.py:154] [basehttp:log_message] [INFO]- "GET / HTTP/1.1" 200 22499
[2022-06-13 17:15:45,770] [basehttp.py:154] [basehttp:log_message] [INFO]- "GET /favicon.ico HTTP/1.1" 200 22499
