[2021-11-24 08:18:03,201] [basehttp.py:154] [basehttp:log_message] [INFO]- "GET / HTTP/1.1" 302 0
[2021-11-24 08:18:03,209] [basehttp.py:154] [basehttp:log_message] [INFO]- "GET /login/ HTTP/1.1" 200 4677
[2021-11-24 08:18:03,676] [basehttp.py:154] [basehttp:log_message] [INFO]- "GET /favicon.ico HTTP/1.1" 302 0
[2021-11-24 08:18:03,679] [basehttp.py:154] [basehttp:log_message] [INFO]- "GET /login/ HTTP/1.1" 200 4677
[2021-11-24 08:18:28,156] [UserIP.py:89] [UserIP:process_response] [CRITICAL]- 系统错误
[2021-11-24 08:18:28,168] [basehttp.py:154] [basehttp:log_message] [INFO]- "POST /login/ HTTP/1.1" 302 0
[2021-11-24 08:18:28,287] [basehttp.py:154] [basehttp:log_message] [INFO]- "GET /index/ HTTP/1.1" 200 45972
[2021-11-24 08:18:28,375] [basehttp.py:154] [basehttp:log_message] [INFO]- "GET /index/ HTTP/1.1" 200 45972
[2021-11-24 08:18:28,598] [basehttp.py:154] [basehttp:log_message] [INFO]- "GET /favicon.ico HTTP/1.1" 200 21241
[2021-11-24 08:19:05,153] [basehttp.py:154] [basehttp:log_message] [INFO]- "GET /OBIDeviceResult/OBIDeviceResult_search/ HTTP/1.1" 200 40006
[2021-11-24 08:19:05,418] [UserIP.py:87] [UserIP:process_response] [INFO]- 2021-11-24 08:19:05 C1010S3>Edwin None>LAPTOP-VA9VPAO8>417 127.0.0.1 127.0.0.1 /OBIDeviceResult/OBIDeviceResult_search/ POST
[2021-11-24 08:19:05,418] [basehttp.py:154] [basehttp:log_message] [INFO]- "GET /favicon.ico HTTP/1.1" 200 21241
[2021-11-24 08:19:05,427] [basehttp.py:154] [basehttp:log_message] [INFO]- "POST /OBIDeviceResult/OBIDeviceResult_search/ HTTP/1.1" 200 1095
[2021-11-24 09:30:07,909] [UserIP.py:87] [UserIP:process_response] [INFO]- 2021-11-24 09:30:07 C1010S3>Edwin None>LAPTOP-VA9VPAO8>417 127.0.0.1 127.0.0.1 /OBIDeviceResult/OBIDeviceResult_search/ POST
[2021-11-24 09:30:07,916] [basehttp.py:154] [basehttp:log_message] [INFO]- "POST /OBIDeviceResult/OBIDeviceResult_search/ HTTP/1.1" 200 13884
[2021-11-24 09:30:45,477] [basehttp.py:154] [basehttp:log_message] [INFO]- "GET /OBIDeviceResult/OBIDeviceResult_edit/ HTTP/1.1" 200 63558
[2021-11-24 09:30:45,916] [UserIP.py:87] [UserIP:process_response] [INFO]- 2021-11-24 09:30:45 C1010S3>Edwin None>LAPTOP-VA9VPAO8>417 127.0.0.1 127.0.0.1 /OBIDeviceResult/OBIDeviceResult_edit/ POST
[2021-11-24 09:30:45,926] [basehttp.py:154] [basehttp:log_message] [INFO]- "POST /OBIDeviceResult/OBIDeviceResult_edit/ HTTP/1.1" 200 2971
[2021-11-24 09:30:45,936] [basehttp.py:154] [basehttp:log_message] [INFO]- "GET /favicon.ico HTTP/1.1" 200 21241
[2021-11-24 09:30:52,467] [basehttp.py:154] [basehttp:log_message] [INFO]- "GET /OBIDeviceResult/OBIDeviceResult_options/ HTTP/1.1" 200 51833
[2021-11-24 09:30:52,713] [UserIP.py:87] [UserIP:process_response] [INFO]- 2021-11-24 09:30:52 C1010S3>Edwin None>LAPTOP-VA9VPAO8>417 127.0.0.1 127.0.0.1 /OBIDeviceResult/OBIDeviceResult_options/ POST
[2021-11-24 09:30:52,723] [basehttp.py:154] [basehttp:log_message] [INFO]- "POST /OBIDeviceResult/OBIDeviceResult_options/ HTTP/1.1" 200 1030
[2021-11-24 09:30:52,741] [basehttp.py:154] [basehttp:log_message] [INFO]- "GET /favicon.ico HTTP/1.1" 200 21241
[2021-11-24 09:31:00,742] [basehttp.py:154] [basehttp:log_message] [INFO]- "GET /OBIDeviceResult/OBIDeviceResult_search/ HTTP/1.1" 200 40006
[2021-11-24 09:31:00,918] [UserIP.py:87] [UserIP:process_response] [INFO]- 2021-11-24 09:31:00 C1010S3>Edwin None>LAPTOP-VA9VPAO8>417 127.0.0.1 127.0.0.1 /OBIDeviceResult/OBIDeviceResult_search/ POST
[2021-11-24 09:31:00,926] [basehttp.py:154] [basehttp:log_message] [INFO]- "POST /OBIDeviceResult/OBIDeviceResult_search/ HTTP/1.1" 200 1095
[2021-11-24 09:31:00,952] [basehttp.py:154] [basehttp:log_message] [INFO]- "GET /favicon.ico HTTP/1.1" 200 21241
[2021-11-24 10:20:56,226] [basehttp.py:154] [basehttp:log_message] [WARNING]- "GET /static/js/lib/bootstrap.min.js.map HTTP/1.1" 404 1806
[2021-11-24 10:20:56,231] [basehttp.py:154] [basehttp:log_message] [WARNING]- "GET /static/js/axios.min.map HTTP/1.1" 404 1773
[2021-11-24 10:20:56,231] [basehttp.py:154] [basehttp:log_message] [WARNING]- "GET /static/js/xlsx/FileSaver.min.js.map HTTP/1.1" 404 1809
[2021-11-24 10:20:56,243] [basehttp.py:154] [basehttp:log_message] [WARNING]- "GET /static/css/bootstrap.min.css.map HTTP/1.1" 404 1800
[2021-11-24 10:21:18,492] [UserIP.py:87] [UserIP:process_response] [INFO]- 2021-11-24 10:21:18 C1010S3>Edwin None>LAPTOP-VA9VPAO8>417 127.0.0.1 127.0.0.1 /OBIDeviceResult/OBIDeviceResult_search/ POST
[2021-11-24 10:21:18,500] [basehttp.py:154] [basehttp:log_message] [INFO]- "POST /OBIDeviceResult/OBIDeviceResult_search/ HTTP/1.1" 200 13884
[2021-11-25 08:52:03,865] [basehttp.py:154] [basehttp:log_message] [INFO]- "GET /OBIDeviceResult/OBIDeviceResult_search/ HTTP/1.1" 302 0
[2021-11-25 08:52:03,870] [basehttp.py:154] [basehttp:log_message] [INFO]- "GET /login/ HTTP/1.1" 200 4677
[2021-11-25 08:52:03,919] [basehttp.py:154] [basehttp:log_message] [INFO]- "GET /static/vendor/bootstrap/js/bootstrap.bundle.min.js.map HTTP/1.1" 200 303386
[2021-11-25 08:52:03,942] [basehttp.py:154] [basehttp:log_message] [WARNING]- "GET /static/css/bootstrap.min.css.map HTTP/1.1" 404 1800
[2021-11-25 08:52:03,951] [basehttp.py:154] [basehttp:log_message] [INFO]- "GET /favicon.ico HTTP/1.1" 302 0
[2021-11-25 08:52:03,953] [basehttp.py:154] [basehttp:log_message] [INFO]- "GET /login/ HTTP/1.1" 200 4677
[2021-11-25 08:52:07,026] [UserIP.py:89] [UserIP:process_response] [CRITICAL]- 系统错误
[2021-11-25 08:52:07,039] [basehttp.py:154] [basehttp:log_message] [INFO]- "POST /login/ HTTP/1.1" 302 0
[2021-11-25 08:52:07,090] [basehttp.py:154] [basehttp:log_message] [INFO]- "GET /index/ HTTP/1.1" 200 45972
[2021-11-25 08:52:07,106] [basehttp.py:154] [basehttp:log_message] [INFO]- "GET /static/css/home_menu.css HTTP/1.1" 304 0
[2021-11-25 08:52:07,106] [basehttp.py:154] [basehttp:log_message] [INFO]- "GET /static/css/home_style.css HTTP/1.1" 304 0
[2021-11-25 08:52:07,175] [basehttp.py:154] [basehttp:log_message] [INFO]- "GET /index/ HTTP/1.1" 200 45972
[2021-11-25 08:52:07,193] [basehttp.py:154] [basehttp:log_message] [WARNING]- "GET /static/css/bootstrap.min.css.map HTTP/1.1" 404 1800
[2021-11-25 08:52:07,200] [basehttp.py:154] [basehttp:log_message] [WARNING]- "GET /static/js/lib/bootstrap.min.js.map HTTP/1.1" 404 1806
[2021-11-25 08:52:07,394] [basehttp.py:154] [basehttp:log_message] [WARNING]- "GET /static/js/lib/bootstrap.min.js.map HTTP/1.1" 404 1806
[2021-11-25 08:52:07,395] [basehttp.py:154] [basehttp:log_message] [WARNING]- "GET /static/js/axios.min.map HTTP/1.1" 404 1773
[2021-11-25 08:52:07,472] [basehttp.py:154] [basehttp:log_message] [INFO]- "GET /favicon.ico HTTP/1.1" 200 21241
[2021-11-25 08:52:19,519] [basehttp.py:154] [basehttp:log_message] [INFO]- "GET /OBIDeviceResult/OBIDeviceResult_options/ HTTP/1.1" 200 51833
[2021-11-25 08:52:19,610] [basehttp.py:154] [basehttp:log_message] [WARNING]- "GET /static/css/bootstrap.min.css.map HTTP/1.1" 404 1800
[2021-11-25 08:52:19,616] [basehttp.py:154] [basehttp:log_message] [WARNING]- "GET /static/js/lib/bootstrap.min.js.map HTTP/1.1" 404 1806
[2021-11-25 08:52:19,788] [basehttp.py:154] [basehttp:log_message] [WARNING]- "GET /static/js/axios.min.map HTTP/1.1" 404 1773
[2021-11-25 08:52:19,941] [UserIP.py:87] [UserIP:process_response] [INFO]- 2021-11-25 08:52:19 C1010S3>Edwin None>LAPTOP-VA9VPAO8>417 127.0.0.1 127.0.0.1 /OBIDeviceResult/OBIDeviceResult_options/ POST
[2021-11-25 08:52:19,954] [basehttp.py:154] [basehttp:log_message] [INFO]- "POST /OBIDeviceResult/OBIDeviceResult_options/ HTTP/1.1" 200 1030
[2021-11-25 08:52:20,018] [basehttp.py:154] [basehttp:log_message] [INFO]- "GET /favicon.ico HTTP/1.1" 200 21241
[2021-11-25 08:52:51,948] [basehttp.py:154] [basehttp:log_message] [INFO]- "GET /OBIDeviceResult/OBIDeviceResult_search/ HTTP/1.1" 200 40006
[2021-11-25 08:52:52,038] [basehttp.py:154] [basehttp:log_message] [WARNING]- "GET /static/css/bootstrap.min.css.map HTTP/1.1" 404 1800
[2021-11-25 08:52:52,043] [basehttp.py:154] [basehttp:log_message] [WARNING]- "GET /static/js/lib/bootstrap.min.js.map HTTP/1.1" 404 1806
[2021-11-25 08:52:52,126] [basehttp.py:154] [basehttp:log_message] [WARNING]- "GET /static/js/axios.min.map HTTP/1.1" 404 1773
[2021-11-25 08:52:52,126] [basehttp.py:154] [basehttp:log_message] [WARNING]- "GET /static/js/xlsx/FileSaver.min.js.map HTTP/1.1" 404 1809
[2021-11-25 08:52:52,254] [UserIP.py:87] [UserIP:process_response] [INFO]- 2021-11-25 08:52:52 C1010S3>Edwin None>LAPTOP-VA9VPAO8>417 127.0.0.1 127.0.0.1 /OBIDeviceResult/OBIDeviceResult_search/ POST
[2021-11-25 08:52:52,262] [basehttp.py:154] [basehttp:log_message] [INFO]- "POST /OBIDeviceResult/OBIDeviceResult_search/ HTTP/1.1" 200 1095
[2021-11-25 08:52:52,293] [basehttp.py:154] [basehttp:log_message] [INFO]- "GET /favicon.ico HTTP/1.1" 200 21241
[2021-11-25 08:52:55,518] [UserIP.py:87] [UserIP:process_response] [INFO]- 2021-11-25 08:52:55 C1010S3>Edwin None>LAPTOP-VA9VPAO8>417 127.0.0.1 127.0.0.1 /OBIDeviceResult/OBIDeviceResult_search/ POST
[2021-11-25 08:52:55,527] [basehttp.py:154] [basehttp:log_message] [INFO]- "POST /OBIDeviceResult/OBIDeviceResult_search/ HTTP/1.1" 200 13884
[2021-11-29 08:45:31,798] [basehttp.py:154] [basehttp:log_message] [INFO]- "GET /OBIDeviceResult/OBIDeviceResult_search/ HTTP/1.1" 302 0
[2021-11-29 08:45:31,806] [basehttp.py:154] [basehttp:log_message] [INFO]- "GET /login/ HTTP/1.1" 200 4677
[2021-11-29 08:45:31,864] [basehttp.py:154] [basehttp:log_message] [INFO]- "GET /static/vendor/bootstrap/js/bootstrap.bundle.min.js.map HTTP/1.1" 200 303386
[2021-11-29 08:45:31,889] [basehttp.py:154] [basehttp:log_message] [WARNING]- "GET /static/css/bootstrap.min.css.map HTTP/1.1" 404 1800
[2021-11-29 08:45:31,898] [basehttp.py:154] [basehttp:log_message] [INFO]- "GET /favicon.ico HTTP/1.1" 302 0
[2021-11-29 08:45:31,917] [basehttp.py:154] [basehttp:log_message] [INFO]- "GET /login/ HTTP/1.1" 200 4677
[2021-11-29 08:45:36,185] [UserIP.py:89] [UserIP:process_response] [CRITICAL]- 系统错误
[2021-11-29 08:45:36,202] [basehttp.py:154] [basehttp:log_message] [INFO]- "POST /login/ HTTP/1.1" 302 0
[2021-11-29 08:45:36,246] [basehttp.py:154] [basehttp:log_message] [INFO]- "GET /index/ HTTP/1.1" 200 45972
[2021-11-29 08:45:36,345] [basehttp.py:154] [basehttp:log_message] [INFO]- "GET /index/ HTTP/1.1" 200 45972
[2021-11-29 08:45:36,360] [basehttp.py:154] [basehttp:log_message] [WARNING]- "GET /static/css/bootstrap.min.css.map HTTP/1.1" 404 1800
[2021-11-29 08:45:36,368] [basehttp.py:154] [basehttp:log_message] [WARNING]- "GET /static/js/lib/bootstrap.min.js.map HTTP/1.1" 404 1806
[2021-11-29 08:45:36,560] [basehttp.py:154] [basehttp:log_message] [WARNING]- "GET /static/js/axios.min.map HTTP/1.1" 404 1773
[2021-11-29 08:45:36,560] [basehttp.py:154] [basehttp:log_message] [WARNING]- "GET /static/js/lib/bootstrap.min.js.map HTTP/1.1" 404 1806
[2021-11-29 08:45:36,656] [basehttp.py:154] [basehttp:log_message] [INFO]- "GET /favicon.ico HTTP/1.1" 200 21241
[2021-11-29 08:46:48,049] [basehttp.py:154] [basehttp:log_message] [INFO]- "GET /OBIDeviceResult/OBIDeviceResult_search/ HTTP/1.1" 200 40006
[2021-11-29 08:46:48,070] [basehttp.py:154] [basehttp:log_message] [INFO]- "GET /static/src/obispec.png HTTP/1.1" 304 0
[2021-11-29 08:46:48,144] [basehttp.py:154] [basehttp:log_message] [WARNING]- "GET /static/css/bootstrap.min.css.map HTTP/1.1" 404 1800
[2021-11-29 08:46:48,150] [basehttp.py:154] [basehttp:log_message] [WARNING]- "GET /static/js/lib/bootstrap.min.js.map HTTP/1.1" 404 1806
[2021-11-29 08:46:48,333] [basehttp.py:154] [basehttp:log_message] [WARNING]- "GET /static/js/axios.min.map HTTP/1.1" 404 1773
[2021-11-29 08:46:48,335] [basehttp.py:154] [basehttp:log_message] [WARNING]- "GET /static/js/xlsx/FileSaver.min.js.map HTTP/1.1" 404 1809
[2021-11-29 08:46:48,476] [UserIP.py:87] [UserIP:process_response] [INFO]- 2021-11-29 08:46:48 C1010S3>Edwin None>LAPTOP-VA9VPAO8>417 127.0.0.1 127.0.0.1 /OBIDeviceResult/OBIDeviceResult_search/ POST
[2021-11-29 08:46:48,484] [basehttp.py:154] [basehttp:log_message] [INFO]- "POST /OBIDeviceResult/OBIDeviceResult_search/ HTTP/1.1" 200 1095
[2021-11-29 08:46:48,491] [basehttp.py:154] [basehttp:log_message] [INFO]- "GET /favicon.ico HTTP/1.1" 200 21241
[2021-11-30 09:43:05,007] [basehttp.py:154] [basehttp:log_message] [INFO]- "GET /OBIDeviceResult/OBIDeviceResult_search/ HTTP/1.1" 302 0
[2021-11-30 09:43:05,016] [basehttp.py:154] [basehttp:log_message] [INFO]- "GET /login/ HTTP/1.1" 200 4677
[2021-11-30 09:43:05,083] [basehttp.py:154] [basehttp:log_message] [WARNING]- "GET /static/css/bootstrap.min.css.map HTTP/1.1" 404 1800
[2021-11-30 09:43:05,101] [basehttp.py:154] [basehttp:log_message] [INFO]- "GET /static/vendor/bootstrap/js/bootstrap.bundle.min.js.map HTTP/1.1" 200 303386
[2021-11-30 09:43:05,121] [basehttp.py:154] [basehttp:log_message] [INFO]- "GET /favicon.ico HTTP/1.1" 302 0
[2021-11-30 09:43:05,125] [basehttp.py:154] [basehttp:log_message] [INFO]- "GET /login/ HTTP/1.1" 200 4677
[2021-11-30 09:43:07,213] [UserIP.py:89] [UserIP:process_response] [CRITICAL]- 系统错误
[2021-11-30 09:43:07,224] [basehttp.py:154] [basehttp:log_message] [INFO]- "POST /login/ HTTP/1.1" 302 0
[2021-11-30 09:43:07,263] [basehttp.py:154] [basehttp:log_message] [INFO]- "GET /index/ HTTP/1.1" 200 45972
[2021-11-30 09:43:07,353] [basehttp.py:154] [basehttp:log_message] [INFO]- "GET /index/ HTTP/1.1" 200 45972
[2021-11-30 09:43:07,368] [basehttp.py:154] [basehttp:log_message] [WARNING]- "GET /static/css/bootstrap.min.css.map HTTP/1.1" 404 1800
[2021-11-30 09:43:07,376] [basehttp.py:154] [basehttp:log_message] [WARNING]- "GET /static/js/lib/bootstrap.min.js.map HTTP/1.1" 404 1806
[2021-11-30 09:43:07,575] [basehttp.py:154] [basehttp:log_message] [WARNING]- "GET /static/js/lib/bootstrap.min.js.map HTTP/1.1" 404 1806
[2021-11-30 09:43:07,576] [basehttp.py:154] [basehttp:log_message] [WARNING]- "GET /static/js/axios.min.map HTTP/1.1" 404 1773
[2021-11-30 09:43:07,672] [basehttp.py:154] [basehttp:log_message] [INFO]- "GET /favicon.ico HTTP/1.1" 200 21241
[2021-11-30 09:43:29,839] [basehttp.py:154] [basehttp:log_message] [INFO]- "GET /OBIDeviceResult/OBIDeviceResult_search/ HTTP/1.1" 200 40006
[2021-11-30 09:43:29,943] [basehttp.py:154] [basehttp:log_message] [WARNING]- "GET /static/css/bootstrap.min.css.map HTTP/1.1" 404 1800
[2021-11-30 09:43:29,949] [basehttp.py:154] [basehttp:log_message] [WARNING]- "GET /static/js/lib/bootstrap.min.js.map HTTP/1.1" 404 1806
[2021-11-30 09:43:30,137] [basehttp.py:154] [basehttp:log_message] [WARNING]- "GET /static/js/axios.min.map HTTP/1.1" 404 1773
[2021-11-30 09:43:30,137] [basehttp.py:154] [basehttp:log_message] [WARNING]- "GET /static/js/xlsx/FileSaver.min.js.map HTTP/1.1" 404 1809
[2021-11-30 09:43:30,280] [UserIP.py:87] [UserIP:process_response] [INFO]- 2021-11-30 09:43:30 C1010S3>Edwin None>LAPTOP-VA9VPAO8>417 127.0.0.1 127.0.0.1 /OBIDeviceResult/OBIDeviceResult_search/ POST
[2021-11-30 09:43:30,288] [basehttp.py:154] [basehttp:log_message] [INFO]- "POST /OBIDeviceResult/OBIDeviceResult_search/ HTTP/1.1" 200 1095
[2021-11-30 09:43:30,327] [basehttp.py:154] [basehttp:log_message] [INFO]- "GET /favicon.ico HTTP/1.1" 200 21241
[2021-11-30 09:43:44,332] [UserIP.py:87] [UserIP:process_response] [INFO]- 2021-11-30 09:43:44 C1010S3>Edwin None>LAPTOP-VA9VPAO8>417 127.0.0.1 127.0.0.1 /OBIDeviceResult/OBIDeviceResult_search/ POST
[2021-11-30 09:43:44,341] [basehttp.py:154] [basehttp:log_message] [INFO]- "POST /OBIDeviceResult/OBIDeviceResult_search/ HTTP/1.1" 200 13884
[2021-12-01 16:09:46,484] [basehttp.py:154] [basehttp:log_message] [INFO]- "GET /LessonProjectME/Lesson_ProjectResult/ HTTP/1.1" 302 0
[2021-12-01 16:09:46,490] [basehttp.py:154] [basehttp:log_message] [INFO]- "GET /login/ HTTP/1.1" 200 4677
[2021-12-01 16:09:46,542] [basehttp.py:154] [basehttp:log_message] [INFO]- "GET /static/vendor/bootstrap/js/bootstrap.bundle.min.js.map HTTP/1.1" 200 303386
[2021-12-01 16:09:46,571] [basehttp.py:154] [basehttp:log_message] [WARNING]- "GET /static/css/bootstrap.min.css.map HTTP/1.1" 404 1800
[2021-12-01 16:09:46,579] [basehttp.py:154] [basehttp:log_message] [INFO]- "GET /favicon.ico HTTP/1.1" 302 0
[2021-12-01 16:09:46,593] [basehttp.py:154] [basehttp:log_message] [INFO]- "GET /login/ HTTP/1.1" 200 4677
[2021-12-01 16:09:48,482] [UserIP.py:89] [UserIP:process_response] [CRITICAL]- 系统错误
[2021-12-01 16:09:48,495] [basehttp.py:154] [basehttp:log_message] [INFO]- "POST /login/ HTTP/1.1" 302 0
[2021-12-01 16:09:48,536] [basehttp.py:154] [basehttp:log_message] [INFO]- "GET /index/ HTTP/1.1" 200 45972
[2021-12-01 16:09:48,561] [basehttp.py:154] [basehttp:log_message] [INFO]- "GET /static/css/lib/menubar/sidebar.css HTTP/1.1" 304 0
[2021-12-01 16:09:48,638] [basehttp.py:154] [basehttp:log_message] [INFO]- "GET /index/ HTTP/1.1" 200 45972
[2021-12-01 16:09:48,655] [basehttp.py:154] [basehttp:log_message] [WARNING]- "GET /static/css/bootstrap.min.css.map HTTP/1.1" 404 1800
[2021-12-01 16:09:48,666] [basehttp.py:154] [basehttp:log_message] [WARNING]- "GET /static/js/lib/bootstrap.min.js.map HTTP/1.1" 404 1806
[2021-12-01 16:09:48,867] [basehttp.py:154] [basehttp:log_message] [WARNING]- "GET /static/js/lib/bootstrap.min.js.map HTTP/1.1" 404 1806
[2021-12-01 16:09:48,869] [basehttp.py:154] [basehttp:log_message] [WARNING]- "GET /static/js/axios.min.map HTTP/1.1" 404 1773
[2021-12-01 16:09:48,959] [basehttp.py:154] [basehttp:log_message] [INFO]- "GET /favicon.ico HTTP/1.1" 200 21241
[2021-12-01 16:10:06,928] [basehttp.py:154] [basehttp:log_message] [INFO]- "GET /LessonProjectME/Lesson_ProjectResult/ HTTP/1.1" 200 46488
[2021-12-01 16:10:06,944] [basehttp.py:154] [basehttp:log_message] [INFO]- "GET /static/css/bouncing.css HTTP/1.1" 200 2137
[2021-12-01 16:10:06,945] [basehttp.py:154] [basehttp:log_message] [INFO]- "GET /static/css/ElementUI.css HTTP/1.1" 200 232696
[2021-12-01 16:10:07,026] [basehttp.py:154] [basehttp:log_message] [WARNING]- "GET /static/css/bootstrap.min.css.map HTTP/1.1" 404 1800
[2021-12-01 16:10:07,032] [basehttp.py:154] [basehttp:log_message] [WARNING]- "GET /static/js/lib/bootstrap.min.js.map HTTP/1.1" 404 1806
[2021-12-01 16:10:07,238] [basehttp.py:154] [basehttp:log_message] [WARNING]- "GET /static/js/axios.min.map HTTP/1.1" 404 1773
[2021-12-01 16:10:07,242] [basehttp.py:154] [basehttp:log_message] [WARNING]- "GET /static/js/xlsx/FileSaver.min.js.map HTTP/1.1" 404 1809
[2021-12-01 16:10:07,415] [basehttp.py:154] [basehttp:log_message] [INFO]- "GET /static/css/fonts/element-icons.ttf HTTP/1.1" 200 55956
[2021-12-01 16:10:07,424] [basehttp.py:154] [basehttp:log_message] [INFO]- "GET /LessonProjectME/Lesson_ProjectResult/?action=get&csrfmiddlewaretoken=PK70eeLkykmZOJS4rPcjl7A5235stJqxEK4O9wlGKmKOvJa9CCGoHnqcxuj47p3j HTTP/1.1" 200 688
[2021-12-01 16:10:07,461] [basehttp.py:154] [basehttp:log_message] [INFO]- "GET /favicon.ico HTTP/1.1" 200 21241
[2021-12-01 16:10:16,706] [basehttp.py:154] [basehttp:log_message] [INFO]- "GET /LessonProjectME/Lesson_ProjectResult/?action=search&customer=C38(AIO)&project=FOC30&Category=&csrfmiddlewaretoken=PK70eeLkykmZOJS4rPcjl7A5235stJqxEK4O9wlGKmKOvJa9CCGoHnqcxuj47p3j HTTP/1.1" 200 82244
[2021-12-01 16:10:16,988] [basehttp.py:154] [basehttp:log_message] [INFO]- "GET /media/img/test/Screenshot_3.png HTTP/1.1" 200 778338
[2021-12-01 16:10:16,989] [basehttp.py:154] [basehttp:log_message] [INFO]- "GET /media/img/test/Screenshot_15_EsePXcJ.png HTTP/1.1" 200 715749
[2021-12-01 16:10:17,022] [log.py:228] [log:log_response] [WARNING]- Not Found: /media/img/test/Error.png
[2021-12-01 16:10:17,023] [basehttp.py:154] [basehttp:log_message] [WARNING]- "GET /media/img/test/Error.png HTTP/1.1" 404 1779
[2021-12-01 16:10:17,031] [basehttp.py:154] [basehttp:log_message] [INFO]- "GET /media/img/test/Screenshot_13_HAwg6ZK.png HTTP/1.1" 200 501639
[2021-12-01 16:10:17,037] [basehttp.py:154] [basehttp:log_message] [INFO]- "GET /media/img/test/Screenshot_20_CFkLAIR.png HTTP/1.1" 200 773534
[2021-12-01 16:10:17,039] [basehttp.py:154] [basehttp:log_message] [INFO]- "GET /media/img/test/Screenshot_1_lqTMx9Z.png HTTP/1.1" 200 839347
[2021-12-01 16:10:17,046] [basehttp.py:154] [basehttp:log_message] [INFO]- "GET /media/img/test/Screenshot_1_Ebz3mKB.png HTTP/1.1" 200 839347
[2021-12-01 16:10:17,055] [basehttp.py:154] [basehttp:log_message] [INFO]- "GET /media/img/test/Screenshot_1_O9yHyaf.png HTTP/1.1" 200 839347
[2021-12-01 16:10:17,184] [log.py:228] [log:log_response] [WARNING]- Not Found: /media/img/test/fail.png
[2021-12-01 16:10:17,192] [log.py:228] [log:log_response] [WARNING]- Not Found: /media/img/test/1.jpg
[2021-12-01 16:10:17,192] [basehttp.py:154] [basehttp:log_message] [WARNING]- "GET /media/img/test/fail.png HTTP/1.1" 404 1776
[2021-12-01 16:10:17,196] [basehttp.py:154] [basehttp:log_message] [WARNING]- "GET /media/img/test/1.jpg HTTP/1.1" 404 1767
[2021-12-01 16:10:17,199] [log.py:228] [log:log_response] [WARNING]- Not Found: /media/img/test/1_eiPmC9F.jpg
[2021-12-01 16:10:17,203] [basehttp.py:154] [basehttp:log_message] [WARNING]- "GET /media/img/test/1_eiPmC9F.jpg HTTP/1.1" 404 1791
[2021-12-01 16:10:17,209] [log.py:228] [log:log_response] [WARNING]- Not Found: /media/img/test/5.jpg
[2021-12-01 16:10:17,209] [basehttp.py:154] [basehttp:log_message] [WARNING]- "GET /media/img/test/5.jpg HTTP/1.1" 404 1767
[2021-12-01 16:10:17,216] [log.py:228] [log:log_response] [WARNING]- Not Found: /media/img/test/3_aAYec09.jpg
[2021-12-01 16:10:17,217] [basehttp.py:154] [basehttp:log_message] [WARNING]- "GET /media/img/test/3_aAYec09.jpg HTTP/1.1" 404 1791
[2021-12-01 16:10:17,222] [log.py:228] [log:log_response] [WARNING]- Not Found: /media/img/test/1_xjt6Ker.jpg
[2021-12-01 16:10:17,226] [basehttp.py:154] [basehttp:log_message] [WARNING]- "GET /media/img/test/1_xjt6Ker.jpg HTTP/1.1" 404 1791
[2021-12-01 16:10:17,233] [log.py:228] [log:log_response] [WARNING]- Not Found: /media/img/test/4_13Mnq7g.jpg
[2021-12-01 16:10:17,235] [basehttp.py:154] [basehttp:log_message] [WARNING]- "GET /media/img/test/4_13Mnq7g.jpg HTTP/1.1" 404 1791
[2021-12-01 16:10:17,240] [log.py:228] [log:log_response] [WARNING]- Not Found: /media/img/test/5_FXHldYM.jpg
[2021-12-01 16:10:17,242] [basehttp.py:154] [basehttp:log_message] [WARNING]- "GET /media/img/test/5_FXHldYM.jpg HTTP/1.1" 404 1791
[2021-12-01 16:10:17,247] [log.py:228] [log:log_response] [WARNING]- Not Found: /media/img/test/7.jpg
[2021-12-01 16:10:17,248] [basehttp.py:154] [basehttp:log_message] [WARNING]- "GET /media/img/test/7.jpg HTTP/1.1" 404 1767
[2021-12-01 16:10:17,255] [log.py:228] [log:log_response] [WARNING]- Not Found: /media/img/test/9.jpg
[2021-12-01 16:10:17,256] [basehttp.py:154] [basehttp:log_message] [WARNING]- "GET /media/img/test/9.jpg HTTP/1.1" 404 1767
[2021-12-01 16:10:17,263] [log.py:228] [log:log_response] [WARNING]- Not Found: /media/img/test/10.jpg
[2021-12-01 16:10:17,263] [basehttp.py:154] [basehttp:log_message] [WARNING]- "GET /media/img/test/10.jpg HTTP/1.1" 404 1770
[2021-12-01 16:10:17,270] [log.py:228] [log:log_response] [WARNING]- Not Found: /media/img/test/11.jpg
[2021-12-01 16:10:17,270] [basehttp.py:154] [basehttp:log_message] [WARNING]- "GET /media/img/test/11.jpg HTTP/1.1" 404 1770
[2021-12-01 16:10:17,277] [log.py:228] [log:log_response] [WARNING]- Not Found: /media/img/test/12.jpg
[2021-12-01 16:10:17,280] [basehttp.py:154] [basehttp:log_message] [WARNING]- "GET /media/img/test/12.jpg HTTP/1.1" 404 1770
[2021-12-01 16:10:17,284] [log.py:228] [log:log_response] [WARNING]- Not Found: /media/img/test/13.jpg
[2021-12-01 16:10:17,286] [basehttp.py:154] [basehttp:log_message] [WARNING]- "GET /media/img/test/13.jpg HTTP/1.1" 404 1770
[2021-12-01 16:10:17,291] [log.py:228] [log:log_response] [WARNING]- Not Found: /media/img/test/1_l88aXoy.jpg
[2021-12-01 16:10:17,293] [basehttp.py:154] [basehttp:log_message] [WARNING]- "GET /media/img/test/1_l88aXoy.jpg HTTP/1.1" 404 1791
[2021-12-01 16:10:17,298] [log.py:228] [log:log_response] [WARNING]- Not Found: /media/img/test/3_JmnKEV2.jpg
[2021-12-01 16:10:17,299] [basehttp.py:154] [basehttp:log_message] [WARNING]- "GET /media/img/test/3_JmnKEV2.jpg HTTP/1.1" 404 1791
[2021-12-01 16:10:17,307] [log.py:228] [log:log_response] [WARNING]- Not Found: /media/img/test/4_j9Jj9v3.jpg
[2021-12-01 16:10:17,307] [basehttp.py:154] [basehttp:log_message] [WARNING]- "GET /media/img/test/4_j9Jj9v3.jpg HTTP/1.1" 404 1791
[2021-12-01 16:10:17,316] [log.py:228] [log:log_response] [WARNING]- Not Found: /media/img/test/5_wmAjvLf.jpg
[2021-12-01 16:10:17,318] [basehttp.py:154] [basehttp:log_message] [WARNING]- "GET /media/img/test/5_wmAjvLf.jpg HTTP/1.1" 404 1791
[2021-12-01 16:10:17,327] [log.py:228] [log:log_response] [WARNING]- Not Found: /media/img/test/7_MDIb8TN.jpg
[2021-12-01 16:10:17,330] [basehttp.py:154] [basehttp:log_message] [WARNING]- "GET /media/img/test/7_MDIb8TN.jpg HTTP/1.1" 404 1791
[2021-12-01 16:10:17,337] [log.py:228] [log:log_response] [WARNING]- Not Found: /media/img/test/9_7iKrxXA.jpg
[2021-12-01 16:10:17,338] [basehttp.py:154] [basehttp:log_message] [WARNING]- "GET /media/img/test/9_7iKrxXA.jpg HTTP/1.1" 404 1791
[2021-12-01 16:10:17,354] [log.py:228] [log:log_response] [WARNING]- Not Found: /media/img/test/2_cGVxvOt.jpg
[2021-12-01 16:10:17,355] [basehttp.py:154] [basehttp:log_message] [WARNING]- "GET /media/img/test/2_cGVxvOt.jpg HTTP/1.1" 404 1791
[2021-12-01 16:10:17,366] [log.py:228] [log:log_response] [WARNING]- Not Found: /media/img/test/4_FRQgnzm.jpg
[2021-12-01 16:10:17,367] [basehttp.py:154] [basehttp:log_message] [WARNING]- "GET /media/img/test/4_FRQgnzm.jpg HTTP/1.1" 404 1791
[2021-12-01 16:10:17,374] [log.py:228] [log:log_response] [WARNING]- Not Found: /media/img/test/5_UHeKmkN.jpg
[2021-12-01 16:10:17,375] [basehttp.py:154] [basehttp:log_message] [WARNING]- "GET /media/img/test/5_UHeKmkN.jpg HTTP/1.1" 404 1791
[2021-12-01 16:10:17,380] [log.py:228] [log:log_response] [WARNING]- Not Found: /media/img/test/6_qt1j1N1.jpg
[2021-12-01 16:10:17,380] [basehttp.py:154] [basehttp:log_message] [WARNING]- "GET /media/img/test/6_qt1j1N1.jpg HTTP/1.1" 404 1791
[2021-12-01 16:10:17,386] [log.py:228] [log:log_response] [WARNING]- Not Found: /media/img/test/2_x1XB0pK.jpg
[2021-12-01 16:10:17,386] [basehttp.py:154] [basehttp:log_message] [WARNING]- "GET /media/img/test/2_x1XB0pK.jpg HTTP/1.1" 404 1791
[2021-12-01 16:10:17,392] [log.py:228] [log:log_response] [WARNING]- Not Found: /media/img/test/4_SmICjjd.jpg
[2021-12-01 16:10:17,392] [basehttp.py:154] [basehttp:log_message] [WARNING]- "GET /media/img/test/4_SmICjjd.jpg HTTP/1.1" 404 1791
[2021-12-01 16:10:17,397] [log.py:228] [log:log_response] [WARNING]- Not Found: /media/img/test/7_ZhWDnfZ.jpg
[2021-12-01 16:10:17,398] [basehttp.py:154] [basehttp:log_message] [WARNING]- "GET /media/img/test/7_ZhWDnfZ.jpg HTTP/1.1" 404 1791
[2021-12-01 16:10:44,830] [basehttp.py:154] [basehttp:log_message] [INFO]- "GET /Lesson_export/ HTTP/1.1" 200 31543
[2021-12-01 16:10:44,935] [basehttp.py:154] [basehttp:log_message] [WARNING]- "GET /static/css/bootstrap.min.css.map HTTP/1.1" 404 1800
[2021-12-01 16:10:44,940] [basehttp.py:154] [basehttp:log_message] [WARNING]- "GET /static/js/lib/bootstrap.min.js.map HTTP/1.1" 404 1806
[2021-12-01 16:10:45,032] [basehttp.py:154] [basehttp:log_message] [WARNING]- "GET /static/js/axios.min.map HTTP/1.1" 404 1773
[2021-12-01 16:10:45,033] [basehttp.py:154] [basehttp:log_message] [WARNING]- "GET /static/js/xlsx/FileSaver.min.js.map HTTP/1.1" 404 1809
[2021-12-01 16:10:45,116] [UserIP.py:87] [UserIP:process_response] [INFO]- 2021-12-01 16:10:45 C1010S3>Edwin None>LAPTOP-VA9VPAO8>417 127.0.0.1 127.0.0.1 /Lesson_export/ POST
[2021-12-01 16:10:45,126] [basehttp.py:154] [basehttp:log_message] [INFO]- "POST /Lesson_export/ HTTP/1.1" 200 90
[2021-12-01 16:10:45,161] [basehttp.py:154] [basehttp:log_message] [INFO]- "GET /favicon.ico HTTP/1.1" 200 21241
[2021-12-01 16:10:51,053] [basehttp.py:154] [basehttp:log_message] [INFO]- "GET /Lesson_edit/ HTTP/1.1" 200 38885
[2021-12-01 16:10:51,154] [basehttp.py:154] [basehttp:log_message] [WARNING]- "GET /static/css/bootstrap.min.css.map HTTP/1.1" 404 1800
[2021-12-01 16:10:51,162] [basehttp.py:154] [basehttp:log_message] [WARNING]- "GET /static/js/lib/bootstrap.min.js.map HTTP/1.1" 404 1806
[2021-12-01 16:10:51,302] [basehttp.py:154] [basehttp:log_message] [WARNING]- "GET /static/js/xlsx/FileSaver.min.js.map HTTP/1.1" 404 1809
[2021-12-01 16:10:51,304] [basehttp.py:154] [basehttp:log_message] [WARNING]- "GET /static/js/axios.min.map HTTP/1.1" 404 1773
[2021-12-01 16:10:51,441] [UserIP.py:87] [UserIP:process_response] [INFO]- 2021-12-01 16:10:51 C1010S3>Edwin None>LAPTOP-VA9VPAO8>417 127.0.0.1 127.0.0.1 /Lesson_edit/ POST
[2021-12-01 16:10:51,449] [basehttp.py:154] [basehttp:log_message] [INFO]- "POST /Lesson_edit/ HTTP/1.1" 200 90
[2021-12-01 16:10:51,484] [basehttp.py:154] [basehttp:log_message] [INFO]- "GET /favicon.ico HTTP/1.1" 200 21241
[2021-12-01 16:11:08,816] [basehttp.py:154] [basehttp:log_message] [INFO]- "GET /Lesson_upload/ HTTP/1.1" 200 27085
[2021-12-01 16:11:08,837] [basehttp.py:154] [basehttp:log_message] [INFO]- "GET /static/js/ImgUpload.js HTTP/1.1" 200 1324
[2021-12-01 16:11:08,900] [basehttp.py:154] [basehttp:log_message] [WARNING]- "GET /static/css/bootstrap.min.css.map HTTP/1.1" 404 1800
[2021-12-01 16:11:08,904] [basehttp.py:154] [basehttp:log_message] [WARNING]- "GET /static/js/lib/bootstrap.min.js.map HTTP/1.1" 404 1806
[2021-12-01 16:11:08,973] [basehttp.py:154] [basehttp:log_message] [INFO]- "GET /favicon.ico HTTP/1.1" 200 21241
[2021-12-01 16:11:51,596] [basehttp.py:154] [basehttp:log_message] [INFO]- "GET /LessonProjectME/Lesson_ProjectResult/ HTTP/1.1" 200 46488
[2021-12-01 16:11:51,743] [basehttp.py:154] [basehttp:log_message] [WARNING]- "GET /static/css/bootstrap.min.css.map HTTP/1.1" 404 1800
[2021-12-01 16:11:51,747] [basehttp.py:154] [basehttp:log_message] [WARNING]- "GET /static/js/lib/bootstrap.min.js.map HTTP/1.1" 404 1806
[2021-12-01 16:11:51,866] [basehttp.py:154] [basehttp:log_message] [WARNING]- "GET /static/js/axios.min.map HTTP/1.1" 404 1773
[2021-12-01 16:11:51,868] [basehttp.py:154] [basehttp:log_message] [WARNING]- "GET /static/js/xlsx/FileSaver.min.js.map HTTP/1.1" 404 1809
[2021-12-01 16:11:52,041] [basehttp.py:154] [basehttp:log_message] [INFO]- "GET /LessonProjectME/Lesson_ProjectResult/?action=get&csrfmiddlewaretoken=zuIS6vyeMeex76EYJNAN3lpa0wRTACr1ouFG1N8AYgCmO6W3UA4SpBfhvX5vei4N HTTP/1.1" 200 688
[2021-12-01 16:11:52,093] [basehttp.py:154] [basehttp:log_message] [INFO]- "GET /favicon.ico HTTP/1.1" 200 21241
[2021-12-01 16:12:09,894] [basehttp.py:154] [basehttp:log_message] [INFO]- "GET /LessonProjectME/Lesson_ProjectResult/?action=search&customer=C38(NB)&project=EL438&Category=&csrfmiddlewaretoken=zuIS6vyeMeex76EYJNAN3lpa0wRTACr1ouFG1N8AYgCmO6W3UA4SpBfhvX5vei4N HTTP/1.1" 200 81897
[2021-12-01 16:12:10,146] [log.py:228] [log:log_response] [WARNING]- Not Found: /media/img/test/Error.png
[2021-12-01 16:12:10,147] [basehttp.py:154] [basehttp:log_message] [WARNING]- "GET /media/img/test/Error.png HTTP/1.1" 404 1779
[2021-12-01 16:12:10,334] [log.py:228] [log:log_response] [WARNING]- Not Found: /media/img/test/fail.png
[2021-12-01 16:12:10,335] [basehttp.py:154] [basehttp:log_message] [WARNING]- "GET /media/img/test/fail.png HTTP/1.1" 404 1776
[2021-12-01 16:12:10,360] [log.py:228] [log:log_response] [WARNING]- Not Found: /media/img/test/1.jpg
[2021-12-01 16:12:10,436] [log.py:228] [log:log_response] [WARNING]- Not Found: /media/img/test/1_eiPmC9F.jpg
[2021-12-01 16:12:10,437] [basehttp.py:154] [basehttp:log_message] [WARNING]- "GET /media/img/test/1.jpg HTTP/1.1" 404 1767
[2021-12-01 16:12:10,440] [basehttp.py:154] [basehttp:log_message] [WARNING]- "GET /media/img/test/1_eiPmC9F.jpg HTTP/1.1" 404 1791
[2021-12-01 16:12:10,444] [log.py:228] [log:log_response] [WARNING]- Not Found: /media/img/test/3_aAYec09.jpg
[2021-12-01 16:12:10,446] [basehttp.py:154] [basehttp:log_message] [WARNING]- "GET /media/img/test/3_aAYec09.jpg HTTP/1.1" 404 1791
[2021-12-01 16:12:10,452] [log.py:228] [log:log_response] [WARNING]- Not Found: /media/img/test/1_xjt6Ker.jpg
[2021-12-01 16:12:10,453] [log.py:228] [log:log_response] [WARNING]- Not Found: /media/img/test/5.jpg
[2021-12-01 16:12:10,454] [basehttp.py:154] [basehttp:log_message] [WARNING]- "GET /media/img/test/1_xjt6Ker.jpg HTTP/1.1" 404 1791
[2021-12-01 16:12:10,454] [basehttp.py:154] [basehttp:log_message] [WARNING]- "GET /media/img/test/5.jpg HTTP/1.1" 404 1767
[2021-12-01 16:12:10,463] [log.py:228] [log:log_response] [WARNING]- Not Found: /media/img/test/4_13Mnq7g.jpg
[2021-12-01 16:12:10,464] [basehttp.py:154] [basehttp:log_message] [WARNING]- "GET /media/img/test/4_13Mnq7g.jpg HTTP/1.1" 404 1791
[2021-12-01 16:12:10,469] [log.py:228] [log:log_response] [WARNING]- Not Found: /media/img/test/5_FXHldYM.jpg
[2021-12-01 16:12:10,473] [basehttp.py:154] [basehttp:log_message] [WARNING]- "GET /media/img/test/5_FXHldYM.jpg HTTP/1.1" 404 1791
[2021-12-01 16:12:10,480] [log.py:228] [log:log_response] [WARNING]- Not Found: /media/img/test/7.jpg
[2021-12-01 16:12:10,482] [basehttp.py:154] [basehttp:log_message] [WARNING]- "GET /media/img/test/7.jpg HTTP/1.1" 404 1767
[2021-12-01 16:12:10,488] [log.py:228] [log:log_response] [WARNING]- Not Found: /media/img/test/9.jpg
[2021-12-01 16:12:10,489] [basehttp.py:154] [basehttp:log_message] [WARNING]- "GET /media/img/test/9.jpg HTTP/1.1" 404 1767
[2021-12-01 16:12:10,499] [log.py:228] [log:log_response] [WARNING]- Not Found: /media/img/test/11.jpg
[2021-12-01 16:12:10,500] [basehttp.py:154] [basehttp:log_message] [WARNING]- "GET /media/img/test/11.jpg HTTP/1.1" 404 1770
[2021-12-01 16:12:10,505] [log.py:228] [log:log_response] [WARNING]- Not Found: /media/img/test/12.jpg
[2021-12-01 16:12:10,506] [basehttp.py:154] [basehttp:log_message] [WARNING]- "GET /media/img/test/12.jpg HTTP/1.1" 404 1770
[2021-12-01 16:12:10,512] [log.py:228] [log:log_response] [WARNING]- Not Found: /media/img/test/13.jpg
[2021-12-01 16:12:10,514] [basehttp.py:154] [basehttp:log_message] [WARNING]- "GET /media/img/test/13.jpg HTTP/1.1" 404 1770
[2021-12-01 16:12:10,518] [log.py:228] [log:log_response] [WARNING]- Not Found: /media/img/test/1_l88aXoy.jpg
[2021-12-01 16:12:10,520] [log.py:228] [log:log_response] [WARNING]- Not Found: /media/img/test/10.jpg
[2021-12-01 16:12:10,520] [basehttp.py:154] [basehttp:log_message] [WARNING]- "GET /media/img/test/1_l88aXoy.jpg HTTP/1.1" 404 1791
[2021-12-01 16:12:10,521] [basehttp.py:154] [basehttp:log_message] [WARNING]- "GET /media/img/test/10.jpg HTTP/1.1" 404 1770
[2021-12-01 16:12:10,527] [log.py:228] [log:log_response] [WARNING]- Not Found: /media/img/test/3_JmnKEV2.jpg
[2021-12-01 16:12:10,530] [basehttp.py:154] [basehttp:log_message] [WARNING]- "GET /media/img/test/3_JmnKEV2.jpg HTTP/1.1" 404 1791
[2021-12-01 16:12:10,536] [log.py:228] [log:log_response] [WARNING]- Not Found: /media/img/test/4_j9Jj9v3.jpg
[2021-12-01 16:12:10,539] [basehttp.py:154] [basehttp:log_message] [WARNING]- "GET /media/img/test/4_j9Jj9v3.jpg HTTP/1.1" 404 1791
[2021-12-01 16:12:10,543] [log.py:228] [log:log_response] [WARNING]- Not Found: /media/img/test/5_wmAjvLf.jpg
[2021-12-01 16:12:10,546] [basehttp.py:154] [basehttp:log_message] [WARNING]- "GET /media/img/test/5_wmAjvLf.jpg HTTP/1.1" 404 1791
[2021-12-01 16:12:10,548] [log.py:228] [log:log_response] [WARNING]- Not Found: /media/img/test/7_MDIb8TN.jpg
[2021-12-01 16:12:10,551] [basehttp.py:154] [basehttp:log_message] [WARNING]- "GET /media/img/test/7_MDIb8TN.jpg HTTP/1.1" 404 1791
[2021-12-01 16:12:10,555] [log.py:228] [log:log_response] [WARNING]- Not Found: /media/img/test/9_7iKrxXA.jpg
[2021-12-01 16:12:10,558] [basehttp.py:154] [basehttp:log_message] [WARNING]- "GET /media/img/test/9_7iKrxXA.jpg HTTP/1.1" 404 1791
[2021-12-01 16:12:10,564] [log.py:228] [log:log_response] [WARNING]- Not Found: /media/img/test/2_cGVxvOt.jpg
[2021-12-01 16:12:10,567] [basehttp.py:154] [basehttp:log_message] [WARNING]- "GET /media/img/test/2_cGVxvOt.jpg HTTP/1.1" 404 1791
[2021-12-01 16:12:10,572] [log.py:228] [log:log_response] [WARNING]- Not Found: /media/img/test/4_FRQgnzm.jpg
[2021-12-01 16:12:10,573] [basehttp.py:154] [basehttp:log_message] [WARNING]- "GET /media/img/test/4_FRQgnzm.jpg HTTP/1.1" 404 1791
[2021-12-01 16:12:10,579] [log.py:228] [log:log_response] [WARNING]- Not Found: /media/img/test/5_UHeKmkN.jpg
[2021-12-01 16:12:10,579] [basehttp.py:154] [basehttp:log_message] [WARNING]- "GET /media/img/test/5_UHeKmkN.jpg HTTP/1.1" 404 1791
[2021-12-01 16:12:10,586] [log.py:228] [log:log_response] [WARNING]- Not Found: /media/img/test/6_qt1j1N1.jpg
[2021-12-01 16:12:10,587] [basehttp.py:154] [basehttp:log_message] [WARNING]- "GET /media/img/test/6_qt1j1N1.jpg HTTP/1.1" 404 1791
[2021-12-01 16:12:10,594] [log.py:228] [log:log_response] [WARNING]- Not Found: /media/img/test/2_x1XB0pK.jpg
[2021-12-01 16:12:10,595] [basehttp.py:154] [basehttp:log_message] [WARNING]- "GET /media/img/test/2_x1XB0pK.jpg HTTP/1.1" 404 1791
[2021-12-01 16:12:10,601] [log.py:228] [log:log_response] [WARNING]- Not Found: /media/img/test/4_SmICjjd.jpg
[2021-12-01 16:12:10,601] [basehttp.py:154] [basehttp:log_message] [WARNING]- "GET /media/img/test/4_SmICjjd.jpg HTTP/1.1" 404 1791
[2021-12-01 16:12:10,607] [log.py:228] [log:log_response] [WARNING]- Not Found: /media/img/test/7_ZhWDnfZ.jpg
[2021-12-01 16:12:10,607] [basehttp.py:154] [basehttp:log_message] [WARNING]- "GET /media/img/test/7_ZhWDnfZ.jpg HTTP/1.1" 404 1791
[2021-12-01 16:17:49,706] [basehttp.py:154] [basehttp:log_message] [INFO]- "GET /LessonProjectME/Lesson_SearchByProject/ HTTP/1.1" 200 42653
[2021-12-01 16:17:49,818] [basehttp.py:154] [basehttp:log_message] [WARNING]- "GET /static/css/bootstrap.min.css.map HTTP/1.1" 404 1800
[2021-12-01 16:17:49,826] [basehttp.py:154] [basehttp:log_message] [WARNING]- "GET /static/js/lib/bootstrap.min.js.map HTTP/1.1" 404 1806
[2021-12-01 16:17:49,936] [basehttp.py:154] [basehttp:log_message] [WARNING]- "GET /static/js/xlsx/FileSaver.min.js.map HTTP/1.1" 404 1809
[2021-12-01 16:17:49,937] [basehttp.py:154] [basehttp:log_message] [WARNING]- "GET /static/js/axios.min.map HTTP/1.1" 404 1773
[2021-12-01 16:17:50,114] [basehttp.py:154] [basehttp:log_message] [INFO]- "GET /LessonProjectME/Lesson_SearchByProject/?action=get&csrfmiddlewaretoken=n2u8CwPJ1hjeA8OFs2AzYxcJFTT9gyj1c2rWxOp5djH3h86KDP4EkN2Qak7LUeWN HTTP/1.1" 200 704
[2021-12-01 16:17:50,142] [basehttp.py:154] [basehttp:log_message] [INFO]- "GET /favicon.ico HTTP/1.1" 200 21241
[2021-12-01 16:17:55,920] [basehttp.py:154] [basehttp:log_message] [INFO]- "GET /LessonProjectME/Lesson_SearchByProject/?action=search&customer=C38(AIO)&csrfmiddlewaretoken=n2u8CwPJ1hjeA8OFs2AzYxcJFTT9gyj1c2rWxOp5djH3h86KDP4EkN2Qak7LUeWN HTTP/1.1" 200 3811
[2021-12-01 16:18:12,023] [UserIP.py:87] [UserIP:process_response] [INFO]- 2021-12-01 16:18:12 C1010S3>Edwin None>LAPTOP-VA9VPAO8>417 127.0.0.1 127.0.0.1 /LessonProjectME/Lesson_SearchByProject/ POST
[2021-12-01 16:18:12,029] [basehttp.py:154] [basehttp:log_message] [INFO]- "POST /LessonProjectME/Lesson_SearchByProject/ HTTP/1.1" 200 94879
[2021-12-01 16:18:12,243] [log.py:228] [log:log_response] [WARNING]- Not Found: /media/img/test/Error.png
[2021-12-01 16:18:12,244] [basehttp.py:154] [basehttp:log_message] [WARNING]- "GET /media/img/test/Error.png HTTP/1.1" 404 1779
[2021-12-01 16:18:12,246] [basehttp.py:154] [basehttp:log_message] [INFO]- "GET /media/img/test/Screenshot_1_IfAIHpj.png HTTP/1.1" 200 839347
[2021-12-01 16:18:12,259] [basehttp.py:154] [basehttp:log_message] [INFO]- "GET /media/img/test/Screenshot_1_8ZcGxDa.png HTTP/1.1" 200 839347
[2021-12-01 16:18:12,440] [log.py:228] [log:log_response] [WARNING]- Not Found: /media/img/test/pass.png
[2021-12-01 16:18:12,441] [basehttp.py:154] [basehttp:log_message] [WARNING]- "GET /media/img/test/pass.png HTTP/1.1" 404 1776
[2021-12-01 16:18:12,450] [log.py:228] [log:log_response] [WARNING]- Not Found: /media/img/test/fail.png
[2021-12-01 16:18:12,454] [basehttp.py:154] [basehttp:log_message] [WARNING]- "GET /media/img/test/fail.png HTTP/1.1" 404 1776
[2021-12-01 16:18:12,461] [log.py:228] [log:log_response] [WARNING]- Not Found: /media/img/test/2.jpg
[2021-12-01 16:18:12,465] [basehttp.py:154] [basehttp:log_message] [WARNING]- "GET /media/img/test/2.jpg HTTP/1.1" 404 1767
[2021-12-01 16:18:12,468] [log.py:228] [log:log_response] [WARNING]- Not Found: /media/img/test/1.jpg
[2021-12-01 16:18:12,473] [basehttp.py:154] [basehttp:log_message] [WARNING]- "GET /media/img/test/1.jpg HTTP/1.1" 404 1767
[2021-12-01 16:18:12,478] [log.py:228] [log:log_response] [WARNING]- Not Found: /media/img/test/1_eiPmC9F.jpg
[2021-12-01 16:18:12,482] [basehttp.py:154] [basehttp:log_message] [WARNING]- "GET /media/img/test/1_eiPmC9F.jpg HTTP/1.1" 404 1791
[2021-12-01 16:18:12,485] [log.py:228] [log:log_response] [WARNING]- Not Found: /media/img/test/2_FLgLGOS.jpg
[2021-12-01 16:18:12,485] [basehttp.py:154] [basehttp:log_message] [WARNING]- "GET /media/img/test/2_FLgLGOS.jpg HTTP/1.1" 404 1791
[2021-12-01 16:18:12,496] [log.py:228] [log:log_response] [WARNING]- Not Found: /media/img/test/3_aAYec09.jpg
[2021-12-01 16:18:12,497] [basehttp.py:154] [basehttp:log_message] [WARNING]- "GET /media/img/test/3_aAYec09.jpg HTTP/1.1" 404 1791
[2021-12-01 16:18:12,501] [log.py:228] [log:log_response] [WARNING]- Not Found: /media/img/test/4.jpg
[2021-12-01 16:18:12,501] [basehttp.py:154] [basehttp:log_message] [WARNING]- "GET /media/img/test/4.jpg HTTP/1.1" 404 1767
[2021-12-01 16:18:12,512] [log.py:228] [log:log_response] [WARNING]- Not Found: /media/img/test/5.jpg
[2021-12-01 16:18:12,513] [log.py:228] [log:log_response] [WARNING]- Not Found: /media/img/test/6.jpg
[2021-12-01 16:18:12,515] [basehttp.py:154] [basehttp:log_message] [WARNING]- "GET /media/img/test/5.jpg HTTP/1.1" 404 1767
[2021-12-01 16:18:12,515] [basehttp.py:154] [basehttp:log_message] [WARNING]- "GET /media/img/test/6.jpg HTTP/1.1" 404 1767
[2021-12-01 16:18:12,525] [log.py:228] [log:log_response] [WARNING]- Not Found: /media/img/test/1_xjt6Ker.jpg
[2021-12-01 16:18:12,530] [basehttp.py:154] [basehttp:log_message] [WARNING]- "GET /media/img/test/1_xjt6Ker.jpg HTTP/1.1" 404 1791
[2021-12-01 16:18:12,532] [log.py:228] [log:log_response] [WARNING]- Not Found: /media/img/test/2_XDhtsbk.jpg
[2021-12-01 16:18:12,536] [basehttp.py:154] [basehttp:log_message] [WARNING]- "GET /media/img/test/2_XDhtsbk.jpg HTTP/1.1" 404 1791
[2021-12-01 16:18:12,542] [log.py:228] [log:log_response] [WARNING]- Not Found: /media/img/test/4_13Mnq7g.jpg
[2021-12-01 16:18:12,545] [basehttp.py:154] [basehttp:log_message] [WARNING]- "GET /media/img/test/4_13Mnq7g.jpg HTTP/1.1" 404 1791
[2021-12-01 16:18:12,550] [log.py:228] [log:log_response] [WARNING]- Not Found: /media/img/test/6_M61z9GG.jpg
[2021-12-01 16:18:12,551] [basehttp.py:154] [basehttp:log_message] [WARNING]- "GET /media/img/test/6_M61z9GG.jpg HTTP/1.1" 404 1791
[2021-12-01 16:18:12,557] [log.py:228] [log:log_response] [WARNING]- Not Found: /media/img/test/5_FXHldYM.jpg
[2021-12-01 16:18:12,557] [basehttp.py:154] [basehttp:log_message] [WARNING]- "GET /media/img/test/5_FXHldYM.jpg HTTP/1.1" 404 1791
[2021-12-01 16:18:12,566] [log.py:228] [log:log_response] [WARNING]- Not Found: /media/img/test/7.jpg
[2021-12-01 16:18:12,567] [basehttp.py:154] [basehttp:log_message] [WARNING]- "GET /media/img/test/7.jpg HTTP/1.1" 404 1767
[2021-12-01 16:18:12,572] [log.py:228] [log:log_response] [WARNING]- Not Found: /media/img/test/9.jpg
[2021-12-01 16:18:12,573] [basehttp.py:154] [basehttp:log_message] [WARNING]- "GET /media/img/test/9.jpg HTTP/1.1" 404 1767
[2021-12-01 16:18:12,580] [log.py:228] [log:log_response] [WARNING]- Not Found: /media/img/test/10.jpg
[2021-12-01 16:18:12,581] [basehttp.py:154] [basehttp:log_message] [WARNING]- "GET /media/img/test/10.jpg HTTP/1.1" 404 1770
[2021-12-01 16:18:12,591] [log.py:228] [log:log_response] [WARNING]- Not Found: /media/img/test/11.jpg
[2021-12-01 16:18:12,593] [basehttp.py:154] [basehttp:log_message] [WARNING]- "GET /media/img/test/11.jpg HTTP/1.1" 404 1770
[2021-12-01 16:18:12,599] [log.py:228] [log:log_response] [WARNING]- Not Found: /media/img/test/12.jpg
[2021-12-01 16:18:12,602] [basehttp.py:154] [basehttp:log_message] [WARNING]- "GET /media/img/test/12.jpg HTTP/1.1" 404 1770
[2021-12-01 16:18:12,614] [log.py:228] [log:log_response] [WARNING]- Not Found: /media/img/test/13.jpg
[2021-12-01 16:18:12,617] [basehttp.py:154] [basehttp:log_message] [WARNING]- "GET /media/img/test/13.jpg HTTP/1.1" 404 1770
[2021-12-01 16:18:12,633] [log.py:228] [log:log_response] [WARNING]- Not Found: /media/img/test/1_l88aXoy.jpg
[2021-12-01 16:18:12,633] [basehttp.py:154] [basehttp:log_message] [WARNING]- "GET /media/img/test/1_l88aXoy.jpg HTTP/1.1" 404 1791
[2021-12-01 16:18:12,638] [log.py:228] [log:log_response] [WARNING]- Not Found: /media/img/test/14.jpg
[2021-12-01 16:18:12,639] [basehttp.py:154] [basehttp:log_message] [WARNING]- "GET /media/img/test/14.jpg HTTP/1.1" 404 1770
[2021-12-01 16:18:12,647] [log.py:228] [log:log_response] [WARNING]- Not Found: /media/img/test/2_8CrjNdM.jpg
[2021-12-01 16:18:12,648] [basehttp.py:154] [basehttp:log_message] [WARNING]- "GET /media/img/test/2_8CrjNdM.jpg HTTP/1.1" 404 1791
[2021-12-01 16:18:12,655] [log.py:228] [log:log_response] [WARNING]- Not Found: /media/img/test/4_j9Jj9v3.jpg
[2021-12-01 16:18:12,655] [basehttp.py:154] [basehttp:log_message] [WARNING]- "GET /media/img/test/4_j9Jj9v3.jpg HTTP/1.1" 404 1791
[2021-12-01 16:18:12,666] [log.py:228] [log:log_response] [WARNING]- Not Found: /media/img/test/3_JmnKEV2.jpg
[2021-12-01 16:18:12,667] [basehttp.py:154] [basehttp:log_message] [WARNING]- "GET /media/img/test/3_JmnKEV2.jpg HTTP/1.1" 404 1791
[2021-12-01 16:18:12,674] [log.py:228] [log:log_response] [WARNING]- Not Found: /media/img/test/5_wmAjvLf.jpg
[2021-12-01 16:18:12,676] [basehttp.py:154] [basehttp:log_message] [WARNING]- "GET /media/img/test/5_wmAjvLf.jpg HTTP/1.1" 404 1791
[2021-12-01 16:18:12,683] [log.py:228] [log:log_response] [WARNING]- Not Found: /media/img/test/6_KDuTTwN.jpg
[2021-12-01 16:18:12,684] [basehttp.py:154] [basehttp:log_message] [WARNING]- "GET /media/img/test/6_KDuTTwN.jpg HTTP/1.1" 404 1791
[2021-12-01 16:18:12,689] [log.py:228] [log:log_response] [WARNING]- Not Found: /media/img/test/7_MDIb8TN.jpg
[2021-12-01 16:18:12,690] [basehttp.py:154] [basehttp:log_message] [WARNING]- "GET /media/img/test/7_MDIb8TN.jpg HTTP/1.1" 404 1791
[2021-12-01 16:18:12,696] [log.py:228] [log:log_response] [WARNING]- Not Found: /media/img/test/8_JcOPk5S.jpg
[2021-12-01 16:18:12,697] [basehttp.py:154] [basehttp:log_message] [WARNING]- "GET /media/img/test/8_JcOPk5S.jpg HTTP/1.1" 404 1791
[2021-12-01 16:18:12,702] [log.py:228] [log:log_response] [WARNING]- Not Found: /media/img/test/9_7iKrxXA.jpg
[2021-12-01 16:18:12,703] [basehttp.py:154] [basehttp:log_message] [WARNING]- "GET /media/img/test/9_7iKrxXA.jpg HTTP/1.1" 404 1791
[2021-12-01 16:18:12,708] [log.py:228] [log:log_response] [WARNING]- Not Found: /media/img/test/2_cGVxvOt.jpg
[2021-12-01 16:18:12,708] [basehttp.py:154] [basehttp:log_message] [WARNING]- "GET /media/img/test/2_cGVxvOt.jpg HTTP/1.1" 404 1791
[2021-12-01 16:18:12,713] [log.py:228] [log:log_response] [WARNING]- Not Found: /media/img/test/1_MxgJjM1.jpg
[2021-12-01 16:18:12,716] [basehttp.py:154] [basehttp:log_message] [WARNING]- "GET /media/img/test/1_MxgJjM1.jpg HTTP/1.1" 404 1791
[2021-12-01 16:18:12,724] [log.py:228] [log:log_response] [WARNING]- Not Found: /media/img/test/4_FRQgnzm.jpg
[2021-12-01 16:18:12,725] [basehttp.py:154] [basehttp:log_message] [WARNING]- "GET /media/img/test/4_FRQgnzm.jpg HTTP/1.1" 404 1791
[2021-12-01 16:18:12,732] [log.py:228] [log:log_response] [WARNING]- Not Found: /media/img/test/5_UHeKmkN.jpg
[2021-12-01 16:18:12,734] [basehttp.py:154] [basehttp:log_message] [WARNING]- "GET /media/img/test/5_UHeKmkN.jpg HTTP/1.1" 404 1791
[2021-12-01 16:18:12,744] [log.py:228] [log:log_response] [WARNING]- Not Found: /media/img/test/6_qt1j1N1.jpg
[2021-12-01 16:18:12,747] [basehttp.py:154] [basehttp:log_message] [WARNING]- "GET /media/img/test/6_qt1j1N1.jpg HTTP/1.1" 404 1791
[2021-12-01 16:18:12,754] [log.py:228] [log:log_response] [WARNING]- Not Found: /media/img/test/2_x1XB0pK.jpg
[2021-12-01 16:18:12,755] [basehttp.py:154] [basehttp:log_message] [WARNING]- "GET /media/img/test/2_x1XB0pK.jpg HTTP/1.1" 404 1791
[2021-12-01 16:18:12,762] [log.py:228] [log:log_response] [WARNING]- Not Found: /media/img/test/3_K4vV6br.jpg
[2021-12-01 16:18:12,763] [basehttp.py:154] [basehttp:log_message] [WARNING]- "GET /media/img/test/3_K4vV6br.jpg HTTP/1.1" 404 1791
[2021-12-01 16:18:12,769] [log.py:228] [log:log_response] [WARNING]- Not Found: /media/img/test/4_SmICjjd.jpg
[2021-12-01 16:18:12,769] [basehttp.py:154] [basehttp:log_message] [WARNING]- "GET /media/img/test/4_SmICjjd.jpg HTTP/1.1" 404 1791
[2021-12-01 16:18:12,774] [log.py:228] [log:log_response] [WARNING]- Not Found: /media/img/test/5_pi8JYNQ.jpg
[2021-12-01 16:18:12,774] [basehttp.py:154] [basehttp:log_message] [WARNING]- "GET /media/img/test/5_pi8JYNQ.jpg HTTP/1.1" 404 1791
[2021-12-01 16:18:12,780] [log.py:228] [log:log_response] [WARNING]- Not Found: /media/img/test/7_ZhWDnfZ.jpg
[2021-12-01 16:18:12,780] [basehttp.py:154] [basehttp:log_message] [WARNING]- "GET /media/img/test/7_ZhWDnfZ.jpg HTTP/1.1" 404 1791
[2021-12-01 16:18:12,785] [log.py:228] [log:log_response] [WARNING]- Not Found: /media/img/test/8_QdfTGML.jpg
[2021-12-01 16:18:12,786] [basehttp.py:154] [basehttp:log_message] [WARNING]- "GET /media/img/test/8_QdfTGML.jpg HTTP/1.1" 404 1791
[2021-12-01 16:18:20,738] [basehttp.py:154] [basehttp:log_message] [INFO]- "GET /LessonProjectME/Lesson_SearchByProject/?action=search&customer=C38(AIO)&csrfmiddlewaretoken=n2u8CwPJ1hjeA8OFs2AzYxcJFTT9gyj1c2rWxOp5djH3h86KDP4EkN2Qak7LUeWN HTTP/1.1" 200 3811
[2021-12-01 16:19:05,012] [basehttp.py:154] [basehttp:log_message] [INFO]- "GET /LessonProjectME/Lesson_SearchByProject/?action=search&customer=ALL&csrfmiddlewaretoken=n2u8CwPJ1hjeA8OFs2AzYxcJFTT9gyj1c2rWxOp5djH3h86KDP4EkN2Qak7LUeWN HTTP/1.1" 200 11220
[2021-12-01 16:19:15,939] [UserIP.py:87] [UserIP:process_response] [INFO]- 2021-12-01 16:19:15 C1010S3>Edwin None>LAPTOP-VA9VPAO8>417 127.0.0.1 127.0.0.1 /LessonProjectME/Lesson_SearchByProject/ POST
[2021-12-01 16:19:15,948] [basehttp.py:154] [basehttp:log_message] [INFO]- "POST /LessonProjectME/Lesson_SearchByProject/ HTTP/1.1" 200 181609
[2021-12-01 16:19:45,402] [basehttp.py:154] [basehttp:log_message] [INFO]- "GET /LessonProjectME/Lesson_SearchByProject/?action=search&customer=C38(NB)&csrfmiddlewaretoken=n2u8CwPJ1hjeA8OFs2AzYxcJFTT9gyj1c2rWxOp5djH3h86KDP4EkN2Qak7LUeWN HTTP/1.1" 200 6803
[2021-12-01 16:19:49,748] [UserIP.py:87] [UserIP:process_response] [INFO]- 2021-12-01 16:19:49 C1010S3>Edwin None>LAPTOP-VA9VPAO8>417 127.0.0.1 127.0.0.1 /LessonProjectME/Lesson_SearchByProject/ POST
[2021-12-01 16:19:49,755] [basehttp.py:154] [basehttp:log_message] [INFO]- "POST /LessonProjectME/Lesson_SearchByProject/ HTTP/1.1" 200 89136
[2021-12-01 16:41:13,964] [basehttp.py:154] [basehttp:log_message] [INFO]- "GET /LessonProjectME/Lesson_SearchByProject/?action=search&customer=C38(NB)&csrfmiddlewaretoken=n2u8CwPJ1hjeA8OFs2AzYxcJFTT9gyj1c2rWxOp5djH3h86KDP4EkN2Qak7LUeWN HTTP/1.1" 200 6803
[2021-12-01 16:41:42,205] [basehttp.py:154] [basehttp:log_message] [INFO]- "GET /LessonProjectME/Lesson_ProjectResult/ HTTP/1.1" 200 46488
[2021-12-01 16:41:42,304] [basehttp.py:154] [basehttp:log_message] [WARNING]- "GET /static/css/bootstrap.min.css.map HTTP/1.1" 404 1800
[2021-12-01 16:41:42,307] [basehttp.py:154] [basehttp:log_message] [WARNING]- "GET /static/js/lib/bootstrap.min.js.map HTTP/1.1" 404 1806
[2021-12-01 16:41:42,401] [basehttp.py:154] [basehttp:log_message] [WARNING]- "GET /static/js/xlsx/FileSaver.min.js.map HTTP/1.1" 404 1809
[2021-12-01 16:41:42,402] [basehttp.py:154] [basehttp:log_message] [WARNING]- "GET /static/js/axios.min.map HTTP/1.1" 404 1773
[2021-12-01 16:41:42,563] [basehttp.py:154] [basehttp:log_message] [INFO]- "GET /LessonProjectME/Lesson_ProjectResult/?action=get&csrfmiddlewaretoken=Q3bPyHtmZfew8yrt3LiReh19dpGOgMoPF38DtZ3IbhClPyJyeyMWAxRgIQUqUs1B HTTP/1.1" 200 688
[2021-12-01 16:41:42,579] [basehttp.py:154] [basehttp:log_message] [INFO]- "GET /favicon.ico HTTP/1.1" 200 21241
[2021-12-01 16:45:03,319] [basehttp.py:154] [basehttp:log_message] [INFO]- "GET /INVGantt/INVGantt-summary/ HTTP/1.1" 200 67387
[2021-12-01 16:45:03,340] [basehttp.py:154] [basehttp:log_message] [INFO]- "GET /static/js/echart/echart.js HTTP/1.1" 200 771071
[2021-12-01 16:45:03,403] [basehttp.py:154] [basehttp:log_message] [WARNING]- "GET /static/css/bootstrap.min.css.map HTTP/1.1" 404 1800
[2021-12-01 16:45:03,428] [basehttp.py:154] [basehttp:log_message] [WARNING]- "GET /static/js/lib/bootstrap.min.js.map HTTP/1.1" 404 1806
[2021-12-01 16:45:03,543] [basehttp.py:154] [basehttp:log_message] [WARNING]- "GET /static/js/axios.min.map HTTP/1.1" 404 1773
[2021-12-01 16:45:03,543] [basehttp.py:154] [basehttp:log_message] [WARNING]- "GET /static/js/xlsx/FileSaver.min.js.map HTTP/1.1" 404 1809
[2021-12-01 16:45:03,762] [basehttp.py:154] [basehttp:log_message] [INFO]- "GET /favicon.ico HTTP/1.1" 200 21241
[2021-12-01 16:45:03,796] [UserIP.py:87] [UserIP:process_response] [INFO]- 2021-12-01 16:45:03 C1010S3>Edwin None>LAPTOP-VA9VPAO8>417 127.0.0.1 127.0.0.1 /INVGantt/INVGantt-summary/ POST
[2021-12-01 16:45:03,809] [basehttp.py:154] [basehttp:log_message] [INFO]- "POST /INVGantt/INVGantt-summary/ HTTP/1.1" 200 3038
[2021-12-01 16:46:24,057] [basehttp.py:154] [basehttp:log_message] [INFO]- "GET /CQM/CQM_search/ HTTP/1.1" 200 49938
[2021-12-01 16:46:24,150] [basehttp.py:154] [basehttp:log_message] [WARNING]- "GET /static/css/bootstrap.min.css.map HTTP/1.1" 404 1800
[2021-12-01 16:46:24,155] [basehttp.py:154] [basehttp:log_message] [WARNING]- "GET /static/js/lib/bootstrap.min.js.map HTTP/1.1" 404 1806
[2021-12-01 16:46:24,244] [basehttp.py:154] [basehttp:log_message] [WARNING]- "GET /static/js/axios.min.map HTTP/1.1" 404 1773
[2021-12-01 16:46:24,247] [basehttp.py:154] [basehttp:log_message] [WARNING]- "GET /static/js/xlsx/FileSaver.min.js.map HTTP/1.1" 404 1809
[2021-12-01 16:46:24,458] [UserIP.py:87] [UserIP:process_response] [INFO]- 2021-12-01 16:46:24 C1010S3>Edwin None>LAPTOP-VA9VPAO8>417 127.0.0.1 127.0.0.1 /CQM/CQM_search/ POST
[2021-12-01 16:46:24,468] [basehttp.py:154] [basehttp:log_message] [INFO]- "POST /CQM/CQM_search/ HTTP/1.1" 200 34834
[2021-12-01 16:46:24,478] [basehttp.py:154] [basehttp:log_message] [INFO]- "GET /favicon.ico HTTP/1.1" 200 21241
[2021-12-01 16:48:35,421] [basehttp.py:154] [basehttp:log_message] [INFO]- "GET /LessonProjectME/Lesson_SearchByProject/ HTTP/1.1" 200 42653
[2021-12-01 16:48:35,519] [basehttp.py:154] [basehttp:log_message] [WARNING]- "GET /static/css/bootstrap.min.css.map HTTP/1.1" 404 1800
[2021-12-01 16:48:35,525] [basehttp.py:154] [basehttp:log_message] [WARNING]- "GET /static/js/lib/bootstrap.min.js.map HTTP/1.1" 404 1806
[2021-12-01 16:48:35,613] [basehttp.py:154] [basehttp:log_message] [WARNING]- "GET /static/js/axios.min.map HTTP/1.1" 404 1773
[2021-12-01 16:48:35,615] [basehttp.py:154] [basehttp:log_message] [WARNING]- "GET /static/js/xlsx/FileSaver.min.js.map HTTP/1.1" 404 1809
[2021-12-01 16:48:35,764] [basehttp.py:154] [basehttp:log_message] [INFO]- "GET /LessonProjectME/Lesson_SearchByProject/?action=get&csrfmiddlewaretoken=frKc3qpPwfroTjoo9JXgDr9ve2Km3jN54rH0YIZbIhPdAjGtkwrlZHZCJtYYHZqR HTTP/1.1" 200 704
[2021-12-01 16:48:35,780] [basehttp.py:154] [basehttp:log_message] [INFO]- "GET /favicon.ico HTTP/1.1" 200 21241
[2021-12-01 16:48:39,260] [basehttp.py:154] [basehttp:log_message] [INFO]- "GET /LessonProjectME/Lesson_SearchByProject/?action=search&customer=C38(AIO)&csrfmiddlewaretoken=frKc3qpPwfroTjoo9JXgDr9ve2Km3jN54rH0YIZbIhPdAjGtkwrlZHZCJtYYHZqR HTTP/1.1" 200 3811
[2021-12-01 16:48:43,597] [UserIP.py:87] [UserIP:process_response] [INFO]- 2021-12-01 16:48:43 C1010S3>Edwin None>LAPTOP-VA9VPAO8>417 127.0.0.1 127.0.0.1 /LessonProjectME/Lesson_SearchByProject/ POST
[2021-12-01 16:48:43,605] [basehttp.py:154] [basehttp:log_message] [INFO]- "POST /LessonProjectME/Lesson_SearchByProject/ HTTP/1.1" 200 89696
[2021-12-01 16:48:43,781] [log.py:228] [log:log_response] [WARNING]- Not Found: /media/img/test/Error.png
[2021-12-01 16:48:43,782] [basehttp.py:154] [basehttp:log_message] [WARNING]- "GET /media/img/test/Error.png HTTP/1.1" 404 1779
[2021-12-01 16:48:43,946] [log.py:228] [log:log_response] [WARNING]- Not Found: /media/img/test/fail.png
[2021-12-01 16:48:43,955] [basehttp.py:154] [basehttp:log_message] [WARNING]- "GET /media/img/test/fail.png HTTP/1.1" 404 1776
[2021-12-01 16:48:43,955] [log.py:228] [log:log_response] [WARNING]- Not Found: /media/img/test/pass.png
[2021-12-01 16:48:43,960] [basehttp.py:154] [basehttp:log_message] [WARNING]- "GET /media/img/test/pass.png HTTP/1.1" 404 1776
[2021-12-01 16:48:43,965] [log.py:228] [log:log_response] [WARNING]- Not Found: /media/img/test/1_eiPmC9F.jpg
[2021-12-01 16:48:43,967] [basehttp.py:154] [basehttp:log_message] [WARNING]- "GET /media/img/test/1_eiPmC9F.jpg HTTP/1.1" 404 1791
[2021-12-01 16:48:43,975] [log.py:228] [log:log_response] [WARNING]- Not Found: /media/img/test/1.jpg
[2021-12-01 16:48:43,976] [basehttp.py:154] [basehttp:log_message] [WARNING]- "GET /media/img/test/1.jpg HTTP/1.1" 404 1767
[2021-12-01 16:48:43,979] [log.py:228] [log:log_response] [WARNING]- Not Found: /media/img/test/2.jpg
[2021-12-01 16:48:43,981] [basehttp.py:154] [basehttp:log_message] [WARNING]- "GET /media/img/test/2.jpg HTTP/1.1" 404 1767
[2021-12-01 16:48:43,989] [log.py:228] [log:log_response] [WARNING]- Not Found: /media/img/test/2_FLgLGOS.jpg
[2021-12-01 16:48:43,989] [basehttp.py:154] [basehttp:log_message] [WARNING]- "GET /media/img/test/2_FLgLGOS.jpg HTTP/1.1" 404 1791
[2021-12-01 16:48:43,994] [log.py:228] [log:log_response] [WARNING]- Not Found: /media/img/test/4.jpg
[2021-12-01 16:48:43,995] [basehttp.py:154] [basehttp:log_message] [WARNING]- "GET /media/img/test/4.jpg HTTP/1.1" 404 1767
[2021-12-01 16:48:44,000] [log.py:228] [log:log_response] [WARNING]- Not Found: /media/img/test/3_aAYec09.jpg
[2021-12-01 16:48:44,002] [basehttp.py:154] [basehttp:log_message] [WARNING]- "GET /media/img/test/3_aAYec09.jpg HTTP/1.1" 404 1791
[2021-12-01 16:48:44,007] [log.py:228] [log:log_response] [WARNING]- Not Found: /media/img/test/5.jpg
[2021-12-01 16:48:44,008] [basehttp.py:154] [basehttp:log_message] [WARNING]- "GET /media/img/test/5.jpg HTTP/1.1" 404 1767
[2021-12-01 16:48:44,015] [log.py:228] [log:log_response] [WARNING]- Not Found: /media/img/test/6.jpg
[2021-12-01 16:48:44,017] [basehttp.py:154] [basehttp:log_message] [WARNING]- "GET /media/img/test/6.jpg HTTP/1.1" 404 1767
[2021-12-01 16:48:44,024] [log.py:228] [log:log_response] [WARNING]- Not Found: /media/img/test/1_xjt6Ker.jpg
[2021-12-01 16:48:44,024] [basehttp.py:154] [basehttp:log_message] [WARNING]- "GET /media/img/test/1_xjt6Ker.jpg HTTP/1.1" 404 1791
[2021-12-01 16:48:44,035] [log.py:228] [log:log_response] [WARNING]- Not Found: /media/img/test/2_XDhtsbk.jpg
[2021-12-01 16:48:44,035] [basehttp.py:154] [basehttp:log_message] [WARNING]- "GET /media/img/test/2_XDhtsbk.jpg HTTP/1.1" 404 1791
[2021-12-01 16:48:44,040] [log.py:228] [log:log_response] [WARNING]- Not Found: /media/img/test/4_13Mnq7g.jpg
[2021-12-01 16:48:44,042] [basehttp.py:154] [basehttp:log_message] [WARNING]- "GET /media/img/test/4_13Mnq7g.jpg HTTP/1.1" 404 1791
[2021-12-01 16:48:44,051] [log.py:228] [log:log_response] [WARNING]- Not Found: /media/img/test/5_FXHldYM.jpg
[2021-12-01 16:48:44,053] [basehttp.py:154] [basehttp:log_message] [WARNING]- "GET /media/img/test/5_FXHldYM.jpg HTTP/1.1" 404 1791
[2021-12-01 16:48:44,061] [log.py:228] [log:log_response] [WARNING]- Not Found: /media/img/test/6_M61z9GG.jpg
[2021-12-01 16:48:44,065] [basehttp.py:154] [basehttp:log_message] [WARNING]- "GET /media/img/test/6_M61z9GG.jpg HTTP/1.1" 404 1791
[2021-12-01 16:48:44,069] [log.py:228] [log:log_response] [WARNING]- Not Found: /media/img/test/9.jpg
[2021-12-01 16:48:44,074] [basehttp.py:154] [basehttp:log_message] [WARNING]- "GET /media/img/test/9.jpg HTTP/1.1" 404 1767
[2021-12-01 16:48:44,075] [log.py:228] [log:log_response] [WARNING]- Not Found: /media/img/test/10.jpg
[2021-12-01 16:48:44,075] [basehttp.py:154] [basehttp:log_message] [WARNING]- "GET /media/img/test/10.jpg HTTP/1.1" 404 1770
[2021-12-01 16:48:44,083] [log.py:228] [log:log_response] [WARNING]- Not Found: /media/img/test/11.jpg
[2021-12-01 16:48:44,086] [basehttp.py:154] [basehttp:log_message] [WARNING]- "GET /media/img/test/11.jpg HTTP/1.1" 404 1770
[2021-12-01 16:48:44,092] [log.py:228] [log:log_response] [WARNING]- Not Found: /media/img/test/7.jpg
[2021-12-01 16:48:44,093] [basehttp.py:154] [basehttp:log_message] [WARNING]- "GET /media/img/test/7.jpg HTTP/1.1" 404 1767
[2021-12-01 16:48:44,098] [log.py:228] [log:log_response] [WARNING]- Not Found: /media/img/test/12.jpg
[2021-12-01 16:48:44,099] [basehttp.py:154] [basehttp:log_message] [WARNING]- "GET /media/img/test/12.jpg HTTP/1.1" 404 1770
[2021-12-01 16:48:44,106] [log.py:228] [log:log_response] [WARNING]- Not Found: /media/img/test/13.jpg
[2021-12-01 16:48:44,108] [basehttp.py:154] [basehttp:log_message] [WARNING]- "GET /media/img/test/13.jpg HTTP/1.1" 404 1770
[2021-12-01 16:48:44,112] [log.py:228] [log:log_response] [WARNING]- Not Found: /media/img/test/14.jpg
[2021-12-01 16:48:44,113] [basehttp.py:154] [basehttp:log_message] [WARNING]- "GET /media/img/test/14.jpg HTTP/1.1" 404 1770
[2021-12-01 16:48:44,118] [log.py:228] [log:log_response] [WARNING]- Not Found: /media/img/test/1_l88aXoy.jpg
[2021-12-01 16:48:44,120] [basehttp.py:154] [basehttp:log_message] [WARNING]- "GET /media/img/test/1_l88aXoy.jpg HTTP/1.1" 404 1791
[2021-12-01 16:48:44,126] [log.py:228] [log:log_response] [WARNING]- Not Found: /media/img/test/2_8CrjNdM.jpg
[2021-12-01 16:48:44,128] [basehttp.py:154] [basehttp:log_message] [WARNING]- "GET /media/img/test/2_8CrjNdM.jpg HTTP/1.1" 404 1791
[2021-12-01 16:48:44,134] [log.py:228] [log:log_response] [WARNING]- Not Found: /media/img/test/3_JmnKEV2.jpg
[2021-12-01 16:48:44,135] [basehttp.py:154] [basehttp:log_message] [WARNING]- "GET /media/img/test/3_JmnKEV2.jpg HTTP/1.1" 404 1791
[2021-12-01 16:48:44,141] [log.py:228] [log:log_response] [WARNING]- Not Found: /media/img/test/4_j9Jj9v3.jpg
[2021-12-01 16:48:44,141] [basehttp.py:154] [basehttp:log_message] [WARNING]- "GET /media/img/test/4_j9Jj9v3.jpg HTTP/1.1" 404 1791
[2021-12-01 16:48:44,148] [log.py:228] [log:log_response] [WARNING]- Not Found: /media/img/test/5_wmAjvLf.jpg
[2021-12-01 16:48:44,150] [basehttp.py:154] [basehttp:log_message] [WARNING]- "GET /media/img/test/5_wmAjvLf.jpg HTTP/1.1" 404 1791
[2021-12-01 16:48:44,153] [log.py:228] [log:log_response] [WARNING]- Not Found: /media/img/test/6_KDuTTwN.jpg
[2021-12-01 16:48:44,156] [basehttp.py:154] [basehttp:log_message] [WARNING]- "GET /media/img/test/6_KDuTTwN.jpg HTTP/1.1" 404 1791
[2021-12-01 16:48:44,163] [log.py:228] [log:log_response] [WARNING]- Not Found: /media/img/test/7_MDIb8TN.jpg
[2021-12-01 16:48:44,165] [basehttp.py:154] [basehttp:log_message] [WARNING]- "GET /media/img/test/7_MDIb8TN.jpg HTTP/1.1" 404 1791
[2021-12-01 16:48:44,169] [log.py:228] [log:log_response] [WARNING]- Not Found: /media/img/test/9_7iKrxXA.jpg
[2021-12-01 16:48:44,174] [basehttp.py:154] [basehttp:log_message] [WARNING]- "GET /media/img/test/9_7iKrxXA.jpg HTTP/1.1" 404 1791
[2021-12-01 16:48:44,179] [log.py:228] [log:log_response] [WARNING]- Not Found: /media/img/test/2_cGVxvOt.jpg
[2021-12-01 16:48:44,180] [basehttp.py:154] [basehttp:log_message] [WARNING]- "GET /media/img/test/2_cGVxvOt.jpg HTTP/1.1" 404 1791
[2021-12-01 16:48:44,186] [log.py:228] [log:log_response] [WARNING]- Not Found: /media/img/test/8_JcOPk5S.jpg
[2021-12-01 16:48:44,188] [basehttp.py:154] [basehttp:log_message] [WARNING]- "GET /media/img/test/8_JcOPk5S.jpg HTTP/1.1" 404 1791
[2021-12-01 16:48:44,193] [log.py:228] [log:log_response] [WARNING]- Not Found: /media/img/test/1_MxgJjM1.jpg
[2021-12-01 16:48:44,194] [basehttp.py:154] [basehttp:log_message] [WARNING]- "GET /media/img/test/1_MxgJjM1.jpg HTTP/1.1" 404 1791
[2021-12-01 16:48:44,199] [log.py:228] [log:log_response] [WARNING]- Not Found: /media/img/test/4_FRQgnzm.jpg
[2021-12-01 16:48:44,204] [basehttp.py:154] [basehttp:log_message] [WARNING]- "GET /media/img/test/4_FRQgnzm.jpg HTTP/1.1" 404 1791
[2021-12-01 16:48:44,208] [log.py:228] [log:log_response] [WARNING]- Not Found: /media/img/test/5_UHeKmkN.jpg
[2021-12-01 16:48:44,208] [basehttp.py:154] [basehttp:log_message] [WARNING]- "GET /media/img/test/5_UHeKmkN.jpg HTTP/1.1" 404 1791
[2021-12-01 16:48:44,223] [log.py:228] [log:log_response] [WARNING]- Not Found: /media/img/test/6_qt1j1N1.jpg
[2021-12-01 16:48:44,224] [basehttp.py:154] [basehttp:log_message] [WARNING]- "GET /media/img/test/6_qt1j1N1.jpg HTTP/1.1" 404 1791
[2021-12-01 16:48:44,229] [log.py:228] [log:log_response] [WARNING]- Not Found: /media/img/test/2_x1XB0pK.jpg
[2021-12-01 16:48:44,230] [basehttp.py:154] [basehttp:log_message] [WARNING]- "GET /media/img/test/2_x1XB0pK.jpg HTTP/1.1" 404 1791
[2021-12-01 16:48:44,238] [log.py:228] [log:log_response] [WARNING]- Not Found: /media/img/test/3_K4vV6br.jpg
[2021-12-01 16:48:44,238] [basehttp.py:154] [basehttp:log_message] [WARNING]- "GET /media/img/test/3_K4vV6br.jpg HTTP/1.1" 404 1791
[2021-12-01 16:48:44,244] [log.py:228] [log:log_response] [WARNING]- Not Found: /media/img/test/4_SmICjjd.jpg
[2021-12-01 16:48:44,245] [basehttp.py:154] [basehttp:log_message] [WARNING]- "GET /media/img/test/4_SmICjjd.jpg HTTP/1.1" 404 1791
[2021-12-01 16:48:44,250] [log.py:228] [log:log_response] [WARNING]- Not Found: /media/img/test/7_ZhWDnfZ.jpg
[2021-12-01 16:48:44,251] [basehttp.py:154] [basehttp:log_message] [WARNING]- "GET /media/img/test/7_ZhWDnfZ.jpg HTTP/1.1" 404 1791
[2021-12-01 16:48:44,261] [log.py:228] [log:log_response] [WARNING]- Not Found: /media/img/test/5_pi8JYNQ.jpg
[2021-12-01 16:48:44,261] [basehttp.py:154] [basehttp:log_message] [WARNING]- "GET /media/img/test/5_pi8JYNQ.jpg HTTP/1.1" 404 1791
[2021-12-01 16:48:44,268] [log.py:228] [log:log_response] [WARNING]- Not Found: /media/img/test/8_QdfTGML.jpg
[2021-12-01 16:48:44,269] [basehttp.py:154] [basehttp:log_message] [WARNING]- "GET /media/img/test/8_QdfTGML.jpg HTTP/1.1" 404 1791
[2021-12-02 09:38:15,508] [basehttp.py:154] [basehttp:log_message] [INFO]- "GET /admin/ HTTP/1.1" 302 0
[2021-12-02 09:38:15,594] [basehttp.py:154] [basehttp:log_message] [INFO]- "GET /admin/login/?next=/admin/ HTTP/1.1" 200 1821
[2021-12-02 09:38:15,629] [basehttp.py:154] [basehttp:log_message] [INFO]- "GET /favicon.ico HTTP/1.1" 302 0
[2021-12-02 09:38:15,635] [basehttp.py:154] [basehttp:log_message] [INFO]- "GET /login/ HTTP/1.1" 200 4677
[2021-12-02 09:38:19,586] [UserIP.py:89] [UserIP:process_response] [CRITICAL]- 系统错误
[2021-12-02 09:38:19,592] [basehttp.py:154] [basehttp:log_message] [INFO]- "POST /admin/login/?next=/admin/ HTTP/1.1" 302 0
[2021-12-02 09:38:19,701] [basehttp.py:154] [basehttp:log_message] [INFO]- "GET /admin/ HTTP/1.1" 200 38217
[2021-12-02 09:38:19,779] [basehttp.py:154] [basehttp:log_message] [INFO]- "GET /favicon.ico HTTP/1.1" 302 0
[2021-12-02 09:38:19,811] [basehttp.py:154] [basehttp:log_message] [INFO]- "GET /login/ HTTP/1.1" 200 4677
[2021-12-02 09:44:19,512] [basehttp.py:154] [basehttp:log_message] [INFO]- "GET /admin/app01/permission/ HTTP/1.1" 200 45381
[2021-12-02 09:44:19,565] [basehttp.py:154] [basehttp:log_message] [INFO]- "GET /admin/jsi18n/ HTTP/1.1" 200 7684
[2021-12-02 09:44:19,637] [basehttp.py:154] [basehttp:log_message] [INFO]- "GET /favicon.ico HTTP/1.1" 302 0
[2021-12-02 09:44:19,667] [basehttp.py:154] [basehttp:log_message] [INFO]- "GET /login/ HTTP/1.1" 200 4677
[2021-12-02 09:44:40,863] [basehttp.py:154] [basehttp:log_message] [INFO]- "GET /admin/app01/permission/71/change/ HTTP/1.1" 200 7335
[2021-12-02 09:44:40,884] [basehttp.py:154] [basehttp:log_message] [INFO]- "GET /admin/jsi18n/ HTTP/1.1" 200 7684
[2021-12-02 09:44:40,927] [basehttp.py:154] [basehttp:log_message] [INFO]- "GET /favicon.ico HTTP/1.1" 302 0
[2021-12-02 09:44:40,958] [basehttp.py:154] [basehttp:log_message] [INFO]- "GET /login/ HTTP/1.1" 200 4677
[2021-12-02 09:44:45,182] [basehttp.py:154] [basehttp:log_message] [INFO]- "GET /admin/app01/permission/ HTTP/1.1" 200 45381
[2021-12-02 09:44:45,248] [basehttp.py:154] [basehttp:log_message] [INFO]- "GET /favicon.ico HTTP/1.1" 302 0
[2021-12-02 09:44:45,282] [basehttp.py:154] [basehttp:log_message] [INFO]- "GET /login/ HTTP/1.1" 200 4677
[2021-12-02 09:44:47,122] [basehttp.py:154] [basehttp:log_message] [INFO]- "GET /admin/app01/ HTTP/1.1" 200 5526
[2021-12-02 09:44:47,149] [basehttp.py:154] [basehttp:log_message] [INFO]- "GET /favicon.ico HTTP/1.1" 302 0
[2021-12-02 09:44:47,181] [basehttp.py:154] [basehttp:log_message] [INFO]- "GET /login/ HTTP/1.1" 200 4677
[2021-12-02 09:44:48,915] [basehttp.py:154] [basehttp:log_message] [INFO]- "GET /admin/app01/menu/ HTTP/1.1" 200 12058
[2021-12-02 09:44:48,937] [basehttp.py:154] [basehttp:log_message] [INFO]- "GET /admin/jsi18n/ HTTP/1.1" 200 7684
[2021-12-02 09:44:49,000] [basehttp.py:154] [basehttp:log_message] [INFO]- "GET /favicon.ico HTTP/1.1" 302 0
[2021-12-02 09:44:49,011] [basehttp.py:154] [basehttp:log_message] [INFO]- "GET /login/ HTTP/1.1" 200 4677
[2021-12-02 09:44:56,508] [basehttp.py:154] [basehttp:log_message] [INFO]- "GET /admin/app01/menu/26/change/ HTTP/1.1" 200 6723
[2021-12-02 09:44:56,534] [basehttp.py:154] [basehttp:log_message] [INFO]- "GET /admin/jsi18n/ HTTP/1.1" 200 7684
[2021-12-02 09:44:56,587] [basehttp.py:154] [basehttp:log_message] [INFO]- "GET /favicon.ico HTTP/1.1" 302 0
[2021-12-02 09:44:56,620] [basehttp.py:154] [basehttp:log_message] [INFO]- "GET /login/ HTTP/1.1" 200 4677
[2021-12-02 09:45:20,114] [basehttp.py:154] [basehttp:log_message] [INFO]- "GET /admin/app01/ HTTP/1.1" 200 5526
[2021-12-02 09:45:20,157] [basehttp.py:154] [basehttp:log_message] [INFO]- "GET /favicon.ico HTTP/1.1" 302 0
[2021-12-02 09:45:20,186] [basehttp.py:154] [basehttp:log_message] [INFO]- "GET /login/ HTTP/1.1" 200 4677
[2021-12-02 09:45:22,273] [basehttp.py:154] [basehttp:log_message] [INFO]- "GET /admin/app01/permission/ HTTP/1.1" 200 45381
[2021-12-02 09:45:22,295] [basehttp.py:154] [basehttp:log_message] [INFO]- "GET /admin/jsi18n/ HTTP/1.1" 200 7684
[2021-12-02 09:45:22,350] [basehttp.py:154] [basehttp:log_message] [INFO]- "GET /favicon.ico HTTP/1.1" 302 0
[2021-12-02 09:45:22,378] [basehttp.py:154] [basehttp:log_message] [INFO]- "GET /login/ HTTP/1.1" 200 4677
[2021-12-02 09:45:36,717] [basehttp.py:154] [basehttp:log_message] [INFO]- "GET /admin/app01/permission/71/change/ HTTP/1.1" 200 7335
[2021-12-02 09:45:36,740] [basehttp.py:154] [basehttp:log_message] [INFO]- "GET /admin/jsi18n/ HTTP/1.1" 200 7684
[2021-12-02 09:45:36,777] [basehttp.py:154] [basehttp:log_message] [INFO]- "GET /favicon.ico HTTP/1.1" 302 0
[2021-12-02 09:45:36,811] [basehttp.py:154] [basehttp:log_message] [INFO]- "GET /login/ HTTP/1.1" 200 4677
[2021-12-02 09:46:05,154] [basehttp.py:154] [basehttp:log_message] [INFO]- "GET /admin/app01/permission/ HTTP/1.1" 200 45381
[2021-12-02 09:46:05,232] [basehttp.py:154] [basehttp:log_message] [INFO]- "GET /favicon.ico HTTP/1.1" 302 0
[2021-12-02 09:46:05,264] [basehttp.py:154] [basehttp:log_message] [INFO]- "GET /login/ HTTP/1.1" 200 4677
[2021-12-02 09:46:11,536] [basehttp.py:154] [basehttp:log_message] [INFO]- "GET /admin/app01/permission/72/change/ HTTP/1.1" 200 7338
[2021-12-02 09:46:11,559] [basehttp.py:154] [basehttp:log_message] [INFO]- "GET /admin/jsi18n/ HTTP/1.1" 200 7684
[2021-12-02 09:46:11,590] [basehttp.py:154] [basehttp:log_message] [INFO]- "GET /favicon.ico HTTP/1.1" 302 0
[2021-12-02 09:46:11,620] [basehttp.py:154] [basehttp:log_message] [INFO]- "GET /login/ HTTP/1.1" 200 4677
[2021-12-02 09:46:53,845] [basehttp.py:154] [basehttp:log_message] [INFO]- "GET /admin/app01/permission/ HTTP/1.1" 200 45381
[2021-12-02 09:46:53,922] [basehttp.py:154] [basehttp:log_message] [INFO]- "GET /favicon.ico HTTP/1.1" 302 0
[2021-12-02 09:46:53,937] [basehttp.py:154] [basehttp:log_message] [INFO]- "GET /login/ HTTP/1.1" 200 4677
[2021-12-02 09:46:59,305] [basehttp.py:154] [basehttp:log_message] [INFO]- "GET /admin/app01/permission/70/change/ HTTP/1.1" 200 7329
[2021-12-02 09:46:59,329] [basehttp.py:154] [basehttp:log_message] [INFO]- "GET /admin/jsi18n/ HTTP/1.1" 200 7684
[2021-12-02 09:46:59,379] [basehttp.py:154] [basehttp:log_message] [INFO]- "GET /favicon.ico HTTP/1.1" 302 0
[2021-12-02 09:46:59,412] [basehttp.py:154] [basehttp:log_message] [INFO]- "GET /login/ HTTP/1.1" 200 4677
[2021-12-02 09:47:24,794] [basehttp.py:154] [basehttp:log_message] [INFO]- "GET /admin/app01/permission/ HTTP/1.1" 200 45381
[2021-12-02 09:47:24,872] [basehttp.py:154] [basehttp:log_message] [INFO]- "GET /favicon.ico HTTP/1.1" 302 0
[2021-12-02 09:47:24,896] [basehttp.py:154] [basehttp:log_message] [INFO]- "GET /login/ HTTP/1.1" 200 4677
[2021-12-02 09:47:26,756] [basehttp.py:154] [basehttp:log_message] [INFO]- "GET /admin/app01/ HTTP/1.1" 200 5526
[2021-12-02 09:47:26,808] [basehttp.py:154] [basehttp:log_message] [INFO]- "GET /favicon.ico HTTP/1.1" 302 0
[2021-12-02 09:47:26,839] [basehttp.py:154] [basehttp:log_message] [INFO]- "GET /login/ HTTP/1.1" 200 4677
[2021-12-02 09:47:30,968] [basehttp.py:154] [basehttp:log_message] [INFO]- "GET /admin/app01/role/ HTTP/1.1" 200 8160
[2021-12-02 09:47:30,991] [basehttp.py:154] [basehttp:log_message] [INFO]- "GET /admin/jsi18n/ HTTP/1.1" 200 7684
[2021-12-02 09:47:31,031] [basehttp.py:154] [basehttp:log_message] [INFO]- "GET /favicon.ico HTTP/1.1" 302 0
[2021-12-02 09:47:31,055] [basehttp.py:154] [basehttp:log_message] [INFO]- "GET /login/ HTTP/1.1" 200 4677
[2021-12-02 09:47:33,649] [basehttp.py:154] [basehttp:log_message] [INFO]- "GET /admin/app01/role/1/change/ HTTP/1.1" 200 10530
[2021-12-02 09:47:33,674] [basehttp.py:154] [basehttp:log_message] [INFO]- "GET /admin/jsi18n/ HTTP/1.1" 200 7684
[2021-12-02 09:47:33,723] [basehttp.py:154] [basehttp:log_message] [INFO]- "GET /favicon.ico HTTP/1.1" 302 0
[2021-12-02 09:47:33,736] [basehttp.py:154] [basehttp:log_message] [INFO]- "GET /login/ HTTP/1.1" 200 4677
[2021-12-02 09:47:40,469] [basehttp.py:154] [basehttp:log_message] [INFO]- "GET /admin/app01/role/ HTTP/1.1" 200 8160
[2021-12-02 09:47:40,520] [basehttp.py:154] [basehttp:log_message] [INFO]- "GET /favicon.ico HTTP/1.1" 302 0
[2021-12-02 09:47:40,555] [basehttp.py:154] [basehttp:log_message] [INFO]- "GET /login/ HTTP/1.1" 200 4677
[2021-12-02 09:51:08,425] [basehttp.py:154] [basehttp:log_message] [INFO]- "GET /admin/app01/ HTTP/1.1" 200 5526
[2021-12-02 09:51:08,452] [basehttp.py:154] [basehttp:log_message] [INFO]- "GET /favicon.ico HTTP/1.1" 302 0
[2021-12-02 09:51:08,464] [basehttp.py:154] [basehttp:log_message] [INFO]- "GET /login/ HTTP/1.1" 200 4677
[2021-12-02 09:51:10,647] [basehttp.py:154] [basehttp:log_message] [INFO]- "GET /admin/ HTTP/1.1" 200 38217
[2021-12-02 09:51:10,683] [basehttp.py:154] [basehttp:log_message] [INFO]- "GET /favicon.ico HTTP/1.1" 302 0
[2021-12-02 09:51:10,712] [basehttp.py:154] [basehttp:log_message] [INFO]- "GET /login/ HTTP/1.1" 200 4677
[2021-12-02 09:51:27,790] [basehttp.py:154] [basehttp:log_message] [INFO]- "GET /admin/LessonProjectME/testprojectll/ HTTP/1.1" 200 15696
[2021-12-02 09:51:27,814] [basehttp.py:154] [basehttp:log_message] [INFO]- "GET /admin/jsi18n/ HTTP/1.1" 200 7684
[2021-12-02 09:51:27,866] [basehttp.py:154] [basehttp:log_message] [INFO]- "GET /favicon.ico HTTP/1.1" 302 0
[2021-12-02 09:51:27,896] [basehttp.py:154] [basehttp:log_message] [INFO]- "GET /login/ HTTP/1.1" 200 4677
[2021-12-02 09:51:31,366] [basehttp.py:154] [basehttp:log_message] [INFO]- "GET /admin/ HTTP/1.1" 200 38217
[2021-12-02 09:51:31,406] [basehttp.py:154] [basehttp:log_message] [INFO]- "GET /favicon.ico HTTP/1.1" 302 0
[2021-12-02 09:51:31,419] [basehttp.py:154] [basehttp:log_message] [INFO]- "GET /login/ HTTP/1.1" 200 4677
[2021-12-02 09:53:17,495] [basehttp.py:154] [basehttp:log_message] [INFO]- "GET /index/ HTTP/1.1" 302 0
[2021-12-02 09:53:17,519] [basehttp.py:154] [basehttp:log_message] [INFO]- "GET /login/ HTTP/1.1" 200 4677
[2021-12-02 09:53:17,560] [basehttp.py:154] [basehttp:log_message] [INFO]- "GET /static/vendor/bootstrap/js/bootstrap.bundle.min.js.map HTTP/1.1" 200 303386
[2021-12-02 09:53:17,581] [basehttp.py:154] [basehttp:log_message] [WARNING]- "GET /static/css/bootstrap.min.css.map HTTP/1.1" 404 1800
[2021-12-02 09:53:17,599] [basehttp.py:154] [basehttp:log_message] [INFO]- "GET /favicon.ico HTTP/1.1" 302 0
[2021-12-02 09:53:17,625] [basehttp.py:154] [basehttp:log_message] [INFO]- "GET /login/ HTTP/1.1" 200 4677
[2021-12-02 09:53:20,574] [UserIP.py:89] [UserIP:process_response] [CRITICAL]- 系统错误
[2021-12-02 09:53:20,581] [basehttp.py:154] [basehttp:log_message] [INFO]- "POST /login/ HTTP/1.1" 302 0
[2021-12-02 09:53:20,632] [basehttp.py:154] [basehttp:log_message] [INFO]- "GET /index/ HTTP/1.1" 200 45972
[2021-12-02 09:53:20,730] [basehttp.py:154] [basehttp:log_message] [INFO]- "GET /index/ HTTP/1.1" 200 45972
[2021-12-02 09:53:20,747] [basehttp.py:154] [basehttp:log_message] [WARNING]- "GET /static/css/bootstrap.min.css.map HTTP/1.1" 404 1800
[2021-12-02 09:53:20,761] [basehttp.py:154] [basehttp:log_message] [WARNING]- "GET /static/js/lib/bootstrap.min.js.map HTTP/1.1" 404 1806
[2021-12-02 09:53:20,813] [basehttp.py:154] [basehttp:log_message] [WARNING]- "GET /static/js/lib/bootstrap.min.js.map HTTP/1.1" 404 1806
[2021-12-02 09:53:20,877] [basehttp.py:154] [basehttp:log_message] [WARNING]- "GET /static/js/axios.min.map HTTP/1.1" 404 1773
[2021-12-02 09:53:20,987] [basehttp.py:154] [basehttp:log_message] [INFO]- "GET /favicon.ico HTTP/1.1" 200 21241
[2021-12-02 09:54:44,394] [basehttp.py:154] [basehttp:log_message] [INFO]- "GET /index/ HTTP/1.1" 200 45972
[2021-12-02 09:54:44,478] [basehttp.py:154] [basehttp:log_message] [INFO]- "GET /index/ HTTP/1.1" 200 45972
[2021-12-02 09:54:44,484] [basehttp.py:154] [basehttp:log_message] [WARNING]- "GET /static/css/bootstrap.min.css.map HTTP/1.1" 404 1800
[2021-12-02 09:54:44,489] [basehttp.py:154] [basehttp:log_message] [WARNING]- "GET /static/js/lib/bootstrap.min.js.map HTTP/1.1" 404 1806
[2021-12-02 09:54:44,590] [basehttp.py:154] [basehttp:log_message] [WARNING]- "GET /static/js/lib/bootstrap.min.js.map HTTP/1.1" 404 1806
[2021-12-02 09:54:44,590] [basehttp.py:154] [basehttp:log_message] [WARNING]- "GET /static/js/axios.min.map HTTP/1.1" 404 1773
[2021-12-02 09:54:44,668] [basehttp.py:154] [basehttp:log_message] [INFO]- "GET /favicon.ico HTTP/1.1" 200 21241
