[2023-01-11 11:57:34,078] [basehttp.py:154] [basehttp:log_message] [INFO]- "GET / HTTP/1.1" 302 0
[2023-01-11 11:57:34,140] [basehttp.py:154] [basehttp:log_message] [INFO]- "GET /login/ HTTP/1.1" 200 4677
[2023-01-11 11:57:34,202] [basehttp.py:154] [basehttp:log_message] [INFO]- "GET /static/vendor/fontawesome-free/css/all.min.css HTTP/1.1" 304 0
[2023-01-11 11:57:34,203] [basehttp.py:154] [basehttp:log_message] [INFO]- "GET /static/css/sb-admin.css HTTP/1.1" 304 0
[2023-01-11 11:57:34,214] [basehttp.py:154] [basehttp:log_message] [INFO]- "GET /static/vendor/jquery-easing/jquery.easing.min.js HTTP/1.1" 304 0
[2023-01-11 11:57:34,248] [basehttp.py:154] [basehttp:log_message] [INFO]- "GET /static/css/bootstrap.min.css HTTP/1.1" 304 0
[2023-01-11 11:57:34,260] [basehttp.py:154] [basehttp:log_message] [INFO]- "GET /static/css/test1.css HTTP/1.1" 304 0
[2023-01-11 11:57:34,262] [basehttp.py:154] [basehttp:log_message] [INFO]- "GET /static/vendor/jquery/jquery.min.js HTTP/1.1" 304 0
[2023-01-11 11:57:34,276] [basehttp.py:154] [basehttp:log_message] [INFO]- "GET /static/src/ocean.jpg HTTP/1.1" 304 0
[2023-01-11 11:57:34,282] [basehttp.py:154] [basehttp:log_message] [INFO]- "GET /static/vendor/bootstrap/js/bootstrap.bundle.min.js HTTP/1.1" 304 0
[2023-01-11 11:57:34,637] [basehttp.py:154] [basehttp:log_message] [INFO]- "GET /favicon.ico HTTP/1.1" 302 0
[2023-01-11 11:57:34,645] [basehttp.py:154] [basehttp:log_message] [INFO]- "GET /login/ HTTP/1.1" 200 4677
[2023-01-11 11:57:36,762] [UserIP.py:90] [UserIP:process_response] [INFO]- 2023-01-11 11:57:36 C1010S3>Edwin None>LAPTOP-1EJQO0D7>311 127.0.0.1 127.0.0.1 /login/ POST
[2023-01-11 11:57:36,798] [basehttp.py:154] [basehttp:log_message] [INFO]- "POST /login/ HTTP/1.1" 302 0
[2023-01-11 11:57:37,273] [basehttp.py:154] [basehttp:log_message] [INFO]- "GET /index/ HTTP/1.1" 200 47664
[2023-01-11 11:57:37,347] [basehttp.py:154] [basehttp:log_message] [INFO]- "GET /static/download_UPK/element-ui@2.12.0/lib/theme-chalk/index.css HTTP/1.1" 304 0
[2023-01-11 11:57:37,348] [basehttp.py:154] [basehttp:log_message] [INFO]- "GET /static/css/lib/calendar2/pignose.calendar.min.css HTTP/1.1" 304 0
[2023-01-11 11:57:37,354] [basehttp.py:154] [basehttp:log_message] [INFO]- "GET /static/css/lib/chartist/chartist.min.css HTTP/1.1" 304 0
[2023-01-11 11:57:37,354] [basehttp.py:154] [basehttp:log_message] [INFO]- "GET /static/css/lib/font-awesome.min.css HTTP/1.1" 304 0
[2023-01-11 11:57:37,358] [basehttp.py:154] [basehttp:log_message] [INFO]- "GET /static/css/lib/themify-icons.css HTTP/1.1" 304 0
[2023-01-11 11:57:37,359] [basehttp.py:154] [basehttp:log_message] [INFO]- "GET /static/css/lib/owl.carousel.min.css HTTP/1.1" 304 0
[2023-01-11 11:57:37,369] [basehttp.py:154] [basehttp:log_message] [INFO]- "GET /static/css/lib/owl.theme.default.min.css HTTP/1.1" 304 0
[2023-01-11 11:57:37,374] [basehttp.py:154] [basehttp:log_message] [INFO]- "GET /static/css/lib/weather-icons.css HTTP/1.1" 304 0
[2023-01-11 11:57:37,376] [basehttp.py:154] [basehttp:log_message] [INFO]- "GET /static/css/lib/menubar/sidebar.css HTTP/1.1" 304 0
[2023-01-11 11:57:37,405] [basehttp.py:154] [basehttp:log_message] [INFO]- "GET /static/node_modules/bootstrap-icons/font/bootstrap-icons.css HTTP/1.1" 304 0
[2023-01-11 11:57:37,408] [basehttp.py:154] [basehttp:log_message] [INFO]- "GET /static/css/lib/helper.css HTTP/1.1" 304 0
[2023-01-11 11:57:37,413] [basehttp.py:154] [basehttp:log_message] [INFO]- "GET /static/css/style.css HTTP/1.1" 304 0
[2023-01-11 11:57:37,425] [basehttp.py:154] [basehttp:log_message] [INFO]- "GET /static/css/uploadbutton.css HTTP/1.1" 304 0
[2023-01-11 11:57:37,430] [basehttp.py:154] [basehttp:log_message] [INFO]- "GET /static/css/home_zerogrid.css HTTP/1.1" 304 0
[2023-01-11 11:57:37,446] [basehttp.py:154] [basehttp:log_message] [INFO]- "GET /static/css/home_style.css HTTP/1.1" 304 0
[2023-01-11 11:57:37,527] [basehttp.py:154] [basehttp:log_message] [INFO]- "GET /static/css/home_menu.css HTTP/1.1" 304 0
[2023-01-11 11:57:37,578] [basehttp.py:154] [basehttp:log_message] [INFO]- "GET /static/js/lib/jquery.min.js HTTP/1.1" 304 0
[2023-01-11 11:57:37,594] [basehttp.py:154] [basehttp:log_message] [INFO]- "GET /static/js/lib/jquery.nanoscroller.min.js HTTP/1.1" 304 0
[2023-01-11 11:57:37,597] [basehttp.py:154] [basehttp:log_message] [INFO]- "GET /static/js/lib/menubar/sidebar.js HTTP/1.1" 304 0
[2023-01-11 11:57:37,603] [basehttp.py:154] [basehttp:log_message] [INFO]- "GET /static/js/lib/preloader/pace.min.js HTTP/1.1" 304 0
[2023-01-11 11:57:37,604] [basehttp.py:154] [basehttp:log_message] [INFO]- "GET /static/js/lib/bootstrap.min.js HTTP/1.1" 304 0
[2023-01-11 11:57:37,665] [basehttp.py:154] [basehttp:log_message] [INFO]- "GET /static/js/scripts.js HTTP/1.1" 304 0
[2023-01-11 11:57:37,691] [basehttp.py:154] [basehttp:log_message] [INFO]- "GET /static/js/lib/calendar-2/pignose.calendar.min.js HTTP/1.1" 304 0
[2023-01-11 11:57:37,692] [basehttp.py:154] [basehttp:log_message] [INFO]- "GET /static/js/lib/calendar-2/pignose.init.js HTTP/1.1" 304 0
[2023-01-11 11:57:37,692] [basehttp.py:154] [basehttp:log_message] [INFO]- "GET /static/js/lib/calendar-2/moment.latest.min.js HTTP/1.1" 304 0
[2023-01-11 11:57:37,694] [basehttp.py:154] [basehttp:log_message] [INFO]- "GET /static/js/lib/circle-progress/circle-progress.min.js HTTP/1.1" 304 0
[2023-01-11 11:57:37,694] [basehttp.py:154] [basehttp:log_message] [INFO]- "GET /static/js/lib/circle-progress/circle-progress-init.js HTTP/1.1" 304 0
[2023-01-11 11:57:37,703] [basehttp.py:154] [basehttp:log_message] [INFO]- "GET /index/ HTTP/1.1" 200 47664
[2023-01-11 11:57:37,723] [basehttp.py:154] [basehttp:log_message] [INFO]- "GET /static/src/index.jpg HTTP/1.1" 304 0
[2023-01-11 11:57:37,723] [basehttp.py:154] [basehttp:log_message] [INFO]- "GET /static/src/5.jpg HTTP/1.1" 304 0
[2023-01-11 11:57:37,749] [basehttp.py:154] [basehttp:log_message] [INFO]- "GET /static/src/9.jfif HTTP/1.1" 304 0
[2023-01-11 11:57:37,770] [basehttp.py:154] [basehttp:log_message] [INFO]- "GET /static/src/7.jpg HTTP/1.1" 304 0
[2023-01-11 11:57:37,771] [basehttp.py:154] [basehttp:log_message] [INFO]- "GET /static/src/timg3.jfif HTTP/1.1" 304 0
[2023-01-11 11:57:37,968] [basehttp.py:154] [basehttp:log_message] [INFO]- "GET /static/src/4.jpg HTTP/1.1" 304 0
[2023-01-11 11:57:37,969] [basehttp.py:154] [basehttp:log_message] [INFO]- "GET /static/src/3.jpg HTTP/1.1" 304 0
[2023-01-11 11:57:37,980] [basehttp.py:154] [basehttp:log_message] [INFO]- "GET /static/src/8.jpg HTTP/1.1" 304 0
[2023-01-11 11:57:38,002] [basehttp.py:154] [basehttp:log_message] [INFO]- "GET /static/fonts/fontawesome-webfont.woff2?v=4.7.0 HTTP/1.1" 304 0
[2023-01-11 11:57:38,003] [basehttp.py:154] [basehttp:log_message] [INFO]- "GET /static/css/admin/assets/fonts/themify.woff?-fvbane HTTP/1.1" 304 0
[2023-01-11 11:57:38,004] [basehttp.py:154] [basehttp:log_message] [INFO]- "GET /static/node_modules/bootstrap-icons/font/fonts/bootstrap-icons.woff2?30af91bf14e37666a085fb8a161ff36d HTTP/1.1" 304 0
[2023-01-11 11:57:38,034] [basehttp.py:154] [basehttp:log_message] [INFO]- "GET /static/src/6.jpg HTTP/1.1" 304 0
[2023-01-11 11:57:38,037] [basehttp.py:154] [basehttp:log_message] [INFO]- "GET /static/src/10.jpg HTTP/1.1" 304 0
[2023-01-11 11:57:38,042] [basehttp.py:154] [basehttp:log_message] [INFO]- "GET /static/src/2.jpg HTTP/1.1" 304 0
[2023-01-11 11:57:38,057] [basehttp.py:154] [basehttp:log_message] [INFO]- "GET /static/src/gallery_05.jpg HTTP/1.1" 304 0
[2023-01-11 11:57:38,057] [basehttp.py:154] [basehttp:log_message] [INFO]- "GET /static/src/timg.jfif HTTP/1.1" 304 0
[2023-01-11 11:57:38,058] [basehttp.py:154] [basehttp:log_message] [INFO]- "GET /static/src/1.jpg HTTP/1.1" 304 0
[2023-01-11 11:57:38,095] [basehttp.py:154] [basehttp:log_message] [INFO]- "GET /static/js/lib/sparklinechart/jquery.sparkline.min.js HTTP/1.1" 304 0
[2023-01-11 11:57:38,220] [basehttp.py:154] [basehttp:log_message] [INFO]- "GET /static/js/lib/sparklinechart/sparkline.init.js HTTP/1.1" 304 0
[2023-01-11 11:57:38,234] [basehttp.py:154] [basehttp:log_message] [INFO]- "GET /static/js/lib/owl-carousel/owl.carousel.min.js HTTP/1.1" 304 0
[2023-01-11 11:57:38,235] [basehttp.py:154] [basehttp:log_message] [INFO]- "GET /static/js/lib/owl-carousel/owl.carousel-init.js HTTP/1.1" 304 0
[2023-01-11 11:57:38,246] [basehttp.py:154] [basehttp:log_message] [INFO]- "GET /static/js/date.js HTTP/1.1" 304 0
[2023-01-11 11:57:38,259] [basehttp.py:154] [basehttp:log_message] [INFO]- "GET /static/js/datapicker.js HTTP/1.1" 304 0
[2023-01-11 11:57:38,261] [basehttp.py:154] [basehttp:log_message] [INFO]- "GET /static/vendor/datatables/jquery.dataTables.js HTTP/1.1" 304 0
[2023-01-11 11:57:38,280] [basehttp.py:154] [basehttp:log_message] [INFO]- "GET /static/css/admin/assets/fonts/themify.ttf?-fvbane HTTP/1.1" 304 0
[2023-01-11 11:57:38,322] [basehttp.py:154] [basehttp:log_message] [INFO]- "GET /static/js/xlsx/xlsx.core.min.js HTTP/1.1" 304 0
[2023-01-11 11:57:38,322] [basehttp.py:154] [basehttp:log_message] [INFO]- "GET /static/js/lib/calendar-2/semantic.ui.min.js HTTP/1.1" 304 0
[2023-01-11 11:57:38,324] [basehttp.py:154] [basehttp:log_message] [INFO]- "GET /static/js/es6/polyfill.min.js HTTP/1.1" 304 0
[2023-01-11 11:57:38,325] [basehttp.py:154] [basehttp:log_message] [INFO]- "GET /static/js/lib/calendar-2/prism.min.js HTTP/1.1" 304 0
[2023-01-11 11:57:38,327] [basehttp.py:154] [basehttp:log_message] [INFO]- "GET /static/js/es6/babel.min.js HTTP/1.1" 304 0
[2023-01-11 11:57:38,396] [basehttp.py:154] [basehttp:log_message] [INFO]- "GET /static/js/axios.min.js HTTP/1.1" 304 0
[2023-01-11 11:57:38,403] [basehttp.py:154] [basehttp:log_message] [INFO]- "GET /static/js/vue.min.js HTTP/1.1" 304 0
[2023-01-11 11:57:38,408] [basehttp.py:154] [basehttp:log_message] [INFO]- "GET /static/fonts/themify.woff?-fvbane HTTP/1.1" 304 0
[2023-01-11 11:57:38,441] [basehttp.py:154] [basehttp:log_message] [INFO]- "GET /static/js/qs.js HTTP/1.1" 304 0
[2023-01-11 11:57:38,461] [basehttp.py:154] [basehttp:log_message] [INFO]- "GET /static/js/Element/main.js HTTP/1.1" 304 0
[2023-01-11 11:57:38,461] [basehttp.py:154] [basehttp:log_message] [INFO]- "GET /static/js/Element/table.js HTTP/1.1" 304 0
[2023-01-11 11:57:38,464] [basehttp.py:154] [basehttp:log_message] [INFO]- "GET /static/js/Element/input.js HTTP/1.1" 304 0
[2023-01-11 11:57:38,472] [basehttp.py:154] [basehttp:log_message] [INFO]- "GET /static/js/Element/table-column.js HTTP/1.1" 304 0
[2023-01-11 11:57:38,525] [basehttp.py:154] [basehttp:log_message] [INFO]- "GET /static/js/Element/icon.js HTTP/1.1" 304 0
[2023-01-11 11:57:38,530] [basehttp.py:154] [basehttp:log_message] [INFO]- "GET /static/js/Element/index.js HTTP/1.1" 304 0
[2023-01-11 11:57:38,586] [basehttp.py:154] [basehttp:log_message] [INFO]- "GET /static/js/Element/message.js HTTP/1.1" 304 0
[2023-01-11 11:57:38,588] [basehttp.py:154] [basehttp:log_message] [INFO]- "GET /static/js/Element/image.js HTTP/1.1" 304 0
[2023-01-11 11:57:38,588] [basehttp.py:154] [basehttp:log_message] [INFO]- "GET /static/js/xlsx/xlsx.js HTTP/1.1" 304 0
[2023-01-11 11:57:38,591] [basehttp.py:154] [basehttp:log_message] [INFO]- "GET /static/src/back/001.png HTTP/1.1" 304 0
[2023-01-11 11:57:38,611] [basehttp.py:154] [basehttp:log_message] [INFO]- "GET /static/src/back/mail.png HTTP/1.1" 304 0
[2023-01-11 11:57:38,628] [basehttp.py:154] [basehttp:log_message] [INFO]- "GET /static/src/back/call.png HTTP/1.1" 304 0
[2023-01-11 11:57:39,718] [basehttp.py:154] [basehttp:log_message] [INFO]- "GET /favicon.ico HTTP/1.1" 200 22933
[2023-01-11 11:57:48,107] [basehttp.py:154] [basehttp:log_message] [INFO]- "GET /admin/ HTTP/1.1" 302 0
[2023-01-11 11:57:48,153] [basehttp.py:154] [basehttp:log_message] [INFO]- "GET /admin/login/?next=/admin/ HTTP/1.1" 200 4026
[2023-01-11 11:57:48,192] [basehttp.py:154] [basehttp:log_message] [INFO]- "GET /static/admin/simpleui-x/css/login.css?_=2.1 HTTP/1.1" 200 500
[2023-01-11 11:57:48,194] [basehttp.py:154] [basehttp:log_message] [INFO]- "GET /static/admin/simpleui-x/fontawesome-free-5.8.1-web/css/all.min.css HTTP/1.1" 200 55111
[2023-01-11 11:57:48,197] [basehttp.py:154] [basehttp:log_message] [INFO]- "GET /static/admin/simpleui-x/js/vue.min.js?_=2022.4.9 HTTP/1.1" 200 93675
[2023-01-11 11:57:48,198] [basehttp.py:154] [basehttp:log_message] [INFO]- "GET /static/admin/simpleui-x/js/login.js?_=3.3 HTTP/1.1" 200 669
[2023-01-11 11:57:48,199] [basehttp.py:154] [basehttp:log_message] [INFO]- "GET /static/admin/simpleui-x/elementui/theme-chalk/index.css HTTP/1.1" 200 238628
[2023-01-11 11:57:48,200] [basehttp.py:154] [basehttp:log_message] [INFO]- "GET /static/admin/simpleui-x/elementui/index.js?_=2022.4.9 HTTP/1.1" 200 586253
[2023-01-11 11:57:48,221] [basehttp.py:154] [basehttp:log_message] [INFO]- "GET /static/admin/simpleui-x/particles/particles.js HTTP/1.1" 200 51264
[2023-01-11 11:57:48,226] [basehttp.py:154] [basehttp:log_message] [INFO]- "GET /static/admin/simpleui-x/particles/app.js HTTP/1.1" 200 3728
[2023-01-11 11:57:48,229] [basehttp.py:154] [basehttp:log_message] [INFO]- "GET /static/admin/simpleui-x/img/logo.png HTTP/1.1" 200 115997
[2023-01-11 11:57:48,257] [basehttp.py:154] [basehttp:log_message] [INFO]- "GET /static/admin/simpleui-x/img/bg.svg HTTP/1.1" 200 9547
[2023-01-11 11:57:48,601] [basehttp.py:154] [basehttp:log_message] [INFO]- "GET /static/admin/simpleui-x/fontawesome-free-5.8.1-web/webfonts/fa-solid-900.woff2 HTTP/1.1" 200 74256
[2023-01-11 11:57:49,022] [basehttp.py:154] [basehttp:log_message] [INFO]- "GET /favicon.ico HTTP/1.1" 200 22933
[2023-01-11 11:57:49,706] [basehttp.py:154] [basehttp:log_message] [INFO]- "GET /static/admin/simpleui-x/elementui/theme-chalk/fonts/element-icons.woff HTTP/1.1" 200 28200
[2023-01-11 11:57:52,091] [UserIP.py:90] [UserIP:process_response] [INFO]- 2023-01-11 11:57:52 C1010S3>Edwin None>LAPTOP-1EJQO0D7>311 127.0.0.1 127.0.0.1 /admin/login/ POST
[2023-01-11 11:57:52,117] [basehttp.py:154] [basehttp:log_message] [INFO]- "POST /admin/login/?next=/admin/ HTTP/1.1" 302 0
[2023-01-11 11:57:54,969] [basehttp.py:154] [basehttp:log_message] [INFO]- "GET /admin/ HTTP/1.1" 200 42060
[2023-01-11 11:57:55,217] [basehttp.py:154] [basehttp:log_message] [INFO]- "GET /static/admin/simpleui-x/css/index.css?_=3.2 HTTP/1.1" 200 6608
[2023-01-11 11:57:55,247] [basehttp.py:154] [basehttp:log_message] [INFO]- "GET /static/admin/simpleui-x/waves/waves.min.css?_=2.1 HTTP/1.1" 200 3861
[2023-01-11 11:57:55,247] [basehttp.py:154] [basehttp:log_message] [INFO]- "GET /static/admin/simpleui-x/automatic/dicts.js?_=2022.4.9 HTTP/1.1" 200 6292
[2023-01-11 11:57:55,264] [basehttp.py:154] [basehttp:log_message] [INFO]- "GET /static/admin/simpleui-x/automatic/segment.js?_=2022.4.9 HTTP/1.1" 200 1186
[2023-01-11 11:57:55,270] [basehttp.py:154] [basehttp:log_message] [INFO]- "GET /static/admin/simpleui-x/locale/en-us.js?_=2022.4.9 HTTP/1.1" 200 811
[2023-01-11 11:57:55,306] [basehttp.py:154] [basehttp:log_message] [INFO]- "GET /static/admin/simpleui-x/js/cookie.js?_=2022.4.9 HTTP/1.1" 200 524
[2023-01-11 11:57:55,307] [basehttp.py:154] [basehttp:log_message] [INFO]- "GET /static/admin/simpleui-x/locale/zh-hans.js?_=2022.4.9 HTTP/1.1" 200 1254
[2023-01-11 11:57:55,382] [basehttp.py:154] [basehttp:log_message] [INFO]- "GET /static/admin/simpleui-x/theme/theme.js?_=2022.4.9 HTTP/1.1" 200 4274
[2023-01-11 11:57:55,399] [basehttp.py:154] [basehttp:log_message] [INFO]- "GET /static/admin/simpleui-x/waves/waves.min.js?_=2022.4.9 HTTP/1.1" 200 6329
[2023-01-11 11:57:55,432] [basehttp.py:154] [basehttp:log_message] [INFO]- "GET /static/admin/simpleui-x/js/menu.js?_=2022.4.9 HTTP/1.1" 200 1189
[2023-01-11 11:57:55,434] [basehttp.py:154] [basehttp:log_message] [INFO]- "GET /static/admin/simpleui-x/js/index.js?_=2022.4.9 HTTP/1.1" 200 21291
[2023-01-11 11:57:55,940] [basehttp.py:154] [basehttp:log_message] [INFO]- "GET /static/admin/simpleui-x/fontawesome-free-5.8.1-web/webfonts/fa-brands-400.woff2 HTTP/1.1" 200 74768
[2023-01-11 11:57:55,940] [basehttp.py:154] [basehttp:log_message] [INFO]- "GET /static/admin/simpleui-x/fontawesome-free-5.8.1-web/webfonts/fa-regular-400.woff2 HTTP/1.1" 200 13552
[2023-01-11 11:57:56,017] [basehttp.py:154] [basehttp:log_message] [INFO]- "GET /favicon.ico HTTP/1.1" 200 22933
[2023-01-11 11:58:02,662] [basehttp.py:154] [basehttp:log_message] [INFO]- "GET /favicon.ico HTTP/1.1" 200 22933
[2023-01-11 11:58:03,078] [basehttp.py:154] [basehttp:log_message] [INFO]- "GET /admin/app01/userinfo/ HTTP/1.1" 200 113213
[2023-01-11 11:58:03,109] [basehttp.py:154] [basehttp:log_message] [INFO]- "GET /static/admin/css/base.css?_=2.7 HTTP/1.1" 200 17208
[2023-01-11 11:58:03,113] [basehttp.py:154] [basehttp:log_message] [INFO]- "GET /static/admin/simpleui-x/css/base.css?_=2.7 HTTP/1.1" 200 4160
[2023-01-11 11:58:03,114] [basehttp.py:154] [basehttp:log_message] [INFO]- "GET /static/admin/simpleui-x/theme/simpleui.css HTTP/1.1" 200 4270
[2023-01-11 11:58:03,117] [basehttp.py:154] [basehttp:log_message] [INFO]- "GET /static/admin/simpleui-x/js/language.js?_=2.1.2 HTTP/1.1" 200 189
[2023-01-11 11:58:03,118] [basehttp.py:154] [basehttp:log_message] [INFO]- "GET /static/admin/simpleui-x/locale/en-us.js?_=2.1.2 HTTP/1.1" 200 811
[2023-01-11 11:58:03,124] [basehttp.py:154] [basehttp:log_message] [INFO]- "GET /static/admin/simpleui-x/locale/zh-hans.js HTTP/1.1" 200 1254
[2023-01-11 11:58:03,148] [basehttp.py:154] [basehttp:log_message] [INFO]- "GET /static/admin/simpleui-x/js/cookie.js HTTP/1.1" 200 524
[2023-01-11 11:58:03,149] [basehttp.py:154] [basehttp:log_message] [INFO]- "GET /static/admin/css/changelists.css?_=20180905 HTTP/1.1" 200 6514
[2023-01-11 11:58:03,150] [basehttp.py:154] [basehttp:log_message] [INFO]- "GET /static/admin/css/responsive.css?_=20180905 HTTP/1.1" 200 18970
[2023-01-11 11:58:03,151] [basehttp.py:154] [basehttp:log_message] [INFO]- "GET /static/admin/js/jquery.init.js HTTP/1.1" 200 371
[2023-01-11 11:58:03,152] [basehttp.py:154] [basehttp:log_message] [INFO]- "GET /static/admin/js/vendor/jquery/jquery.js HTTP/1.1" 200 282115
[2023-01-11 11:58:03,181] [basehttp.py:154] [basehttp:log_message] [INFO]- "GET /static/admin/css/fonts.css HTTP/1.1" 200 443
[2023-01-11 11:58:03,183] [basehttp.py:154] [basehttp:log_message] [INFO]- "GET /static/admin/js/admin/RelatedObjectLookups.js HTTP/1.1" 200 7099
[2023-01-11 11:58:03,188] [basehttp.py:154] [basehttp:log_message] [INFO]- "GET /static/admin/js/actions.js HTTP/1.1" 200 6691
[2023-01-11 11:58:03,198] [basehttp.py:154] [basehttp:log_message] [INFO]- "GET /admin/jsi18n/ HTTP/1.1" 200 7684
[2023-01-11 11:58:03,204] [basehttp.py:154] [basehttp:log_message] [INFO]- "GET /static/admin/js/core.js HTTP/1.1" 200 7347
[2023-01-11 11:58:03,242] [basehttp.py:154] [basehttp:log_message] [INFO]- "GET /static/admin/js/urlify.js HTTP/1.1" 200 9167
[2023-01-11 11:58:03,245] [basehttp.py:154] [basehttp:log_message] [INFO]- "GET /static/admin/js/prepopulate.js HTTP/1.1" 200 1572
[2023-01-11 11:58:03,253] [basehttp.py:154] [basehttp:log_message] [INFO]- "GET /static/admin/js/vendor/xregexp/xregexp.js HTTP/1.1" 200 131128
[2023-01-11 11:58:03,271] [basehttp.py:154] [basehttp:log_message] [INFO]- "GET /static/admin/js/vendor/jquery/jquery.min.js HTTP/1.1" 200 86929
[2023-01-11 11:58:03,271] [basehttp.py:154] [basehttp:log_message] [INFO]- "GET /static/admin/simpleui-x/automatic/dicts.js HTTP/1.1" 200 6292
[2023-01-11 11:58:03,282] [basehttp.py:154] [basehttp:log_message] [INFO]- "GET /static/admin/simpleui-x/automatic/segment.js HTTP/1.1" 200 1186
[2023-01-11 11:58:03,303] [basehttp.py:154] [basehttp:log_message] [INFO]- "GET /static/admin/simpleui-x/js/axios.min.js HTTP/1.1" 200 14237
[2023-01-11 11:58:03,418] [basehttp.py:154] [basehttp:log_message] [INFO]- "GET /static/admin/fonts/Roboto-Regular-webfont.woff HTTP/1.1" 200 80304
[2023-01-11 11:58:03,440] [basehttp.py:154] [basehttp:log_message] [INFO]- "GET /static/admin/img/sorting-icons.svg HTTP/1.1" 200 1116
[2023-01-11 11:58:03,499] [basehttp.py:154] [basehttp:log_message] [INFO]- "GET /static/admin/fonts/Roboto-Bold-webfont.woff HTTP/1.1" 200 82564
[2023-01-11 11:58:03,500] [basehttp.py:154] [basehttp:log_message] [INFO]- "GET /static/admin/fonts/Roboto-Light-webfont.woff HTTP/1.1" 200 81348
[2023-01-11 11:58:09,945] [basehttp.py:154] [basehttp:log_message] [INFO]- "GET /admin/app01/userinfo/25/change/ HTTP/1.1" 200 20844
[2023-01-11 11:58:09,976] [basehttp.py:154] [basehttp:log_message] [INFO]- "GET /static/admin/js/SelectBox.js HTTP/1.1" 200 5899
[2023-01-11 11:58:09,978] [basehttp.py:154] [basehttp:log_message] [INFO]- "GET /static/admin/css/forms.css HTTP/1.1" 200 9037
[2023-01-11 11:58:09,983] [basehttp.py:154] [basehttp:log_message] [INFO]- "GET /static/admin/js/SelectFilter2.js HTTP/1.1" 200 12964
[2023-01-11 11:58:10,011] [basehttp.py:154] [basehttp:log_message] [INFO]- "GET /static/admin/js/change_form.js HTTP/1.1" 200 732
[2023-01-11 11:58:10,034] [basehttp.py:154] [basehttp:log_message] [INFO]- "GET /static/admin/css/widgets.css HTTP/1.1" 200 10905
[2023-01-11 11:58:10,037] [basehttp.py:154] [basehttp:log_message] [INFO]- "GET /admin/jsi18n/ HTTP/1.1" 200 7684
[2023-01-11 11:58:10,044] [basehttp.py:154] [basehttp:log_message] [INFO]- "GET /static/admin/js/prepopulate_init.js HTTP/1.1" 200 505
[2023-01-11 11:58:10,050] [basehttp.py:154] [basehttp:log_message] [INFO]- "GET /static/admin/img/icon-addlink.svg HTTP/1.1" 200 334
[2023-01-11 11:58:10,145] [basehttp.py:154] [basehttp:log_message] [INFO]- "GET /static/admin/img/icon-unknown.svg HTTP/1.1" 200 658
[2023-01-11 11:58:10,146] [basehttp.py:154] [basehttp:log_message] [INFO]- "GET /static/admin/img/selector-icons.svg HTTP/1.1" 200 3325
[2023-01-11 11:58:10,146] [basehttp.py:154] [basehttp:log_message] [INFO]- "GET /static/admin/img/icon-unknown-alt.svg HTTP/1.1" 200 658
[2023-01-11 11:58:10,146] [basehttp.py:154] [basehttp:log_message] [INFO]- "GET /static/admin/img/search.svg HTTP/1.1" 200 461
[2023-01-11 11:59:02,836] [UserIP.py:90] [UserIP:process_response] [INFO]- 2023-01-11 11:59:02 C1010S3>Edwin None>LAPTOP-1EJQO0D7>311 127.0.0.1 127.0.0.1 /admin/app01/userinfo/25/change/ POST
[2023-01-11 11:59:02,850] [basehttp.py:154] [basehttp:log_message] [INFO]- "POST /admin/app01/userinfo/25/change/ HTTP/1.1" 302 0
[2023-01-11 11:59:03,263] [basehttp.py:154] [basehttp:log_message] [INFO]- "GET /admin/app01/userinfo/ HTTP/1.1" 200 113342
[2023-01-11 11:59:03,306] [basehttp.py:154] [basehttp:log_message] [INFO]- "GET /admin/jsi18n/ HTTP/1.1" 200 7684
[2023-01-11 11:59:10,391] [basehttp.py:154] [basehttp:log_message] [INFO]- "GET /favicon.ico HTTP/1.1" 200 22933
[2023-01-11 11:59:10,734] [basehttp.py:154] [basehttp:log_message] [INFO]- "GET /admin/CQM/cqmproject/ HTTP/1.1" 200 68776
[2023-01-11 11:59:10,794] [basehttp.py:154] [basehttp:log_message] [INFO]- "GET /admin/jsi18n/ HTTP/1.1" 200 7684
[2023-01-11 11:59:17,445] [basehttp.py:154] [basehttp:log_message] [INFO]- "GET /admin/CQM/cqmproject/53/change/ HTTP/1.1" 200 22461
[2023-01-11 11:59:17,501] [basehttp.py:154] [basehttp:log_message] [INFO]- "GET /admin/jsi18n/ HTTP/1.1" 200 7684
[2023-01-11 11:59:22,647] [UserIP.py:90] [UserIP:process_response] [INFO]- 2023-01-11 11:59:22 C1010S3>Edwin None>LAPTOP-1EJQO0D7>311 127.0.0.1 127.0.0.1 /admin/CQM/cqmproject/53/change/ POST
[2023-01-11 11:59:22,665] [basehttp.py:154] [basehttp:log_message] [INFO]- "POST /admin/CQM/cqmproject/53/change/ HTTP/1.1" 302 0
[2023-01-11 11:59:23,056] [basehttp.py:154] [basehttp:log_message] [INFO]- "GET /admin/CQM/cqmproject/ HTTP/1.1" 200 68912
[2023-01-11 11:59:23,127] [basehttp.py:154] [basehttp:log_message] [INFO]- "GET /admin/jsi18n/ HTTP/1.1" 200 7684
[2023-01-11 11:59:28,204] [basehttp.py:154] [basehttp:log_message] [INFO]- "GET / HTTP/1.1" 200 22933
[2023-01-11 11:59:28,294] [basehttp.py:154] [basehttp:log_message] [INFO]- "GET /static/src/blue.jpg HTTP/1.1" 304 0
[2023-01-11 11:59:28,523] [basehttp.py:154] [basehttp:log_message] [INFO]- "GET /favicon.ico HTTP/1.1" 200 22933
[2023-01-11 11:59:38,986] [basehttp.py:154] [basehttp:log_message] [INFO]- "GET /logout/ HTTP/1.1" 302 0
[2023-01-11 11:59:38,989] [basehttp.py:154] [basehttp:log_message] [INFO]- "GET /login/ HTTP/1.1" 200 4677
[2023-01-11 11:59:39,089] [basehttp.py:154] [basehttp:log_message] [INFO]- "GET /favicon.ico HTTP/1.1" 302 0
[2023-01-11 11:59:39,179] [basehttp.py:154] [basehttp:log_message] [INFO]- "GET /login/ HTTP/1.1" 200 4677
[2023-01-11 11:59:45,497] [basehttp.py:154] [basehttp:log_message] [INFO]- "GET /favicon.ico HTTP/1.1" 302 0
[2023-01-11 11:59:45,502] [basehttp.py:154] [basehttp:log_message] [INFO]- "GET /login/ HTTP/1.1" 200 4677
[2023-01-11 11:59:56,577] [UserIP.py:90] [UserIP:process_response] [INFO]- 2023-01-11 11:59:56 20564439>Chen. Lux None>LAPTOP-1EJQO0D7>311 127.0.0.1 127.0.0.1 /login/ POST
[2023-01-11 11:59:56,595] [basehttp.py:154] [basehttp:log_message] [INFO]- "POST /login/ HTTP/1.1" 302 0
[2023-01-11 11:59:56,713] [basehttp.py:154] [basehttp:log_message] [INFO]- "GET /index/ HTTP/1.1" 200 47668
[2023-01-11 11:59:56,900] [basehttp.py:154] [basehttp:log_message] [INFO]- "GET /index/ HTTP/1.1" 200 47668
[2023-01-11 11:59:57,567] [basehttp.py:154] [basehttp:log_message] [INFO]- "GET /favicon.ico HTTP/1.1" 200 22941
[2023-01-11 12:00:01,594] [basehttp.py:154] [basehttp:log_message] [INFO]- "GET /CQM/CQM_search/ HTTP/1.1" 200 51638
[2023-01-11 12:00:01,652] [basehttp.py:154] [basehttp:log_message] [INFO]- "GET /static/css/index.css HTTP/1.1" 304 0
[2023-01-11 12:00:01,837] [basehttp.py:154] [basehttp:log_message] [INFO]- "GET /static/js/xlsx/FileSaver.min.js HTTP/1.1" 304 0
[2023-01-11 12:00:01,838] [basehttp.py:154] [basehttp:log_message] [INFO]- "GET /static/src/cqmspec.png HTTP/1.1" 200 9675
[2023-01-11 12:00:02,392] [UserIP.py:90] [UserIP:process_response] [INFO]- 2023-01-11 12:00:02 20564439>Chen. Lux None>LAPTOP-1EJQO0D7>311 127.0.0.1 127.0.0.1 /CQM/CQM_search/ POST
[2023-01-11 12:00:02,423] [basehttp.py:154] [basehttp:log_message] [INFO]- "POST /CQM/CQM_search/ HTTP/1.1" 200 35932
[2023-01-11 12:00:02,511] [basehttp.py:154] [basehttp:log_message] [INFO]- "GET /static/css/fonts/element-icons.woff HTTP/1.1" 304 0
[2023-01-11 12:00:02,563] [basehttp.py:154] [basehttp:log_message] [INFO]- "GET /favicon.ico HTTP/1.1" 200 22941
[2023-01-11 12:00:05,163] [basehttp.py:154] [basehttp:log_message] [INFO]- "GET /CQM/CQM_edit/ HTTP/1.1" 200 64849
[2023-01-11 12:00:05,721] [UserIP.py:90] [UserIP:process_response] [INFO]- 2023-01-11 12:00:05 20564439>Chen. Lux None>LAPTOP-1EJQO0D7>311 127.0.0.1 127.0.0.1 /CQM/CQM_edit/ POST
[2023-01-11 12:00:05,819] [basehttp.py:154] [basehttp:log_message] [INFO]- "POST /CQM/CQM_edit/ HTTP/1.1" 200 147
[2023-01-11 12:00:05,831] [basehttp.py:154] [basehttp:log_message] [INFO]- "GET /favicon.ico HTTP/1.1" 200 22941
[2023-01-11 12:00:10,490] [UserIP.py:90] [UserIP:process_response] [INFO]- 2023-01-11 12:00:10 20564439>Chen. Lux None>LAPTOP-1EJQO0D7>311 127.0.0.1 127.0.0.1 /CQM/CQM_edit/ POST
[2023-01-11 12:00:10,497] [basehttp.py:154] [basehttp:log_message] [INFO]- "POST /CQM/CQM_edit/ HTTP/1.1" 200 31355
[2023-01-11 12:00:19,912] [UserIP.py:90] [UserIP:process_response] [INFO]- 2023-01-11 12:00:19 20564439>Chen. Lux None>LAPTOP-1EJQO0D7>311 127.0.0.1 127.0.0.1 /CQM/CQM_edit/ POST
[2023-01-11 12:00:19,933] [basehttp.py:154] [basehttp:log_message] [INFO]- "POST /CQM/CQM_edit/ HTTP/1.1" 200 704
