[2023-06-15 10:16:26,165] [basehttp.py:154] [basehttp:log_message] [INFO]- "GET / HTTP/1.1" 302 0
[2023-06-15 10:16:26,172] [basehttp.py:154] [basehttp:log_message] [INFO]- "GET /login/ HTTP/1.1" 200 4677
[2023-06-15 10:16:26,281] [basehttp.py:154] [basehttp:log_message] [INFO]- "GET /favicon.ico HTTP/1.1" 302 0
[2023-06-15 10:16:26,284] [basehttp.py:154] [basehttp:log_message] [INFO]- "GET /login/ HTTP/1.1" 200 4677
[2023-06-15 10:16:30,620] [basehttp.py:154] [basehttp:log_message] [INFO]- "GET /admin/ HTTP/1.1" 302 0
[2023-06-15 10:16:30,661] [basehttp.py:154] [basehttp:log_message] [INFO]- "GET /admin/login/?next=/admin/ HTTP/1.1" 200 4026
[2023-06-15 10:16:30,858] [basehttp.py:154] [basehttp:log_message] [INFO]- "GET /favicon.ico HTTP/1.1" 200 22870
[2023-06-15 10:16:34,317] [UserIP.py:90] [UserIP:process_response] [INFO]- 2023-06-15 10:16:34 C1010S3>Edwin None>LAPTOP-EJP4HNEV>543 127.0.0.1 127.0.0.1 /admin/login/ POST
[2023-06-15 10:16:34,326] [basehttp.py:154] [basehttp:log_message] [INFO]- "POST /admin/login/?next=/admin/ HTTP/1.1" 302 0
[2023-06-15 10:16:35,186] [basehttp.py:154] [basehttp:log_message] [INFO]- "GET /admin/ HTTP/1.1" 200 42147
[2023-06-15 10:16:35,203] [basehttp.py:154] [basehttp:log_message] [INFO]- "GET /static/admin/simpleui-x/js/index.js?_=2022.4.9 HTTP/1.1" 304 0
[2023-06-15 10:16:35,245] [basehttp.py:154] [basehttp:log_message] [INFO]- "GET /static/admin/simpleui-x/css/index.css.map HTTP/1.1" 200 3250
[2023-06-15 10:16:35,283] [basehttp.py:154] [basehttp:log_message] [INFO]- "GET /static/admin/simpleui-x/waves/waves.min.js.map HTTP/1.1" 200 9739
[2023-06-15 10:16:35,383] [basehttp.py:154] [basehttp:log_message] [INFO]- "GET /favicon.ico HTTP/1.1" 200 22870
[2023-06-15 10:16:38,496] [basehttp.py:154] [basehttp:log_message] [INFO]- "GET /favicon.ico HTTP/1.1" 200 22870
[2023-06-15 10:16:38,535] [basehttp.py:154] [basehttp:log_message] [INFO]- "GET /admin/app01/role/ HTTP/1.1" 200 41099
[2023-06-15 10:16:38,560] [basehttp.py:154] [basehttp:log_message] [INFO]- "GET /admin/jsi18n/ HTTP/1.1" 200 7684
[2023-06-15 10:16:38,635] [basehttp.py:154] [basehttp:log_message] [INFO]- "GET /static/admin/simpleui-x/theme/simpleui.css.map HTTP/1.1" 200 1935
[2023-06-15 10:16:38,703] [basehttp.py:154] [basehttp:log_message] [INFO]- "GET /static/admin/simpleui-x/js/axios.min.map HTTP/1.1" 200 117473
[2023-06-15 10:17:07,282] [basehttp.py:154] [basehttp:log_message] [INFO]- "GET /admin/ HTTP/1.1" 200 42147
[2023-06-15 10:17:08,055] [basehttp.py:154] [basehttp:log_message] [INFO]- "GET /admin/app01/role/ HTTP/1.1" 200 41099
[2023-06-15 10:17:08,141] [basehttp.py:154] [basehttp:log_message] [INFO]- "GET /admin/jsi18n/ HTTP/1.1" 200 7684
[2023-06-15 10:17:08,870] [basehttp.py:154] [basehttp:log_message] [INFO]- "GET /favicon.ico HTTP/1.1" 200 22870
[2023-06-15 10:17:20,129] [log.py:228] [log:log_response] [ERROR]- Internal Server Error: /admin/app01/role/21/change/
Traceback (most recent call last):
  File "C:\Python372\mecheck\lib\site-packages\django\contrib\admin\options.py", line 703, in get_form
    return modelform_factory(self.model, **defaults)
  File "C:\Python372\mecheck\lib\site-packages\django\forms\models.py", line 551, in modelform_factory
    return type(form)(class_name, (form,), form_class_attrs)
  File "C:\Python372\mecheck\lib\site-packages\django\forms\models.py", line 266, in __new__
    raise FieldError(message)
django.core.exceptions.FieldError: Unknown field(s) (show_users) specified for Role

During handling of the above exception, another exception occurred:

Traceback (most recent call last):
  File "C:\Python372\mecheck\lib\site-packages\django\core\handlers\exception.py", line 34, in inner
    response = get_response(request)
  File "C:\Python372\mecheck\lib\site-packages\django\core\handlers\base.py", line 126, in _get_response
    response = self.process_exception_by_middleware(e, request)
  File "C:\Python372\mecheck\lib\site-packages\django\core\handlers\base.py", line 124, in _get_response
    response = wrapped_callback(request, *callback_args, **callback_kwargs)
  File "C:\Python372\mecheck\lib\site-packages\django\contrib\admin\options.py", line 604, in wrapper
    return self.admin_site.admin_view(view)(*args, **kwargs)
  File "C:\Python372\mecheck\lib\site-packages\django\utils\decorators.py", line 142, in _wrapped_view
    response = view_func(request, *args, **kwargs)
  File "C:\Python372\mecheck\lib\site-packages\django\views\decorators\cache.py", line 44, in _wrapped_view_func
    response = view_func(request, *args, **kwargs)
  File "C:\Python372\mecheck\lib\site-packages\django\contrib\admin\sites.py", line 223, in inner
    return view(request, *args, **kwargs)
  File "C:\Python372\mecheck\lib\site-packages\django\contrib\admin\options.py", line 1640, in change_view
    return self.changeform_view(request, object_id, form_url, extra_context)
  File "C:\Python372\mecheck\lib\site-packages\django\utils\decorators.py", line 45, in _wrapper
    return bound_method(*args, **kwargs)
  File "C:\Python372\mecheck\lib\site-packages\django\utils\decorators.py", line 142, in _wrapped_view
    response = view_func(request, *args, **kwargs)
  File "C:\Python372\mecheck\lib\site-packages\django\contrib\admin\options.py", line 1525, in changeform_view
    return self._changeform_view(request, object_id, form_url, extra_context)
  File "C:\Python372\mecheck\lib\site-packages\django\contrib\admin\options.py", line 1554, in _changeform_view
    ModelForm = self.get_form(request, obj, change=not add)
  File "C:\Python372\mecheck\lib\site-packages\django\contrib\admin\options.py", line 707, in get_form
    % (e, self.__class__.__name__)
django.core.exceptions.FieldError: Unknown field(s) (show_users) specified for Role. Check fields/fieldsets/exclude attributes of class RoleAdmin.
[2023-06-15 10:17:20,132] [basehttp.py:154] [basehttp:log_message] [ERROR]- "GET /admin/app01/role/21/change/ HTTP/1.1" 500 142562
[2023-06-15 10:19:00,427] [basehttp.py:154] [basehttp:log_message] [INFO]- "GET /admin/app01/role/ HTTP/1.1" 200 41099
[2023-06-15 10:19:02,764] [basehttp.py:154] [basehttp:log_message] [INFO]- "GET /admin/ HTTP/1.1" 200 42147
[2023-06-15 10:19:03,137] [basehttp.py:154] [basehttp:log_message] [INFO]- "GET /admin/app01/role/ HTTP/1.1" 200 41099
[2023-06-15 10:19:03,198] [basehttp.py:154] [basehttp:log_message] [INFO]- "GET /admin/jsi18n/ HTTP/1.1" 200 7684
[2023-06-15 10:19:03,378] [basehttp.py:154] [basehttp:log_message] [INFO]- "GET /favicon.ico HTTP/1.1" 200 22870
[2023-06-15 10:19:05,225] [log.py:228] [log:log_response] [ERROR]- Internal Server Error: /admin/app01/role/21/change/
Traceback (most recent call last):
  File "C:\Python372\mecheck\lib\site-packages\django\contrib\admin\options.py", line 703, in get_form
    return modelform_factory(self.model, **defaults)
  File "C:\Python372\mecheck\lib\site-packages\django\forms\models.py", line 551, in modelform_factory
    return type(form)(class_name, (form,), form_class_attrs)
  File "C:\Python372\mecheck\lib\site-packages\django\forms\models.py", line 266, in __new__
    raise FieldError(message)
django.core.exceptions.FieldError: Unknown field(s) (show_users) specified for Role

During handling of the above exception, another exception occurred:

Traceback (most recent call last):
  File "C:\Python372\mecheck\lib\site-packages\django\core\handlers\exception.py", line 34, in inner
    response = get_response(request)
  File "C:\Python372\mecheck\lib\site-packages\django\core\handlers\base.py", line 126, in _get_response
    response = self.process_exception_by_middleware(e, request)
  File "C:\Python372\mecheck\lib\site-packages\django\core\handlers\base.py", line 124, in _get_response
    response = wrapped_callback(request, *callback_args, **callback_kwargs)
  File "C:\Python372\mecheck\lib\site-packages\django\contrib\admin\options.py", line 604, in wrapper
    return self.admin_site.admin_view(view)(*args, **kwargs)
  File "C:\Python372\mecheck\lib\site-packages\django\utils\decorators.py", line 142, in _wrapped_view
    response = view_func(request, *args, **kwargs)
  File "C:\Python372\mecheck\lib\site-packages\django\views\decorators\cache.py", line 44, in _wrapped_view_func
    response = view_func(request, *args, **kwargs)
  File "C:\Python372\mecheck\lib\site-packages\django\contrib\admin\sites.py", line 223, in inner
    return view(request, *args, **kwargs)
  File "C:\Python372\mecheck\lib\site-packages\django\contrib\admin\options.py", line 1640, in change_view
    return self.changeform_view(request, object_id, form_url, extra_context)
  File "C:\Python372\mecheck\lib\site-packages\django\utils\decorators.py", line 45, in _wrapper
    return bound_method(*args, **kwargs)
  File "C:\Python372\mecheck\lib\site-packages\django\utils\decorators.py", line 142, in _wrapped_view
    response = view_func(request, *args, **kwargs)
  File "C:\Python372\mecheck\lib\site-packages\django\contrib\admin\options.py", line 1525, in changeform_view
    return self._changeform_view(request, object_id, form_url, extra_context)
  File "C:\Python372\mecheck\lib\site-packages\django\contrib\admin\options.py", line 1554, in _changeform_view
    ModelForm = self.get_form(request, obj, change=not add)
  File "C:\Python372\mecheck\lib\site-packages\django\contrib\admin\options.py", line 707, in get_form
    % (e, self.__class__.__name__)
django.core.exceptions.FieldError: Unknown field(s) (show_users) specified for Role. Check fields/fieldsets/exclude attributes of class RoleAdmin.
[2023-06-15 10:19:05,238] [basehttp.py:154] [basehttp:log_message] [ERROR]- "GET /admin/app01/role/21/change/ HTTP/1.1" 500 142562
[2023-06-15 10:24:17,370] [basehttp.py:154] [basehttp:log_message] [INFO]- "GET /admin/app01/role/ HTTP/1.1" 200 41099
[2023-06-15 10:24:19,660] [basehttp.py:154] [basehttp:log_message] [INFO]- "GET /admin/ HTTP/1.1" 200 42147
[2023-06-15 10:24:19,840] [basehttp.py:154] [basehttp:log_message] [INFO]- "GET /admin/app01/role/ HTTP/1.1" 200 41099
[2023-06-15 10:24:19,878] [basehttp.py:154] [basehttp:log_message] [INFO]- "GET /admin/jsi18n/ HTTP/1.1" 200 7684
[2023-06-15 10:24:20,042] [basehttp.py:154] [basehttp:log_message] [INFO]- "GET /favicon.ico HTTP/1.1" 200 22870
[2023-06-15 10:24:22,047] [log.py:228] [log:log_response] [ERROR]- Internal Server Error: /admin/app01/role/21/change/
Traceback (most recent call last):
  File "C:\Python372\mecheck\lib\site-packages\django\contrib\admin\options.py", line 703, in get_form
    return modelform_factory(self.model, **defaults)
  File "C:\Python372\mecheck\lib\site-packages\django\forms\models.py", line 551, in modelform_factory
    return type(form)(class_name, (form,), form_class_attrs)
  File "C:\Python372\mecheck\lib\site-packages\django\forms\models.py", line 266, in __new__
    raise FieldError(message)
django.core.exceptions.FieldError: Unknown field(s) (show_users) specified for Role

During handling of the above exception, another exception occurred:

Traceback (most recent call last):
  File "C:\Python372\mecheck\lib\site-packages\django\core\handlers\exception.py", line 34, in inner
    response = get_response(request)
  File "C:\Python372\mecheck\lib\site-packages\django\core\handlers\base.py", line 126, in _get_response
    response = self.process_exception_by_middleware(e, request)
  File "C:\Python372\mecheck\lib\site-packages\django\core\handlers\base.py", line 124, in _get_response
    response = wrapped_callback(request, *callback_args, **callback_kwargs)
  File "C:\Python372\mecheck\lib\site-packages\django\contrib\admin\options.py", line 604, in wrapper
    return self.admin_site.admin_view(view)(*args, **kwargs)
  File "C:\Python372\mecheck\lib\site-packages\django\utils\decorators.py", line 142, in _wrapped_view
    response = view_func(request, *args, **kwargs)
  File "C:\Python372\mecheck\lib\site-packages\django\views\decorators\cache.py", line 44, in _wrapped_view_func
    response = view_func(request, *args, **kwargs)
  File "C:\Python372\mecheck\lib\site-packages\django\contrib\admin\sites.py", line 223, in inner
    return view(request, *args, **kwargs)
  File "C:\Python372\mecheck\lib\site-packages\django\contrib\admin\options.py", line 1640, in change_view
    return self.changeform_view(request, object_id, form_url, extra_context)
  File "C:\Python372\mecheck\lib\site-packages\django\utils\decorators.py", line 45, in _wrapper
    return bound_method(*args, **kwargs)
  File "C:\Python372\mecheck\lib\site-packages\django\utils\decorators.py", line 142, in _wrapped_view
    response = view_func(request, *args, **kwargs)
  File "C:\Python372\mecheck\lib\site-packages\django\contrib\admin\options.py", line 1525, in changeform_view
    return self._changeform_view(request, object_id, form_url, extra_context)
  File "C:\Python372\mecheck\lib\site-packages\django\contrib\admin\options.py", line 1554, in _changeform_view
    ModelForm = self.get_form(request, obj, change=not add)
  File "C:\Python372\mecheck\lib\site-packages\django\contrib\admin\options.py", line 707, in get_form
    % (e, self.__class__.__name__)
django.core.exceptions.FieldError: Unknown field(s) (show_users) specified for Role. Check fields/fieldsets/exclude attributes of class RoleAdmin.
[2023-06-15 10:24:22,063] [basehttp.py:154] [basehttp:log_message] [ERROR]- "GET /admin/app01/role/21/change/ HTTP/1.1" 500 142562
[2023-06-15 10:27:00,153] [basehttp.py:154] [basehttp:log_message] [INFO]- "GET /admin/app01/role/ HTTP/1.1" 200 41099
[2023-06-15 10:27:04,106] [basehttp.py:154] [basehttp:log_message] [INFO]- "GET /admin/ HTTP/1.1" 200 42147
[2023-06-15 10:27:04,506] [basehttp.py:154] [basehttp:log_message] [INFO]- "GET /admin/app01/role/ HTTP/1.1" 200 41099
[2023-06-15 10:27:04,564] [basehttp.py:154] [basehttp:log_message] [INFO]- "GET /admin/jsi18n/ HTTP/1.1" 200 7684
[2023-06-15 10:27:04,754] [basehttp.py:154] [basehttp:log_message] [INFO]- "GET /favicon.ico HTTP/1.1" 200 22870
[2023-06-15 10:27:06,645] [basehttp.py:154] [basehttp:log_message] [INFO]- "GET /admin/app01/role/23/change/ HTTP/1.1" 200 24386
[2023-06-15 10:27:06,657] [basehttp.py:154] [basehttp:log_message] [INFO]- "GET /static/admin/js/SelectFilter2.js HTTP/1.1" 304 0
[2023-06-15 10:27:06,663] [basehttp.py:154] [basehttp:log_message] [INFO]- "GET /static/admin/js/SelectBox.js HTTP/1.1" 304 0
[2023-06-15 10:27:06,679] [basehttp.py:154] [basehttp:log_message] [INFO]- "GET /admin/jsi18n/ HTTP/1.1" 200 7684
[2023-06-15 10:27:06,750] [basehttp.py:154] [basehttp:log_message] [INFO]- "GET /static/admin/img/icon-addlink.svg HTTP/1.1" 304 0
[2023-06-15 10:27:06,792] [basehttp.py:154] [basehttp:log_message] [INFO]- "GET /static/admin/img/search.svg HTTP/1.1" 304 0
[2023-06-15 10:27:06,793] [basehttp.py:154] [basehttp:log_message] [INFO]- "GET /static/admin/img/icon-unknown.svg HTTP/1.1" 304 0
[2023-06-15 10:27:06,793] [basehttp.py:154] [basehttp:log_message] [INFO]- "GET /static/admin/img/selector-icons.svg HTTP/1.1" 304 0
[2023-06-15 10:27:06,794] [basehttp.py:154] [basehttp:log_message] [INFO]- "GET /static/admin/img/icon-unknown-alt.svg HTTP/1.1" 304 0
[2023-06-15 10:27:08,946] [basehttp.py:154] [basehttp:log_message] [INFO]- "GET /admin/app01/role/ HTTP/1.1" 200 41099
[2023-06-15 10:49:02,355] [basehttp.py:154] [basehttp:log_message] [INFO]- "GET /admin/ HTTP/1.1" 200 42147
[2023-06-15 10:49:02,571] [basehttp.py:154] [basehttp:log_message] [INFO]- "GET /admin/app01/role/ HTTP/1.1" 200 41099
[2023-06-15 10:49:02,595] [basehttp.py:154] [basehttp:log_message] [INFO]- "GET /admin/jsi18n/ HTTP/1.1" 200 7684
[2023-06-15 10:49:02,740] [basehttp.py:154] [basehttp:log_message] [INFO]- "GET /favicon.ico HTTP/1.1" 200 22870
[2023-06-15 10:49:57,376] [basehttp.py:154] [basehttp:log_message] [INFO]- "GET /admin/ HTTP/1.1" 200 42147
[2023-06-15 10:49:57,617] [log.py:228] [log:log_response] [ERROR]- Internal Server Error: /admin/app01/role/
Traceback (most recent call last):
  File "C:\Python372\mecheck\lib\site-packages\django\db\models\options.py", line 564, in get_field
    return self.fields_map[field_name]
KeyError: 'show_users'

During handling of the above exception, another exception occurred:

Traceback (most recent call last):
  File "C:\Python372\mecheck\lib\site-packages\django\contrib\admin\utils.py", line 278, in lookup_field
    f = _get_non_gfk_field(opts, name)
  File "C:\Python372\mecheck\lib\site-packages\django\contrib\admin\utils.py", line 309, in _get_non_gfk_field
    field = opts.get_field(name)
  File "C:\Python372\mecheck\lib\site-packages\django\db\models\options.py", line 566, in get_field
    raise FieldDoesNotExist("%s has no field named '%s'" % (self.object_name, field_name))
django.core.exceptions.FieldDoesNotExist: Role has no field named 'show_users'

During handling of the above exception, another exception occurred:

Traceback (most recent call last):
  File "C:\Python372\mecheck\lib\site-packages\django\core\handlers\exception.py", line 34, in inner
    response = get_response(request)
  File "C:\Python372\mecheck\lib\site-packages\django\core\handlers\base.py", line 156, in _get_response
    response = self.process_exception_by_middleware(e, request)
  File "C:\Python372\mecheck\lib\site-packages\django\core\handlers\base.py", line 154, in _get_response
    response = response.render()
  File "C:\Python372\mecheck\lib\site-packages\django\template\response.py", line 106, in render
    self.content = self.rendered_content
  File "C:\Python372\mecheck\lib\site-packages\django\template\response.py", line 83, in rendered_content
    content = template.render(context, self._request)
  File "C:\Python372\mecheck\lib\site-packages\django\template\backends\django.py", line 61, in render
    return self.template.render(context)
  File "C:\Python372\mecheck\lib\site-packages\django\template\base.py", line 171, in render
    return self._render(context)
  File "C:\Python372\mecheck\lib\site-packages\django\template\base.py", line 163, in _render
    return self.nodelist.render(context)
  File "C:\Python372\mecheck\lib\site-packages\django\template\base.py", line 937, in render
    bit = node.render_annotated(context)
  File "C:\Python372\mecheck\lib\site-packages\django\template\base.py", line 904, in render_annotated
    return self.render(context)
  File "C:\Python372\mecheck\lib\site-packages\django\template\loader_tags.py", line 150, in render
    return compiled_parent._render(context)
  File "C:\Python372\mecheck\lib\site-packages\django\template\base.py", line 163, in _render
    return self.nodelist.render(context)
  File "C:\Python372\mecheck\lib\site-packages\django\template\base.py", line 937, in render
    bit = node.render_annotated(context)
  File "C:\Python372\mecheck\lib\site-packages\django\template\base.py", line 904, in render_annotated
    return self.render(context)
  File "C:\Python372\mecheck\lib\site-packages\django\template\loader_tags.py", line 150, in render
    return compiled_parent._render(context)
  File "C:\Python372\mecheck\lib\site-packages\django\template\base.py", line 163, in _render
    return self.nodelist.render(context)
  File "C:\Python372\mecheck\lib\site-packages\django\template\base.py", line 937, in render
    bit = node.render_annotated(context)
  File "C:\Python372\mecheck\lib\site-packages\django\template\base.py", line 904, in render_annotated
    return self.render(context)
  File "C:\Python372\mecheck\lib\site-packages\django\template\loader_tags.py", line 62, in render
    result = block.nodelist.render(context)
  File "C:\Python372\mecheck\lib\site-packages\django\template\base.py", line 937, in render
    bit = node.render_annotated(context)
  File "C:\Python372\mecheck\lib\site-packages\django\template\base.py", line 904, in render_annotated
    return self.render(context)
  File "C:\Python372\mecheck\lib\site-packages\django\template\loader_tags.py", line 62, in render
    result = block.nodelist.render(context)
  File "C:\Python372\mecheck\lib\site-packages\django\template\base.py", line 937, in render
    bit = node.render_annotated(context)
  File "C:\Python372\mecheck\lib\site-packages\django\template\base.py", line 904, in render_annotated
    return self.render(context)
  File "C:\Python372\mecheck\lib\site-packages\django\contrib\admin\templatetags\base.py", line 33, in render
    return super().render(context)
  File "C:\Python372\mecheck\lib\site-packages\django\template\library.py", line 214, in render
    _dict = self.func(*resolved_args, **resolved_kwargs)
  File "C:\Python372\mecheck\lib\site-packages\django\contrib\admin\templatetags\admin_list.py", line 341, in result_list
    'results': list(results(cl))}
  File "C:\Python372\mecheck\lib\site-packages\django\contrib\admin\templatetags\admin_list.py", line 318, in results
    yield ResultList(None, items_for_result(cl, res, None))
  File "C:\Python372\mecheck\lib\site-packages\django\contrib\admin\templatetags\admin_list.py", line 309, in __init__
    super().__init__(*items)
  File "C:\Python372\mecheck\lib\site-packages\django\contrib\admin\templatetags\admin_list.py", line 228, in items_for_result
    f, attr, value = lookup_field(field_name, result, cl.model_admin)
  File "C:\Python372\mecheck\lib\site-packages\django\contrib\admin\utils.py", line 287, in lookup_field
    value = attr(obj)
  File "C:\djangoproject\Reliability_Row_data\app01\admin.py", line 955, in show_users
    for user in obj.userInfo_set.all():
AttributeError: 'Role' object has no attribute 'userInfo_set'
[2023-06-15 10:49:57,636] [basehttp.py:154] [basehttp:log_message] [ERROR]- "GET /admin/app01/role/ HTTP/1.1" 500 386734
[2023-06-15 10:49:57,746] [basehttp.py:154] [basehttp:log_message] [INFO]- "GET /favicon.ico HTTP/1.1" 200 22870
[2023-06-15 10:50:41,922] [basehttp.py:154] [basehttp:log_message] [INFO]- "GET /admin/ HTTP/1.1" 200 42147
[2023-06-15 10:50:44,884] [basehttp.py:154] [basehttp:log_message] [INFO]- "GET /admin/app01/role/ HTTP/1.1" 200 50671
[2023-06-15 10:50:44,921] [basehttp.py:154] [basehttp:log_message] [INFO]- "GET /admin/jsi18n/ HTTP/1.1" 200 7684
[2023-06-15 10:50:45,081] [basehttp.py:154] [basehttp:log_message] [INFO]- "GET /favicon.ico HTTP/1.1" 200 22870
[2023-06-15 10:51:17,013] [basehttp.py:154] [basehttp:log_message] [INFO]- "GET /admin/ HTTP/1.1" 200 42147
[2023-06-15 10:51:17,268] [log.py:228] [log:log_response] [ERROR]- Internal Server Error: /admin/app01/role/
Traceback (most recent call last):
  File "C:\Python372\mecheck\lib\site-packages\django\db\models\options.py", line 564, in get_field
    return self.fields_map[field_name]
KeyError: 'show_pers'

During handling of the above exception, another exception occurred:

Traceback (most recent call last):
  File "C:\Python372\mecheck\lib\site-packages\django\contrib\admin\utils.py", line 278, in lookup_field
    f = _get_non_gfk_field(opts, name)
  File "C:\Python372\mecheck\lib\site-packages\django\contrib\admin\utils.py", line 309, in _get_non_gfk_field
    field = opts.get_field(name)
  File "C:\Python372\mecheck\lib\site-packages\django\db\models\options.py", line 566, in get_field
    raise FieldDoesNotExist("%s has no field named '%s'" % (self.object_name, field_name))
django.core.exceptions.FieldDoesNotExist: Role has no field named 'show_pers'

During handling of the above exception, another exception occurred:

Traceback (most recent call last):
  File "C:\Python372\mecheck\lib\site-packages\django\core\handlers\exception.py", line 34, in inner
    response = get_response(request)
  File "C:\Python372\mecheck\lib\site-packages\django\core\handlers\base.py", line 156, in _get_response
    response = self.process_exception_by_middleware(e, request)
  File "C:\Python372\mecheck\lib\site-packages\django\core\handlers\base.py", line 154, in _get_response
    response = response.render()
  File "C:\Python372\mecheck\lib\site-packages\django\template\response.py", line 106, in render
    self.content = self.rendered_content
  File "C:\Python372\mecheck\lib\site-packages\django\template\response.py", line 83, in rendered_content
    content = template.render(context, self._request)
  File "C:\Python372\mecheck\lib\site-packages\django\template\backends\django.py", line 61, in render
    return self.template.render(context)
  File "C:\Python372\mecheck\lib\site-packages\django\template\base.py", line 171, in render
    return self._render(context)
  File "C:\Python372\mecheck\lib\site-packages\django\template\base.py", line 163, in _render
    return self.nodelist.render(context)
  File "C:\Python372\mecheck\lib\site-packages\django\template\base.py", line 937, in render
    bit = node.render_annotated(context)
  File "C:\Python372\mecheck\lib\site-packages\django\template\base.py", line 904, in render_annotated
    return self.render(context)
  File "C:\Python372\mecheck\lib\site-packages\django\template\loader_tags.py", line 150, in render
    return compiled_parent._render(context)
  File "C:\Python372\mecheck\lib\site-packages\django\template\base.py", line 163, in _render
    return self.nodelist.render(context)
  File "C:\Python372\mecheck\lib\site-packages\django\template\base.py", line 937, in render
    bit = node.render_annotated(context)
  File "C:\Python372\mecheck\lib\site-packages\django\template\base.py", line 904, in render_annotated
    return self.render(context)
  File "C:\Python372\mecheck\lib\site-packages\django\template\loader_tags.py", line 150, in render
    return compiled_parent._render(context)
  File "C:\Python372\mecheck\lib\site-packages\django\template\base.py", line 163, in _render
    return self.nodelist.render(context)
  File "C:\Python372\mecheck\lib\site-packages\django\template\base.py", line 937, in render
    bit = node.render_annotated(context)
  File "C:\Python372\mecheck\lib\site-packages\django\template\base.py", line 904, in render_annotated
    return self.render(context)
  File "C:\Python372\mecheck\lib\site-packages\django\template\loader_tags.py", line 62, in render
    result = block.nodelist.render(context)
  File "C:\Python372\mecheck\lib\site-packages\django\template\base.py", line 937, in render
    bit = node.render_annotated(context)
  File "C:\Python372\mecheck\lib\site-packages\django\template\base.py", line 904, in render_annotated
    return self.render(context)
  File "C:\Python372\mecheck\lib\site-packages\django\template\loader_tags.py", line 62, in render
    result = block.nodelist.render(context)
  File "C:\Python372\mecheck\lib\site-packages\django\template\base.py", line 937, in render
    bit = node.render_annotated(context)
  File "C:\Python372\mecheck\lib\site-packages\django\template\base.py", line 904, in render_annotated
    return self.render(context)
  File "C:\Python372\mecheck\lib\site-packages\django\contrib\admin\templatetags\base.py", line 33, in render
    return super().render(context)
  File "C:\Python372\mecheck\lib\site-packages\django\template\library.py", line 214, in render
    _dict = self.func(*resolved_args, **resolved_kwargs)
  File "C:\Python372\mecheck\lib\site-packages\django\contrib\admin\templatetags\admin_list.py", line 341, in result_list
    'results': list(results(cl))}
  File "C:\Python372\mecheck\lib\site-packages\django\contrib\admin\templatetags\admin_list.py", line 318, in results
    yield ResultList(None, items_for_result(cl, res, None))
  File "C:\Python372\mecheck\lib\site-packages\django\contrib\admin\templatetags\admin_list.py", line 309, in __init__
    super().__init__(*items)
  File "C:\Python372\mecheck\lib\site-packages\django\contrib\admin\templatetags\admin_list.py", line 228, in items_for_result
    f, attr, value = lookup_field(field_name, result, cl.model_admin)
  File "C:\Python372\mecheck\lib\site-packages\django\contrib\admin\utils.py", line 287, in lookup_field
    value = attr(obj)
  File "C:\djangoproject\Reliability_Row_data\app01\admin.py", line 964, in show_pers
    per_list.append(perm.name)
AttributeError: 'Permission' object has no attribute 'name'
[2023-06-15 10:51:17,282] [basehttp.py:154] [basehttp:log_message] [ERROR]- "GET /admin/app01/role/ HTTP/1.1" 500 386825
[2023-06-15 10:51:17,408] [basehttp.py:154] [basehttp:log_message] [INFO]- "GET /favicon.ico HTTP/1.1" 200 22870
[2023-06-15 10:51:49,213] [basehttp.py:154] [basehttp:log_message] [INFO]- "GET /admin/ HTTP/1.1" 200 42147
[2023-06-15 10:51:49,424] [log.py:228] [log:log_response] [ERROR]- Internal Server Error: /admin/app01/role/
Traceback (most recent call last):
  File "C:\Python372\mecheck\lib\site-packages\django\db\models\options.py", line 564, in get_field
    return self.fields_map[field_name]
KeyError: 'show_pers'

During handling of the above exception, another exception occurred:

Traceback (most recent call last):
  File "C:\Python372\mecheck\lib\site-packages\django\contrib\admin\utils.py", line 278, in lookup_field
    f = _get_non_gfk_field(opts, name)
  File "C:\Python372\mecheck\lib\site-packages\django\contrib\admin\utils.py", line 309, in _get_non_gfk_field
    field = opts.get_field(name)
  File "C:\Python372\mecheck\lib\site-packages\django\db\models\options.py", line 566, in get_field
    raise FieldDoesNotExist("%s has no field named '%s'" % (self.object_name, field_name))
django.core.exceptions.FieldDoesNotExist: Role has no field named 'show_pers'

During handling of the above exception, another exception occurred:

Traceback (most recent call last):
  File "C:\Python372\mecheck\lib\site-packages\django\core\handlers\exception.py", line 34, in inner
    response = get_response(request)
  File "C:\Python372\mecheck\lib\site-packages\django\core\handlers\base.py", line 156, in _get_response
    response = self.process_exception_by_middleware(e, request)
  File "C:\Python372\mecheck\lib\site-packages\django\core\handlers\base.py", line 154, in _get_response
    response = response.render()
  File "C:\Python372\mecheck\lib\site-packages\django\template\response.py", line 106, in render
    self.content = self.rendered_content
  File "C:\Python372\mecheck\lib\site-packages\django\template\response.py", line 83, in rendered_content
    content = template.render(context, self._request)
  File "C:\Python372\mecheck\lib\site-packages\django\template\backends\django.py", line 61, in render
    return self.template.render(context)
  File "C:\Python372\mecheck\lib\site-packages\django\template\base.py", line 171, in render
    return self._render(context)
  File "C:\Python372\mecheck\lib\site-packages\django\template\base.py", line 163, in _render
    return self.nodelist.render(context)
  File "C:\Python372\mecheck\lib\site-packages\django\template\base.py", line 937, in render
    bit = node.render_annotated(context)
  File "C:\Python372\mecheck\lib\site-packages\django\template\base.py", line 904, in render_annotated
    return self.render(context)
  File "C:\Python372\mecheck\lib\site-packages\django\template\loader_tags.py", line 150, in render
    return compiled_parent._render(context)
  File "C:\Python372\mecheck\lib\site-packages\django\template\base.py", line 163, in _render
    return self.nodelist.render(context)
  File "C:\Python372\mecheck\lib\site-packages\django\template\base.py", line 937, in render
    bit = node.render_annotated(context)
  File "C:\Python372\mecheck\lib\site-packages\django\template\base.py", line 904, in render_annotated
    return self.render(context)
  File "C:\Python372\mecheck\lib\site-packages\django\template\loader_tags.py", line 150, in render
    return compiled_parent._render(context)
  File "C:\Python372\mecheck\lib\site-packages\django\template\base.py", line 163, in _render
    return self.nodelist.render(context)
  File "C:\Python372\mecheck\lib\site-packages\django\template\base.py", line 937, in render
    bit = node.render_annotated(context)
  File "C:\Python372\mecheck\lib\site-packages\django\template\base.py", line 904, in render_annotated
    return self.render(context)
  File "C:\Python372\mecheck\lib\site-packages\django\template\loader_tags.py", line 62, in render
    result = block.nodelist.render(context)
  File "C:\Python372\mecheck\lib\site-packages\django\template\base.py", line 937, in render
    bit = node.render_annotated(context)
  File "C:\Python372\mecheck\lib\site-packages\django\template\base.py", line 904, in render_annotated
    return self.render(context)
  File "C:\Python372\mecheck\lib\site-packages\django\template\loader_tags.py", line 62, in render
    result = block.nodelist.render(context)
  File "C:\Python372\mecheck\lib\site-packages\django\template\base.py", line 937, in render
    bit = node.render_annotated(context)
  File "C:\Python372\mecheck\lib\site-packages\django\template\base.py", line 904, in render_annotated
    return self.render(context)
  File "C:\Python372\mecheck\lib\site-packages\django\contrib\admin\templatetags\base.py", line 33, in render
    return super().render(context)
  File "C:\Python372\mecheck\lib\site-packages\django\template\library.py", line 214, in render
    _dict = self.func(*resolved_args, **resolved_kwargs)
  File "C:\Python372\mecheck\lib\site-packages\django\contrib\admin\templatetags\admin_list.py", line 341, in result_list
    'results': list(results(cl))}
  File "C:\Python372\mecheck\lib\site-packages\django\contrib\admin\templatetags\admin_list.py", line 318, in results
    yield ResultList(None, items_for_result(cl, res, None))
  File "C:\Python372\mecheck\lib\site-packages\django\contrib\admin\templatetags\admin_list.py", line 309, in __init__
    super().__init__(*items)
  File "C:\Python372\mecheck\lib\site-packages\django\contrib\admin\templatetags\admin_list.py", line 228, in items_for_result
    f, attr, value = lookup_field(field_name, result, cl.model_admin)
  File "C:\Python372\mecheck\lib\site-packages\django\contrib\admin\utils.py", line 287, in lookup_field
    value = attr(obj)
  File "C:\djangoproject\Reliability_Row_data\app01\admin.py", line 964, in show_pers
    per_list.append(perm.perms)
AttributeError: 'Permission' object has no attribute 'perms'
[2023-06-15 10:51:49,442] [basehttp.py:154] [basehttp:log_message] [ERROR]- "GET /admin/app01/role/ HTTP/1.1" 500 386833
[2023-06-15 10:51:49,537] [basehttp.py:154] [basehttp:log_message] [INFO]- "GET /favicon.ico HTTP/1.1" 200 22870
[2023-06-15 10:54:04,752] [basehttp.py:154] [basehttp:log_message] [INFO]- "GET /admin/ HTTP/1.1" 200 42147
[2023-06-15 10:54:05,784] [basehttp.py:154] [basehttp:log_message] [INFO]- "GET /admin/app01/role/ HTTP/1.1" 200 56910
[2023-06-15 10:54:05,834] [basehttp.py:154] [basehttp:log_message] [INFO]- "GET /admin/jsi18n/ HTTP/1.1" 200 7684
[2023-06-15 10:54:06,002] [basehttp.py:154] [basehttp:log_message] [INFO]- "GET /favicon.ico HTTP/1.1" 200 22870
[2023-06-15 10:54:54,851] [basehttp.py:154] [basehttp:log_message] [INFO]- "GET /admin/ HTTP/1.1" 200 42147
[2023-06-15 10:54:55,111] [log.py:228] [log:log_response] [ERROR]- Internal Server Error: /admin/app01/role/
Traceback (most recent call last):
  File "C:\Python372\mecheck\lib\site-packages\django\db\models\options.py", line 564, in get_field
    return self.fields_map[field_name]
KeyError: 'show_pers'

During handling of the above exception, another exception occurred:

Traceback (most recent call last):
  File "C:\Python372\mecheck\lib\site-packages\django\contrib\admin\utils.py", line 278, in lookup_field
    f = _get_non_gfk_field(opts, name)
  File "C:\Python372\mecheck\lib\site-packages\django\contrib\admin\utils.py", line 309, in _get_non_gfk_field
    field = opts.get_field(name)
  File "C:\Python372\mecheck\lib\site-packages\django\db\models\options.py", line 566, in get_field
    raise FieldDoesNotExist("%s has no field named '%s'" % (self.object_name, field_name))
django.core.exceptions.FieldDoesNotExist: Role has no field named 'show_pers'

During handling of the above exception, another exception occurred:

Traceback (most recent call last):
  File "C:\Python372\mecheck\lib\site-packages\django\core\handlers\exception.py", line 34, in inner
    response = get_response(request)
  File "C:\Python372\mecheck\lib\site-packages\django\core\handlers\base.py", line 156, in _get_response
    response = self.process_exception_by_middleware(e, request)
  File "C:\Python372\mecheck\lib\site-packages\django\core\handlers\base.py", line 154, in _get_response
    response = response.render()
  File "C:\Python372\mecheck\lib\site-packages\django\template\response.py", line 106, in render
    self.content = self.rendered_content
  File "C:\Python372\mecheck\lib\site-packages\django\template\response.py", line 83, in rendered_content
    content = template.render(context, self._request)
  File "C:\Python372\mecheck\lib\site-packages\django\template\backends\django.py", line 61, in render
    return self.template.render(context)
  File "C:\Python372\mecheck\lib\site-packages\django\template\base.py", line 171, in render
    return self._render(context)
  File "C:\Python372\mecheck\lib\site-packages\django\template\base.py", line 163, in _render
    return self.nodelist.render(context)
  File "C:\Python372\mecheck\lib\site-packages\django\template\base.py", line 937, in render
    bit = node.render_annotated(context)
  File "C:\Python372\mecheck\lib\site-packages\django\template\base.py", line 904, in render_annotated
    return self.render(context)
  File "C:\Python372\mecheck\lib\site-packages\django\template\loader_tags.py", line 150, in render
    return compiled_parent._render(context)
  File "C:\Python372\mecheck\lib\site-packages\django\template\base.py", line 163, in _render
    return self.nodelist.render(context)
  File "C:\Python372\mecheck\lib\site-packages\django\template\base.py", line 937, in render
    bit = node.render_annotated(context)
  File "C:\Python372\mecheck\lib\site-packages\django\template\base.py", line 904, in render_annotated
    return self.render(context)
  File "C:\Python372\mecheck\lib\site-packages\django\template\loader_tags.py", line 150, in render
    return compiled_parent._render(context)
  File "C:\Python372\mecheck\lib\site-packages\django\template\base.py", line 163, in _render
    return self.nodelist.render(context)
  File "C:\Python372\mecheck\lib\site-packages\django\template\base.py", line 937, in render
    bit = node.render_annotated(context)
  File "C:\Python372\mecheck\lib\site-packages\django\template\base.py", line 904, in render_annotated
    return self.render(context)
  File "C:\Python372\mecheck\lib\site-packages\django\template\loader_tags.py", line 62, in render
    result = block.nodelist.render(context)
  File "C:\Python372\mecheck\lib\site-packages\django\template\base.py", line 937, in render
    bit = node.render_annotated(context)
  File "C:\Python372\mecheck\lib\site-packages\django\template\base.py", line 904, in render_annotated
    return self.render(context)
  File "C:\Python372\mecheck\lib\site-packages\django\template\loader_tags.py", line 62, in render
    result = block.nodelist.render(context)
  File "C:\Python372\mecheck\lib\site-packages\django\template\base.py", line 937, in render
    bit = node.render_annotated(context)
  File "C:\Python372\mecheck\lib\site-packages\django\template\base.py", line 904, in render_annotated
    return self.render(context)
  File "C:\Python372\mecheck\lib\site-packages\django\contrib\admin\templatetags\base.py", line 33, in render
    return super().render(context)
  File "C:\Python372\mecheck\lib\site-packages\django\template\library.py", line 214, in render
    _dict = self.func(*resolved_args, **resolved_kwargs)
  File "C:\Python372\mecheck\lib\site-packages\django\contrib\admin\templatetags\admin_list.py", line 341, in result_list
    'results': list(results(cl))}
  File "C:\Python372\mecheck\lib\site-packages\django\contrib\admin\templatetags\admin_list.py", line 318, in results
    yield ResultList(None, items_for_result(cl, res, None))
  File "C:\Python372\mecheck\lib\site-packages\django\contrib\admin\templatetags\admin_list.py", line 309, in __init__
    super().__init__(*items)
  File "C:\Python372\mecheck\lib\site-packages\django\contrib\admin\templatetags\admin_list.py", line 228, in items_for_result
    f, attr, value = lookup_field(field_name, result, cl.model_admin)
  File "C:\Python372\mecheck\lib\site-packages\django\contrib\admin\utils.py", line 287, in lookup_field
    value = attr(obj)
  File "C:\djangoproject\Reliability_Row_data\app01\admin.py", line 965, in show_pers
    return '， '.join(per_list)
TypeError: sequence item 0: expected str instance, Menu found
[2023-06-15 10:54:55,117] [basehttp.py:154] [basehttp:log_message] [ERROR]- "GET /admin/app01/role/ HTTP/1.1" 500 387818
[2023-06-15 10:54:55,230] [basehttp.py:154] [basehttp:log_message] [INFO]- "GET /favicon.ico HTTP/1.1" 200 22870
[2023-06-15 10:55:26,774] [basehttp.py:154] [basehttp:log_message] [INFO]- "GET /admin/ HTTP/1.1" 200 42147
[2023-06-15 10:55:27,152] [log.py:228] [log:log_response] [ERROR]- Internal Server Error: /admin/app01/role/
Traceback (most recent call last):
  File "C:\Python372\mecheck\lib\site-packages\django\db\models\options.py", line 564, in get_field
    return self.fields_map[field_name]
KeyError: 'show_pers'

During handling of the above exception, another exception occurred:

Traceback (most recent call last):
  File "C:\Python372\mecheck\lib\site-packages\django\contrib\admin\utils.py", line 278, in lookup_field
    f = _get_non_gfk_field(opts, name)
  File "C:\Python372\mecheck\lib\site-packages\django\contrib\admin\utils.py", line 309, in _get_non_gfk_field
    field = opts.get_field(name)
  File "C:\Python372\mecheck\lib\site-packages\django\db\models\options.py", line 566, in get_field
    raise FieldDoesNotExist("%s has no field named '%s'" % (self.object_name, field_name))
django.core.exceptions.FieldDoesNotExist: Role has no field named 'show_pers'

During handling of the above exception, another exception occurred:

Traceback (most recent call last):
  File "C:\Python372\mecheck\lib\site-packages\django\core\handlers\exception.py", line 34, in inner
    response = get_response(request)
  File "C:\Python372\mecheck\lib\site-packages\django\core\handlers\base.py", line 156, in _get_response
    response = self.process_exception_by_middleware(e, request)
  File "C:\Python372\mecheck\lib\site-packages\django\core\handlers\base.py", line 154, in _get_response
    response = response.render()
  File "C:\Python372\mecheck\lib\site-packages\django\template\response.py", line 106, in render
    self.content = self.rendered_content
  File "C:\Python372\mecheck\lib\site-packages\django\template\response.py", line 83, in rendered_content
    content = template.render(context, self._request)
  File "C:\Python372\mecheck\lib\site-packages\django\template\backends\django.py", line 61, in render
    return self.template.render(context)
  File "C:\Python372\mecheck\lib\site-packages\django\template\base.py", line 171, in render
    return self._render(context)
  File "C:\Python372\mecheck\lib\site-packages\django\template\base.py", line 163, in _render
    return self.nodelist.render(context)
  File "C:\Python372\mecheck\lib\site-packages\django\template\base.py", line 937, in render
    bit = node.render_annotated(context)
  File "C:\Python372\mecheck\lib\site-packages\django\template\base.py", line 904, in render_annotated
    return self.render(context)
  File "C:\Python372\mecheck\lib\site-packages\django\template\loader_tags.py", line 150, in render
    return compiled_parent._render(context)
  File "C:\Python372\mecheck\lib\site-packages\django\template\base.py", line 163, in _render
    return self.nodelist.render(context)
  File "C:\Python372\mecheck\lib\site-packages\django\template\base.py", line 937, in render
    bit = node.render_annotated(context)
  File "C:\Python372\mecheck\lib\site-packages\django\template\base.py", line 904, in render_annotated
    return self.render(context)
  File "C:\Python372\mecheck\lib\site-packages\django\template\loader_tags.py", line 150, in render
    return compiled_parent._render(context)
  File "C:\Python372\mecheck\lib\site-packages\django\template\base.py", line 163, in _render
    return self.nodelist.render(context)
  File "C:\Python372\mecheck\lib\site-packages\django\template\base.py", line 937, in render
    bit = node.render_annotated(context)
  File "C:\Python372\mecheck\lib\site-packages\django\template\base.py", line 904, in render_annotated
    return self.render(context)
  File "C:\Python372\mecheck\lib\site-packages\django\template\loader_tags.py", line 62, in render
    result = block.nodelist.render(context)
  File "C:\Python372\mecheck\lib\site-packages\django\template\base.py", line 937, in render
    bit = node.render_annotated(context)
  File "C:\Python372\mecheck\lib\site-packages\django\template\base.py", line 904, in render_annotated
    return self.render(context)
  File "C:\Python372\mecheck\lib\site-packages\django\template\loader_tags.py", line 62, in render
    result = block.nodelist.render(context)
  File "C:\Python372\mecheck\lib\site-packages\django\template\base.py", line 937, in render
    bit = node.render_annotated(context)
  File "C:\Python372\mecheck\lib\site-packages\django\template\base.py", line 904, in render_annotated
    return self.render(context)
  File "C:\Python372\mecheck\lib\site-packages\django\contrib\admin\templatetags\base.py", line 33, in render
    return super().render(context)
  File "C:\Python372\mecheck\lib\site-packages\django\template\library.py", line 214, in render
    _dict = self.func(*resolved_args, **resolved_kwargs)
  File "C:\Python372\mecheck\lib\site-packages\django\contrib\admin\templatetags\admin_list.py", line 341, in result_list
    'results': list(results(cl))}
  File "C:\Python372\mecheck\lib\site-packages\django\contrib\admin\templatetags\admin_list.py", line 318, in results
    yield ResultList(None, items_for_result(cl, res, None))
  File "C:\Python372\mecheck\lib\site-packages\django\contrib\admin\templatetags\admin_list.py", line 309, in __init__
    super().__init__(*items)
  File "C:\Python372\mecheck\lib\site-packages\django\contrib\admin\templatetags\admin_list.py", line 228, in items_for_result
    f, attr, value = lookup_field(field_name, result, cl.model_admin)
  File "C:\Python372\mecheck\lib\site-packages\django\contrib\admin\utils.py", line 287, in lookup_field
    value = attr(obj)
  File "C:\djangoproject\Reliability_Row_data\app01\admin.py", line 964, in show_pers
    per_list.append(perm.menu.title)
AttributeError: 'NoneType' object has no attribute 'title'
[2023-06-15 10:55:27,161] [basehttp.py:154] [basehttp:log_message] [ERROR]- "GET /admin/app01/role/ HTTP/1.1" 500 386765
[2023-06-15 10:55:27,312] [basehttp.py:154] [basehttp:log_message] [INFO]- "GET /favicon.ico HTTP/1.1" 200 22870
[2023-06-15 10:57:26,872] [basehttp.py:154] [basehttp:log_message] [INFO]- "GET /admin/ HTTP/1.1" 200 42147
[2023-06-15 10:57:27,451] [basehttp.py:154] [basehttp:log_message] [INFO]- "GET /admin/app01/role/ HTTP/1.1" 200 52565
[2023-06-15 10:57:27,503] [basehttp.py:154] [basehttp:log_message] [INFO]- "GET /admin/jsi18n/ HTTP/1.1" 200 7684
[2023-06-15 10:57:27,635] [basehttp.py:154] [basehttp:log_message] [INFO]- "GET /favicon.ico HTTP/1.1" 200 22870
[2023-06-15 10:57:59,100] [basehttp.py:154] [basehttp:log_message] [INFO]- "GET /admin/ HTTP/1.1" 200 42147
[2023-06-15 10:57:59,676] [basehttp.py:154] [basehttp:log_message] [INFO]- "GET /admin/app01/role/ HTTP/1.1" 200 52565
[2023-06-15 10:57:59,769] [basehttp.py:154] [basehttp:log_message] [INFO]- "GET /admin/jsi18n/ HTTP/1.1" 200 7684
[2023-06-15 10:58:00,323] [basehttp.py:154] [basehttp:log_message] [INFO]- "GET /favicon.ico HTTP/1.1" 200 22870
[2023-06-15 10:58:35,731] [basehttp.py:154] [basehttp:log_message] [INFO]- "GET /admin/ HTTP/1.1" 200 42147
[2023-06-15 10:58:36,334] [basehttp.py:154] [basehttp:log_message] [INFO]- "GET /admin/app01/role/ HTTP/1.1" 200 52565
[2023-06-15 10:58:38,300] [basehttp.py:154] [basehttp:log_message] [INFO]- "GET /admin/jsi18n/ HTTP/1.1" 200 7684
[2023-06-15 10:58:38,414] [basehttp.py:154] [basehttp:log_message] [INFO]- "GET /favicon.ico HTTP/1.1" 200 22870
[2023-06-15 10:59:37,078] [basehttp.py:154] [basehttp:log_message] [INFO]- "GET /admin/ HTTP/1.1" 200 42147
[2023-06-15 10:59:38,016] [basehttp.py:154] [basehttp:log_message] [INFO]- "GET /admin/app01/role/ HTTP/1.1" 200 56910
[2023-06-15 10:59:38,057] [basehttp.py:154] [basehttp:log_message] [INFO]- "GET /admin/jsi18n/ HTTP/1.1" 200 7684
[2023-06-15 10:59:38,544] [basehttp.py:154] [basehttp:log_message] [INFO]- "GET /favicon.ico HTTP/1.1" 200 22870
[2023-06-15 11:04:09,179] [basehttp.py:154] [basehttp:log_message] [INFO]- "GET / HTTP/1.1" 200 22870
[2023-06-15 11:04:09,366] [basehttp.py:154] [basehttp:log_message] [INFO]- "GET /favicon.ico HTTP/1.1" 200 22870
[2023-06-15 11:04:12,876] [basehttp.py:154] [basehttp:log_message] [INFO]- "GET /PersonalInfo/PublicArea/ HTTP/1.1" 200 47499
[2023-06-15 11:04:13,191] [basehttp.py:154] [basehttp:log_message] [INFO]- "GET /favicon.ico HTTP/1.1" 200 22870
[2023-06-15 11:04:13,200] [UserIP.py:90] [UserIP:process_response] [INFO]- 2023-06-15 11:04:13 C1010S3>Edwin None>LAPTOP-EJP4HNEV>543 127.0.0.1 127.0.0.1 /PersonalInfo/PublicArea/ POST
[2023-06-15 11:04:13,214] [basehttp.py:154] [basehttp:log_message] [INFO]- "POST /PersonalInfo/PublicArea/ HTTP/1.1" 200 10612
