[2021-10-21 15:31:16,772] [basehttp.py:154] [basehttp:log_message] [INFO]- "GET / HTTP/1.1" 302 0
[2021-10-21 15:31:16,780] [basehttp.py:154] [basehttp:log_message] [INFO]- "GET /login/ HTTP/1.1" 200 4677
[2021-10-21 15:31:16,954] [basehttp.py:154] [basehttp:log_message] [INFO]- "GET /favicon.ico HTTP/1.1" 302 0
[2021-10-21 15:31:16,958] [basehttp.py:154] [basehttp:log_message] [INFO]- "GET /login/ HTTP/1.1" 200 4677
[2021-10-21 15:31:19,356] [UserIP.py:89] [UserIP:process_response] [CRITICAL]- 系统错误
[2021-10-21 15:31:19,376] [basehttp.py:154] [basehttp:log_message] [INFO]- "POST /login/ HTTP/1.1" 302 0
[2021-10-21 15:31:19,450] [basehttp.py:154] [basehttp:log_message] [INFO]- "GET /index/ HTTP/1.1" 200 45441
[2021-10-21 15:31:19,483] [basehttp.py:154] [basehttp:log_message] [INFO]- "GET /static/js/date.js HTTP/1.1" 304 0
[2021-10-21 15:31:19,553] [basehttp.py:154] [basehttp:log_message] [INFO]- "GET /index/ HTTP/1.1" 200 45441
[2021-10-21 15:31:19,770] [basehttp.py:154] [basehttp:log_message] [INFO]- "GET /favicon.ico HTTP/1.1" 200 20710
[2021-10-21 15:31:47,379] [basehttp.py:154] [basehttp:log_message] [INFO]- "GET /TestPlanSW/TestPlanSW-summary/ HTTP/1.1" 200 55429
[2021-10-21 15:31:47,897] [basehttp.py:154] [basehttp:log_message] [INFO]- "GET /favicon.ico HTTP/1.1" 200 20710
[2021-10-21 15:31:58,865] [basehttp.py:154] [basehttp:log_message] [INFO]- "GET /TestPlanSW/TestPlanSW-edit/ HTTP/1.1" 200 108266
[2021-10-21 15:31:58,882] [basehttp.py:154] [basehttp:log_message] [INFO]- "GET /static/css/bouncing.css HTTP/1.1" 200 2137
[2021-10-21 15:31:58,883] [basehttp.py:154] [basehttp:log_message] [INFO]- "GET /static/css/bouncing_edit.css HTTP/1.1" 200 6053
[2021-10-21 15:31:58,884] [basehttp.py:154] [basehttp:log_message] [INFO]- "GET /static/css/ElementUI.css HTTP/1.1" 200 232696
[2021-10-21 15:31:58,893] [basehttp.py:154] [basehttp:log_message] [INFO]- "GET /static/js/Element/dialog.js HTTP/1.1" 200 11942
[2021-10-21 15:31:58,893] [basehttp.py:154] [basehttp:log_message] [INFO]- "GET /static/js/Element/form.js HTTP/1.1" 200 10145
[2021-10-21 15:31:58,894] [basehttp.py:154] [basehttp:log_message] [INFO]- "GET /static/js/Element/tooltip.js HTTP/1.1" 200 8439
[2021-10-21 15:31:58,894] [basehttp.py:154] [basehttp:log_message] [INFO]- "GET /static/js/Element/pagination.js HTTP/1.1" 200 22168
[2021-10-21 15:31:58,895] [basehttp.py:154] [basehttp:log_message] [INFO]- "GET /static/js/Element/date-picker.js HTTP/1.1" 200 186049
[2021-10-21 15:31:59,341] [basehttp.py:154] [basehttp:log_message] [INFO]- "GET /TestPlanSW/TestPlanSW-edit/?action=first HTTP/1.1" 200 746
[2021-10-21 15:31:59,379] [basehttp.py:154] [basehttp:log_message] [INFO]- "GET /static/css/fonts/element-icons.ttf HTTP/1.1" 200 55956
[2021-10-21 15:31:59,433] [basehttp.py:154] [basehttp:log_message] [INFO]- "GET /favicon.ico HTTP/1.1" 200 20710
[2021-10-21 15:32:05,911] [basehttp.py:154] [basehttp:log_message] [INFO]- "GET /TestPlanSW/TestPlanSW-edit/?action=getCategory&customer=C38(NB)&project=FLAT4&phase=0 HTTP/1.1" 200 777
[2021-10-21 15:32:07,721] [basehttp.py:154] [basehttp:log_message] [INFO]- "GET /TestPlanSW/TestPlanSW-edit/?action=getContent&customer=C38(NB)&project=FLAT4&phase=0&category=Application HTTP/1.1" 200 103850
[2021-10-21 15:32:17,902] [basehttp.py:154] [basehttp:log_message] [INFO]- "GET /TestPlanSW/TestPlanSW-edit/?action=getCategory&customer=C38(NB)&project=FLIT4&phase=1 HTTP/1.1" 200 907
[2021-10-21 15:32:20,202] [basehttp.py:154] [basehttp:log_message] [INFO]- "GET /TestPlanSW/TestPlanSW-edit/?action=getContent&customer=C38(NB)&project=FLIT4&phase=1&category=Accessories%20for%20compatibility%20test%20 HTTP/1.1" 200 11207
[2021-10-21 15:32:22,766] [UserIP.py:87] [UserIP:process_response] [INFO]- 2021-10-21 15:32:22 C1010S3>Edwin None>LAPTOP-VA9VPAO8>417 127.0.0.1 127.0.0.1 /TestPlanSW/TestPlanSW-summary/ POST
[2021-10-21 15:32:22,789] [basehttp.py:154] [basehttp:log_message] [INFO]- "POST /TestPlanSW/TestPlanSW-summary/ HTTP/1.1" 200 11785
[2021-10-21 15:32:22,791] [basehttp.py:154] [basehttp:log_message] [ERROR]- "POST /TestPlanSW/TestPlanSW-summary/ HTTP/1.1" 500 59
[2021-10-21 15:32:25,338] [basehttp.py:154] [basehttp:log_message] [INFO]- "GET /TestPlanSW/TestPlanSW-edit/?action=getCategory&customer=C38(NB)&project=FLMA0&phase=1 HTTP/1.1" 200 722
[2021-10-21 15:32:28,072] [basehttp.py:154] [basehttp:log_message] [INFO]- "GET /TestPlanSW/TestPlanSW-edit/?action=getContent&customer=C38(NB)&project=FLMA0&phase=1&category=Accessories%20for%20compatibility%20test HTTP/1.1" 200 9509
[2021-10-21 15:32:32,337] [basehttp.py:154] [basehttp:log_message] [INFO]- "GET /TestPlanSW/TestPlanSW-edit/?action=getCategory&customer=C38(NB)&project=FLMA1&phase=15 HTTP/1.1" 200 777
[2021-10-21 15:32:34,618] [basehttp.py:154] [basehttp:log_message] [INFO]- "GET /TestPlanSW/TestPlanSW-edit/?action=getContent&customer=C38(NB)&project=FLMA1&phase=15&category=Application HTTP/1.1" 200 117156
[2021-10-21 15:59:07,800] [basehttp.py:154] [basehttp:log_message] [WARNING]- "GET /static/js/axios.min.map HTTP/1.1" 404 1773
[2021-10-21 15:59:07,805] [basehttp.py:154] [basehttp:log_message] [WARNING]- "GET /static/js/lib/bootstrap.min.js.map HTTP/1.1" 404 1806
[2021-10-21 15:59:07,811] [basehttp.py:154] [basehttp:log_message] [WARNING]- "GET /static/js/xlsx/FileSaver.min.js.map HTTP/1.1" 404 1809
[2021-10-21 15:59:07,858] [basehttp.py:154] [basehttp:log_message] [WARNING]- "GET /static/css/bootstrap.min.css.map HTTP/1.1" 404 1800
[2021-10-21 15:59:16,589] [basehttp.py:154] [basehttp:log_message] [INFO]- "GET /TestPlanSW/TestPlanSW-edit/ HTTP/1.1" 200 108266
[2021-10-21 15:59:16,838] [basehttp.py:154] [basehttp:log_message] [WARNING]- "GET /static/css/bootstrap.min.css.map HTTP/1.1" 404 1800
[2021-10-21 15:59:16,892] [basehttp.py:154] [basehttp:log_message] [WARNING]- "GET /static/js/lib/bootstrap.min.js.map HTTP/1.1" 404 1806
[2021-10-21 15:59:17,137] [basehttp.py:154] [basehttp:log_message] [WARNING]- "GET /static/js/axios.min.map HTTP/1.1" 404 1773
[2021-10-21 15:59:17,138] [basehttp.py:154] [basehttp:log_message] [WARNING]- "GET /static/js/xlsx/FileSaver.min.js.map HTTP/1.1" 404 1809
[2021-10-21 15:59:17,510] [basehttp.py:154] [basehttp:log_message] [INFO]- "GET /TestPlanSW/TestPlanSW-edit/?action=first HTTP/1.1" 200 746
[2021-10-21 15:59:17,593] [basehttp.py:154] [basehttp:log_message] [INFO]- "GET /favicon.ico HTTP/1.1" 200 20710
[2021-10-21 15:59:22,620] [basehttp.py:154] [basehttp:log_message] [INFO]- "GET /TestPlanSW/TestPlanSW-edit/?action=getCategory&customer=C38(NB)&project=FLIT4&phase=1 HTTP/1.1" 200 907
[2021-10-21 15:59:24,609] [basehttp.py:154] [basehttp:log_message] [INFO]- "GET /TestPlanSW/TestPlanSW-edit/?action=getContent&customer=C38(NB)&project=FLIT4&phase=1&category=Accessories%20for%20compatibility%20test%20 HTTP/1.1" 200 11207
[2021-10-21 15:59:29,836] [basehttp.py:154] [basehttp:log_message] [INFO]- "GET /TestPlanSW/TestPlanSW-edit/?action=getCategory&customer=C38(NB)&project=FLMA0&phase=1 HTTP/1.1" 200 722
[2021-10-21 15:59:31,938] [basehttp.py:154] [basehttp:log_message] [INFO]- "GET /TestPlanSW/TestPlanSW-edit/?action=getContent&customer=C38(NB)&project=FLMA0&phase=1&category=Application HTTP/1.1" 200 95047
[2021-10-21 15:59:39,372] [basehttp.py:154] [basehttp:log_message] [INFO]- "GET /TestPlanSW/TestPlanSW-edit/?action=getCategory&customer=C38(NB)&project=FLMA1&phase=15 HTTP/1.1" 200 777
[2021-10-21 15:59:41,895] [basehttp.py:154] [basehttp:log_message] [INFO]- "GET /TestPlanSW/TestPlanSW-edit/?action=getContent&customer=C38(NB)&project=FLMA1&phase=15&category=Accessories%20for%20compatibility%20test%20 HTTP/1.1" 200 15075
[2021-10-21 16:01:08,496] [basehttp.py:154] [basehttp:log_message] [INFO]- "GET /TestPlanSW/TestPlanSW-edit/ HTTP/1.1" 200 108266
[2021-10-21 16:01:08,645] [basehttp.py:154] [basehttp:log_message] [WARNING]- "GET /static/css/bootstrap.min.css.map HTTP/1.1" 404 1800
[2021-10-21 16:01:08,654] [basehttp.py:154] [basehttp:log_message] [WARNING]- "GET /static/js/lib/bootstrap.min.js.map HTTP/1.1" 404 1806
[2021-10-21 16:01:08,866] [basehttp.py:154] [basehttp:log_message] [WARNING]- "GET /static/js/xlsx/FileSaver.min.js.map HTTP/1.1" 404 1809
[2021-10-21 16:01:08,866] [basehttp.py:154] [basehttp:log_message] [WARNING]- "GET /static/js/axios.min.map HTTP/1.1" 404 1773
[2021-10-21 16:01:09,184] [basehttp.py:154] [basehttp:log_message] [INFO]- "GET /TestPlanSW/TestPlanSW-edit/?action=first HTTP/1.1" 200 746
[2021-10-21 16:01:09,297] [basehttp.py:154] [basehttp:log_message] [INFO]- "GET /favicon.ico HTTP/1.1" 200 20710
[2021-10-21 16:01:14,936] [basehttp.py:154] [basehttp:log_message] [INFO]- "GET /TestPlanSW/TestPlanSW-edit/?action=getCategory&customer=C38(NB)&project=FLMA1&phase=15 HTTP/1.1" 200 777
[2021-10-21 16:01:17,913] [basehttp.py:154] [basehttp:log_message] [INFO]- "GET /TestPlanSW/TestPlanSW-edit/?action=getContent&customer=C38(NB)&project=FLMA1&phase=15&category=Accessories%20for%20compatibility%20test%20 HTTP/1.1" 200 15075
[2021-10-21 16:02:04,712] [basehttp.py:154] [basehttp:log_message] [INFO]- "GET /TestPlanSW/TestPlanSW-edit/?action=getCategory&customer=C38(NB)&project=FLV3435&phase=0 HTTP/1.1" 200 728
[2021-10-21 16:02:11,571] [basehttp.py:154] [basehttp:log_message] [INFO]- "GET /TestPlanSW/TestPlanSW-edit/?action=getContent&customer=C38(NB)&project=FLV3435&phase=0&category=Accessories%20for%20compatibility%20test HTTP/1.1" 200 11747
[2021-10-21 16:02:18,416] [basehttp.py:154] [basehttp:log_message] [INFO]- "GET /TestPlanSW/TestPlanSW-edit/?action=getCategory&customer=C38(NB)&project=FLV3A3B&phase=0 HTTP/1.1" 200 728
[2021-10-21 16:02:20,384] [basehttp.py:154] [basehttp:log_message] [INFO]- "GET /TestPlanSW/TestPlanSW-edit/?action=getContent&customer=C38(NB)&project=FLV3A3B&phase=0&category=Accessories%20for%20compatibility%20test HTTP/1.1" 200 12051
[2021-10-21 16:02:25,199] [basehttp.py:154] [basehttp:log_message] [INFO]- "GET /TestPlanSW/TestPlanSW-edit/?action=getCategory&customer=C38(NB)&project=FLY00&phase=0 HTTP/1.1" 200 728
[2021-10-21 16:02:27,112] [basehttp.py:154] [basehttp:log_message] [INFO]- "GET /TestPlanSW/TestPlanSW-edit/?action=getContent&customer=C38(NB)&project=FLY00&phase=0&category=Accessories%20for%20compatibility%20test HTTP/1.1" 200 11266
[2021-10-21 16:02:31,865] [basehttp.py:154] [basehttp:log_message] [INFO]- "GET /TestPlanSW/TestPlanSW-edit/?action=getCategory&customer=C38(NB)&project=FLY5U&phase=15 HTTP/1.1" 200 697
[2021-10-21 16:02:33,034] [basehttp.py:154] [basehttp:log_message] [INFO]- "GET /TestPlanSW/TestPlanSW-edit/?action=getCategory&customer=C38(NB)&project=FLY5U&phase=1 HTTP/1.1" 200 755
[2021-10-21 16:02:34,738] [basehttp.py:154] [basehttp:log_message] [INFO]- "GET /TestPlanSW/TestPlanSW-edit/?action=getContent&customer=C38(NB)&project=FLY5U&phase=1&category=Accessories%20for%20compatibility%20test HTTP/1.1" 200 11066
[2021-10-21 16:02:38,846] [basehttp.py:154] [basehttp:log_message] [INFO]- "GET /TestPlanSW/TestPlanSW-edit/?action=getCategory&customer=C38(NB)&project=FLZE2&phase=0 HTTP/1.1" 200 728
[2021-10-21 16:02:40,507] [basehttp.py:154] [basehttp:log_message] [INFO]- "GET /TestPlanSW/TestPlanSW-edit/?action=getContent&customer=C38(NB)&project=FLZE2&phase=0&category=Accessories%20for%20compatibility%20test%20 HTTP/1.1" 200 9492
[2021-10-21 16:02:45,763] [basehttp.py:154] [basehttp:log_message] [INFO]- "GET /TestPlanSW/TestPlanSW-edit/?action=getCategory&customer=C38(NB)&project=GLY5U&phase=1 HTTP/1.1" 200 755
[2021-10-21 16:02:47,913] [basehttp.py:154] [basehttp:log_message] [INFO]- "GET /TestPlanSW/TestPlanSW-edit/?action=getContent&customer=C38(NB)&project=GLY5U&phase=1&category=Accessories%20for%20compatibility%20test HTTP/1.1" 200 11166
[2021-10-21 16:02:57,011] [basehttp.py:154] [basehttp:log_message] [INFO]- "GET /TestPlanSW/TestPlanSW-edit/?action=getCategory&customer=C38(NB)&project=FLMA1&phase=15 HTTP/1.1" 200 777
[2021-10-21 16:02:59,530] [basehttp.py:154] [basehttp:log_message] [INFO]- "GET /TestPlanSW/TestPlanSW-edit/?action=getContent&customer=C38(NB)&project=FLMA1&phase=15&category=%20NA%20 HTTP/1.1" 200 79294
[2021-10-21 16:03:34,679] [basehttp.py:154] [basehttp:log_message] [INFO]- "GET /TestPlanSW/TestPlanSW-edit/ HTTP/1.1" 200 108266
[2021-10-21 16:03:34,932] [basehttp.py:154] [basehttp:log_message] [WARNING]- "GET /static/css/bootstrap.min.css.map HTTP/1.1" 404 1800
[2021-10-21 16:03:34,950] [basehttp.py:154] [basehttp:log_message] [WARNING]- "GET /static/js/lib/bootstrap.min.js.map HTTP/1.1" 404 1806
[2021-10-21 16:03:35,066] [basehttp.py:154] [basehttp:log_message] [WARNING]- "GET /static/js/xlsx/FileSaver.min.js.map HTTP/1.1" 404 1809
[2021-10-21 16:03:35,067] [basehttp.py:154] [basehttp:log_message] [WARNING]- "GET /static/js/axios.min.map HTTP/1.1" 404 1773
[2021-10-21 16:03:35,395] [basehttp.py:154] [basehttp:log_message] [INFO]- "GET /TestPlanSW/TestPlanSW-edit/?action=first HTTP/1.1" 200 746
[2021-10-21 16:03:35,479] [basehttp.py:154] [basehttp:log_message] [INFO]- "GET /favicon.ico HTTP/1.1" 200 20710
[2021-10-21 16:03:42,561] [basehttp.py:154] [basehttp:log_message] [INFO]- "GET /TestPlanSW/TestPlanSW-edit/?action=getCategory&customer=C38(NB)&project=FLMA1&phase=15 HTTP/1.1" 200 777
[2021-10-21 16:03:44,367] [basehttp.py:154] [basehttp:log_message] [INFO]- "GET /TestPlanSW/TestPlanSW-edit/?action=getContent&customer=C38(NB)&project=FLMA1&phase=15&category=Accessories%20for%20compatibility%20test%20 HTTP/1.1" 200 15075
[2021-10-21 16:27:24,865] [basehttp.py:154] [basehttp:log_message] [INFO]- "GET /TestPlanSW/TestPlanSW-edit/ HTTP/1.1" 200 108266
[2021-10-21 16:27:24,995] [basehttp.py:154] [basehttp:log_message] [WARNING]- "GET /static/css/bootstrap.min.css.map HTTP/1.1" 404 1800
[2021-10-21 16:27:25,001] [basehttp.py:154] [basehttp:log_message] [WARNING]- "GET /static/js/lib/bootstrap.min.js.map HTTP/1.1" 404 1806
[2021-10-21 16:27:25,201] [basehttp.py:154] [basehttp:log_message] [WARNING]- "GET /static/js/xlsx/FileSaver.min.js.map HTTP/1.1" 404 1809
[2021-10-21 16:27:25,201] [basehttp.py:154] [basehttp:log_message] [WARNING]- "GET /static/js/axios.min.map HTTP/1.1" 404 1773
[2021-10-21 16:27:25,520] [basehttp.py:154] [basehttp:log_message] [INFO]- "GET /TestPlanSW/TestPlanSW-edit/?action=first HTTP/1.1" 200 746
[2021-10-21 16:27:25,638] [basehttp.py:154] [basehttp:log_message] [INFO]- "GET /favicon.ico HTTP/1.1" 200 20710
[2021-10-21 16:27:31,969] [basehttp.py:154] [basehttp:log_message] [INFO]- "GET /TestPlanSW/TestPlanSW-edit/?action=getCategory&customer=C38(NB)&project=FLMA0&phase=15 HTTP/1.1" 200 639
[2021-10-21 16:27:35,539] [basehttp.py:154] [basehttp:log_message] [INFO]- "GET /TestPlanSW/TestPlanSW-edit/?action=getContent&customer=C38(NB)&project=FLMA0&phase=15&category=Cable(USB%2FOne-link)Dock(Draft) HTTP/1.1" 200 21060
[2021-10-21 16:28:38,964] [basehttp.py:154] [basehttp:log_message] [INFO]- "GET /TestPlanSW/TestPlanSW-edit/?action=getContent&customer=C38(NB)&project=FLMA0&phase=15&category=Basic HTTP/1.1" 200 190136
[2021-10-21 16:28:53,225] [basehttp.py:154] [basehttp:log_message] [INFO]- "GET /TestPlanSW/TestPlanSW-edit/?action=getCategory&customer=C38(NB)&project=FLMA1&phase=15 HTTP/1.1" 200 777
[2021-10-21 16:28:59,346] [basehttp.py:154] [basehttp:log_message] [INFO]- "GET /TestPlanSW/TestPlanSW-edit/?action=getContent&customer=C38(NB)&project=FLMA1&phase=15&category=Accessories%20for%20compatibility%20test%20 HTTP/1.1" 200 15075
[2021-10-21 16:29:11,324] [basehttp.py:154] [basehttp:log_message] [INFO]- "GET /TestPlanSW/TestPlanSW-edit/ HTTP/1.1" 200 108266
[2021-10-21 16:29:11,449] [basehttp.py:154] [basehttp:log_message] [WARNING]- "GET /static/css/bootstrap.min.css.map HTTP/1.1" 404 1800
[2021-10-21 16:29:11,481] [basehttp.py:154] [basehttp:log_message] [WARNING]- "GET /static/js/lib/bootstrap.min.js.map HTTP/1.1" 404 1806
[2021-10-21 16:29:11,708] [basehttp.py:154] [basehttp:log_message] [WARNING]- "GET /static/js/xlsx/FileSaver.min.js.map HTTP/1.1" 404 1809
[2021-10-21 16:29:11,709] [basehttp.py:154] [basehttp:log_message] [WARNING]- "GET /static/js/axios.min.map HTTP/1.1" 404 1773
[2021-10-21 16:29:12,030] [basehttp.py:154] [basehttp:log_message] [INFO]- "GET /TestPlanSW/TestPlanSW-edit/?action=first HTTP/1.1" 200 746
[2021-10-21 16:29:12,128] [basehttp.py:154] [basehttp:log_message] [INFO]- "GET /favicon.ico HTTP/1.1" 200 20710
[2021-10-21 16:30:13,935] [basehttp.py:154] [basehttp:log_message] [INFO]- "GET /TestPlanSW/TestPlanSW-edit/?action=getCategory&customer=C38(NB)&project=FLMA1&phase=15 HTTP/1.1" 200 777
[2021-10-21 16:30:16,017] [basehttp.py:154] [basehttp:log_message] [INFO]- "GET /TestPlanSW/TestPlanSW-edit/?action=getContent&customer=C38(NB)&project=FLMA1&phase=15&category=Accessories%20for%20compatibility%20test%20 HTTP/1.1" 200 15075
[2021-10-21 16:35:01,541] [UserIP.py:87] [UserIP:process_response] [INFO]- 2021-10-21 16:35:01 C1010S3>Edwin None>LAPTOP-VA9VPAO8>417 127.0.0.1 127.0.0.1 /TestPlanSW/TestPlanSW-edit/ POST
[2021-10-21 16:35:01,548] [basehttp.py:154] [basehttp:log_message] [INFO]- "POST /TestPlanSW/TestPlanSW-edit/ HTTP/1.1" 200 17
[2021-10-21 16:35:28,492] [basehttp.py:154] [basehttp:log_message] [INFO]- "GET /TestPlanSW/TestPlanSW-edit/ HTTP/1.1" 200 108266
[2021-10-21 16:35:28,637] [basehttp.py:154] [basehttp:log_message] [WARNING]- "GET /static/css/bootstrap.min.css.map HTTP/1.1" 404 1800
[2021-10-21 16:35:28,645] [basehttp.py:154] [basehttp:log_message] [WARNING]- "GET /static/js/lib/bootstrap.min.js.map HTTP/1.1" 404 1806
[2021-10-21 16:35:28,852] [basehttp.py:154] [basehttp:log_message] [WARNING]- "GET /static/js/axios.min.map HTTP/1.1" 404 1773
[2021-10-21 16:35:28,853] [basehttp.py:154] [basehttp:log_message] [WARNING]- "GET /static/js/xlsx/FileSaver.min.js.map HTTP/1.1" 404 1809
[2021-10-21 16:35:29,176] [basehttp.py:154] [basehttp:log_message] [INFO]- "GET /TestPlanSW/TestPlanSW-edit/?action=first HTTP/1.1" 200 746
[2021-10-21 16:35:29,272] [basehttp.py:154] [basehttp:log_message] [INFO]- "GET /favicon.ico HTTP/1.1" 200 20710
[2021-10-21 16:35:36,361] [basehttp.py:154] [basehttp:log_message] [INFO]- "GET /TestPlanSW/TestPlanSW-edit/?action=getCategory&customer=C38(NB)&project=FLMA1&phase=15 HTTP/1.1" 200 777
[2021-10-21 16:35:40,127] [basehttp.py:154] [basehttp:log_message] [INFO]- "GET /TestPlanSW/TestPlanSW-edit/?action=getContent&customer=C38(NB)&project=FLMA1&phase=15&category=Application HTTP/1.1" 200 117156
[2021-10-21 16:36:15,535] [UserIP.py:87] [UserIP:process_response] [INFO]- 2021-10-21 16:36:15 C1010S3>Edwin None>LAPTOP-VA9VPAO8>417 127.0.0.1 127.0.0.1 /TestPlanSW/TestPlanSW-edit/ POST
[2021-10-21 16:36:15,574] [basehttp.py:154] [basehttp:log_message] [INFO]- "POST /TestPlanSW/TestPlanSW-edit/ HTTP/1.1" 200 17
[2021-10-21 16:36:54,989] [UserIP.py:87] [UserIP:process_response] [INFO]- 2021-10-21 16:36:54 C1010S3>Edwin None>LAPTOP-VA9VPAO8>417 127.0.0.1 127.0.0.1 /TestPlanSW/TestPlanSW-edit/ POST
[2021-10-21 16:36:54,996] [basehttp.py:154] [basehttp:log_message] [INFO]- "POST /TestPlanSW/TestPlanSW-edit/ HTTP/1.1" 200 17
[2021-10-21 16:38:58,597] [basehttp.py:154] [basehttp:log_message] [INFO]- "GET /TestPlanSW/TestPlanSW-edit/ HTTP/1.1" 200 108266
[2021-10-21 16:38:58,864] [basehttp.py:154] [basehttp:log_message] [WARNING]- "GET /static/css/bootstrap.min.css.map HTTP/1.1" 404 1800
[2021-10-21 16:38:58,870] [basehttp.py:154] [basehttp:log_message] [WARNING]- "GET /static/js/lib/bootstrap.min.js.map HTTP/1.1" 404 1806
[2021-10-21 16:38:59,091] [basehttp.py:154] [basehttp:log_message] [WARNING]- "GET /static/js/axios.min.map HTTP/1.1" 404 1773
[2021-10-21 16:38:59,091] [basehttp.py:154] [basehttp:log_message] [WARNING]- "GET /static/js/xlsx/FileSaver.min.js.map HTTP/1.1" 404 1809
[2021-10-21 16:38:59,390] [basehttp.py:154] [basehttp:log_message] [INFO]- "GET /TestPlanSW/TestPlanSW-edit/?action=first HTTP/1.1" 200 746
[2021-10-21 16:38:59,494] [basehttp.py:154] [basehttp:log_message] [INFO]- "GET /favicon.ico HTTP/1.1" 200 20710
[2021-10-21 16:39:06,629] [basehttp.py:154] [basehttp:log_message] [INFO]- "GET /TestPlanSW/TestPlanSW-edit/?action=getCategory&customer=C38(NB)&project=FLMA1&phase=15 HTTP/1.1" 200 777
[2021-10-21 16:39:09,711] [basehttp.py:154] [basehttp:log_message] [INFO]- "GET /TestPlanSW/TestPlanSW-edit/?action=getContent&customer=C38(NB)&project=FLMA1&phase=15&category=Accessories%20for%20compatibility%20test%20 HTTP/1.1" 200 15071
[2021-10-21 16:48:59,524] [basehttp.py:154] [basehttp:log_message] [INFO]- "GET /TestPlanSW/TestPlanSW-edit/ HTTP/1.1" 200 108333
[2021-10-21 16:48:59,670] [basehttp.py:154] [basehttp:log_message] [WARNING]- "GET /static/css/bootstrap.min.css.map HTTP/1.1" 404 1800
[2021-10-21 16:48:59,675] [basehttp.py:154] [basehttp:log_message] [WARNING]- "GET /static/js/lib/bootstrap.min.js.map HTTP/1.1" 404 1806
[2021-10-21 16:48:59,882] [basehttp.py:154] [basehttp:log_message] [WARNING]- "GET /static/js/xlsx/FileSaver.min.js.map HTTP/1.1" 404 1809
[2021-10-21 16:48:59,882] [basehttp.py:154] [basehttp:log_message] [WARNING]- "GET /static/js/axios.min.map HTTP/1.1" 404 1773
[2021-10-21 16:49:00,234] [basehttp.py:154] [basehttp:log_message] [INFO]- "GET /TestPlanSW/TestPlanSW-edit/?action=first HTTP/1.1" 200 746
[2021-10-21 16:49:00,332] [basehttp.py:154] [basehttp:log_message] [INFO]- "GET /favicon.ico HTTP/1.1" 200 20710
[2021-10-21 16:49:08,109] [basehttp.py:154] [basehttp:log_message] [INFO]- "GET /TestPlanSW/TestPlanSW-edit/?action=getCategory&customer=C38(NB)&project=FLMA1&phase=15 HTTP/1.1" 200 777
[2021-10-21 16:49:10,975] [basehttp.py:154] [basehttp:log_message] [INFO]- "GET /TestPlanSW/TestPlanSW-edit/?action=getContent&customer=C38(NB)&project=FLMA1&phase=15&category=Accessories%20for%20compatibility%20test%20 HTTP/1.1" 200 15071
[2021-10-21 16:49:47,347] [basehttp.py:154] [basehttp:log_message] [INFO]- "GET /TestPlanSW/TestPlanSW-edit/ HTTP/1.1" 200 108350
[2021-10-21 16:49:47,465] [basehttp.py:154] [basehttp:log_message] [WARNING]- "GET /static/css/bootstrap.min.css.map HTTP/1.1" 404 1800
[2021-10-21 16:49:47,520] [basehttp.py:154] [basehttp:log_message] [WARNING]- "GET /static/js/lib/bootstrap.min.js.map HTTP/1.1" 404 1806
[2021-10-21 16:49:47,745] [basehttp.py:154] [basehttp:log_message] [WARNING]- "GET /static/js/axios.min.map HTTP/1.1" 404 1773
[2021-10-21 16:49:47,746] [basehttp.py:154] [basehttp:log_message] [WARNING]- "GET /static/js/xlsx/FileSaver.min.js.map HTTP/1.1" 404 1809
[2021-10-21 16:49:48,069] [basehttp.py:154] [basehttp:log_message] [INFO]- "GET /TestPlanSW/TestPlanSW-edit/?action=first HTTP/1.1" 200 746
[2021-10-21 16:49:48,142] [basehttp.py:154] [basehttp:log_message] [INFO]- "GET /favicon.ico HTTP/1.1" 200 20710
[2021-10-21 16:49:54,316] [basehttp.py:154] [basehttp:log_message] [INFO]- "GET /TestPlanSW/TestPlanSW-edit/?action=getCategory&customer=C38(NB)&project=FLMA1&phase=15 HTTP/1.1" 200 777
[2021-10-21 16:49:55,868] [basehttp.py:154] [basehttp:log_message] [INFO]- "GET /TestPlanSW/TestPlanSW-edit/?action=getContent&customer=C38(NB)&project=FLMA1&phase=15&category=BT%20Folio%20Case HTTP/1.1" 200 7325
[2021-10-21 16:53:06,994] [basehttp.py:154] [basehttp:log_message] [INFO]- "GET /TestPlanSW/TestPlanSW-edit/ HTTP/1.1" 200 108350
[2021-10-21 16:53:07,089] [basehttp.py:154] [basehttp:log_message] [WARNING]- "GET /static/css/bootstrap.min.css.map HTTP/1.1" 404 1800
[2021-10-21 16:53:07,132] [basehttp.py:154] [basehttp:log_message] [WARNING]- "GET /static/js/lib/bootstrap.min.js.map HTTP/1.1" 404 1806
[2021-10-21 16:53:07,237] [basehttp.py:154] [basehttp:log_message] [WARNING]- "GET /static/js/axios.min.map HTTP/1.1" 404 1773
[2021-10-21 16:53:07,237] [basehttp.py:154] [basehttp:log_message] [WARNING]- "GET /static/js/xlsx/FileSaver.min.js.map HTTP/1.1" 404 1809
[2021-10-21 16:53:07,587] [basehttp.py:154] [basehttp:log_message] [INFO]- "GET /TestPlanSW/TestPlanSW-edit/?action=first HTTP/1.1" 200 746
[2021-10-21 16:53:07,667] [basehttp.py:154] [basehttp:log_message] [INFO]- "GET /favicon.ico HTTP/1.1" 200 20710
[2021-10-21 16:53:13,140] [basehttp.py:154] [basehttp:log_message] [INFO]- "GET /TestPlanSW/TestPlanSW-edit/?action=getCategory&customer=C38(NB)&project=FLMA1&phase=15 HTTP/1.1" 200 777
[2021-10-21 16:53:14,764] [basehttp.py:154] [basehttp:log_message] [INFO]- "GET /TestPlanSW/TestPlanSW-edit/?action=getContent&customer=C38(NB)&project=FLMA1&phase=15&category=Accessories%20for%20compatibility%20test%20 HTTP/1.1" 200 15071
[2021-10-21 17:00:09,241] [basehttp.py:154] [basehttp:log_message] [INFO]- "GET /TestPlanSW/TestPlanSW-edit/ HTTP/1.1" 200 108358
[2021-10-21 17:00:09,369] [basehttp.py:154] [basehttp:log_message] [WARNING]- "GET /static/css/bootstrap.min.css.map HTTP/1.1" 404 1800
[2021-10-21 17:00:09,412] [basehttp.py:154] [basehttp:log_message] [WARNING]- "GET /static/js/lib/bootstrap.min.js.map HTTP/1.1" 404 1806
[2021-10-21 17:00:09,598] [basehttp.py:154] [basehttp:log_message] [WARNING]- "GET /static/js/xlsx/FileSaver.min.js.map HTTP/1.1" 404 1809
[2021-10-21 17:00:09,599] [basehttp.py:154] [basehttp:log_message] [WARNING]- "GET /static/js/axios.min.map HTTP/1.1" 404 1773
[2021-10-21 17:00:09,935] [basehttp.py:154] [basehttp:log_message] [INFO]- "GET /TestPlanSW/TestPlanSW-edit/?action=first HTTP/1.1" 200 746
[2021-10-21 17:00:10,027] [basehttp.py:154] [basehttp:log_message] [INFO]- "GET /favicon.ico HTTP/1.1" 200 20710
[2021-10-21 17:00:15,474] [basehttp.py:154] [basehttp:log_message] [INFO]- "GET /TestPlanSW/TestPlanSW-edit/?action=getCategory&customer=C38(NB)&project=FLMA1&phase=15 HTTP/1.1" 200 777
[2021-10-21 17:00:17,086] [basehttp.py:154] [basehttp:log_message] [INFO]- "GET /TestPlanSW/TestPlanSW-edit/?action=getContent&customer=C38(NB)&project=FLMA1&phase=15&category=Accessories%20for%20compatibility%20test%20 HTTP/1.1" 200 15071
