[2023-09-08 09:34:36,525] [basehttp.py:154] [basehttp:log_message] [INFO]- "GET /admin/TestPlanSWOS/testprojectsw/81/change/ HTTP/1.1" 200 49277
[2023-09-08 09:34:36,562] [basehttp.py:154] [basehttp:log_message] [INFO]- "GET /admin/jsi18n/ HTTP/1.1" 200 7684
[2023-09-08 10:13:54,748] [basehttp.py:154] [basehttp:log_message] [INFO]- "GET /TestPlanSWOS/TestPlanSWOS-summary/ HTTP/1.1" 302 0
[2023-09-08 10:13:54,788] [basehttp.py:154] [basehttp:log_message] [INFO]- "GET /login/ HTTP/1.1" 200 4677
[2023-09-08 10:13:54,917] [basehttp.py:154] [basehttp:log_message] [WARNING]- "GET /static/css/bootstrap.min.css.map HTTP/1.1" 404 1800
[2023-09-08 10:13:54,926] [basehttp.py:154] [basehttp:log_message] [INFO]- "GET /favicon.ico HTTP/1.1" 302 0
[2023-09-08 10:13:54,961] [basehttp.py:154] [basehttp:log_message] [INFO]- "GET /login/ HTTP/1.1" 200 4677
[2023-09-08 10:14:04,114] [UserIP.py:90] [UserIP:process_response] [INFO]- 2023-09-08 10:14:04 C1010S3>Edwin None>LAPTOP-EJP4HNEV>543 127.0.0.1 127.0.0.1 /login/ POST
[2023-09-08 10:14:04,132] [basehttp.py:154] [basehttp:log_message] [INFO]- "POST /login/ HTTP/1.1" 302 0
[2023-09-08 10:14:04,359] [UserIP.py:90] [UserIP:process_response] [INFO]- 2023-09-08 10:14:04 C1010S3>Edwin None>LAPTOP-EJP4HNEV>543 127.0.0.1 127.0.0.1 /login/ POST
[2023-09-08 10:14:04,371] [basehttp.py:154] [basehttp:log_message] [INFO]- "GET /index/ HTTP/1.1" 200 48889
[2023-09-08 10:14:04,380] [basehttp.py:154] [basehttp:log_message] [ERROR]- "GET /index/ HTTP/1.1" 500 59
[2023-09-08 10:14:04,384] [basehttp.py:154] [basehttp:log_message] [INFO]- "POST /login/ HTTP/1.1" 302 0
[2023-09-08 10:14:04,519] [basehttp.py:154] [basehttp:log_message] [INFO]- "GET /index/ HTTP/1.1" 200 48889
[2023-09-08 10:14:04,639] [basehttp.py:154] [basehttp:log_message] [WARNING]- "GET /static/css/bootstrap.min.css.map HTTP/1.1" 404 1800
[2023-09-08 10:14:04,673] [basehttp.py:154] [basehttp:log_message] [WARNING]- "GET /static/js/lib/bootstrap.min.js.map HTTP/1.1" 404 1806
[2023-09-08 10:14:04,789] [basehttp.py:154] [basehttp:log_message] [WARNING]- "GET /static/js/lib/bootstrap.min.js.map HTTP/1.1" 404 1806
[2023-09-08 10:14:04,877] [basehttp.py:154] [basehttp:log_message] [WARNING]- "GET /static/js/axios.min.map HTTP/1.1" 404 1773
[2023-09-08 10:14:05,309] [UserIP.py:90] [UserIP:process_response] [INFO]- 2023-09-08 10:14:05 C1010S3>Edwin None>LAPTOP-EJP4HNEV>543 127.0.0.1 127.0.0.1 /index/ POST
[2023-09-08 10:14:05,941] [basehttp.py:154] [basehttp:log_message] [INFO]- "POST /index/ HTTP/1.1" 200 48889
[2023-09-08 10:14:06,036] [basehttp.py:154] [basehttp:log_message] [INFO]- "GET /Lesson_search/ HTTP/1.1" 200 34840
[2023-09-08 10:14:06,061] [basehttp.py:154] [basehttp:log_message] [INFO]- "GET /index/ HTTP/1.1" 200 48889
[2023-09-08 10:14:06,063] [basehttp.py:154] [basehttp:log_message] [ERROR]- "GET /index/ HTTP/1.1" 500 59
[2023-09-08 10:14:06,164] [basehttp.py:154] [basehttp:log_message] [WARNING]- "GET /static/css/bootstrap.min.css.map HTTP/1.1" 404 1800
[2023-09-08 10:14:06,217] [basehttp.py:154] [basehttp:log_message] [WARNING]- "GET /static/js/lib/bootstrap.min.js.map HTTP/1.1" 404 1806
[2023-09-08 10:14:06,379] [basehttp.py:154] [basehttp:log_message] [WARNING]- "GET /static/js/axios.min.map HTTP/1.1" 404 1773
[2023-09-08 10:14:06,389] [basehttp.py:154] [basehttp:log_message] [WARNING]- "GET /static/js/xlsx/FileSaver.min.js.map HTTP/1.1" 404 1809
[2023-09-08 10:14:06,497] [UserIP.py:90] [UserIP:process_response] [INFO]- 2023-09-08 10:14:06 C1010S3>Edwin None>LAPTOP-EJP4HNEV>543 127.0.0.1 127.0.0.1 /Lesson_search/ POST
[2023-09-08 10:14:06,519] [basehttp.py:154] [basehttp:log_message] [INFO]- "POST /Lesson_search/ HTTP/1.1" 200 120
[2023-09-08 10:14:06,527] [basehttp.py:154] [basehttp:log_message] [INFO]- "GET /favicon.ico HTTP/1.1" 200 24152
[2023-09-08 10:14:07,634] [basehttp.py:154] [basehttp:log_message] [INFO]- "GET /index/ HTTP/1.1" 200 48889
[2023-09-08 10:14:07,776] [basehttp.py:154] [basehttp:log_message] [WARNING]- "GET /static/css/bootstrap.min.css.map HTTP/1.1" 404 1800
[2023-09-08 10:14:07,789] [basehttp.py:154] [basehttp:log_message] [WARNING]- "GET /static/js/lib/bootstrap.min.js.map HTTP/1.1" 404 1806
[2023-09-08 10:14:07,851] [basehttp.py:154] [basehttp:log_message] [WARNING]- "GET /static/js/lib/bootstrap.min.js.map HTTP/1.1" 404 1806
[2023-09-08 10:14:07,884] [basehttp.py:154] [basehttp:log_message] [WARNING]- "GET /static/js/axios.min.map HTTP/1.1" 404 1773
[2023-09-08 10:14:07,958] [basehttp.py:154] [basehttp:log_message] [INFO]- "GET /favicon.ico HTTP/1.1" 200 24152
[2023-09-08 10:14:15,792] [basehttp.py:154] [basehttp:log_message] [INFO]- "GET /TestPlanSWOS/TestPlanSWOS-summary/ HTTP/1.1" 200 60536
[2023-09-08 10:14:15,903] [basehttp.py:154] [basehttp:log_message] [WARNING]- "GET /static/css/bootstrap.min.css.map HTTP/1.1" 404 1800
[2023-09-08 10:14:15,910] [basehttp.py:154] [basehttp:log_message] [WARNING]- "GET /static/js/lib/bootstrap.min.js.map HTTP/1.1" 404 1806
[2023-09-08 10:14:16,001] [basehttp.py:154] [basehttp:log_message] [WARNING]- "GET /static/js/axios.min.map HTTP/1.1" 404 1773
[2023-09-08 10:14:16,017] [basehttp.py:154] [basehttp:log_message] [WARNING]- "GET /static/js/xlsx/FileSaver.min.js.map HTTP/1.1" 404 1809
[2023-09-08 10:14:16,217] [basehttp.py:154] [basehttp:log_message] [INFO]- "GET /favicon.ico HTTP/1.1" 200 24152
[2023-09-08 10:28:52,213] [basehttp.py:154] [basehttp:log_message] [INFO]- "GET /TestPlanSWOS/TestPlanSWOS-summary/ HTTP/1.1" 200 60536
[2023-09-08 10:28:52,579] [basehttp.py:154] [basehttp:log_message] [WARNING]- "GET /static/css/bootstrap.min.css.map HTTP/1.1" 404 1800
[2023-09-08 10:28:52,607] [basehttp.py:154] [basehttp:log_message] [WARNING]- "GET /static/js/lib/bootstrap.min.js.map HTTP/1.1" 404 1806
[2023-09-08 10:28:53,137] [basehttp.py:154] [basehttp:log_message] [WARNING]- "GET /static/js/axios.min.map HTTP/1.1" 404 1773
[2023-09-08 10:28:53,371] [basehttp.py:154] [basehttp:log_message] [WARNING]- "GET /static/js/xlsx/FileSaver.min.js.map HTTP/1.1" 404 1809
[2023-09-08 10:28:54,053] [basehttp.py:154] [basehttp:log_message] [INFO]- "GET /favicon.ico HTTP/1.1" 200 24152
[2023-09-08 10:30:16,922] [basehttp.py:154] [basehttp:log_message] [INFO]- "GET /TestPlanSWOS/TestPlanSWOS-summary/ HTTP/1.1" 200 60536
[2023-09-08 10:30:17,013] [basehttp.py:154] [basehttp:log_message] [WARNING]- "GET /static/css/bootstrap.min.css.map HTTP/1.1" 404 1800
[2023-09-08 10:30:17,033] [basehttp.py:154] [basehttp:log_message] [WARNING]- "GET /static/js/lib/bootstrap.min.js.map HTTP/1.1" 404 1806
[2023-09-08 10:30:17,299] [basehttp.py:154] [basehttp:log_message] [WARNING]- "GET /static/js/axios.min.map HTTP/1.1" 404 1773
[2023-09-08 10:30:17,405] [basehttp.py:154] [basehttp:log_message] [WARNING]- "GET /static/js/xlsx/FileSaver.min.js.map HTTP/1.1" 404 1809
[2023-09-08 10:30:17,622] [basehttp.py:154] [basehttp:log_message] [INFO]- "GET /favicon.ico HTTP/1.1" 200 24152
[2023-09-08 10:30:58,349] [basehttp.py:154] [basehttp:log_message] [INFO]- "GET /TestPlanSWOS/TestPlanSWOS-summary/ HTTP/1.1" 200 60536
[2023-09-08 10:30:58,646] [basehttp.py:154] [basehttp:log_message] [WARNING]- "GET /static/css/bootstrap.min.css.map HTTP/1.1" 404 1800
[2023-09-08 10:30:58,649] [basehttp.py:154] [basehttp:log_message] [WARNING]- "GET /static/js/lib/bootstrap.min.js.map HTTP/1.1" 404 1806
[2023-09-08 10:30:59,010] [basehttp.py:154] [basehttp:log_message] [WARNING]- "GET /static/js/axios.min.map HTTP/1.1" 404 1773
[2023-09-08 10:30:59,069] [basehttp.py:154] [basehttp:log_message] [WARNING]- "GET /static/js/xlsx/FileSaver.min.js.map HTTP/1.1" 404 1809
[2023-09-08 10:30:59,701] [basehttp.py:154] [basehttp:log_message] [INFO]- "GET /favicon.ico HTTP/1.1" 200 24152
[2023-09-08 10:34:00,677] [UserIP.py:90] [UserIP:process_response] [INFO]- 2023-09-08 10:34:00 C1010S3>Edwin None>LAPTOP-EJP4HNEV>543 127.0.0.1 127.0.0.1 /TestPlanSWOS/TestPlanSWOS-summary/ POST
[2023-09-08 10:34:00,693] [basehttp.py:154] [basehttp:log_message] [INFO]- "POST /TestPlanSWOS/TestPlanSWOS-summary/ HTTP/1.1" 200 10764
[2023-09-08 10:34:26,689] [basehttp.py:154] [basehttp:log_message] [INFO]- "GET /admin/TestPlanSWOS/testprojectsw/ HTTP/1.1" 200 92939
[2023-09-08 10:34:26,744] [basehttp.py:154] [basehttp:log_message] [INFO]- "GET /admin/jsi18n/ HTTP/1.1" 200 7684
[2023-09-08 10:34:45,179] [basehttp.py:154] [basehttp:log_message] [INFO]- "GET /admin/TestPlanSWOS/testprojectsw/80/change/ HTTP/1.1" 200 49278
[2023-09-08 10:34:45,217] [basehttp.py:154] [basehttp:log_message] [INFO]- "GET /admin/jsi18n/ HTTP/1.1" 200 7684
[2023-09-08 10:35:02,212] [UserIP.py:90] [UserIP:process_response] [INFO]- 2023-09-08 10:35:02 C1010S3>Edwin None>LAPTOP-EJP4HNEV>543 127.0.0.1 127.0.0.1 /admin/TestPlanSWOS/testprojectsw/80/change/ POST
[2023-09-08 10:35:02,229] [basehttp.py:154] [basehttp:log_message] [INFO]- "POST /admin/TestPlanSWOS/testprojectsw/80/change/ HTTP/1.1" 302 0
[2023-09-08 10:35:02,917] [basehttp.py:154] [basehttp:log_message] [INFO]- "GET /admin/TestPlanSWOS/testprojectsw/ HTTP/1.1" 200 93285
[2023-09-08 10:35:02,957] [basehttp.py:154] [basehttp:log_message] [INFO]- "GET /admin/jsi18n/ HTTP/1.1" 200 7684
[2023-09-08 10:35:05,486] [basehttp.py:154] [basehttp:log_message] [INFO]- "GET /admin/TestPlanSWOS/testprojectsw/81/change/ HTTP/1.1" 200 49277
[2023-09-08 10:35:05,545] [basehttp.py:154] [basehttp:log_message] [INFO]- "GET /admin/jsi18n/ HTTP/1.1" 200 7684
[2023-09-08 10:35:20,114] [UserIP.py:90] [UserIP:process_response] [INFO]- 2023-09-08 10:35:20 C1010S3>Edwin None>LAPTOP-EJP4HNEV>543 127.0.0.1 127.0.0.1 /admin/TestPlanSWOS/testprojectsw/81/change/ POST
[2023-09-08 10:35:20,127] [basehttp.py:154] [basehttp:log_message] [INFO]- "POST /admin/TestPlanSWOS/testprojectsw/81/change/ HTTP/1.1" 302 0
[2023-09-08 10:35:20,799] [basehttp.py:154] [basehttp:log_message] [INFO]- "GET /admin/TestPlanSWOS/testprojectsw/ HTTP/1.1" 200 93317
[2023-09-08 10:35:20,841] [basehttp.py:154] [basehttp:log_message] [INFO]- "GET /admin/jsi18n/ HTTP/1.1" 200 7684
[2023-09-08 10:35:23,215] [basehttp.py:154] [basehttp:log_message] [INFO]- "GET /admin/TestPlanSWOS/testprojectsw/80/change/ HTTP/1.1" 200 49284
[2023-09-08 10:35:23,248] [basehttp.py:154] [basehttp:log_message] [INFO]- "GET /admin/jsi18n/ HTTP/1.1" 200 7684
[2023-09-08 10:35:44,307] [UserIP.py:90] [UserIP:process_response] [INFO]- 2023-09-08 10:35:44 C1010S3>Edwin None>LAPTOP-EJP4HNEV>543 127.0.0.1 127.0.0.1 /admin/TestPlanSWOS/testprojectsw/80/change/ POST
[2023-09-08 10:35:44,319] [basehttp.py:154] [basehttp:log_message] [INFO]- "POST /admin/TestPlanSWOS/testprojectsw/80/change/ HTTP/1.1" 302 0
[2023-09-08 10:35:44,994] [basehttp.py:154] [basehttp:log_message] [INFO]- "GET /admin/TestPlanSWOS/testprojectsw/ HTTP/1.1" 200 93150
[2023-09-08 10:35:45,054] [basehttp.py:154] [basehttp:log_message] [INFO]- "GET /admin/jsi18n/ HTTP/1.1" 200 7684
[2023-09-08 10:36:02,897] [basehttp.py:154] [basehttp:log_message] [INFO]- "GET /admin/TestPlanSWOS/testprojectsw/62/change/ HTTP/1.1" 200 49353
[2023-09-08 10:36:02,936] [basehttp.py:154] [basehttp:log_message] [INFO]- "GET /admin/jsi18n/ HTTP/1.1" 200 7684
[2023-09-08 10:36:05,801] [basehttp.py:154] [basehttp:log_message] [INFO]- "GET /admin/TestPlanSWOS/testprojectsw/ HTTP/1.1" 200 92979
[2023-09-08 10:36:09,568] [basehttp.py:154] [basehttp:log_message] [INFO]- "GET /admin/TestPlanSWOS/testprojectsw/62/change/ HTTP/1.1" 200 49353
[2023-09-08 10:36:09,606] [basehttp.py:154] [basehttp:log_message] [INFO]- "GET /admin/jsi18n/ HTTP/1.1" 200 7684
[2023-09-08 10:36:26,254] [UserIP.py:90] [UserIP:process_response] [INFO]- 2023-09-08 10:36:26 C1010S3>Edwin None>LAPTOP-EJP4HNEV>543 127.0.0.1 127.0.0.1 /admin/TestPlanSWOS/testprojectsw/62/change/ POST
[2023-09-08 10:36:26,305] [basehttp.py:154] [basehttp:log_message] [INFO]- "POST /admin/TestPlanSWOS/testprojectsw/62/change/ HTTP/1.1" 302 0
[2023-09-08 10:36:27,000] [basehttp.py:154] [basehttp:log_message] [INFO]- "GET /admin/TestPlanSWOS/testprojectsw/ HTTP/1.1" 200 93317
[2023-09-08 10:36:27,042] [basehttp.py:154] [basehttp:log_message] [INFO]- "GET /admin/jsi18n/ HTTP/1.1" 200 7684
[2023-09-08 10:36:40,790] [basehttp.py:154] [basehttp:log_message] [INFO]- "GET /admin/TestPlanSWOS/testprojectsw/60/change/ HTTP/1.1" 200 49214
[2023-09-08 10:36:40,830] [basehttp.py:154] [basehttp:log_message] [INFO]- "GET /admin/jsi18n/ HTTP/1.1" 200 7684
[2023-09-08 10:36:52,066] [UserIP.py:90] [UserIP:process_response] [INFO]- 2023-09-08 10:36:52 C1010S3>Edwin None>LAPTOP-EJP4HNEV>543 127.0.0.1 127.0.0.1 /admin/TestPlanSWOS/testprojectsw/60/change/ POST
[2023-09-08 10:36:52,080] [basehttp.py:154] [basehttp:log_message] [INFO]- "POST /admin/TestPlanSWOS/testprojectsw/60/change/ HTTP/1.1" 302 0
[2023-09-08 10:36:52,716] [basehttp.py:154] [basehttp:log_message] [INFO]- "GET /admin/TestPlanSWOS/testprojectsw/ HTTP/1.1" 200 93494
[2023-09-08 10:36:52,788] [basehttp.py:154] [basehttp:log_message] [INFO]- "GET /admin/jsi18n/ HTTP/1.1" 200 7684
[2023-09-08 10:37:07,613] [basehttp.py:154] [basehttp:log_message] [INFO]- "GET /admin/TestPlanSWOS/testprojectsw/59/change/ HTTP/1.1" 200 49214
[2023-09-08 10:37:07,661] [basehttp.py:154] [basehttp:log_message] [INFO]- "GET /admin/jsi18n/ HTTP/1.1" 200 7684
[2023-09-08 10:37:18,816] [UserIP.py:90] [UserIP:process_response] [INFO]- 2023-09-08 10:37:18 C1010S3>Edwin None>LAPTOP-EJP4HNEV>543 127.0.0.1 127.0.0.1 /admin/TestPlanSWOS/testprojectsw/59/change/ POST
[2023-09-08 10:37:18,829] [basehttp.py:154] [basehttp:log_message] [INFO]- "POST /admin/TestPlanSWOS/testprojectsw/59/change/ HTTP/1.1" 302 0
[2023-09-08 10:37:19,434] [basehttp.py:154] [basehttp:log_message] [INFO]- "GET /admin/TestPlanSWOS/testprojectsw/ HTTP/1.1" 200 93343
[2023-09-08 10:37:19,476] [basehttp.py:154] [basehttp:log_message] [INFO]- "GET /admin/jsi18n/ HTTP/1.1" 200 7684
[2023-09-08 11:06:43,087] [basehttp.py:154] [basehttp:log_message] [INFO]- "GET /admin/ HTTP/1.1" 200 42836
[2023-09-08 11:06:43,943] [basehttp.py:154] [basehttp:log_message] [INFO]- "GET /admin/TestPlanSWOS/testprojectsw/ HTTP/1.1" 200 93177
[2023-09-08 11:06:44,003] [basehttp.py:154] [basehttp:log_message] [INFO]- "GET /admin/jsi18n/ HTTP/1.1" 200 7684
[2023-09-08 11:06:44,252] [basehttp.py:154] [basehttp:log_message] [INFO]- "GET /favicon.ico HTTP/1.1" 200 24152
[2023-09-08 11:09:25,250] [log.py:228] [log:log_response] [ERROR]- Internal Server Error: /TestPlanSWOS/TestPlanSWOS-summary/
Traceback (most recent call last):
  File "C:\Python372\mecheck\lib\site-packages\django\core\handlers\exception.py", line 34, in inner
    response = get_response(request)
  File "C:\Python372\mecheck\lib\site-packages\django\core\handlers\base.py", line 126, in _get_response
    response = self.process_exception_by_middleware(e, request)
  File "C:\Python372\mecheck\lib\site-packages\django\core\handlers\base.py", line 124, in _get_response
    response = wrapped_callback(request, *callback_args, **callback_kwargs)
  File "C:\djangoproject\Reliability_Row_data\TestPlanSWOS\views.py", line 153, in TestPlanSW_summary
    i['Project'].split("_")[1].split(' ')[1] if i['Project'].split("_").lenth > 1 and i['Project'].split("_")[1].split(' ')[1].lenth > 1 else "机种名不合规",
AttributeError: 'list' object has no attribute 'lenth'
[2023-09-08 11:09:25,256] [basehttp.py:154] [basehttp:log_message] [ERROR]- "GET /TestPlanSWOS/TestPlanSWOS-summary/ HTTP/1.1" 500 81547
[2023-09-08 11:09:25,368] [basehttp.py:154] [basehttp:log_message] [INFO]- "GET /favicon.ico HTTP/1.1" 200 24152
[2023-09-08 11:11:04,425] [log.py:228] [log:log_response] [ERROR]- Internal Server Error: /TestPlanSWOS/TestPlanSWOS-summary/
Traceback (most recent call last):
  File "C:\Python372\mecheck\lib\site-packages\django\core\handlers\exception.py", line 34, in inner
    response = get_response(request)
  File "C:\Python372\mecheck\lib\site-packages\django\core\handlers\base.py", line 126, in _get_response
    response = self.process_exception_by_middleware(e, request)
  File "C:\Python372\mecheck\lib\site-packages\django\core\handlers\base.py", line 124, in _get_response
    response = wrapped_callback(request, *callback_args, **callback_kwargs)
  File "C:\djangoproject\Reliability_Row_data\TestPlanSWOS\views.py", line 154, in TestPlanSW_summary
    i['Project'].split("_")[2] if i['Project'].split("_").lenth > 2 else "",
AttributeError: 'list' object has no attribute 'lenth'
[2023-09-08 11:11:04,436] [basehttp.py:154] [basehttp:log_message] [ERROR]- "GET /TestPlanSWOS/TestPlanSWOS-summary/ HTTP/1.1" 500 81473
[2023-09-08 11:11:04,665] [basehttp.py:154] [basehttp:log_message] [INFO]- "GET /favicon.ico HTTP/1.1" 200 24152
[2023-09-08 11:11:06,798] [log.py:228] [log:log_response] [ERROR]- Internal Server Error: /TestPlanSWOS/TestPlanSWOS-summary/
Traceback (most recent call last):
  File "C:\Python372\mecheck\lib\site-packages\django\core\handlers\exception.py", line 34, in inner
    response = get_response(request)
  File "C:\Python372\mecheck\lib\site-packages\django\core\handlers\base.py", line 126, in _get_response
    response = self.process_exception_by_middleware(e, request)
  File "C:\Python372\mecheck\lib\site-packages\django\core\handlers\base.py", line 124, in _get_response
    response = wrapped_callback(request, *callback_args, **callback_kwargs)
  File "C:\djangoproject\Reliability_Row_data\TestPlanSWOS\views.py", line 154, in TestPlanSW_summary
    i['Project'].split("_")[2] if i['Project'].split("_").lenth > 2 else "",
AttributeError: 'list' object has no attribute 'lenth'
[2023-09-08 11:11:06,803] [basehttp.py:154] [basehttp:log_message] [ERROR]- "GET /TestPlanSWOS/TestPlanSWOS-summary/ HTTP/1.1" 500 81473
[2023-09-08 11:11:06,964] [basehttp.py:154] [basehttp:log_message] [INFO]- "GET /favicon.ico HTTP/1.1" 200 24152
[2023-09-08 11:11:53,489] [basehttp.py:154] [basehttp:log_message] [INFO]- "GET /TestPlanSWOS/TestPlanSWOS-summary/ HTTP/1.1" 200 60536
[2023-09-08 11:11:53,817] [basehttp.py:154] [basehttp:log_message] [WARNING]- "GET /static/css/bootstrap.min.css.map HTTP/1.1" 404 1800
[2023-09-08 11:11:53,985] [basehttp.py:154] [basehttp:log_message] [WARNING]- "GET /static/js/lib/bootstrap.min.js.map HTTP/1.1" 404 1806
[2023-09-08 11:11:54,625] [basehttp.py:154] [basehttp:log_message] [WARNING]- "GET /static/js/axios.min.map HTTP/1.1" 404 1773
[2023-09-08 11:11:54,895] [basehttp.py:154] [basehttp:log_message] [WARNING]- "GET /static/js/xlsx/FileSaver.min.js.map HTTP/1.1" 404 1809
[2023-09-08 11:11:55,696] [basehttp.py:154] [basehttp:log_message] [INFO]- "GET /favicon.ico HTTP/1.1" 200 24152
[2023-09-08 11:13:09,299] [basehttp.py:154] [basehttp:log_message] [INFO]- "GET /admin/TestPlanSWOS/testprojectsw/59/change/ HTTP/1.1" 200 49220
[2023-09-08 11:13:09,338] [basehttp.py:154] [basehttp:log_message] [INFO]- "GET /admin/jsi18n/ HTTP/1.1" 200 7684
[2023-09-08 11:13:15,531] [UserIP.py:90] [UserIP:process_response] [INFO]- 2023-09-08 11:13:15 C1010S3>Edwin None>LAPTOP-EJP4HNEV>543 127.0.0.1 127.0.0.1 /admin/TestPlanSWOS/testprojectsw/59/change/ POST
[2023-09-08 11:13:15,544] [basehttp.py:154] [basehttp:log_message] [INFO]- "POST /admin/TestPlanSWOS/testprojectsw/59/change/ HTTP/1.1" 302 0
[2023-09-08 11:13:16,220] [basehttp.py:154] [basehttp:log_message] [INFO]- "GET /admin/TestPlanSWOS/testprojectsw/ HTTP/1.1" 200 93510
[2023-09-08 11:13:16,259] [basehttp.py:154] [basehttp:log_message] [INFO]- "GET /admin/jsi18n/ HTTP/1.1" 200 7684
[2023-09-08 11:13:21,682] [basehttp.py:154] [basehttp:log_message] [INFO]- "GET /admin/TestPlanSWOS/testprojectsw/60/change/ HTTP/1.1" 200 49220
[2023-09-08 11:13:21,719] [basehttp.py:154] [basehttp:log_message] [INFO]- "GET /admin/jsi18n/ HTTP/1.1" 200 7684
[2023-09-08 11:13:34,053] [UserIP.py:90] [UserIP:process_response] [INFO]- 2023-09-08 11:13:34 C1010S3>Edwin None>LAPTOP-EJP4HNEV>543 127.0.0.1 127.0.0.1 /admin/TestPlanSWOS/testprojectsw/60/change/ POST
[2023-09-08 11:13:34,068] [basehttp.py:154] [basehttp:log_message] [INFO]- "POST /admin/TestPlanSWOS/testprojectsw/60/change/ HTTP/1.1" 302 0
[2023-09-08 11:13:34,805] [basehttp.py:154] [basehttp:log_message] [INFO]- "GET /admin/TestPlanSWOS/testprojectsw/ HTTP/1.1" 200 93336
[2023-09-08 11:13:34,854] [basehttp.py:154] [basehttp:log_message] [INFO]- "GET /admin/jsi18n/ HTTP/1.1" 200 7684
[2023-09-08 11:15:00,260] [UserIP.py:90] [UserIP:process_response] [INFO]- 2023-09-08 11:15:00 C1010S3>Edwin None>LAPTOP-EJP4HNEV>543 127.0.0.1 127.0.0.1 /TestPlanSWOS/TestPlanSWOS-summary/ POST
[2023-09-08 11:15:00,275] [basehttp.py:154] [basehttp:log_message] [INFO]- "POST /TestPlanSWOS/TestPlanSWOS-summary/ HTTP/1.1" 200 10195
[2023-09-08 13:25:07,874] [basehttp.py:154] [basehttp:log_message] [INFO]- "GET /TestPlanSWOS/TestPlanSWOS-summary/ HTTP/1.1" 200 60536
[2023-09-08 13:25:08,186] [basehttp.py:154] [basehttp:log_message] [WARNING]- "GET /static/css/bootstrap.min.css.map HTTP/1.1" 404 1800
[2023-09-08 13:25:08,210] [basehttp.py:154] [basehttp:log_message] [WARNING]- "GET /static/js/lib/bootstrap.min.js.map HTTP/1.1" 404 1806
[2023-09-08 13:25:08,459] [basehttp.py:154] [basehttp:log_message] [WARNING]- "GET /static/js/axios.min.map HTTP/1.1" 404 1773
[2023-09-08 13:25:08,584] [basehttp.py:154] [basehttp:log_message] [WARNING]- "GET /static/js/xlsx/FileSaver.min.js.map HTTP/1.1" 404 1809
[2023-09-08 13:25:08,937] [basehttp.py:154] [basehttp:log_message] [INFO]- "GET /favicon.ico HTTP/1.1" 200 24152
[2023-09-08 13:25:09,522] [log.py:228] [log:log_response] [ERROR]- Internal Server Error: /TestPlanSWOS/TestPlanSWOS-summary/
Traceback (most recent call last):
  File "C:\Python372\mecheck\lib\site-packages\django\core\handlers\exception.py", line 34, in inner
    response = get_response(request)
  File "C:\Python372\mecheck\lib\site-packages\django\core\handlers\base.py", line 126, in _get_response
    response = self.process_exception_by_middleware(e, request)
  File "C:\Python372\mecheck\lib\site-packages\django\core\handlers\base.py", line 124, in _get_response
    response = wrapped_callback(request, *callback_args, **callback_kwargs)
  File "C:\djangoproject\Reliability_Row_data\TestPlanSWOS\views.py", line 184, in TestPlanSW_summary
    if value[0] == i['Year'] and OS_Ver == i['OS_Ver']:
TypeError: list indices must be integers or slices, not str
[2023-09-08 13:25:09,538] [UserIP.py:90] [UserIP:process_response] [INFO]- 2023-09-08 13:25:09 C1010S3>Edwin None>LAPTOP-EJP4HNEV>543 127.0.0.1 127.0.0.1 /TestPlanSWOS/TestPlanSWOS-summary/ POST
[2023-09-08 13:25:09,539] [basehttp.py:154] [basehttp:log_message] [ERROR]- "POST /TestPlanSWOS/TestPlanSWOS-summary/ HTTP/1.1" 500 86941
[2023-09-08 13:27:23,147] [basehttp.py:154] [basehttp:log_message] [INFO]- "GET /TestPlanSWOS/TestPlanSWOS-summary/ HTTP/1.1" 200 60536
[2023-09-08 13:27:23,295] [basehttp.py:154] [basehttp:log_message] [WARNING]- "GET /static/css/bootstrap.min.css.map HTTP/1.1" 404 1800
[2023-09-08 13:27:23,356] [basehttp.py:154] [basehttp:log_message] [WARNING]- "GET /static/js/lib/bootstrap.min.js.map HTTP/1.1" 404 1806
[2023-09-08 13:27:23,525] [basehttp.py:154] [basehttp:log_message] [WARNING]- "GET /static/js/axios.min.map HTTP/1.1" 404 1773
[2023-09-08 13:27:23,638] [basehttp.py:154] [basehttp:log_message] [WARNING]- "GET /static/js/xlsx/FileSaver.min.js.map HTTP/1.1" 404 1809
[2023-09-08 13:27:23,908] [basehttp.py:154] [basehttp:log_message] [INFO]- "GET /favicon.ico HTTP/1.1" 200 24152
[2023-09-08 13:27:24,138] [log.py:228] [log:log_response] [ERROR]- Internal Server Error: /TestPlanSWOS/TestPlanSWOS-summary/
Traceback (most recent call last):
  File "C:\Python372\mecheck\lib\site-packages\django\core\handlers\exception.py", line 34, in inner
    response = get_response(request)
  File "C:\Python372\mecheck\lib\site-packages\django\core\handlers\base.py", line 126, in _get_response
    response = self.process_exception_by_middleware(e, request)
  File "C:\Python372\mecheck\lib\site-packages\django\core\handlers\base.py", line 124, in _get_response
    response = wrapped_callback(request, *callback_args, **callback_kwargs)
  File "C:\djangoproject\Reliability_Row_data\TestPlanSWOS\views.py", line 184, in TestPlanSW_summary
    print( value[0],i['Year'],OS_Ver,i['OS_Ver'])
TypeError: list indices must be integers or slices, not str
[2023-09-08 13:27:24,143] [UserIP.py:90] [UserIP:process_response] [INFO]- 2023-09-08 13:27:24 C1010S3>Edwin None>LAPTOP-EJP4HNEV>543 127.0.0.1 127.0.0.1 /TestPlanSWOS/TestPlanSWOS-summary/ POST
[2023-09-08 13:27:24,143] [basehttp.py:154] [basehttp:log_message] [ERROR]- "POST /TestPlanSWOS/TestPlanSWOS-summary/ HTTP/1.1" 500 86960
[2023-09-08 13:27:58,886] [basehttp.py:154] [basehttp:log_message] [INFO]- "GET /TestPlanSWOS/TestPlanSWOS-summary/ HTTP/1.1" 200 60536
[2023-09-08 13:27:59,210] [basehttp.py:154] [basehttp:log_message] [WARNING]- "GET /static/css/bootstrap.min.css.map HTTP/1.1" 404 1800
[2023-09-08 13:27:59,220] [basehttp.py:154] [basehttp:log_message] [WARNING]- "GET /static/js/lib/bootstrap.min.js.map HTTP/1.1" 404 1806
[2023-09-08 13:27:59,538] [basehttp.py:154] [basehttp:log_message] [WARNING]- "GET /static/js/axios.min.map HTTP/1.1" 404 1773
[2023-09-08 13:27:59,543] [basehttp.py:154] [basehttp:log_message] [WARNING]- "GET /static/js/xlsx/FileSaver.min.js.map HTTP/1.1" 404 1809
[2023-09-08 13:28:00,151] [basehttp.py:154] [basehttp:log_message] [INFO]- "GET /favicon.ico HTTP/1.1" 200 24152
[2023-09-08 13:28:00,240] [log.py:228] [log:log_response] [ERROR]- Internal Server Error: /TestPlanSWOS/TestPlanSWOS-summary/
Traceback (most recent call last):
  File "C:\Python372\mecheck\lib\site-packages\django\core\handlers\exception.py", line 34, in inner
    response = get_response(request)
  File "C:\Python372\mecheck\lib\site-packages\django\core\handlers\base.py", line 126, in _get_response
    response = self.process_exception_by_middleware(e, request)
  File "C:\Python372\mecheck\lib\site-packages\django\core\handlers\base.py", line 124, in _get_response
    response = wrapped_callback(request, *callback_args, **callback_kwargs)
  File "C:\djangoproject\Reliability_Row_data\TestPlanSWOS\views.py", line 184, in TestPlanSW_summary
    print(value,i['Year'],OS_Ver,i['OS_Ver'])
TypeError: list indices must be integers or slices, not str
[2023-09-08 13:28:00,246] [UserIP.py:90] [UserIP:process_response] [INFO]- 2023-09-08 13:28:00 C1010S3>Edwin None>LAPTOP-EJP4HNEV>543 127.0.0.1 127.0.0.1 /TestPlanSWOS/TestPlanSWOS-summary/ POST
[2023-09-08 13:28:00,247] [basehttp.py:154] [basehttp:log_message] [ERROR]- "POST /TestPlanSWOS/TestPlanSWOS-summary/ HTTP/1.1" 500 86952
[2023-09-08 13:28:48,338] [basehttp.py:154] [basehttp:log_message] [INFO]- "GET /TestPlanSWOS/TestPlanSWOS-summary/ HTTP/1.1" 200 60536
[2023-09-08 13:28:48,630] [basehttp.py:154] [basehttp:log_message] [WARNING]- "GET /static/css/bootstrap.min.css.map HTTP/1.1" 404 1800
[2023-09-08 13:28:48,640] [basehttp.py:154] [basehttp:log_message] [WARNING]- "GET /static/js/lib/bootstrap.min.js.map HTTP/1.1" 404 1806
[2023-09-08 13:28:49,028] [basehttp.py:154] [basehttp:log_message] [WARNING]- "GET /static/js/axios.min.map HTTP/1.1" 404 1773
[2023-09-08 13:28:49,051] [basehttp.py:154] [basehttp:log_message] [WARNING]- "GET /static/js/xlsx/FileSaver.min.js.map HTTP/1.1" 404 1809
[2023-09-08 13:28:49,688] [basehttp.py:154] [basehttp:log_message] [INFO]- "GET /favicon.ico HTTP/1.1" 200 24152
[2023-09-08 13:28:49,848] [log.py:228] [log:log_response] [ERROR]- Internal Server Error: /TestPlanSWOS/TestPlanSWOS-summary/
Traceback (most recent call last):
  File "C:\Python372\mecheck\lib\site-packages\django\core\handlers\exception.py", line 34, in inner
    response = get_response(request)
  File "C:\Python372\mecheck\lib\site-packages\django\core\handlers\base.py", line 126, in _get_response
    response = self.process_exception_by_middleware(e, request)
  File "C:\Python372\mecheck\lib\site-packages\django\core\handlers\base.py", line 124, in _get_response
    response = wrapped_callback(request, *callback_args, **callback_kwargs)
  File "C:\djangoproject\Reliability_Row_data\TestPlanSWOS\views.py", line 185, in TestPlanSW_summary
    if value[0] == i['Year'] and OS_Ver == i['OS_Ver']:
TypeError: list indices must be integers or slices, not str
[2023-09-08 13:28:49,852] [UserIP.py:90] [UserIP:process_response] [INFO]- 2023-09-08 13:28:49 C1010S3>Edwin None>LAPTOP-EJP4HNEV>543 127.0.0.1 127.0.0.1 /TestPlanSWOS/TestPlanSWOS-summary/ POST
[2023-09-08 13:28:49,853] [basehttp.py:154] [basehttp:log_message] [ERROR]- "POST /TestPlanSWOS/TestPlanSWOS-summary/ HTTP/1.1" 500 86950
[2023-09-08 13:29:42,589] [basehttp.py:154] [basehttp:log_message] [INFO]- "GET /TestPlanSWOS/TestPlanSWOS-summary/ HTTP/1.1" 200 60536
[2023-09-08 13:29:42,873] [basehttp.py:154] [basehttp:log_message] [WARNING]- "GET /static/css/bootstrap.min.css.map HTTP/1.1" 404 1800
[2023-09-08 13:29:42,894] [basehttp.py:154] [basehttp:log_message] [WARNING]- "GET /static/js/lib/bootstrap.min.js.map HTTP/1.1" 404 1806
[2023-09-08 13:29:44,974] [basehttp.py:154] [basehttp:log_message] [WARNING]- "GET /static/js/xlsx/FileSaver.min.js.map HTTP/1.1" 404 1809
[2023-09-08 13:29:44,974] [basehttp.py:154] [basehttp:log_message] [WARNING]- "GET /static/js/axios.min.map HTTP/1.1" 404 1773
[2023-09-08 13:29:45,012] [basehttp.py:154] [basehttp:log_message] [INFO]- "GET /favicon.ico HTTP/1.1" 200 24152
[2023-09-08 13:29:45,114] [log.py:228] [log:log_response] [ERROR]- Internal Server Error: /TestPlanSWOS/TestPlanSWOS-summary/
Traceback (most recent call last):
  File "C:\Python372\mecheck\lib\site-packages\django\core\handlers\exception.py", line 34, in inner
    response = get_response(request)
  File "C:\Python372\mecheck\lib\site-packages\django\core\handlers\base.py", line 126, in _get_response
    response = self.process_exception_by_middleware(e, request)
  File "C:\Python372\mecheck\lib\site-packages\django\core\handlers\base.py", line 124, in _get_response
    response = wrapped_callback(request, *callback_args, **callback_kwargs)
  File "C:\djangoproject\Reliability_Row_data\TestPlanSWOS\views.py", line 185, in TestPlanSW_summary
    if value[0] == i['Year'] and OS_Ver == i['OS_Ver']:
TypeError: list indices must be integers or slices, not str
[2023-09-08 13:29:45,118] [UserIP.py:90] [UserIP:process_response] [INFO]- 2023-09-08 13:29:45 C1010S3>Edwin None>LAPTOP-EJP4HNEV>543 127.0.0.1 127.0.0.1 /TestPlanSWOS/TestPlanSWOS-summary/ POST
[2023-09-08 13:29:45,119] [basehttp.py:154] [basehttp:log_message] [ERROR]- "POST /TestPlanSWOS/TestPlanSWOS-summary/ HTTP/1.1" 500 86941
[2023-09-08 13:30:46,544] [basehttp.py:154] [basehttp:log_message] [INFO]- "GET /TestPlanSWOS/TestPlanSWOS-summary/ HTTP/1.1" 200 60536
[2023-09-08 13:30:46,849] [basehttp.py:154] [basehttp:log_message] [WARNING]- "GET /static/css/bootstrap.min.css.map HTTP/1.1" 404 1800
[2023-09-08 13:30:46,884] [basehttp.py:154] [basehttp:log_message] [WARNING]- "GET /static/js/lib/bootstrap.min.js.map HTTP/1.1" 404 1806
[2023-09-08 13:30:47,799] [basehttp.py:154] [basehttp:log_message] [INFO]- "GET /favicon.ico HTTP/1.1" 200 24152
[2023-09-08 13:30:48,267] [basehttp.py:154] [basehttp:log_message] [WARNING]- "GET /static/js/axios.min.map HTTP/1.1" 404 1773
[2023-09-08 13:30:48,273] [basehttp.py:154] [basehttp:log_message] [WARNING]- "GET /static/js/xlsx/FileSaver.min.js.map HTTP/1.1" 404 1809
[2023-09-08 13:36:43,670] [basehttp.py:154] [basehttp:log_message] [INFO]- "GET /TestPlanSWOS/TestPlanSWOS-summary/ HTTP/1.1" 200 60536
[2023-09-08 13:36:43,961] [basehttp.py:154] [basehttp:log_message] [WARNING]- "GET /static/css/bootstrap.min.css.map HTTP/1.1" 404 1800
[2023-09-08 13:36:43,975] [basehttp.py:154] [basehttp:log_message] [WARNING]- "GET /static/js/lib/bootstrap.min.js.map HTTP/1.1" 404 1806
[2023-09-08 13:36:44,882] [basehttp.py:154] [basehttp:log_message] [INFO]- "GET /favicon.ico HTTP/1.1" 200 24152
[2023-09-08 13:36:45,043] [basehttp.py:154] [basehttp:log_message] [WARNING]- "GET /static/js/axios.min.map HTTP/1.1" 404 1773
[2023-09-08 13:36:45,052] [basehttp.py:154] [basehttp:log_message] [WARNING]- "GET /static/js/xlsx/FileSaver.min.js.map HTTP/1.1" 404 1809
[2023-09-08 13:38:24,155] [basehttp.py:154] [basehttp:log_message] [INFO]- "GET /TestPlanSWOS/TestPlanSWOS-summary/ HTTP/1.1" 200 60536
[2023-09-08 13:38:24,593] [basehttp.py:154] [basehttp:log_message] [WARNING]- "GET /static/css/bootstrap.min.css.map HTTP/1.1" 404 1800
[2023-09-08 13:38:24,613] [basehttp.py:154] [basehttp:log_message] [WARNING]- "GET /static/js/lib/bootstrap.min.js.map HTTP/1.1" 404 1806
[2023-09-08 13:38:24,861] [basehttp.py:154] [basehttp:log_message] [WARNING]- "GET /static/js/axios.min.map HTTP/1.1" 404 1773
[2023-09-08 13:38:24,879] [basehttp.py:154] [basehttp:log_message] [WARNING]- "GET /static/js/xlsx/FileSaver.min.js.map HTTP/1.1" 404 1809
[2023-09-08 13:38:25,487] [basehttp.py:154] [basehttp:log_message] [INFO]- "GET /favicon.ico HTTP/1.1" 200 24152
[2023-09-08 13:41:17,401] [UserIP.py:90] [UserIP:process_response] [INFO]- 2023-09-08 13:41:17 C1010S3>Edwin None>LAPTOP-EJP4HNEV>543 127.0.0.1 127.0.0.1 /TestPlanSWOS/TestPlanSWOS-summary/ POST
[2023-09-08 13:41:17,426] [basehttp.py:154] [basehttp:log_message] [INFO]- "POST /TestPlanSWOS/TestPlanSWOS-summary/ HTTP/1.1" 200 10195
[2023-09-08 14:54:47,300] [basehttp.py:154] [basehttp:log_message] [INFO]- "GET /INVGantt/INVGantt-top/ HTTP/1.1" 200 72547
[2023-09-08 14:54:47,447] [basehttp.py:154] [basehttp:log_message] [WARNING]- "GET /static/css/bootstrap.min.css.map HTTP/1.1" 404 1800
[2023-09-08 14:54:47,488] [basehttp.py:154] [basehttp:log_message] [WARNING]- "GET /static/js/lib/bootstrap.min.js.map HTTP/1.1" 404 1806
[2023-09-08 14:54:47,707] [basehttp.py:154] [basehttp:log_message] [WARNING]- "GET /static/js/axios.min.map HTTP/1.1" 404 1773
[2023-09-08 14:54:47,759] [basehttp.py:154] [basehttp:log_message] [WARNING]- "GET /static/js/xlsx/FileSaver.min.js.map HTTP/1.1" 404 1809
[2023-09-08 14:54:48,063] [basehttp.py:154] [basehttp:log_message] [INFO]- "GET /favicon.ico HTTP/1.1" 200 24152
[2023-09-08 14:54:49,889] [UserIP.py:90] [UserIP:process_response] [INFO]- 2023-09-08 14:54:49 C1010S3>Edwin None>LAPTOP-EJP4HNEV>543 127.0.0.1 127.0.0.1 /INVGantt/INVGantt-top/ POST
[2023-09-08 14:54:49,905] [basehttp.py:154] [basehttp:log_message] [INFO]- "POST /INVGantt/INVGantt-top/ HTTP/1.1" 200 6156
[2023-09-08 14:54:53,796] [basehttp.py:154] [basehttp:log_message] [INFO]- "GET /INVGantt/INVGantt-summary/ HTTP/1.1" 200 75052
[2023-09-08 14:54:53,930] [basehttp.py:154] [basehttp:log_message] [WARNING]- "GET /static/css/bootstrap.min.css.map HTTP/1.1" 404 1800
[2023-09-08 14:54:53,957] [basehttp.py:154] [basehttp:log_message] [WARNING]- "GET /static/js/lib/bootstrap.min.js.map HTTP/1.1" 404 1806
[2023-09-08 14:54:54,231] [basehttp.py:154] [basehttp:log_message] [WARNING]- "GET /static/js/axios.min.map HTTP/1.1" 404 1773
[2023-09-08 14:54:54,380] [basehttp.py:154] [basehttp:log_message] [WARNING]- "GET /static/js/xlsx/FileSaver.min.js.map HTTP/1.1" 404 1809
[2023-09-08 14:54:54,930] [basehttp.py:154] [basehttp:log_message] [INFO]- "GET /favicon.ico HTTP/1.1" 200 24152
[2023-09-08 14:54:56,418] [UserIP.py:90] [UserIP:process_response] [INFO]- 2023-09-08 14:54:56 C1010S3>Edwin None>LAPTOP-EJP4HNEV>543 127.0.0.1 127.0.0.1 /INVGantt/INVGantt-summary/ POST
[2023-09-08 14:54:56,439] [basehttp.py:154] [basehttp:log_message] [INFO]- "POST /INVGantt/INVGantt-summary/ HTTP/1.1" 200 8244
[2023-09-08 14:58:00,392] [basehttp.py:154] [basehttp:log_message] [INFO]- "GET /PersonalInfo/Summary2/ HTTP/1.1" 200 67654
[2023-09-08 14:58:00,469] [basehttp.py:154] [basehttp:log_message] [WARNING]- "GET /static/css/bootstrap.min.css.map HTTP/1.1" 404 1800
[2023-09-08 14:58:00,499] [basehttp.py:154] [basehttp:log_message] [WARNING]- "GET /static/js/lib/bootstrap.min.js.map HTTP/1.1" 404 1806
[2023-09-08 14:58:00,579] [basehttp.py:154] [basehttp:log_message] [WARNING]- "GET /static/js/axios.min.map HTTP/1.1" 404 1773
[2023-09-08 14:58:00,593] [basehttp.py:154] [basehttp:log_message] [WARNING]- "GET /static/js/xlsx/FileSaver.min.js.map HTTP/1.1" 404 1809
[2023-09-08 14:58:00,888] [basehttp.py:154] [basehttp:log_message] [INFO]- "GET /favicon.ico HTTP/1.1" 200 24152
[2023-09-08 14:58:02,581] [UserIP.py:90] [UserIP:process_response] [INFO]- 2023-09-08 14:58:02 C1010S3>Edwin None>LAPTOP-EJP4HNEV>543 127.0.0.1 127.0.0.1 /PersonalInfo/Summary2/ POST
[2023-09-08 14:58:02,600] [basehttp.py:154] [basehttp:log_message] [INFO]- "POST /PersonalInfo/Summary2/ HTTP/1.1" 200 14104
[2023-09-08 14:58:21,198] [basehttp.py:154] [basehttp:log_message] [INFO]- "GET /PersonalInfo/Summary3/ HTTP/1.1" 200 83055
[2023-09-08 14:58:21,265] [basehttp.py:154] [basehttp:log_message] [WARNING]- "GET /static/css/bootstrap.min.css.map HTTP/1.1" 404 1800
[2023-09-08 14:58:21,289] [basehttp.py:154] [basehttp:log_message] [WARNING]- "GET /static/js/lib/bootstrap.min.js.map HTTP/1.1" 404 1806
[2023-09-08 14:58:21,363] [basehttp.py:154] [basehttp:log_message] [WARNING]- "GET /static/js/axios.min.map HTTP/1.1" 404 1773
[2023-09-08 14:58:21,372] [basehttp.py:154] [basehttp:log_message] [WARNING]- "GET /static/js/xlsx/FileSaver.min.js.map HTTP/1.1" 404 1809
[2023-09-08 14:58:21,694] [basehttp.py:154] [basehttp:log_message] [INFO]- "GET /favicon.ico HTTP/1.1" 200 24152
[2023-09-08 14:58:25,021] [UserIP.py:90] [UserIP:process_response] [INFO]- 2023-09-08 14:58:25 C1010S3>Edwin None>LAPTOP-EJP4HNEV>543 127.0.0.1 127.0.0.1 /PersonalInfo/Summary3/ POST
[2023-09-08 14:58:25,044] [basehttp.py:154] [basehttp:log_message] [INFO]- "POST /PersonalInfo/Summary3/ HTTP/1.1" 200 195182
[2023-09-12 10:43:49,962] [basehttp.py:154] [basehttp:log_message] [INFO]- "GET /PersonalInfo/Summary3/ HTTP/1.1" 302 0
[2023-09-12 10:43:50,033] [basehttp.py:154] [basehttp:log_message] [INFO]- "GET /login/ HTTP/1.1" 200 4677
[2023-09-12 10:43:50,362] [basehttp.py:154] [basehttp:log_message] [INFO]- "GET /favicon.ico HTTP/1.1" 302 0
[2023-09-12 10:43:50,377] [basehttp.py:154] [basehttp:log_message] [WARNING]- "GET /static/css/bootstrap.min.css.map HTTP/1.1" 404 1800
[2023-09-12 10:43:50,381] [basehttp.py:154] [basehttp:log_message] [INFO]- "GET /login/ HTTP/1.1" 200 4677
[2023-09-12 10:43:52,952] [UserIP.py:90] [UserIP:process_response] [INFO]- 2023-09-12 10:43:52 C1010S3>Edwin None>LAPTOP-EJP4HNEV>543 127.0.0.1 127.0.0.1 /login/ POST
[2023-09-12 10:43:53,013] [basehttp.py:154] [basehttp:log_message] [INFO]- "POST /login/ HTTP/1.1" 302 0
[2023-09-12 10:43:53,411] [basehttp.py:154] [basehttp:log_message] [INFO]- "GET /index/ HTTP/1.1" 200 48889
[2023-09-12 10:43:53,461] [basehttp.py:154] [basehttp:log_message] [INFO]- "GET /static/js/Element/image.js HTTP/1.1" 304 0
[2023-09-12 10:43:53,499] [basehttp.py:154] [basehttp:log_message] [INFO]- "GET /static/src/index.jpg HTTP/1.1" 304 0
[2023-09-12 10:43:53,499] [basehttp.py:154] [basehttp:log_message] [INFO]- "GET /static/src/3.jpg HTTP/1.1" 304 0
[2023-09-12 10:43:53,515] [basehttp.py:154] [basehttp:log_message] [INFO]- "GET /static/src/6.jpg HTTP/1.1" 304 0
[2023-09-12 10:43:53,521] [basehttp.py:154] [basehttp:log_message] [INFO]- "GET /static/src/10.jpg HTTP/1.1" 304 0
[2023-09-12 10:43:53,521] [basehttp.py:154] [basehttp:log_message] [INFO]- "GET /static/src/8.jpg HTTP/1.1" 304 0
[2023-09-12 10:43:53,522] [basehttp.py:154] [basehttp:log_message] [INFO]- "GET /static/src/5.jpg HTTP/1.1" 304 0
[2023-09-12 10:43:53,527] [basehttp.py:154] [basehttp:log_message] [INFO]- "GET /static/src/4.jpg HTTP/1.1" 304 0
[2023-09-12 10:43:53,527] [basehttp.py:154] [basehttp:log_message] [INFO]- "GET /static/src/timg3.jfif HTTP/1.1" 304 0
[2023-09-12 10:43:53,537] [basehttp.py:154] [basehttp:log_message] [INFO]- "GET /static/src/9.jfif HTTP/1.1" 304 0
[2023-09-12 10:43:53,575] [basehttp.py:154] [basehttp:log_message] [INFO]- "GET /static/src/1.jpg HTTP/1.1" 304 0
[2023-09-12 10:43:53,577] [basehttp.py:154] [basehttp:log_message] [INFO]- "GET /static/src/7.jpg HTTP/1.1" 304 0
[2023-09-12 10:43:53,578] [basehttp.py:154] [basehttp:log_message] [INFO]- "GET /static/src/timg.jfif HTTP/1.1" 304 0
[2023-09-12 10:43:53,578] [basehttp.py:154] [basehttp:log_message] [INFO]- "GET /static/src/gallery_05.jpg HTTP/1.1" 304 0
[2023-09-12 10:43:53,579] [basehttp.py:154] [basehttp:log_message] [INFO]- "GET /static/src/2.jpg HTTP/1.1" 304 0
[2023-09-12 10:43:53,593] [basehttp.py:154] [basehttp:log_message] [WARNING]- "GET /static/css/bootstrap.min.css.map HTTP/1.1" 404 1800
[2023-09-12 10:43:53,605] [basehttp.py:154] [basehttp:log_message] [WARNING]- "GET /static/js/lib/bootstrap.min.js.map HTTP/1.1" 404 1806
[2023-09-12 10:43:53,675] [basehttp.py:154] [basehttp:log_message] [INFO]- "GET /index/ HTTP/1.1" 200 48889
[2023-09-12 10:43:53,776] [basehttp.py:154] [basehttp:log_message] [WARNING]- "GET /static/js/lib/bootstrap.min.js.map HTTP/1.1" 404 1806
[2023-09-12 10:43:53,874] [basehttp.py:154] [basehttp:log_message] [WARNING]- "GET /static/js/axios.min.map HTTP/1.1" 404 1773
[2023-09-12 10:43:54,014] [basehttp.py:154] [basehttp:log_message] [INFO]- "GET /favicon.ico HTTP/1.1" 200 24152
[2023-09-12 10:44:09,750] [basehttp.py:154] [basehttp:log_message] [INFO]- "GET /PersonalExperience/Summary/ HTTP/1.1" 200 39858
[2023-09-12 10:44:09,891] [basehttp.py:154] [basehttp:log_message] [WARNING]- "GET /static/css/bootstrap.min.css.map HTTP/1.1" 404 1800
[2023-09-12 10:44:09,907] [basehttp.py:154] [basehttp:log_message] [WARNING]- "GET /static/js/lib/bootstrap.min.js.map HTTP/1.1" 404 1806
[2023-09-12 10:44:10,097] [basehttp.py:154] [basehttp:log_message] [WARNING]- "GET /static/js/axios.min.map HTTP/1.1" 404 1773
[2023-09-12 10:44:10,113] [basehttp.py:154] [basehttp:log_message] [WARNING]- "GET /static/js/xlsx/FileSaver.min.js.map HTTP/1.1" 404 1809
[2023-09-12 10:44:10,322] [basehttp.py:154] [basehttp:log_message] [INFO]- "GET /favicon.ico HTTP/1.1" 200 24152
[2023-09-12 10:44:10,429] [UserIP.py:90] [UserIP:process_response] [INFO]- 2023-09-12 10:44:10 C1010S3>Edwin None>LAPTOP-EJP4HNEV>543 127.0.0.1 127.0.0.1 /PersonalExperience/Summary/ POST
[2023-09-12 10:44:10,449] [basehttp.py:154] [basehttp:log_message] [INFO]- "POST /PersonalExperience/Summary/ HTTP/1.1" 200 4160
[2023-09-12 15:23:22,093] [basehttp.py:154] [basehttp:log_message] [INFO]- "GET /PersonalExperience/Summary/ HTTP/1.1" 200 39858
[2023-09-12 15:23:22,517] [UserIP.py:90] [UserIP:process_response] [INFO]- 2023-09-12 15:23:22 C1010S3>Edwin None>LAPTOP-EJP4HNEV>543 127.0.0.1 127.0.0.1 /PersonalExperience/Summary/ POST
[2023-09-12 15:23:22,528] [basehttp.py:154] [basehttp:log_message] [INFO]- "POST /PersonalExperience/Summary/ HTTP/1.1" 200 4160
[2023-09-12 15:23:22,555] [basehttp.py:154] [basehttp:log_message] [INFO]- "GET /favicon.ico HTTP/1.1" 200 24152
[2023-09-12 15:23:42,163] [basehttp.py:154] [basehttp:log_message] [INFO]- "GET /PersonalExperience/Summary/ HTTP/1.1" 200 39858
[2023-09-12 15:23:42,231] [basehttp.py:154] [basehttp:log_message] [INFO]- "GET /static/css/lib/chartist/chartist.min.css HTTP/1.1" 200 11508
[2023-09-12 15:23:42,232] [basehttp.py:154] [basehttp:log_message] [INFO]- "GET /static/css/lib/calendar2/pignose.calendar.min.css HTTP/1.1" 200 14709
[2023-09-12 15:23:42,236] [basehttp.py:154] [basehttp:log_message] [INFO]- "GET /static/css/lib/font-awesome.min.css HTTP/1.1" 200 41765
[2023-09-12 15:23:42,237] [basehttp.py:154] [basehttp:log_message] [INFO]- "GET /static/css/lib/themify-icons.css HTTP/1.1" 200 18695
[2023-09-12 15:23:42,241] [basehttp.py:154] [basehttp:log_message] [INFO]- "GET /static/css/lib/owl.carousel.min.css HTTP/1.1" 200 3016
[2023-09-12 15:23:42,251] [basehttp.py:154] [basehttp:log_message] [INFO]- "GET /static/css/lib/weather-icons.css HTTP/1.1" 200 32590
[2023-09-12 15:23:42,251] [basehttp.py:154] [basehttp:log_message] [INFO]- "GET /static/css/lib/owl.theme.default.min.css HTTP/1.1" 200 1008
[2023-09-12 15:23:42,259] [basehttp.py:154] [basehttp:log_message] [INFO]- "GET /static/css/lib/menubar/sidebar.css HTTP/1.1" 200 17438
[2023-09-12 15:23:42,265] [basehttp.py:154] [basehttp:log_message] [INFO]- "GET /static/css/lib/helper.css HTTP/1.1" 200 55773
[2023-09-12 15:23:42,266] [basehttp.py:154] [basehttp:log_message] [INFO]- "GET /static/node_modules/bootstrap-icons/font/bootstrap-icons.css HTTP/1.1" 200 74827
[2023-09-12 15:23:42,267] [basehttp.py:154] [basehttp:log_message] [INFO]- "GET /static/css/uploadbutton.css HTTP/1.1" 200 175
[2023-09-12 15:23:42,268] [basehttp.py:154] [basehttp:log_message] [INFO]- "GET /static/download_UPK/element-ui@2.12.0/lib/theme-chalk/index.css HTTP/1.1" 200 232694
[2023-09-12 15:23:42,274] [basehttp.py:154] [basehttp:log_message] [INFO]- "GET /static/css/bootstrap.min.css HTTP/1.1" 200 144883
[2023-09-12 15:23:42,277] [basehttp.py:154] [basehttp:log_message] [INFO]- "GET /static/css/style.css HTTP/1.1" 200 91469
[2023-09-12 15:23:42,280] [basehttp.py:154] [basehttp:log_message] [INFO]- "GET /static/js/lib/jquery.nanoscroller.min.js HTTP/1.1" 200 12440
[2023-09-12 15:23:42,281] [basehttp.py:154] [basehttp:log_message] [INFO]- "GET /static/src/back/001.png HTTP/1.1" 200 2015
[2023-09-12 15:23:42,284] [basehttp.py:154] [basehttp:log_message] [INFO]- "GET /static/js/lib/menubar/sidebar.js HTTP/1.1" 200 7576
[2023-09-12 15:23:42,285] [basehttp.py:154] [basehttp:log_message] [INFO]- "GET /static/js/lib/jquery.min.js HTTP/1.1" 200 97367
[2023-09-12 15:23:42,287] [basehttp.py:154] [basehttp:log_message] [INFO]- "GET /static/js/lib/preloader/pace.min.js HTTP/1.1" 200 27501
[2023-09-12 15:23:42,288] [basehttp.py:154] [basehttp:log_message] [INFO]- "GET /static/js/scripts.js HTTP/1.1" 200 1906
[2023-09-12 15:23:42,292] [basehttp.py:154] [basehttp:log_message] [INFO]- "GET /static/js/lib/calendar-2/pignose.calendar.min.js HTTP/1.1" 200 24271
[2023-09-12 15:23:42,293] [basehttp.py:154] [basehttp:log_message] [INFO]- "GET /static/js/lib/bootstrap.min.js HTTP/1.1" 200 69811
[2023-09-12 15:23:42,294] [basehttp.py:154] [basehttp:log_message] [INFO]- "GET /static/js/lib/calendar-2/pignose.init.js HTTP/1.1" 200 258
[2023-09-12 15:23:42,297] [basehttp.py:154] [basehttp:log_message] [INFO]- "GET /static/css/index.css HTTP/1.1" 200 232694
[2023-09-12 15:23:42,297] [basehttp.py:154] [basehttp:log_message] [INFO]- "GET /static/js/lib/calendar-2/moment.latest.min.js HTTP/1.1" 200 61867
[2023-09-12 15:23:42,299] [basehttp.py:154] [basehttp:log_message] [INFO]- "GET /static/js/lib/circle-progress/circle-progress.min.js HTTP/1.1" 200 4462
[2023-09-12 15:23:42,300] [basehttp.py:154] [basehttp:log_message] [INFO]- "GET /static/js/lib/circle-progress/circle-progress-init.js HTTP/1.1" 200 1252
[2023-09-12 15:23:42,302] [basehttp.py:154] [basehttp:log_message] [INFO]- "GET /static/js/lib/sparklinechart/sparkline.init.js HTTP/1.1" 200 9974
[2023-09-12 15:23:42,302] [basehttp.py:154] [basehttp:log_message] [INFO]- "GET /static/js/lib/owl-carousel/owl.carousel-init.js HTTP/1.1" 200 1044
[2023-09-12 15:23:42,304] [basehttp.py:154] [basehttp:log_message] [INFO]- "GET /static/js/lib/sparklinechart/jquery.sparkline.min.js HTTP/1.1" 200 43251
[2023-09-12 15:23:42,305] [basehttp.py:154] [basehttp:log_message] [INFO]- "GET /static/js/date.js HTTP/1.1" 200 764
[2023-09-12 15:23:42,306] [basehttp.py:154] [basehttp:log_message] [INFO]- "GET /static/js/lib/owl-carousel/owl.carousel.min.js HTTP/1.1" 200 42860
[2023-09-12 15:23:42,309] [basehttp.py:154] [basehttp:log_message] [INFO]- "GET /static/js/datapicker.js HTTP/1.1" 200 11813
[2023-09-12 15:23:42,311] [basehttp.py:154] [basehttp:log_message] [INFO]- "GET /static/js/axios.min.js HTTP/1.1" 200 13704
[2023-09-12 15:23:42,312] [basehttp.py:154] [basehttp:log_message] [INFO]- "GET /static/js/es6/polyfill.min.js HTTP/1.1" 200 97799
[2023-09-12 15:23:42,314] [basehttp.py:154] [basehttp:log_message] [INFO]- "GET /static/src/blue.jpg HTTP/1.1" 200 60343
[2023-09-12 15:23:42,320] [basehttp.py:154] [basehttp:log_message] [INFO]- "GET /static/css/admin/assets/fonts/themify.woff?-fvbane HTTP/1.1" 200 0
[2023-09-12 15:23:42,321] [basehttp.py:154] [basehttp:log_message] [INFO]- "GET /static/js/qs.js HTTP/1.1" 200 26204
[2023-09-12 15:23:42,323] [basehttp.py:154] [basehttp:log_message] [INFO]- "GET /static/vendor/datatables/jquery.dataTables.js HTTP/1.1" 200 462902
[2023-09-12 15:23:42,323] [basehttp.py:154] [basehttp:log_message] [INFO]- "GET /static/js/vue.min.js HTTP/1.1" 200 93680
[2023-09-12 15:23:42,326] [basehttp.py:154] [basehttp:log_message] [INFO]- "GET /static/js/xlsx/xlsx.core.min.js HTTP/1.1" 200 480575
[2023-09-12 15:23:42,329] [basehttp.py:154] [basehttp:log_message] [INFO]- "GET /static/node_modules/bootstrap-icons/font/fonts/bootstrap-icons.woff2?30af91bf14e37666a085fb8a161ff36d HTTP/1.1" 200 92064
[2023-09-12 15:23:42,331] [basehttp.py:154] [basehttp:log_message] [INFO]- "GET /static/js/xlsx/xlsx.js HTTP/1.1" 200 5900
[2023-09-12 15:23:42,331] [basehttp.py:154] [basehttp:log_message] [INFO]- "GET /static/js/xlsx/FileSaver.min.js HTTP/1.1" 200 2613
[2023-09-12 15:23:42,332] [basehttp.py:154] [basehttp:log_message] [INFO]- "GET /static/js/es6/babel.min.js HTTP/1.1" 200 791258
[2023-09-12 15:23:42,340] [basehttp.py:154] [basehttp:log_message] [INFO]- "GET /static/js/Element/index.js HTTP/1.1" 200 563790
[2023-09-12 15:23:42,347] [basehttp.py:154] [basehttp:log_message] [INFO]- "GET /static/css/admin/assets/fonts/themify.ttf?-fvbane HTTP/1.1" 200 0
[2023-09-12 15:23:42,450] [basehttp.py:154] [basehttp:log_message] [INFO]- "GET /static/fonts/themify.woff?-fvbane HTTP/1.1" 200 56108
[2023-09-12 15:23:42,621] [basehttp.py:154] [basehttp:log_message] [INFO]- "GET /static/css/fonts/element-icons.woff HTTP/1.1" 200 28200
[2023-09-12 15:23:42,646] [UserIP.py:90] [UserIP:process_response] [INFO]- 2023-09-12 15:23:42 C1010S3>Edwin None>LAPTOP-EJP4HNEV>543 127.0.0.1 127.0.0.1 /PersonalExperience/Summary/ POST
[2023-09-12 15:23:42,665] [basehttp.py:154] [basehttp:log_message] [INFO]- "POST /PersonalExperience/Summary/ HTTP/1.1" 200 4160
[2023-09-12 15:23:42,674] [basehttp.py:154] [basehttp:log_message] [INFO]- "GET /favicon.ico HTTP/1.1" 200 24152
[2023-09-12 15:23:44,512] [basehttp.py:154] [basehttp:log_message] [INFO]- "GET /PersonalExperience/Summary/ HTTP/1.1" 200 39858
[2023-09-12 15:23:44,826] [basehttp.py:154] [basehttp:log_message] [INFO]- "GET /favicon.ico HTTP/1.1" 200 24152
[2023-09-12 15:23:44,826] [UserIP.py:90] [UserIP:process_response] [INFO]- 2023-09-12 15:23:44 C1010S3>Edwin None>LAPTOP-EJP4HNEV>543 127.0.0.1 127.0.0.1 /PersonalExperience/Summary/ POST
[2023-09-12 15:23:44,838] [basehttp.py:154] [basehttp:log_message] [INFO]- "POST /PersonalExperience/Summary/ HTTP/1.1" 200 4160
