[2022-03-30 09:11:55,460] [basehttp.py:154] [basehttp:log_message] [INFO]- "GET / HTTP/1.1" 302 0
[2022-03-30 09:11:55,471] [basehttp.py:154] [basehttp:log_message] [INFO]- "GET /login/ HTTP/1.1" 200 4677
[2022-03-30 09:11:55,594] [basehttp.py:154] [basehttp:log_message] [INFO]- "GET /favicon.ico HTTP/1.1" 302 0
[2022-03-30 09:11:55,602] [basehttp.py:154] [basehttp:log_message] [INFO]- "GET /login/ HTTP/1.1" 200 4677
[2022-03-30 09:11:57,276] [UserIP.py:89] [UserIP:process_response] [CRITICAL]- 系统错误
[2022-03-30 09:11:57,292] [basehttp.py:154] [basehttp:log_message] [INFO]- "POST /login/ HTTP/1.1" 302 0
[2022-03-30 09:11:57,426] [basehttp.py:154] [basehttp:log_message] [INFO]- "GET /index/ HTTP/1.1" 200 47230
[2022-03-30 09:11:57,559] [basehttp.py:154] [basehttp:log_message] [INFO]- "GET /index/ HTTP/1.1" 200 47230
[2022-03-30 09:11:57,976] [basehttp.py:154] [basehttp:log_message] [INFO]- "GET /favicon.ico HTTP/1.1" 200 22499
[2022-03-30 09:12:00,057] [basehttp.py:154] [basehttp:log_message] [INFO]- "GET /admin/ HTTP/1.1" 302 0
[2022-03-30 09:12:00,198] [basehttp.py:154] [basehttp:log_message] [INFO]- "GET /admin/login/?next=/admin/ HTTP/1.1" 200 1821
[2022-03-30 09:12:00,251] [basehttp.py:154] [basehttp:log_message] [INFO]- "GET /favicon.ico HTTP/1.1" 200 22499
[2022-03-30 09:12:02,844] [UserIP.py:89] [UserIP:process_response] [CRITICAL]- 系统错误
[2022-03-30 09:12:02,848] [basehttp.py:154] [basehttp:log_message] [INFO]- "POST /admin/login/?next=/admin/ HTTP/1.1" 302 0
[2022-03-30 09:12:02,975] [basehttp.py:154] [basehttp:log_message] [INFO]- "GET /admin/ HTTP/1.1" 200 43965
[2022-03-30 09:12:03,032] [basehttp.py:154] [basehttp:log_message] [INFO]- "GET /favicon.ico HTTP/1.1" 200 22499
[2022-03-30 09:12:19,213] [basehttp.py:154] [basehttp:log_message] [INFO]- "GET /admin/TestPlanSWOS/testplansw/ HTTP/1.1" 200 6905
[2022-03-30 09:12:19,246] [basehttp.py:154] [basehttp:log_message] [INFO]- "GET /admin/jsi18n/ HTTP/1.1" 200 7684
[2022-03-30 09:12:19,281] [basehttp.py:154] [basehttp:log_message] [INFO]- "GET /favicon.ico HTTP/1.1" 200 22499
[2022-03-30 09:12:20,964] [basehttp.py:154] [basehttp:log_message] [INFO]- "GET /admin/TestPlanSWOS/testplansw/add/ HTTP/1.1" 200 55573
[2022-03-30 09:12:20,986] [basehttp.py:154] [basehttp:log_message] [INFO]- "GET /admin/jsi18n/ HTTP/1.1" 200 7684
[2022-03-30 09:12:21,082] [basehttp.py:154] [basehttp:log_message] [INFO]- "GET /favicon.ico HTTP/1.1" 200 22499
[2022-03-30 09:12:31,374] [basehttp.py:154] [basehttp:log_message] [INFO]- "GET /admin/TestPlanSWOS/testplansw/ HTTP/1.1" 200 6905
[2022-03-30 09:12:31,424] [basehttp.py:154] [basehttp:log_message] [INFO]- "GET /favicon.ico HTTP/1.1" 200 22499
