[2021-04-28 10:31:11,905] [basehttp.py:154] [basehttp:log_message] [INFO]- "GET /CQM/CQM_search/ HTTP/1.1" 200 49236
[2021-04-28 10:31:12,310] [basehttp.py:154] [basehttp:log_message] [INFO]- "POST /CQM/CQM_search/ HTTP/1.1" 200 34834
[2021-04-28 10:31:12,359] [basehttp.py:154] [basehttp:log_message] [INFO]- "GET /favicon.ico HTTP/1.1" 200 20710
[2021-04-28 10:31:15,504] [basehttp.py:154] [basehttp:log_message] [INFO]- "GET /MQM/MQM_search/ HTTP/1.1" 200 46985
[2021-04-28 10:31:15,536] [basehttp.py:154] [basehttp:log_message] [INFO]- "GET /static/images/spec.png HTTP/1.1" 200 10804
[2021-04-28 10:31:15,997] [basehttp.py:154] [basehttp:log_message] [INFO]- "GET /favicon.ico HTTP/1.1" 200 20710
[2021-04-28 10:31:16,031] [basehttp.py:154] [basehttp:log_message] [INFO]- "POST /MQM/MQM_search/ HTTP/1.1" 200 28433
[2021-04-28 10:34:42,741] [basehttp.py:154] [basehttp:log_message] [INFO]- "POST /index/ HTTP/1.1" 200 45441
[2021-04-28 10:34:42,760] [basehttp.py:154] [basehttp:log_message] [INFO]- "GET /Lesson_search/ HTTP/1.1" 200 31265
[2021-04-28 10:34:43,152] [basehttp.py:154] [basehttp:log_message] [INFO]- "GET /favicon.ico HTTP/1.1" 200 20710
[2021-04-28 10:34:43,177] [basehttp.py:154] [basehttp:log_message] [INFO]- "POST /Lesson_search/ HTTP/1.1" 200 18973
[2021-04-28 10:34:43,270] [basehttp.py:154] [basehttp:log_message] [INFO]- "GET /media/img/test/Screenshot_13_HAwg6ZK.png HTTP/1.1" 200 501639
[2021-04-28 10:34:43,271] [basehttp.py:154] [basehttp:log_message] [INFO]- "GET /media/img/test/Screenshot_15_EsePXcJ.png HTTP/1.1" 200 715749
[2021-04-28 10:34:43,276] [basehttp.py:154] [basehttp:log_message] [INFO]- "GET /media/img/test/Screenshot_20_CFkLAIR.png HTTP/1.1" 200 773534
[2021-04-28 10:34:43,283] [basehttp.py:154] [basehttp:log_message] [INFO]- "GET /media/img/test/Screenshot_1_O9yHyaf.png HTTP/1.1" 200 839347
[2021-04-28 10:34:43,285] [basehttp.py:154] [basehttp:log_message] [INFO]- "GET /media/img/test/Screenshot_1_Ebz3mKB.png HTTP/1.1" 200 839347
[2021-04-28 10:34:43,286] [basehttp.py:154] [basehttp:log_message] [INFO]- "GET /media/img/test/Screenshot_1_lqTMx9Z.png HTTP/1.1" 200 839347
[2021-04-28 10:34:43,288] [basehttp.py:154] [basehttp:log_message] [INFO]- "GET /media/img/test/Screenshot_3.png HTTP/1.1" 200 778338
[2021-04-28 10:34:43,345] [log.py:228] [log:log_response] [WARNING]- Not Found: /media/img/test/fail.png
[2021-04-28 10:34:43,348] [basehttp.py:154] [basehttp:log_message] [WARNING]- "GET /media/img/test/fail.png HTTP/1.1" 404 1776
[2021-04-28 10:34:43,349] [log.py:228] [log:log_response] [WARNING]- Not Found: /media/img/test/Error.png
[2021-04-28 10:34:43,352] [basehttp.py:154] [basehttp:log_message] [WARNING]- "GET /media/img/test/Error.png HTTP/1.1" 404 1779
[2021-04-28 10:34:43,357] [log.py:228] [log:log_response] [WARNING]- Not Found: /media/videos/C38_AIO_520_Series_Projects_ODD_can_not_auto_play_issue_20180601.7z
[2021-04-28 10:34:43,358] [basehttp.py:154] [basehttp:log_message] [WARNING]- "GET /media/videos/C38_AIO_520_Series_Projects_ODD_can_not_auto_play_issue_20180601.7z HTTP/1.1" 404 1947
[2021-04-28 10:34:43,360] [basehttp.py:154] [basehttp:log_message] [INFO]- "GET /media/videos/sdf_DGNWO3F.mp4 HTTP/1.1" 200 1590395
[2021-04-28 10:34:43,370] [basehttp.py:154] [basehttp:log_message] [INFO]- "GET /media/videos/sdf_xZCfuR9.mp4 HTTP/1.1" 200 1590395
[2021-04-28 10:34:43,372] [basehttp.py:154] [basehttp:log_message] [INFO]- "GET /media/videos/sdf_0AbqI8F.mp4 HTTP/1.1" 200 1590395
[2021-04-28 10:34:43,375] [basehttp.py:154] [basehttp:log_message] [INFO]- "GET /media/videos/sdf_qEvmZMO.mp4 HTTP/1.1" 200 1590395
[2021-04-28 10:35:05,728] [basehttp.py:154] [basehttp:log_message] [INFO]- "GET /index/ HTTP/1.1" 200 45441
[2021-04-28 10:35:06,131] [basehttp.py:154] [basehttp:log_message] [INFO]- "GET /favicon.ico HTTP/1.1" 200 20710
[2021-04-28 10:35:56,358] [basehttp.py:154] [basehttp:log_message] [INFO]- "POST /index/ HTTP/1.1" 200 45441
[2021-04-28 10:35:56,378] [basehttp.py:154] [basehttp:log_message] [INFO]- "GET /Lesson_search/ HTTP/1.1" 200 31265
[2021-04-28 10:35:56,650] [basehttp.py:154] [basehttp:log_message] [INFO]- "GET /favicon.ico HTTP/1.1" 200 20710
[2021-04-28 10:35:56,714] [basehttp.py:154] [basehttp:log_message] [INFO]- "POST /Lesson_search/ HTTP/1.1" 200 65371
[2021-04-28 10:35:56,877] [log.py:228] [log:log_response] [WARNING]- Not Found: /media/img/test/1.jpg
[2021-04-28 10:35:56,880] [log.py:228] [log:log_response] [WARNING]- Not Found: /media/img/test/1_yZXrVB7.jpg
[2021-04-28 10:35:56,881] [basehttp.py:154] [basehttp:log_message] [WARNING]- "GET /media/img/test/1.jpg HTTP/1.1" 404 1767
[2021-04-28 10:35:56,884] [log.py:228] [log:log_response] [WARNING]- Not Found: /media/img/test/123.jpg
[2021-04-28 10:35:56,888] [log.py:228] [log:log_response] [WARNING]- Not Found: /media/img/test/1_Zmxy1rm.jpg
[2021-04-28 10:35:56,888] [basehttp.py:154] [basehttp:log_message] [WARNING]- "GET /media/img/test/1_yZXrVB7.jpg HTTP/1.1" 404 1791
[2021-04-28 10:35:56,888] [basehttp.py:154] [basehttp:log_message] [WARNING]- "GET /media/img/test/123.jpg HTTP/1.1" 404 1773
[2021-04-28 10:35:56,889] [basehttp.py:154] [basehttp:log_message] [WARNING]- "GET /media/img/test/1_Zmxy1rm.jpg HTTP/1.1" 404 1791
[2021-04-28 10:35:56,894] [log.py:228] [log:log_response] [WARNING]- Not Found: /media/img/test/1_MkmzdD5.jpg
[2021-04-28 10:35:56,897] [basehttp.py:154] [basehttp:log_message] [WARNING]- "GET /media/img/test/1_MkmzdD5.jpg HTTP/1.1" 404 1791
[2021-04-28 10:35:56,899] [log.py:228] [log:log_response] [WARNING]- Not Found: /media/img/test/1_Fyv6m9P.jpg
[2021-04-28 10:35:56,900] [basehttp.py:154] [basehttp:log_message] [WARNING]- "GET /media/img/test/1_Fyv6m9P.jpg HTTP/1.1" 404 1791
[2021-04-28 10:35:56,905] [log.py:228] [log:log_response] [WARNING]- Not Found: /media/img/test/1_jTUJa1h.jpg
[2021-04-28 10:35:56,909] [basehttp.py:154] [basehttp:log_message] [WARNING]- "GET /media/img/test/1_jTUJa1h.jpg HTTP/1.1" 404 1791
[2021-04-28 10:35:56,916] [log.py:228] [log:log_response] [WARNING]- Not Found: /media/img/test/1_MkjSnHu.jpg
[2021-04-28 10:35:56,922] [log.py:228] [log:log_response] [WARNING]- Not Found: /media/img/test/5_8aGoZBN.jpg
[2021-04-28 10:35:56,922] [basehttp.py:154] [basehttp:log_message] [WARNING]- "GET /media/img/test/1_MkjSnHu.jpg HTTP/1.1" 404 1791
[2021-04-28 10:35:56,923] [log.py:228] [log:log_response] [WARNING]- Not Found: /media/img/test/1_cIAzq4K.jpg
[2021-04-28 10:35:56,924] [basehttp.py:154] [basehttp:log_message] [WARNING]- "GET /media/img/test/5_8aGoZBN.jpg HTTP/1.1" 404 1791
[2021-04-28 10:35:56,927] [log.py:228] [log:log_response] [WARNING]- Not Found: /media/img/test/4_Pvd2bGU.jpg
[2021-04-28 10:35:56,929] [log.py:228] [log:log_response] [WARNING]- Not Found: /media/img/test/3_9GLoPlC.jpg
[2021-04-28 10:35:56,930] [basehttp.py:154] [basehttp:log_message] [WARNING]- "GET /media/img/test/1_cIAzq4K.jpg HTTP/1.1" 404 1791
[2021-04-28 10:35:56,932] [basehttp.py:154] [basehttp:log_message] [WARNING]- "GET /media/img/test/4_Pvd2bGU.jpg HTTP/1.1" 404 1791
[2021-04-28 10:35:56,932] [basehttp.py:154] [basehttp:log_message] [WARNING]- "GET /media/img/test/3_9GLoPlC.jpg HTTP/1.1" 404 1791
[2021-04-28 10:35:56,935] [log.py:228] [log:log_response] [WARNING]- Not Found: /media/img/test/4_wWKrVWx.jpg
[2021-04-28 10:35:56,937] [basehttp.py:154] [basehttp:log_message] [WARNING]- "GET /media/img/test/4_wWKrVWx.jpg HTTP/1.1" 404 1791
[2021-04-28 10:35:56,946] [log.py:228] [log:log_response] [WARNING]- Not Found: /media/img/test/1_4Q3G8DV.jpg
[2021-04-28 10:35:56,949] [log.py:228] [log:log_response] [WARNING]- Not Found: /media/img/test/4_SmICjjd.jpg
[2021-04-28 10:35:56,950] [basehttp.py:154] [basehttp:log_message] [WARNING]- "GET /media/img/test/1_4Q3G8DV.jpg HTTP/1.1" 404 1791
[2021-04-28 10:35:56,954] [basehttp.py:154] [basehttp:log_message] [WARNING]- "GET /media/img/test/4_SmICjjd.jpg HTTP/1.1" 404 1791
[2021-04-28 10:35:56,959] [log.py:228] [log:log_response] [WARNING]- Not Found: /media/img/test/2_x1XB0pK.jpg
[2021-04-28 10:35:56,966] [basehttp.py:154] [basehttp:log_message] [WARNING]- "GET /media/img/test/2_x1XB0pK.jpg HTTP/1.1" 404 1791
[2021-04-28 10:35:56,966] [log.py:228] [log:log_response] [WARNING]- Not Found: /media/img/test/5_UHeKmkN.jpg
[2021-04-28 10:35:56,967] [log.py:228] [log:log_response] [WARNING]- Not Found: /media/img/test/2_cGVxvOt.jpg
[2021-04-28 10:35:56,969] [basehttp.py:154] [basehttp:log_message] [WARNING]- "GET /media/img/test/2_cGVxvOt.jpg HTTP/1.1" 404 1791
[2021-04-28 10:35:56,969] [basehttp.py:154] [basehttp:log_message] [WARNING]- "GET /media/img/test/5_UHeKmkN.jpg HTTP/1.1" 404 1791
[2021-04-28 10:35:56,976] [log.py:228] [log:log_response] [WARNING]- Not Found: /media/img/test/4_FRQgnzm.jpg
[2021-04-28 10:35:56,980] [basehttp.py:154] [basehttp:log_message] [WARNING]- "GET /media/img/test/4_FRQgnzm.jpg HTTP/1.1" 404 1791
[2021-04-28 10:35:56,988] [log.py:228] [log:log_response] [WARNING]- Not Found: /media/img/test/12.jpg
[2021-04-28 10:35:56,991] [basehttp.py:154] [basehttp:log_message] [WARNING]- "GET /media/img/test/12.jpg HTTP/1.1" 404 1770
[2021-04-28 10:35:56,993] [log.py:228] [log:log_response] [WARNING]- Not Found: /media/img/test/11.jpg
[2021-04-28 10:35:56,996] [basehttp.py:154] [basehttp:log_message] [WARNING]- "GET /media/img/test/11.jpg HTTP/1.1" 404 1770
[2021-04-28 10:35:56,997] [log.py:228] [log:log_response] [WARNING]- Not Found: /media/img/test/9.jpg
[2021-04-28 10:35:57,006] [basehttp.py:154] [basehttp:log_message] [WARNING]- "GET /media/img/test/9.jpg HTTP/1.1" 404 1767
[2021-04-28 10:35:57,007] [log.py:228] [log:log_response] [WARNING]- Not Found: /media/img/test/5_FXHldYM.jpg
[2021-04-28 10:35:57,010] [log.py:228] [log:log_response] [WARNING]- Not Found: /media/img/test/7.jpg
[2021-04-28 10:35:57,011] [basehttp.py:154] [basehttp:log_message] [WARNING]- "GET /media/img/test/5_FXHldYM.jpg HTTP/1.1" 404 1791
[2021-04-28 10:35:57,014] [basehttp.py:154] [basehttp:log_message] [WARNING]- "GET /media/img/test/7.jpg HTTP/1.1" 404 1767
[2021-04-28 10:35:57,014] [log.py:228] [log:log_response] [WARNING]- Not Found: /media/img/test/1_xjt6Ker.jpg
[2021-04-28 10:35:57,021] [basehttp.py:154] [basehttp:log_message] [WARNING]- "GET /media/img/test/1_xjt6Ker.jpg HTTP/1.1" 404 1791
[2021-04-28 10:35:57,021] [log.py:228] [log:log_response] [WARNING]- Not Found: /media/img/test/5.jpg
[2021-04-28 10:35:57,026] [basehttp.py:154] [basehttp:log_message] [WARNING]- "GET /media/img/test/5.jpg HTTP/1.1" 404 1767
[2021-04-28 10:35:57,026] [log.py:228] [log:log_response] [WARNING]- Not Found: /media/img/test/3_aAYec09.jpg
[2021-04-28 10:35:57,030] [log.py:228] [log:log_response] [WARNING]- Not Found: /media/img/test/1_eiPmC9F.jpg
[2021-04-28 10:35:57,032] [basehttp.py:154] [basehttp:log_message] [WARNING]- "GET /media/img/test/1_eiPmC9F.jpg HTTP/1.1" 404 1791
[2021-04-28 10:35:57,032] [basehttp.py:154] [basehttp:log_message] [WARNING]- "GET /media/img/test/3_aAYec09.jpg HTTP/1.1" 404 1791
[2021-04-28 10:35:57,038] [log.py:228] [log:log_response] [WARNING]- Not Found: /media/img/test/9_7iKrxXA.jpg
[2021-04-28 10:35:57,041] [log.py:228] [log:log_response] [WARNING]- Not Found: /media/img/test/5_wmAjvLf.jpg
[2021-04-28 10:35:57,043] [basehttp.py:154] [basehttp:log_message] [WARNING]- "GET /media/img/test/9_7iKrxXA.jpg HTTP/1.1" 404 1791
[2021-04-28 10:35:57,045] [basehttp.py:154] [basehttp:log_message] [WARNING]- "GET /media/img/test/5_wmAjvLf.jpg HTTP/1.1" 404 1791
[2021-04-28 10:35:57,048] [log.py:228] [log:log_response] [WARNING]- Not Found: /media/img/test/1_yFStONJ.jpg
[2021-04-28 10:35:57,049] [basehttp.py:154] [basehttp:log_message] [WARNING]- "GET /media/img/test/1_yFStONJ.jpg HTTP/1.1" 404 1791
[2021-04-28 10:35:57,052] [log.py:228] [log:log_response] [WARNING]- Not Found: /media/img/test/1_XajZcqW.jpg
[2021-04-28 10:35:57,057] [basehttp.py:154] [basehttp:log_message] [WARNING]- "GET /media/img/test/1_XajZcqW.jpg HTTP/1.1" 404 1791
[2021-04-28 10:35:57,065] [log.py:228] [log:log_response] [WARNING]- Not Found: /media/img/test/1_peT8EY0.jpg
[2021-04-28 10:35:57,066] [log.py:228] [log:log_response] [WARNING]- Not Found: /media/img/test/4_7IjUNGp.jpg
[2021-04-28 10:35:57,070] [basehttp.py:154] [basehttp:log_message] [WARNING]- "GET /media/img/test/1_peT8EY0.jpg HTTP/1.1" 404 1791
[2021-04-28 10:35:57,072] [basehttp.py:154] [basehttp:log_message] [WARNING]- "GET /media/img/test/4_7IjUNGp.jpg HTTP/1.1" 404 1791
[2021-04-28 10:35:57,073] [log.py:228] [log:log_response] [WARNING]- Not Found: /media/img/test/1_kj0xnEP.jpg
[2021-04-28 10:35:57,077] [log.py:228] [log:log_response] [WARNING]- Not Found: /media/img/test/6_hg5ZTTM.jpg
[2021-04-28 10:35:57,078] [basehttp.py:154] [basehttp:log_message] [WARNING]- "GET /media/img/test/1_kj0xnEP.jpg HTTP/1.1" 404 1791
[2021-04-28 10:35:57,079] [log.py:228] [log:log_response] [WARNING]- Not Found: /media/img/test/1_SKjiyAm.jpg
[2021-04-28 10:35:57,079] [basehttp.py:154] [basehttp:log_message] [WARNING]- "GET /media/img/test/6_hg5ZTTM.jpg HTTP/1.1" 404 1791
[2021-04-28 10:35:57,082] [basehttp.py:154] [basehttp:log_message] [WARNING]- "GET /media/img/test/1_SKjiyAm.jpg HTTP/1.1" 404 1791
[2021-04-28 10:35:57,089] [log.py:228] [log:log_response] [WARNING]- Not Found: /media/img/test/1_wBid37f.jpg
[2021-04-28 10:35:57,092] [basehttp.py:154] [basehttp:log_message] [WARNING]- "GET /media/img/test/1_wBid37f.jpg HTTP/1.1" 404 1791
[2021-04-28 10:35:57,096] [log.py:228] [log:log_response] [WARNING]- Not Found: /media/img/test/7_ZhWDnfZ.jpg
[2021-04-28 10:35:57,097] [log.py:228] [log:log_response] [WARNING]- Not Found: /media/img/test/6_qt1j1N1.jpg
[2021-04-28 10:35:57,099] [basehttp.py:154] [basehttp:log_message] [WARNING]- "GET /media/img/test/6_qt1j1N1.jpg HTTP/1.1" 404 1791
[2021-04-28 10:35:57,099] [basehttp.py:154] [basehttp:log_message] [WARNING]- "GET /media/img/test/7_ZhWDnfZ.jpg HTTP/1.1" 404 1791
[2021-04-28 10:35:57,107] [log.py:228] [log:log_response] [WARNING]- Not Found: /media/img/test/7_MDIb8TN.jpg
[2021-04-28 10:35:57,109] [log.py:228] [log:log_response] [WARNING]- Not Found: /media/img/test/4_j9Jj9v3.jpg
[2021-04-28 10:35:57,109] [basehttp.py:154] [basehttp:log_message] [WARNING]- "GET /media/img/test/7_MDIb8TN.jpg HTTP/1.1" 404 1791
[2021-04-28 10:35:57,112] [basehttp.py:154] [basehttp:log_message] [WARNING]- "GET /media/img/test/4_j9Jj9v3.jpg HTTP/1.1" 404 1791
[2021-04-28 10:35:57,113] [log.py:228] [log:log_response] [WARNING]- Not Found: /media/img/test/3_JmnKEV2.jpg
[2021-04-28 10:35:57,114] [basehttp.py:154] [basehttp:log_message] [WARNING]- "GET /media/img/test/3_JmnKEV2.jpg HTTP/1.1" 404 1791
[2021-04-28 10:35:57,116] [log.py:228] [log:log_response] [WARNING]- Not Found: /media/img/test/1_l88aXoy.jpg
[2021-04-28 10:35:57,119] [basehttp.py:154] [basehttp:log_message] [WARNING]- "GET /media/img/test/1_l88aXoy.jpg HTTP/1.1" 404 1791
[2021-04-28 10:35:57,125] [log.py:228] [log:log_response] [WARNING]- Not Found: /media/img/test/10.jpg
[2021-04-28 10:35:57,126] [basehttp.py:154] [basehttp:log_message] [WARNING]- "GET /media/img/test/10.jpg HTTP/1.1" 404 1770
[2021-04-28 10:35:57,127] [log.py:228] [log:log_response] [WARNING]- Not Found: /media/img/test/13.jpg
[2021-04-28 10:35:57,128] [basehttp.py:154] [basehttp:log_message] [WARNING]- "GET /media/img/test/13.jpg HTTP/1.1" 404 1770
[2021-04-28 10:35:57,129] [log.py:228] [log:log_response] [WARNING]- Not Found: /media/img/test/4_13Mnq7g.jpg
[2021-04-28 10:35:57,130] [basehttp.py:154] [basehttp:log_message] [WARNING]- "GET /media/img/test/4_13Mnq7g.jpg HTTP/1.1" 404 1791
[2021-04-28 10:35:57,983] [basehttp.py:154] [basehttp:log_message] [INFO]- "GET /index/ HTTP/1.1" 200 45441
[2021-04-28 10:35:58,155] [basehttp.py:154] [basehttp:log_message] [INFO]- "GET /favicon.ico HTTP/1.1" 200 20710
[2021-04-28 10:35:59,128] [basehttp.py:154] [basehttp:log_message] [INFO]- "GET /QIL/QIL_search/ HTTP/1.1" 200 33489
[2021-04-28 10:35:59,489] [basehttp.py:154] [basehttp:log_message] [INFO]- "POST /QIL/QIL_search/ HTTP/1.1" 200 57
[2021-04-28 10:35:59,533] [basehttp.py:154] [basehttp:log_message] [INFO]- "GET /favicon.ico HTTP/1.1" 200 20710
[2021-04-28 10:41:43,801] [basehttp.py:154] [basehttp:log_message] [INFO]- "GET /logout/ HTTP/1.1" 302 0
[2021-04-28 10:41:43,804] [basehttp.py:154] [basehttp:log_message] [INFO]- "GET /login/ HTTP/1.1" 200 4677
[2021-04-28 10:41:43,884] [basehttp.py:154] [basehttp:log_message] [INFO]- "GET /favicon.ico HTTP/1.1" 302 0
[2021-04-28 10:41:43,887] [basehttp.py:154] [basehttp:log_message] [INFO]- "GET /login/ HTTP/1.1" 200 4677
[2021-04-28 10:41:54,831] [basehttp.py:154] [basehttp:log_message] [INFO]- "POST /login/ HTTP/1.1" 302 0
[2021-04-28 10:41:54,885] [basehttp.py:154] [basehttp:log_message] [INFO]- "GET /index/ HTTP/1.1" 200 45441
[2021-04-28 10:41:54,974] [basehttp.py:154] [basehttp:log_message] [INFO]- "GET /index/ HTTP/1.1" 200 45441
[2021-04-28 10:41:55,200] [basehttp.py:154] [basehttp:log_message] [INFO]- "GET /favicon.ico HTTP/1.1" 200 20710
[2021-04-28 14:25:48,641] [basehttp.py:154] [basehttp:log_message] [INFO]- "GET /TestPlanSW/TestPlanSW-summary/ HTTP/1.1" 200 55537
[2021-04-28 14:25:49,148] [basehttp.py:154] [basehttp:log_message] [INFO]- "GET /favicon.ico HTTP/1.1" 200 20710
[2021-04-28 14:26:30,861] [basehttp.py:154] [basehttp:log_message] [INFO]- "GET /TestPlanSW/TestPlanSW-summary/ HTTP/1.1" 200 55537
[2021-04-28 14:26:31,328] [basehttp.py:154] [basehttp:log_message] [INFO]- "GET /favicon.ico HTTP/1.1" 200 20710
[2021-04-28 14:26:34,468] [basehttp.py:154] [basehttp:log_message] [INFO]- "POST /TestPlanSW/TestPlanSW-summary/ HTTP/1.1" 200 11769
[2021-04-28 14:26:34,469] [basehttp.py:154] [basehttp:log_message] [ERROR]- "POST /TestPlanSW/TestPlanSW-summary/ HTTP/1.1" 500 59
[2021-04-28 14:27:17,911] [basehttp.py:154] [basehttp:log_message] [INFO]- "POST /TestPlanSW/TestPlanSW-summary/ HTTP/1.1" 200 11769
[2021-04-28 14:29:04,105] [basehttp.py:154] [basehttp:log_message] [INFO]- "GET /TestPlanSW/TestPlanSW-summary/ HTTP/1.1" 200 55537
[2021-04-28 14:29:04,568] [basehttp.py:154] [basehttp:log_message] [INFO]- "GET /favicon.ico HTTP/1.1" 200 20710
[2021-04-28 14:29:50,035] [basehttp.py:154] [basehttp:log_message] [INFO]- "POST /TestPlanSW/TestPlanSW-summary/ HTTP/1.1" 200 11769
