[2021-08-02 08:38:13,928] [basehttp.py:154] [basehttp:log_message] [INFO]- "GET /INVGantt/INVGantSerire/?Project_Name=GLC3A HTTP/1.1" 200 4874
[2021-08-02 08:38:13,964] [basehttp.py:154] [basehttp:log_message] [INFO]- "GET /favicon.ico HTTP/1.1" 200 20710
[2021-08-02 08:38:16,199] [basehttp.py:154] [basehttp:log_message] [INFO]- "GET /INVGantt/INVGantSerire/?Project_Name=GLC3A HTTP/1.1" 200 4874
[2021-08-02 08:38:16,249] [basehttp.py:154] [basehttp:log_message] [INFO]- "GET /favicon.ico HTTP/1.1" 200 20710
[2021-08-02 08:38:21,783] [basehttp.py:154] [basehttp:log_message] [INFO]- "GET /favicon.ico HTTP/1.1" 200 20710
[2021-08-02 08:38:22,314] [basehttp.py:154] [basehttp:log_message] [INFO]- "GET /favicon.ico HTTP/1.1" 200 20710
[2021-08-02 08:38:24,903] [basehttp.py:154] [basehttp:log_message] [INFO]- "GET /INVGantt/INVGantt-top/ HTTP/1.1" 200 64876
[2021-08-02 08:38:25,327] [basehttp.py:154] [basehttp:log_message] [INFO]- "POST /INVGantt/INVGantt-top/ HTTP/1.1" 200 1119
[2021-08-02 08:38:25,432] [basehttp.py:154] [basehttp:log_message] [INFO]- "GET /favicon.ico HTTP/1.1" 200 20710
[2021-08-02 08:38:30,355] [basehttp.py:154] [basehttp:log_message] [INFO]- "GET /logout/ HTTP/1.1" 302 0
[2021-08-02 08:38:30,357] [basehttp.py:154] [basehttp:log_message] [INFO]- "GET /login/ HTTP/1.1" 200 4677
[2021-08-02 08:38:30,447] [basehttp.py:154] [basehttp:log_message] [INFO]- "GET /favicon.ico HTTP/1.1" 302 0
[2021-08-02 08:38:30,450] [basehttp.py:154] [basehttp:log_message] [INFO]- "GET /login/ HTTP/1.1" 200 4677
[2021-08-02 08:38:36,534] [basehttp.py:154] [basehttp:log_message] [INFO]- "GET /INVGantt/INVGantSerire/?Project_Name=GLC3A HTTP/1.1" 200 4874
[2021-08-02 08:38:36,574] [basehttp.py:154] [basehttp:log_message] [INFO]- "GET /favicon.ico HTTP/1.1" 302 0
[2021-08-02 08:38:36,587] [basehttp.py:154] [basehttp:log_message] [INFO]- "GET /login/ HTTP/1.1" 200 4677
[2021-08-02 08:39:15,153] [basehttp.py:154] [basehttp:log_message] [INFO]- "GET /login/ HTTP/1.1" 200 4677
[2021-08-02 08:39:15,199] [basehttp.py:154] [basehttp:log_message] [INFO]- "GET /favicon.ico HTTP/1.1" 302 0
[2021-08-02 08:39:15,202] [basehttp.py:154] [basehttp:log_message] [INFO]- "GET /login/ HTTP/1.1" 200 4677
[2021-08-02 08:39:32,366] [basehttp.py:154] [basehttp:log_message] [INFO]- "GET /INVGantt/INVGantSerire/?Project_Name=GLC3A HTTP/1.1" 200 4874
[2021-08-02 08:39:32,399] [basehttp.py:154] [basehttp:log_message] [INFO]- "GET /favicon.ico HTTP/1.1" 302 0
[2021-08-02 08:39:32,419] [basehttp.py:154] [basehttp:log_message] [INFO]- "GET /login/ HTTP/1.1" 200 4677
[2021-08-02 08:39:41,016] [basehttp.py:154] [basehttp:log_message] [INFO]- "GET /INVGantt/INVGantSerir%E3%80%81 HTTP/1.1" 302 0
[2021-08-02 08:39:41,021] [basehttp.py:154] [basehttp:log_message] [INFO]- "GET /login/ HTTP/1.1" 200 4677
[2021-08-02 08:39:41,101] [basehttp.py:154] [basehttp:log_message] [INFO]- "GET /favicon.ico HTTP/1.1" 302 0
[2021-08-02 08:39:41,105] [basehttp.py:154] [basehttp:log_message] [INFO]- "GET /login/ HTTP/1.1" 200 4677
[2021-08-02 08:39:43,763] [basehttp.py:154] [basehttp:log_message] [INFO]- "GET /favicon.ico HTTP/1.1" 302 0
[2021-08-02 08:39:43,765] [basehttp.py:154] [basehttp:log_message] [INFO]- "GET /login/ HTTP/1.1" 200 4677
[2021-08-02 08:39:48,871] [basehttp.py:154] [basehttp:log_message] [INFO]- "GET /INVGantt/INVGantSerire/ HTTP/1.1" 200 255968
[2021-08-02 08:39:48,926] [basehttp.py:154] [basehttp:log_message] [INFO]- "GET /favicon.ico HTTP/1.1" 302 0
[2021-08-02 08:39:48,930] [basehttp.py:154] [basehttp:log_message] [INFO]- "GET /login/ HTTP/1.1" 200 4677
[2021-08-02 08:39:54,345] [basehttp.py:154] [basehttp:log_message] [INFO]- "GET /favicon.ico HTTP/1.1" 302 0
[2021-08-02 08:39:54,347] [basehttp.py:154] [basehttp:log_message] [INFO]- "GET /login/ HTTP/1.1" 200 4677
[2021-08-02 08:40:13,804] [basehttp.py:154] [basehttp:log_message] [INFO]- "GET /INVGantt/INVGantSerire HTTP/1.1" 301 0
[2021-08-02 08:40:13,862] [basehttp.py:154] [basehttp:log_message] [INFO]- "GET /INVGantt/INVGantSerire/ HTTP/1.1" 200 255968
[2021-08-02 08:40:13,906] [basehttp.py:154] [basehttp:log_message] [INFO]- "GET /favicon.ico HTTP/1.1" 302 0
[2021-08-02 08:40:13,908] [basehttp.py:154] [basehttp:log_message] [INFO]- "GET /login/ HTTP/1.1" 200 4677
[2021-08-02 08:40:18,114] [basehttp.py:154] [basehttp:log_message] [INFO]- "GET /INVGantt/ HTTP/1.1" 302 0
[2021-08-02 08:40:18,117] [basehttp.py:154] [basehttp:log_message] [INFO]- "GET /login/ HTTP/1.1" 200 4677
[2021-08-02 08:40:18,157] [basehttp.py:154] [basehttp:log_message] [INFO]- "GET /favicon.ico HTTP/1.1" 302 0
[2021-08-02 08:40:18,161] [basehttp.py:154] [basehttp:log_message] [INFO]- "GET /login/ HTTP/1.1" 200 4677
[2021-08-02 09:01:58,019] [log.py:228] [log:log_response] [WARNING]- Forbidden: /INVGantt/INVGantSerire/
[2021-08-02 09:01:58,020] [basehttp.py:154] [basehttp:log_message] [WARNING]- "GET /INVGantt/INVGantSerire/ HTTP/1.1" 403 5144
[2021-08-02 09:01:58,105] [basehttp.py:154] [basehttp:log_message] [INFO]- "GET /favicon.ico HTTP/1.1" 302 0
[2021-08-02 09:01:58,108] [basehttp.py:154] [basehttp:log_message] [INFO]- "GET /login/ HTTP/1.1" 200 4677
[2021-08-02 09:02:10,285] [log.py:228] [log:log_response] [WARNING]- Forbidden: /INVGantt/INVGantSerire/
[2021-08-02 09:02:10,285] [basehttp.py:154] [basehttp:log_message] [WARNING]- "GET /INVGantt/INVGantSerire/?format=api HTTP/1.1" 403 5188
[2021-08-02 09:02:10,329] [basehttp.py:154] [basehttp:log_message] [INFO]- "GET /favicon.ico HTTP/1.1" 302 0
[2021-08-02 09:02:10,331] [basehttp.py:154] [basehttp:log_message] [INFO]- "GET /login/ HTTP/1.1" 200 4677
[2021-08-02 09:02:12,510] [log.py:228] [log:log_response] [WARNING]- Forbidden: /INVGantt/INVGantSerire/
[2021-08-02 09:02:12,511] [basehttp.py:154] [basehttp:log_message] [WARNING]- "GET /INVGantt/INVGantSerire/?format=json HTTP/1.1" 403 43
[2021-08-02 09:02:12,525] [basehttp.py:154] [basehttp:log_message] [INFO]- "GET /favicon.ico HTTP/1.1" 302 0
[2021-08-02 09:02:12,527] [basehttp.py:154] [basehttp:log_message] [INFO]- "GET /login/ HTTP/1.1" 200 4677
[2021-08-02 09:02:14,498] [basehttp.py:154] [basehttp:log_message] [INFO]- "GET /favicon.ico HTTP/1.1" 302 0
[2021-08-02 09:02:14,501] [basehttp.py:154] [basehttp:log_message] [INFO]- "GET /login/ HTTP/1.1" 200 4677
[2021-08-02 09:03:51,430] [basehttp.py:154] [basehttp:log_message] [INFO]- "GET /favicon.ico HTTP/1.1" 302 0
[2021-08-02 09:03:51,433] [basehttp.py:154] [basehttp:log_message] [INFO]- "GET /login/ HTTP/1.1" 200 4677
[2021-08-02 09:04:04,761] [basehttp.py:154] [basehttp:log_message] [INFO]- "GET /favicon.ico HTTP/1.1" 302 0
[2021-08-02 09:04:04,764] [basehttp.py:154] [basehttp:log_message] [INFO]- "GET /login/ HTTP/1.1" 200 4677
[2021-08-02 09:04:10,200] [basehttp.py:154] [basehttp:log_message] [INFO]- "POST /login/ HTTP/1.1" 302 0
[2021-08-02 09:04:10,278] [basehttp.py:154] [basehttp:log_message] [INFO]- "GET /index/ HTTP/1.1" 200 45441
[2021-08-02 09:04:10,396] [basehttp.py:154] [basehttp:log_message] [INFO]- "GET /index/ HTTP/1.1" 200 45441
[2021-08-02 09:04:10,668] [basehttp.py:154] [basehttp:log_message] [INFO]- "GET /favicon.ico HTTP/1.1" 200 20710
[2021-08-02 09:04:12,515] [basehttp.py:154] [basehttp:log_message] [INFO]- "GET /INVGantt/INVGantt-top/ HTTP/1.1" 200 64876
[2021-08-02 09:04:13,069] [basehttp.py:154] [basehttp:log_message] [INFO]- "POST /INVGantt/INVGantt-top/ HTTP/1.1" 200 1119
[2021-08-02 09:04:13,169] [basehttp.py:154] [basehttp:log_message] [INFO]- "GET /favicon.ico HTTP/1.1" 200 20710
[2021-08-02 09:04:18,448] [log.py:228] [log:log_response] [WARNING]- Forbidden: /INVGantt/INVGantSerire/
[2021-08-02 09:04:18,448] [basehttp.py:154] [basehttp:log_message] [WARNING]- "GET /INVGantt/INVGantSerire/ HTTP/1.1" 403 5144
[2021-08-02 09:04:18,533] [basehttp.py:154] [basehttp:log_message] [INFO]- "GET /favicon.ico HTTP/1.1" 200 20710
[2021-08-02 09:13:14,890] [log.py:228] [log:log_response] [WARNING]- Forbidden: /INVGantt/INVGantSerire/
[2021-08-02 09:13:14,890] [basehttp.py:154] [basehttp:log_message] [WARNING]- "GET /INVGantt/INVGantSerire/ HTTP/1.1" 403 5144
[2021-08-02 09:13:14,979] [basehttp.py:154] [basehttp:log_message] [INFO]- "GET /favicon.ico HTTP/1.1" 200 20710
[2021-08-02 09:13:16,130] [log.py:228] [log:log_response] [WARNING]- Forbidden: /INVGantt/INVGantSerire/
[2021-08-02 09:13:16,130] [basehttp.py:154] [basehttp:log_message] [WARNING]- "GET /INVGantt/INVGantSerire/ HTTP/1.1" 403 5144
[2021-08-02 09:13:16,169] [basehttp.py:154] [basehttp:log_message] [INFO]- "GET /favicon.ico HTTP/1.1" 200 20710
[2021-08-02 09:13:17,472] [basehttp.py:154] [basehttp:log_message] [INFO]- "GET /INVGantt/INVGantt-top/ HTTP/1.1" 200 64876
[2021-08-02 09:13:17,858] [basehttp.py:154] [basehttp:log_message] [INFO]- "POST /INVGantt/INVGantt-top/ HTTP/1.1" 200 1119
[2021-08-02 09:13:17,941] [basehttp.py:154] [basehttp:log_message] [INFO]- "GET /favicon.ico HTTP/1.1" 200 20710
[2021-08-02 09:13:21,018] [basehttp.py:154] [basehttp:log_message] [INFO]- "GET /favicon.ico HTTP/1.1" 200 20710
[2021-08-02 09:13:52,996] [basehttp.py:154] [basehttp:log_message] [INFO]- "GET /INVGantt/INVGantt-top/ HTTP/1.1" 200 64876
[2021-08-02 09:13:53,390] [basehttp.py:154] [basehttp:log_message] [INFO]- "POST /INVGantt/INVGantt-top/ HTTP/1.1" 200 1119
[2021-08-02 09:13:53,481] [basehttp.py:154] [basehttp:log_message] [INFO]- "GET /favicon.ico HTTP/1.1" 200 20710
[2021-08-02 09:13:56,934] [basehttp.py:154] [basehttp:log_message] [INFO]- "GET /logout/ HTTP/1.1" 302 0
[2021-08-02 09:13:56,936] [basehttp.py:154] [basehttp:log_message] [INFO]- "GET /login/ HTTP/1.1" 200 4677
[2021-08-02 09:13:56,996] [basehttp.py:154] [basehttp:log_message] [INFO]- "GET /favicon.ico HTTP/1.1" 302 0
[2021-08-02 09:13:57,000] [basehttp.py:154] [basehttp:log_message] [INFO]- "GET /login/ HTTP/1.1" 200 4677
[2021-08-02 09:14:00,029] [log.py:228] [log:log_response] [WARNING]- Forbidden: /INVGantt/INVGantSerire/
[2021-08-02 09:14:00,029] [basehttp.py:154] [basehttp:log_message] [WARNING]- "GET /INVGantt/INVGantSerire/ HTTP/1.1" 403 5144
[2021-08-02 09:14:00,082] [basehttp.py:154] [basehttp:log_message] [INFO]- "GET /favicon.ico HTTP/1.1" 302 0
[2021-08-02 09:14:00,084] [basehttp.py:154] [basehttp:log_message] [INFO]- "GET /login/ HTTP/1.1" 200 4677
[2021-08-02 09:14:03,752] [basehttp.py:154] [basehttp:log_message] [INFO]- "GET /favicon.ico HTTP/1.1" 302 0
[2021-08-02 09:14:03,764] [basehttp.py:154] [basehttp:log_message] [INFO]- "GET /login/ HTTP/1.1" 200 4677
[2021-08-02 09:14:05,972] [basehttp.py:154] [basehttp:log_message] [INFO]- "POST /login/ HTTP/1.1" 302 0
[2021-08-02 09:14:06,004] [basehttp.py:154] [basehttp:log_message] [INFO]- "GET /index/ HTTP/1.1" 200 45441
[2021-08-02 09:14:06,091] [basehttp.py:154] [basehttp:log_message] [INFO]- "GET /index/ HTTP/1.1" 200 45441
[2021-08-02 09:14:06,325] [basehttp.py:154] [basehttp:log_message] [INFO]- "GET /favicon.ico HTTP/1.1" 200 20710
[2021-08-02 09:14:08,684] [log.py:228] [log:log_response] [WARNING]- Forbidden: /INVGantt/INVGantSerire/
[2021-08-02 09:14:08,685] [basehttp.py:154] [basehttp:log_message] [WARNING]- "GET /INVGantt/INVGantSerire/ HTTP/1.1" 403 5144
[2021-08-02 09:14:08,725] [basehttp.py:154] [basehttp:log_message] [INFO]- "GET /favicon.ico HTTP/1.1" 200 20710
[2021-08-02 09:14:22,834] [basehttp.py:154] [basehttp:log_message] [INFO]- "GET /INVGantt/INVGantSerire/ HTTP/1.1" 200 255968
[2021-08-02 09:14:22,921] [basehttp.py:154] [basehttp:log_message] [INFO]- "GET /favicon.ico HTTP/1.1" 200 20710
[2021-08-02 09:21:49,535] [basehttp.py:154] [basehttp:log_message] [INFO]- "GET /INVGantt/INVGantSerire/ HTTP/1.1" 200 59
[2021-08-02 09:21:49,585] [basehttp.py:154] [basehttp:log_message] [INFO]- "GET /favicon.ico HTTP/1.1" 200 20710
[2021-08-02 09:22:55,512] [basehttp.py:154] [basehttp:log_message] [INFO]- "GET /INVGantt/INVGantSerire/ HTTP/1.1" 200 31
[2021-08-02 09:22:55,557] [basehttp.py:154] [basehttp:log_message] [INFO]- "GET /favicon.ico HTTP/1.1" 200 20710
[2021-08-02 09:24:09,433] [basehttp.py:154] [basehttp:log_message] [INFO]- "GET /INVGantt/INVGantSerire/?username=c1010s3,password=12345678 HTTP/1.1" 200 31
[2021-08-02 09:24:09,484] [basehttp.py:154] [basehttp:log_message] [INFO]- "GET /favicon.ico HTTP/1.1" 200 20710
[2021-08-02 09:24:40,950] [basehttp.py:154] [basehttp:log_message] [INFO]- "GET /INVGantt/INVGantSerire/?username=c1010s3,password=12345678 HTTP/1.1" 200 31
[2021-08-02 09:24:40,987] [basehttp.py:154] [basehttp:log_message] [INFO]- "GET /favicon.ico HTTP/1.1" 200 20710
[2021-08-02 09:25:25,851] [basehttp.py:154] [basehttp:log_message] [INFO]- "GET /INVGantt/INVGantSerire/?username=c1010s3,%20password=12345678 HTTP/1.1" 200 31
[2021-08-02 09:25:25,891] [basehttp.py:154] [basehttp:log_message] [INFO]- "GET /favicon.ico HTTP/1.1" 200 20710
[2021-08-02 09:25:48,885] [basehttp.py:154] [basehttp:log_message] [INFO]- "GET /INVGantt/INVGantSerire/?username=c1010s3&20password=12345678 HTTP/1.1" 200 31
[2021-08-02 09:25:48,910] [basehttp.py:154] [basehttp:log_message] [INFO]- "GET /favicon.ico HTTP/1.1" 200 20710
[2021-08-02 09:26:07,247] [basehttp.py:154] [basehttp:log_message] [INFO]- "GET /INVGantt/INVGantSerire/?username=c1010s3&password=12345678 HTTP/1.1" 200 31
[2021-08-02 09:26:07,269] [basehttp.py:154] [basehttp:log_message] [INFO]- "GET /favicon.ico HTTP/1.1" 200 20710
[2021-08-02 09:27:35,389] [basehttp.py:154] [basehttp:log_message] [INFO]- "GET /INVGantt/INVGantSerire/?username=c1010s3&password=12345678 HTTP/1.1" 200 31
[2021-08-02 09:27:35,431] [basehttp.py:154] [basehttp:log_message] [INFO]- "GET /favicon.ico HTTP/1.1" 200 20710
[2021-08-02 09:28:07,527] [basehttp.py:154] [basehttp:log_message] [INFO]- "GET /INVGantt/INVGantSerire/?username=c1010s3&password=12345678 HTTP/1.1" 200 31
[2021-08-02 09:28:07,553] [basehttp.py:154] [basehttp:log_message] [INFO]- "GET /favicon.ico HTTP/1.1" 200 20710
[2021-08-02 09:32:44,359] [basehttp.py:154] [basehttp:log_message] [INFO]- "GET /INVGantt/INVGantSerire/?username=c1010s3&password=12345678 HTTP/1.1" 200 255968
[2021-08-02 09:32:44,423] [basehttp.py:154] [basehttp:log_message] [INFO]- "GET /favicon.ico HTTP/1.1" 200 20710
[2021-08-02 09:34:49,564] [basehttp.py:154] [basehttp:log_message] [INFO]- "GET /INVGantt/INVGantSerire/?username=c1010s3&password=12345678&Project_Name=FOC60 HTTP/1.1" 200 5041
[2021-08-02 09:34:49,589] [basehttp.py:154] [basehttp:log_message] [INFO]- "GET /favicon.ico HTTP/1.1" 200 20710
[2021-08-02 09:46:09,251] [log.py:228] [log:log_response] [ERROR]- Internal Server Error: /INVGantt/INVGantSeri/
Traceback (most recent call last):
  File "C:\Python372\mecheck\lib\site-packages\django\core\handlers\exception.py", line 34, in inner
    response = get_response(request)
  File "C:\Python372\mecheck\lib\site-packages\django\core\handlers\base.py", line 126, in _get_response
    response = self.process_exception_by_middleware(e, request)
  File "C:\Python372\mecheck\lib\site-packages\django\core\handlers\base.py", line 124, in _get_response
    response = wrapped_callback(request, *callback_args, **callback_kwargs)
TypeError: __init__() takes 1 positional argument but 2 were given
[2021-08-02 09:46:09,251] [basehttp.py:154] [basehttp:log_message] [ERROR]- "GET /INVGantt/INVGantSeri/ HTTP/1.1" 500 71902
[2021-08-02 09:46:09,335] [basehttp.py:154] [basehttp:log_message] [INFO]- "GET /favicon.ico HTTP/1.1" 200 20710
[2021-08-02 09:48:49,252] [log.py:228] [log:log_response] [WARNING]- Forbidden: /INVGantt/INVGantSeri/
[2021-08-02 09:48:49,252] [basehttp.py:154] [basehttp:log_message] [WARNING]- "GET /INVGantt/INVGantSeri/ HTTP/1.1" 403 5134
[2021-08-02 09:48:49,302] [basehttp.py:154] [basehttp:log_message] [INFO]- "GET /favicon.ico HTTP/1.1" 200 20710
[2021-08-02 09:48:55,318] [log.py:228] [log:log_response] [WARNING]- Forbidden: /INVGantt/INVGantSeri/
[2021-08-02 09:48:55,319] [basehttp.py:154] [basehttp:log_message] [WARNING]- "GET /INVGantt/INVGantSeri/ HTTP/1.1" 403 5134
[2021-08-02 09:48:55,375] [basehttp.py:154] [basehttp:log_message] [INFO]- "GET /favicon.ico HTTP/1.1" 200 20710
[2021-08-02 09:48:55,705] [log.py:228] [log:log_response] [WARNING]- Forbidden: /INVGantt/INVGantSeri/
[2021-08-02 09:48:55,705] [basehttp.py:154] [basehttp:log_message] [WARNING]- "GET /INVGantt/INVGantSeri/ HTTP/1.1" 403 5134
[2021-08-02 09:48:55,739] [basehttp.py:154] [basehttp:log_message] [INFO]- "GET /favicon.ico HTTP/1.1" 200 20710
[2021-08-02 09:48:55,860] [log.py:228] [log:log_response] [WARNING]- Forbidden: /INVGantt/INVGantSeri/
[2021-08-02 09:48:55,861] [basehttp.py:154] [basehttp:log_message] [WARNING]- "GET /INVGantt/INVGantSeri/ HTTP/1.1" 403 5134
[2021-08-02 09:48:55,921] [basehttp.py:154] [basehttp:log_message] [INFO]- "GET /favicon.ico HTTP/1.1" 200 20710
[2021-08-02 09:48:56,050] [log.py:228] [log:log_response] [WARNING]- Forbidden: /INVGantt/INVGantSeri/
[2021-08-02 09:48:56,050] [basehttp.py:154] [basehttp:log_message] [WARNING]- "GET /INVGantt/INVGantSeri/ HTTP/1.1" 403 5134
[2021-08-02 09:48:56,108] [basehttp.py:154] [basehttp:log_message] [INFO]- "GET /favicon.ico HTTP/1.1" 200 20710
[2021-08-02 10:16:42,013] [basehttp.py:154] [basehttp:log_message] [INFO]- "GET /favicon.ico HTTP/1.1" 200 20710
[2021-08-02 10:16:47,228] [basehttp.py:154] [basehttp:log_message] [INFO]- "GET /INVGantt/INVGantSerire/?username=c1010s3&password=1234568&Project_Name=FOC60 HTTP/1.1" 200 31
[2021-08-02 10:16:47,279] [basehttp.py:154] [basehttp:log_message] [INFO]- "GET /favicon.ico HTTP/1.1" 200 20710
[2021-08-02 10:17:14,612] [basehttp.py:154] [basehttp:log_message] [INFO]- "GET /INVGantt/INVGantSerire/?username=c1010s3&password=1234568&Project_Name=FOC60 HTTP/1.1" 200 4677
[2021-08-02 10:17:14,647] [basehttp.py:154] [basehttp:log_message] [INFO]- "GET /INVGantt/static/vendor/fontawesome-free/css/all.min.css HTTP/1.1" 200 20710
[2021-08-02 10:17:14,653] [basehttp.py:154] [basehttp:log_message] [INFO]- "GET /INVGantt/static/css/sb-admin.css HTTP/1.1" 200 20710
[2021-08-02 10:17:14,659] [basehttp.py:154] [basehttp:log_message] [INFO]- "GET /INVGantt/static/css/bootstrap.min.css HTTP/1.1" 200 20710
[2021-08-02 10:17:14,667] [basehttp.py:154] [basehttp:log_message] [INFO]- "GET /INVGantt/static/vendor/bootstrap/js/bootstrap.bundle.min.js HTTP/1.1" 200 20710
[2021-08-02 10:17:14,675] [basehttp.py:154] [basehttp:log_message] [INFO]- "GET /INVGantt/static/css/test1.css HTTP/1.1" 200 20710
[2021-08-02 10:17:14,684] [basehttp.py:154] [basehttp:log_message] [INFO]- "GET /INVGantt/static/vendor/jquery/jquery.min.js HTTP/1.1" 200 20710
[2021-08-02 10:17:14,692] [basehttp.py:154] [basehttp:log_message] [INFO]- "GET /INVGantt/static/vendor/jquery-easing/jquery.easing.min.js HTTP/1.1" 200 20710
[2021-08-02 10:17:14,713] [basehttp.py:154] [basehttp:log_message] [INFO]- "GET /favicon.ico HTTP/1.1" 200 20710
[2021-08-02 10:17:17,556] [basehttp.py:154] [basehttp:log_message] [INFO]- "POST /login/ HTTP/1.1" 302 0
[2021-08-02 10:17:17,626] [basehttp.py:154] [basehttp:log_message] [INFO]- "GET /index/ HTTP/1.1" 200 45441
[2021-08-02 10:17:17,709] [basehttp.py:154] [basehttp:log_message] [INFO]- "GET /index/ HTTP/1.1" 200 45441
[2021-08-02 10:17:17,934] [basehttp.py:154] [basehttp:log_message] [INFO]- "GET /favicon.ico HTTP/1.1" 200 20710
[2021-08-02 10:17:21,215] [basehttp.py:154] [basehttp:log_message] [INFO]- "GET /favicon.ico HTTP/1.1" 200 20710
[2021-08-02 10:17:24,325] [basehttp.py:154] [basehttp:log_message] [INFO]- "GET /INVGantt/INVGantSerire/?username=c1010s3&password=1234568&Project_Name=FOC60 HTTP/1.1" 200 4677
[2021-08-02 10:17:24,356] [basehttp.py:154] [basehttp:log_message] [INFO]- "GET /INVGantt/static/vendor/bootstrap/js/bootstrap.bundle.min.js HTTP/1.1" 200 20710
[2021-08-02 10:17:24,364] [basehttp.py:154] [basehttp:log_message] [INFO]- "GET /INVGantt/static/css/sb-admin.css HTTP/1.1" 200 20710
[2021-08-02 10:17:24,365] [basehttp.py:154] [basehttp:log_message] [INFO]- "GET /INVGantt/static/css/bootstrap.min.css HTTP/1.1" 200 20710
[2021-08-02 10:17:24,380] [basehttp.py:154] [basehttp:log_message] [INFO]- "GET /INVGantt/static/css/test1.css HTTP/1.1" 200 20710
[2021-08-02 10:17:24,386] [basehttp.py:154] [basehttp:log_message] [INFO]- "GET /INVGantt/static/vendor/fontawesome-free/css/all.min.css HTTP/1.1" 200 20710
[2021-08-02 10:17:24,394] [basehttp.py:154] [basehttp:log_message] [INFO]- "GET /INVGantt/static/vendor/jquery/jquery.min.js HTTP/1.1" 200 20710
[2021-08-02 10:17:24,401] [basehttp.py:154] [basehttp:log_message] [INFO]- "GET /INVGantt/static/vendor/jquery-easing/jquery.easing.min.js HTTP/1.1" 200 20710
[2021-08-02 10:17:24,418] [basehttp.py:154] [basehttp:log_message] [INFO]- "GET /favicon.ico HTTP/1.1" 200 20710
[2021-08-02 10:17:25,650] [basehttp.py:154] [basehttp:log_message] [INFO]- "GET /INVGantt/INVGantSerire/?username=c1010s3&password=1234568&Project_Name=FOC60 HTTP/1.1" 200 4677
[2021-08-02 10:17:25,685] [basehttp.py:154] [basehttp:log_message] [INFO]- "GET /INVGantt/static/css/bootstrap.min.css HTTP/1.1" 200 20710
[2021-08-02 10:17:25,692] [basehttp.py:154] [basehttp:log_message] [INFO]- "GET /INVGantt/static/vendor/fontawesome-free/css/all.min.css HTTP/1.1" 200 20710
[2021-08-02 10:17:25,699] [basehttp.py:154] [basehttp:log_message] [INFO]- "GET /INVGantt/static/vendor/bootstrap/js/bootstrap.bundle.min.js HTTP/1.1" 200 20710
[2021-08-02 10:17:25,708] [basehttp.py:154] [basehttp:log_message] [INFO]- "GET /INVGantt/static/vendor/jquery/jquery.min.js HTTP/1.1" 200 20710
[2021-08-02 10:17:25,714] [basehttp.py:154] [basehttp:log_message] [INFO]- "GET /INVGantt/static/css/sb-admin.css HTTP/1.1" 200 20710
[2021-08-02 10:17:25,715] [basehttp.py:154] [basehttp:log_message] [INFO]- "GET /INVGantt/static/css/test1.css HTTP/1.1" 200 20710
[2021-08-02 10:17:25,720] [basehttp.py:154] [basehttp:log_message] [INFO]- "GET /INVGantt/static/vendor/jquery-easing/jquery.easing.min.js HTTP/1.1" 200 20710
[2021-08-02 10:17:25,760] [basehttp.py:154] [basehttp:log_message] [INFO]- "GET /favicon.ico HTTP/1.1" 200 20710
[2021-08-02 10:17:33,649] [basehttp.py:154] [basehttp:log_message] [INFO]- "POST /login/ HTTP/1.1" 302 0
[2021-08-02 10:17:33,699] [basehttp.py:154] [basehttp:log_message] [INFO]- "GET /index/ HTTP/1.1" 200 45441
[2021-08-02 10:17:33,770] [basehttp.py:154] [basehttp:log_message] [INFO]- "GET /index/ HTTP/1.1" 200 45441
[2021-08-02 10:17:33,954] [basehttp.py:154] [basehttp:log_message] [INFO]- "GET /favicon.ico HTTP/1.1" 200 20710
[2021-08-02 10:17:36,824] [basehttp.py:154] [basehttp:log_message] [INFO]- "GET /favicon.ico HTTP/1.1" 200 20710
[2021-08-02 10:17:40,523] [basehttp.py:154] [basehttp:log_message] [INFO]- "GET /favicon.ico HTTP/1.1" 200 20710
[2021-08-02 10:17:43,079] [basehttp.py:154] [basehttp:log_message] [INFO]- "GET /INVGantt/INVGantSerire/?username=c1010s3&password=1234568&Project_Name=FOC60 HTTP/1.1" 200 4677
[2021-08-02 10:17:43,119] [basehttp.py:154] [basehttp:log_message] [INFO]- "GET /INVGantt/static/vendor/bootstrap/js/bootstrap.bundle.min.js HTTP/1.1" 200 20710
[2021-08-02 10:17:43,122] [basehttp.py:154] [basehttp:log_message] [INFO]- "GET /INVGantt/static/vendor/fontawesome-free/css/all.min.css HTTP/1.1" 200 20710
[2021-08-02 10:17:43,129] [basehttp.py:154] [basehttp:log_message] [INFO]- "GET /INVGantt/static/css/test1.css HTTP/1.1" 200 20710
[2021-08-02 10:17:43,136] [basehttp.py:154] [basehttp:log_message] [INFO]- "GET /INVGantt/static/css/bootstrap.min.css HTTP/1.1" 200 20710
[2021-08-02 10:17:43,146] [basehttp.py:154] [basehttp:log_message] [INFO]- "GET /INVGantt/static/css/sb-admin.css HTTP/1.1" 200 20710
[2021-08-02 10:17:43,149] [basehttp.py:154] [basehttp:log_message] [INFO]- "GET /INVGantt/static/vendor/jquery/jquery.min.js HTTP/1.1" 200 20710
[2021-08-02 10:17:43,157] [basehttp.py:154] [basehttp:log_message] [INFO]- "GET /INVGantt/static/vendor/jquery-easing/jquery.easing.min.js HTTP/1.1" 200 20710
[2021-08-02 10:17:43,174] [basehttp.py:154] [basehttp:log_message] [INFO]- "GET /favicon.ico HTTP/1.1" 200 20710
[2021-08-02 13:58:44,332] [basehttp.py:154] [basehttp:log_message] [INFO]- "GET /INVGantt/INVGantSerire/?username=c1010s3&password=1234568&Project_Name=FOC60 HTTP/1.1" 200 31
[2021-08-02 13:58:44,362] [basehttp.py:154] [basehttp:log_message] [INFO]- "GET /favicon.ico HTTP/1.1" 200 20710
[2021-08-02 13:58:45,706] [basehttp.py:154] [basehttp:log_message] [INFO]- "GET /INVGantt/INVGantSerire/?username=c1010s3&password=1234568&Project_Name=FOC60 HTTP/1.1" 200 31
[2021-08-02 13:58:45,754] [basehttp.py:154] [basehttp:log_message] [INFO]- "GET /favicon.ico HTTP/1.1" 200 20710
[2021-08-02 13:58:45,927] [basehttp.py:154] [basehttp:log_message] [INFO]- "GET /INVGantt/INVGantSerire/?username=c1010s3&password=1234568&Project_Name=FOC60 HTTP/1.1" 200 31
[2021-08-02 13:58:45,976] [basehttp.py:154] [basehttp:log_message] [INFO]- "GET /favicon.ico HTTP/1.1" 200 20710
[2021-08-02 13:58:54,003] [basehttp.py:154] [basehttp:log_message] [INFO]- "GET /INVGantt/INVGantSerire/?username=c1010s3&password=12345678&Project_Name=FOC60 HTTP/1.1" 200 5041
[2021-08-02 13:58:54,030] [basehttp.py:154] [basehttp:log_message] [INFO]- "GET /favicon.ico HTTP/1.1" 200 20710
[2021-08-02 13:59:39,278] [basehttp.py:154] [basehttp:log_message] [INFO]- "GET /INVGantt/INVGantSerire/?Project_Name=FOC60 HTTP/1.1" 200 31
[2021-08-02 13:59:39,308] [basehttp.py:154] [basehttp:log_message] [INFO]- "GET /favicon.ico HTTP/1.1" 200 20710
[2021-08-02 13:59:58,518] [basehttp.py:154] [basehttp:log_message] [INFO]- "GET /favicon.ico HTTP/1.1" 200 20710
[2021-08-02 14:12:54,777] [basehttp.py:154] [basehttp:log_message] [INFO]- "GET / HTTP/1.1" 200 20710
[2021-08-02 14:12:55,098] [basehttp.py:154] [basehttp:log_message] [INFO]- "GET /favicon.ico HTTP/1.1" 200 20710
[2021-08-02 14:13:07,185] [basehttp.py:154] [basehttp:log_message] [INFO]- "GET /INVGantt/INVGantSerire/ HTTP/1.1" 200 31
[2021-08-02 14:13:07,227] [basehttp.py:154] [basehttp:log_message] [INFO]- "GET /favicon.ico HTTP/1.1" 200 20710
[2021-08-02 14:13:13,092] [log.py:228] [log:log_response] [WARNING]- Forbidden: /INVGantt/INVGantSeri/
[2021-08-02 14:13:13,092] [basehttp.py:154] [basehttp:log_message] [WARNING]- "GET /INVGantt/INVGantSeri/ HTTP/1.1" 403 5134
[2021-08-02 14:13:13,188] [basehttp.py:154] [basehttp:log_message] [INFO]- "GET /favicon.ico HTTP/1.1" 200 20710
[2021-08-02 14:13:45,918] [basehttp.py:154] [basehttp:log_message] [INFO]- "GET /INVGantt/INVGantSeri/ HTTP/1.1" 200 627053
[2021-08-02 14:13:47,110] [basehttp.py:154] [basehttp:log_message] [INFO]- "GET /favicon.ico HTTP/1.1" 200 20710
[2021-08-02 14:14:08,342] [basehttp.py:154] [basehttp:log_message] [INFO]- "GET /INVGantt/INVGantSeri/?format=json HTTP/1.1" 200 255968
[2021-08-02 14:14:08,456] [basehttp.py:154] [basehttp:log_message] [INFO]- "GET /favicon.ico HTTP/1.1" 200 20710
[2021-08-02 14:14:13,831] [basehttp.py:154] [basehttp:log_message] [INFO]- "GET /favicon.ico HTTP/1.1" 200 20710
[2021-08-02 14:14:25,580] [log.py:228] [log:log_response] [WARNING]- Bad Request: /INVGantt/INVGantSeri/
[2021-08-02 14:14:25,580] [basehttp.py:154] [basehttp:log_message] [WARNING]- "POST /INVGantt/INVGantSeri/ HTTP/1.1" 400 23159
[2021-08-02 14:14:25,698] [basehttp.py:154] [basehttp:log_message] [INFO]- "GET /favicon.ico HTTP/1.1" 200 20710
[2021-08-02 14:17:28,127] [basehttp.py:154] [basehttp:log_message] [INFO]- "GET /INVGantt/INVGantSeri/ HTTP/1.1" 200 627053
[2021-08-02 14:17:29,197] [basehttp.py:154] [basehttp:log_message] [INFO]- "GET /favicon.ico HTTP/1.1" 200 20710
[2021-08-02 14:17:57,648] [basehttp.py:154] [basehttp:log_message] [INFO]- "GET /INVGantt/INVGantSeri/?format=json HTTP/1.1" 200 255968
[2021-08-02 14:17:57,750] [basehttp.py:154] [basehttp:log_message] [INFO]- "GET /favicon.ico HTTP/1.1" 200 20710
[2021-08-02 14:18:00,680] [basehttp.py:154] [basehttp:log_message] [INFO]- "GET /INVGantt/INVGantSeri/ HTTP/1.1" 200 627053
[2021-08-02 14:18:01,780] [basehttp.py:154] [basehttp:log_message] [INFO]- "GET /favicon.ico HTTP/1.1" 200 20710
[2021-08-02 14:18:02,786] [basehttp.py:154] [basehttp:log_message] [INFO]- "OPTIONS /INVGantt/INVGantSeri/ HTTP/1.1" 200 37897
[2021-08-02 14:54:55,944] [basehttp.py:154] [basehttp:log_message] [INFO]- "GET /INVGantt/INVGantSeriv/ HTTP/1.1" 200 20710
[2021-08-02 14:54:56,077] [basehttp.py:154] [basehttp:log_message] [INFO]- "GET /favicon.ico HTTP/1.1" 200 20710
[2021-08-02 14:56:22,681] [log.py:228] [log:log_response] [WARNING]- Forbidden: /INVGantt/INVGantSeriv/
[2021-08-02 14:56:22,682] [basehttp.py:154] [basehttp:log_message] [WARNING]- "GET /INVGantt/INVGantSeriv/ HTTP/1.1" 403 5312
[2021-08-02 14:56:22,782] [basehttp.py:154] [basehttp:log_message] [INFO]- "GET /favicon.ico HTTP/1.1" 200 20710
[2021-08-02 14:56:30,431] [log.py:228] [log:log_response] [WARNING]- Forbidden: /INVGantt/INVGantSeriv/
[2021-08-02 14:56:30,432] [basehttp.py:154] [basehttp:log_message] [WARNING]- "GET /INVGantt/INVGantSeriv/?format=api HTTP/1.1" 403 5367
[2021-08-02 14:56:30,497] [basehttp.py:154] [basehttp:log_message] [INFO]- "GET /favicon.ico HTTP/1.1" 200 20710
[2021-08-02 14:56:33,393] [log.py:228] [log:log_response] [WARNING]- Forbidden: /INVGantt/INVGantSeriv/
[2021-08-02 14:56:33,393] [basehttp.py:154] [basehttp:log_message] [WARNING]- "GET /INVGantt/INVGantSeriv/?format=json HTTP/1.1" 403 24
[2021-08-02 14:56:33,420] [basehttp.py:154] [basehttp:log_message] [INFO]- "GET /favicon.ico HTTP/1.1" 200 20710
[2021-08-02 14:56:36,074] [basehttp.py:154] [basehttp:log_message] [INFO]- "GET /favicon.ico HTTP/1.1" 200 20710
[2021-08-02 14:58:12,877] [log.py:228] [log:log_response] [WARNING]- Forbidden: /INVGantt/INVGantSeriv/
[2021-08-02 14:58:12,878] [basehttp.py:154] [basehttp:log_message] [WARNING]- "GET /INVGantt/INVGantSeriv/?format=api HTTP/1.1" 403 5367
[2021-08-02 14:58:12,934] [basehttp.py:154] [basehttp:log_message] [INFO]- "GET /favicon.ico HTTP/1.1" 200 20710
[2021-08-02 14:59:03,635] [log.py:228] [log:log_response] [WARNING]- Forbidden: /INVGantt/INVGantSeriv/
[2021-08-02 14:59:03,636] [basehttp.py:154] [basehttp:log_message] [WARNING]- "GET /INVGantt/INVGantSeriv/?format=api HTTP/1.1" 403 5367
[2021-08-02 14:59:03,699] [basehttp.py:154] [basehttp:log_message] [INFO]- "GET /favicon.ico HTTP/1.1" 200 20710
[2021-08-02 15:02:30,448] [basehttp.py:154] [basehttp:log_message] [INFO]- "GET /INVGantt/apilogin HTTP/1.1" 301 0
[2021-08-02 15:02:30,524] [log.py:228] [log:log_response] [WARNING]- Method Not Allowed: /INVGantt/apilogin/
[2021-08-02 15:02:30,525] [basehttp.py:154] [basehttp:log_message] [WARNING]- "GET /INVGantt/apilogin/ HTTP/1.1" 405 5712
[2021-08-02 15:02:30,612] [basehttp.py:154] [basehttp:log_message] [INFO]- "GET /favicon.ico HTTP/1.1" 200 20710
[2021-08-02 15:10:40,495] [log.py:228] [log:log_response] [WARNING]- Method Not Allowed: /INVGantt/apilogin/
[2021-08-02 15:10:40,496] [basehttp.py:154] [basehttp:log_message] [WARNING]- "GET /INVGantt/apilogin/ HTTP/1.1" 405 5712
[2021-08-02 15:10:40,586] [basehttp.py:154] [basehttp:log_message] [INFO]- "GET /favicon.ico HTTP/1.1" 200 20710
[2021-08-02 15:10:41,687] [log.py:228] [log:log_response] [WARNING]- Method Not Allowed: /INVGantt/apilogin/
[2021-08-02 15:10:41,688] [basehttp.py:154] [basehttp:log_message] [WARNING]- "GET /INVGantt/apilogin/ HTTP/1.1" 405 5712
[2021-08-02 15:10:41,757] [basehttp.py:154] [basehttp:log_message] [INFO]- "GET /favicon.ico HTTP/1.1" 200 20710
[2021-08-02 15:10:41,870] [log.py:228] [log:log_response] [WARNING]- Method Not Allowed: /INVGantt/apilogin/
[2021-08-02 15:10:41,870] [basehttp.py:154] [basehttp:log_message] [WARNING]- "GET /INVGantt/apilogin/ HTTP/1.1" 405 5712
[2021-08-02 15:10:41,933] [basehttp.py:154] [basehttp:log_message] [INFO]- "GET /favicon.ico HTTP/1.1" 200 20710
[2021-08-02 15:10:42,064] [log.py:228] [log:log_response] [WARNING]- Method Not Allowed: /INVGantt/apilogin/
[2021-08-02 15:10:42,064] [basehttp.py:154] [basehttp:log_message] [WARNING]- "GET /INVGantt/apilogin/ HTTP/1.1" 405 5712
[2021-08-02 15:10:42,103] [basehttp.py:154] [basehttp:log_message] [INFO]- "GET /favicon.ico HTTP/1.1" 200 20710
[2021-08-02 15:10:42,289] [log.py:228] [log:log_response] [WARNING]- Method Not Allowed: /INVGantt/apilogin/
[2021-08-02 15:10:42,290] [basehttp.py:154] [basehttp:log_message] [WARNING]- "GET /INVGantt/apilogin/ HTTP/1.1" 405 5712
[2021-08-02 15:10:42,335] [basehttp.py:154] [basehttp:log_message] [INFO]- "GET /favicon.ico HTTP/1.1" 200 20710
[2021-08-02 15:10:43,844] [basehttp.py:154] [basehttp:log_message] [INFO]- "GET /favicon.ico HTTP/1.1" 200 20710
[2021-08-02 15:10:45,182] [basehttp.py:154] [basehttp:log_message] [INFO]- "GET /INVGantt/INVGantSeriv/?format=api HTTP/1.1" 200 5390
[2021-08-02 15:10:45,225] [basehttp.py:154] [basehttp:log_message] [INFO]- "GET /favicon.ico HTTP/1.1" 200 20710
[2021-08-02 15:10:45,923] [basehttp.py:154] [basehttp:log_message] [INFO]- "GET /INVGantt/INVGantSeriv/?format=api HTTP/1.1" 200 5390
[2021-08-02 15:10:45,969] [basehttp.py:154] [basehttp:log_message] [INFO]- "GET /favicon.ico HTTP/1.1" 200 20710
[2021-08-02 15:10:46,131] [basehttp.py:154] [basehttp:log_message] [INFO]- "GET /INVGantt/INVGantSeriv/?format=api HTTP/1.1" 200 5390
[2021-08-02 15:10:46,169] [basehttp.py:154] [basehttp:log_message] [INFO]- "GET /favicon.ico HTTP/1.1" 200 20710
[2021-08-02 15:10:46,307] [basehttp.py:154] [basehttp:log_message] [INFO]- "GET /INVGantt/INVGantSeriv/?format=api HTTP/1.1" 200 5390
[2021-08-02 15:10:46,351] [basehttp.py:154] [basehttp:log_message] [INFO]- "GET /favicon.ico HTTP/1.1" 200 20710
[2021-08-02 15:10:46,556] [basehttp.py:154] [basehttp:log_message] [INFO]- "GET /INVGantt/INVGantSeriv/?format=api HTTP/1.1" 200 5390
[2021-08-02 15:10:46,594] [basehttp.py:154] [basehttp:log_message] [INFO]- "GET /favicon.ico HTTP/1.1" 200 20710
[2021-08-02 15:11:10,960] [log.py:228] [log:log_response] [WARNING]- Forbidden: /INVGantt/INVGantSeriv/
[2021-08-02 15:11:10,961] [basehttp.py:154] [basehttp:log_message] [WARNING]- "GET /INVGantt/INVGantSeriv/?format=api HTTP/1.1" 403 5367
[2021-08-02 15:11:11,025] [basehttp.py:154] [basehttp:log_message] [INFO]- "GET /favicon.ico HTTP/1.1" 200 20710
[2021-08-02 15:11:27,368] [basehttp.py:154] [basehttp:log_message] [INFO]- "GET /INVGantt/INVGantSeriv/?format=api HTTP/1.1" 200 5390
[2021-08-02 15:11:27,425] [basehttp.py:154] [basehttp:log_message] [INFO]- "GET /favicon.ico HTTP/1.1" 200 20710
[2021-08-02 15:11:56,609] [basehttp.py:154] [basehttp:log_message] [INFO]- "GET /INVGantt/INVGantSeriv/?format=api HTTP/1.1" 200 5390
[2021-08-02 15:11:56,669] [basehttp.py:154] [basehttp:log_message] [INFO]- "GET /favicon.ico HTTP/1.1" 200 20710
[2021-08-02 15:13:52,812] [basehttp.py:154] [basehttp:log_message] [INFO]- "GET /INVGantt/INVGantSeriv/?format=api HTTP/1.1" 200 255968
[2021-08-02 15:13:52,894] [basehttp.py:154] [basehttp:log_message] [INFO]- "GET /favicon.ico HTTP/1.1" 200 20710
[2021-08-02 15:14:02,176] [basehttp.py:154] [basehttp:log_message] [INFO]- "GET /favicon.ico HTTP/1.1" 200 20710
[2021-08-02 15:14:04,603] [basehttp.py:154] [basehttp:log_message] [INFO]- "GET /favicon.ico HTTP/1.1" 200 20710
[2021-08-02 15:14:05,905] [basehttp.py:154] [basehttp:log_message] [INFO]- "GET /favicon.ico HTTP/1.1" 200 20710
[2021-08-02 15:14:08,117] [basehttp.py:154] [basehttp:log_message] [INFO]- "GET /INVGantt/INVGantSeriv/ HTTP/1.1" 200 255968
[2021-08-02 15:14:08,182] [basehttp.py:154] [basehttp:log_message] [INFO]- "GET /favicon.ico HTTP/1.1" 200 20710
[2021-08-02 15:14:12,545] [basehttp.py:154] [basehttp:log_message] [INFO]- "GET /favicon.ico HTTP/1.1" 200 20710
[2021-08-02 15:14:36,343] [basehttp.py:154] [basehttp:log_message] [INFO]- "GET /favicon.ico HTTP/1.1" 200 20710
[2021-08-02 15:15:32,179] [basehttp.py:154] [basehttp:log_message] [INFO]- "GET /favicon.ico HTTP/1.1" 200 20710
[2021-08-02 15:15:32,951] [basehttp.py:154] [basehttp:log_message] [INFO]- "GET /INVGantt/INVGantSerire/ HTTP/1.1" 200 31
[2021-08-02 15:15:33,414] [basehttp.py:154] [basehttp:log_message] [INFO]- "GET / HTTP/1.1" 200 20710
[2021-08-02 15:15:33,422] [basehttp.py:154] [basehttp:log_message] [INFO]- "GET /favicon.ico HTTP/1.1" 200 20710
[2021-08-02 15:15:33,424] [basehttp.py:154] [basehttp:log_message] [ERROR]- "GET /favicon.ico HTTP/1.1" 500 59
[2021-08-02 15:15:33,573] [basehttp.py:154] [basehttp:log_message] [INFO]- "GET /favicon.ico HTTP/1.1" 200 20710
[2021-08-02 15:15:34,930] [basehttp.py:154] [basehttp:log_message] [INFO]- "GET /favicon.ico HTTP/1.1" 200 20710
[2021-08-02 15:15:48,062] [basehttp.py:154] [basehttp:log_message] [INFO]- "GET /INVGantt/INVGantSerire/ HTTP/1.1" 200 31
[2021-08-02 15:15:48,091] [basehttp.py:154] [basehttp:log_message] [INFO]- "GET /favicon.ico HTTP/1.1" 200 20710
[2021-08-02 15:15:49,268] [basehttp.py:154] [basehttp:log_message] [INFO]- "GET /INVGantt/INVGantSerire/ HTTP/1.1" 200 31
[2021-08-02 15:15:49,291] [basehttp.py:154] [basehttp:log_message] [INFO]- "GET /favicon.ico HTTP/1.1" 200 20710
[2021-08-02 15:15:49,473] [basehttp.py:154] [basehttp:log_message] [INFO]- "GET /INVGantt/INVGantSerire/ HTTP/1.1" 200 31
[2021-08-02 15:15:49,511] [basehttp.py:154] [basehttp:log_message] [INFO]- "GET /favicon.ico HTTP/1.1" 200 20710
[2021-08-02 15:15:49,721] [basehttp.py:154] [basehttp:log_message] [INFO]- "GET /INVGantt/INVGantSerire/ HTTP/1.1" 200 31
[2021-08-02 15:15:49,765] [basehttp.py:154] [basehttp:log_message] [INFO]- "GET /favicon.ico HTTP/1.1" 200 20710
[2021-08-02 15:15:50,739] [basehttp.py:154] [basehttp:log_message] [INFO]- "GET /favicon.ico HTTP/1.1" 200 20710
[2021-08-02 15:15:52,447] [basehttp.py:154] [basehttp:log_message] [INFO]- "GET /favicon.ico HTTP/1.1" 200 20710
[2021-08-02 15:15:54,147] [basehttp.py:154] [basehttp:log_message] [INFO]- "GET /favicon.ico HTTP/1.1" 200 20710
[2021-08-02 15:15:57,840] [basehttp.py:154] [basehttp:log_message] [INFO]- "GET /INVGantt/INVGantSeriv/ HTTP/1.1" 200 5335
[2021-08-02 15:15:57,986] [basehttp.py:154] [basehttp:log_message] [INFO]- "GET /favicon.ico HTTP/1.1" 200 20710
[2021-08-02 15:16:17,808] [basehttp.py:154] [basehttp:log_message] [INFO]- "GET /INVGantt/INVGantSeriv/ HTTP/1.1" 200 255968
[2021-08-02 15:16:17,882] [basehttp.py:154] [basehttp:log_message] [INFO]- "GET /favicon.ico HTTP/1.1" 200 20710
[2021-08-02 15:16:20,201] [basehttp.py:154] [basehttp:log_message] [INFO]- "GET /favicon.ico HTTP/1.1" 200 20710
[2021-08-02 15:16:24,937] [basehttp.py:154] [basehttp:log_message] [INFO]- "GET /favicon.ico HTTP/1.1" 200 20710
[2021-08-02 15:18:45,368] [log.py:228] [log:log_response] [WARNING]- Forbidden: /INVGantt/INVGantSeriv/
[2021-08-02 15:18:45,369] [basehttp.py:154] [basehttp:log_message] [WARNING]- "GET /INVGantt/INVGantSeriv/ HTTP/1.1" 403 5322
[2021-08-02 15:18:45,445] [basehttp.py:154] [basehttp:log_message] [INFO]- "GET /favicon.ico HTTP/1.1" 200 20710
[2021-08-02 15:19:33,164] [log.py:228] [log:log_response] [WARNING]- Forbidden: /INVGantt/INVGantSeriv/
[2021-08-02 15:19:33,164] [basehttp.py:154] [basehttp:log_message] [WARNING]- "GET /INVGantt/INVGantSeriv/ HTTP/1.1" 403 5322
[2021-08-02 15:19:33,237] [basehttp.py:154] [basehttp:log_message] [INFO]- "GET /favicon.ico HTTP/1.1" 200 20710
[2021-08-02 15:19:49,678] [log.py:228] [log:log_response] [WARNING]- Forbidden: /INVGantt/INVGantSeriv/
[2021-08-02 15:19:49,678] [basehttp.py:154] [basehttp:log_message] [WARNING]- "GET /INVGantt/INVGantSeriv/?format=json HTTP/1.1" 403 34
[2021-08-02 15:19:49,727] [basehttp.py:154] [basehttp:log_message] [INFO]- "GET /favicon.ico HTTP/1.1" 200 20710
[2021-08-02 15:19:54,177] [basehttp.py:154] [basehttp:log_message] [INFO]- "GET /favicon.ico HTTP/1.1" 200 20710
[2021-08-02 15:20:58,203] [log.py:228] [log:log_response] [WARNING]- Forbidden: /INVGantt/INVGantSeriv/
[2021-08-02 15:20:58,203] [basehttp.py:154] [basehttp:log_message] [WARNING]- "GET /INVGantt/INVGantSeriv/?username=C1010S3&password=12345678 HTTP/1.1" 403 5525
[2021-08-02 15:20:58,270] [basehttp.py:154] [basehttp:log_message] [INFO]- "GET /favicon.ico HTTP/1.1" 200 20710
[2021-08-02 15:22:00,972] [log.py:228] [log:log_response] [WARNING]- Forbidden: /INVGantt/INVGantSeriv/
[2021-08-02 15:22:00,972] [basehttp.py:154] [basehttp:log_message] [WARNING]- "GET /INVGantt/INVGantSeriv/?username=C1010S3&password=12345678 HTTP/1.1" 403 5525
[2021-08-02 15:22:01,033] [basehttp.py:154] [basehttp:log_message] [INFO]- "GET /favicon.ico HTTP/1.1" 200 20710
[2021-08-02 15:24:40,090] [log.py:228] [log:log_response] [ERROR]- Internal Server Error: /INVGantt/INVGantSeriv/
Traceback (most recent call last):
  File "C:\Python372\mecheck\lib\site-packages\django\core\handlers\exception.py", line 34, in inner
    response = get_response(request)
  File "C:\Python372\mecheck\lib\site-packages\django\core\handlers\base.py", line 126, in _get_response
    response = self.process_exception_by_middleware(e, request)
  File "C:\Python372\mecheck\lib\site-packages\django\core\handlers\base.py", line 124, in _get_response
    response = wrapped_callback(request, *callback_args, **callback_kwargs)
  File "C:\Python372\mecheck\lib\site-packages\django\views\decorators\csrf.py", line 54, in wrapped_view
    return view_func(*args, **kwargs)
  File "C:\Python372\mecheck\lib\site-packages\django\views\generic\base.py", line 68, in view
    return self.dispatch(request, *args, **kwargs)
  File "C:\Python372\mecheck\lib\site-packages\rest_framework\views.py", line 505, in dispatch
    response = self.handle_exception(exc)
  File "C:\Python372\mecheck\lib\site-packages\rest_framework\views.py", line 465, in handle_exception
    self.raise_uncaught_exception(exc)
  File "C:\Python372\mecheck\lib\site-packages\rest_framework\views.py", line 476, in raise_uncaught_exception
    raise exc
  File "C:\Python372\mecheck\lib\site-packages\rest_framework\views.py", line 493, in dispatch
    self.initial(request, *args, **kwargs)
  File "C:\Python372\mecheck\lib\site-packages\rest_framework\views.py", line 410, in initial
    self.perform_authentication(request)
  File "C:\Python372\mecheck\lib\site-packages\rest_framework\views.py", line 324, in perform_authentication
    request.user
  File "C:\Python372\mecheck\lib\site-packages\rest_framework\request.py", line 220, in user
    self._authenticate()
  File "C:\Python372\mecheck\lib\site-packages\rest_framework\request.py", line 380, in _authenticate
    self.user, self.auth = user_auth_tuple
TypeError: cannot unpack non-iterable UserInfo object
[2021-08-02 15:24:40,091] [basehttp.py:154] [basehttp:log_message] [ERROR]- "GET /INVGantt/INVGantSeriv/?username=C1010S3&password=12345678 HTTP/1.1" 500 114345
[2021-08-02 15:24:40,187] [basehttp.py:154] [basehttp:log_message] [INFO]- "GET /favicon.ico HTTP/1.1" 200 20710
[2021-08-02 15:28:38,065] [log.py:228] [log:log_response] [ERROR]- Internal Server Error: /INVGantt/INVGantSeriv/
Traceback (most recent call last):
  File "C:\Python372\mecheck\lib\site-packages\django\core\handlers\exception.py", line 34, in inner
    response = get_response(request)
  File "C:\Python372\mecheck\lib\site-packages\django\core\handlers\base.py", line 126, in _get_response
    response = self.process_exception_by_middleware(e, request)
  File "C:\Python372\mecheck\lib\site-packages\django\core\handlers\base.py", line 124, in _get_response
    response = wrapped_callback(request, *callback_args, **callback_kwargs)
  File "C:\Python372\mecheck\lib\site-packages\django\views\decorators\csrf.py", line 54, in wrapped_view
    return view_func(*args, **kwargs)
  File "C:\Python372\mecheck\lib\site-packages\django\views\generic\base.py", line 68, in view
    return self.dispatch(request, *args, **kwargs)
  File "C:\Python372\mecheck\lib\site-packages\rest_framework\views.py", line 505, in dispatch
    response = self.handle_exception(exc)
  File "C:\Python372\mecheck\lib\site-packages\rest_framework\views.py", line 465, in handle_exception
    self.raise_uncaught_exception(exc)
  File "C:\Python372\mecheck\lib\site-packages\rest_framework\views.py", line 476, in raise_uncaught_exception
    raise exc
  File "C:\Python372\mecheck\lib\site-packages\rest_framework\views.py", line 493, in dispatch
    self.initial(request, *args, **kwargs)
  File "C:\Python372\mecheck\lib\site-packages\rest_framework\views.py", line 410, in initial
    self.perform_authentication(request)
  File "C:\Python372\mecheck\lib\site-packages\rest_framework\views.py", line 324, in perform_authentication
    request.user
  File "C:\Python372\mecheck\lib\site-packages\rest_framework\request.py", line 220, in user
    self._authenticate()
  File "C:\Python372\mecheck\lib\site-packages\rest_framework\request.py", line 380, in _authenticate
    self.user, self.auth = user_auth_tuple
TypeError: cannot unpack non-iterable UserInfo object
[2021-08-02 15:28:38,067] [basehttp.py:154] [basehttp:log_message] [ERROR]- "GET /INVGantt/INVGantSeriv/?username=C1010S3&password=12345678 HTTP/1.1" 500 114345
[2021-08-02 15:28:38,151] [basehttp.py:154] [basehttp:log_message] [INFO]- "GET /favicon.ico HTTP/1.1" 200 20710
[2021-08-02 15:29:16,086] [log.py:228] [log:log_response] [ERROR]- Internal Server Error: /INVGantt/INVGantSeriv/
Traceback (most recent call last):
  File "C:\Python372\mecheck\lib\site-packages\django\core\handlers\exception.py", line 34, in inner
    response = get_response(request)
  File "C:\Python372\mecheck\lib\site-packages\django\core\handlers\base.py", line 126, in _get_response
    response = self.process_exception_by_middleware(e, request)
  File "C:\Python372\mecheck\lib\site-packages\django\core\handlers\base.py", line 124, in _get_response
    response = wrapped_callback(request, *callback_args, **callback_kwargs)
  File "C:\Python372\mecheck\lib\site-packages\django\views\decorators\csrf.py", line 54, in wrapped_view
    return view_func(*args, **kwargs)
  File "C:\Python372\mecheck\lib\site-packages\django\views\generic\base.py", line 68, in view
    return self.dispatch(request, *args, **kwargs)
  File "C:\Python372\mecheck\lib\site-packages\rest_framework\views.py", line 505, in dispatch
    response = self.handle_exception(exc)
  File "C:\Python372\mecheck\lib\site-packages\rest_framework\views.py", line 465, in handle_exception
    self.raise_uncaught_exception(exc)
  File "C:\Python372\mecheck\lib\site-packages\rest_framework\views.py", line 476, in raise_uncaught_exception
    raise exc
  File "C:\Python372\mecheck\lib\site-packages\rest_framework\views.py", line 493, in dispatch
    self.initial(request, *args, **kwargs)
  File "C:\Python372\mecheck\lib\site-packages\rest_framework\views.py", line 410, in initial
    self.perform_authentication(request)
  File "C:\Python372\mecheck\lib\site-packages\rest_framework\views.py", line 324, in perform_authentication
    request.user
  File "C:\Python372\mecheck\lib\site-packages\rest_framework\request.py", line 220, in user
    self._authenticate()
  File "C:\Python372\mecheck\lib\site-packages\rest_framework\request.py", line 380, in _authenticate
    self.user, self.auth = user_auth_tuple
TypeError: cannot unpack non-iterable UserInfo object
[2021-08-02 15:29:16,088] [basehttp.py:154] [basehttp:log_message] [ERROR]- "GET /INVGantt/INVGantSeriv/?username=C1010S3&password=12345678 HTTP/1.1" 500 114345
[2021-08-02 15:29:16,152] [basehttp.py:154] [basehttp:log_message] [INFO]- "GET /favicon.ico HTTP/1.1" 200 20710
[2021-08-02 15:32:21,634] [basehttp.py:154] [basehttp:log_message] [INFO]- "GET /INVGantt/INVGantSeriv/?username=C1010S3&password=12345678 HTTP/1.1" 200 255968
[2021-08-02 15:32:21,704] [basehttp.py:154] [basehttp:log_message] [INFO]- "GET /favicon.ico HTTP/1.1" 200 20710
[2021-08-02 15:32:39,857] [log.py:228] [log:log_response] [WARNING]- Forbidden: /INVGantt/INVGantSeriv/
[2021-08-02 15:32:39,857] [basehttp.py:154] [basehttp:log_message] [WARNING]- "GET /INVGantt/INVGantSeriv/?username=C1010S3&password=123456789 HTTP/1.1" 403 5530
[2021-08-02 15:32:39,923] [basehttp.py:154] [basehttp:log_message] [INFO]- "GET /favicon.ico HTTP/1.1" 200 20710
[2021-08-02 15:35:59,573] [basehttp.py:154] [basehttp:log_message] [INFO]- "GET /INVGantt/INVGantSeriv/?username=C1010S3&password=12345678 HTTP/1.1" 200 255968
[2021-08-02 15:35:59,644] [basehttp.py:154] [basehttp:log_message] [INFO]- "GET /favicon.ico HTTP/1.1" 200 20710
[2021-08-02 15:36:54,389] [log.py:228] [log:log_response] [WARNING]- Forbidden: /INVGantt/INVGantSeriv/
[2021-08-02 15:36:54,390] [basehttp.py:154] [basehttp:log_message] [WARNING]- "GET /INVGantt/INVGantSeriv/?username=C1010S3&password=12345678$Project_Name=FLV3A3B HTTP/1.1" 403 5638
[2021-08-02 15:36:54,457] [basehttp.py:154] [basehttp:log_message] [INFO]- "GET /favicon.ico HTTP/1.1" 200 20710
[2021-08-02 15:37:04,203] [basehttp.py:154] [basehttp:log_message] [INFO]- "GET /INVGantt/INVGantSeriv/?username=C1010S3&password=12345678&Project_Name=FLV3A3B HTTP/1.1" 200 6710
[2021-08-02 15:37:04,232] [basehttp.py:154] [basehttp:log_message] [INFO]- "GET /favicon.ico HTTP/1.1" 200 20710
[2021-08-02 15:37:12,211] [basehttp.py:154] [basehttp:log_message] [INFO]- "GET /INVGantt/INVGantSeriv/?username=C1010S3&password=12345678&Project_Name= HTTP/1.1" 200 255968
[2021-08-02 15:37:12,277] [basehttp.py:154] [basehttp:log_message] [INFO]- "GET /favicon.ico HTTP/1.1" 200 20710
[2021-08-02 15:37:25,632] [basehttp.py:154] [basehttp:log_message] [INFO]- "GET /INVGantt/INVGantSeriv/?username=C1010S3&password=12345678&Project_Name=FOC60 HTTP/1.1" 200 5041
[2021-08-02 15:37:25,660] [basehttp.py:154] [basehttp:log_message] [INFO]- "GET /favicon.ico HTTP/1.1" 200 20710
[2021-08-02 15:40:01,188] [log.py:228] [log:log_response] [WARNING]- Forbidden: /INVGantt/INVGantSeriv/
[2021-08-02 15:40:01,190] [basehttp.py:154] [basehttp:log_message] [WARNING]- "GET /INVGantt/INVGantSeriv/?username=C1010S3&password=123456789&Project_Name=FOC60 HTTP/1.1" 403 5645
[2021-08-02 15:40:01,264] [basehttp.py:154] [basehttp:log_message] [INFO]- "GET /favicon.ico HTTP/1.1" 200 20710
[2021-08-02 15:40:08,288] [log.py:228] [log:log_response] [WARNING]- Forbidden: /INVGantt/INVGantSeriv/
[2021-08-02 15:40:08,288] [basehttp.py:154] [basehttp:log_message] [WARNING]- "OPTIONS /INVGantt/INVGantSeriv/?username=C1010S3&password=123456789&Project_Name=FOC60 HTTP/1.1" 403 5649
[2021-08-02 15:40:08,901] [log.py:228] [log:log_response] [WARNING]- Forbidden: /INVGantt/INVGantSeriv/
[2021-08-02 15:40:08,902] [basehttp.py:154] [basehttp:log_message] [WARNING]- "OPTIONS /INVGantt/INVGantSeriv/?username=C1010S3&password=123456789&Project_Name=FOC60 HTTP/1.1" 403 5649
[2021-08-02 15:40:09,426] [log.py:228] [log:log_response] [WARNING]- Forbidden: /INVGantt/INVGantSeriv/
[2021-08-02 15:40:09,426] [basehttp.py:154] [basehttp:log_message] [WARNING]- "OPTIONS /INVGantt/INVGantSeriv/?username=C1010S3&password=123456789&Project_Name=FOC60 HTTP/1.1" 403 5649
[2021-08-02 15:40:09,648] [log.py:228] [log:log_response] [WARNING]- Forbidden: /INVGantt/INVGantSeriv/
[2021-08-02 15:40:09,648] [basehttp.py:154] [basehttp:log_message] [WARNING]- "OPTIONS /INVGantt/INVGantSeriv/?username=C1010S3&password=123456789&Project_Name=FOC60 HTTP/1.1" 403 5649
[2021-08-02 15:40:09,946] [log.py:228] [log:log_response] [WARNING]- Forbidden: /INVGantt/INVGantSeriv/
[2021-08-02 15:40:09,946] [basehttp.py:154] [basehttp:log_message] [WARNING]- "OPTIONS /INVGantt/INVGantSeriv/?username=C1010S3&password=123456789&Project_Name=FOC60 HTTP/1.1" 403 5649
[2021-08-02 15:53:22,471] [log.py:228] [log:log_response] [ERROR]- Internal Server Error: /INVGantt/INVGantSeriv/
Traceback (most recent call last):
  File "C:\Python372\mecheck\lib\site-packages\django\core\handlers\exception.py", line 34, in inner
    response = get_response(request)
  File "C:\Python372\mecheck\lib\site-packages\django\core\handlers\base.py", line 126, in _get_response
    response = self.process_exception_by_middleware(e, request)
  File "C:\Python372\mecheck\lib\site-packages\django\core\handlers\base.py", line 124, in _get_response
    response = wrapped_callback(request, *callback_args, **callback_kwargs)
  File "C:\Python372\mecheck\lib\site-packages\django\views\decorators\csrf.py", line 54, in wrapped_view
    return view_func(*args, **kwargs)
  File "C:\Python372\mecheck\lib\site-packages\django\views\generic\base.py", line 68, in view
    return self.dispatch(request, *args, **kwargs)
  File "C:\Python372\mecheck\lib\site-packages\rest_framework\views.py", line 505, in dispatch
    response = self.handle_exception(exc)
  File "C:\Python372\mecheck\lib\site-packages\rest_framework\views.py", line 465, in handle_exception
    self.raise_uncaught_exception(exc)
  File "C:\Python372\mecheck\lib\site-packages\rest_framework\views.py", line 476, in raise_uncaught_exception
    raise exc
  File "C:\Python372\mecheck\lib\site-packages\rest_framework\views.py", line 493, in dispatch
    self.initial(request, *args, **kwargs)
  File "C:\Python372\mecheck\lib\site-packages\rest_framework\views.py", line 411, in initial
    self.check_permissions(request)
  File "C:\Python372\mecheck\lib\site-packages\rest_framework\views.py", line 332, in check_permissions
    if not permission.has_permission(request, self):
  File "C:\djangoproject\Reliability_Row_data\INVGantt\permissions.py", line 10, in has_permission
    groups = request.user.groups.all()
AttributeError: 'UserInfo' object has no attribute 'groups'
[2021-08-02 15:53:22,474] [basehttp.py:154] [basehttp:log_message] [ERROR]- "GET /INVGantt/INVGantSeriv/?username=C1010S3&password=12345678&Project_Name=FOC60 HTTP/1.1" 500 111493
[2021-08-02 15:53:22,550] [basehttp.py:154] [basehttp:log_message] [INFO]- "GET /favicon.ico HTTP/1.1" 200 20710
[2021-08-02 15:57:23,301] [log.py:228] [log:log_response] [ERROR]- Internal Server Error: /INVGantt/INVGantSeriv/
Traceback (most recent call last):
  File "C:\Python372\mecheck\lib\site-packages\django\core\handlers\exception.py", line 34, in inner
    response = get_response(request)
  File "C:\Python372\mecheck\lib\site-packages\django\core\handlers\base.py", line 126, in _get_response
    response = self.process_exception_by_middleware(e, request)
  File "C:\Python372\mecheck\lib\site-packages\django\core\handlers\base.py", line 124, in _get_response
    response = wrapped_callback(request, *callback_args, **callback_kwargs)
  File "C:\Python372\mecheck\lib\site-packages\django\views\decorators\csrf.py", line 54, in wrapped_view
    return view_func(*args, **kwargs)
  File "C:\Python372\mecheck\lib\site-packages\django\views\generic\base.py", line 68, in view
    return self.dispatch(request, *args, **kwargs)
  File "C:\Python372\mecheck\lib\site-packages\rest_framework\views.py", line 505, in dispatch
    response = self.handle_exception(exc)
  File "C:\Python372\mecheck\lib\site-packages\rest_framework\views.py", line 465, in handle_exception
    self.raise_uncaught_exception(exc)
  File "C:\Python372\mecheck\lib\site-packages\rest_framework\views.py", line 476, in raise_uncaught_exception
    raise exc
  File "C:\Python372\mecheck\lib\site-packages\rest_framework\views.py", line 493, in dispatch
    self.initial(request, *args, **kwargs)
  File "C:\Python372\mecheck\lib\site-packages\rest_framework\views.py", line 411, in initial
    self.check_permissions(request)
  File "C:\Python372\mecheck\lib\site-packages\rest_framework\views.py", line 332, in check_permissions
    if not permission.has_permission(request, self):
  File "C:\djangoproject\Reliability_Row_data\INVGantt\permissions.py", line 10, in has_permission
    group = UserInfo.objects.filter(name='C1010S3').first()
  File "C:\Python372\mecheck\lib\site-packages\django\db\models\manager.py", line 82, in manager_method
    return getattr(self.get_queryset(), name)(*args, **kwargs)
  File "C:\Python372\mecheck\lib\site-packages\django\db\models\query.py", line 844, in filter
    return self._filter_or_exclude(False, *args, **kwargs)
  File "C:\Python372\mecheck\lib\site-packages\django\db\models\query.py", line 862, in _filter_or_exclude
    clone.query.add_q(Q(*args, **kwargs))
  File "C:\Python372\mecheck\lib\site-packages\django\db\models\sql\query.py", line 1263, in add_q
    clause, _ = self._add_q(q_object, self.used_aliases)
  File "C:\Python372\mecheck\lib\site-packages\django\db\models\sql\query.py", line 1287, in _add_q
    split_subq=split_subq,
  File "C:\Python372\mecheck\lib\site-packages\django\db\models\sql\query.py", line 1164, in build_filter
    lookups, parts, reffed_expression = self.solve_lookup_type(arg)
  File "C:\Python372\mecheck\lib\site-packages\django\db\models\sql\query.py", line 1028, in solve_lookup_type
    _, field, _, lookup_parts = self.names_to_path(lookup_splitted, self.get_meta())
  File "C:\Python372\mecheck\lib\site-packages\django\db\models\sql\query.py", line 1389, in names_to_path
    "Choices are: %s" % (name, ", ".join(available)))
django.core.exceptions.FieldError: Cannot resolve keyword 'name' into field. Choices are: account, cqmproject, email, id, password, role, testprojectll, testprojectme, testprojectsw, testprojectswaio, username
[2021-08-02 15:57:23,303] [basehttp.py:154] [basehttp:log_message] [ERROR]- "GET /INVGantt/INVGantSeriv/?username=C1010S3&password=12345678&Project_Name=FOC60 HTTP/1.1" 500 153035
[2021-08-02 15:57:23,396] [basehttp.py:154] [basehttp:log_message] [INFO]- "GET /favicon.ico HTTP/1.1" 200 20710
[2021-08-02 16:00:13,610] [log.py:228] [log:log_response] [ERROR]- Internal Server Error: /INVGantt/INVGantSeriv/
Traceback (most recent call last):
  File "C:\Python372\mecheck\lib\site-packages\django\core\handlers\exception.py", line 34, in inner
    response = get_response(request)
  File "C:\Python372\mecheck\lib\site-packages\django\core\handlers\base.py", line 126, in _get_response
    response = self.process_exception_by_middleware(e, request)
  File "C:\Python372\mecheck\lib\site-packages\django\core\handlers\base.py", line 124, in _get_response
    response = wrapped_callback(request, *callback_args, **callback_kwargs)
  File "C:\Python372\mecheck\lib\site-packages\django\views\decorators\csrf.py", line 54, in wrapped_view
    return view_func(*args, **kwargs)
  File "C:\Python372\mecheck\lib\site-packages\django\views\generic\base.py", line 68, in view
    return self.dispatch(request, *args, **kwargs)
  File "C:\Python372\mecheck\lib\site-packages\rest_framework\views.py", line 505, in dispatch
    response = self.handle_exception(exc)
  File "C:\Python372\mecheck\lib\site-packages\rest_framework\views.py", line 465, in handle_exception
    self.raise_uncaught_exception(exc)
  File "C:\Python372\mecheck\lib\site-packages\rest_framework\views.py", line 476, in raise_uncaught_exception
    raise exc
  File "C:\Python372\mecheck\lib\site-packages\rest_framework\views.py", line 493, in dispatch
    self.initial(request, *args, **kwargs)
  File "C:\Python372\mecheck\lib\site-packages\rest_framework\views.py", line 411, in initial
    self.check_permissions(request)
  File "C:\Python372\mecheck\lib\site-packages\rest_framework\views.py", line 332, in check_permissions
    if not permission.has_permission(request, self):
  File "C:\djangoproject\Reliability_Row_data\INVGantt\permissions.py", line 24, in has_permission
    groups = request.user.groups.all()
AttributeError: 'UserInfo' object has no attribute 'groups'
[2021-08-02 16:00:13,612] [basehttp.py:154] [basehttp:log_message] [ERROR]- "GET /INVGantt/INVGantSeriv/?username=C1010S3&password=12345678&Project_Name=FOC60 HTTP/1.1" 500 111617
[2021-08-02 16:00:13,674] [basehttp.py:154] [basehttp:log_message] [INFO]- "GET /favicon.ico HTTP/1.1" 200 20710
[2021-08-02 16:01:50,694] [log.py:228] [log:log_response] [ERROR]- Internal Server Error: /INVGantt/INVGantSeriv/
Traceback (most recent call last):
  File "C:\Python372\mecheck\lib\site-packages\django\core\handlers\exception.py", line 34, in inner
    response = get_response(request)
  File "C:\Python372\mecheck\lib\site-packages\django\core\handlers\base.py", line 126, in _get_response
    response = self.process_exception_by_middleware(e, request)
  File "C:\Python372\mecheck\lib\site-packages\django\core\handlers\base.py", line 124, in _get_response
    response = wrapped_callback(request, *callback_args, **callback_kwargs)
  File "C:\Python372\mecheck\lib\site-packages\django\views\decorators\csrf.py", line 54, in wrapped_view
    return view_func(*args, **kwargs)
  File "C:\Python372\mecheck\lib\site-packages\django\views\generic\base.py", line 68, in view
    return self.dispatch(request, *args, **kwargs)
  File "C:\Python372\mecheck\lib\site-packages\rest_framework\views.py", line 505, in dispatch
    response = self.handle_exception(exc)
  File "C:\Python372\mecheck\lib\site-packages\rest_framework\views.py", line 465, in handle_exception
    self.raise_uncaught_exception(exc)
  File "C:\Python372\mecheck\lib\site-packages\rest_framework\views.py", line 476, in raise_uncaught_exception
    raise exc
  File "C:\Python372\mecheck\lib\site-packages\rest_framework\views.py", line 493, in dispatch
    self.initial(request, *args, **kwargs)
  File "C:\Python372\mecheck\lib\site-packages\rest_framework\views.py", line 411, in initial
    self.check_permissions(request)
  File "C:\Python372\mecheck\lib\site-packages\rest_framework\views.py", line 332, in check_permissions
    if not permission.has_permission(request, self):
  File "C:\djangoproject\Reliability_Row_data\INVGantt\permissions.py", line 26, in has_permission
    r2 = group and groups
NameError: name 'group' is not defined
[2021-08-02 16:01:50,697] [basehttp.py:154] [basehttp:log_message] [ERROR]- "GET /INVGantt/INVGantSeriv/?username=C1010S3&password=12345678&Project_Name=FOC60 HTTP/1.1" 500 111487
[2021-08-02 16:01:50,760] [basehttp.py:154] [basehttp:log_message] [INFO]- "GET /favicon.ico HTTP/1.1" 200 20710
[2021-08-02 16:03:57,504] [basehttp.py:154] [basehttp:log_message] [INFO]- "GET /INVGantt/INVGantSeriv/?username=C1010S3&password=12345678&Project_Name=FOC60 HTTP/1.1" 200 5041
[2021-08-02 16:03:57,539] [basehttp.py:154] [basehttp:log_message] [INFO]- "GET /favicon.ico HTTP/1.1" 200 20710
[2021-08-02 16:08:28,688] [basehttp.py:154] [basehttp:log_message] [INFO]- "GET /INVGantt/INVGantSeriv/?username=C1010S3&password=12345678&Project_Name=FOC60 HTTP/1.1" 200 5041
[2021-08-02 16:08:28,718] [basehttp.py:154] [basehttp:log_message] [INFO]- "GET /favicon.ico HTTP/1.1" 200 20710
[2021-08-02 16:08:52,473] [basehttp.py:154] [basehttp:log_message] [INFO]- "GET / HTTP/1.1" 200 20710
[2021-08-02 16:08:52,678] [basehttp.py:154] [basehttp:log_message] [INFO]- "GET /favicon.ico HTTP/1.1" 200 20710
[2021-08-02 16:08:57,060] [basehttp.py:154] [basehttp:log_message] [INFO]- "GET /admin/ HTTP/1.1" 302 0
[2021-08-02 16:08:57,149] [basehttp.py:154] [basehttp:log_message] [INFO]- "GET /admin/login/?next=/admin/ HTTP/1.1" 200 1821
[2021-08-02 16:08:57,210] [basehttp.py:154] [basehttp:log_message] [INFO]- "GET /favicon.ico HTTP/1.1" 200 20710
[2021-08-02 16:09:01,724] [basehttp.py:154] [basehttp:log_message] [INFO]- "POST /admin/login/?next=/admin/ HTTP/1.1" 302 0
[2021-08-02 16:09:01,828] [basehttp.py:154] [basehttp:log_message] [INFO]- "GET /admin/ HTTP/1.1" 200 36836
[2021-08-02 16:09:01,919] [basehttp.py:154] [basehttp:log_message] [INFO]- "GET /favicon.ico HTTP/1.1" 200 20710
[2021-08-02 16:09:04,035] [basehttp.py:154] [basehttp:log_message] [INFO]- "GET /admin/app01/userinfo/ HTTP/1.1" 200 55932
[2021-08-02 16:09:04,059] [basehttp.py:154] [basehttp:log_message] [INFO]- "GET /admin/jsi18n/ HTTP/1.1" 200 7684
[2021-08-02 16:09:04,134] [basehttp.py:154] [basehttp:log_message] [INFO]- "GET /favicon.ico HTTP/1.1" 200 20710
[2021-08-02 16:09:20,875] [basehttp.py:154] [basehttp:log_message] [INFO]- "GET /admin/ HTTP/1.1" 200 36836
[2021-08-02 16:09:20,914] [basehttp.py:154] [basehttp:log_message] [INFO]- "GET /favicon.ico HTTP/1.1" 200 20710
[2021-08-02 16:09:22,851] [basehttp.py:154] [basehttp:log_message] [INFO]- "GET /admin/app01/role/ HTTP/1.1" 200 7555
[2021-08-02 16:09:22,890] [basehttp.py:154] [basehttp:log_message] [INFO]- "GET /admin/jsi18n/ HTTP/1.1" 200 7684
[2021-08-02 16:09:22,932] [basehttp.py:154] [basehttp:log_message] [INFO]- "GET /favicon.ico HTTP/1.1" 200 20710
[2021-08-02 16:09:29,655] [basehttp.py:154] [basehttp:log_message] [INFO]- "GET /admin/ HTTP/1.1" 200 36836
[2021-08-02 16:09:29,696] [basehttp.py:154] [basehttp:log_message] [INFO]- "GET /favicon.ico HTTP/1.1" 200 20710
[2021-08-02 16:09:32,202] [basehttp.py:154] [basehttp:log_message] [INFO]- "GET /admin/app01/userinfo/ HTTP/1.1" 200 55932
[2021-08-02 16:09:32,249] [basehttp.py:154] [basehttp:log_message] [INFO]- "GET /admin/jsi18n/ HTTP/1.1" 200 7684
[2021-08-02 16:09:32,304] [basehttp.py:154] [basehttp:log_message] [INFO]- "GET /favicon.ico HTTP/1.1" 200 20710
[2021-08-02 16:09:59,911] [basehttp.py:154] [basehttp:log_message] [INFO]- "GET /admin/app01/userinfo/2/change/ HTTP/1.1" 200 7022
[2021-08-02 16:09:59,938] [basehttp.py:154] [basehttp:log_message] [INFO]- "GET /admin/jsi18n/ HTTP/1.1" 200 7684
[2021-08-02 16:09:59,971] [basehttp.py:154] [basehttp:log_message] [INFO]- "GET /favicon.ico HTTP/1.1" 200 20710
[2021-08-02 16:10:41,851] [basehttp.py:154] [basehttp:log_message] [INFO]- "GET /INVGantt/INVGantSeriv/?username=RD&password=Compal123!&Project_Name=FOC60 HTTP/1.1" 200 5041
[2021-08-02 16:10:41,878] [basehttp.py:154] [basehttp:log_message] [INFO]- "GET /favicon.ico HTTP/1.1" 200 20710
[2021-08-02 16:14:32,180] [basehttp.py:154] [basehttp:log_message] [INFO]- "GET /INVGantt/INVGantSeriv/?username=RD&password=Compal123!&Project_Name=FOC60 HTTP/1.1" 200 5041
[2021-08-02 16:14:32,224] [basehttp.py:154] [basehttp:log_message] [INFO]- "GET /favicon.ico HTTP/1.1" 200 20710
[2021-08-02 16:14:53,962] [basehttp.py:154] [basehttp:log_message] [INFO]- "GET /INVGantt/INVGantSeriv/?username=RD&password=Compal123!&Project_Name=FOC60 HTTP/1.1" 200 5041
[2021-08-02 16:14:54,008] [basehttp.py:154] [basehttp:log_message] [INFO]- "GET /favicon.ico HTTP/1.1" 200 20710
[2021-08-02 16:15:37,967] [basehttp.py:154] [basehttp:log_message] [INFO]- "GET /INVGantt/INVGantSeriv/?username=RD&password=Compal123!&Project_Name=FOC60 HTTP/1.1" 200 5041
[2021-08-02 16:15:37,998] [basehttp.py:154] [basehttp:log_message] [INFO]- "GET /favicon.ico HTTP/1.1" 200 20710
[2021-08-02 16:17:00,453] [log.py:228] [log:log_response] [ERROR]- Internal Server Error: /INVGantt/INVGantSeriv/
Traceback (most recent call last):
  File "C:\Python372\mecheck\lib\site-packages\rest_framework\request.py", line 409, in __getattr__
    return getattr(self._request, attr)
AttributeError: 'WSGIRequest' object has no attribute 'Method'

During handling of the above exception, another exception occurred:

Traceback (most recent call last):
  File "C:\Python372\mecheck\lib\site-packages\django\core\handlers\exception.py", line 34, in inner
    response = get_response(request)
  File "C:\Python372\mecheck\lib\site-packages\django\core\handlers\base.py", line 126, in _get_response
    response = self.process_exception_by_middleware(e, request)
  File "C:\Python372\mecheck\lib\site-packages\django\core\handlers\base.py", line 124, in _get_response
    response = wrapped_callback(request, *callback_args, **callback_kwargs)
  File "C:\Python372\mecheck\lib\site-packages\django\views\decorators\csrf.py", line 54, in wrapped_view
    return view_func(*args, **kwargs)
  File "C:\Python372\mecheck\lib\site-packages\django\views\generic\base.py", line 68, in view
    return self.dispatch(request, *args, **kwargs)
  File "C:\Python372\mecheck\lib\site-packages\rest_framework\views.py", line 505, in dispatch
    response = self.handle_exception(exc)
  File "C:\Python372\mecheck\lib\site-packages\rest_framework\views.py", line 465, in handle_exception
    self.raise_uncaught_exception(exc)
  File "C:\Python372\mecheck\lib\site-packages\rest_framework\views.py", line 476, in raise_uncaught_exception
    raise exc
  File "C:\Python372\mecheck\lib\site-packages\rest_framework\views.py", line 493, in dispatch
    self.initial(request, *args, **kwargs)
  File "C:\Python372\mecheck\lib\site-packages\rest_framework\views.py", line 411, in initial
    self.check_permissions(request)
  File "C:\Python372\mecheck\lib\site-packages\rest_framework\views.py", line 332, in check_permissions
    if not permission.has_permission(request, self):
  File "C:\djangoproject\Reliability_Row_data\INVGantt\permissions.py", line 18, in has_permission
    print(request.Method)
  File "C:\Python372\mecheck\lib\site-packages\rest_framework\request.py", line 411, in __getattr__
    return self.__getattribute__(attr)
AttributeError: 'Request' object has no attribute 'Method'
[2021-08-02 16:17:00,455] [basehttp.py:154] [basehttp:log_message] [ERROR]- "GET /INVGantt/INVGantSeriv/?username=RD&password=Compal123!&Project_Name=FOC60 HTTP/1.1" 500 119376
[2021-08-02 16:17:00,533] [basehttp.py:154] [basehttp:log_message] [INFO]- "GET /favicon.ico HTTP/1.1" 200 20710
[2021-08-02 16:17:38,366] [basehttp.py:154] [basehttp:log_message] [INFO]- "GET /INVGantt/INVGantSeriv/?username=RD&password=Compal123!&Project_Name=FOC60 HTTP/1.1" 200 5041
[2021-08-02 16:17:38,400] [basehttp.py:154] [basehttp:log_message] [INFO]- "GET /favicon.ico HTTP/1.1" 200 20710
[2021-08-02 16:19:35,122] [log.py:228] [log:log_response] [ERROR]- Internal Server Error: /INVGantt/INVGantSeriv/
Traceback (most recent call last):
  File "C:\Python372\mecheck\lib\site-packages\rest_framework\request.py", line 409, in __getattr__
    return getattr(self._request, attr)
AttributeError: 'WSGIRequest' object has no attribute 'url'

During handling of the above exception, another exception occurred:

Traceback (most recent call last):
  File "C:\Python372\mecheck\lib\site-packages\django\core\handlers\exception.py", line 34, in inner
    response = get_response(request)
  File "C:\Python372\mecheck\lib\site-packages\django\core\handlers\base.py", line 126, in _get_response
    response = self.process_exception_by_middleware(e, request)
  File "C:\Python372\mecheck\lib\site-packages\django\core\handlers\base.py", line 124, in _get_response
    response = wrapped_callback(request, *callback_args, **callback_kwargs)
  File "C:\Python372\mecheck\lib\site-packages\django\views\decorators\csrf.py", line 54, in wrapped_view
    return view_func(*args, **kwargs)
  File "C:\Python372\mecheck\lib\site-packages\django\views\generic\base.py", line 68, in view
    return self.dispatch(request, *args, **kwargs)
  File "C:\Python372\mecheck\lib\site-packages\rest_framework\views.py", line 505, in dispatch
    response = self.handle_exception(exc)
  File "C:\Python372\mecheck\lib\site-packages\rest_framework\views.py", line 465, in handle_exception
    self.raise_uncaught_exception(exc)
  File "C:\Python372\mecheck\lib\site-packages\rest_framework\views.py", line 476, in raise_uncaught_exception
    raise exc
  File "C:\Python372\mecheck\lib\site-packages\rest_framework\views.py", line 493, in dispatch
    self.initial(request, *args, **kwargs)
  File "C:\Python372\mecheck\lib\site-packages\rest_framework\views.py", line 411, in initial
    self.check_permissions(request)
  File "C:\Python372\mecheck\lib\site-packages\rest_framework\views.py", line 332, in check_permissions
    if not permission.has_permission(request, self):
  File "C:\djangoproject\Reliability_Row_data\INVGantt\permissions.py", line 24, in has_permission
    print(request.url)
  File "C:\Python372\mecheck\lib\site-packages\rest_framework\request.py", line 411, in __getattr__
    return self.__getattribute__(attr)
AttributeError: 'Request' object has no attribute 'url'
[2021-08-02 16:19:35,123] [basehttp.py:154] [basehttp:log_message] [ERROR]- "GET /INVGantt/INVGantSeriv/?username=RD&password=Compal123!&Project_Name=FOC60 HTTP/1.1" 500 119371
[2021-08-02 16:19:35,202] [basehttp.py:154] [basehttp:log_message] [INFO]- "GET /favicon.ico HTTP/1.1" 200 20710
[2021-08-02 16:20:08,039] [basehttp.py:154] [basehttp:log_message] [INFO]- "GET /INVGantt/INVGantSeriv/?username=RD&password=Compal123!&Project_Name=FOC60 HTTP/1.1" 200 5041
[2021-08-02 16:20:08,072] [basehttp.py:154] [basehttp:log_message] [INFO]- "GET /favicon.ico HTTP/1.1" 200 20710
[2021-08-02 16:24:20,022] [basehttp.py:154] [basehttp:log_message] [INFO]- "GET /INVGantt/INVGantSeriv/?username=RD&password=Compal123!&Project_Name=FOC60 HTTP/1.1" 200 5041
[2021-08-02 16:24:20,075] [basehttp.py:154] [basehttp:log_message] [INFO]- "GET /favicon.ico HTTP/1.1" 200 20710
[2021-08-02 16:53:20,558] [log.py:228] [log:log_response] [ERROR]- Internal Server Error: /INVGantt/INVGantSeriv/
Traceback (most recent call last):
  File "C:\Python372\mecheck\lib\site-packages\django\core\handlers\exception.py", line 34, in inner
    response = get_response(request)
  File "C:\Python372\mecheck\lib\site-packages\django\core\handlers\base.py", line 156, in _get_response
    response = self.process_exception_by_middleware(e, request)
  File "C:\Python372\mecheck\lib\site-packages\django\core\handlers\base.py", line 154, in _get_response
    response = response.render()
  File "C:\Python372\mecheck\lib\site-packages\django\template\response.py", line 106, in render
    self.content = self.rendered_content
  File "C:\Python372\mecheck\lib\site-packages\rest_framework\response.py", line 70, in rendered_content
    ret = renderer.render(self.data, accepted_media_type, context)
  File "C:\Python372\mecheck\lib\site-packages\rest_framework\renderers.py", line 724, in render
    context = self.get_context(data, accepted_media_type, renderer_context)
  File "C:\Python372\mecheck\lib\site-packages\rest_framework\renderers.py", line 698, in get_context
    'options_form': self.get_rendered_html_form(data, view, 'OPTIONS', request),
  File "C:\Python372\mecheck\lib\site-packages\rest_framework\renderers.py", line 476, in get_rendered_html_form
    if not self.show_form_for_method(view, method, request, instance):
  File "C:\Python372\mecheck\lib\site-packages\rest_framework\renderers.py", line 431, in show_form_for_method
    view.check_permissions(request)
  File "C:\Python372\mecheck\lib\site-packages\rest_framework\views.py", line 332, in check_permissions
    if not permission.has_permission(request, self):
  File "C:\djangoproject\Reliability_Row_data\INVGantt\permissions.py", line 30, in has_permission
    groups = request.user.role.all()
AttributeError: 'AnonymousUser' object has no attribute 'role'
[2021-08-02 16:53:20,559] [basehttp.py:154] [basehttp:log_message] [ERROR]- "GET /INVGantt/INVGantSeriv/?username=RD&password=Compal123!1&Project_Name=FOC60 HTTP/1.1" 500 112948
[2021-08-02 16:53:20,628] [basehttp.py:154] [basehttp:log_message] [INFO]- "GET /favicon.ico HTTP/1.1" 200 20710
[2021-08-02 16:55:59,981] [log.py:228] [log:log_response] [ERROR]- Internal Server Error: /INVGantt/INVGantSeriv/
Traceback (most recent call last):
  File "C:\Python372\mecheck\lib\site-packages\django\core\handlers\exception.py", line 34, in inner
    response = get_response(request)
  File "C:\Python372\mecheck\lib\site-packages\django\core\handlers\base.py", line 156, in _get_response
    response = self.process_exception_by_middleware(e, request)
  File "C:\Python372\mecheck\lib\site-packages\django\core\handlers\base.py", line 154, in _get_response
    response = response.render()
  File "C:\Python372\mecheck\lib\site-packages\django\template\response.py", line 106, in render
    self.content = self.rendered_content
  File "C:\Python372\mecheck\lib\site-packages\rest_framework\response.py", line 70, in rendered_content
    ret = renderer.render(self.data, accepted_media_type, context)
  File "C:\Python372\mecheck\lib\site-packages\rest_framework\renderers.py", line 724, in render
    context = self.get_context(data, accepted_media_type, renderer_context)
  File "C:\Python372\mecheck\lib\site-packages\rest_framework\renderers.py", line 698, in get_context
    'options_form': self.get_rendered_html_form(data, view, 'OPTIONS', request),
  File "C:\Python372\mecheck\lib\site-packages\rest_framework\renderers.py", line 476, in get_rendered_html_form
    if not self.show_form_for_method(view, method, request, instance):
  File "C:\Python372\mecheck\lib\site-packages\rest_framework\renderers.py", line 431, in show_form_for_method
    view.check_permissions(request)
  File "C:\Python372\mecheck\lib\site-packages\rest_framework\views.py", line 332, in check_permissions
    if not permission.has_permission(request, self):
  File "C:\djangoproject\Reliability_Row_data\INVGantt\permissions.py", line 30, in has_permission
    groups = request.user.role.all()
AttributeError: 'AnonymousUser' object has no attribute 'role'
[2021-08-02 16:55:59,982] [basehttp.py:154] [basehttp:log_message] [ERROR]- "GET /INVGantt/INVGantSeriv/?username=RD&password=Compal123!1&Project_Name=FOC60 HTTP/1.1" 500 113083
[2021-08-02 16:56:00,054] [basehttp.py:154] [basehttp:log_message] [INFO]- "GET /favicon.ico HTTP/1.1" 200 20710
[2021-08-02 16:59:37,865] [log.py:228] [log:log_response] [ERROR]- Internal Server Error: /INVGantt/INVGantSeriv/
Traceback (most recent call last):
  File "C:\Python372\mecheck\lib\site-packages\django\core\handlers\exception.py", line 34, in inner
    response = get_response(request)
  File "C:\Python372\mecheck\lib\site-packages\django\core\handlers\base.py", line 156, in _get_response
    response = self.process_exception_by_middleware(e, request)
  File "C:\Python372\mecheck\lib\site-packages\django\core\handlers\base.py", line 154, in _get_response
    response = response.render()
  File "C:\Python372\mecheck\lib\site-packages\django\template\response.py", line 106, in render
    self.content = self.rendered_content
  File "C:\Python372\mecheck\lib\site-packages\rest_framework\response.py", line 70, in rendered_content
    ret = renderer.render(self.data, accepted_media_type, context)
  File "C:\Python372\mecheck\lib\site-packages\rest_framework\renderers.py", line 724, in render
    context = self.get_context(data, accepted_media_type, renderer_context)
  File "C:\Python372\mecheck\lib\site-packages\rest_framework\renderers.py", line 698, in get_context
    'options_form': self.get_rendered_html_form(data, view, 'OPTIONS', request),
  File "C:\Python372\mecheck\lib\site-packages\rest_framework\renderers.py", line 476, in get_rendered_html_form
    if not self.show_form_for_method(view, method, request, instance):
  File "C:\Python372\mecheck\lib\site-packages\rest_framework\renderers.py", line 431, in show_form_for_method
    view.check_permissions(request)
  File "C:\Python372\mecheck\lib\site-packages\rest_framework\views.py", line 332, in check_permissions
    if not permission.has_permission(request, self):
  File "C:\djangoproject\Reliability_Row_data\INVGantt\permissions.py", line 33, in has_permission
    groups = request.user.role.all()
AttributeError: 'AnonymousUser' object has no attribute 'role'
[2021-08-02 16:59:37,867] [basehttp.py:154] [basehttp:log_message] [ERROR]- "GET /INVGantt/INVGantSeriv/?username=RD&password=Compal123!1&Project_Name=FOC60 HTTP/1.1" 500 113036
[2021-08-02 16:59:37,947] [basehttp.py:154] [basehttp:log_message] [INFO]- "GET /favicon.ico HTTP/1.1" 200 20710
[2021-08-02 16:59:39,324] [log.py:228] [log:log_response] [ERROR]- Internal Server Error: /INVGantt/INVGantSeriv/
Traceback (most recent call last):
  File "C:\Python372\mecheck\lib\site-packages\django\core\handlers\exception.py", line 34, in inner
    response = get_response(request)
  File "C:\Python372\mecheck\lib\site-packages\django\core\handlers\base.py", line 156, in _get_response
    response = self.process_exception_by_middleware(e, request)
  File "C:\Python372\mecheck\lib\site-packages\django\core\handlers\base.py", line 154, in _get_response
    response = response.render()
  File "C:\Python372\mecheck\lib\site-packages\django\template\response.py", line 106, in render
    self.content = self.rendered_content
  File "C:\Python372\mecheck\lib\site-packages\rest_framework\response.py", line 70, in rendered_content
    ret = renderer.render(self.data, accepted_media_type, context)
  File "C:\Python372\mecheck\lib\site-packages\rest_framework\renderers.py", line 724, in render
    context = self.get_context(data, accepted_media_type, renderer_context)
  File "C:\Python372\mecheck\lib\site-packages\rest_framework\renderers.py", line 698, in get_context
    'options_form': self.get_rendered_html_form(data, view, 'OPTIONS', request),
  File "C:\Python372\mecheck\lib\site-packages\rest_framework\renderers.py", line 476, in get_rendered_html_form
    if not self.show_form_for_method(view, method, request, instance):
  File "C:\Python372\mecheck\lib\site-packages\rest_framework\renderers.py", line 431, in show_form_for_method
    view.check_permissions(request)
  File "C:\Python372\mecheck\lib\site-packages\rest_framework\views.py", line 332, in check_permissions
    if not permission.has_permission(request, self):
  File "C:\djangoproject\Reliability_Row_data\INVGantt\permissions.py", line 33, in has_permission
    groups = request.user.role.all()
AttributeError: 'AnonymousUser' object has no attribute 'role'
[2021-08-02 16:59:39,325] [basehttp.py:154] [basehttp:log_message] [ERROR]- "GET /INVGantt/INVGantSeriv/?username=RD&password=Compal123!1&Project_Name=FOC60 HTTP/1.1" 500 113036
[2021-08-02 16:59:39,416] [basehttp.py:154] [basehttp:log_message] [INFO]- "GET /favicon.ico HTTP/1.1" 200 20710
[2021-08-02 17:00:35,077] [log.py:228] [log:log_response] [ERROR]- Internal Server Error: /INVGantt/INVGantSeriv/
Traceback (most recent call last):
  File "C:\Python372\mecheck\lib\site-packages\django\core\handlers\exception.py", line 34, in inner
    response = get_response(request)
  File "C:\Python372\mecheck\lib\site-packages\django\core\handlers\base.py", line 156, in _get_response
    response = self.process_exception_by_middleware(e, request)
  File "C:\Python372\mecheck\lib\site-packages\django\core\handlers\base.py", line 154, in _get_response
    response = response.render()
  File "C:\Python372\mecheck\lib\site-packages\django\template\response.py", line 106, in render
    self.content = self.rendered_content
  File "C:\Python372\mecheck\lib\site-packages\rest_framework\response.py", line 70, in rendered_content
    ret = renderer.render(self.data, accepted_media_type, context)
  File "C:\Python372\mecheck\lib\site-packages\rest_framework\renderers.py", line 724, in render
    context = self.get_context(data, accepted_media_type, renderer_context)
  File "C:\Python372\mecheck\lib\site-packages\rest_framework\renderers.py", line 698, in get_context
    'options_form': self.get_rendered_html_form(data, view, 'OPTIONS', request),
  File "C:\Python372\mecheck\lib\site-packages\rest_framework\renderers.py", line 476, in get_rendered_html_form
    if not self.show_form_for_method(view, method, request, instance):
  File "C:\Python372\mecheck\lib\site-packages\rest_framework\renderers.py", line 431, in show_form_for_method
    view.check_permissions(request)
  File "C:\Python372\mecheck\lib\site-packages\rest_framework\views.py", line 332, in check_permissions
    if not permission.has_permission(request, self):
  File "C:\djangoproject\Reliability_Row_data\INVGantt\permissions.py", line 34, in has_permission
    groups = request.user.role.all()
AttributeError: 'AnonymousUser' object has no attribute 'role'
[2021-08-02 17:00:35,079] [basehttp.py:154] [basehttp:log_message] [ERROR]- "GET /INVGantt/INVGantSeriv/?username=RD&password=Compal123!1&Project_Name=FOC60 HTTP/1.1" 500 113020
[2021-08-02 17:00:35,150] [basehttp.py:154] [basehttp:log_message] [INFO]- "GET /favicon.ico HTTP/1.1" 200 20710
[2021-08-02 17:01:39,323] [log.py:228] [log:log_response] [WARNING]- Forbidden: /INVGantt/INVGantSeriv/
[2021-08-02 17:01:39,324] [basehttp.py:154] [basehttp:log_message] [WARNING]- "GET /INVGantt/INVGantSeriv/?username=RD&password=Compal123!1&Project_Name=FOC60 HTTP/1.1" 403 5634
[2021-08-02 17:01:39,381] [basehttp.py:154] [basehttp:log_message] [INFO]- "GET /favicon.ico HTTP/1.1" 200 20710
