[2022-06-10 10:01:55,173] [basehttp.py:154] [basehttp:log_message] [INFO]- "GET / HTTP/1.1" 302 0
[2022-06-10 10:01:55,333] [basehttp.py:154] [basehttp:log_message] [INFO]- "GET /login/ HTTP/1.1" 200 4677
[2022-06-10 10:01:55,456] [basehttp.py:154] [basehttp:log_message] [INFO]- "GET /static/vendor/fontawesome-free/css/all.min.css HTTP/1.1" 200 54641
[2022-06-10 10:01:55,464] [basehttp.py:154] [basehttp:log_message] [INFO]- "GET /static/css/sb-admin.css HTTP/1.1" 200 214832
[2022-06-10 10:01:55,469] [basehttp.py:154] [basehttp:log_message] [INFO]- "GET /static/vendor/jquery-easing/jquery.easing.min.js HTTP/1.1" 200 2532
[2022-06-10 10:01:55,491] [basehttp.py:154] [basehttp:log_message] [INFO]- "GET /static/css/bootstrap.min.css HTTP/1.1" 200 144877
[2022-06-10 10:01:55,512] [basehttp.py:154] [basehttp:log_message] [INFO]- "GET /static/css/test1.css HTTP/1.1" 200 29531
[2022-06-10 10:01:55,520] [basehttp.py:154] [basehttp:log_message] [INFO]- "GET /static/vendor/jquery/jquery.min.js HTTP/1.1" 200 86927
[2022-06-10 10:01:55,524] [basehttp.py:154] [basehttp:log_message] [INFO]- "GET /static/vendor/bootstrap/js/bootstrap.bundle.min.js HTTP/1.1" 200 76308
[2022-06-10 10:01:55,540] [basehttp.py:154] [basehttp:log_message] [INFO]- "GET /static/src/ocean.jpg HTTP/1.1" 200 128450
[2022-06-10 10:01:55,838] [basehttp.py:154] [basehttp:log_message] [INFO]- "GET /favicon.ico HTTP/1.1" 302 0
[2022-06-10 10:01:55,842] [basehttp.py:154] [basehttp:log_message] [INFO]- "GET /login/ HTTP/1.1" 200 4677
[2022-06-10 10:03:02,412] [basehttp.py:154] [basehttp:log_message] [INFO]- "GET /CQM/apilogin/ HTTP/1.1" 302 0
[2022-06-10 10:03:02,416] [basehttp.py:154] [basehttp:log_message] [INFO]- "GET /login/ HTTP/1.1" 200 4677
[2022-06-10 10:03:02,686] [basehttp.py:154] [basehttp:log_message] [INFO]- "GET /favicon.ico HTTP/1.1" 302 0
[2022-06-10 10:03:02,700] [basehttp.py:154] [basehttp:log_message] [INFO]- "GET /login/ HTTP/1.1" 200 4677
[2022-06-10 10:03:14,495] [UserIP.py:89] [UserIP:process_response] [CRITICAL]- 系统错误
[2022-06-10 10:03:14,523] [basehttp.py:154] [basehttp:log_message] [INFO]- "POST /login/ HTTP/1.1" 302 0
[2022-06-10 10:03:14,697] [basehttp.py:154] [basehttp:log_message] [INFO]- "GET /index/ HTTP/1.1" 200 47230
[2022-06-10 10:03:15,032] [basehttp.py:154] [basehttp:log_message] [INFO]- "GET /static/css/lib/calendar2/pignose.calendar.min.css HTTP/1.1" 200 14709
[2022-06-10 10:03:15,036] [basehttp.py:154] [basehttp:log_message] [INFO]- "GET /static/download_UPK/element-ui@2.12.0/lib/theme-chalk/index.css HTTP/1.1" 200 232694
[2022-06-10 10:03:15,056] [basehttp.py:154] [basehttp:log_message] [INFO]- "GET /static/css/lib/owl.theme.default.min.css HTTP/1.1" 200 1003
[2022-06-10 10:03:15,059] [basehttp.py:154] [basehttp:log_message] [INFO]- "GET /static/css/lib/weather-icons.css HTTP/1.1" 200 30752
[2022-06-10 10:03:15,072] [basehttp.py:154] [basehttp:log_message] [INFO]- "GET /static/css/lib/menubar/sidebar.css HTTP/1.1" 200 17438
[2022-06-10 10:03:15,113] [basehttp.py:154] [basehttp:log_message] [INFO]- "GET /static/css/lib/font-awesome.min.css HTTP/1.1" 200 38722
[2022-06-10 10:03:15,124] [basehttp.py:154] [basehttp:log_message] [INFO]- "GET /static/node_modules/bootstrap-icons/font/bootstrap-icons.css HTTP/1.1" 200 73271
[2022-06-10 10:03:15,142] [basehttp.py:154] [basehttp:log_message] [INFO]- "GET /static/css/lib/helper.css HTTP/1.1" 200 55773
[2022-06-10 10:03:15,174] [basehttp.py:154] [basehttp:log_message] [INFO]- "GET /static/css/style.css HTTP/1.1" 200 91469
[2022-06-10 10:03:15,179] [basehttp.py:154] [basehttp:log_message] [INFO]- "GET /static/css/uploadbutton.css HTTP/1.1" 200 175
[2022-06-10 10:03:15,183] [basehttp.py:154] [basehttp:log_message] [INFO]- "GET /static/css/home_zerogrid.css HTTP/1.1" 200 4828
[2022-06-10 10:03:15,197] [basehttp.py:154] [basehttp:log_message] [INFO]- "GET /static/css/home_style.css HTTP/1.1" 200 23905
[2022-06-10 10:03:15,198] [basehttp.py:154] [basehttp:log_message] [INFO]- "GET /static/css/home_menu.css HTTP/1.1" 200 8215
[2022-06-10 10:03:15,198] [basehttp.py:154] [basehttp:log_message] [INFO]- "GET /static/js/lib/jquery.min.js HTTP/1.1" 200 97362
[2022-06-10 10:03:15,235] [basehttp.py:154] [basehttp:log_message] [INFO]- "GET /static/css/lib/chartist/chartist.min.css HTTP/1.1" 200 11508
[2022-06-10 10:03:15,290] [basehttp.py:154] [basehttp:log_message] [INFO]- "GET /static/js/lib/jquery.nanoscroller.min.js HTTP/1.1" 200 12394
[2022-06-10 10:03:15,423] [basehttp.py:154] [basehttp:log_message] [INFO]- "GET /static/js/lib/menubar/sidebar.js HTTP/1.1" 200 7278
[2022-06-10 10:03:15,426] [basehttp.py:154] [basehttp:log_message] [INFO]- "GET /static/css/lib/themify-icons.css HTTP/1.1" 200 17551
[2022-06-10 10:03:15,461] [basehttp.py:154] [basehttp:log_message] [INFO]- "GET /static/js/lib/preloader/pace.min.js HTTP/1.1" 200 26566
[2022-06-10 10:03:15,467] [basehttp.py:154] [basehttp:log_message] [INFO]- "GET /static/js/scripts.js HTTP/1.1" 200 1906
[2022-06-10 10:03:15,469] [basehttp.py:154] [basehttp:log_message] [INFO]- "GET /static/js/lib/bootstrap.min.js HTTP/1.1" 200 69782
[2022-06-10 10:03:15,541] [basehttp.py:154] [basehttp:log_message] [INFO]- "GET /static/css/lib/owl.carousel.min.css HTTP/1.1" 200 3011
[2022-06-10 10:03:15,576] [basehttp.py:154] [basehttp:log_message] [INFO]- "GET /static/js/lib/calendar-2/moment.latest.min.js HTTP/1.1" 200 61317
[2022-06-10 10:03:15,597] [basehttp.py:154] [basehttp:log_message] [INFO]- "GET /static/js/lib/calendar-2/pignose.calendar.min.js HTTP/1.1" 200 24265
[2022-06-10 10:03:15,614] [basehttp.py:154] [basehttp:log_message] [INFO]- "GET /static/js/lib/calendar-2/pignose.init.js HTTP/1.1" 200 258
[2022-06-10 10:03:15,620] [basehttp.py:154] [basehttp:log_message] [INFO]- "GET /static/js/lib/circle-progress/circle-progress.min.js HTTP/1.1" 200 4453
[2022-06-10 10:03:15,642] [basehttp.py:154] [basehttp:log_message] [INFO]- "GET /index/ HTTP/1.1" 200 47230
[2022-06-10 10:03:15,659] [basehttp.py:154] [basehttp:log_message] [INFO]- "GET /static/js/lib/circle-progress/circle-progress-init.js HTTP/1.1" 200 1252
[2022-06-10 10:03:15,667] [basehttp.py:154] [basehttp:log_message] [INFO]- "GET /static/js/lib/sparklinechart/jquery.sparkline.min.js HTTP/1.1" 200 43247
[2022-06-10 10:03:15,675] [basehttp.py:154] [basehttp:log_message] [INFO]- "GET /static/js/lib/sparklinechart/sparkline.init.js HTTP/1.1" 200 9974
[2022-06-10 10:03:15,682] [basehttp.py:154] [basehttp:log_message] [INFO]- "GET /static/js/lib/owl-carousel/owl.carousel.min.js HTTP/1.1" 200 42854
[2022-06-10 10:03:15,691] [basehttp.py:154] [basehttp:log_message] [INFO]- "GET /static/js/date.js HTTP/1.1" 200 764
[2022-06-10 10:03:15,696] [basehttp.py:154] [basehttp:log_message] [INFO]- "GET /static/vendor/datatables/jquery.dataTables.js HTTP/1.1" 200 447606
[2022-06-10 10:03:15,697] [basehttp.py:154] [basehttp:log_message] [INFO]- "GET /static/js/datapicker.js HTTP/1.1" 200 11813
[2022-06-10 10:03:15,711] [basehttp.py:154] [basehttp:log_message] [INFO]- "GET /static/js/lib/owl-carousel/owl.carousel-init.js HTTP/1.1" 200 1044
[2022-06-10 10:03:15,713] [basehttp.py:154] [basehttp:log_message] [INFO]- "GET /static/js/es6/polyfill.min.js HTTP/1.1" 200 97799
[2022-06-10 10:03:15,719] [basehttp.py:154] [basehttp:log_message] [INFO]- "GET /static/js/lib/calendar-2/semantic.ui.min.js HTTP/1.1" 200 287763
[2022-06-10 10:03:15,742] [basehttp.py:154] [basehttp:log_message] [INFO]- "GET /static/js/axios.min.js HTTP/1.1" 200 13696
[2022-06-10 10:03:15,747] [basehttp.py:154] [basehttp:log_message] [INFO]- "GET /static/js/es6/babel.min.js HTTP/1.1" 200 791258
[2022-06-10 10:03:15,754] [basehttp.py:154] [basehttp:log_message] [INFO]- "GET /static/js/lib/calendar-2/prism.min.js HTTP/1.1" 200 8822
[2022-06-10 10:03:15,760] [basehttp.py:154] [basehttp:log_message] [INFO]- "GET /static/js/xlsx/xlsx.core.min.js HTTP/1.1" 200 480558
[2022-06-10 10:03:15,766] [basehttp.py:154] [basehttp:log_message] [INFO]- "GET /static/src/index.jpg HTTP/1.1" 200 146911
[2022-06-10 10:03:15,811] [basehttp.py:154] [basehttp:log_message] [INFO]- "GET /static/src/5.jpg HTTP/1.1" 200 28854
[2022-06-10 10:03:15,844] [basehttp.py:154] [basehttp:log_message] [INFO]- "GET /static/src/timg3.jfif HTTP/1.1" 200 74629
[2022-06-10 10:03:15,857] [basehttp.py:154] [basehttp:log_message] [INFO]- "GET /static/src/6.jpg HTTP/1.1" 200 14506
[2022-06-10 10:03:16,029] [basehttp.py:154] [basehttp:log_message] [INFO]- "GET /static/fonts/fontawesome-webfont.woff2?v=4.7.0 HTTP/1.1" 200 77160
[2022-06-10 10:03:16,030] [basehttp.py:154] [basehttp:log_message] [INFO]- "GET /static/css/admin/assets/fonts/themify.woff?-fvbane HTTP/1.1" 200 0
[2022-06-10 10:03:16,038] [basehttp.py:154] [basehttp:log_message] [INFO]- "GET /static/src/10.jpg HTTP/1.1" 200 23088
[2022-06-10 10:03:16,097] [basehttp.py:154] [basehttp:log_message] [INFO]- "GET /static/src/8.jpg HTTP/1.1" 200 24687
[2022-06-10 10:03:16,122] [basehttp.py:154] [basehttp:log_message] [INFO]- "GET /static/src/9.jfif HTTP/1.1" 200 321460
[2022-06-10 10:03:16,126] [basehttp.py:154] [basehttp:log_message] [INFO]- "GET /static/src/3.jpg HTTP/1.1" 200 35728
[2022-06-10 10:03:16,130] [basehttp.py:154] [basehttp:log_message] [INFO]- "GET /static/src/gallery_05.jpg HTTP/1.1" 200 68706
[2022-06-10 10:03:16,144] [basehttp.py:154] [basehttp:log_message] [INFO]- "GET /static/src/4.jpg HTTP/1.1" 200 27337
[2022-06-10 10:03:16,148] [basehttp.py:154] [basehttp:log_message] [INFO]- "GET /static/src/1.jpg HTTP/1.1" 200 103270
[2022-06-10 10:03:16,208] [basehttp.py:154] [basehttp:log_message] [INFO]- "GET /static/src/2.jpg HTTP/1.1" 200 47621
[2022-06-10 10:03:16,208] [basehttp.py:154] [basehttp:log_message] [INFO]- "GET /static/src/7.jpg HTTP/1.1" 200 33330
[2022-06-10 10:03:16,209] [basehttp.py:154] [basehttp:log_message] [INFO]- "GET /static/src/timg.jfif HTTP/1.1" 200 73185
[2022-06-10 10:03:16,269] [basehttp.py:154] [basehttp:log_message] [INFO]- "GET /static/js/vue.min.js HTTP/1.1" 200 93675
[2022-06-10 10:03:16,297] [basehttp.py:154] [basehttp:log_message] [INFO]- "GET /static/js/qs.js HTTP/1.1" 200 25398
[2022-06-10 10:03:16,311] [basehttp.py:154] [basehttp:log_message] [INFO]- "GET /static/js/Element/table.js HTTP/1.1" 200 28389
[2022-06-10 10:03:16,326] [basehttp.py:154] [basehttp:log_message] [INFO]- "GET /static/js/Element/main.js HTTP/1.1" 200 8726
[2022-06-10 10:03:16,328] [basehttp.py:154] [basehttp:log_message] [INFO]- "GET /static/js/Element/input.js HTTP/1.1" 200 29207
[2022-06-10 10:03:16,334] [basehttp.py:154] [basehttp:log_message] [INFO]- "GET /static/js/Element/table-column.js HTTP/1.1" 200 28341
[2022-06-10 10:03:16,338] [basehttp.py:154] [basehttp:log_message] [INFO]- "GET /static/js/Element/icon.js HTTP/1.1" 200 8700
[2022-06-10 10:03:16,346] [basehttp.py:154] [basehttp:log_message] [INFO]- "GET /static/js/Element/index.js HTTP/1.1" 200 563790
[2022-06-10 10:03:16,360] [basehttp.py:154] [basehttp:log_message] [INFO]- "GET /static/js/Element/image.js HTTP/1.1" 200 25055
[2022-06-10 10:03:16,368] [basehttp.py:154] [basehttp:log_message] [INFO]- "GET /static/src/back/001.png HTTP/1.1" 200 2015
[2022-06-10 10:03:16,412] [basehttp.py:154] [basehttp:log_message] [INFO]- "GET /static/src/back/mail.png HTTP/1.1" 200 3002
[2022-06-10 10:03:16,462] [basehttp.py:154] [basehttp:log_message] [INFO]- "GET /static/js/Element/message.js HTTP/1.1" 200 11022
[2022-06-10 10:03:16,471] [basehttp.py:154] [basehttp:log_message] [INFO]- "GET /static/css/admin/assets/fonts/themify.ttf?-fvbane HTTP/1.1" 200 0
[2022-06-10 10:03:16,473] [basehttp.py:154] [basehttp:log_message] [INFO]- "GET /static/js/xlsx/xlsx.js HTTP/1.1" 200 5900
[2022-06-10 10:03:16,474] [basehttp.py:154] [basehttp:log_message] [INFO]- "GET /static/src/back/call.png HTTP/1.1" 200 1850
[2022-06-10 10:03:16,947] [basehttp.py:154] [basehttp:log_message] [INFO]- "GET /static/fonts/themify.woff?-fvbane HTTP/1.1" 200 56108
[2022-06-10 10:03:17,161] [basehttp.py:154] [basehttp:log_message] [INFO]- "GET /favicon.ico HTTP/1.1" 200 22499
[2022-06-10 10:03:43,053] [basehttp.py:154] [basehttp:log_message] [INFO]- "GET /CQM/apilogin/ HTTP/1.1" 200 22499
[2022-06-10 10:03:43,222] [basehttp.py:154] [basehttp:log_message] [INFO]- "GET /static/src/blue.jpg HTTP/1.1" 200 60343
[2022-06-10 10:03:43,469] [basehttp.py:154] [basehttp:log_message] [INFO]- "GET /favicon.ico HTTP/1.1" 200 22499
[2022-06-10 10:03:50,983] [log.py:228] [log:log_response] [WARNING]- Forbidden: /CQM/CQMSeriv/
[2022-06-10 10:03:50,983] [basehttp.py:154] [basehttp:log_message] [WARNING]- "GET /CQM/CQMSeriv/ HTTP/1.1" 403 5013
[2022-06-10 10:03:51,093] [basehttp.py:154] [basehttp:log_message] [INFO]- "GET /favicon.ico HTTP/1.1" 200 22499
[2022-06-10 10:11:47,831] [log.py:228] [log:log_response] [WARNING]- Method Not Allowed: /api-token-auth/
[2022-06-10 10:11:47,831] [basehttp.py:154] [basehttp:log_message] [WARNING]- "GET /api-token-auth/ HTTP/1.1" 405 7775
[2022-06-10 10:11:47,939] [basehttp.py:154] [basehttp:log_message] [INFO]- "GET /favicon.ico HTTP/1.1" 200 22499
[2022-06-10 10:12:17,689] [basehttp.py:154] [basehttp:log_message] [INFO]- "GET /apilogin/ HTTP/1.1" 200 22499
[2022-06-10 10:12:18,043] [basehttp.py:154] [basehttp:log_message] [INFO]- "GET /favicon.ico HTTP/1.1" 200 22499
[2022-06-10 10:12:36,032] [basehttp.py:154] [basehttp:log_message] [INFO]- "GET /apilogin/ HTTP/1.1" 200 22499
[2022-06-10 10:12:36,336] [basehttp.py:154] [basehttp:log_message] [INFO]- "GET /favicon.ico HTTP/1.1" 200 22499
[2022-06-10 10:14:48,860] [basehttp.py:154] [basehttp:log_message] [INFO]- "GET /favicon.ico HTTP/1.1" 200 22499
[2022-06-10 10:14:54,813] [UserIP.py:89] [UserIP:process_response] [CRITICAL]- 系统错误
[2022-06-10 10:14:54,818] [log.py:228] [log:log_response] [WARNING]- Bad Request: /api-token-auth/
[2022-06-10 10:14:54,819] [basehttp.py:154] [basehttp:log_message] [WARNING]- "POST /api-token-auth/ HTTP/1.1" 400 7820
[2022-06-10 10:14:54,924] [basehttp.py:154] [basehttp:log_message] [INFO]- "GET /favicon.ico HTTP/1.1" 200 22499
[2022-06-10 10:15:03,814] [UserIP.py:89] [UserIP:process_response] [CRITICAL]- 系统错误
[2022-06-10 10:15:03,825] [log.py:228] [log:log_response] [WARNING]- Bad Request: /api-token-auth/
[2022-06-10 10:15:03,825] [basehttp.py:154] [basehttp:log_message] [WARNING]- "POST /api-token-auth/ HTTP/1.1" 400 7820
[2022-06-10 10:15:03,938] [basehttp.py:154] [basehttp:log_message] [INFO]- "GET /favicon.ico HTTP/1.1" 200 22499
[2022-06-10 10:15:10,612] [UserIP.py:89] [UserIP:process_response] [CRITICAL]- 系统错误
[2022-06-10 10:15:10,627] [log.py:228] [log:log_response] [WARNING]- Bad Request: /api-token-auth/
[2022-06-10 10:15:10,627] [basehttp.py:154] [basehttp:log_message] [WARNING]- "POST /api-token-auth/ HTTP/1.1" 400 7819
[2022-06-10 10:15:10,687] [basehttp.py:154] [basehttp:log_message] [INFO]- "GET /favicon.ico HTTP/1.1" 200 22499
[2022-06-10 10:15:15,183] [UserIP.py:89] [UserIP:process_response] [CRITICAL]- 系统错误
[2022-06-10 10:15:15,188] [log.py:228] [log:log_response] [WARNING]- Bad Request: /api-token-auth/
[2022-06-10 10:15:15,188] [basehttp.py:154] [basehttp:log_message] [WARNING]- "POST /api-token-auth/ HTTP/1.1" 400 7819
[2022-06-10 10:15:15,260] [basehttp.py:154] [basehttp:log_message] [INFO]- "GET /favicon.ico HTTP/1.1" 200 22499
[2022-06-10 11:45:52,361] [log.py:228] [log:log_response] [WARNING]- Method Not Allowed: /api-token-verify/
[2022-06-10 11:45:52,364] [basehttp.py:154] [basehttp:log_message] [WARNING]- "GET /api-token-verify/ HTTP/1.1" 405 7426
[2022-06-10 11:45:52,528] [basehttp.py:154] [basehttp:log_message] [INFO]- "GET /favicon.ico HTTP/1.1" 200 22499
[2022-06-10 11:51:36,501] [basehttp.py:154] [basehttp:log_message] [INFO]- "GET /favicon.ico HTTP/1.1" 200 22499
[2022-06-10 11:51:40,201] [basehttp.py:154] [basehttp:log_message] [INFO]- "GET /favicon.ico HTTP/1.1" 200 22499
[2022-06-10 11:51:41,605] [basehttp.py:154] [basehttp:log_message] [INFO]- "GET /favicon.ico HTTP/1.1" 200 22499
[2022-06-10 11:51:48,281] [UserIP.py:89] [UserIP:process_response] [CRITICAL]- 系统错误
[2022-06-10 11:51:48,288] [log.py:228] [log:log_response] [WARNING]- Bad Request: /api-token-auth/
[2022-06-10 11:51:48,290] [basehttp.py:154] [basehttp:log_message] [WARNING]- "POST /api-token-auth/ HTTP/1.1" 400 7819
[2022-06-10 11:51:48,368] [basehttp.py:154] [basehttp:log_message] [INFO]- "GET /favicon.ico HTTP/1.1" 200 22499
[2022-06-10 11:52:13,731] [UserIP.py:89] [UserIP:process_response] [CRITICAL]- 系统错误
[2022-06-10 11:52:13,740] [basehttp.py:154] [basehttp:log_message] [INFO]- "POST /api-token-auth/ HTTP/1.1" 200 7915
[2022-06-10 11:52:28,235] [UserIP.py:89] [UserIP:process_response] [CRITICAL]- 系统错误
[2022-06-10 11:52:28,241] [basehttp.py:154] [basehttp:log_message] [INFO]- "POST /api-token-auth/ HTTP/1.1" 200 7915
[2022-06-10 11:52:28,369] [basehttp.py:154] [basehttp:log_message] [INFO]- "GET /favicon.ico HTTP/1.1" 200 22499
[2022-06-10 11:52:55,821] [log.py:228] [log:log_response] [WARNING]- Method Not Allowed: /api-token-verify/
[2022-06-10 11:52:55,822] [basehttp.py:154] [basehttp:log_message] [WARNING]- "GET /api-token-verify/ HTTP/1.1" 405 7426
[2022-06-10 11:52:55,910] [basehttp.py:154] [basehttp:log_message] [INFO]- "GET /favicon.ico HTTP/1.1" 200 22499
[2022-06-10 11:53:01,537] [UserIP.py:89] [UserIP:process_response] [CRITICAL]- 系统错误
[2022-06-10 11:53:01,542] [basehttp.py:154] [basehttp:log_message] [INFO]- "POST /api-token-verify/ HTTP/1.1" 200 7566
[2022-06-10 11:53:01,594] [basehttp.py:154] [basehttp:log_message] [INFO]- "GET /favicon.ico HTTP/1.1" 200 22499
[2022-06-10 11:55:04,758] [basehttp.py:154] [basehttp:log_message] [INFO]- "GET /apilogin/ HTTP/1.1" 200 22499
[2022-06-10 11:55:05,082] [basehttp.py:154] [basehttp:log_message] [INFO]- "GET /favicon.ico HTTP/1.1" 200 22499
[2022-06-10 11:56:09,836] [basehttp.py:154] [basehttp:log_message] [INFO]- "GET /favicon.ico HTTP/1.1" 200 22499
[2022-06-10 11:56:12,489] [basehttp.py:154] [basehttp:log_message] [INFO]- "GET /api-token-login/ HTTP/1.1" 200 22499
[2022-06-10 11:56:12,996] [basehttp.py:154] [basehttp:log_message] [INFO]- "GET /favicon.ico HTTP/1.1" 200 22499
[2022-06-10 11:56:38,208] [basehttp.py:154] [basehttp:log_message] [INFO]- "GET /api-token-login/ HTTP/1.1" 200 22499
[2022-06-10 11:56:38,526] [basehttp.py:154] [basehttp:log_message] [INFO]- "GET /favicon.ico HTTP/1.1" 200 22499
[2022-06-10 11:58:31,015] [basehttp.py:154] [basehttp:log_message] [INFO]- "GET /favicon.ico HTTP/1.1" 200 22499
[2022-06-10 11:58:31,631] [log.py:228] [log:log_response] [WARNING]- Method Not Allowed: /api-token-verify/
[2022-06-10 11:58:31,632] [basehttp.py:154] [basehttp:log_message] [WARNING]- "GET /api-token-verify/ HTTP/1.1" 405 7356
[2022-06-10 11:58:31,745] [basehttp.py:154] [basehttp:log_message] [INFO]- "GET /favicon.ico HTTP/1.1" 200 22499
[2022-06-10 11:58:32,793] [basehttp.py:154] [basehttp:log_message] [INFO]- "GET /favicon.ico HTTP/1.1" 200 22499
[2022-06-10 11:58:36,356] [UserIP.py:89] [UserIP:process_response] [CRITICAL]- 系统错误
[2022-06-10 11:58:36,370] [basehttp.py:154] [basehttp:log_message] [INFO]- "POST /api-token-auth/ HTTP/1.1" 200 7847
[2022-06-10 11:58:36,439] [basehttp.py:154] [basehttp:log_message] [INFO]- "GET /favicon.ico HTTP/1.1" 200 22499
[2022-06-10 11:58:59,967] [basehttp.py:154] [basehttp:log_message] [INFO]- "GET /api-token-ttt/ HTTP/1.1" 200 22499
[2022-06-10 11:59:00,965] [basehttp.py:154] [basehttp:log_message] [INFO]- "GET /favicon.ico HTTP/1.1" 200 22499
[2022-06-10 11:59:16,061] [basehttp.py:154] [basehttp:log_message] [INFO]- "GET /favicon.ico HTTP/1.1" 200 22499
[2022-06-10 12:02:09,330] [basehttp.py:154] [basehttp:log_message] [INFO]- "GET /api-auth/ HTTP/1.1" 200 22499
[2022-06-10 12:02:09,729] [basehttp.py:154] [basehttp:log_message] [INFO]- "GET /favicon.ico HTTP/1.1" 200 22499
[2022-06-10 12:02:36,483] [basehttp.py:154] [basehttp:log_message] [INFO]- "GET /api-auth/login/ HTTP/1.1" 200 22499
[2022-06-10 12:02:36,627] [basehttp.py:154] [basehttp:log_message] [INFO]- "GET /favicon.ico HTTP/1.1" 200 22499
[2022-06-10 12:03:10,542] [basehttp.py:154] [basehttp:log_message] [INFO]- "GET /api-auth/login/ HTTP/1.1" 200 22499
[2022-06-10 12:03:10,771] [basehttp.py:154] [basehttp:log_message] [INFO]- "GET /favicon.ico HTTP/1.1" 200 22499
[2022-06-10 12:03:28,465] [basehttp.py:154] [basehttp:log_message] [INFO]- "GET /rest_framework/login/ HTTP/1.1" 200 22499
[2022-06-10 12:03:28,710] [basehttp.py:154] [basehttp:log_message] [INFO]- "GET /favicon.ico HTTP/1.1" 200 22499
[2022-06-10 12:04:23,563] [basehttp.py:154] [basehttp:log_message] [INFO]- "GET /rest_framework/login/ HTTP/1.1" 200 22499
[2022-06-10 12:04:23,758] [basehttp.py:154] [basehttp:log_message] [INFO]- "GET /favicon.ico HTTP/1.1" 200 22499
[2022-06-10 12:04:28,710] [basehttp.py:154] [basehttp:log_message] [INFO]- "GET /rest_framework/login// HTTP/1.1" 200 22499
[2022-06-10 12:04:28,824] [basehttp.py:154] [basehttp:log_message] [INFO]- "GET /favicon.ico HTTP/1.1" 200 22499
[2022-06-10 12:04:32,332] [basehttp.py:154] [basehttp:log_message] [INFO]- "GET /rest_framework/login/?/ HTTP/1.1" 200 22499
[2022-06-10 12:04:32,490] [basehttp.py:154] [basehttp:log_message] [INFO]- "GET /favicon.ico HTTP/1.1" 200 22499
[2022-06-10 12:06:04,828] [basehttp.py:154] [basehttp:log_message] [INFO]- "GET /rest_framework/login/?/ HTTP/1.1" 200 22499
[2022-06-10 12:06:04,923] [basehttp.py:154] [basehttp:log_message] [INFO]- "GET /favicon.ico HTTP/1.1" 200 22499
[2022-06-10 12:06:06,422] [basehttp.py:154] [basehttp:log_message] [INFO]- "GET /favicon.ico HTTP/1.1" 200 22499
[2022-06-10 12:06:07,071] [basehttp.py:154] [basehttp:log_message] [INFO]- "GET /favicon.ico HTTP/1.1" 200 22499
[2022-06-10 12:06:07,650] [basehttp.py:154] [basehttp:log_message] [INFO]- "GET /favicon.ico HTTP/1.1" 200 22499
