[2020-05-06 09:19:40,201] [basehttp.py:154] [basehttp:log_message] [INFO]- "GET /TestPlanSW/TestPlanSW-search/ HTTP/1.1" 302 0
[2020-05-06 09:19:40,319] [basehttp.py:154] [basehttp:log_message] [INFO]- "GET /login/ HTTP/1.1" 200 4677
[2020-05-06 09:19:40,858] [basehttp.py:154] [basehttp:log_message] [INFO]- "GET /favicon.ico HTTP/1.1" 302 0
[2020-05-06 09:19:40,942] [basehttp.py:154] [basehttp:log_message] [INFO]- "GET /login/ HTTP/1.1" 200 4677
[2020-05-06 09:19:42,641] [basehttp.py:154] [basehttp:log_message] [INFO]- "POST /login/ HTTP/1.1" 302 0
[2020-05-06 09:19:42,804] [basehttp.py:154] [basehttp:log_message] [INFO]- "GET /index/ HTTP/1.1" 200 31111
[2020-05-06 09:19:42,836] [basehttp.py:154] [basehttp:log_message] [INFO]- "GET /static/css/home_style.css HTTP/1.1" 304 0
[2020-05-06 09:19:42,889] [basehttp.py:154] [basehttp:log_message] [INFO]- "GET /static/js/xlsx/xlsx.js HTTP/1.1" 304 0
[2020-05-06 09:19:42,956] [basehttp.py:154] [basehttp:log_message] [INFO]- "GET /static/src/index.jpg HTTP/1.1" 304 0
[2020-05-06 09:19:43,031] [basehttp.py:154] [basehttp:log_message] [INFO]- "GET /index/ HTTP/1.1" 200 31111
[2020-05-06 09:19:43,593] [basehttp.py:154] [basehttp:log_message] [INFO]- "GET /favicon.ico HTTP/1.1" 200 16121
[2020-05-06 09:19:53,228] [basehttp.py:154] [basehttp:log_message] [INFO]- "GET /TestPlanSW/TestPlanSW-search/ HTTP/1.1" 200 57657
[2020-05-06 09:19:53,308] [basehttp.py:154] [basehttp:log_message] [INFO]- "GET /static/js/ELTABLEBAR/ElTableBar.umd.min.js HTTP/1.1" 200 24765
[2020-05-06 09:19:53,317] [basehttp.py:154] [basehttp:log_message] [INFO]- "GET /static/js/ELTABLEBAR/ElTableBar.common.js HTTP/1.1" 200 68681
[2020-05-06 09:19:53,393] [basehttp.py:154] [basehttp:log_message] [INFO]- "GET /static/js/ELTABLEBAR/ElTableBar.umd.js HTTP/1.1" 200 69080
[2020-05-06 09:19:54,810] [basehttp.py:154] [basehttp:log_message] [INFO]- "GET /TestPlanSW/TestPlanSW-search/?action=first HTTP/1.1" 200 88
[2020-05-06 09:19:55,013] [basehttp.py:154] [basehttp:log_message] [INFO]- "GET /favicon.ico HTTP/1.1" 200 16121
[2020-05-06 09:20:12,870] [basehttp.py:154] [basehttp:log_message] [INFO]- "GET /TestPlanSW/TestPlanSW-search/?action=getCategory&customer=C38(NB)&project=EL432&phase=0 HTTP/1.1" 200 726
[2020-05-06 09:20:16,329] [basehttp.py:154] [basehttp:log_message] [INFO]- "GET /TestPlanSW/TestPlanSW-search/?action=getContent&customer=C38(NB)&project=EL432&phase=0&category=Basic HTTP/1.1" 200 44010
[2020-05-06 09:24:13,698] [basehttp.py:154] [basehttp:log_message] [INFO]- "GET /TestPlanSW/TestPlanSW-search/ HTTP/1.1" 200 57730
[2020-05-06 09:24:15,018] [basehttp.py:154] [basehttp:log_message] [INFO]- "GET /TestPlanSW/TestPlanSW-search/?action=first HTTP/1.1" 200 88
[2020-05-06 09:24:15,278] [basehttp.py:154] [basehttp:log_message] [INFO]- "GET /favicon.ico HTTP/1.1" 200 16121
[2020-05-06 09:24:20,557] [basehttp.py:154] [basehttp:log_message] [INFO]- "GET /TestPlanSW/TestPlanSW-search/?action=getCategory&customer=C38(NB)&project=EL432&phase=0 HTTP/1.1" 200 726
[2020-05-06 09:24:23,178] [basehttp.py:154] [basehttp:log_message] [INFO]- "GET /TestPlanSW/TestPlanSW-search/?action=getContent&customer=C38(NB)&project=EL432&phase=0&category=Basic HTTP/1.1" 200 44010
[2020-05-06 09:27:13,784] [basehttp.py:154] [basehttp:log_message] [INFO]- "GET /TestPlanSW/TestPlanSW-search/ HTTP/1.1" 200 57724
[2020-05-06 09:27:15,323] [basehttp.py:154] [basehttp:log_message] [INFO]- "GET /TestPlanSW/TestPlanSW-search/?action=first HTTP/1.1" 200 88
[2020-05-06 09:27:15,490] [basehttp.py:154] [basehttp:log_message] [INFO]- "GET /favicon.ico HTTP/1.1" 200 16121
[2020-05-06 09:27:22,714] [basehttp.py:154] [basehttp:log_message] [INFO]- "GET /TestPlanSW/TestPlanSW-search/?action=getCategory&customer=C38(NB)&project=EL432&phase=0 HTTP/1.1" 200 726
[2020-05-06 09:27:25,665] [basehttp.py:154] [basehttp:log_message] [INFO]- "GET /TestPlanSW/TestPlanSW-search/?action=getContent&customer=C38(NB)&project=EL432&phase=0&category=Basic HTTP/1.1" 200 44010
[2020-05-06 09:27:35,856] [basehttp.py:154] [basehttp:log_message] [WARNING]- "GET /static/js/lib/bootstrap.min.js.map HTTP/1.1" 404 1806
[2020-05-06 09:27:35,857] [basehttp.py:154] [basehttp:log_message] [WARNING]- "GET /static/js/xlsx/FileSaver.min.js.map HTTP/1.1" 404 1809
[2020-05-06 09:27:35,857] [basehttp.py:154] [basehttp:log_message] [WARNING]- "GET /static/js/axios.min.map HTTP/1.1" 404 1773
[2020-05-06 09:27:37,311] [basehttp.py:154] [basehttp:log_message] [WARNING]- "GET /static/css/bootstrap.min.css.map HTTP/1.1" 404 1800
[2020-05-06 09:28:18,024] [basehttp.py:154] [basehttp:log_message] [INFO]- "GET /TestPlanSW/TestPlanSW-search/ HTTP/1.1" 302 0
[2020-05-06 09:28:18,030] [basehttp.py:154] [basehttp:log_message] [INFO]- "GET /login/ HTTP/1.1" 200 4677
[2020-05-06 09:28:18,137] [basehttp.py:154] [basehttp:log_message] [INFO]- "GET /static/vendor/fontawesome-free/css/all.min.css HTTP/1.1" 200 54641
[2020-05-06 09:28:18,139] [basehttp.py:154] [basehttp:log_message] [INFO]- "GET /static/css/bootstrap.min.css HTTP/1.1" 200 144877
[2020-05-06 09:28:18,139] [basehttp.py:154] [basehttp:log_message] [INFO]- "GET /static/css/test1.css HTTP/1.1" 200 29531
[2020-05-06 09:28:18,139] [basehttp.py:154] [basehttp:log_message] [INFO]- "GET /static/css/sb-admin.css HTTP/1.1" 200 214832
[2020-05-06 09:28:18,162] [basehttp.py:154] [basehttp:log_message] [INFO]- "GET /static/vendor/jquery-easing/jquery.easing.min.js HTTP/1.1" 200 2532
[2020-05-06 09:28:18,173] [basehttp.py:154] [basehttp:log_message] [INFO]- "GET /static/src/ocean.jpg HTTP/1.1" 200 128450
[2020-05-06 09:28:18,188] [basehttp.py:154] [basehttp:log_message] [INFO]- "GET /static/vendor/bootstrap/js/bootstrap.bundle.min.js HTTP/1.1" 200 76308
[2020-05-06 09:28:18,221] [basehttp.py:154] [basehttp:log_message] [INFO]- "GET /static/vendor/jquery/jquery.min.js HTTP/1.1" 200 86927
[2020-05-06 09:28:18,453] [basehttp.py:154] [basehttp:log_message] [WARNING]- "GET /static/css/bootstrap.min.css.map HTTP/1.1" 404 1800
[2020-05-06 09:28:18,522] [basehttp.py:154] [basehttp:log_message] [INFO]- "GET /favicon.ico HTTP/1.1" 302 0
[2020-05-06 09:28:18,539] [basehttp.py:154] [basehttp:log_message] [INFO]- "GET /login/ HTTP/1.1" 200 4677
[2020-05-06 09:28:20,812] [basehttp.py:154] [basehttp:log_message] [INFO]- "POST /login/ HTTP/1.1" 302 0
[2020-05-06 09:28:20,942] [basehttp.py:154] [basehttp:log_message] [INFO]- "GET /index/ HTTP/1.1" 200 31111
[2020-05-06 09:28:21,000] [basehttp.py:154] [basehttp:log_message] [INFO]- "GET /static/css/lib/calendar2/pignose.calendar.min.css HTTP/1.1" 200 14709
[2020-05-06 09:28:21,004] [basehttp.py:154] [basehttp:log_message] [INFO]- "GET /static/download_UPK/element-ui@2.12.0/lib/theme-chalk/index.css HTTP/1.1" 200 232694
[2020-05-06 09:28:21,015] [basehttp.py:154] [basehttp:log_message] [INFO]- "GET /static/css/lib/themify-icons.css HTTP/1.1" 200 17551
[2020-05-06 09:28:21,016] [basehttp.py:154] [basehttp:log_message] [INFO]- "GET /static/css/lib/chartist/chartist.min.css HTTP/1.1" 200 11508
[2020-05-06 09:28:21,017] [basehttp.py:154] [basehttp:log_message] [INFO]- "GET /static/css/lib/font-awesome.min.css HTTP/1.1" 200 38722
[2020-05-06 09:28:21,023] [basehttp.py:154] [basehttp:log_message] [INFO]- "GET /static/css/lib/owl.carousel.min.css HTTP/1.1" 200 3011
[2020-05-06 09:28:21,036] [basehttp.py:154] [basehttp:log_message] [INFO]- "GET /static/css/lib/owl.theme.default.min.css HTTP/1.1" 200 1003
[2020-05-06 09:28:21,046] [basehttp.py:154] [basehttp:log_message] [INFO]- "GET /static/css/lib/weather-icons.css HTTP/1.1" 200 30752
[2020-05-06 09:28:21,056] [basehttp.py:154] [basehttp:log_message] [INFO]- "GET /static/css/lib/menubar/sidebar.css HTTP/1.1" 200 17210
[2020-05-06 09:28:21,057] [basehttp.py:154] [basehttp:log_message] [INFO]- "GET /static/css/lib/helper.css HTTP/1.1" 200 55773
[2020-05-06 09:28:21,059] [basehttp.py:154] [basehttp:log_message] [INFO]- "GET /static/css/style.css HTTP/1.1" 200 91465
[2020-05-06 09:28:21,066] [basehttp.py:154] [basehttp:log_message] [INFO]- "GET /static/css/uploadbutton.css HTTP/1.1" 200 175
[2020-05-06 09:28:21,072] [basehttp.py:154] [basehttp:log_message] [INFO]- "GET /static/css/home_zerogrid.css HTTP/1.1" 200 4828
[2020-05-06 09:28:21,075] [basehttp.py:154] [basehttp:log_message] [INFO]- "GET /static/css/home_style.css HTTP/1.1" 200 23905
[2020-05-06 09:28:21,090] [basehttp.py:154] [basehttp:log_message] [INFO]- "GET /static/css/home_menu.css HTTP/1.1" 200 8211
[2020-05-06 09:28:21,192] [basehttp.py:154] [basehttp:log_message] [INFO]- "GET /static/jquery-3.2.1.js HTTP/1.1" 200 268039
[2020-05-06 09:28:21,287] [basehttp.py:154] [basehttp:log_message] [INFO]- "GET /static/js/lib/jquery.min.js HTTP/1.1" 200 97362
[2020-05-06 09:28:21,342] [basehttp.py:154] [basehttp:log_message] [INFO]- "GET /static/js/lib/jquery.nanoscroller.min.js HTTP/1.1" 200 12394
[2020-05-06 09:28:21,361] [basehttp.py:154] [basehttp:log_message] [INFO]- "GET /static/js/lib/menubar/sidebar.js HTTP/1.1" 200 7278
[2020-05-06 09:28:21,390] [basehttp.py:154] [basehttp:log_message] [INFO]- "GET /static/js/lib/preloader/pace.min.js HTTP/1.1" 200 26566
[2020-05-06 09:28:21,455] [basehttp.py:154] [basehttp:log_message] [INFO]- "GET /static/js/lib/bootstrap.min.js HTTP/1.1" 200 69782
[2020-05-06 09:28:21,478] [basehttp.py:154] [basehttp:log_message] [INFO]- "GET /static/js/scripts.js HTTP/1.1" 200 1906
[2020-05-06 09:28:21,523] [basehttp.py:154] [basehttp:log_message] [INFO]- "GET /static/js/lib/calendar-2/moment.latest.min.js HTTP/1.1" 200 61317
[2020-05-06 09:28:21,562] [basehttp.py:154] [basehttp:log_message] [INFO]- "GET /static/js/lib/calendar-2/pignose.calendar.min.js HTTP/1.1" 200 24265
[2020-05-06 09:28:21,577] [basehttp.py:154] [basehttp:log_message] [INFO]- "GET /static/js/lib/calendar-2/pignose.init.js HTTP/1.1" 200 258
[2020-05-06 09:28:21,614] [basehttp.py:154] [basehttp:log_message] [INFO]- "GET /static/js/lib/circle-progress/circle-progress.min.js HTTP/1.1" 200 4453
[2020-05-06 09:28:21,643] [basehttp.py:154] [basehttp:log_message] [INFO]- "GET /static/js/lib/circle-progress/circle-progress-init.js HTTP/1.1" 200 1252
[2020-05-06 09:28:21,709] [basehttp.py:154] [basehttp:log_message] [INFO]- "GET /static/js/lib/sparklinechart/jquery.sparkline.min.js HTTP/1.1" 200 43247
[2020-05-06 09:28:21,762] [basehttp.py:154] [basehttp:log_message] [INFO]- "GET /static/js/lib/sparklinechart/sparkline.init.js HTTP/1.1" 200 9974
[2020-05-06 09:28:21,835] [basehttp.py:154] [basehttp:log_message] [INFO]- "GET /static/js/lib/owl-carousel/owl.carousel.min.js HTTP/1.1" 200 42854
[2020-05-06 09:28:21,879] [basehttp.py:154] [basehttp:log_message] [INFO]- "GET /static/js/lib/owl-carousel/owl.carousel-init.js HTTP/1.1" 200 1044
[2020-05-06 09:28:21,920] [basehttp.py:154] [basehttp:log_message] [INFO]- "GET /static/js/date.js HTTP/1.1" 200 764
[2020-05-06 09:28:22,033] [basehttp.py:154] [basehttp:log_message] [INFO]- "GET /static/vendor/datatables/jquery.dataTables.js HTTP/1.1" 200 447606
[2020-05-06 09:28:22,092] [basehttp.py:154] [basehttp:log_message] [INFO]- "GET /static/js/datapicker.js HTTP/1.1" 200 11813
[2020-05-06 09:28:22,396] [basehttp.py:154] [basehttp:log_message] [INFO]- "GET /static/js/xlsx/xlsx.core.min.js HTTP/1.1" 200 480558
[2020-05-06 09:28:22,436] [basehttp.py:154] [basehttp:log_message] [INFO]- "GET /static/js/xlsx/xlsx.js HTTP/1.1" 200 5900
[2020-05-06 09:28:22,544] [basehttp.py:154] [basehttp:log_message] [INFO]- "GET /static/js/lib/calendar-2/semantic.ui.min.js HTTP/1.1" 200 287763
[2020-05-06 09:28:22,580] [basehttp.py:154] [basehttp:log_message] [INFO]- "GET /static/js/lib/calendar-2/prism.min.js HTTP/1.1" 200 8822
[2020-05-06 09:28:22,595] [basehttp.py:154] [basehttp:log_message] [INFO]- "GET /static/src/back/001.png HTTP/1.1" 200 2015
[2020-05-06 09:28:22,602] [basehttp.py:154] [basehttp:log_message] [INFO]- "GET /static/src/back/mail.png HTTP/1.1" 200 3002
[2020-05-06 09:28:22,611] [basehttp.py:154] [basehttp:log_message] [INFO]- "GET /static/src/back/call.png HTTP/1.1" 200 1850
[2020-05-06 09:28:25,111] [basehttp.py:154] [basehttp:log_message] [INFO]- "GET /static/src/index.jpg HTTP/1.1" 200 146911
[2020-05-06 09:28:25,115] [basehttp.py:154] [basehttp:log_message] [INFO]- "GET /static/src/4.jpg HTTP/1.1" 200 27337
[2020-05-06 09:28:25,115] [basehttp.py:154] [basehttp:log_message] [INFO]- "GET /static/src/3.jpg HTTP/1.1" 200 35728
[2020-05-06 09:28:25,115] [basehttp.py:154] [basehttp:log_message] [INFO]- "GET /static/src/2.jpg HTTP/1.1" 200 47621
[2020-05-06 09:28:25,117] [basehttp.py:154] [basehttp:log_message] [INFO]- "GET /static/src/1.jpg HTTP/1.1" 200 103270
[2020-05-06 09:28:25,125] [basehttp.py:154] [basehttp:log_message] [INFO]- "GET /static/src/5.jpg HTTP/1.1" 200 28854
[2020-05-06 09:28:25,129] [basehttp.py:154] [basehttp:log_message] [INFO]- "GET /static/src/6.jpg HTTP/1.1" 200 14506
[2020-05-06 09:28:25,130] [basehttp.py:154] [basehttp:log_message] [INFO]- "GET /static/src/7.jpg HTTP/1.1" 200 33330
[2020-05-06 09:28:25,132] [basehttp.py:154] [basehttp:log_message] [INFO]- "GET /static/src/8.jpg HTTP/1.1" 200 24687
[2020-05-06 09:28:25,142] [basehttp.py:154] [basehttp:log_message] [INFO]- "GET /static/src/10.jpg HTTP/1.1" 200 23088
[2020-05-06 09:28:25,142] [basehttp.py:154] [basehttp:log_message] [INFO]- "GET /static/src/9.jfif HTTP/1.1" 200 321460
[2020-05-06 09:28:25,146] [basehttp.py:154] [basehttp:log_message] [INFO]- "GET /index/ HTTP/1.1" 200 31111
[2020-05-06 09:28:25,165] [basehttp.py:154] [basehttp:log_message] [WARNING]- "GET /static/css/bootstrap.min.css.map HTTP/1.1" 404 1800
[2020-05-06 09:28:25,260] [basehttp.py:154] [basehttp:log_message] [WARNING]- "GET /static/js/lib/bootstrap.min.js.map HTTP/1.1" 404 1806
[2020-05-06 09:28:25,359] [basehttp.py:154] [basehttp:log_message] [WARNING]- "GET /static/js/lib/bootstrap.min.js.map HTTP/1.1" 404 1806
[2020-05-06 09:28:25,368] [basehttp.py:154] [basehttp:log_message] [INFO]- "GET /static/css/admin/assets/fonts/themify.woff?-fvbane HTTP/1.1" 200 0
[2020-05-06 09:28:25,420] [basehttp.py:154] [basehttp:log_message] [INFO]- "GET /static/fonts/fontawesome-webfont.woff2?v=4.7.0 HTTP/1.1" 200 77160
[2020-05-06 09:28:25,521] [basehttp.py:154] [basehttp:log_message] [INFO]- "GET /static/css/admin/assets/fonts/themify.ttf?-fvbane HTTP/1.1" 200 0
[2020-05-06 09:28:25,640] [basehttp.py:154] [basehttp:log_message] [INFO]- "GET /static/fonts/themify.woff?-fvbane HTTP/1.1" 200 56108
[2020-05-06 09:28:27,701] [basehttp.py:154] [basehttp:log_message] [INFO]- "GET /favicon.ico HTTP/1.1" 200 16121
[2020-05-06 09:28:31,311] [basehttp.py:154] [basehttp:log_message] [INFO]- "GET /TestPlanSW/TestPlanSW-search/ HTTP/1.1" 200 57724
[2020-05-06 09:28:31,339] [basehttp.py:154] [basehttp:log_message] [INFO]- "GET /static/css/bouncing.css HTTP/1.1" 200 2137
[2020-05-06 09:28:31,339] [basehttp.py:154] [basehttp:log_message] [INFO]- "GET /static/css/bouncing_edit.css HTTP/1.1" 200 6053
[2020-05-06 09:28:31,341] [basehttp.py:154] [basehttp:log_message] [INFO]- "GET /static/css/ElementUI.css HTTP/1.1" 200 232696
[2020-05-06 09:28:31,444] [basehttp.py:154] [basehttp:log_message] [INFO]- "GET /static/js/xlsx/FileSaver.min.js HTTP/1.1" 200 2611
[2020-05-06 09:28:31,447] [basehttp.py:154] [basehttp:log_message] [INFO]- "GET /static/js/axios.min.js HTTP/1.1" 200 13696
[2020-05-06 09:28:31,447] [basehttp.py:154] [basehttp:log_message] [INFO]- "GET /static/js/qs.js HTTP/1.1" 200 25398
[2020-05-06 09:28:31,458] [basehttp.py:154] [basehttp:log_message] [INFO]- "GET /static/js/es6/polyfill.min.js HTTP/1.1" 200 97799
[2020-05-06 09:28:31,484] [basehttp.py:154] [basehttp:log_message] [INFO]- "GET /static/js/Element/main.js HTTP/1.1" 200 8726
[2020-05-06 09:28:31,489] [basehttp.py:154] [basehttp:log_message] [INFO]- "GET /static/js/Element/table.js HTTP/1.1" 200 28389
[2020-05-06 09:28:31,490] [basehttp.py:154] [basehttp:log_message] [INFO]- "GET /static/js/Element/input.js HTTP/1.1" 200 29207
[2020-05-06 09:28:31,495] [basehttp.py:154] [basehttp:log_message] [INFO]- "GET /static/js/vue.min.js HTTP/1.1" 200 93675
[2020-05-06 09:28:31,502] [basehttp.py:154] [basehttp:log_message] [INFO]- "GET /static/js/Element/table-column.js HTTP/1.1" 200 28341
[2020-05-06 09:28:31,517] [basehttp.py:154] [basehttp:log_message] [INFO]- "GET /static/js/Element/icon.js HTTP/1.1" 200 8700
[2020-05-06 09:28:31,522] [basehttp.py:154] [basehttp:log_message] [INFO]- "GET /static/js/Element/dialog.js HTTP/1.1" 200 11942
[2020-05-06 09:28:31,523] [basehttp.py:154] [basehttp:log_message] [INFO]- "GET /static/src/blue.jpg HTTP/1.1" 200 60343
[2020-05-06 09:28:31,524] [basehttp.py:154] [basehttp:log_message] [INFO]- "GET /static/js/Element/message.js HTTP/1.1" 200 11022
[2020-05-06 09:28:31,528] [basehttp.py:154] [basehttp:log_message] [INFO]- "GET /static/js/Element/tooltip.js HTTP/1.1" 200 8439
[2020-05-06 09:28:31,540] [basehttp.py:154] [basehttp:log_message] [INFO]- "GET /static/js/ELTABLEBAR/ElTableBar.umd.min.js HTTP/1.1" 200 24765
[2020-05-06 09:28:31,540] [basehttp.py:154] [basehttp:log_message] [INFO]- "GET /static/js/ELTABLEBAR/ElTableBar.common.js HTTP/1.1" 200 68915
[2020-05-06 09:28:31,551] [basehttp.py:154] [basehttp:log_message] [INFO]- "GET /static/js/ELTABLEBAR/ElTableBar.umd.js HTTP/1.1" 200 69080
[2020-05-06 09:28:31,570] [basehttp.py:154] [basehttp:log_message] [INFO]- "GET /static/js/Element/pagination.js HTTP/1.1" 200 22168
[2020-05-06 09:28:31,586] [basehttp.py:154] [basehttp:log_message] [INFO]- "GET /static/js/Element/date-picker.js HTTP/1.1" 200 186049
[2020-05-06 09:28:31,815] [basehttp.py:154] [basehttp:log_message] [INFO]- "GET /static/js/Element/index.js HTTP/1.1" 200 563790
[2020-05-06 09:28:31,897] [basehttp.py:154] [basehttp:log_message] [INFO]- "GET /static/js/es6/babel.min.js HTTP/1.1" 200 791258
[2020-05-06 09:28:32,545] [basehttp.py:154] [basehttp:log_message] [INFO]- "GET /TestPlanSW/TestPlanSW-search/?action=first HTTP/1.1" 200 88
[2020-05-06 09:28:32,634] [basehttp.py:154] [basehttp:log_message] [INFO]- "GET /static/css/fonts/element-icons.ttf HTTP/1.1" 200 55956
[2020-05-06 09:28:32,722] [basehttp.py:154] [basehttp:log_message] [INFO]- "GET /favicon.ico HTTP/1.1" 200 16121
[2020-05-06 09:28:38,964] [basehttp.py:154] [basehttp:log_message] [INFO]- "GET /TestPlanSW/TestPlanSW-search/?action=getCategory&customer=C38(NB)&project=EL432&phase=0 HTTP/1.1" 200 726
[2020-05-06 09:28:41,482] [basehttp.py:154] [basehttp:log_message] [INFO]- "GET /TestPlanSW/TestPlanSW-search/?action=getContent&customer=C38(NB)&project=EL432&phase=0&category=Application HTTP/1.1" 200 96226
[2020-05-06 09:28:45,164] [basehttp.py:154] [basehttp:log_message] [WARNING]- "GET /static/js/lib/bootstrap.min.js.map HTTP/1.1" 404 1806
[2020-05-06 09:28:45,171] [basehttp.py:154] [basehttp:log_message] [WARNING]- "GET /static/js/axios.min.map HTTP/1.1" 404 1773
[2020-05-06 09:28:45,174] [basehttp.py:154] [basehttp:log_message] [WARNING]- "GET /static/js/xlsx/FileSaver.min.js.map HTTP/1.1" 404 1809
[2020-05-06 09:28:46,186] [basehttp.py:154] [basehttp:log_message] [WARNING]- "GET /static/css/bootstrap.min.css.map HTTP/1.1" 404 1800
[2020-05-06 09:30:42,814] [basehttp.py:154] [basehttp:log_message] [INFO]- "GET /TestPlanSW/TestPlanSW-search/ HTTP/1.1" 302 0
[2020-05-06 09:30:42,828] [basehttp.py:154] [basehttp:log_message] [INFO]- "GET /login/ HTTP/1.1" 200 4677
[2020-05-06 09:30:42,916] [basehttp.py:154] [basehttp:log_message] [INFO]- "GET /static/vendor/fontawesome-free/css/all.min.css HTTP/1.1" 200 54641
[2020-05-06 09:30:42,925] [basehttp.py:154] [basehttp:log_message] [INFO]- "GET /static/css/test1.css HTTP/1.1" 200 29531
[2020-05-06 09:30:42,927] [basehttp.py:154] [basehttp:log_message] [INFO]- "GET /static/vendor/bootstrap/js/bootstrap.bundle.min.js HTTP/1.1" 200 76308
[2020-05-06 09:30:42,927] [basehttp.py:154] [basehttp:log_message] [INFO]- "GET /static/vendor/jquery/jquery.min.js HTTP/1.1" 200 86927
[2020-05-06 09:30:42,930] [basehttp.py:154] [basehttp:log_message] [INFO]- "GET /static/vendor/jquery-easing/jquery.easing.min.js HTTP/1.1" 200 2532
[2020-05-06 09:30:42,931] [basehttp.py:154] [basehttp:log_message] [INFO]- "GET /static/css/sb-admin.css HTTP/1.1" 200 214832
[2020-05-06 09:30:42,935] [basehttp.py:154] [basehttp:log_message] [INFO]- "GET /static/css/bootstrap.min.css HTTP/1.1" 200 144877
[2020-05-06 09:30:42,997] [basehttp.py:154] [basehttp:log_message] [INFO]- "GET /static/src/ocean.jpg HTTP/1.1" 200 128450
[2020-05-06 09:30:43,057] [basehttp.py:154] [basehttp:log_message] [INFO]- "GET /favicon.ico HTTP/1.1" 302 0
[2020-05-06 09:30:43,070] [basehttp.py:154] [basehttp:log_message] [INFO]- "GET /login/ HTTP/1.1" 200 4677
[2020-05-06 09:30:45,554] [basehttp.py:154] [basehttp:log_message] [INFO]- "POST /login/ HTTP/1.1" 302 0
[2020-05-06 09:30:45,623] [basehttp.py:154] [basehttp:log_message] [INFO]- "GET /index/ HTTP/1.1" 200 31111
[2020-05-06 09:30:45,655] [basehttp.py:154] [basehttp:log_message] [INFO]- "GET /static/css/lib/calendar2/pignose.calendar.min.css HTTP/1.1" 200 14709
[2020-05-06 09:30:45,657] [basehttp.py:154] [basehttp:log_message] [INFO]- "GET /static/css/lib/chartist/chartist.min.css HTTP/1.1" 200 11508
[2020-05-06 09:30:45,658] [basehttp.py:154] [basehttp:log_message] [INFO]- "GET /static/css/lib/owl.carousel.min.css HTTP/1.1" 200 3011
[2020-05-06 09:30:45,659] [basehttp.py:154] [basehttp:log_message] [INFO]- "GET /static/css/lib/themify-icons.css HTTP/1.1" 200 17551
[2020-05-06 09:30:45,659] [basehttp.py:154] [basehttp:log_message] [INFO]- "GET /static/css/lib/font-awesome.min.css HTTP/1.1" 200 38722
[2020-05-06 09:30:45,660] [basehttp.py:154] [basehttp:log_message] [INFO]- "GET /static/download_UPK/element-ui@2.12.0/lib/theme-chalk/index.css HTTP/1.1" 200 232694
[2020-05-06 09:30:45,666] [basehttp.py:154] [basehttp:log_message] [INFO]- "GET /static/css/lib/owl.theme.default.min.css HTTP/1.1" 200 1003
[2020-05-06 09:30:45,674] [basehttp.py:154] [basehttp:log_message] [INFO]- "GET /static/css/lib/weather-icons.css HTTP/1.1" 200 30752
[2020-05-06 09:30:45,674] [basehttp.py:154] [basehttp:log_message] [INFO]- "GET /static/css/lib/menubar/sidebar.css HTTP/1.1" 200 17210
[2020-05-06 09:30:45,675] [basehttp.py:154] [basehttp:log_message] [INFO]- "GET /static/css/uploadbutton.css HTTP/1.1" 200 175
[2020-05-06 09:30:45,676] [basehttp.py:154] [basehttp:log_message] [INFO]- "GET /static/css/home_zerogrid.css HTTP/1.1" 200 4828
[2020-05-06 09:30:45,677] [basehttp.py:154] [basehttp:log_message] [INFO]- "GET /static/css/style.css HTTP/1.1" 200 91465
[2020-05-06 09:30:45,678] [basehttp.py:154] [basehttp:log_message] [INFO]- "GET /static/css/lib/helper.css HTTP/1.1" 200 55773
[2020-05-06 09:30:45,679] [basehttp.py:154] [basehttp:log_message] [INFO]- "GET /static/css/home_style.css HTTP/1.1" 200 23905
[2020-05-06 09:30:45,689] [basehttp.py:154] [basehttp:log_message] [INFO]- "GET /static/css/home_menu.css HTTP/1.1" 200 8211
[2020-05-06 09:30:45,697] [basehttp.py:154] [basehttp:log_message] [INFO]- "GET /static/jquery-3.2.1.js HTTP/1.1" 200 268039
[2020-05-06 09:30:45,720] [basehttp.py:154] [basehttp:log_message] [INFO]- "GET /static/js/lib/jquery.min.js HTTP/1.1" 200 97362
[2020-05-06 09:30:45,734] [basehttp.py:154] [basehttp:log_message] [INFO]- "GET /static/js/lib/jquery.nanoscroller.min.js HTTP/1.1" 200 12394
[2020-05-06 09:30:45,741] [basehttp.py:154] [basehttp:log_message] [INFO]- "GET /static/js/lib/menubar/sidebar.js HTTP/1.1" 200 7278
[2020-05-06 09:30:45,748] [basehttp.py:154] [basehttp:log_message] [INFO]- "GET /static/js/lib/preloader/pace.min.js HTTP/1.1" 200 26566
[2020-05-06 09:30:45,755] [basehttp.py:154] [basehttp:log_message] [INFO]- "GET /static/js/lib/bootstrap.min.js HTTP/1.1" 200 69782
[2020-05-06 09:30:45,764] [basehttp.py:154] [basehttp:log_message] [INFO]- "GET /static/js/scripts.js HTTP/1.1" 200 1906
[2020-05-06 09:30:45,773] [basehttp.py:154] [basehttp:log_message] [INFO]- "GET /static/js/lib/calendar-2/moment.latest.min.js HTTP/1.1" 200 61317
[2020-05-06 09:30:45,784] [basehttp.py:154] [basehttp:log_message] [INFO]- "GET /static/js/lib/calendar-2/pignose.calendar.min.js HTTP/1.1" 200 24265
[2020-05-06 09:30:45,792] [basehttp.py:154] [basehttp:log_message] [INFO]- "GET /static/js/lib/calendar-2/pignose.init.js HTTP/1.1" 200 258
[2020-05-06 09:30:45,804] [basehttp.py:154] [basehttp:log_message] [INFO]- "GET /static/js/lib/circle-progress/circle-progress.min.js HTTP/1.1" 200 4453
[2020-05-06 09:30:45,812] [basehttp.py:154] [basehttp:log_message] [INFO]- "GET /static/js/lib/circle-progress/circle-progress-init.js HTTP/1.1" 200 1252
[2020-05-06 09:30:45,819] [basehttp.py:154] [basehttp:log_message] [INFO]- "GET /static/js/lib/sparklinechart/jquery.sparkline.min.js HTTP/1.1" 200 43247
[2020-05-06 09:30:45,849] [basehttp.py:154] [basehttp:log_message] [INFO]- "GET /static/js/lib/sparklinechart/sparkline.init.js HTTP/1.1" 200 9974
[2020-05-06 09:30:45,859] [basehttp.py:154] [basehttp:log_message] [INFO]- "GET /static/js/datapicker.js HTTP/1.1" 200 11813
[2020-05-06 09:30:45,855] [basehttp.py:154] [basehttp:log_message] [INFO]- "GET /static/js/date.js HTTP/1.1" 200 764
[2020-05-06 09:30:45,854] [basehttp.py:154] [basehttp:log_message] [INFO]- "GET /static/js/lib/owl-carousel/owl.carousel.min.js HTTP/1.1" 200 42854
[2020-05-06 09:30:45,861] [basehttp.py:154] [basehttp:log_message] [INFO]- "GET /static/vendor/datatables/jquery.dataTables.js HTTP/1.1" 200 447606
[2020-05-06 09:30:45,862] [basehttp.py:154] [basehttp:log_message] [INFO]- "GET /static/js/lib/owl-carousel/owl.carousel-init.js HTTP/1.1" 200 1044
[2020-05-06 09:30:45,877] [basehttp.py:154] [basehttp:log_message] [INFO]- "GET /static/js/xlsx/xlsx.js HTTP/1.1" 200 5900
[2020-05-06 09:30:45,882] [basehttp.py:154] [basehttp:log_message] [INFO]- "GET /static/js/xlsx/xlsx.core.min.js HTTP/1.1" 200 480558
[2020-05-06 09:30:45,884] [basehttp.py:154] [basehttp:log_message] [INFO]- "GET /static/js/lib/calendar-2/prism.min.js HTTP/1.1" 200 8822
[2020-05-06 09:30:45,886] [basehttp.py:154] [basehttp:log_message] [INFO]- "GET /static/src/back/001.png HTTP/1.1" 200 2015
[2020-05-06 09:30:45,889] [basehttp.py:154] [basehttp:log_message] [INFO]- "GET /static/js/lib/calendar-2/semantic.ui.min.js HTTP/1.1" 200 287763
[2020-05-06 09:30:45,890] [basehttp.py:154] [basehttp:log_message] [INFO]- "GET /static/src/back/mail.png HTTP/1.1" 200 3002
[2020-05-06 09:30:45,903] [basehttp.py:154] [basehttp:log_message] [INFO]- "GET /static/src/back/call.png HTTP/1.1" 200 1850
[2020-05-06 09:30:46,112] [basehttp.py:154] [basehttp:log_message] [INFO]- "GET /static/src/3.jpg HTTP/1.1" 200 35728
[2020-05-06 09:30:46,113] [basehttp.py:154] [basehttp:log_message] [INFO]- "GET /static/src/2.jpg HTTP/1.1" 200 47621
[2020-05-06 09:30:46,114] [basehttp.py:154] [basehttp:log_message] [INFO]- "GET /static/src/index.jpg HTTP/1.1" 200 146911
[2020-05-06 09:30:46,116] [basehttp.py:154] [basehttp:log_message] [INFO]- "GET /static/src/1.jpg HTTP/1.1" 200 103270
[2020-05-06 09:30:46,120] [basehttp.py:154] [basehttp:log_message] [INFO]- "GET /static/src/4.jpg HTTP/1.1" 200 27337
[2020-05-06 09:30:46,121] [basehttp.py:154] [basehttp:log_message] [INFO]- "GET /static/src/5.jpg HTTP/1.1" 200 28854
[2020-05-06 09:30:46,127] [basehttp.py:154] [basehttp:log_message] [INFO]- "GET /static/src/6.jpg HTTP/1.1" 200 14506
[2020-05-06 09:30:46,135] [basehttp.py:154] [basehttp:log_message] [INFO]- "GET /static/src/7.jpg HTTP/1.1" 200 33330
[2020-05-06 09:30:46,139] [basehttp.py:154] [basehttp:log_message] [INFO]- "GET /static/src/10.jpg HTTP/1.1" 200 23088
[2020-05-06 09:30:46,145] [basehttp.py:154] [basehttp:log_message] [INFO]- "GET /static/src/8.jpg HTTP/1.1" 200 24687
[2020-05-06 09:30:46,148] [basehttp.py:154] [basehttp:log_message] [INFO]- "GET /static/src/9.jfif HTTP/1.1" 200 321460
[2020-05-06 09:30:46,172] [basehttp.py:154] [basehttp:log_message] [INFO]- "GET /index/ HTTP/1.1" 200 31111
[2020-05-06 09:30:46,376] [basehttp.py:154] [basehttp:log_message] [INFO]- "GET /static/css/admin/assets/fonts/themify.woff?-fvbane HTTP/1.1" 200 0
[2020-05-06 09:30:46,378] [basehttp.py:154] [basehttp:log_message] [INFO]- "GET /static/fonts/fontawesome-webfont.woff2?v=4.7.0 HTTP/1.1" 200 77160
[2020-05-06 09:30:46,512] [basehttp.py:154] [basehttp:log_message] [INFO]- "GET /static/css/admin/assets/fonts/themify.ttf?-fvbane HTTP/1.1" 200 0
[2020-05-06 09:30:46,703] [basehttp.py:154] [basehttp:log_message] [INFO]- "GET /static/fonts/themify.woff?-fvbane HTTP/1.1" 200 56108
[2020-05-06 09:30:46,821] [basehttp.py:154] [basehttp:log_message] [INFO]- "GET /favicon.ico HTTP/1.1" 200 16121
[2020-05-06 09:30:51,154] [basehttp.py:154] [basehttp:log_message] [INFO]- "GET /TestPlanSW/TestPlanSW-search/ HTTP/1.1" 200 57796
[2020-05-06 09:30:51,179] [basehttp.py:154] [basehttp:log_message] [INFO]- "GET /static/css/bouncing.css HTTP/1.1" 200 2137
[2020-05-06 09:30:51,179] [basehttp.py:154] [basehttp:log_message] [INFO]- "GET /static/css/bouncing_edit.css HTTP/1.1" 200 6053
[2020-05-06 09:30:51,179] [basehttp.py:154] [basehttp:log_message] [INFO]- "GET /static/js/ELTABLEBAR/ElTableBar.css HTTP/1.1" 200 78
[2020-05-06 09:30:51,181] [basehttp.py:154] [basehttp:log_message] [INFO]- "GET /static/css/ElementUI.css HTTP/1.1" 200 232696
[2020-05-06 09:30:51,198] [basehttp.py:154] [basehttp:log_message] [INFO]- "GET /static/js/es6/polyfill.min.js HTTP/1.1" 200 97799
[2020-05-06 09:30:51,224] [basehttp.py:154] [basehttp:log_message] [INFO]- "GET /static/js/axios.min.js HTTP/1.1" 200 13696
[2020-05-06 09:30:51,230] [basehttp.py:154] [basehttp:log_message] [INFO]- "GET /static/js/qs.js HTTP/1.1" 200 25398
[2020-05-06 09:30:51,231] [basehttp.py:154] [basehttp:log_message] [INFO]- "GET /static/js/Element/table.js HTTP/1.1" 200 28389
[2020-05-06 09:30:51,231] [basehttp.py:154] [basehttp:log_message] [INFO]- "GET /static/js/vue.min.js HTTP/1.1" 200 93675
[2020-05-06 09:30:51,232] [basehttp.py:154] [basehttp:log_message] [INFO]- "GET /static/js/xlsx/FileSaver.min.js HTTP/1.1" 200 2611
[2020-05-06 09:30:51,234] [basehttp.py:154] [basehttp:log_message] [INFO]- "GET /static/js/es6/babel.min.js HTTP/1.1" 200 791258
[2020-05-06 09:30:51,241] [basehttp.py:154] [basehttp:log_message] [INFO]- "GET /static/js/Element/main.js HTTP/1.1" 200 8726
[2020-05-06 09:30:51,245] [basehttp.py:154] [basehttp:log_message] [INFO]- "GET /static/js/Element/table-column.js HTTP/1.1" 200 28341
[2020-05-06 09:30:51,248] [basehttp.py:154] [basehttp:log_message] [INFO]- "GET /static/js/Element/icon.js HTTP/1.1" 200 8700
[2020-05-06 09:30:51,252] [basehttp.py:154] [basehttp:log_message] [INFO]- "GET /static/js/Element/input.js HTTP/1.1" 200 29207
[2020-05-06 09:30:51,254] [basehttp.py:154] [basehttp:log_message] [INFO]- "GET /static/js/Element/dialog.js HTTP/1.1" 200 11942
[2020-05-06 09:30:51,255] [basehttp.py:154] [basehttp:log_message] [INFO]- "GET /static/js/Element/message.js HTTP/1.1" 200 11022
[2020-05-06 09:30:51,255] [basehttp.py:154] [basehttp:log_message] [INFO]- "GET /static/js/Element/date-picker.js HTTP/1.1" 200 186049
[2020-05-06 09:30:51,260] [basehttp.py:154] [basehttp:log_message] [INFO]- "GET /static/js/Element/tooltip.js HTTP/1.1" 200 8439
[2020-05-06 09:30:51,263] [basehttp.py:154] [basehttp:log_message] [INFO]- "GET /static/js/Element/pagination.js HTTP/1.1" 200 22168
[2020-05-06 09:30:51,265] [basehttp.py:154] [basehttp:log_message] [INFO]- "GET /static/js/ELTABLEBAR/ElTableBar.umd.min.js HTTP/1.1" 200 24765
[2020-05-06 09:30:51,267] [basehttp.py:154] [basehttp:log_message] [INFO]- "GET /static/js/Element/index.js HTTP/1.1" 200 563790
[2020-05-06 09:30:51,277] [basehttp.py:154] [basehttp:log_message] [INFO]- "GET /static/js/ELTABLEBAR/ElTableBar.common.js HTTP/1.1" 200 68915
[2020-05-06 09:30:51,280] [basehttp.py:154] [basehttp:log_message] [INFO]- "GET /static/js/ELTABLEBAR/ElTableBar.umd.js HTTP/1.1" 200 69080
[2020-05-06 09:30:51,295] [basehttp.py:154] [basehttp:log_message] [INFO]- "GET /static/src/blue.jpg HTTP/1.1" 200 60343
[2020-05-06 09:30:52,315] [basehttp.py:154] [basehttp:log_message] [INFO]- "GET /TestPlanSW/TestPlanSW-search/?action=first HTTP/1.1" 200 88
[2020-05-06 09:30:52,435] [basehttp.py:154] [basehttp:log_message] [INFO]- "GET /static/css/fonts/element-icons.ttf HTTP/1.1" 200 55956
[2020-05-06 09:30:52,572] [basehttp.py:154] [basehttp:log_message] [INFO]- "GET /favicon.ico HTTP/1.1" 200 16121
[2020-05-06 09:31:01,047] [basehttp.py:154] [basehttp:log_message] [INFO]- "GET /TestPlanSW/TestPlanSW-search/?action=getCategory&customer=C38(NB)&project=EL432&phase=0 HTTP/1.1" 200 726
[2020-05-06 09:31:05,577] [basehttp.py:154] [basehttp:log_message] [INFO]- "GET /TestPlanSW/TestPlanSW-search/?action=getContent&customer=C38(NB)&project=EL432&phase=0&category=Basic HTTP/1.1" 200 44010
[2020-05-06 09:31:12,467] [basehttp.py:154] [basehttp:log_message] [WARNING]- "GET /static/js/lib/bootstrap.min.js.map HTTP/1.1" 404 1806
[2020-05-06 09:31:12,475] [basehttp.py:154] [basehttp:log_message] [WARNING]- "GET /static/js/axios.min.map HTTP/1.1" 404 1773
[2020-05-06 09:31:12,477] [basehttp.py:154] [basehttp:log_message] [WARNING]- "GET /static/js/xlsx/FileSaver.min.js.map HTTP/1.1" 404 1809
[2020-05-06 09:31:12,903] [basehttp.py:154] [basehttp:log_message] [WARNING]- "GET /static/css/bootstrap.min.css.map HTTP/1.1" 404 1800
[2020-05-06 13:21:00,485] [basehttp.py:154] [basehttp:log_message] [INFO]- "GET /TestPlanSW/TestPlanSW-edit/ HTTP/1.1" 200 101985
[2020-05-06 13:21:02,429] [basehttp.py:154] [basehttp:log_message] [INFO]- "GET /TestPlanSW/TestPlanSW-edit/?action=first HTTP/1.1" 200 88
[2020-05-06 13:21:02,956] [basehttp.py:154] [basehttp:log_message] [INFO]- "GET /favicon.ico HTTP/1.1" 200 16121
[2020-05-06 13:21:06,175] [basehttp.py:154] [basehttp:log_message] [INFO]- "GET /TestPlanSW/TestPlanSW-edit/?action=getCategory&customer=C38(NB)&project=EL432&phase=0 HTTP/1.1" 200 726
[2020-05-06 13:21:11,933] [basehttp.py:154] [basehttp:log_message] [INFO]- "GET /TestPlanSW/TestPlanSW-edit/?action=getContent&customer=C38(NB)&project=EL432&phase=0&category=Application HTTP/1.1" 200 92476
