[2022-06-17 16:14:57,726] [basehttp.py:154] [basehttp:log_message] [INFO]- "GET /PersonalInfo/Summary2/ HTTP/1.1" 200 52862
[2022-06-17 16:14:58,599] [basehttp.py:154] [basehttp:log_message] [INFO]- "GET /favicon.ico HTTP/1.1" 200 22499
[2022-06-17 16:14:59,340] [UserIP.py:87] [UserIP:process_response] [INFO]- 2022-06-17 16:14:59 C1010S3>Edwin None>LAPTOP-1EJQO0D7>311 127.0.0.1 127.0.0.1 /PersonalInfo/Summary2/ POST
[2022-06-17 16:14:59,352] [basehttp.py:154] [basehttp:log_message] [INFO]- "POST /PersonalInfo/Summary2/ HTTP/1.1" 200 12071
[2022-06-17 16:15:15,476] [basehttp.py:154] [basehttp:log_message] [WARNING]- "GET /static/js/axios.min.map HTTP/1.1" 404 1773
[2022-06-17 16:15:15,476] [basehttp.py:154] [basehttp:log_message] [WARNING]- "GET /static/js/lib/bootstrap.min.js.map HTTP/1.1" 404 1806
[2022-06-17 16:15:15,476] [basehttp.py:154] [basehttp:log_message] [WARNING]- "GET /static/js/xlsx/FileSaver.min.js.map HTTP/1.1" 404 1809
[2022-06-17 16:15:15,505] [basehttp.py:154] [basehttp:log_message] [WARNING]- "GET /static/css/bootstrap.min.css.map HTTP/1.1" 404 1800
[2022-06-17 16:15:17,923] [basehttp.py:154] [basehttp:log_message] [INFO]- "GET /PersonalInfo/Summary2/ HTTP/1.1" 200 52862
[2022-06-17 16:15:18,027] [basehttp.py:154] [basehttp:log_message] [WARNING]- "GET /static/css/bootstrap.min.css.map HTTP/1.1" 404 1800
[2022-06-17 16:15:18,082] [basehttp.py:154] [basehttp:log_message] [WARNING]- "GET /static/js/lib/bootstrap.min.js.map HTTP/1.1" 404 1806
[2022-06-17 16:15:18,364] [basehttp.py:154] [basehttp:log_message] [WARNING]- "GET /static/js/axios.min.map HTTP/1.1" 404 1773
[2022-06-17 16:15:18,364] [basehttp.py:154] [basehttp:log_message] [WARNING]- "GET /static/js/xlsx/FileSaver.min.js.map HTTP/1.1" 404 1809
[2022-06-17 16:15:18,707] [basehttp.py:154] [basehttp:log_message] [INFO]- "GET /favicon.ico HTTP/1.1" 200 22499
[2022-06-17 16:15:19,020] [UserIP.py:87] [UserIP:process_response] [INFO]- 2022-06-17 16:15:19 C1010S3>Edwin None>LAPTOP-1EJQO0D7>311 127.0.0.1 127.0.0.1 /PersonalInfo/Summary2/ POST
[2022-06-17 16:15:19,038] [basehttp.py:154] [basehttp:log_message] [INFO]- "POST /PersonalInfo/Summary2/ HTTP/1.1" 200 12071
[2022-06-17 16:16:42,212] [basehttp.py:154] [basehttp:log_message] [INFO]- "GET /PersonalInfo/Summary2/ HTTP/1.1" 200 52862
[2022-06-17 16:16:42,326] [basehttp.py:154] [basehttp:log_message] [WARNING]- "GET /static/css/bootstrap.min.css.map HTTP/1.1" 404 1800
[2022-06-17 16:16:42,374] [basehttp.py:154] [basehttp:log_message] [WARNING]- "GET /static/js/lib/bootstrap.min.js.map HTTP/1.1" 404 1806
[2022-06-17 16:16:42,481] [basehttp.py:154] [basehttp:log_message] [WARNING]- "GET /static/js/axios.min.map HTTP/1.1" 404 1773
[2022-06-17 16:16:42,486] [basehttp.py:154] [basehttp:log_message] [WARNING]- "GET /static/js/xlsx/FileSaver.min.js.map HTTP/1.1" 404 1809
[2022-06-17 16:16:42,761] [basehttp.py:154] [basehttp:log_message] [INFO]- "GET /favicon.ico HTTP/1.1" 200 22499
[2022-06-17 16:16:43,182] [UserIP.py:87] [UserIP:process_response] [INFO]- 2022-06-17 16:16:43 C1010S3>Edwin None>LAPTOP-1EJQO0D7>311 127.0.0.1 127.0.0.1 /PersonalInfo/Summary2/ POST
[2022-06-17 16:16:43,193] [basehttp.py:154] [basehttp:log_message] [INFO]- "POST /PersonalInfo/Summary2/ HTTP/1.1" 200 12071
[2022-06-17 16:17:47,991] [basehttp.py:154] [basehttp:log_message] [INFO]- "GET /PersonalInfo/Summary2/ HTTP/1.1" 200 52862
[2022-06-17 16:17:48,138] [basehttp.py:154] [basehttp:log_message] [WARNING]- "GET /static/css/bootstrap.min.css.map HTTP/1.1" 404 1800
[2022-06-17 16:17:48,186] [basehttp.py:154] [basehttp:log_message] [WARNING]- "GET /static/js/lib/bootstrap.min.js.map HTTP/1.1" 404 1806
[2022-06-17 16:17:48,330] [basehttp.py:154] [basehttp:log_message] [WARNING]- "GET /static/js/axios.min.map HTTP/1.1" 404 1773
[2022-06-17 16:17:48,332] [basehttp.py:154] [basehttp:log_message] [WARNING]- "GET /static/js/xlsx/FileSaver.min.js.map HTTP/1.1" 404 1809
[2022-06-17 16:17:48,683] [basehttp.py:154] [basehttp:log_message] [INFO]- "GET /favicon.ico HTTP/1.1" 200 22499
[2022-06-17 16:17:49,136] [UserIP.py:87] [UserIP:process_response] [INFO]- 2022-06-17 16:17:49 C1010S3>Edwin None>LAPTOP-1EJQO0D7>311 127.0.0.1 127.0.0.1 /PersonalInfo/Summary2/ POST
[2022-06-17 16:17:49,145] [basehttp.py:154] [basehttp:log_message] [INFO]- "POST /PersonalInfo/Summary2/ HTTP/1.1" 200 11523
[2022-06-17 16:19:15,521] [basehttp.py:154] [basehttp:log_message] [INFO]- "GET /PersonalInfo/Summary2/ HTTP/1.1" 200 52862
[2022-06-17 16:19:15,685] [basehttp.py:154] [basehttp:log_message] [WARNING]- "GET /static/css/bootstrap.min.css.map HTTP/1.1" 404 1800
[2022-06-17 16:19:15,758] [basehttp.py:154] [basehttp:log_message] [WARNING]- "GET /static/js/lib/bootstrap.min.js.map HTTP/1.1" 404 1806
[2022-06-17 16:19:16,005] [basehttp.py:154] [basehttp:log_message] [WARNING]- "GET /static/js/xlsx/FileSaver.min.js.map HTTP/1.1" 404 1809
[2022-06-17 16:19:16,019] [basehttp.py:154] [basehttp:log_message] [WARNING]- "GET /static/js/axios.min.map HTTP/1.1" 404 1773
[2022-06-17 16:19:16,558] [basehttp.py:154] [basehttp:log_message] [INFO]- "GET /favicon.ico HTTP/1.1" 200 22499
[2022-06-17 16:19:17,019] [UserIP.py:87] [UserIP:process_response] [INFO]- 2022-06-17 16:19:17 C1010S3>Edwin None>LAPTOP-1EJQO0D7>311 127.0.0.1 127.0.0.1 /PersonalInfo/Summary2/ POST
[2022-06-17 16:19:17,030] [basehttp.py:154] [basehttp:log_message] [INFO]- "POST /PersonalInfo/Summary2/ HTTP/1.1" 200 11523
[2022-06-17 16:26:30,365] [basehttp.py:154] [basehttp:log_message] [INFO]- "GET / HTTP/1.1" 200 22499
[2022-06-17 16:26:30,783] [basehttp.py:154] [basehttp:log_message] [INFO]- "GET /favicon.ico HTTP/1.1" 200 22499
[2022-06-17 16:26:38,759] [basehttp.py:154] [basehttp:log_message] [INFO]- "GET / HTTP/1.1" 200 22499
[2022-06-17 16:26:38,874] [basehttp.py:154] [basehttp:log_message] [INFO]- "GET /favicon.ico HTTP/1.1" 200 22499
[2022-06-17 16:26:48,090] [basehttp.py:154] [basehttp:log_message] [INFO]- "GET /PersonalInfo/Summary2/ HTTP/1.1" 200 52746
[2022-06-17 16:26:48,520] [basehttp.py:154] [basehttp:log_message] [INFO]- "GET /favicon.ico HTTP/1.1" 200 22499
[2022-06-17 16:26:48,871] [UserIP.py:87] [UserIP:process_response] [INFO]- 2022-06-17 16:26:48 C1010S3>Edwin None>LAPTOP-1EJQO0D7>311 127.0.0.1 127.0.0.1 /PersonalInfo/Summary2/ POST
[2022-06-17 16:26:48,878] [basehttp.py:154] [basehttp:log_message] [INFO]- "POST /PersonalInfo/Summary2/ HTTP/1.1" 200 11523
[2022-06-17 16:26:57,285] [basehttp.py:154] [basehttp:log_message] [INFO]- "GET /PersonalInfo/Summary2/ HTTP/1.1" 200 52746
[2022-06-17 16:26:57,717] [basehttp.py:154] [basehttp:log_message] [INFO]- "GET /favicon.ico HTTP/1.1" 200 22499
[2022-06-17 16:26:58,109] [UserIP.py:87] [UserIP:process_response] [INFO]- 2022-06-17 16:26:58 C1010S3>Edwin None>LAPTOP-1EJQO0D7>311 127.0.0.1 127.0.0.1 /PersonalInfo/Summary2/ POST
[2022-06-17 16:26:58,114] [basehttp.py:154] [basehttp:log_message] [INFO]- "POST /PersonalInfo/Summary2/ HTTP/1.1" 200 11523
[2022-06-17 16:27:29,298] [UserIP.py:87] [UserIP:process_response] [INFO]- 2022-06-17 16:27:29 C1010S3>Edwin None>LAPTOP-1EJQO0D7>311 127.0.0.1 127.0.0.1 /PersonalInfo/Summary2/ POST
[2022-06-17 16:27:29,307] [basehttp.py:154] [basehttp:log_message] [INFO]- "POST /PersonalInfo/Summary2/ HTTP/1.1" 200 12071
[2022-06-17 16:28:15,693] [UserIP.py:87] [UserIP:process_response] [INFO]- 2022-06-17 16:28:15 C1010S3>Edwin None>LAPTOP-1EJQO0D7>311 127.0.0.1 127.0.0.1 /PersonalInfo/Summary2/ POST
[2022-06-17 16:28:15,701] [basehttp.py:154] [basehttp:log_message] [INFO]- "POST /PersonalInfo/Summary2/ HTTP/1.1" 200 12071
[2022-06-17 16:30:51,832] [basehttp.py:154] [basehttp:log_message] [INFO]- "GET /PersonalInfo/Summary2/ HTTP/1.1" 200 52746
[2022-06-17 16:30:52,804] [basehttp.py:154] [basehttp:log_message] [INFO]- "GET /favicon.ico HTTP/1.1" 200 22499
[2022-06-17 16:30:53,529] [UserIP.py:87] [UserIP:process_response] [INFO]- 2022-06-17 16:30:53 C1010S3>Edwin None>LAPTOP-1EJQO0D7>311 127.0.0.1 127.0.0.1 /PersonalInfo/Summary2/ POST
[2022-06-17 16:30:53,541] [basehttp.py:154] [basehttp:log_message] [INFO]- "POST /PersonalInfo/Summary2/ HTTP/1.1" 200 11523
[2022-06-17 16:31:10,795] [UserIP.py:87] [UserIP:process_response] [INFO]- 2022-06-17 16:31:10 C1010S3>Edwin None>LAPTOP-1EJQO0D7>311 127.0.0.1 127.0.0.1 /PersonalInfo/Summary2/ POST
[2022-06-17 16:31:10,806] [basehttp.py:154] [basehttp:log_message] [INFO]- "POST /PersonalInfo/Summary2/ HTTP/1.1" 200 12071
[2022-06-17 16:31:28,715] [UserIP.py:87] [UserIP:process_response] [INFO]- 2022-06-17 16:31:28 C1010S3>Edwin None>LAPTOP-1EJQO0D7>311 127.0.0.1 127.0.0.1 /PersonalInfo/Summary2/ POST
[2022-06-17 16:31:28,720] [basehttp.py:154] [basehttp:log_message] [INFO]- "POST /PersonalInfo/Summary2/ HTTP/1.1" 200 1784
[2022-06-17 16:34:02,552] [basehttp.py:154] [basehttp:log_message] [INFO]- "GET /PersonalInfo/Summary2/ HTTP/1.1" 200 52746
[2022-06-17 16:34:03,143] [basehttp.py:154] [basehttp:log_message] [INFO]- "GET /favicon.ico HTTP/1.1" 200 22499
[2022-06-17 16:34:03,483] [UserIP.py:87] [UserIP:process_response] [INFO]- 2022-06-17 16:34:03 C1010S3>Edwin None>LAPTOP-1EJQO0D7>311 127.0.0.1 127.0.0.1 /PersonalInfo/Summary2/ POST
[2022-06-17 16:34:03,487] [basehttp.py:154] [basehttp:log_message] [INFO]- "POST /PersonalInfo/Summary2/ HTTP/1.1" 200 12071
[2022-06-17 16:34:23,568] [UserIP.py:87] [UserIP:process_response] [INFO]- 2022-06-17 16:34:23 C1010S3>Edwin None>LAPTOP-1EJQO0D7>311 127.0.0.1 127.0.0.1 /PersonalInfo/Summary2/ POST
[2022-06-17 16:34:23,579] [basehttp.py:154] [basehttp:log_message] [INFO]- "POST /PersonalInfo/Summary2/ HTTP/1.1" 200 12071
[2022-06-17 16:34:40,300] [basehttp.py:154] [basehttp:log_message] [INFO]- "GET /PersonalInfo/Summary2/ HTTP/1.1" 200 52746
[2022-06-17 16:34:41,077] [basehttp.py:154] [basehttp:log_message] [INFO]- "GET /favicon.ico HTTP/1.1" 200 22499
[2022-06-17 16:34:41,506] [UserIP.py:87] [UserIP:process_response] [INFO]- 2022-06-17 16:34:41 C1010S3>Edwin None>LAPTOP-1EJQO0D7>311 127.0.0.1 127.0.0.1 /PersonalInfo/Summary2/ POST
[2022-06-17 16:34:41,515] [basehttp.py:154] [basehttp:log_message] [INFO]- "POST /PersonalInfo/Summary2/ HTTP/1.1" 200 12071
[2022-06-17 16:34:51,738] [UserIP.py:87] [UserIP:process_response] [INFO]- 2022-06-17 16:34:51 C1010S3>Edwin None>LAPTOP-1EJQO0D7>311 127.0.0.1 127.0.0.1 /PersonalInfo/Summary2/ POST
[2022-06-17 16:34:51,746] [basehttp.py:154] [basehttp:log_message] [INFO]- "POST /PersonalInfo/Summary2/ HTTP/1.1" 200 12071
[2022-06-17 16:37:37,819] [basehttp.py:154] [basehttp:log_message] [INFO]- "GET /PersonalInfo/Summary2/ HTTP/1.1" 200 52746
[2022-06-17 16:37:38,554] [basehttp.py:154] [basehttp:log_message] [INFO]- "GET /favicon.ico HTTP/1.1" 200 22499
[2022-06-17 16:37:38,851] [UserIP.py:87] [UserIP:process_response] [INFO]- 2022-06-17 16:37:38 C1010S3>Edwin None>LAPTOP-1EJQO0D7>311 127.0.0.1 127.0.0.1 /PersonalInfo/Summary2/ POST
[2022-06-17 16:37:38,856] [basehttp.py:154] [basehttp:log_message] [INFO]- "POST /PersonalInfo/Summary2/ HTTP/1.1" 200 12071
[2022-06-17 16:37:47,830] [basehttp.py:154] [basehttp:log_message] [WARNING]- "GET /static/js/lib/bootstrap.min.js.map HTTP/1.1" 404 1806
[2022-06-17 16:37:47,835] [basehttp.py:154] [basehttp:log_message] [WARNING]- "GET /static/js/axios.min.map HTTP/1.1" 404 1773
[2022-06-17 16:37:47,840] [basehttp.py:154] [basehttp:log_message] [WARNING]- "GET /static/js/xlsx/FileSaver.min.js.map HTTP/1.1" 404 1809
[2022-06-17 16:37:47,884] [basehttp.py:154] [basehttp:log_message] [WARNING]- "GET /static/css/bootstrap.min.css.map HTTP/1.1" 404 1800
[2022-06-17 16:37:50,659] [basehttp.py:154] [basehttp:log_message] [INFO]- "GET /PersonalInfo/Summary2/ HTTP/1.1" 200 52746
[2022-06-17 16:37:50,778] [basehttp.py:154] [basehttp:log_message] [WARNING]- "GET /static/css/bootstrap.min.css.map HTTP/1.1" 404 1800
[2022-06-17 16:37:50,792] [basehttp.py:154] [basehttp:log_message] [WARNING]- "GET /static/js/lib/bootstrap.min.js.map HTTP/1.1" 404 1806
[2022-06-17 16:37:51,100] [basehttp.py:154] [basehttp:log_message] [WARNING]- "GET /static/js/axios.min.map HTTP/1.1" 404 1773
[2022-06-17 16:37:51,101] [basehttp.py:154] [basehttp:log_message] [WARNING]- "GET /static/js/xlsx/FileSaver.min.js.map HTTP/1.1" 404 1809
[2022-06-17 16:37:51,500] [basehttp.py:154] [basehttp:log_message] [INFO]- "GET /favicon.ico HTTP/1.1" 200 22499
[2022-06-17 16:37:51,828] [UserIP.py:87] [UserIP:process_response] [INFO]- 2022-06-17 16:37:51 C1010S3>Edwin None>LAPTOP-1EJQO0D7>311 127.0.0.1 127.0.0.1 /PersonalInfo/Summary2/ POST
[2022-06-17 16:37:51,832] [basehttp.py:154] [basehttp:log_message] [INFO]- "POST /PersonalInfo/Summary2/ HTTP/1.1" 200 12071
[2022-06-17 16:39:18,899] [UserIP.py:87] [UserIP:process_response] [INFO]- 2022-06-17 16:39:18 C1010S3>Edwin None>LAPTOP-1EJQO0D7>311 127.0.0.1 127.0.0.1 /PersonalInfo/Summary2/ POST
[2022-06-17 16:39:18,903] [basehttp.py:154] [basehttp:log_message] [INFO]- "POST /PersonalInfo/Summary2/ HTTP/1.1" 200 1784
[2022-06-17 16:39:39,593] [basehttp.py:154] [basehttp:log_message] [INFO]- "GET /PersonalInfo/Summary2/ HTTP/1.1" 200 52746
[2022-06-17 16:39:40,182] [basehttp.py:154] [basehttp:log_message] [INFO]- "GET /favicon.ico HTTP/1.1" 200 22499
[2022-06-17 16:39:40,559] [UserIP.py:87] [UserIP:process_response] [INFO]- 2022-06-17 16:39:40 C1010S3>Edwin None>LAPTOP-1EJQO0D7>311 127.0.0.1 127.0.0.1 /PersonalInfo/Summary2/ POST
[2022-06-17 16:39:40,569] [basehttp.py:154] [basehttp:log_message] [INFO]- "POST /PersonalInfo/Summary2/ HTTP/1.1" 200 12071
[2022-06-17 16:39:41,539] [basehttp.py:154] [basehttp:log_message] [INFO]- "GET /admin/ HTTP/1.1" 302 0
[2022-06-17 16:39:41,594] [basehttp.py:154] [basehttp:log_message] [INFO]- "GET /admin/login/?next=/admin/ HTTP/1.1" 200 4026
[2022-06-17 16:39:41,626] [basehttp.py:154] [basehttp:log_message] [INFO]- "GET /static/admin/simpleui-x/fontawesome-free-5.8.1-web/css/all.min.css HTTP/1.1" 200 55111
[2022-06-17 16:39:41,631] [basehttp.py:154] [basehttp:log_message] [INFO]- "GET /static/admin/simpleui-x/elementui/theme-chalk/index.css HTTP/1.1" 200 238628
[2022-06-17 16:39:41,651] [basehttp.py:154] [basehttp:log_message] [INFO]- "GET /static/admin/simpleui-x/css/login.css?_=2.1 HTTP/1.1" 200 500
[2022-06-17 16:39:41,669] [basehttp.py:154] [basehttp:log_message] [INFO]- "GET /static/admin/simpleui-x/particles/particles.js HTTP/1.1" 200 51264
[2022-06-17 16:39:41,682] [basehttp.py:154] [basehttp:log_message] [INFO]- "GET /static/admin/simpleui-x/particles/app.js HTTP/1.1" 200 3728
[2022-06-17 16:39:41,691] [basehttp.py:154] [basehttp:log_message] [INFO]- "GET /static/admin/simpleui-x/img/logo.png HTTP/1.1" 200 115997
[2022-06-17 16:39:41,692] [basehttp.py:154] [basehttp:log_message] [INFO]- "GET /static/admin/simpleui-x/js/vue.min.js?_=2022.4.9 HTTP/1.1" 200 93675
[2022-06-17 16:39:41,696] [basehttp.py:154] [basehttp:log_message] [INFO]- "GET /static/admin/simpleui-x/img/bg.svg HTTP/1.1" 200 9547
[2022-06-17 16:39:41,708] [basehttp.py:154] [basehttp:log_message] [INFO]- "GET /static/admin/simpleui-x/js/login.js?_=3.3 HTTP/1.1" 200 669
[2022-06-17 16:39:41,760] [basehttp.py:154] [basehttp:log_message] [INFO]- "GET /static/admin/simpleui-x/elementui/index.js?_=2022.4.9 HTTP/1.1" 200 586253
[2022-06-17 16:39:41,858] [basehttp.py:154] [basehttp:log_message] [INFO]- "GET /static/admin/simpleui-x/fontawesome-free-5.8.1-web/webfonts/fa-solid-900.woff2 HTTP/1.1" 200 74256
[2022-06-17 16:39:41,916] [basehttp.py:154] [basehttp:log_message] [INFO]- "GET /favicon.ico HTTP/1.1" 200 22499
[2022-06-17 16:39:42,576] [basehttp.py:154] [basehttp:log_message] [INFO]- "GET /static/admin/simpleui-x/elementui/theme-chalk/fonts/element-icons.woff HTTP/1.1" 200 28200
[2022-06-17 16:39:45,335] [UserIP.py:89] [UserIP:process_response] [CRITICAL]- 系统错误
[2022-06-17 16:39:45,343] [basehttp.py:154] [basehttp:log_message] [INFO]- "POST /admin/login/?next=/admin/ HTTP/1.1" 302 0
[2022-06-17 16:39:45,425] [log.py:228] [log:log_response] [WARNING]- Forbidden (CSRF token missing or incorrect.): /admin/login/
[2022-06-17 16:39:45,425] [UserIP.py:89] [UserIP:process_response] [CRITICAL]- 系统错误
[2022-06-17 16:39:45,434] [basehttp.py:154] [basehttp:log_message] [WARNING]- "POST /admin/login/?next=/admin/ HTTP/1.1" 403 2508
[2022-06-17 16:39:45,493] [basehttp.py:154] [basehttp:log_message] [INFO]- "GET /favicon.ico HTTP/1.1" 200 22499
[2022-06-17 16:39:47,371] [basehttp.py:154] [basehttp:log_message] [INFO]- "GET /admin/ HTTP/1.1" 200 41952
[2022-06-17 16:39:47,386] [basehttp.py:154] [basehttp:log_message] [ERROR]- "GET /admin/ HTTP/1.1" 500 59
[2022-06-17 16:40:18,544] [basehttp.py:154] [basehttp:log_message] [INFO]- "GET /admin/login/?next=/admin/ HTTP/1.1" 302 0
[2022-06-17 16:40:18,659] [basehttp.py:154] [basehttp:log_message] [INFO]- "GET /admin/ HTTP/1.1" 200 41952
[2022-06-17 16:40:18,673] [basehttp.py:154] [basehttp:log_message] [INFO]- "GET /static/admin/simpleui-x/waves/waves.min.css?_=2.1 HTTP/1.1" 200 3861
[2022-06-17 16:40:18,675] [basehttp.py:154] [basehttp:log_message] [INFO]- "GET /static/admin/simpleui-x/css/index.css?_=3.2 HTTP/1.1" 200 6608
[2022-06-17 16:40:18,682] [basehttp.py:154] [basehttp:log_message] [INFO]- "GET /static/admin/simpleui-x/automatic/dicts.js?_=2022.4.9 HTTP/1.1" 200 6292
[2022-06-17 16:40:18,695] [basehttp.py:154] [basehttp:log_message] [INFO]- "GET /static/admin/simpleui-x/locale/en-us.js?_=2022.4.9 HTTP/1.1" 200 811
[2022-06-17 16:40:18,695] [basehttp.py:154] [basehttp:log_message] [INFO]- "GET /static/admin/simpleui-x/automatic/segment.js?_=2022.4.9 HTTP/1.1" 200 1186
[2022-06-17 16:40:18,699] [basehttp.py:154] [basehttp:log_message] [INFO]- "GET /static/admin/simpleui-x/locale/zh-hans.js?_=2022.4.9 HTTP/1.1" 200 1254
[2022-06-17 16:40:18,706] [basehttp.py:154] [basehttp:log_message] [INFO]- "GET /static/admin/simpleui-x/js/cookie.js?_=2022.4.9 HTTP/1.1" 200 524
[2022-06-17 16:40:18,706] [basehttp.py:154] [basehttp:log_message] [INFO]- "GET /static/admin/simpleui-x/theme/theme.js?_=2022.4.9 HTTP/1.1" 200 4274
[2022-06-17 16:40:18,709] [basehttp.py:154] [basehttp:log_message] [INFO]- "GET /static/admin/simpleui-x/js/menu.js?_=2022.4.9 HTTP/1.1" 200 1189
[2022-06-17 16:40:18,714] [basehttp.py:154] [basehttp:log_message] [INFO]- "GET /static/admin/simpleui-x/waves/waves.min.js?_=2022.4.9 HTTP/1.1" 200 6329
[2022-06-17 16:40:18,730] [basehttp.py:154] [basehttp:log_message] [INFO]- "GET /static/admin/simpleui-x/js/index.js?_=2022.4.9 HTTP/1.1" 200 21291
[2022-06-17 16:40:19,022] [basehttp.py:154] [basehttp:log_message] [INFO]- "GET /static/admin/simpleui-x/fontawesome-free-5.8.1-web/webfonts/fa-brands-400.woff2 HTTP/1.1" 200 74768
[2022-06-17 16:40:19,023] [basehttp.py:154] [basehttp:log_message] [INFO]- "GET /static/admin/simpleui-x/fontawesome-free-5.8.1-web/webfonts/fa-regular-400.woff2 HTTP/1.1" 200 13552
[2022-06-17 16:40:19,117] [basehttp.py:154] [basehttp:log_message] [INFO]- "GET /favicon.ico HTTP/1.1" 200 22499
[2022-06-17 16:40:36,061] [basehttp.py:154] [basehttp:log_message] [INFO]- "GET /favicon.ico HTTP/1.1" 200 22499
[2022-06-17 16:40:38,922] [basehttp.py:154] [basehttp:log_message] [INFO]- "GET /admin/PersonalInfo/personalinfo/ HTTP/1.1" 200 2988799
[2022-06-17 16:40:38,938] [basehttp.py:154] [basehttp:log_message] [INFO]- "GET /static/admin/simpleui-x/locale/en-us.js?_=2.1.2 HTTP/1.1" 200 811
[2022-06-17 16:40:38,942] [basehttp.py:154] [basehttp:log_message] [INFO]- "GET /static/admin/simpleui-x/css/base.css?_=2.7 HTTP/1.1" 200 4160
[2022-06-17 16:40:38,942] [basehttp.py:154] [basehttp:log_message] [INFO]- "GET /static/admin/css/base.css?_=2.7 HTTP/1.1" 200 16225
[2022-06-17 16:40:38,943] [basehttp.py:154] [basehttp:log_message] [INFO]- "GET /static/admin/simpleui-x/js/language.js?_=2.1.2 HTTP/1.1" 200 189
[2022-06-17 16:40:38,949] [basehttp.py:154] [basehttp:log_message] [INFO]- "GET /static/admin/css/changelists.css?_=20180905 HTTP/1.1" 200 6170
[2022-06-17 16:40:38,949] [basehttp.py:154] [basehttp:log_message] [INFO]- "GET /static/admin/simpleui-x/theme/simpleui.css HTTP/1.1" 200 4270
[2022-06-17 16:40:38,957] [basehttp.py:154] [basehttp:log_message] [INFO]- "GET /static/admin/simpleui-x/js/cookie.js HTTP/1.1" 200 524
[2022-06-17 16:40:38,957] [basehttp.py:154] [basehttp:log_message] [INFO]- "GET /static/admin/simpleui-x/locale/zh-hans.js HTTP/1.1" 200 1254
[2022-06-17 16:40:38,961] [basehttp.py:154] [basehttp:log_message] [INFO]- "GET /static/admin/css/responsive.css?_=20180905 HTTP/1.1" 200 17976
[2022-06-17 16:40:38,973] [basehttp.py:154] [basehttp:log_message] [INFO]- "GET /static/admin/js/admin/RelatedObjectLookups.js HTTP/1.1" 200 6918
[2022-06-17 16:40:38,973] [basehttp.py:154] [basehttp:log_message] [INFO]- "GET /static/admin/js/core.js HTTP/1.1" 200 7135
[2022-06-17 16:40:38,973] [basehttp.py:154] [basehttp:log_message] [INFO]- "GET /static/admin/css/fonts.css HTTP/1.1" 200 423
[2022-06-17 16:40:38,985] [basehttp.py:154] [basehttp:log_message] [INFO]- "GET /static/admin/js/vendor/jquery/jquery.js HTTP/1.1" 200 271751
[2022-06-17 16:40:38,990] [basehttp.py:154] [basehttp:log_message] [INFO]- "GET /static/admin/js/prepopulate.js HTTP/1.1" 200 1530
[2022-06-17 16:40:38,991] [basehttp.py:154] [basehttp:log_message] [INFO]- "GET /static/admin/js/urlify.js HTTP/1.1" 200 8972
[2022-06-17 16:40:38,991] [basehttp.py:154] [basehttp:log_message] [INFO]- "GET /static/admin/js/actions.js HTTP/1.1" 200 6538
[2022-06-17 16:40:38,992] [basehttp.py:154] [basehttp:log_message] [INFO]- "GET /admin/jsi18n/ HTTP/1.1" 200 7684
[2022-06-17 16:40:38,997] [basehttp.py:154] [basehttp:log_message] [INFO]- "GET /static/admin/simpleui-x/automatic/dicts.js HTTP/1.1" 200 6292
[2022-06-17 16:40:38,997] [basehttp.py:154] [basehttp:log_message] [INFO]- "GET /static/admin/simpleui-x/automatic/segment.js HTTP/1.1" 200 1186
[2022-06-17 16:40:38,997] [basehttp.py:154] [basehttp:log_message] [INFO]- "GET /static/admin/js/jquery.init.js HTTP/1.1" 200 363
[2022-06-17 16:40:39,008] [basehttp.py:154] [basehttp:log_message] [INFO]- "GET /static/admin/simpleui-x/js/axios.min.js HTTP/1.1" 200 14237
[2022-06-17 16:40:39,009] [basehttp.py:154] [basehttp:log_message] [INFO]- "GET /static/admin/js/vendor/xregexp/xregexp.js HTTP/1.1" 200 128820
[2022-06-17 16:40:39,022] [basehttp.py:154] [basehttp:log_message] [INFO]- "GET /static/admin/js/vendor/jquery/jquery.min.js HTTP/1.1" 200 86927
[2022-06-17 16:40:39,066] [basehttp.py:154] [basehttp:log_message] [INFO]- "GET /static/admin/fonts/Roboto-Regular-webfont.woff HTTP/1.1" 200 80304
[2022-06-17 16:40:39,443] [basehttp.py:154] [basehttp:log_message] [INFO]- "GET /static/admin/img/sorting-icons.svg HTTP/1.1" 200 1097
[2022-06-17 16:40:39,444] [basehttp.py:154] [basehttp:log_message] [INFO]- "GET /static/admin/fonts/Roboto-Bold-webfont.woff HTTP/1.1" 200 82564
[2022-06-17 16:40:41,118] [basehttp.py:154] [basehttp:log_message] [INFO]- "GET /static/admin/fonts/Roboto-Light-webfont.woff HTTP/1.1" 200 81348
[2022-06-17 16:41:12,652] [basehttp.py:154] [basehttp:log_message] [INFO]- "GET /admin/PersonalInfo/personalinfo/3388/change/ HTTP/1.1" 200 38068
[2022-06-17 16:41:12,729] [basehttp.py:154] [basehttp:log_message] [INFO]- "GET /static/admin/css/forms.css HTTP/1.1" 200 8505
[2022-06-17 16:41:12,736] [basehttp.py:154] [basehttp:log_message] [INFO]- "GET /static/admin/js/calendar.js HTTP/1.1" 200 7777
[2022-06-17 16:41:12,737] [basehttp.py:154] [basehttp:log_message] [INFO]- "GET /static/admin/js/admin/DateTimeShortcuts.js HTTP/1.1" 200 20281
[2022-06-17 16:41:12,739] [basehttp.py:154] [basehttp:log_message] [INFO]- "GET /static/admin/js/SelectBox.js HTTP/1.1" 200 5755
[2022-06-17 16:41:12,739] [basehttp.py:154] [basehttp:log_message] [INFO]- "GET /static/admin/js/SelectFilter2.js HTTP/1.1" 200 12712
[2022-06-17 16:41:12,755] [basehttp.py:154] [basehttp:log_message] [INFO]- "GET /admin/jsi18n/ HTTP/1.1" 200 7684
[2022-06-17 16:41:12,780] [basehttp.py:154] [basehttp:log_message] [INFO]- "GET /static/admin/js/change_form.js HTTP/1.1" 200 712
[2022-06-17 16:41:12,784] [basehttp.py:154] [basehttp:log_message] [INFO]- "GET /static/admin/js/prepopulate_init.js HTTP/1.1" 200 495
[2022-06-17 16:41:12,800] [basehttp.py:154] [basehttp:log_message] [INFO]- "GET /static/admin/img/icon-addlink.svg HTTP/1.1" 200 331
[2022-06-17 16:41:12,800] [basehttp.py:154] [basehttp:log_message] [INFO]- "GET /static/admin/css/widgets.css HTTP/1.1" 200 10340
[2022-06-17 16:41:12,902] [basehttp.py:154] [basehttp:log_message] [INFO]- "GET /static/admin/img/icon-calendar.svg HTTP/1.1" 200 1086
[2022-06-17 16:41:12,911] [basehttp.py:154] [basehttp:log_message] [INFO]- "GET /static/admin/img/selector-icons.svg HTTP/1.1" 200 3291
[2022-06-17 16:41:12,912] [basehttp.py:154] [basehttp:log_message] [INFO]- "GET /static/admin/img/icon-unknown-alt.svg HTTP/1.1" 200 655
[2022-06-17 16:41:12,916] [basehttp.py:154] [basehttp:log_message] [INFO]- "GET /static/admin/img/icon-unknown.svg HTTP/1.1" 200 655
[2022-06-17 16:41:12,922] [basehttp.py:154] [basehttp:log_message] [INFO]- "GET /static/admin/img/search.svg HTTP/1.1" 200 458
[2022-06-17 16:41:34,789] [basehttp.py:154] [basehttp:log_message] [INFO]- "GET /favicon.ico HTTP/1.1" 200 22499
[2022-06-17 16:41:37,379] [basehttp.py:154] [basehttp:log_message] [INFO]- "GET /admin/PersonalInfo/personalinfohisbyyear/ HTTP/1.1" 200 3230287
[2022-06-17 16:41:37,406] [basehttp.py:154] [basehttp:log_message] [INFO]- "GET /admin/jsi18n/ HTTP/1.1" 200 7684
[2022-06-17 16:41:52,022] [UserIP.py:87] [UserIP:process_response] [INFO]- 2022-06-17 16:41:52 C1010S3>Edwin None>LAPTOP-1EJQO0D7>311 127.0.0.1 127.0.0.1 /PersonalInfo/Summary2/ POST
[2022-06-17 16:41:52,034] [basehttp.py:154] [basehttp:log_message] [INFO]- "POST /PersonalInfo/Summary2/ HTTP/1.1" 200 9691
[2022-06-17 16:43:39,508] [basehttp.py:154] [basehttp:log_message] [INFO]- "GET /PersonalInfo/Summary2/ HTTP/1.1" 200 52746
[2022-06-17 16:43:39,707] [basehttp.py:154] [basehttp:log_message] [WARNING]- "GET /static/css/bootstrap.min.css.map HTTP/1.1" 404 1800
[2022-06-17 16:43:39,788] [basehttp.py:154] [basehttp:log_message] [WARNING]- "GET /static/js/lib/bootstrap.min.js.map HTTP/1.1" 404 1806
[2022-06-17 16:43:39,953] [basehttp.py:154] [basehttp:log_message] [WARNING]- "GET /static/js/axios.min.map HTTP/1.1" 404 1773
[2022-06-17 16:43:39,965] [basehttp.py:154] [basehttp:log_message] [WARNING]- "GET /static/js/xlsx/FileSaver.min.js.map HTTP/1.1" 404 1809
[2022-06-17 16:43:40,407] [basehttp.py:154] [basehttp:log_message] [INFO]- "GET /favicon.ico HTTP/1.1" 200 22499
[2022-06-17 16:43:41,009] [UserIP.py:87] [UserIP:process_response] [INFO]- 2022-06-17 16:43:41 C1010S3>Edwin None>LAPTOP-1EJQO0D7>311 127.0.0.1 127.0.0.1 /PersonalInfo/Summary2/ POST
[2022-06-17 16:43:41,022] [basehttp.py:154] [basehttp:log_message] [INFO]- "POST /PersonalInfo/Summary2/ HTTP/1.1" 200 12071
[2022-06-17 16:56:20,620] [basehttp.py:154] [basehttp:log_message] [INFO]- "GET / HTTP/1.1" 200 22499
[2022-06-17 16:56:21,004] [basehttp.py:154] [basehttp:log_message] [INFO]- "GET /favicon.ico HTTP/1.1" 200 22499
[2022-06-17 16:58:26,135] [basehttp.py:154] [basehttp:log_message] [INFO]- "GET /PersonalInfo/Summary2/ HTTP/1.1" 200 52746
[2022-06-17 16:58:26,260] [basehttp.py:154] [basehttp:log_message] [WARNING]- "GET /static/css/bootstrap.min.css.map HTTP/1.1" 404 1800
[2022-06-17 16:58:26,307] [basehttp.py:154] [basehttp:log_message] [WARNING]- "GET /static/js/lib/bootstrap.min.js.map HTTP/1.1" 404 1806
[2022-06-17 16:58:26,540] [basehttp.py:154] [basehttp:log_message] [WARNING]- "GET /static/js/axios.min.map HTTP/1.1" 404 1773
[2022-06-17 16:58:26,540] [basehttp.py:154] [basehttp:log_message] [WARNING]- "GET /static/js/xlsx/FileSaver.min.js.map HTTP/1.1" 404 1809
[2022-06-17 16:58:26,858] [basehttp.py:154] [basehttp:log_message] [INFO]- "GET /favicon.ico HTTP/1.1" 200 22499
[2022-06-17 16:58:27,214] [UserIP.py:87] [UserIP:process_response] [INFO]- 2022-06-17 16:58:27 C1010S3>Edwin None>LAPTOP-1EJQO0D7>311 127.0.0.1 127.0.0.1 /PersonalInfo/Summary2/ POST
[2022-06-17 16:58:27,224] [basehttp.py:154] [basehttp:log_message] [INFO]- "POST /PersonalInfo/Summary2/ HTTP/1.1" 200 12071
[2022-06-17 16:58:32,830] [UserIP.py:87] [UserIP:process_response] [INFO]- 2022-06-17 16:58:32 C1010S3>Edwin None>LAPTOP-1EJQO0D7>311 127.0.0.1 127.0.0.1 /PersonalInfo/Summary2/ POST
[2022-06-17 16:58:32,841] [basehttp.py:154] [basehttp:log_message] [INFO]- "POST /PersonalInfo/Summary2/ HTTP/1.1" 200 12071
[2022-06-17 16:58:37,654] [UserIP.py:87] [UserIP:process_response] [INFO]- 2022-06-17 16:58:37 C1010S3>Edwin None>LAPTOP-1EJQO0D7>311 127.0.0.1 127.0.0.1 /PersonalInfo/Summary2/ POST
[2022-06-17 16:58:37,659] [basehttp.py:154] [basehttp:log_message] [INFO]- "POST /PersonalInfo/Summary2/ HTTP/1.1" 200 1784
[2022-06-17 16:58:43,868] [UserIP.py:87] [UserIP:process_response] [INFO]- 2022-06-17 16:58:43 C1010S3>Edwin None>LAPTOP-1EJQO0D7>311 127.0.0.1 127.0.0.1 /PersonalInfo/Summary2/ POST
[2022-06-17 16:58:43,873] [basehttp.py:154] [basehttp:log_message] [INFO]- "POST /PersonalInfo/Summary2/ HTTP/1.1" 200 9691
[2022-06-17 16:58:52,848] [UserIP.py:87] [UserIP:process_response] [INFO]- 2022-06-17 16:58:52 C1010S3>Edwin None>LAPTOP-1EJQO0D7>311 127.0.0.1 127.0.0.1 /PersonalInfo/Summary2/ POST
[2022-06-17 16:58:52,858] [basehttp.py:154] [basehttp:log_message] [INFO]- "POST /PersonalInfo/Summary2/ HTTP/1.1" 200 9543
[2022-06-20 07:45:47,004] [basehttp.py:154] [basehttp:log_message] [INFO]- "GET /PersonalInfo/Summary3/ HTTP/1.1" 302 0
[2022-06-20 07:45:47,037] [basehttp.py:154] [basehttp:log_message] [INFO]- "GET /login/ HTTP/1.1" 200 4677
[2022-06-20 07:45:47,218] [basehttp.py:154] [basehttp:log_message] [WARNING]- "GET /static/css/bootstrap.min.css.map HTTP/1.1" 404 1800
[2022-06-20 07:45:47,233] [basehttp.py:154] [basehttp:log_message] [INFO]- "GET /static/vendor/bootstrap/js/bootstrap.bundle.min.js.map HTTP/1.1" 200 303386
[2022-06-20 07:45:47,276] [basehttp.py:154] [basehttp:log_message] [INFO]- "GET /favicon.ico HTTP/1.1" 302 0
[2022-06-20 07:45:47,305] [basehttp.py:154] [basehttp:log_message] [INFO]- "GET /login/ HTTP/1.1" 200 4677
[2022-06-20 07:45:49,139] [UserIP.py:89] [UserIP:process_response] [CRITICAL]- 系统错误
[2022-06-20 07:45:49,188] [basehttp.py:154] [basehttp:log_message] [INFO]- "POST /login/ HTTP/1.1" 302 0
[2022-06-20 07:45:49,406] [basehttp.py:154] [basehttp:log_message] [INFO]- "GET /index/ HTTP/1.1" 200 47230
[2022-06-20 07:45:49,610] [basehttp.py:154] [basehttp:log_message] [INFO]- "GET /index/ HTTP/1.1" 200 47230
[2022-06-20 07:45:49,736] [basehttp.py:154] [basehttp:log_message] [WARNING]- "GET /static/css/bootstrap.min.css.map HTTP/1.1" 404 1800
[2022-06-20 07:45:49,805] [basehttp.py:154] [basehttp:log_message] [WARNING]- "GET /static/js/lib/bootstrap.min.js.map HTTP/1.1" 404 1806
[2022-06-20 07:45:50,238] [basehttp.py:154] [basehttp:log_message] [WARNING]- "GET /static/js/lib/bootstrap.min.js.map HTTP/1.1" 404 1806
[2022-06-20 07:45:50,242] [basehttp.py:154] [basehttp:log_message] [WARNING]- "GET /static/js/axios.min.map HTTP/1.1" 404 1773
[2022-06-20 07:45:50,390] [basehttp.py:154] [basehttp:log_message] [INFO]- "GET /favicon.ico HTTP/1.1" 200 22499
[2022-06-20 07:45:56,207] [basehttp.py:154] [basehttp:log_message] [INFO]- "GET /PersonalInfo/Summary3/ HTTP/1.1" 200 71410
[2022-06-20 07:45:56,336] [basehttp.py:154] [basehttp:log_message] [WARNING]- "GET /static/css/bootstrap.min.css.map HTTP/1.1" 404 1800
[2022-06-20 07:45:56,398] [basehttp.py:154] [basehttp:log_message] [WARNING]- "GET /static/js/lib/bootstrap.min.js.map HTTP/1.1" 404 1806
[2022-06-20 07:45:56,605] [basehttp.py:154] [basehttp:log_message] [WARNING]- "GET /static/js/axios.min.map HTTP/1.1" 404 1773
[2022-06-20 07:45:56,650] [basehttp.py:154] [basehttp:log_message] [WARNING]- "GET /static/js/xlsx/FileSaver.min.js.map HTTP/1.1" 404 1809
[2022-06-20 07:45:57,078] [basehttp.py:154] [basehttp:log_message] [INFO]- "GET /favicon.ico HTTP/1.1" 200 22499
[2022-06-20 07:45:57,454] [UserIP.py:87] [UserIP:process_response] [INFO]- 2022-06-20 07:45:57 C1010S3>Edwin None>LAPTOP-1EJQO0D7>311 127.0.0.1 127.0.0.1 /PersonalInfo/Summary3/ POST
[2022-06-20 07:45:57,463] [basehttp.py:154] [basehttp:log_message] [INFO]- "POST /PersonalInfo/Summary3/ HTTP/1.1" 200 47667
[2022-06-20 07:46:19,388] [UserIP.py:87] [UserIP:process_response] [INFO]- 2022-06-20 07:46:19 C1010S3>Edwin None>LAPTOP-1EJQO0D7>311 127.0.0.1 127.0.0.1 /PersonalInfo/Summary3/ POST
[2022-06-20 07:46:19,392] [basehttp.py:154] [basehttp:log_message] [INFO]- "POST /PersonalInfo/Summary3/ HTTP/1.1" 200 4093
[2022-06-20 07:46:37,248] [UserIP.py:87] [UserIP:process_response] [INFO]- 2022-06-20 07:46:37 C1010S3>Edwin None>LAPTOP-1EJQO0D7>311 127.0.0.1 127.0.0.1 /PersonalInfo/Summary3/ POST
[2022-06-20 07:46:37,254] [basehttp.py:154] [basehttp:log_message] [INFO]- "POST /PersonalInfo/Summary3/ HTTP/1.1" 200 4093
[2022-06-20 07:46:45,646] [UserIP.py:87] [UserIP:process_response] [INFO]- 2022-06-20 07:46:45 C1010S3>Edwin None>LAPTOP-1EJQO0D7>311 127.0.0.1 127.0.0.1 /PersonalInfo/Summary3/ POST
[2022-06-20 07:46:45,652] [basehttp.py:154] [basehttp:log_message] [INFO]- "POST /PersonalInfo/Summary3/ HTTP/1.1" 200 4103
[2022-06-20 07:47:17,442] [log.py:228] [log:log_response] [ERROR]- Internal Server Error: /PersonalInfo/Summary3/
Traceback (most recent call last):
  File "C:\Python372\mecheck\lib\site-packages\django\core\handlers\exception.py", line 34, in inner
    response = get_response(request)
  File "C:\Python372\mecheck\lib\site-packages\django\core\handlers\base.py", line 126, in _get_response
    response = self.process_exception_by_middleware(e, request)
  File "C:\Python372\mecheck\lib\site-packages\django\core\handlers\base.py", line 124, in _get_response
    response = wrapped_callback(request, *callback_args, **callback_kwargs)
  File "C:\Python372\mecheck\lib\site-packages\django\views\decorators\csrf.py", line 54, in wrapped_view
    return view_func(*args, **kwargs)
  File "C:\djangoproject\Reliability_Row_data\PersonalInfo\views.py", line 6228, in Summary3
    for Per in PersonalInfoHisByYear.objects.filter(Year=YearSearch, Status__in=["離職"], QuitDate__range=Search_Endperiod):
  File "C:\Python372\mecheck\lib\site-packages\django\db\models\manager.py", line 82, in manager_method
    return getattr(self.get_queryset(), name)(*args, **kwargs)
  File "C:\Python372\mecheck\lib\site-packages\django\db\models\query.py", line 844, in filter
    return self._filter_or_exclude(False, *args, **kwargs)
  File "C:\Python372\mecheck\lib\site-packages\django\db\models\query.py", line 862, in _filter_or_exclude
    clone.query.add_q(Q(*args, **kwargs))
  File "C:\Python372\mecheck\lib\site-packages\django\db\models\sql\query.py", line 1263, in add_q
    clause, _ = self._add_q(q_object, self.used_aliases)
  File "C:\Python372\mecheck\lib\site-packages\django\db\models\sql\query.py", line 1287, in _add_q
    split_subq=split_subq,
  File "C:\Python372\mecheck\lib\site-packages\django\db\models\sql\query.py", line 1225, in build_filter
    condition = self.build_lookup(lookups, col, value)
  File "C:\Python372\mecheck\lib\site-packages\django\db\models\sql\query.py", line 1096, in build_lookup
    lookup = lookup_class(lhs, rhs)
  File "C:\Python372\mecheck\lib\site-packages\django\db\models\lookups.py", line 20, in __init__
    self.rhs = self.get_prep_lookup()
  File "C:\Python372\mecheck\lib\site-packages\django\db\models\lookups.py", line 210, in get_prep_lookup
    rhs_value = self.lhs.output_field.get_prep_value(rhs_value)
  File "C:\Python372\mecheck\lib\site-packages\django\db\models\fields\__init__.py", line 1268, in get_prep_value
    return self.to_python(value)
  File "C:\Python372\mecheck\lib\site-packages\django\db\models\fields\__init__.py", line 1243, in to_python
    params={'value': value},
django.core.exceptions.ValidationError: ['’‘ 必须为合法的日期格式，请使用 YYYY-MM-DD 格式。']
[2022-06-20 07:47:17,453] [UserIP.py:89] [UserIP:process_response] [CRITICAL]- 系统错误
[2022-06-20 07:47:17,454] [basehttp.py:154] [basehttp:log_message] [ERROR]- "POST /PersonalInfo/Summary3/ HTTP/1.1" 500 142347
[2022-06-20 07:47:45,536] [log.py:228] [log:log_response] [ERROR]- Internal Server Error: /PersonalInfo/Summary3/
Traceback (most recent call last):
  File "C:\Python372\mecheck\lib\site-packages\django\core\handlers\exception.py", line 34, in inner
    response = get_response(request)
  File "C:\Python372\mecheck\lib\site-packages\django\core\handlers\base.py", line 126, in _get_response
    response = self.process_exception_by_middleware(e, request)
  File "C:\Python372\mecheck\lib\site-packages\django\core\handlers\base.py", line 124, in _get_response
    response = wrapped_callback(request, *callback_args, **callback_kwargs)
  File "C:\Python372\mecheck\lib\site-packages\django\views\decorators\csrf.py", line 54, in wrapped_view
    return view_func(*args, **kwargs)
  File "C:\djangoproject\Reliability_Row_data\PersonalInfo\views.py", line 6228, in Summary3
    for Per in PersonalInfoHisByYear.objects.filter(Year=YearSearch, Status__in=["離職"], QuitDate__range=Search_Endperiod):
  File "C:\Python372\mecheck\lib\site-packages\django\db\models\manager.py", line 82, in manager_method
    return getattr(self.get_queryset(), name)(*args, **kwargs)
  File "C:\Python372\mecheck\lib\site-packages\django\db\models\query.py", line 844, in filter
    return self._filter_or_exclude(False, *args, **kwargs)
  File "C:\Python372\mecheck\lib\site-packages\django\db\models\query.py", line 862, in _filter_or_exclude
    clone.query.add_q(Q(*args, **kwargs))
  File "C:\Python372\mecheck\lib\site-packages\django\db\models\sql\query.py", line 1263, in add_q
    clause, _ = self._add_q(q_object, self.used_aliases)
  File "C:\Python372\mecheck\lib\site-packages\django\db\models\sql\query.py", line 1287, in _add_q
    split_subq=split_subq,
  File "C:\Python372\mecheck\lib\site-packages\django\db\models\sql\query.py", line 1225, in build_filter
    condition = self.build_lookup(lookups, col, value)
  File "C:\Python372\mecheck\lib\site-packages\django\db\models\sql\query.py", line 1096, in build_lookup
    lookup = lookup_class(lhs, rhs)
  File "C:\Python372\mecheck\lib\site-packages\django\db\models\lookups.py", line 20, in __init__
    self.rhs = self.get_prep_lookup()
  File "C:\Python372\mecheck\lib\site-packages\django\db\models\lookups.py", line 210, in get_prep_lookup
    rhs_value = self.lhs.output_field.get_prep_value(rhs_value)
  File "C:\Python372\mecheck\lib\site-packages\django\db\models\fields\__init__.py", line 1268, in get_prep_value
    return self.to_python(value)
  File "C:\Python372\mecheck\lib\site-packages\django\db\models\fields\__init__.py", line 1243, in to_python
    params={'value': value},
django.core.exceptions.ValidationError: ['’‘ 必须为合法的日期格式，请使用 YYYY-MM-DD 格式。']
[2022-06-20 07:47:45,539] [UserIP.py:89] [UserIP:process_response] [CRITICAL]- 系统错误
[2022-06-20 07:47:45,540] [basehttp.py:154] [basehttp:log_message] [ERROR]- "POST /PersonalInfo/Summary3/ HTTP/1.1" 500 142347
[2022-06-20 07:48:14,051] [log.py:228] [log:log_response] [ERROR]- Internal Server Error: /PersonalInfo/Summary3/
Traceback (most recent call last):
  File "C:\Python372\mecheck\lib\site-packages\django\core\handlers\exception.py", line 34, in inner
    response = get_response(request)
  File "C:\Python372\mecheck\lib\site-packages\django\core\handlers\base.py", line 126, in _get_response
    response = self.process_exception_by_middleware(e, request)
  File "C:\Python372\mecheck\lib\site-packages\django\core\handlers\base.py", line 124, in _get_response
    response = wrapped_callback(request, *callback_args, **callback_kwargs)
  File "C:\Python372\mecheck\lib\site-packages\django\views\decorators\csrf.py", line 54, in wrapped_view
    return view_func(*args, **kwargs)
  File "C:\djangoproject\Reliability_Row_data\PersonalInfo\views.py", line 6228, in Summary3
    for Per in PersonalInfoHisByYear.objects.filter(Year=YearSearch, Status__in=["離職"], QuitDate__range=Search_Endperiod):
  File "C:\Python372\mecheck\lib\site-packages\django\db\models\manager.py", line 82, in manager_method
    return getattr(self.get_queryset(), name)(*args, **kwargs)
  File "C:\Python372\mecheck\lib\site-packages\django\db\models\query.py", line 844, in filter
    return self._filter_or_exclude(False, *args, **kwargs)
  File "C:\Python372\mecheck\lib\site-packages\django\db\models\query.py", line 862, in _filter_or_exclude
    clone.query.add_q(Q(*args, **kwargs))
  File "C:\Python372\mecheck\lib\site-packages\django\db\models\sql\query.py", line 1263, in add_q
    clause, _ = self._add_q(q_object, self.used_aliases)
  File "C:\Python372\mecheck\lib\site-packages\django\db\models\sql\query.py", line 1287, in _add_q
    split_subq=split_subq,
  File "C:\Python372\mecheck\lib\site-packages\django\db\models\sql\query.py", line 1225, in build_filter
    condition = self.build_lookup(lookups, col, value)
  File "C:\Python372\mecheck\lib\site-packages\django\db\models\sql\query.py", line 1096, in build_lookup
    lookup = lookup_class(lhs, rhs)
  File "C:\Python372\mecheck\lib\site-packages\django\db\models\lookups.py", line 20, in __init__
    self.rhs = self.get_prep_lookup()
  File "C:\Python372\mecheck\lib\site-packages\django\db\models\lookups.py", line 210, in get_prep_lookup
    rhs_value = self.lhs.output_field.get_prep_value(rhs_value)
  File "C:\Python372\mecheck\lib\site-packages\django\db\models\fields\__init__.py", line 1268, in get_prep_value
    return self.to_python(value)
  File "C:\Python372\mecheck\lib\site-packages\django\db\models\fields\__init__.py", line 1243, in to_python
    params={'value': value},
django.core.exceptions.ValidationError: ['’‘ 必须为合法的日期格式，请使用 YYYY-MM-DD 格式。']
[2022-06-20 07:48:14,054] [UserIP.py:89] [UserIP:process_response] [CRITICAL]- 系统错误
[2022-06-20 07:48:14,055] [basehttp.py:154] [basehttp:log_message] [ERROR]- "POST /PersonalInfo/Summary3/ HTTP/1.1" 500 142347
[2022-06-20 07:48:33,365] [log.py:228] [log:log_response] [ERROR]- Internal Server Error: /PersonalInfo/Summary3/
Traceback (most recent call last):
  File "C:\Python372\mecheck\lib\site-packages\django\core\handlers\exception.py", line 34, in inner
    response = get_response(request)
  File "C:\Python372\mecheck\lib\site-packages\django\core\handlers\base.py", line 126, in _get_response
    response = self.process_exception_by_middleware(e, request)
  File "C:\Python372\mecheck\lib\site-packages\django\core\handlers\base.py", line 124, in _get_response
    response = wrapped_callback(request, *callback_args, **callback_kwargs)
  File "C:\Python372\mecheck\lib\site-packages\django\views\decorators\csrf.py", line 54, in wrapped_view
    return view_func(*args, **kwargs)
  File "C:\djangoproject\Reliability_Row_data\PersonalInfo\views.py", line 6216, in Summary3
    for Per in PersonalInfo.objects.filter(Status__in=["離職"], QuitDate__range=Search_Endperiod):
  File "C:\Python372\mecheck\lib\site-packages\django\db\models\manager.py", line 82, in manager_method
    return getattr(self.get_queryset(), name)(*args, **kwargs)
  File "C:\Python372\mecheck\lib\site-packages\django\db\models\query.py", line 844, in filter
    return self._filter_or_exclude(False, *args, **kwargs)
  File "C:\Python372\mecheck\lib\site-packages\django\db\models\query.py", line 862, in _filter_or_exclude
    clone.query.add_q(Q(*args, **kwargs))
  File "C:\Python372\mecheck\lib\site-packages\django\db\models\sql\query.py", line 1263, in add_q
    clause, _ = self._add_q(q_object, self.used_aliases)
  File "C:\Python372\mecheck\lib\site-packages\django\db\models\sql\query.py", line 1287, in _add_q
    split_subq=split_subq,
  File "C:\Python372\mecheck\lib\site-packages\django\db\models\sql\query.py", line 1225, in build_filter
    condition = self.build_lookup(lookups, col, value)
  File "C:\Python372\mecheck\lib\site-packages\django\db\models\sql\query.py", line 1096, in build_lookup
    lookup = lookup_class(lhs, rhs)
  File "C:\Python372\mecheck\lib\site-packages\django\db\models\lookups.py", line 20, in __init__
    self.rhs = self.get_prep_lookup()
  File "C:\Python372\mecheck\lib\site-packages\django\db\models\lookups.py", line 210, in get_prep_lookup
    rhs_value = self.lhs.output_field.get_prep_value(rhs_value)
  File "C:\Python372\mecheck\lib\site-packages\django\db\models\fields\__init__.py", line 1268, in get_prep_value
    return self.to_python(value)
  File "C:\Python372\mecheck\lib\site-packages\django\db\models\fields\__init__.py", line 1243, in to_python
    params={'value': value},
django.core.exceptions.ValidationError: ['’‘ 必须为合法的日期格式，请使用 YYYY-MM-DD 格式。']
[2022-06-20 07:48:33,369] [UserIP.py:89] [UserIP:process_response] [CRITICAL]- 系统错误
[2022-06-20 07:48:33,370] [basehttp.py:154] [basehttp:log_message] [ERROR]- "POST /PersonalInfo/Summary3/ HTTP/1.1" 500 141459
[2022-06-20 07:51:07,650] [basehttp.py:154] [basehttp:log_message] [INFO]- "GET /PersonalInfo/Summary3/ HTTP/1.1" 200 71410
[2022-06-20 07:51:07,812] [basehttp.py:154] [basehttp:log_message] [WARNING]- "GET /static/css/bootstrap.min.css.map HTTP/1.1" 404 1800
[2022-06-20 07:51:07,895] [basehttp.py:154] [basehttp:log_message] [WARNING]- "GET /static/js/lib/bootstrap.min.js.map HTTP/1.1" 404 1806
[2022-06-20 07:51:08,082] [basehttp.py:154] [basehttp:log_message] [WARNING]- "GET /static/js/xlsx/FileSaver.min.js.map HTTP/1.1" 404 1809
[2022-06-20 07:51:08,083] [basehttp.py:154] [basehttp:log_message] [WARNING]- "GET /static/js/axios.min.map HTTP/1.1" 404 1773
[2022-06-20 07:51:08,779] [basehttp.py:154] [basehttp:log_message] [INFO]- "GET /favicon.ico HTTP/1.1" 200 22499
[2022-06-20 07:51:08,967] [UserIP.py:87] [UserIP:process_response] [INFO]- 2022-06-20 07:51:08 C1010S3>Edwin None>LAPTOP-1EJQO0D7>311 127.0.0.1 127.0.0.1 /PersonalInfo/Summary3/ POST
[2022-06-20 07:51:08,973] [basehttp.py:154] [basehttp:log_message] [INFO]- "POST /PersonalInfo/Summary3/ HTTP/1.1" 200 47667
[2022-06-20 07:51:14,394] [log.py:228] [log:log_response] [ERROR]- Internal Server Error: /PersonalInfo/Summary3/
Traceback (most recent call last):
  File "C:\Python372\mecheck\lib\site-packages\django\core\handlers\exception.py", line 34, in inner
    response = get_response(request)
  File "C:\Python372\mecheck\lib\site-packages\django\core\handlers\base.py", line 126, in _get_response
    response = self.process_exception_by_middleware(e, request)
  File "C:\Python372\mecheck\lib\site-packages\django\core\handlers\base.py", line 124, in _get_response
    response = wrapped_callback(request, *callback_args, **callback_kwargs)
  File "C:\Python372\mecheck\lib\site-packages\django\views\decorators\csrf.py", line 54, in wrapped_view
    return view_func(*args, **kwargs)
  File "C:\djangoproject\Reliability_Row_data\PersonalInfo\views.py", line 6228, in Summary3
    for Per in PersonalInfoHisByYear.objects.filter(Year=YearSearch, Status__in=["離職"], QuitDate__range=Search_Endperiod):
  File "C:\Python372\mecheck\lib\site-packages\django\db\models\manager.py", line 82, in manager_method
    return getattr(self.get_queryset(), name)(*args, **kwargs)
  File "C:\Python372\mecheck\lib\site-packages\django\db\models\query.py", line 844, in filter
    return self._filter_or_exclude(False, *args, **kwargs)
  File "C:\Python372\mecheck\lib\site-packages\django\db\models\query.py", line 862, in _filter_or_exclude
    clone.query.add_q(Q(*args, **kwargs))
  File "C:\Python372\mecheck\lib\site-packages\django\db\models\sql\query.py", line 1263, in add_q
    clause, _ = self._add_q(q_object, self.used_aliases)
  File "C:\Python372\mecheck\lib\site-packages\django\db\models\sql\query.py", line 1287, in _add_q
    split_subq=split_subq,
  File "C:\Python372\mecheck\lib\site-packages\django\db\models\sql\query.py", line 1225, in build_filter
    condition = self.build_lookup(lookups, col, value)
  File "C:\Python372\mecheck\lib\site-packages\django\db\models\sql\query.py", line 1096, in build_lookup
    lookup = lookup_class(lhs, rhs)
  File "C:\Python372\mecheck\lib\site-packages\django\db\models\lookups.py", line 20, in __init__
    self.rhs = self.get_prep_lookup()
  File "C:\Python372\mecheck\lib\site-packages\django\db\models\lookups.py", line 210, in get_prep_lookup
    rhs_value = self.lhs.output_field.get_prep_value(rhs_value)
  File "C:\Python372\mecheck\lib\site-packages\django\db\models\fields\__init__.py", line 1268, in get_prep_value
    return self.to_python(value)
  File "C:\Python372\mecheck\lib\site-packages\django\db\models\fields\__init__.py", line 1243, in to_python
    params={'value': value},
django.core.exceptions.ValidationError: ['’‘ 必须为合法的日期格式，请使用 YYYY-MM-DD 格式。']
[2022-06-20 07:51:14,397] [UserIP.py:89] [UserIP:process_response] [CRITICAL]- 系统错误
[2022-06-20 07:51:14,397] [basehttp.py:154] [basehttp:log_message] [ERROR]- "POST /PersonalInfo/Summary3/ HTTP/1.1" 500 142347
[2022-06-20 07:54:37,615] [UserIP.py:87] [UserIP:process_response] [INFO]- 2022-06-20 07:54:37 C1010S3>Edwin None>LAPTOP-1EJQO0D7>311 127.0.0.1 127.0.0.1 /PersonalInfo/Summary3/ POST
[2022-06-20 07:54:37,619] [basehttp.py:154] [basehttp:log_message] [INFO]- "POST /PersonalInfo/Summary3/ HTTP/1.1" 200 11143
[2022-06-20 07:55:44,588] [log.py:228] [log:log_response] [ERROR]- Internal Server Error: /PersonalInfo/Summary3/
Traceback (most recent call last):
  File "C:\Python372\mecheck\lib\site-packages\django\core\handlers\exception.py", line 34, in inner
    response = get_response(request)
  File "C:\Python372\mecheck\lib\site-packages\django\core\handlers\base.py", line 126, in _get_response
    response = self.process_exception_by_middleware(e, request)
  File "C:\Python372\mecheck\lib\site-packages\django\core\handlers\base.py", line 124, in _get_response
    response = wrapped_callback(request, *callback_args, **callback_kwargs)
  File "C:\Python372\mecheck\lib\site-packages\django\views\decorators\csrf.py", line 54, in wrapped_view
    return view_func(*args, **kwargs)
  File "C:\djangoproject\Reliability_Row_data\PersonalInfo\views.py", line 6228, in Summary3
    for Per in PersonalInfoHisByYear.objects.filter(Year=YearSearch, Status__in=["離職"], QuitDate__range=Search_Endperiod):
  File "C:\Python372\mecheck\lib\site-packages\django\db\models\manager.py", line 82, in manager_method
    return getattr(self.get_queryset(), name)(*args, **kwargs)
  File "C:\Python372\mecheck\lib\site-packages\django\db\models\query.py", line 844, in filter
    return self._filter_or_exclude(False, *args, **kwargs)
  File "C:\Python372\mecheck\lib\site-packages\django\db\models\query.py", line 862, in _filter_or_exclude
    clone.query.add_q(Q(*args, **kwargs))
  File "C:\Python372\mecheck\lib\site-packages\django\db\models\sql\query.py", line 1263, in add_q
    clause, _ = self._add_q(q_object, self.used_aliases)
  File "C:\Python372\mecheck\lib\site-packages\django\db\models\sql\query.py", line 1287, in _add_q
    split_subq=split_subq,
  File "C:\Python372\mecheck\lib\site-packages\django\db\models\sql\query.py", line 1225, in build_filter
    condition = self.build_lookup(lookups, col, value)
  File "C:\Python372\mecheck\lib\site-packages\django\db\models\sql\query.py", line 1096, in build_lookup
    lookup = lookup_class(lhs, rhs)
  File "C:\Python372\mecheck\lib\site-packages\django\db\models\lookups.py", line 20, in __init__
    self.rhs = self.get_prep_lookup()
  File "C:\Python372\mecheck\lib\site-packages\django\db\models\lookups.py", line 210, in get_prep_lookup
    rhs_value = self.lhs.output_field.get_prep_value(rhs_value)
  File "C:\Python372\mecheck\lib\site-packages\django\db\models\fields\__init__.py", line 1268, in get_prep_value
    return self.to_python(value)
  File "C:\Python372\mecheck\lib\site-packages\django\db\models\fields\__init__.py", line 1243, in to_python
    params={'value': value},
django.core.exceptions.ValidationError: ['’‘ 必须为合法的日期格式，请使用 YYYY-MM-DD 格式。']
[2022-06-20 07:55:44,589] [UserIP.py:89] [UserIP:process_response] [CRITICAL]- 系统错误
[2022-06-20 07:55:44,590] [basehttp.py:154] [basehttp:log_message] [ERROR]- "POST /PersonalInfo/Summary3/ HTTP/1.1" 500 142347
