[2021-05-13 11:19:37,954] [basehttp.py:154] [basehttp:log_message] [INFO]- "GET / HTTP/1.1" 302 0
[2021-05-13 11:19:37,961] [basehttp.py:154] [basehttp:log_message] [INFO]- "GET /login/ HTTP/1.1" 200 4677
[2021-05-13 11:19:38,045] [basehttp.py:154] [basehttp:log_message] [INFO]- "GET /favicon.ico HTTP/1.1" 302 0
[2021-05-13 11:19:38,048] [basehttp.py:154] [basehttp:log_message] [INFO]- "GET /login/ HTTP/1.1" 200 4677
[2021-05-13 11:19:41,474] [basehttp.py:154] [basehttp:log_message] [INFO]- "POST /login/ HTTP/1.1" 302 0
[2021-05-13 11:19:41,556] [basehttp.py:154] [basehttp:log_message] [INFO]- "GET /index/ HTTP/1.1" 200 45441
[2021-05-13 11:19:41,574] [basehttp.py:154] [basehttp:log_message] [INFO]- "GET /static/css/lib/menubar/sidebar.css HTTP/1.1" 304 0
[2021-05-13 11:19:41,574] [basehttp.py:154] [basehttp:log_message] [INFO]- "GET /static/css/style.css HTTP/1.1" 304 0
[2021-05-13 11:19:41,576] [basehttp.py:154] [basehttp:log_message] [INFO]- "GET /static/css/home_style.css HTTP/1.1" 304 0
[2021-05-13 11:19:41,576] [basehttp.py:154] [basehttp:log_message] [INFO]- "GET /static/css/home_menu.css HTTP/1.1" 304 0
[2021-05-13 11:19:41,592] [basehttp.py:154] [basehttp:log_message] [INFO]- "GET /static/js/date.js HTTP/1.1" 304 0
[2021-05-13 11:19:41,595] [basehttp.py:154] [basehttp:log_message] [INFO]- "GET /static/js/vue.min.js HTTP/1.1" 304 0
[2021-05-13 11:19:41,649] [basehttp.py:154] [basehttp:log_message] [INFO]- "GET /index/ HTTP/1.1" 200 45441
[2021-05-13 11:19:41,891] [basehttp.py:154] [basehttp:log_message] [INFO]- "GET /favicon.ico HTTP/1.1" 200 20710
[2021-05-13 11:19:50,860] [basehttp.py:154] [basehttp:log_message] [INFO]- "GET /Lesson_search/ HTTP/1.1" 200 31265
[2021-05-13 11:19:51,065] [basehttp.py:154] [basehttp:log_message] [INFO]- "POST /Lesson_search/ HTTP/1.1" 200 104
[2021-05-13 11:19:51,112] [basehttp.py:154] [basehttp:log_message] [INFO]- "GET /favicon.ico HTTP/1.1" 200 20710
[2021-05-13 11:19:56,256] [basehttp.py:154] [basehttp:log_message] [INFO]- "POST /Lesson_search/ HTTP/1.1" 200 65371
[2021-05-13 11:19:56,416] [log.py:228] [log:log_response] [WARNING]- Not Found: /media/img/test/1.jpg
[2021-05-13 11:19:56,418] [log.py:228] [log:log_response] [WARNING]- Not Found: /media/img/test/123.jpg
[2021-05-13 11:19:56,420] [basehttp.py:154] [basehttp:log_message] [WARNING]- "GET /media/img/test/1.jpg HTTP/1.1" 404 1767
[2021-05-13 11:19:56,421] [log.py:228] [log:log_response] [WARNING]- Not Found: /media/img/test/1_Zmxy1rm.jpg
[2021-05-13 11:19:56,421] [basehttp.py:154] [basehttp:log_message] [WARNING]- "GET /media/img/test/123.jpg HTTP/1.1" 404 1773
[2021-05-13 11:19:56,422] [log.py:228] [log:log_response] [WARNING]- Not Found: /media/img/test/1_yZXrVB7.jpg
[2021-05-13 11:19:56,423] [basehttp.py:154] [basehttp:log_message] [WARNING]- "GET /media/img/test/1_Zmxy1rm.jpg HTTP/1.1" 404 1791
[2021-05-13 11:19:56,425] [log.py:228] [log:log_response] [WARNING]- Not Found: /media/img/test/1_MkmzdD5.jpg
[2021-05-13 11:19:56,426] [basehttp.py:154] [basehttp:log_message] [WARNING]- "GET /media/img/test/1_yZXrVB7.jpg HTTP/1.1" 404 1791
[2021-05-13 11:19:56,427] [basehttp.py:154] [basehttp:log_message] [WARNING]- "GET /media/img/test/1_MkmzdD5.jpg HTTP/1.1" 404 1791
[2021-05-13 11:19:56,428] [log.py:228] [log:log_response] [WARNING]- Not Found: /media/img/test/1_Fyv6m9P.jpg
[2021-05-13 11:19:56,435] [basehttp.py:154] [basehttp:log_message] [WARNING]- "GET /media/img/test/1_Fyv6m9P.jpg HTTP/1.1" 404 1791
[2021-05-13 11:19:56,440] [log.py:228] [log:log_response] [WARNING]- Not Found: /media/img/test/1_jTUJa1h.jpg
[2021-05-13 11:19:56,443] [basehttp.py:154] [basehttp:log_message] [WARNING]- "GET /media/img/test/1_jTUJa1h.jpg HTTP/1.1" 404 1791
[2021-05-13 11:19:56,446] [log.py:228] [log:log_response] [WARNING]- Not Found: /media/img/test/1_cIAzq4K.jpg
[2021-05-13 11:19:56,448] [basehttp.py:154] [basehttp:log_message] [WARNING]- "GET /media/img/test/1_cIAzq4K.jpg HTTP/1.1" 404 1791
[2021-05-13 11:19:56,450] [log.py:228] [log:log_response] [WARNING]- Not Found: /media/img/test/1_MkjSnHu.jpg
[2021-05-13 11:19:56,454] [basehttp.py:154] [basehttp:log_message] [WARNING]- "GET /media/img/test/1_MkjSnHu.jpg HTTP/1.1" 404 1791
[2021-05-13 11:19:56,459] [log.py:228] [log:log_response] [WARNING]- Not Found: /media/img/test/5_8aGoZBN.jpg
[2021-05-13 11:19:56,462] [log.py:228] [log:log_response] [WARNING]- Not Found: /media/img/test/4_Pvd2bGU.jpg
[2021-05-13 11:19:56,462] [log.py:228] [log:log_response] [WARNING]- Not Found: /media/img/test/3_9GLoPlC.jpg
[2021-05-13 11:19:56,463] [basehttp.py:154] [basehttp:log_message] [WARNING]- "GET /media/img/test/5_8aGoZBN.jpg HTTP/1.1" 404 1791
[2021-05-13 11:19:56,464] [basehttp.py:154] [basehttp:log_message] [WARNING]- "GET /media/img/test/4_Pvd2bGU.jpg HTTP/1.1" 404 1791
[2021-05-13 11:19:56,465] [basehttp.py:154] [basehttp:log_message] [WARNING]- "GET /media/img/test/3_9GLoPlC.jpg HTTP/1.1" 404 1791
[2021-05-13 11:19:56,468] [log.py:228] [log:log_response] [WARNING]- Not Found: /media/img/test/4_wWKrVWx.jpg
[2021-05-13 11:19:56,468] [basehttp.py:154] [basehttp:log_message] [WARNING]- "GET /media/img/test/4_wWKrVWx.jpg HTTP/1.1" 404 1791
[2021-05-13 11:19:56,471] [log.py:228] [log:log_response] [WARNING]- Not Found: /media/img/test/1_4Q3G8DV.jpg
[2021-05-13 11:19:56,474] [basehttp.py:154] [basehttp:log_message] [WARNING]- "GET /media/img/test/1_4Q3G8DV.jpg HTTP/1.1" 404 1791
[2021-05-13 11:19:56,478] [log.py:228] [log:log_response] [WARNING]- Not Found: /media/img/test/4_SmICjjd.jpg
[2021-05-13 11:19:56,483] [basehttp.py:154] [basehttp:log_message] [WARNING]- "GET /media/img/test/4_SmICjjd.jpg HTTP/1.1" 404 1791
[2021-05-13 11:19:56,497] [log.py:228] [log:log_response] [WARNING]- Not Found: /media/img/test/2_x1XB0pK.jpg
[2021-05-13 11:19:56,501] [log.py:228] [log:log_response] [WARNING]- Not Found: /media/img/test/4_FRQgnzm.jpg
[2021-05-13 11:19:56,503] [basehttp.py:154] [basehttp:log_message] [WARNING]- "GET /media/img/test/2_x1XB0pK.jpg HTTP/1.1" 404 1791
[2021-05-13 11:19:56,504] [log.py:228] [log:log_response] [WARNING]- Not Found: /media/img/test/5_UHeKmkN.jpg
[2021-05-13 11:19:56,505] [basehttp.py:154] [basehttp:log_message] [WARNING]- "GET /media/img/test/4_FRQgnzm.jpg HTTP/1.1" 404 1791
[2021-05-13 11:19:56,511] [log.py:228] [log:log_response] [WARNING]- Not Found: /media/img/test/2_cGVxvOt.jpg
[2021-05-13 11:19:56,511] [basehttp.py:154] [basehttp:log_message] [WARNING]- "GET /media/img/test/5_UHeKmkN.jpg HTTP/1.1" 404 1791
[2021-05-13 11:19:56,515] [log.py:228] [log:log_response] [WARNING]- Not Found: /media/img/test/12.jpg
[2021-05-13 11:19:56,515] [basehttp.py:154] [basehttp:log_message] [WARNING]- "GET /media/img/test/2_cGVxvOt.jpg HTTP/1.1" 404 1791
[2021-05-13 11:19:56,519] [log.py:228] [log:log_response] [WARNING]- Not Found: /media/img/test/11.jpg
[2021-05-13 11:19:56,519] [basehttp.py:154] [basehttp:log_message] [WARNING]- "GET /media/img/test/12.jpg HTTP/1.1" 404 1770
[2021-05-13 11:19:56,521] [basehttp.py:154] [basehttp:log_message] [WARNING]- "GET /media/img/test/11.jpg HTTP/1.1" 404 1770
[2021-05-13 11:19:56,530] [log.py:228] [log:log_response] [WARNING]- Not Found: /media/img/test/9.jpg
[2021-05-13 11:19:56,533] [basehttp.py:154] [basehttp:log_message] [WARNING]- "GET /media/img/test/9.jpg HTTP/1.1" 404 1767
[2021-05-13 11:19:56,533] [log.py:228] [log:log_response] [WARNING]- Not Found: /media/img/test/7.jpg
[2021-05-13 11:19:56,537] [log.py:228] [log:log_response] [WARNING]- Not Found: /media/img/test/5_FXHldYM.jpg
[2021-05-13 11:19:56,540] [basehttp.py:154] [basehttp:log_message] [WARNING]- "GET /media/img/test/7.jpg HTTP/1.1" 404 1767
[2021-05-13 11:19:56,540] [basehttp.py:154] [basehttp:log_message] [WARNING]- "GET /media/img/test/5_FXHldYM.jpg HTTP/1.1" 404 1791
[2021-05-13 11:19:56,543] [log.py:228] [log:log_response] [WARNING]- Not Found: /media/img/test/5.jpg
[2021-05-13 11:19:56,543] [log.py:228] [log:log_response] [WARNING]- Not Found: /media/img/test/1_xjt6Ker.jpg
[2021-05-13 11:19:56,545] [basehttp.py:154] [basehttp:log_message] [WARNING]- "GET /media/img/test/1_xjt6Ker.jpg HTTP/1.1" 404 1791
[2021-05-13 11:19:56,546] [basehttp.py:154] [basehttp:log_message] [WARNING]- "GET /media/img/test/5.jpg HTTP/1.1" 404 1767
[2021-05-13 11:19:56,546] [log.py:228] [log:log_response] [WARNING]- Not Found: /media/img/test/3_aAYec09.jpg
[2021-05-13 11:19:56,551] [basehttp.py:154] [basehttp:log_message] [WARNING]- "GET /media/img/test/3_aAYec09.jpg HTTP/1.1" 404 1791
[2021-05-13 11:19:56,560] [log.py:228] [log:log_response] [WARNING]- Not Found: /media/img/test/1_eiPmC9F.jpg
[2021-05-13 11:19:56,564] [log.py:228] [log:log_response] [WARNING]- Not Found: /media/img/test/9_7iKrxXA.jpg
[2021-05-13 11:19:56,564] [basehttp.py:154] [basehttp:log_message] [WARNING]- "GET /media/img/test/1_eiPmC9F.jpg HTTP/1.1" 404 1791
[2021-05-13 11:19:56,564] [log.py:228] [log:log_response] [WARNING]- Not Found: /media/img/test/5_wmAjvLf.jpg
[2021-05-13 11:19:56,566] [basehttp.py:154] [basehttp:log_message] [WARNING]- "GET /media/img/test/9_7iKrxXA.jpg HTTP/1.1" 404 1791
[2021-05-13 11:19:56,568] [log.py:228] [log:log_response] [WARNING]- Not Found: /media/img/test/1_XajZcqW.jpg
[2021-05-13 11:19:56,569] [basehttp.py:154] [basehttp:log_message] [WARNING]- "GET /media/img/test/5_wmAjvLf.jpg HTTP/1.1" 404 1791
[2021-05-13 11:19:56,570] [basehttp.py:154] [basehttp:log_message] [WARNING]- "GET /media/img/test/1_XajZcqW.jpg HTTP/1.1" 404 1791
[2021-05-13 11:19:56,571] [log.py:228] [log:log_response] [WARNING]- Not Found: /media/img/test/1_yFStONJ.jpg
[2021-05-13 11:19:56,573] [basehttp.py:154] [basehttp:log_message] [WARNING]- "GET /media/img/test/1_yFStONJ.jpg HTTP/1.1" 404 1791
[2021-05-13 11:19:56,575] [log.py:228] [log:log_response] [WARNING]- Not Found: /media/img/test/4_7IjUNGp.jpg
[2021-05-13 11:19:56,577] [basehttp.py:154] [basehttp:log_message] [WARNING]- "GET /media/img/test/4_7IjUNGp.jpg HTTP/1.1" 404 1791
[2021-05-13 11:19:56,584] [log.py:228] [log:log_response] [WARNING]- Not Found: /media/img/test/1_peT8EY0.jpg
[2021-05-13 11:19:56,586] [basehttp.py:154] [basehttp:log_message] [WARNING]- "GET /media/img/test/1_peT8EY0.jpg HTTP/1.1" 404 1791
[2021-05-13 11:19:56,589] [log.py:228] [log:log_response] [WARNING]- Not Found: /media/img/test/1_kj0xnEP.jpg
[2021-05-13 11:19:56,592] [log.py:228] [log:log_response] [WARNING]- Not Found: /media/img/test/1_SKjiyAm.jpg
[2021-05-13 11:19:56,592] [basehttp.py:154] [basehttp:log_message] [WARNING]- "GET /media/img/test/1_kj0xnEP.jpg HTTP/1.1" 404 1791
[2021-05-13 11:19:56,594] [log.py:228] [log:log_response] [WARNING]- Not Found: /media/img/test/6_hg5ZTTM.jpg
[2021-05-13 11:19:56,598] [basehttp.py:154] [basehttp:log_message] [WARNING]- "GET /media/img/test/1_SKjiyAm.jpg HTTP/1.1" 404 1791
[2021-05-13 11:19:56,599] [basehttp.py:154] [basehttp:log_message] [WARNING]- "GET /media/img/test/6_hg5ZTTM.jpg HTTP/1.1" 404 1791
[2021-05-13 11:19:56,599] [log.py:228] [log:log_response] [WARNING]- Not Found: /media/img/test/1_wBid37f.jpg
[2021-05-13 11:19:56,603] [log.py:228] [log:log_response] [WARNING]- Not Found: /media/img/test/7_ZhWDnfZ.jpg
[2021-05-13 11:19:56,604] [basehttp.py:154] [basehttp:log_message] [WARNING]- "GET /media/img/test/1_wBid37f.jpg HTTP/1.1" 404 1791
[2021-05-13 11:19:56,605] [basehttp.py:154] [basehttp:log_message] [WARNING]- "GET /media/img/test/7_ZhWDnfZ.jpg HTTP/1.1" 404 1791
[2021-05-13 11:19:56,610] [log.py:228] [log:log_response] [WARNING]- Not Found: /media/img/test/6_qt1j1N1.jpg
[2021-05-13 11:19:56,611] [basehttp.py:154] [basehttp:log_message] [WARNING]- "GET /media/img/test/6_qt1j1N1.jpg HTTP/1.1" 404 1791
[2021-05-13 11:19:56,616] [log.py:228] [log:log_response] [WARNING]- Not Found: /media/img/test/7_MDIb8TN.jpg
[2021-05-13 11:19:56,622] [basehttp.py:154] [basehttp:log_message] [WARNING]- "GET /media/img/test/7_MDIb8TN.jpg HTTP/1.1" 404 1791
[2021-05-13 11:19:56,624] [log.py:228] [log:log_response] [WARNING]- Not Found: /media/img/test/1_l88aXoy.jpg
[2021-05-13 11:19:56,628] [log.py:228] [log:log_response] [WARNING]- Not Found: /media/img/test/4_j9Jj9v3.jpg
[2021-05-13 11:19:56,628] [basehttp.py:154] [basehttp:log_message] [WARNING]- "GET /media/img/test/1_l88aXoy.jpg HTTP/1.1" 404 1791
[2021-05-13 11:19:56,630] [basehttp.py:154] [basehttp:log_message] [WARNING]- "GET /media/img/test/4_j9Jj9v3.jpg HTTP/1.1" 404 1791
[2021-05-13 11:19:56,630] [log.py:228] [log:log_response] [WARNING]- Not Found: /media/img/test/3_JmnKEV2.jpg
[2021-05-13 11:19:56,631] [basehttp.py:154] [basehttp:log_message] [WARNING]- "GET /media/img/test/3_JmnKEV2.jpg HTTP/1.1" 404 1791
[2021-05-13 11:19:56,632] [log.py:228] [log:log_response] [WARNING]- Not Found: /media/img/test/13.jpg
[2021-05-13 11:19:56,633] [basehttp.py:154] [basehttp:log_message] [WARNING]- "GET /media/img/test/13.jpg HTTP/1.1" 404 1770
[2021-05-13 11:19:56,634] [log.py:228] [log:log_response] [WARNING]- Not Found: /media/img/test/10.jpg
[2021-05-13 11:19:56,635] [basehttp.py:154] [basehttp:log_message] [WARNING]- "GET /media/img/test/10.jpg HTTP/1.1" 404 1770
[2021-05-13 11:19:56,638] [log.py:228] [log:log_response] [WARNING]- Not Found: /media/img/test/4_13Mnq7g.jpg
[2021-05-13 11:19:56,639] [basehttp.py:154] [basehttp:log_message] [WARNING]- "GET /media/img/test/4_13Mnq7g.jpg HTTP/1.1" 404 1791
[2021-05-13 11:20:01,597] [log.py:228] [log:log_response] [WARNING]- Not Found: /media/img/test/2.jpg
[2021-05-13 11:20:01,597] [basehttp.py:154] [basehttp:log_message] [WARNING]- "GET /media/img/test/2.jpg HTTP/1.1" 404 1767
[2021-05-13 11:20:02,607] [log.py:228] [log:log_response] [WARNING]- Not Found: /media/img/test/3.jpg
[2021-05-13 11:20:02,607] [basehttp.py:154] [basehttp:log_message] [WARNING]- "GET /media/img/test/3.jpg HTTP/1.1" 404 1767
[2021-05-13 11:37:28,124] [log.py:228] [log:log_response] [WARNING]- Not Found: /media/img/test/4_FRQgnzm.jpg
[2021-05-13 11:37:28,125] [basehttp.py:154] [basehttp:log_message] [WARNING]- "GET /media/img/test/4_FRQgnzm.jpg HTTP/1.1" 404 1791
[2021-05-13 11:37:28,126] [log.py:228] [log:log_response] [WARNING]- Not Found: /media/img/test/2_x1XB0pK.jpg
[2021-05-13 11:37:28,126] [basehttp.py:154] [basehttp:log_message] [WARNING]- "GET /media/img/test/2_x1XB0pK.jpg HTTP/1.1" 404 1791
[2021-05-13 11:37:28,128] [log.py:228] [log:log_response] [WARNING]- Not Found: /media/img/test/2_cGVxvOt.jpg
[2021-05-13 11:37:28,130] [basehttp.py:154] [basehttp:log_message] [WARNING]- "GET /media/img/test/2_cGVxvOt.jpg HTTP/1.1" 404 1791
[2021-05-13 11:37:28,131] [log.py:228] [log:log_response] [WARNING]- Not Found: /media/img/test/5_UHeKmkN.jpg
[2021-05-13 11:37:28,133] [basehttp.py:154] [basehttp:log_message] [WARNING]- "GET /media/img/test/5_UHeKmkN.jpg HTTP/1.1" 404 1791
[2021-05-13 11:37:28,133] [log.py:228] [log:log_response] [WARNING]- Not Found: /media/img/test/5_wmAjvLf.jpg
[2021-05-13 11:37:28,137] [log.py:228] [log:log_response] [WARNING]- Not Found: /media/img/test/123.jpg
[2021-05-13 11:37:28,138] [basehttp.py:154] [basehttp:log_message] [WARNING]- "GET /media/img/test/5_wmAjvLf.jpg HTTP/1.1" 404 1791
[2021-05-13 11:37:28,144] [basehttp.py:154] [basehttp:log_message] [WARNING]- "GET /media/img/test/123.jpg HTTP/1.1" 404 1773
[2021-05-13 11:37:28,152] [log.py:228] [log:log_response] [WARNING]- Not Found: /media/img/test/13.jpg
[2021-05-13 11:37:28,156] [basehttp.py:154] [basehttp:log_message] [WARNING]- "GET /media/img/test/13.jpg HTTP/1.1" 404 1770
[2021-05-13 11:37:28,157] [log.py:228] [log:log_response] [WARNING]- Not Found: /media/img/test/7_MDIb8TN.jpg
[2021-05-13 11:37:28,166] [basehttp.py:154] [basehttp:log_message] [WARNING]- "GET /media/img/test/7_MDIb8TN.jpg HTTP/1.1" 404 1791
[2021-05-13 11:37:28,168] [log.py:228] [log:log_response] [WARNING]- Not Found: /media/img/test/12.jpg
[2021-05-13 11:37:28,171] [basehttp.py:154] [basehttp:log_message] [WARNING]- "GET /media/img/test/12.jpg HTTP/1.1" 404 1770
[2021-05-13 11:37:28,172] [log.py:228] [log:log_response] [WARNING]- Not Found: /media/img/test/6_hg5ZTTM.jpg
[2021-05-13 11:37:28,177] [basehttp.py:154] [basehttp:log_message] [WARNING]- "GET /media/img/test/6_hg5ZTTM.jpg HTTP/1.1" 404 1791
[2021-05-13 11:37:28,180] [log.py:228] [log:log_response] [WARNING]- Not Found: /media/img/test/5_FXHldYM.jpg
[2021-05-13 11:37:28,187] [log.py:228] [log:log_response] [WARNING]- Not Found: /media/img/test/1_Zmxy1rm.jpg
[2021-05-13 11:37:28,187] [basehttp.py:154] [basehttp:log_message] [WARNING]- "GET /media/img/test/5_FXHldYM.jpg HTTP/1.1" 404 1791
[2021-05-13 11:37:28,189] [basehttp.py:154] [basehttp:log_message] [WARNING]- "GET /media/img/test/1_Zmxy1rm.jpg HTTP/1.1" 404 1791
[2021-05-13 11:37:28,195] [log.py:228] [log:log_response] [WARNING]- Not Found: /media/img/test/1_peT8EY0.jpg
[2021-05-13 11:37:28,198] [basehttp.py:154] [basehttp:log_message] [WARNING]- "GET /media/img/test/1_peT8EY0.jpg HTTP/1.1" 404 1791
[2021-05-13 11:37:28,199] [log.py:228] [log:log_response] [WARNING]- Not Found: /media/img/test/4_7IjUNGp.jpg
[2021-05-13 11:37:28,200] [log.py:228] [log:log_response] [WARNING]- Not Found: /media/img/test/5_8aGoZBN.jpg
[2021-05-13 11:37:28,203] [basehttp.py:154] [basehttp:log_message] [WARNING]- "GET /media/img/test/4_7IjUNGp.jpg HTTP/1.1" 404 1791
[2021-05-13 11:37:28,203] [log.py:228] [log:log_response] [WARNING]- Not Found: /media/img/test/7_ZhWDnfZ.jpg
[2021-05-13 11:37:28,207] [basehttp.py:154] [basehttp:log_message] [WARNING]- "GET /media/img/test/5_8aGoZBN.jpg HTTP/1.1" 404 1791
[2021-05-13 11:37:28,207] [basehttp.py:154] [basehttp:log_message] [WARNING]- "GET /media/img/test/7_ZhWDnfZ.jpg HTTP/1.1" 404 1791
[2021-05-13 11:37:28,218] [log.py:228] [log:log_response] [WARNING]- Not Found: /media/img/test/1_cIAzq4K.jpg
[2021-05-13 11:37:28,220] [basehttp.py:154] [basehttp:log_message] [WARNING]- "GET /media/img/test/1_cIAzq4K.jpg HTTP/1.1" 404 1791
[2021-05-13 11:37:28,221] [log.py:228] [log:log_response] [WARNING]- Not Found: /media/img/test/1_MkmzdD5.jpg
[2021-05-13 11:37:28,223] [log.py:228] [log:log_response] [WARNING]- Not Found: /media/img/test/1_yFStONJ.jpg
[2021-05-13 11:37:28,224] [basehttp.py:154] [basehttp:log_message] [WARNING]- "GET /media/img/test/1_MkmzdD5.jpg HTTP/1.1" 404 1791
[2021-05-13 11:37:28,225] [log.py:228] [log:log_response] [WARNING]- Not Found: /media/img/test/1_Fyv6m9P.jpg
[2021-05-13 11:37:28,228] [basehttp.py:154] [basehttp:log_message] [WARNING]- "GET /media/img/test/1_Fyv6m9P.jpg HTTP/1.1" 404 1791
[2021-05-13 11:37:28,230] [basehttp.py:154] [basehttp:log_message] [WARNING]- "GET /media/img/test/1_yFStONJ.jpg HTTP/1.1" 404 1791
[2021-05-13 11:37:28,237] [log.py:228] [log:log_response] [WARNING]- Not Found: /media/img/test/1_kj0xnEP.jpg
[2021-05-13 11:37:28,241] [log.py:228] [log:log_response] [WARNING]- Not Found: /media/img/test/1_SKjiyAm.jpg
[2021-05-13 11:37:28,241] [basehttp.py:154] [basehttp:log_message] [WARNING]- "GET /media/img/test/1_kj0xnEP.jpg HTTP/1.1" 404 1791
[2021-05-13 11:37:28,246] [basehttp.py:154] [basehttp:log_message] [WARNING]- "GET /media/img/test/1_SKjiyAm.jpg HTTP/1.1" 404 1791
[2021-05-13 11:37:28,249] [log.py:228] [log:log_response] [WARNING]- Not Found: /media/img/test/1_xjt6Ker.jpg
[2021-05-13 11:37:28,252] [basehttp.py:154] [basehttp:log_message] [WARNING]- "GET /media/img/test/1_xjt6Ker.jpg HTTP/1.1" 404 1791
[2021-05-13 11:37:28,257] [log.py:228] [log:log_response] [WARNING]- Not Found: /media/img/test/11.jpg
[2021-05-13 11:37:28,259] [log.py:228] [log:log_response] [WARNING]- Not Found: /media/img/test/4_j9Jj9v3.jpg
[2021-05-13 11:37:28,260] [basehttp.py:154] [basehttp:log_message] [WARNING]- "GET /media/img/test/4_j9Jj9v3.jpg HTTP/1.1" 404 1791
[2021-05-13 11:37:28,260] [basehttp.py:154] [basehttp:log_message] [WARNING]- "GET /media/img/test/11.jpg HTTP/1.1" 404 1770
[2021-05-13 11:37:28,267] [log.py:228] [log:log_response] [WARNING]- Not Found: /media/img/test/1_MkjSnHu.jpg
[2021-05-13 11:37:28,268] [log.py:228] [log:log_response] [WARNING]- Not Found: /media/img/test/10.jpg
[2021-05-13 11:37:28,269] [basehttp.py:154] [basehttp:log_message] [WARNING]- "GET /media/img/test/1_MkjSnHu.jpg HTTP/1.1" 404 1791
[2021-05-13 11:37:28,270] [basehttp.py:154] [basehttp:log_message] [WARNING]- "GET /media/img/test/10.jpg HTTP/1.1" 404 1770
[2021-05-13 11:37:28,270] [log.py:228] [log:log_response] [WARNING]- Not Found: /media/img/test/7.jpg
[2021-05-13 11:37:28,275] [log.py:228] [log:log_response] [WARNING]- Not Found: /media/img/test/3_9GLoPlC.jpg
[2021-05-13 11:37:28,276] [basehttp.py:154] [basehttp:log_message] [WARNING]- "GET /media/img/test/7.jpg HTTP/1.1" 404 1767
[2021-05-13 11:37:28,278] [basehttp.py:154] [basehttp:log_message] [WARNING]- "GET /media/img/test/3_9GLoPlC.jpg HTTP/1.1" 404 1791
[2021-05-13 11:37:28,283] [log.py:228] [log:log_response] [WARNING]- Not Found: /media/img/test/9.jpg
[2021-05-13 11:37:28,286] [basehttp.py:154] [basehttp:log_message] [WARNING]- "GET /media/img/test/9.jpg HTTP/1.1" 404 1767
[2021-05-13 11:37:28,287] [log.py:228] [log:log_response] [WARNING]- Not Found: /media/img/test/3_aAYec09.jpg
[2021-05-13 11:37:28,292] [basehttp.py:154] [basehttp:log_message] [WARNING]- "GET /media/img/test/3_aAYec09.jpg HTTP/1.1" 404 1791
[2021-05-13 11:37:28,296] [log.py:228] [log:log_response] [WARNING]- Not Found: /media/img/test/4_SmICjjd.jpg
[2021-05-13 11:37:28,300] [basehttp.py:154] [basehttp:log_message] [WARNING]- "GET /media/img/test/4_SmICjjd.jpg HTTP/1.1" 404 1791
[2021-05-13 11:37:28,301] [log.py:228] [log:log_response] [WARNING]- Not Found: /media/img/test/4_wWKrVWx.jpg
[2021-05-13 11:37:28,304] [log.py:228] [log:log_response] [WARNING]- Not Found: /media/img/test/1_wBid37f.jpg
[2021-05-13 11:37:28,306] [basehttp.py:154] [basehttp:log_message] [WARNING]- "GET /media/img/test/4_wWKrVWx.jpg HTTP/1.1" 404 1791
[2021-05-13 11:37:28,309] [basehttp.py:154] [basehttp:log_message] [WARNING]- "GET /media/img/test/1_wBid37f.jpg HTTP/1.1" 404 1791
[2021-05-13 11:37:28,312] [log.py:228] [log:log_response] [WARNING]- Not Found: /media/img/test/1.jpg
[2021-05-13 11:37:28,318] [log.py:228] [log:log_response] [WARNING]- Not Found: /media/img/test/3_JmnKEV2.jpg
[2021-05-13 11:37:28,318] [basehttp.py:154] [basehttp:log_message] [WARNING]- "GET /media/img/test/1.jpg HTTP/1.1" 404 1767
[2021-05-13 11:37:28,320] [basehttp.py:154] [basehttp:log_message] [WARNING]- "GET /media/img/test/3_JmnKEV2.jpg HTTP/1.1" 404 1791
[2021-05-13 11:37:28,325] [log.py:228] [log:log_response] [WARNING]- Not Found: /media/img/test/4_Pvd2bGU.jpg
[2021-05-13 11:37:28,328] [log.py:228] [log:log_response] [WARNING]- Not Found: /media/img/test/1_XajZcqW.jpg
[2021-05-13 11:37:28,329] [basehttp.py:154] [basehttp:log_message] [WARNING]- "GET /media/img/test/4_Pvd2bGU.jpg HTTP/1.1" 404 1791
[2021-05-13 11:37:28,331] [basehttp.py:154] [basehttp:log_message] [WARNING]- "GET /media/img/test/1_XajZcqW.jpg HTTP/1.1" 404 1791
[2021-05-13 11:37:28,333] [log.py:228] [log:log_response] [WARNING]- Not Found: /media/img/test/1_jTUJa1h.jpg
[2021-05-13 11:37:28,341] [basehttp.py:154] [basehttp:log_message] [WARNING]- "GET /media/img/test/1_jTUJa1h.jpg HTTP/1.1" 404 1791
[2021-05-13 11:37:28,343] [log.py:228] [log:log_response] [WARNING]- Not Found: /media/img/test/1_l88aXoy.jpg
[2021-05-13 11:37:28,345] [basehttp.py:154] [basehttp:log_message] [WARNING]- "GET /media/img/test/1_l88aXoy.jpg HTTP/1.1" 404 1791
[2021-05-13 11:37:28,347] [log.py:228] [log:log_response] [WARNING]- Not Found: /media/img/test/1_eiPmC9F.jpg
[2021-05-13 11:37:28,349] [log.py:228] [log:log_response] [WARNING]- Not Found: /media/img/test/6_qt1j1N1.jpg
[2021-05-13 11:37:28,350] [basehttp.py:154] [basehttp:log_message] [WARNING]- "GET /media/img/test/1_eiPmC9F.jpg HTTP/1.1" 404 1791
[2021-05-13 11:37:28,351] [basehttp.py:154] [basehttp:log_message] [WARNING]- "GET /media/img/test/6_qt1j1N1.jpg HTTP/1.1" 404 1791
[2021-05-13 11:37:28,357] [log.py:228] [log:log_response] [WARNING]- Not Found: /media/img/test/5.jpg
[2021-05-13 11:37:28,358] [basehttp.py:154] [basehttp:log_message] [WARNING]- "GET /media/img/test/5.jpg HTTP/1.1" 404 1767
[2021-05-13 11:37:28,359] [log.py:228] [log:log_response] [WARNING]- Not Found: /media/img/test/4_13Mnq7g.jpg
[2021-05-13 11:37:28,360] [basehttp.py:154] [basehttp:log_message] [WARNING]- "GET /media/img/test/4_13Mnq7g.jpg HTTP/1.1" 404 1791
[2021-05-13 11:37:28,362] [log.py:228] [log:log_response] [WARNING]- Not Found: /media/img/test/9_7iKrxXA.jpg
[2021-05-13 11:37:28,362] [basehttp.py:154] [basehttp:log_message] [WARNING]- "GET /media/img/test/9_7iKrxXA.jpg HTTP/1.1" 404 1791
