[2024-01-06 09:35:13,392] [basehttp.py:154] [basehttp:log_message] [INFO]- "GET /logout/ HTTP/1.1" 302 0
[2024-01-06 09:35:13,429] [basehttp.py:154] [basehttp:log_message] [INFO]- "GET /login/ HTTP/1.1" 200 4672
[2024-01-06 09:35:13,459] [basehttp.py:154] [basehttp:log_message] [WARNING]- "GET /static/css/bootstrap.min.css.map HTTP/1.1" 404 1800
[2024-01-06 09:35:13,478] [basehttp.py:154] [basehttp:log_message] [INFO]- "GET /static/vendor/bootstrap/js/bootstrap.bundle.min.js.map HTTP/1.1" 200 303386
[2024-01-06 09:35:13,492] [basehttp.py:154] [basehttp:log_message] [INFO]- "GET /favicon.ico HTTP/1.1" 200 24469
[2024-01-06 09:35:15,729] [UserIP.py:90] [UserIP:process_response] [INFO]- 2024-01-06 09:35:15 C1010S3>Edwin None>LAPTOP-GQJTF2B7>0A098 127.0.0.1 127.0.0.1 /login/ POST
[2024-01-06 09:35:15,733] [basehttp.py:154] [basehttp:log_message] [INFO]- "POST /login/?next=/login/ HTTP/1.1" 302 0
[2024-01-06 09:35:15,754] [basehttp.py:154] [basehttp:log_message] [INFO]- "GET /login/ HTTP/1.1" 302 0
[2024-01-06 09:35:15,790] [basehttp.py:154] [basehttp:log_message] [INFO]- "GET / HTTP/1.1" 200 24479
[2024-01-06 09:35:15,843] [basehttp.py:154] [basehttp:log_message] [WARNING]- "GET /static/css/bootstrap.min.css.map HTTP/1.1" 404 1800
[2024-01-06 09:35:15,853] [basehttp.py:154] [basehttp:log_message] [WARNING]- "GET /static/js/lib/bootstrap.min.js.map HTTP/1.1" 404 1806
[2024-01-06 09:35:15,926] [basehttp.py:154] [basehttp:log_message] [INFO]- "GET /favicon.ico HTTP/1.1" 200 24479
[2024-01-06 09:36:47,485] [basehttp.py:154] [basehttp:log_message] [INFO]- "GET /FilesDownload/ HTTP/1.1" 200 31110
[2024-01-06 09:36:47,554] [basehttp.py:154] [basehttp:log_message] [WARNING]- "GET /static/css/bootstrap.min.css.map HTTP/1.1" 404 1800
[2024-01-06 09:36:47,566] [basehttp.py:154] [basehttp:log_message] [WARNING]- "GET /static/js/lib/bootstrap.min.js.map HTTP/1.1" 404 1806
[2024-01-06 09:36:47,662] [basehttp.py:154] [basehttp:log_message] [WARNING]- "GET /static/js/lib/bootstrap.min.js.map HTTP/1.1" 404 1806
[2024-01-06 09:36:47,760] [basehttp.py:154] [basehttp:log_message] [WARNING]- "GET /static/js/axios.min.map HTTP/1.1" 404 1773
[2024-01-06 09:36:47,816] [basehttp.py:154] [basehttp:log_message] [INFO]- "GET /favicon.ico HTTP/1.1" 200 24479
[2024-01-06 09:36:51,854] [basehttp.py:154] [basehttp:log_message] [INFO]- "GET /logout/ HTTP/1.1" 302 0
[2024-01-06 09:36:51,863] [basehttp.py:154] [basehttp:log_message] [INFO]- "GET /login/ HTTP/1.1" 200 4672
[2024-01-06 09:36:51,892] [basehttp.py:154] [basehttp:log_message] [WARNING]- "GET /static/css/bootstrap.min.css.map HTTP/1.1" 404 1800
[2024-01-06 09:36:51,923] [basehttp.py:154] [basehttp:log_message] [INFO]- "GET /favicon.ico HTTP/1.1" 200 24469
[2024-01-06 09:36:53,365] [UserIP.py:90] [UserIP:process_response] [INFO]- 2024-01-06 09:36:53 C1010S3>Edwin None>LAPTOP-GQJTF2B7>0A098 127.0.0.1 127.0.0.1 /login/ POST
[2024-01-06 09:36:53,372] [basehttp.py:154] [basehttp:log_message] [INFO]- "POST /login/?next=/login/ HTTP/1.1" 302 0
[2024-01-06 09:36:53,405] [basehttp.py:154] [basehttp:log_message] [INFO]- "GET /login/ HTTP/1.1" 302 0
[2024-01-06 09:36:53,442] [basehttp.py:154] [basehttp:log_message] [INFO]- "GET / HTTP/1.1" 200 24479
[2024-01-06 09:36:53,488] [basehttp.py:154] [basehttp:log_message] [WARNING]- "GET /static/css/bootstrap.min.css.map HTTP/1.1" 404 1800
[2024-01-06 09:36:53,497] [basehttp.py:154] [basehttp:log_message] [WARNING]- "GET /static/js/lib/bootstrap.min.js.map HTTP/1.1" 404 1806
[2024-01-06 09:36:53,594] [basehttp.py:154] [basehttp:log_message] [INFO]- "GET /favicon.ico HTTP/1.1" 200 24479
[2024-01-06 09:41:59,872] [basehttp.py:154] [basehttp:log_message] [INFO]- "GET /Navigation/ HTTP/1.1" 200 112535
[2024-01-06 09:41:59,942] [basehttp.py:154] [basehttp:log_message] [WARNING]- "GET /static/css/bootstrap.min.css.map HTTP/1.1" 404 1800
[2024-01-06 09:41:59,954] [basehttp.py:154] [basehttp:log_message] [WARNING]- "GET /static/js/lib/bootstrap.min.js.map HTTP/1.1" 404 1806
[2024-01-06 09:42:00,052] [basehttp.py:154] [basehttp:log_message] [WARNING]- "GET /static/js/lib/bootstrap.min.js.map HTTP/1.1" 404 1806
[2024-01-06 09:42:00,125] [basehttp.py:154] [basehttp:log_message] [WARNING]- "GET /static/js/axios.min.map HTTP/1.1" 404 1773
[2024-01-06 09:42:00,252] [basehttp.py:154] [basehttp:log_message] [INFO]- "GET /favicon.ico HTTP/1.1" 200 24479
[2024-01-06 09:42:04,097] [basehttp.py:154] [basehttp:log_message] [INFO]- "GET /logout/ HTTP/1.1" 302 0
[2024-01-06 09:42:04,123] [basehttp.py:154] [basehttp:log_message] [INFO]- "GET /login/ HTTP/1.1" 200 4665
[2024-01-06 09:42:04,160] [basehttp.py:154] [basehttp:log_message] [WARNING]- "GET /static/css/bootstrap.min.css.map HTTP/1.1" 404 1800
[2024-01-06 09:42:04,184] [basehttp.py:154] [basehttp:log_message] [INFO]- "GET /favicon.ico HTTP/1.1" 200 24469
[2024-01-06 09:42:05,761] [UserIP.py:90] [UserIP:process_response] [INFO]- 2024-01-06 09:42:05 C1010S3>Edwin None>LAPTOP-GQJTF2B7>0A098 127.0.0.1 127.0.0.1 /login/ POST
[2024-01-06 09:42:05,768] [basehttp.py:154] [basehttp:log_message] [INFO]- "POST /login/?next= HTTP/1.1" 302 0
[2024-01-06 09:42:05,937] [log.py:228] [log:log_response] [ERROR]- Internal Server Error: /login/
Traceback (most recent call last):
  File "C:\Python372\mecheck\lib\site-packages\django\core\handlers\exception.py", line 34, in inner
    response = get_response(request)
  File "C:\Python372\mecheck\lib\site-packages\django\core\handlers\base.py", line 126, in _get_response
    response = self.process_exception_by_middleware(e, request)
  File "C:\Python372\mecheck\lib\site-packages\django\core\handlers\base.py", line 124, in _get_response
    response = wrapped_callback(request, *callback_args, **callback_kwargs)
  File "C:\Python372\mecheck\lib\site-packages\django\views\decorators\csrf.py", line 54, in wrapped_view
    return view_func(*args, **kwargs)
  File "C:\djangoproject\Reliability_Row_data\app01\views.py", line 52, in login
    redirect_to = request.get('next', '')
AttributeError: 'WSGIRequest' object has no attribute 'get'
[2024-01-06 09:42:05,940] [basehttp.py:154] [basehttp:log_message] [ERROR]- "GET /login/ HTTP/1.1" 500 82258
[2024-01-06 09:42:05,996] [basehttp.py:154] [basehttp:log_message] [INFO]- "GET /favicon.ico HTTP/1.1" 200 24479
[2024-01-06 09:42:38,880] [log.py:228] [log:log_response] [ERROR]- Internal Server Error: /login/
Traceback (most recent call last):
  File "C:\Python372\mecheck\lib\site-packages\django\core\handlers\exception.py", line 34, in inner
    response = get_response(request)
  File "C:\Python372\mecheck\lib\site-packages\django\core\handlers\base.py", line 126, in _get_response
    response = self.process_exception_by_middleware(e, request)
  File "C:\Python372\mecheck\lib\site-packages\django\core\handlers\base.py", line 124, in _get_response
    response = wrapped_callback(request, *callback_args, **callback_kwargs)
  File "C:\Python372\mecheck\lib\site-packages\django\views\decorators\csrf.py", line 54, in wrapped_view
    return view_func(*args, **kwargs)
  File "C:\djangoproject\Reliability_Row_data\app01\views.py", line 52, in login
    redirect_to = request.GET('next', '')
TypeError: 'QueryDict' object is not callable
[2024-01-06 09:42:38,881] [basehttp.py:154] [basehttp:log_message] [ERROR]- "GET /login/ HTTP/1.1" 500 82160
[2024-01-06 09:42:38,954] [basehttp.py:154] [basehttp:log_message] [INFO]- "GET /favicon.ico HTTP/1.1" 200 24479
[2024-01-06 09:43:13,179] [basehttp.py:154] [basehttp:log_message] [INFO]- "GET /login/ HTTP/1.1" 302 0
[2024-01-06 09:43:13,231] [basehttp.py:154] [basehttp:log_message] [INFO]- "GET /favicon.ico HTTP/1.1" 200 24479
[2024-01-06 09:43:42,175] [basehttp.py:154] [basehttp:log_message] [INFO]- "GET /favicon.ico HTTP/1.1" 200 24479
[2024-01-06 09:43:42,801] [basehttp.py:154] [basehttp:log_message] [WARNING]- "GET /static/css/bootstrap.min.css.map HTTP/1.1" 404 1800
[2024-01-06 09:43:42,813] [basehttp.py:154] [basehttp:log_message] [WARNING]- "GET /static/js/lib/bootstrap.min.js.map HTTP/1.1" 404 1806
[2024-01-06 09:43:42,907] [basehttp.py:154] [basehttp:log_message] [WARNING]- "GET /static/js/lib/bootstrap.min.js.map HTTP/1.1" 404 1806
[2024-01-06 09:43:43,061] [basehttp.py:154] [basehttp:log_message] [WARNING]- "GET /static/js/axios.min.map HTTP/1.1" 404 1773
[2024-01-06 09:43:43,094] [basehttp.py:154] [basehttp:log_message] [INFO]- "GET /favicon.ico HTTP/1.1" 200 24479
[2024-01-06 10:04:28,582] [basehttp.py:154] [basehttp:log_message] [INFO]- "GET /logout/ HTTP/1.1" 302 0
[2024-01-06 10:04:28,616] [basehttp.py:154] [basehttp:log_message] [INFO]- "GET /login/ HTTP/1.1" 200 4665
[2024-01-06 10:04:28,663] [basehttp.py:154] [basehttp:log_message] [WARNING]- "GET /static/css/bootstrap.min.css.map HTTP/1.1" 404 1800
[2024-01-06 10:04:28,709] [basehttp.py:154] [basehttp:log_message] [INFO]- "GET /favicon.ico HTTP/1.1" 200 24469
[2024-01-06 10:04:30,001] [UserIP.py:90] [UserIP:process_response] [INFO]- 2024-01-06 10:04:30 C1010S3>Edwin None>LAPTOP-GQJTF2B7>0A098 127.0.0.1 127.0.0.1 /login/ POST
[2024-01-06 10:04:30,008] [basehttp.py:154] [basehttp:log_message] [INFO]- "POST /login/?next= HTTP/1.1" 302 0
[2024-01-06 10:04:30,161] [log.py:228] [log:log_response] [ERROR]- Internal Server Error: /login/
Traceback (most recent call last):
  File "C:\Python372\mecheck\lib\site-packages\django\core\handlers\exception.py", line 34, in inner
    response = get_response(request)
  File "C:\Python372\mecheck\lib\site-packages\django\core\handlers\base.py", line 126, in _get_response
    response = self.process_exception_by_middleware(e, request)
  File "C:\Python372\mecheck\lib\site-packages\django\core\handlers\base.py", line 124, in _get_response
    response = wrapped_callback(request, *callback_args, **callback_kwargs)
  File "C:\Python372\mecheck\lib\site-packages\django\views\decorators\csrf.py", line 54, in wrapped_view
    return view_func(*args, **kwargs)
  File "C:\djangoproject\Reliability_Row_data\app01\views.py", line 52, in login
    redirect_to = request.get('next', '')
AttributeError: 'WSGIRequest' object has no attribute 'get'
[2024-01-06 10:04:30,163] [basehttp.py:154] [basehttp:log_message] [ERROR]- "GET /login/ HTTP/1.1" 500 82321
[2024-01-06 10:04:30,220] [basehttp.py:154] [basehttp:log_message] [INFO]- "GET /favicon.ico HTTP/1.1" 200 24479
[2024-01-06 10:04:43,598] [basehttp.py:154] [basehttp:log_message] [INFO]- "GET /login/ HTTP/1.1" 302 0
[2024-01-06 10:04:43,746] [basehttp.py:154] [basehttp:log_message] [INFO]- "GET /index/ HTTP/1.1" 200 49239
[2024-01-06 10:04:43,833] [basehttp.py:154] [basehttp:log_message] [WARNING]- "GET /static/css/bootstrap.min.css.map HTTP/1.1" 404 1800
[2024-01-06 10:04:43,870] [basehttp.py:154] [basehttp:log_message] [WARNING]- "GET /static/js/lib/bootstrap.min.js.map HTTP/1.1" 404 1806
[2024-01-06 10:04:43,958] [basehttp.py:154] [basehttp:log_message] [WARNING]- "GET /static/js/lib/bootstrap.min.js.map HTTP/1.1" 404 1806
[2024-01-06 10:04:44,059] [basehttp.py:154] [basehttp:log_message] [WARNING]- "GET /static/js/axios.min.map HTTP/1.1" 404 1773
[2024-01-06 10:04:44,146] [basehttp.py:154] [basehttp:log_message] [INFO]- "GET /favicon.ico HTTP/1.1" 200 24479
[2024-01-06 10:07:31,582] [basehttp.py:154] [basehttp:log_message] [INFO]- "GET /logout/ HTTP/1.1" 302 0
[2024-01-06 10:07:31,614] [basehttp.py:154] [basehttp:log_message] [INFO]- "GET /login/ HTTP/1.1" 200 4665
[2024-01-06 10:07:31,642] [basehttp.py:154] [basehttp:log_message] [WARNING]- "GET /static/css/bootstrap.min.css.map HTTP/1.1" 404 1800
[2024-01-06 10:07:31,675] [basehttp.py:154] [basehttp:log_message] [INFO]- "GET /favicon.ico HTTP/1.1" 200 24469
[2024-01-06 10:07:33,111] [UserIP.py:90] [UserIP:process_response] [INFO]- 2024-01-06 10:07:33 C1010S3>Edwin None>LAPTOP-GQJTF2B7>0A098 127.0.0.1 127.0.0.1 /login/ POST
[2024-01-06 10:07:33,117] [basehttp.py:154] [basehttp:log_message] [INFO]- "POST /login/?next= HTTP/1.1" 302 0
[2024-01-06 10:07:33,143] [basehttp.py:154] [basehttp:log_message] [INFO]- "GET /login/ HTTP/1.1" 302 0
[2024-01-06 10:07:33,217] [basehttp.py:154] [basehttp:log_message] [INFO]- "GET /index/ HTTP/1.1" 200 49239
[2024-01-06 10:07:33,278] [basehttp.py:154] [basehttp:log_message] [WARNING]- "GET /static/css/bootstrap.min.css.map HTTP/1.1" 404 1800
[2024-01-06 10:07:33,288] [basehttp.py:154] [basehttp:log_message] [WARNING]- "GET /static/js/lib/bootstrap.min.js.map HTTP/1.1" 404 1806
[2024-01-06 10:07:33,364] [basehttp.py:154] [basehttp:log_message] [WARNING]- "GET /static/js/lib/bootstrap.min.js.map HTTP/1.1" 404 1806
[2024-01-06 10:07:33,472] [basehttp.py:154] [basehttp:log_message] [WARNING]- "GET /static/js/axios.min.map HTTP/1.1" 404 1773
[2024-01-06 10:07:33,529] [basehttp.py:154] [basehttp:log_message] [INFO]- "GET /favicon.ico HTTP/1.1" 200 24479
[2024-01-06 10:08:11,345] [basehttp.py:154] [basehttp:log_message] [INFO]- "GET /logout/ HTTP/1.1" 302 0
[2024-01-06 10:08:11,377] [basehttp.py:154] [basehttp:log_message] [INFO]- "GET /login/ HTTP/1.1" 200 4665
[2024-01-06 10:08:11,420] [basehttp.py:154] [basehttp:log_message] [WARNING]- "GET /static/css/bootstrap.min.css.map HTTP/1.1" 404 1800
[2024-01-06 10:08:11,453] [basehttp.py:154] [basehttp:log_message] [INFO]- "GET /favicon.ico HTTP/1.1" 200 24469
[2024-01-06 10:08:12,882] [UserIP.py:90] [UserIP:process_response] [INFO]- 2024-01-06 10:08:12 C1010S3>Edwin None>LAPTOP-GQJTF2B7>0A098 127.0.0.1 127.0.0.1 /login/ POST
[2024-01-06 10:08:12,888] [basehttp.py:154] [basehttp:log_message] [INFO]- "POST /login/?next= HTTP/1.1" 302 0
[2024-01-06 10:08:12,898] [basehttp.py:154] [basehttp:log_message] [INFO]- "GET /login/ HTTP/1.1" 302 0
[2024-01-06 10:08:12,952] [basehttp.py:154] [basehttp:log_message] [INFO]- "GET /index/ HTTP/1.1" 200 49239
[2024-01-06 10:08:13,014] [basehttp.py:154] [basehttp:log_message] [WARNING]- "GET /static/css/bootstrap.min.css.map HTTP/1.1" 404 1800
[2024-01-06 10:08:13,041] [basehttp.py:154] [basehttp:log_message] [WARNING]- "GET /static/js/lib/bootstrap.min.js.map HTTP/1.1" 404 1806
[2024-01-06 10:08:13,096] [basehttp.py:154] [basehttp:log_message] [WARNING]- "GET /static/js/lib/bootstrap.min.js.map HTTP/1.1" 404 1806
[2024-01-06 10:08:13,154] [basehttp.py:154] [basehttp:log_message] [WARNING]- "GET /static/js/axios.min.map HTTP/1.1" 404 1773
[2024-01-06 10:08:13,247] [basehttp.py:154] [basehttp:log_message] [INFO]- "GET /favicon.ico HTTP/1.1" 200 24479
[2024-01-06 10:17:00,034] [basehttp.py:154] [basehttp:log_message] [INFO]- "GET /FilesDownload/ HTTP/1.1" 200 31110
[2024-01-06 10:17:00,107] [basehttp.py:154] [basehttp:log_message] [WARNING]- "GET /static/css/bootstrap.min.css.map HTTP/1.1" 404 1800
[2024-01-06 10:17:00,117] [basehttp.py:154] [basehttp:log_message] [WARNING]- "GET /static/js/lib/bootstrap.min.js.map HTTP/1.1" 404 1806
[2024-01-06 10:17:00,195] [basehttp.py:154] [basehttp:log_message] [WARNING]- "GET /static/js/lib/bootstrap.min.js.map HTTP/1.1" 404 1806
[2024-01-06 10:17:00,269] [basehttp.py:154] [basehttp:log_message] [WARNING]- "GET /static/js/axios.min.map HTTP/1.1" 404 1773
[2024-01-06 10:17:00,325] [basehttp.py:154] [basehttp:log_message] [INFO]- "GET /favicon.ico HTTP/1.1" 200 24479
[2024-01-06 10:17:05,806] [basehttp.py:154] [basehttp:log_message] [INFO]- "GET /logout/ HTTP/1.1" 302 0
[2024-01-06 10:17:05,835] [basehttp.py:154] [basehttp:log_message] [INFO]- "GET /login/ HTTP/1.1" 200 4665
[2024-01-06 10:17:05,866] [basehttp.py:154] [basehttp:log_message] [WARNING]- "GET /static/css/bootstrap.min.css.map HTTP/1.1" 404 1800
[2024-01-06 10:17:05,894] [basehttp.py:154] [basehttp:log_message] [INFO]- "GET /favicon.ico HTTP/1.1" 200 24469
[2024-01-06 10:17:07,297] [UserIP.py:90] [UserIP:process_response] [INFO]- 2024-01-06 10:17:07 C1010S3>Edwin None>LAPTOP-GQJTF2B7>0A098 127.0.0.1 127.0.0.1 /login/ POST
[2024-01-06 10:17:07,302] [basehttp.py:154] [basehttp:log_message] [INFO]- "POST /login/?next= HTTP/1.1" 302 0
[2024-01-06 10:17:07,334] [basehttp.py:154] [basehttp:log_message] [INFO]- "GET /login/ HTTP/1.1" 302 0
[2024-01-06 10:17:07,412] [basehttp.py:154] [basehttp:log_message] [INFO]- "GET /index/ HTTP/1.1" 200 49239
[2024-01-06 10:17:07,479] [basehttp.py:154] [basehttp:log_message] [WARNING]- "GET /static/css/bootstrap.min.css.map HTTP/1.1" 404 1800
[2024-01-06 10:17:07,488] [basehttp.py:154] [basehttp:log_message] [WARNING]- "GET /static/js/lib/bootstrap.min.js.map HTTP/1.1" 404 1806
[2024-01-06 10:17:07,559] [basehttp.py:154] [basehttp:log_message] [WARNING]- "GET /static/js/lib/bootstrap.min.js.map HTTP/1.1" 404 1806
[2024-01-06 10:17:07,655] [basehttp.py:154] [basehttp:log_message] [WARNING]- "GET /static/js/axios.min.map HTTP/1.1" 404 1773
[2024-01-06 10:17:07,764] [basehttp.py:154] [basehttp:log_message] [INFO]- "GET /favicon.ico HTTP/1.1" 200 24479
[2024-01-06 10:19:21,887] [basehttp.py:154] [basehttp:log_message] [INFO]- "GET /Navigation/ HTTP/1.1" 200 112535
[2024-01-06 10:19:21,992] [basehttp.py:154] [basehttp:log_message] [WARNING]- "GET /static/css/bootstrap.min.css.map HTTP/1.1" 404 1800
[2024-01-06 10:19:22,024] [basehttp.py:154] [basehttp:log_message] [WARNING]- "GET /static/js/lib/bootstrap.min.js.map HTTP/1.1" 404 1806
[2024-01-06 10:19:22,115] [basehttp.py:154] [basehttp:log_message] [WARNING]- "GET /static/js/lib/bootstrap.min.js.map HTTP/1.1" 404 1806
[2024-01-06 10:19:22,272] [basehttp.py:154] [basehttp:log_message] [WARNING]- "GET /static/js/axios.min.map HTTP/1.1" 404 1773
[2024-01-06 10:19:22,402] [basehttp.py:154] [basehttp:log_message] [INFO]- "GET /favicon.ico HTTP/1.1" 200 24479
[2024-01-06 10:19:24,986] [basehttp.py:154] [basehttp:log_message] [INFO]- "GET /logout/ HTTP/1.1" 302 0
[2024-01-06 10:19:25,002] [UserIP.py:92] [UserIP:process_response] [CRITICAL]- 系统错误: 'NoneType' object has no attribute 'status_code'
[2024-01-06 10:19:25,135] [log.py:228] [log:log_response] [ERROR]- Internal Server Error: /login/
Traceback (most recent call last):
  File "C:\Python372\mecheck\lib\site-packages\django\core\handlers\exception.py", line 34, in inner
    response = get_response(request)
  File "C:\Python372\mecheck\lib\site-packages\django\utils\deprecation.py", line 93, in __call__
    response = self.process_response(request, response)
  File "C:\Python372\mecheck\lib\site-packages\django\middleware\clickjacking.py", line 26, in process_response
    if response.get('X-Frame-Options') is not None:
AttributeError: 'NoneType' object has no attribute 'get'
[2024-01-06 10:19:25,136] [basehttp.py:154] [basehttp:log_message] [ERROR]- "GET /login/ HTTP/1.1" 500 71759
[2024-01-06 10:19:25,184] [basehttp.py:154] [basehttp:log_message] [INFO]- "GET /favicon.ico HTTP/1.1" 200 24469
[2024-01-06 10:24:11,314] [basehttp.py:154] [basehttp:log_message] [INFO]- "GET /login/ HTTP/1.1" 200 4665
[2024-01-06 10:24:11,372] [basehttp.py:154] [basehttp:log_message] [WARNING]- "GET /static/css/bootstrap.min.css.map HTTP/1.1" 404 1800
[2024-01-06 10:24:11,410] [basehttp.py:154] [basehttp:log_message] [INFO]- "GET /favicon.ico HTTP/1.1" 200 24469
[2024-01-06 10:24:13,275] [UserIP.py:90] [UserIP:process_response] [INFO]- 2024-01-06 10:24:13 C1010S3>Edwin None>LAPTOP-GQJTF2B7>0A098 127.0.0.1 127.0.0.1 /login/ POST
[2024-01-06 10:24:13,282] [basehttp.py:154] [basehttp:log_message] [INFO]- "POST /login/?next= HTTP/1.1" 302 0
[2024-01-06 10:24:13,391] [log.py:228] [log:log_response] [ERROR]- Internal Server Error: /login/
Traceback (most recent call last):
  File "C:\Python372\mecheck\lib\site-packages\django\core\handlers\exception.py", line 34, in inner
    response = get_response(request)
  File "C:\Python372\mecheck\lib\site-packages\django\core\handlers\base.py", line 126, in _get_response
    response = self.process_exception_by_middleware(e, request)
  File "C:\Python372\mecheck\lib\site-packages\django\core\handlers\base.py", line 124, in _get_response
    response = wrapped_callback(request, *callback_args, **callback_kwargs)
  File "C:\Python372\mecheck\lib\site-packages\django\views\decorators\csrf.py", line 54, in wrapped_view
    return view_func(*args, **kwargs)
  File "C:\djangoproject\Reliability_Row_data\app01\views.py", line 56, in login
    print(request.COOKIES['Non_login_path'])
KeyError: 'Non_login_path'
[2024-01-06 10:24:13,393] [basehttp.py:154] [basehttp:log_message] [ERROR]- "GET /login/ HTTP/1.1" 500 82542
[2024-01-06 10:24:13,451] [basehttp.py:154] [basehttp:log_message] [INFO]- "GET /favicon.ico HTTP/1.1" 200 24479
[2024-01-06 10:25:36,637] [log.py:228] [log:log_response] [ERROR]- Internal Server Error: /login/
Traceback (most recent call last):
  File "C:\Python372\mecheck\lib\site-packages\django\core\handlers\exception.py", line 34, in inner
    response = get_response(request)
  File "C:\Python372\mecheck\lib\site-packages\django\core\handlers\base.py", line 126, in _get_response
    response = self.process_exception_by_middleware(e, request)
  File "C:\Python372\mecheck\lib\site-packages\django\core\handlers\base.py", line 124, in _get_response
    response = wrapped_callback(request, *callback_args, **callback_kwargs)
  File "C:\Python372\mecheck\lib\site-packages\django\views\decorators\csrf.py", line 54, in wrapped_view
    return view_func(*args, **kwargs)
  File "C:\djangoproject\Reliability_Row_data\app01\views.py", line 56, in login
    print(request.COOKIES['Non_login_path'])
KeyError: 'Non_login_path'
[2024-01-06 10:25:36,638] [basehttp.py:154] [basehttp:log_message] [ERROR]- "GET /login/ HTTP/1.1" 500 82542
[2024-01-06 10:25:36,696] [basehttp.py:154] [basehttp:log_message] [INFO]- "GET /favicon.ico HTTP/1.1" 200 24479
[2024-01-06 10:25:44,542] [basehttp.py:154] [basehttp:log_message] [INFO]- "GET /favicon.ico HTTP/1.1" 200 24479
[2024-01-06 10:25:45,937] [basehttp.py:154] [basehttp:log_message] [INFO]- "GET /favicon.ico HTTP/1.1" 200 24479
[2024-01-06 10:25:46,532] [basehttp.py:154] [basehttp:log_message] [INFO]- "GET /favicon.ico HTTP/1.1" 200 24479
[2024-01-06 10:25:46,828] [basehttp.py:154] [basehttp:log_message] [INFO]- "GET /Navigation/ HTTP/1.1" 200 112535
[2024-01-06 10:25:46,901] [basehttp.py:154] [basehttp:log_message] [WARNING]- "GET /static/css/bootstrap.min.css.map HTTP/1.1" 404 1800
[2024-01-06 10:25:46,920] [basehttp.py:154] [basehttp:log_message] [WARNING]- "GET /static/js/lib/bootstrap.min.js.map HTTP/1.1" 404 1806
[2024-01-06 10:25:46,979] [basehttp.py:154] [basehttp:log_message] [WARNING]- "GET /static/js/lib/bootstrap.min.js.map HTTP/1.1" 404 1806
[2024-01-06 10:25:47,062] [basehttp.py:154] [basehttp:log_message] [WARNING]- "GET /static/js/axios.min.map HTTP/1.1" 404 1773
[2024-01-06 10:25:47,150] [basehttp.py:154] [basehttp:log_message] [INFO]- "GET /favicon.ico HTTP/1.1" 200 24479
[2024-01-06 10:25:47,269] [basehttp.py:154] [basehttp:log_message] [INFO]- "GET /index/ HTTP/1.1" 200 49239
[2024-01-06 10:25:47,321] [basehttp.py:154] [basehttp:log_message] [WARNING]- "GET /static/css/bootstrap.min.css.map HTTP/1.1" 404 1800
[2024-01-06 10:25:47,333] [basehttp.py:154] [basehttp:log_message] [WARNING]- "GET /static/js/lib/bootstrap.min.js.map HTTP/1.1" 404 1806
[2024-01-06 10:25:47,392] [basehttp.py:154] [basehttp:log_message] [WARNING]- "GET /static/js/lib/bootstrap.min.js.map HTTP/1.1" 404 1806
[2024-01-06 10:25:47,558] [basehttp.py:154] [basehttp:log_message] [WARNING]- "GET /static/js/axios.min.map HTTP/1.1" 404 1773
[2024-01-06 10:25:47,565] [basehttp.py:154] [basehttp:log_message] [INFO]- "GET /favicon.ico HTTP/1.1" 200 24479
[2024-01-06 10:25:48,368] [basehttp.py:154] [basehttp:log_message] [INFO]- "GET /Navigation/ HTTP/1.1" 200 112535
[2024-01-06 10:25:48,425] [basehttp.py:154] [basehttp:log_message] [WARNING]- "GET /static/css/bootstrap.min.css.map HTTP/1.1" 404 1800
[2024-01-06 10:25:48,438] [basehttp.py:154] [basehttp:log_message] [WARNING]- "GET /static/js/lib/bootstrap.min.js.map HTTP/1.1" 404 1806
[2024-01-06 10:25:48,467] [basehttp.py:154] [basehttp:log_message] [WARNING]- "GET /static/js/lib/bootstrap.min.js.map HTTP/1.1" 404 1806
[2024-01-06 10:25:48,482] [basehttp.py:154] [basehttp:log_message] [WARNING]- "GET /static/js/axios.min.map HTTP/1.1" 404 1773
[2024-01-06 10:25:48,551] [basehttp.py:154] [basehttp:log_message] [INFO]- "GET /favicon.ico HTTP/1.1" 200 24479
[2024-01-06 10:25:49,230] [basehttp.py:154] [basehttp:log_message] [INFO]- "GET /Navigation/ HTTP/1.1" 200 112535
[2024-01-06 10:25:49,290] [basehttp.py:154] [basehttp:log_message] [WARNING]- "GET /static/css/bootstrap.min.css.map HTTP/1.1" 404 1800
[2024-01-06 10:25:49,298] [basehttp.py:154] [basehttp:log_message] [WARNING]- "GET /static/js/lib/bootstrap.min.js.map HTTP/1.1" 404 1806
[2024-01-06 10:25:49,316] [basehttp.py:154] [basehttp:log_message] [WARNING]- "GET /static/js/lib/bootstrap.min.js.map HTTP/1.1" 404 1806
[2024-01-06 10:25:49,342] [basehttp.py:154] [basehttp:log_message] [WARNING]- "GET /static/js/axios.min.map HTTP/1.1" 404 1773
[2024-01-06 10:25:49,416] [basehttp.py:154] [basehttp:log_message] [INFO]- "GET /favicon.ico HTTP/1.1" 200 24479
[2024-01-06 10:25:59,709] [basehttp.py:154] [basehttp:log_message] [INFO]- "GET /logout/ HTTP/1.1" 302 0
[2024-01-06 10:25:59,735] [basehttp.py:154] [basehttp:log_message] [INFO]- "GET /login/ HTTP/1.1" 200 4665
[2024-01-06 10:25:59,762] [basehttp.py:154] [basehttp:log_message] [WARNING]- "GET /static/css/bootstrap.min.css.map HTTP/1.1" 404 1800
[2024-01-06 10:25:59,814] [basehttp.py:154] [basehttp:log_message] [INFO]- "GET /favicon.ico HTTP/1.1" 200 24469
[2024-01-06 10:26:01,126] [UserIP.py:90] [UserIP:process_response] [INFO]- 2024-01-06 10:26:01 C1010S3>Edwin None>LAPTOP-GQJTF2B7>0A098 127.0.0.1 127.0.0.1 /login/ POST
[2024-01-06 10:26:01,136] [basehttp.py:154] [basehttp:log_message] [INFO]- "POST /login/?next= HTTP/1.1" 302 0
[2024-01-06 10:26:01,188] [log.py:228] [log:log_response] [ERROR]- Internal Server Error: /login/
Traceback (most recent call last):
  File "C:\Python372\mecheck\lib\site-packages\django\core\handlers\exception.py", line 34, in inner
    response = get_response(request)
  File "C:\Python372\mecheck\lib\site-packages\django\core\handlers\base.py", line 126, in _get_response
    response = self.process_exception_by_middleware(e, request)
  File "C:\Python372\mecheck\lib\site-packages\django\core\handlers\base.py", line 124, in _get_response
    response = wrapped_callback(request, *callback_args, **callback_kwargs)
  File "C:\Python372\mecheck\lib\site-packages\django\views\decorators\csrf.py", line 54, in wrapped_view
    return view_func(*args, **kwargs)
  File "C:\djangoproject\Reliability_Row_data\app01\views.py", line 56, in login
    print(request.COOKIES['Non_login_path'])
KeyError: 'Non_login_path'
[2024-01-06 10:26:01,189] [basehttp.py:154] [basehttp:log_message] [ERROR]- "GET /login/ HTTP/1.1" 500 82542
[2024-01-06 10:26:01,222] [basehttp.py:154] [basehttp:log_message] [INFO]- "GET /favicon.ico HTTP/1.1" 200 24479
[2024-01-06 10:32:45,760] [basehttp.py:154] [basehttp:log_message] [INFO]- "GET /favicon.ico HTTP/1.1" 200 24479
[2024-01-06 10:32:49,457] [basehttp.py:154] [basehttp:log_message] [INFO]- "GET /Navigation/ HTTP/1.1" 200 112535
[2024-01-06 10:32:49,529] [basehttp.py:154] [basehttp:log_message] [WARNING]- "GET /static/css/bootstrap.min.css.map HTTP/1.1" 404 1800
[2024-01-06 10:32:49,550] [basehttp.py:154] [basehttp:log_message] [WARNING]- "GET /static/js/lib/bootstrap.min.js.map HTTP/1.1" 404 1806
[2024-01-06 10:32:49,607] [basehttp.py:154] [basehttp:log_message] [WARNING]- "GET /static/js/lib/bootstrap.min.js.map HTTP/1.1" 404 1806
[2024-01-06 10:32:49,706] [basehttp.py:154] [basehttp:log_message] [WARNING]- "GET /static/js/axios.min.map HTTP/1.1" 404 1773
[2024-01-06 10:32:49,780] [basehttp.py:154] [basehttp:log_message] [INFO]- "GET /favicon.ico HTTP/1.1" 200 24479
[2024-01-06 10:32:50,675] [basehttp.py:154] [basehttp:log_message] [INFO]- "GET /Navigation/ HTTP/1.1" 200 112535
[2024-01-06 10:32:50,740] [basehttp.py:154] [basehttp:log_message] [WARNING]- "GET /static/css/bootstrap.min.css.map HTTP/1.1" 404 1800
[2024-01-06 10:32:50,749] [basehttp.py:154] [basehttp:log_message] [WARNING]- "GET /static/js/lib/bootstrap.min.js.map HTTP/1.1" 404 1806
[2024-01-06 10:32:50,807] [basehttp.py:154] [basehttp:log_message] [WARNING]- "GET /static/js/lib/bootstrap.min.js.map HTTP/1.1" 404 1806
[2024-01-06 10:32:50,917] [basehttp.py:154] [basehttp:log_message] [WARNING]- "GET /static/js/axios.min.map HTTP/1.1" 404 1773
[2024-01-06 10:32:50,992] [basehttp.py:154] [basehttp:log_message] [INFO]- "GET /favicon.ico HTTP/1.1" 200 24479
[2024-01-06 10:32:59,010] [basehttp.py:154] [basehttp:log_message] [INFO]- "GET /logout/ HTTP/1.1" 302 0
[2024-01-06 10:32:59,032] [basehttp.py:154] [basehttp:log_message] [INFO]- "GET /login/ HTTP/1.1" 200 4665
[2024-01-06 10:32:59,066] [basehttp.py:154] [basehttp:log_message] [WARNING]- "GET /static/css/bootstrap.min.css.map HTTP/1.1" 404 1800
[2024-01-06 10:32:59,111] [basehttp.py:154] [basehttp:log_message] [INFO]- "GET /favicon.ico HTTP/1.1" 200 24469
[2024-01-06 10:33:00,038] [UserIP.py:90] [UserIP:process_response] [INFO]- 2024-01-06 10:33:00 C1010S3>Edwin None>LAPTOP-GQJTF2B7>0A098 127.0.0.1 127.0.0.1 /login/ POST
[2024-01-06 10:33:00,044] [basehttp.py:154] [basehttp:log_message] [INFO]- "POST /login/?next= HTTP/1.1" 302 0
[2024-01-06 10:33:00,143] [log.py:228] [log:log_response] [ERROR]- Internal Server Error: /login/
Traceback (most recent call last):
  File "C:\Python372\mecheck\lib\site-packages\django\core\handlers\exception.py", line 34, in inner
    response = get_response(request)
  File "C:\Python372\mecheck\lib\site-packages\django\core\handlers\base.py", line 126, in _get_response
    response = self.process_exception_by_middleware(e, request)
  File "C:\Python372\mecheck\lib\site-packages\django\core\handlers\base.py", line 124, in _get_response
    response = wrapped_callback(request, *callback_args, **callback_kwargs)
  File "C:\Python372\mecheck\lib\site-packages\django\views\decorators\csrf.py", line 54, in wrapped_view
    return view_func(*args, **kwargs)
  File "C:\djangoproject\Reliability_Row_data\app01\views.py", line 56, in login
    print(request.COOKIES['Non_login_path'])
KeyError: 'Non_login_path'
[2024-01-06 10:33:00,145] [basehttp.py:154] [basehttp:log_message] [ERROR]- "GET /login/ HTTP/1.1" 500 82542
[2024-01-06 10:33:00,194] [basehttp.py:154] [basehttp:log_message] [INFO]- "GET /favicon.ico HTTP/1.1" 200 24479
[2024-01-06 10:34:10,809] [log.py:228] [log:log_response] [ERROR]- Internal Server Error: /login/
Traceback (most recent call last):
  File "C:\Python372\mecheck\lib\site-packages\django\core\handlers\exception.py", line 34, in inner
    response = get_response(request)
  File "C:\Python372\mecheck\lib\site-packages\django\core\handlers\base.py", line 126, in _get_response
    response = self.process_exception_by_middleware(e, request)
  File "C:\Python372\mecheck\lib\site-packages\django\core\handlers\base.py", line 124, in _get_response
    response = wrapped_callback(request, *callback_args, **callback_kwargs)
  File "C:\Python372\mecheck\lib\site-packages\django\views\decorators\csrf.py", line 54, in wrapped_view
    return view_func(*args, **kwargs)
  File "C:\djangoproject\Reliability_Row_data\app01\views.py", line 56, in login
    print(request.COOKIES['Non_login_path'])
KeyError: 'Non_login_path'
[2024-01-06 10:34:10,811] [basehttp.py:154] [basehttp:log_message] [ERROR]- "GET /login/ HTTP/1.1" 500 82542
[2024-01-06 10:34:10,883] [basehttp.py:154] [basehttp:log_message] [INFO]- "GET /favicon.ico HTTP/1.1" 200 24479
[2024-01-06 10:34:12,478] [basehttp.py:154] [basehttp:log_message] [INFO]- "GET /favicon.ico HTTP/1.1" 200 24479
[2024-01-06 10:34:12,807] [basehttp.py:154] [basehttp:log_message] [INFO]- "GET /Navigation/ HTTP/1.1" 200 112535
[2024-01-06 10:34:12,925] [basehttp.py:154] [basehttp:log_message] [WARNING]- "GET /static/css/bootstrap.min.css.map HTTP/1.1" 404 1800
[2024-01-06 10:34:12,944] [basehttp.py:154] [basehttp:log_message] [WARNING]- "GET /static/js/lib/bootstrap.min.js.map HTTP/1.1" 404 1806
[2024-01-06 10:34:13,002] [basehttp.py:154] [basehttp:log_message] [WARNING]- "GET /static/js/lib/bootstrap.min.js.map HTTP/1.1" 404 1806
[2024-01-06 10:34:13,037] [basehttp.py:154] [basehttp:log_message] [WARNING]- "GET /static/js/axios.min.map HTTP/1.1" 404 1773
[2024-01-06 10:34:13,186] [basehttp.py:154] [basehttp:log_message] [INFO]- "GET /favicon.ico HTTP/1.1" 200 24479
[2024-01-06 10:34:13,967] [basehttp.py:154] [basehttp:log_message] [INFO]- "GET /Navigation/ HTTP/1.1" 200 112535
[2024-01-06 10:34:14,060] [basehttp.py:154] [basehttp:log_message] [WARNING]- "GET /static/css/bootstrap.min.css.map HTTP/1.1" 404 1800
[2024-01-06 10:34:14,071] [basehttp.py:154] [basehttp:log_message] [WARNING]- "GET /static/js/lib/bootstrap.min.js.map HTTP/1.1" 404 1806
[2024-01-06 10:34:14,111] [basehttp.py:154] [basehttp:log_message] [WARNING]- "GET /static/js/lib/bootstrap.min.js.map HTTP/1.1" 404 1806
[2024-01-06 10:34:14,176] [basehttp.py:154] [basehttp:log_message] [WARNING]- "GET /static/js/axios.min.map HTTP/1.1" 404 1773
[2024-01-06 10:34:14,243] [basehttp.py:154] [basehttp:log_message] [INFO]- "GET /favicon.ico HTTP/1.1" 200 24479
[2024-01-06 10:34:19,552] [basehttp.py:154] [basehttp:log_message] [INFO]- "GET /Navigation/ HTTP/1.1" 200 112535
[2024-01-06 10:34:19,613] [basehttp.py:154] [basehttp:log_message] [WARNING]- "GET /static/css/bootstrap.min.css.map HTTP/1.1" 404 1800
[2024-01-06 10:34:19,619] [basehttp.py:154] [basehttp:log_message] [WARNING]- "GET /static/js/lib/bootstrap.min.js.map HTTP/1.1" 404 1806
[2024-01-06 10:34:19,634] [basehttp.py:154] [basehttp:log_message] [WARNING]- "GET /static/js/lib/bootstrap.min.js.map HTTP/1.1" 404 1806
[2024-01-06 10:34:19,664] [basehttp.py:154] [basehttp:log_message] [WARNING]- "GET /static/js/axios.min.map HTTP/1.1" 404 1773
[2024-01-06 10:34:19,759] [basehttp.py:154] [basehttp:log_message] [INFO]- "GET /favicon.ico HTTP/1.1" 200 24479
[2024-01-06 10:37:03,697] [basehttp.py:154] [basehttp:log_message] [INFO]- "GET /logout/ HTTP/1.1" 302 0
[2024-01-06 10:37:03,732] [basehttp.py:154] [basehttp:log_message] [INFO]- "GET /login/ HTTP/1.1" 200 4665
[2024-01-06 10:37:03,770] [basehttp.py:154] [basehttp:log_message] [WARNING]- "GET /static/css/bootstrap.min.css.map HTTP/1.1" 404 1800
[2024-01-06 10:37:03,797] [basehttp.py:154] [basehttp:log_message] [INFO]- "GET /favicon.ico HTTP/1.1" 200 24469
[2024-01-06 10:37:05,138] [UserIP.py:90] [UserIP:process_response] [INFO]- 2024-01-06 10:37:05 C1010S3>Edwin None>LAPTOP-GQJTF2B7>0A098 127.0.0.1 127.0.0.1 /login/ POST
[2024-01-06 10:37:05,145] [basehttp.py:154] [basehttp:log_message] [INFO]- "POST /login/?next= HTTP/1.1" 302 0
[2024-01-06 10:37:05,171] [basehttp.py:154] [basehttp:log_message] [INFO]- "GET /login/ HTTP/1.1" 302 0
[2024-01-06 10:37:05,297] [basehttp.py:154] [basehttp:log_message] [INFO]- "GET /index/ HTTP/1.1" 200 49239
[2024-01-06 10:37:05,353] [basehttp.py:154] [basehttp:log_message] [WARNING]- "GET /static/css/bootstrap.min.css.map HTTP/1.1" 404 1800
[2024-01-06 10:37:05,366] [basehttp.py:154] [basehttp:log_message] [WARNING]- "GET /static/js/lib/bootstrap.min.js.map HTTP/1.1" 404 1806
[2024-01-06 10:37:05,447] [basehttp.py:154] [basehttp:log_message] [WARNING]- "GET /static/js/lib/bootstrap.min.js.map HTTP/1.1" 404 1806
[2024-01-06 10:37:05,525] [basehttp.py:154] [basehttp:log_message] [WARNING]- "GET /static/js/axios.min.map HTTP/1.1" 404 1773
[2024-01-06 10:37:05,577] [basehttp.py:154] [basehttp:log_message] [INFO]- "GET /favicon.ico HTTP/1.1" 200 24479
[2024-01-06 10:45:49,972] [basehttp.py:154] [basehttp:log_message] [INFO]- "GET /index/ HTTP/1.1" 200 49239
[2024-01-06 10:45:50,052] [basehttp.py:154] [basehttp:log_message] [WARNING]- "GET /static/css/bootstrap.min.css.map HTTP/1.1" 404 1800
[2024-01-06 10:45:50,072] [basehttp.py:154] [basehttp:log_message] [WARNING]- "GET /static/js/lib/bootstrap.min.js.map HTTP/1.1" 404 1806
[2024-01-06 10:45:50,142] [basehttp.py:154] [basehttp:log_message] [WARNING]- "GET /static/js/lib/bootstrap.min.js.map HTTP/1.1" 404 1806
[2024-01-06 10:45:50,253] [basehttp.py:154] [basehttp:log_message] [WARNING]- "GET /static/js/axios.min.map HTTP/1.1" 404 1773
[2024-01-06 10:45:50,314] [basehttp.py:154] [basehttp:log_message] [INFO]- "GET /favicon.ico HTTP/1.1" 200 24479
[2024-01-06 10:45:51,964] [basehttp.py:154] [basehttp:log_message] [INFO]- "GET /FilesDownload/ HTTP/1.1" 200 31110
[2024-01-06 10:45:52,185] [basehttp.py:154] [basehttp:log_message] [WARNING]- "GET /static/css/bootstrap.min.css.map HTTP/1.1" 404 1800
[2024-01-06 10:45:52,217] [basehttp.py:154] [basehttp:log_message] [WARNING]- "GET /static/js/lib/bootstrap.min.js.map HTTP/1.1" 404 1806
[2024-01-06 10:45:52,372] [basehttp.py:154] [basehttp:log_message] [WARNING]- "GET /static/js/lib/bootstrap.min.js.map HTTP/1.1" 404 1806
[2024-01-06 10:45:52,578] [basehttp.py:154] [basehttp:log_message] [WARNING]- "GET /static/js/axios.min.map HTTP/1.1" 404 1773
[2024-01-06 10:45:52,745] [basehttp.py:154] [basehttp:log_message] [INFO]- "GET /favicon.ico HTTP/1.1" 200 24479
[2024-01-06 10:45:57,283] [basehttp.py:154] [basehttp:log_message] [INFO]- "GET /logout/ HTTP/1.1" 302 0
[2024-01-06 10:45:57,312] [basehttp.py:154] [basehttp:log_message] [INFO]- "GET /login/ HTTP/1.1" 200 4665
[2024-01-06 10:45:57,340] [basehttp.py:154] [basehttp:log_message] [WARNING]- "GET /static/css/bootstrap.min.css.map HTTP/1.1" 404 1800
[2024-01-06 10:45:57,392] [basehttp.py:154] [basehttp:log_message] [INFO]- "GET /favicon.ico HTTP/1.1" 200 24469
[2024-01-06 10:45:58,693] [UserIP.py:90] [UserIP:process_response] [INFO]- 2024-01-06 10:45:58 C1010S3>Edwin None>LAPTOP-GQJTF2B7>0A098 127.0.0.1 127.0.0.1 /login/ POST
[2024-01-06 10:45:58,700] [basehttp.py:154] [basehttp:log_message] [INFO]- "POST /login/?next= HTTP/1.1" 302 0
[2024-01-06 10:45:58,731] [basehttp.py:154] [basehttp:log_message] [INFO]- "GET /login/ HTTP/1.1" 302 0
[2024-01-06 10:45:58,841] [basehttp.py:154] [basehttp:log_message] [INFO]- "GET /index/ HTTP/1.1" 200 49239
[2024-01-06 10:45:58,896] [basehttp.py:154] [basehttp:log_message] [WARNING]- "GET /static/css/bootstrap.min.css.map HTTP/1.1" 404 1800
[2024-01-06 10:45:58,909] [basehttp.py:154] [basehttp:log_message] [WARNING]- "GET /static/js/lib/bootstrap.min.js.map HTTP/1.1" 404 1806
[2024-01-06 10:45:58,948] [basehttp.py:154] [basehttp:log_message] [WARNING]- "GET /static/js/lib/bootstrap.min.js.map HTTP/1.1" 404 1806
[2024-01-06 10:45:58,965] [basehttp.py:154] [basehttp:log_message] [WARNING]- "GET /static/js/axios.min.map HTTP/1.1" 404 1773
[2024-01-06 10:45:59,016] [basehttp.py:154] [basehttp:log_message] [INFO]- "GET /favicon.ico HTTP/1.1" 200 24479
[2024-01-06 10:47:05,835] [basehttp.py:154] [basehttp:log_message] [INFO]- "GET /FilesDownload/ HTTP/1.1" 200 31110
[2024-01-06 10:47:06,004] [basehttp.py:154] [basehttp:log_message] [WARNING]- "GET /static/css/bootstrap.min.css.map HTTP/1.1" 404 1800
[2024-01-06 10:47:06,023] [basehttp.py:154] [basehttp:log_message] [WARNING]- "GET /static/js/lib/bootstrap.min.js.map HTTP/1.1" 404 1806
[2024-01-06 10:47:06,058] [basehttp.py:154] [basehttp:log_message] [WARNING]- "GET /static/js/lib/bootstrap.min.js.map HTTP/1.1" 404 1806
[2024-01-06 10:47:06,095] [basehttp.py:154] [basehttp:log_message] [WARNING]- "GET /static/js/axios.min.map HTTP/1.1" 404 1773
[2024-01-06 10:47:06,172] [basehttp.py:154] [basehttp:log_message] [INFO]- "GET /favicon.ico HTTP/1.1" 200 24479
[2024-01-06 10:47:10,060] [basehttp.py:154] [basehttp:log_message] [INFO]- "GET /logout/ HTTP/1.1" 302 0
[2024-01-06 10:47:10,082] [basehttp.py:154] [basehttp:log_message] [INFO]- "GET /login/ HTTP/1.1" 200 4665
[2024-01-06 10:47:10,118] [basehttp.py:154] [basehttp:log_message] [WARNING]- "GET /static/css/bootstrap.min.css.map HTTP/1.1" 404 1800
[2024-01-06 10:47:10,162] [basehttp.py:154] [basehttp:log_message] [INFO]- "GET /favicon.ico HTTP/1.1" 200 24469
[2024-01-06 10:47:11,472] [UserIP.py:90] [UserIP:process_response] [INFO]- 2024-01-06 10:47:11 C1010S3>Edwin None>LAPTOP-GQJTF2B7>0A098 127.0.0.1 127.0.0.1 /login/ POST
[2024-01-06 10:47:11,479] [basehttp.py:154] [basehttp:log_message] [INFO]- "POST /login/?next= HTTP/1.1" 302 0
[2024-01-06 10:47:11,501] [basehttp.py:154] [basehttp:log_message] [INFO]- "GET /login/ HTTP/1.1" 302 0
[2024-01-06 10:47:11,574] [basehttp.py:154] [basehttp:log_message] [INFO]- "GET /index/ HTTP/1.1" 200 49239
[2024-01-06 10:47:11,630] [basehttp.py:154] [basehttp:log_message] [WARNING]- "GET /static/css/bootstrap.min.css.map HTTP/1.1" 404 1800
[2024-01-06 10:47:11,641] [basehttp.py:154] [basehttp:log_message] [WARNING]- "GET /static/js/lib/bootstrap.min.js.map HTTP/1.1" 404 1806
[2024-01-06 10:47:11,679] [basehttp.py:154] [basehttp:log_message] [WARNING]- "GET /static/js/lib/bootstrap.min.js.map HTTP/1.1" 404 1806
[2024-01-06 10:47:11,693] [basehttp.py:154] [basehttp:log_message] [WARNING]- "GET /static/js/axios.min.map HTTP/1.1" 404 1773
[2024-01-06 10:47:11,764] [basehttp.py:154] [basehttp:log_message] [INFO]- "GET /favicon.ico HTTP/1.1" 200 24479
[2024-01-06 10:48:21,016] [basehttp.py:154] [basehttp:log_message] [INFO]- "GET /FilesDownload/ HTTP/1.1" 200 31110
[2024-01-06 10:48:21,108] [basehttp.py:154] [basehttp:log_message] [WARNING]- "GET /static/css/bootstrap.min.css.map HTTP/1.1" 404 1800
[2024-01-06 10:48:21,115] [basehttp.py:154] [basehttp:log_message] [WARNING]- "GET /static/js/lib/bootstrap.min.js.map HTTP/1.1" 404 1806
[2024-01-06 10:48:21,171] [basehttp.py:154] [basehttp:log_message] [WARNING]- "GET /static/js/lib/bootstrap.min.js.map HTTP/1.1" 404 1806
[2024-01-06 10:48:21,182] [basehttp.py:154] [basehttp:log_message] [WARNING]- "GET /static/js/axios.min.map HTTP/1.1" 404 1773
[2024-01-06 10:48:21,245] [basehttp.py:154] [basehttp:log_message] [INFO]- "GET /favicon.ico HTTP/1.1" 200 24479
[2024-01-06 10:48:24,861] [basehttp.py:154] [basehttp:log_message] [INFO]- "GET /logout/ HTTP/1.1" 302 0
[2024-01-06 10:48:24,893] [basehttp.py:154] [basehttp:log_message] [INFO]- "GET /login/ HTTP/1.1" 200 4665
[2024-01-06 10:48:24,935] [basehttp.py:154] [basehttp:log_message] [WARNING]- "GET /static/css/bootstrap.min.css.map HTTP/1.1" 404 1800
[2024-01-06 10:48:24,953] [basehttp.py:154] [basehttp:log_message] [INFO]- "GET /favicon.ico HTTP/1.1" 200 24469
[2024-01-06 10:48:26,526] [UserIP.py:90] [UserIP:process_response] [INFO]- 2024-01-06 10:48:26 C1010S3>Edwin None>LAPTOP-GQJTF2B7>0A098 127.0.0.1 127.0.0.1 /login/ POST
[2024-01-06 10:48:26,533] [basehttp.py:154] [basehttp:log_message] [INFO]- "POST /login/?next= HTTP/1.1" 302 0
[2024-01-06 10:48:26,569] [basehttp.py:154] [basehttp:log_message] [INFO]- "GET /login/ HTTP/1.1" 302 0
[2024-01-06 10:48:26,651] [basehttp.py:154] [basehttp:log_message] [INFO]- "GET /index/ HTTP/1.1" 200 49239
[2024-01-06 10:48:26,703] [basehttp.py:154] [basehttp:log_message] [WARNING]- "GET /static/css/bootstrap.min.css.map HTTP/1.1" 404 1800
[2024-01-06 10:48:26,715] [basehttp.py:154] [basehttp:log_message] [WARNING]- "GET /static/js/lib/bootstrap.min.js.map HTTP/1.1" 404 1806
[2024-01-06 10:48:26,759] [basehttp.py:154] [basehttp:log_message] [WARNING]- "GET /static/js/lib/bootstrap.min.js.map HTTP/1.1" 404 1806
[2024-01-06 10:48:26,771] [basehttp.py:154] [basehttp:log_message] [WARNING]- "GET /static/js/axios.min.map HTTP/1.1" 404 1773
[2024-01-06 10:48:26,827] [basehttp.py:154] [basehttp:log_message] [INFO]- "GET /favicon.ico HTTP/1.1" 200 24479
[2024-01-06 10:50:00,178] [basehttp.py:154] [basehttp:log_message] [INFO]- "GET /Navigation/ HTTP/1.1" 200 112535
[2024-01-06 10:50:00,261] [basehttp.py:154] [basehttp:log_message] [WARNING]- "GET /static/css/bootstrap.min.css.map HTTP/1.1" 404 1800
[2024-01-06 10:50:00,268] [basehttp.py:154] [basehttp:log_message] [WARNING]- "GET /static/js/lib/bootstrap.min.js.map HTTP/1.1" 404 1806
[2024-01-06 10:50:00,343] [basehttp.py:154] [basehttp:log_message] [WARNING]- "GET /static/js/lib/bootstrap.min.js.map HTTP/1.1" 404 1806
[2024-01-06 10:50:00,439] [basehttp.py:154] [basehttp:log_message] [WARNING]- "GET /static/js/axios.min.map HTTP/1.1" 404 1773
[2024-01-06 10:50:00,518] [basehttp.py:154] [basehttp:log_message] [INFO]- "GET /favicon.ico HTTP/1.1" 200 24479
[2024-01-06 10:50:03,266] [basehttp.py:154] [basehttp:log_message] [INFO]- "GET /logout/ HTTP/1.1" 302 0
[2024-01-06 10:50:03,291] [basehttp.py:154] [basehttp:log_message] [INFO]- "GET /login/ HTTP/1.1" 200 4665
[2024-01-06 10:50:03,328] [basehttp.py:154] [basehttp:log_message] [WARNING]- "GET /static/css/bootstrap.min.css.map HTTP/1.1" 404 1800
[2024-01-06 10:50:03,354] [basehttp.py:154] [basehttp:log_message] [INFO]- "GET /favicon.ico HTTP/1.1" 200 24469
[2024-01-06 10:50:04,846] [UserIP.py:90] [UserIP:process_response] [INFO]- 2024-01-06 10:50:04 C1010S3>Edwin None>LAPTOP-GQJTF2B7>0A098 127.0.0.1 127.0.0.1 /login/ POST
[2024-01-06 10:50:04,853] [basehttp.py:154] [basehttp:log_message] [INFO]- "POST /login/?next= HTTP/1.1" 302 0
[2024-01-06 10:50:04,865] [basehttp.py:154] [basehttp:log_message] [INFO]- "GET /login/ HTTP/1.1" 302 0
[2024-01-06 10:50:04,926] [basehttp.py:154] [basehttp:log_message] [INFO]- "GET /index/ HTTP/1.1" 200 49239
[2024-01-06 10:50:04,974] [basehttp.py:154] [basehttp:log_message] [WARNING]- "GET /static/css/bootstrap.min.css.map HTTP/1.1" 404 1800
[2024-01-06 10:50:04,987] [basehttp.py:154] [basehttp:log_message] [WARNING]- "GET /static/js/lib/bootstrap.min.js.map HTTP/1.1" 404 1806
[2024-01-06 10:50:05,042] [basehttp.py:154] [basehttp:log_message] [WARNING]- "GET /static/js/lib/bootstrap.min.js.map HTTP/1.1" 404 1806
[2024-01-06 10:50:05,137] [basehttp.py:154] [basehttp:log_message] [WARNING]- "GET /static/js/axios.min.map HTTP/1.1" 404 1773
[2024-01-06 10:50:05,212] [basehttp.py:154] [basehttp:log_message] [INFO]- "GET /favicon.ico HTTP/1.1" 200 24479
[2024-01-06 10:50:25,964] [basehttp.py:154] [basehttp:log_message] [INFO]- "GET /PersonalExperience/NPI-upload/ HTTP/1.1" 200 40473
[2024-01-06 10:50:25,972] [basehttp.py:154] [basehttp:log_message] [INFO]- "GET /static/css/b_upload.css HTTP/1.1" 304 0
[2024-01-06 10:50:25,972] [basehttp.py:154] [basehttp:log_message] [INFO]- "GET /static/images/Func.png HTTP/1.1" 200 18954
[2024-01-06 10:50:26,005] [basehttp.py:154] [basehttp:log_message] [WARNING]- "GET /static/css/bootstrap.min.css.map HTTP/1.1" 404 1800
[2024-01-06 10:50:26,018] [basehttp.py:154] [basehttp:log_message] [WARNING]- "GET /static/js/lib/bootstrap.min.js.map HTTP/1.1" 404 1806
[2024-01-06 10:50:26,069] [basehttp.py:154] [basehttp:log_message] [WARNING]- "GET /static/js/axios.min.map HTTP/1.1" 404 1773
[2024-01-06 10:50:26,072] [basehttp.py:154] [basehttp:log_message] [WARNING]- "GET /static/js/xlsx/FileSaver.min.js.map HTTP/1.1" 404 1809
[2024-01-06 10:50:26,154] [UserIP.py:90] [UserIP:process_response] [INFO]- 2024-01-06 10:50:26 C1010S3>Edwin None>LAPTOP-GQJTF2B7>0A098 127.0.0.1 127.0.0.1 /PersonalExperience/NPI-upload/ POST
[2024-01-06 10:50:26,164] [basehttp.py:154] [basehttp:log_message] [INFO]- "POST /PersonalExperience/NPI-upload/ HTTP/1.1" 200 14292
[2024-01-06 10:50:26,191] [basehttp.py:154] [basehttp:log_message] [INFO]- "GET /favicon.ico HTTP/1.1" 200 24479
[2024-01-06 10:50:28,907] [basehttp.py:154] [basehttp:log_message] [INFO]- "GET /logout/ HTTP/1.1" 302 0
[2024-01-06 10:50:28,942] [basehttp.py:154] [basehttp:log_message] [INFO]- "GET /login/ HTTP/1.1" 200 4665
[2024-01-06 10:50:28,968] [basehttp.py:154] [basehttp:log_message] [WARNING]- "GET /static/css/bootstrap.min.css.map HTTP/1.1" 404 1800
[2024-01-06 10:50:28,995] [basehttp.py:154] [basehttp:log_message] [INFO]- "GET /favicon.ico HTTP/1.1" 200 24469
[2024-01-06 10:50:30,240] [UserIP.py:90] [UserIP:process_response] [INFO]- 2024-01-06 10:50:30 C1010S3>Edwin None>LAPTOP-GQJTF2B7>0A098 127.0.0.1 127.0.0.1 /login/ POST
[2024-01-06 10:50:30,247] [basehttp.py:154] [basehttp:log_message] [INFO]- "POST /login/?next= HTTP/1.1" 302 0
[2024-01-06 10:50:30,258] [basehttp.py:154] [basehttp:log_message] [INFO]- "GET /login/ HTTP/1.1" 302 0
[2024-01-06 10:50:30,389] [basehttp.py:154] [basehttp:log_message] [INFO]- "GET /index/ HTTP/1.1" 200 49239
[2024-01-06 10:50:30,434] [basehttp.py:154] [basehttp:log_message] [WARNING]- "GET /static/css/bootstrap.min.css.map HTTP/1.1" 404 1800
[2024-01-06 10:50:30,447] [basehttp.py:154] [basehttp:log_message] [WARNING]- "GET /static/js/lib/bootstrap.min.js.map HTTP/1.1" 404 1806
[2024-01-06 10:50:30,481] [basehttp.py:154] [basehttp:log_message] [WARNING]- "GET /static/js/lib/bootstrap.min.js.map HTTP/1.1" 404 1806
[2024-01-06 10:50:30,496] [basehttp.py:154] [basehttp:log_message] [WARNING]- "GET /static/js/axios.min.map HTTP/1.1" 404 1773
[2024-01-06 10:50:30,569] [basehttp.py:154] [basehttp:log_message] [INFO]- "GET /favicon.ico HTTP/1.1" 200 24479
[2024-01-06 10:52:13,902] [basehttp.py:154] [basehttp:log_message] [INFO]- "GET /Navigation/ HTTP/1.1" 200 112535
[2024-01-06 10:52:13,986] [basehttp.py:154] [basehttp:log_message] [WARNING]- "GET /static/css/bootstrap.min.css.map HTTP/1.1" 404 1800
[2024-01-06 10:52:14,005] [basehttp.py:154] [basehttp:log_message] [WARNING]- "GET /static/js/lib/bootstrap.min.js.map HTTP/1.1" 404 1806
[2024-01-06 10:52:14,183] [basehttp.py:154] [basehttp:log_message] [WARNING]- "GET /static/js/lib/bootstrap.min.js.map HTTP/1.1" 404 1806
[2024-01-06 10:52:14,185] [basehttp.py:154] [basehttp:log_message] [WARNING]- "GET /static/js/axios.min.map HTTP/1.1" 404 1773
[2024-01-06 10:52:14,279] [basehttp.py:154] [basehttp:log_message] [INFO]- "GET /favicon.ico HTTP/1.1" 200 24479
[2024-01-06 10:52:23,477] [basehttp.py:154] [basehttp:log_message] [INFO]- "GET /ProjectInfoSearch/ HTTP/1.1" 200 45708
[2024-01-06 10:52:23,565] [basehttp.py:154] [basehttp:log_message] [WARNING]- "GET /static/css/bootstrap.min.css.map HTTP/1.1" 404 1800
[2024-01-06 10:52:23,575] [basehttp.py:154] [basehttp:log_message] [WARNING]- "GET /static/js/lib/bootstrap.min.js.map HTTP/1.1" 404 1806
[2024-01-06 10:52:23,631] [basehttp.py:154] [basehttp:log_message] [WARNING]- "GET /static/js/axios.min.map HTTP/1.1" 404 1773
[2024-01-06 10:52:23,635] [basehttp.py:154] [basehttp:log_message] [WARNING]- "GET /static/js/xlsx/FileSaver.min.js.map HTTP/1.1" 404 1809
[2024-01-06 10:52:23,857] [UserIP.py:90] [UserIP:process_response] [INFO]- 2024-01-06 10:52:23 C1010S3>Edwin None>LAPTOP-GQJTF2B7>0A098 127.0.0.1 127.0.0.1 /ProjectInfoSearch/ POST
[2024-01-06 10:52:23,873] [basehttp.py:154] [basehttp:log_message] [INFO]- "POST /ProjectInfoSearch/ HTTP/1.1" 200 180438
[2024-01-06 10:52:23,875] [basehttp.py:154] [basehttp:log_message] [INFO]- "GET /favicon.ico HTTP/1.1" 200 24479
[2024-01-06 10:52:30,012] [basehttp.py:154] [basehttp:log_message] [INFO]- "GET /MQM/MQM_upload/ HTTP/1.1" 200 55936
[2024-01-06 10:52:30,057] [basehttp.py:154] [basehttp:log_message] [WARNING]- "GET /static/css/bootstrap.min.css.map HTTP/1.1" 404 1800
[2024-01-06 10:52:30,068] [basehttp.py:154] [basehttp:log_message] [WARNING]- "GET /static/js/lib/bootstrap.min.js.map HTTP/1.1" 404 1806
[2024-01-06 10:52:30,132] [basehttp.py:154] [basehttp:log_message] [INFO]- "GET /favicon.ico HTTP/1.1" 200 24479
[2024-01-06 10:53:31,844] [basehttp.py:154] [basehttp:log_message] [INFO]- "GET /MQM/MQM_upload/ HTTP/1.1" 200 55936
[2024-01-06 10:53:32,008] [basehttp.py:154] [basehttp:log_message] [WARNING]- "GET /static/css/bootstrap.min.css.map HTTP/1.1" 404 1800
[2024-01-06 10:53:32,021] [basehttp.py:154] [basehttp:log_message] [WARNING]- "GET /static/js/lib/bootstrap.min.js.map HTTP/1.1" 404 1806
[2024-01-06 10:53:32,112] [basehttp.py:154] [basehttp:log_message] [INFO]- "GET /favicon.ico HTTP/1.1" 200 24479
[2024-01-06 10:54:54,001] [basehttp.py:154] [basehttp:log_message] [INFO]- "GET /MQM/MQM_upload/ HTTP/1.1" 200 55936
[2024-01-06 10:54:54,049] [basehttp.py:154] [basehttp:log_message] [WARNING]- "GET /static/css/bootstrap.min.css.map HTTP/1.1" 404 1800
[2024-01-06 10:54:54,059] [basehttp.py:154] [basehttp:log_message] [WARNING]- "GET /static/js/lib/bootstrap.min.js.map HTTP/1.1" 404 1806
[2024-01-06 10:54:54,117] [basehttp.py:154] [basehttp:log_message] [INFO]- "GET /favicon.ico HTTP/1.1" 200 24479
[2024-01-06 10:55:54,330] [basehttp.py:154] [basehttp:log_message] [INFO]- "GET /MQM/MQM_upload/ HTTP/1.1" 200 55936
[2024-01-06 10:55:54,382] [basehttp.py:154] [basehttp:log_message] [WARNING]- "GET /static/css/bootstrap.min.css.map HTTP/1.1" 404 1800
[2024-01-06 10:55:54,388] [basehttp.py:154] [basehttp:log_message] [WARNING]- "GET /static/js/lib/bootstrap.min.js.map HTTP/1.1" 404 1806
[2024-01-06 10:55:54,447] [basehttp.py:154] [basehttp:log_message] [INFO]- "GET /favicon.ico HTTP/1.1" 200 24479
[2024-01-06 10:56:16,955] [basehttp.py:154] [basehttp:log_message] [INFO]- "GET /MQM/MQM_upload/ HTTP/1.1" 200 55936
[2024-01-06 10:56:16,998] [basehttp.py:154] [basehttp:log_message] [WARNING]- "GET /static/css/bootstrap.min.css.map HTTP/1.1" 404 1800
[2024-01-06 10:56:17,012] [basehttp.py:154] [basehttp:log_message] [WARNING]- "GET /static/js/lib/bootstrap.min.js.map HTTP/1.1" 404 1806
[2024-01-06 10:56:17,075] [basehttp.py:154] [basehttp:log_message] [INFO]- "GET /favicon.ico HTTP/1.1" 200 24479
[2024-01-06 10:57:26,709] [basehttp.py:154] [basehttp:log_message] [INFO]- "GET /MQM/MQM_upload/ HTTP/1.1" 200 55936
[2024-01-06 10:57:26,752] [basehttp.py:154] [basehttp:log_message] [WARNING]- "GET /static/css/bootstrap.min.css.map HTTP/1.1" 404 1800
[2024-01-06 10:57:26,766] [basehttp.py:154] [basehttp:log_message] [WARNING]- "GET /static/js/lib/bootstrap.min.js.map HTTP/1.1" 404 1806
[2024-01-06 10:57:26,830] [basehttp.py:154] [basehttp:log_message] [INFO]- "GET /favicon.ico HTTP/1.1" 200 24479
[2024-01-06 10:58:10,196] [basehttp.py:154] [basehttp:log_message] [INFO]- "GET /MQM/MQM_upload/ HTTP/1.1" 200 55936
[2024-01-06 10:58:10,238] [basehttp.py:154] [basehttp:log_message] [WARNING]- "GET /static/css/bootstrap.min.css.map HTTP/1.1" 404 1800
[2024-01-06 10:58:10,252] [basehttp.py:154] [basehttp:log_message] [WARNING]- "GET /static/js/lib/bootstrap.min.js.map HTTP/1.1" 404 1806
[2024-01-06 10:58:10,318] [basehttp.py:154] [basehttp:log_message] [INFO]- "GET /favicon.ico HTTP/1.1" 200 24479
[2024-01-06 10:58:31,166] [basehttp.py:154] [basehttp:log_message] [INFO]- "GET /MQM/MQM_upload/ HTTP/1.1" 200 55936
[2024-01-06 10:58:31,211] [basehttp.py:154] [basehttp:log_message] [WARNING]- "GET /static/css/bootstrap.min.css.map HTTP/1.1" 404 1800
[2024-01-06 10:58:31,221] [basehttp.py:154] [basehttp:log_message] [WARNING]- "GET /static/js/lib/bootstrap.min.js.map HTTP/1.1" 404 1806
[2024-01-06 10:58:31,278] [basehttp.py:154] [basehttp:log_message] [INFO]- "GET /favicon.ico HTTP/1.1" 200 24479
[2024-01-06 10:58:35,864] [basehttp.py:154] [basehttp:log_message] [INFO]- "GET /logout/ HTTP/1.1" 302 0
[2024-01-06 10:58:35,891] [basehttp.py:154] [basehttp:log_message] [INFO]- "GET /login/ HTTP/1.1" 200 4665
[2024-01-06 10:58:35,927] [basehttp.py:154] [basehttp:log_message] [WARNING]- "GET /static/css/bootstrap.min.css.map HTTP/1.1" 404 1800
[2024-01-06 10:58:35,970] [basehttp.py:154] [basehttp:log_message] [INFO]- "GET /favicon.ico HTTP/1.1" 200 24469
[2024-01-06 10:58:37,161] [UserIP.py:90] [UserIP:process_response] [INFO]- 2024-01-06 10:58:37 C1010S3>Edwin None>LAPTOP-GQJTF2B7>0A098 127.0.0.1 127.0.0.1 /login/ POST
[2024-01-06 10:58:37,166] [basehttp.py:154] [basehttp:log_message] [INFO]- "POST /login/?next= HTTP/1.1" 302 0
[2024-01-06 10:58:37,178] [basehttp.py:154] [basehttp:log_message] [INFO]- "GET /login/ HTTP/1.1" 302 0
[2024-01-06 10:58:37,274] [basehttp.py:154] [basehttp:log_message] [INFO]- "GET /MQM/MQM_upload/ HTTP/1.1" 200 55936
[2024-01-06 10:58:37,318] [basehttp.py:154] [basehttp:log_message] [WARNING]- "GET /static/css/bootstrap.min.css.map HTTP/1.1" 404 1800
[2024-01-06 10:58:37,329] [basehttp.py:154] [basehttp:log_message] [WARNING]- "GET /static/js/lib/bootstrap.min.js.map HTTP/1.1" 404 1806
[2024-01-06 10:58:37,384] [basehttp.py:154] [basehttp:log_message] [INFO]- "GET /favicon.ico HTTP/1.1" 200 24479
