[2020-12-17 10:22:19,627] [basehttp.py:154] [basehttp:log_message] [INFO]- "GET /admin/ HTTP/1.1" 302 0
[2020-12-17 10:22:21,185] [basehttp.py:154] [basehttp:log_message] [INFO]- "GET /admin/login/?next=/admin/ HTTP/1.1" 200 1821
[2020-12-17 10:22:21,273] [basehttp.py:154] [basehttp:log_message] [INFO]- "GET /favicon.ico HTTP/1.1" 302 0
[2020-12-17 10:22:21,290] [basehttp.py:154] [basehttp:log_message] [INFO]- "GET /login/ HTTP/1.1" 200 4677
[2020-12-17 10:22:26,716] [basehttp.py:154] [basehttp:log_message] [INFO]- "POST /admin/login/?next=/admin/ HTTP/1.1" 302 0
[2020-12-17 10:22:26,803] [basehttp.py:154] [basehttp:log_message] [INFO]- "GET /admin/ HTTP/1.1" 200 28366
[2020-12-17 10:22:26,889] [basehttp.py:154] [basehttp:log_message] [INFO]- "GET /favicon.ico HTTP/1.1" 302 0
[2020-12-17 10:22:26,898] [basehttp.py:154] [basehttp:log_message] [INFO]- "GET /login/ HTTP/1.1" 200 4677
[2020-12-17 10:22:30,700] [basehttp.py:154] [basehttp:log_message] [INFO]- "GET /admin/app01/menu/ HTTP/1.1" 200 10704
[2020-12-17 10:22:30,729] [basehttp.py:154] [basehttp:log_message] [INFO]- "GET /admin/jsi18n/ HTTP/1.1" 200 7684
[2020-12-17 10:22:30,790] [basehttp.py:154] [basehttp:log_message] [INFO]- "GET /favicon.ico HTTP/1.1" 302 0
[2020-12-17 10:22:30,799] [basehttp.py:154] [basehttp:log_message] [INFO]- "GET /login/ HTTP/1.1" 200 4677
[2020-12-17 10:22:42,964] [basehttp.py:154] [basehttp:log_message] [INFO]- "GET /TestPlanSW/TestPlanSW-search/ HTTP/1.1" 302 0
[2020-12-17 10:22:42,990] [basehttp.py:154] [basehttp:log_message] [INFO]- "GET /login/ HTTP/1.1" 200 4677
[2020-12-17 10:22:43,150] [basehttp.py:154] [basehttp:log_message] [INFO]- "GET /static/css/test1.css HTTP/1.1" 200 29531
[2020-12-17 10:22:43,153] [basehttp.py:154] [basehttp:log_message] [INFO]- "GET /static/vendor/fontawesome-free/css/all.min.css HTTP/1.1" 200 54641
[2020-12-17 10:22:43,154] [basehttp.py:154] [basehttp:log_message] [INFO]- "GET /static/css/sb-admin.css HTTP/1.1" 200 214832
[2020-12-17 10:22:43,154] [basehttp.py:154] [basehttp:log_message] [INFO]- "GET /static/css/bootstrap.min.css HTTP/1.1" 200 144877
[2020-12-17 10:22:43,176] [basehttp.py:154] [basehttp:log_message] [INFO]- "GET /static/vendor/jquery-easing/jquery.easing.min.js HTTP/1.1" 200 2532
[2020-12-17 10:22:43,182] [basehttp.py:154] [basehttp:log_message] [INFO]- "GET /static/src/ocean.jpg HTTP/1.1" 200 128450
[2020-12-17 10:22:43,192] [basehttp.py:154] [basehttp:log_message] [INFO]- "GET /static/vendor/jquery/jquery.min.js HTTP/1.1" 200 86927
[2020-12-17 10:22:43,198] [basehttp.py:154] [basehttp:log_message] [INFO]- "GET /static/vendor/bootstrap/js/bootstrap.bundle.min.js HTTP/1.1" 200 76308
[2020-12-17 10:22:43,254] [basehttp.py:154] [basehttp:log_message] [WARNING]- "GET /static/css/bootstrap.min.css.map HTTP/1.1" 404 1800
[2020-12-17 10:22:43,314] [basehttp.py:154] [basehttp:log_message] [INFO]- "GET /static/vendor/bootstrap/js/bootstrap.bundle.min.js.map HTTP/1.1" 200 303386
[2020-12-17 10:22:43,335] [basehttp.py:154] [basehttp:log_message] [INFO]- "GET /favicon.ico HTTP/1.1" 302 0
[2020-12-17 10:22:43,363] [basehttp.py:154] [basehttp:log_message] [INFO]- "GET /login/ HTTP/1.1" 200 4677
[2020-12-17 10:22:46,962] [basehttp.py:154] [basehttp:log_message] [INFO]- "POST /login/ HTTP/1.1" 302 0
[2020-12-17 10:22:47,067] [basehttp.py:154] [basehttp:log_message] [INFO]- "GET /index/ HTTP/1.1" 200 41848
[2020-12-17 10:22:47,316] [basehttp.py:154] [basehttp:log_message] [INFO]- "GET /index/ HTTP/1.1" 200 41848
[2020-12-17 10:22:47,708] [basehttp.py:154] [basehttp:log_message] [INFO]- "GET /favicon.ico HTTP/1.1" 200 18965
[2020-12-17 10:24:57,995] [basehttp.py:154] [basehttp:log_message] [INFO]- "GET /admin/app01/menu/add/ HTTP/1.1" 200 6221
[2020-12-17 10:24:58,028] [basehttp.py:154] [basehttp:log_message] [INFO]- "GET /admin/jsi18n/ HTTP/1.1" 200 7684
[2020-12-17 10:24:58,075] [basehttp.py:154] [basehttp:log_message] [INFO]- "GET /favicon.ico HTTP/1.1" 200 18965
[2020-12-17 10:25:54,706] [basehttp.py:154] [basehttp:log_message] [INFO]- "POST /admin/app01/menu/add/ HTTP/1.1" 302 0
[2020-12-17 10:25:54,765] [basehttp.py:154] [basehttp:log_message] [INFO]- "GET /admin/app01/menu/ HTTP/1.1" 200 11174
[2020-12-17 10:25:54,785] [basehttp.py:154] [basehttp:log_message] [INFO]- "GET /admin/jsi18n/ HTTP/1.1" 200 7684
[2020-12-17 10:25:54,858] [basehttp.py:154] [basehttp:log_message] [INFO]- "GET /favicon.ico HTTP/1.1" 200 18965
[2020-12-17 10:25:56,760] [basehttp.py:154] [basehttp:log_message] [INFO]- "GET /admin/app01/menu/add/ HTTP/1.1" 200 6265
[2020-12-17 10:25:56,793] [basehttp.py:154] [basehttp:log_message] [INFO]- "GET /admin/jsi18n/ HTTP/1.1" 200 7684
[2020-12-17 10:25:56,835] [basehttp.py:154] [basehttp:log_message] [INFO]- "GET /favicon.ico HTTP/1.1" 200 18965
[2020-12-17 10:26:01,362] [basehttp.py:154] [basehttp:log_message] [INFO]- "GET /admin/app01/menu/ HTTP/1.1" 200 11006
[2020-12-17 10:26:01,420] [basehttp.py:154] [basehttp:log_message] [INFO]- "GET /favicon.ico HTTP/1.1" 200 18965
[2020-12-17 10:33:35,360] [basehttp.py:154] [basehttp:log_message] [INFO]- "GET /admin/app01/menu/22/change/ HTTP/1.1" 200 6493
[2020-12-17 10:33:35,384] [basehttp.py:154] [basehttp:log_message] [INFO]- "GET /admin/jsi18n/ HTTP/1.1" 200 7684
[2020-12-17 10:33:35,434] [basehttp.py:154] [basehttp:log_message] [INFO]- "GET /favicon.ico HTTP/1.1" 200 18965
[2020-12-17 10:34:23,279] [basehttp.py:154] [basehttp:log_message] [INFO]- "POST /admin/app01/menu/22/change/ HTTP/1.1" 302 0
[2020-12-17 10:34:23,355] [basehttp.py:154] [basehttp:log_message] [INFO]- "GET /admin/app01/menu/ HTTP/1.1" 200 11190
[2020-12-17 10:34:23,388] [basehttp.py:154] [basehttp:log_message] [INFO]- "GET /admin/jsi18n/ HTTP/1.1" 200 7684
[2020-12-17 10:34:23,450] [basehttp.py:154] [basehttp:log_message] [INFO]- "GET /favicon.ico HTTP/1.1" 200 18965
[2020-12-17 10:34:25,517] [basehttp.py:154] [basehttp:log_message] [INFO]- "GET /admin/app01/menu/add/ HTTP/1.1" 200 6269
[2020-12-17 10:34:25,548] [basehttp.py:154] [basehttp:log_message] [INFO]- "GET /admin/jsi18n/ HTTP/1.1" 200 7684
[2020-12-17 10:34:25,583] [basehttp.py:154] [basehttp:log_message] [INFO]- "GET /favicon.ico HTTP/1.1" 200 18965
[2020-12-17 10:34:39,495] [basehttp.py:154] [basehttp:log_message] [INFO]- "POST /admin/app01/menu/add/ HTTP/1.1" 302 0
[2020-12-17 10:34:39,568] [basehttp.py:154] [basehttp:log_message] [INFO]- "GET /admin/app01/menu/ HTTP/1.1" 200 11505
[2020-12-17 10:34:39,589] [basehttp.py:154] [basehttp:log_message] [INFO]- "GET /admin/jsi18n/ HTTP/1.1" 200 7684
[2020-12-17 10:34:39,657] [basehttp.py:154] [basehttp:log_message] [INFO]- "GET /favicon.ico HTTP/1.1" 200 18965
[2020-12-17 10:35:17,125] [basehttp.py:154] [basehttp:log_message] [INFO]- "GET /admin/app01/ HTTP/1.1" 200 5526
[2020-12-17 10:35:17,153] [basehttp.py:154] [basehttp:log_message] [INFO]- "GET /favicon.ico HTTP/1.1" 200 18965
[2020-12-17 10:35:24,012] [basehttp.py:154] [basehttp:log_message] [INFO]- "GET /admin/app01/permission/ HTTP/1.1" 200 36552
[2020-12-17 10:35:24,032] [basehttp.py:154] [basehttp:log_message] [INFO]- "GET /admin/jsi18n/ HTTP/1.1" 200 7684
[2020-12-17 10:35:24,132] [basehttp.py:154] [basehttp:log_message] [INFO]- "GET /favicon.ico HTTP/1.1" 200 18965
[2020-12-17 10:35:30,838] [basehttp.py:154] [basehttp:log_message] [INFO]- "GET /admin/app01/permission/add/ HTTP/1.1" 200 6855
[2020-12-17 10:35:30,871] [basehttp.py:154] [basehttp:log_message] [INFO]- "GET /admin/jsi18n/ HTTP/1.1" 200 7684
[2020-12-17 10:35:30,918] [basehttp.py:154] [basehttp:log_message] [INFO]- "GET /favicon.ico HTTP/1.1" 200 18965
[2020-12-17 10:36:06,104] [basehttp.py:154] [basehttp:log_message] [INFO]- "GET /admin/app01/permission/add/ HTTP/1.1" 200 6855
[2020-12-17 10:36:06,160] [basehttp.py:154] [basehttp:log_message] [INFO]- "GET /admin/jsi18n/ HTTP/1.1" 200 7684
[2020-12-17 10:36:06,303] [basehttp.py:154] [basehttp:log_message] [INFO]- "GET /favicon.ico HTTP/1.1" 200 18965
[2020-12-17 10:36:08,970] [basehttp.py:154] [basehttp:log_message] [INFO]- "GET /admin/app01/permission/ HTTP/1.1" 200 36552
[2020-12-17 10:36:09,002] [basehttp.py:154] [basehttp:log_message] [INFO]- "GET /admin/jsi18n/ HTTP/1.1" 200 7684
[2020-12-17 10:36:09,068] [basehttp.py:154] [basehttp:log_message] [INFO]- "GET /favicon.ico HTTP/1.1" 200 18965
[2020-12-17 10:39:16,349] [basehttp.py:154] [basehttp:log_message] [INFO]- "POST /admin/app01/permission/add/ HTTP/1.1" 302 0
[2020-12-17 10:39:16,496] [basehttp.py:154] [basehttp:log_message] [INFO]- "GET /admin/app01/permission/ HTTP/1.1" 200 37315
[2020-12-17 10:39:16,519] [basehttp.py:154] [basehttp:log_message] [INFO]- "GET /admin/jsi18n/ HTTP/1.1" 200 7684
[2020-12-17 10:39:16,622] [basehttp.py:154] [basehttp:log_message] [INFO]- "GET /favicon.ico HTTP/1.1" 200 18965
[2020-12-17 10:39:18,469] [basehttp.py:154] [basehttp:log_message] [INFO]- "GET /admin/app01/permission/add/ HTTP/1.1" 200 6855
[2020-12-17 10:39:18,505] [basehttp.py:154] [basehttp:log_message] [INFO]- "GET /admin/jsi18n/ HTTP/1.1" 200 7684
[2020-12-17 10:39:18,543] [basehttp.py:154] [basehttp:log_message] [INFO]- "GET /favicon.ico HTTP/1.1" 200 18965
[2020-12-17 10:41:10,181] [basehttp.py:154] [basehttp:log_message] [INFO]- "POST /admin/app01/permission/add/ HTTP/1.1" 302 0
[2020-12-17 10:41:10,327] [basehttp.py:154] [basehttp:log_message] [INFO]- "GET /admin/app01/permission/ HTTP/1.1" 200 37860
[2020-12-17 10:41:10,356] [basehttp.py:154] [basehttp:log_message] [INFO]- "GET /admin/jsi18n/ HTTP/1.1" 200 7684
[2020-12-17 10:41:10,459] [basehttp.py:154] [basehttp:log_message] [INFO]- "GET /favicon.ico HTTP/1.1" 200 18965
[2020-12-17 10:41:12,117] [basehttp.py:154] [basehttp:log_message] [INFO]- "GET /admin/app01/permission/add/ HTTP/1.1" 200 6855
[2020-12-17 10:41:12,148] [basehttp.py:154] [basehttp:log_message] [INFO]- "GET /admin/jsi18n/ HTTP/1.1" 200 7684
[2020-12-17 10:41:12,185] [basehttp.py:154] [basehttp:log_message] [INFO]- "GET /favicon.ico HTTP/1.1" 200 18965
[2020-12-17 10:42:33,544] [basehttp.py:154] [basehttp:log_message] [INFO]- "POST /admin/app01/permission/add/ HTTP/1.1" 302 0
[2020-12-17 10:42:33,725] [basehttp.py:154] [basehttp:log_message] [INFO]- "GET /admin/app01/permission/ HTTP/1.1" 200 38384
[2020-12-17 10:42:33,749] [basehttp.py:154] [basehttp:log_message] [INFO]- "GET /admin/jsi18n/ HTTP/1.1" 200 7684
[2020-12-17 10:42:33,848] [basehttp.py:154] [basehttp:log_message] [INFO]- "GET /favicon.ico HTTP/1.1" 200 18965
[2020-12-17 10:42:35,206] [basehttp.py:154] [basehttp:log_message] [INFO]- "GET /admin/app01/permission/add/ HTTP/1.1" 200 6855
[2020-12-17 10:42:35,240] [basehttp.py:154] [basehttp:log_message] [INFO]- "GET /admin/jsi18n/ HTTP/1.1" 200 7684
[2020-12-17 10:42:35,286] [basehttp.py:154] [basehttp:log_message] [INFO]- "GET /favicon.ico HTTP/1.1" 200 18965
[2020-12-17 10:43:47,682] [basehttp.py:154] [basehttp:log_message] [INFO]- "POST /admin/app01/permission/add/ HTTP/1.1" 302 0
[2020-12-17 10:43:47,832] [basehttp.py:154] [basehttp:log_message] [INFO]- "GET /admin/app01/permission/ HTTP/1.1" 200 38947
[2020-12-17 10:43:47,866] [basehttp.py:154] [basehttp:log_message] [INFO]- "GET /admin/jsi18n/ HTTP/1.1" 200 7684
[2020-12-17 10:43:47,962] [basehttp.py:154] [basehttp:log_message] [INFO]- "GET /favicon.ico HTTP/1.1" 200 18965
[2020-12-17 10:43:49,090] [basehttp.py:154] [basehttp:log_message] [INFO]- "GET /admin/app01/permission/add/ HTTP/1.1" 200 6855
[2020-12-17 10:43:49,113] [basehttp.py:154] [basehttp:log_message] [INFO]- "GET /admin/jsi18n/ HTTP/1.1" 200 7684
[2020-12-17 10:43:49,165] [basehttp.py:154] [basehttp:log_message] [INFO]- "GET /favicon.ico HTTP/1.1" 200 18965
[2020-12-17 10:44:36,584] [basehttp.py:154] [basehttp:log_message] [INFO]- "POST /admin/app01/permission/add/ HTTP/1.1" 302 0
[2020-12-17 10:44:36,734] [basehttp.py:154] [basehttp:log_message] [INFO]- "GET /admin/app01/permission/ HTTP/1.1" 200 39498
[2020-12-17 10:44:36,769] [basehttp.py:154] [basehttp:log_message] [INFO]- "GET /admin/jsi18n/ HTTP/1.1" 200 7684
[2020-12-17 10:44:36,864] [basehttp.py:154] [basehttp:log_message] [INFO]- "GET /favicon.ico HTTP/1.1" 200 18965
[2020-12-17 10:44:38,085] [basehttp.py:154] [basehttp:log_message] [INFO]- "GET /admin/app01/permission/add/ HTTP/1.1" 200 6855
[2020-12-17 10:44:38,118] [basehttp.py:154] [basehttp:log_message] [INFO]- "GET /admin/jsi18n/ HTTP/1.1" 200 7684
[2020-12-17 10:44:38,160] [basehttp.py:154] [basehttp:log_message] [INFO]- "GET /favicon.ico HTTP/1.1" 200 18965
[2020-12-17 10:54:49,920] [basehttp.py:154] [basehttp:log_message] [INFO]- "POST /admin/app01/permission/add/ HTTP/1.1" 302 0
[2020-12-17 10:54:50,081] [basehttp.py:154] [basehttp:log_message] [INFO]- "GET /admin/app01/permission/ HTTP/1.1" 200 40048
[2020-12-17 10:54:50,104] [basehttp.py:154] [basehttp:log_message] [INFO]- "GET /admin/jsi18n/ HTTP/1.1" 200 7684
[2020-12-17 10:54:50,200] [basehttp.py:154] [basehttp:log_message] [INFO]- "GET /favicon.ico HTTP/1.1" 200 18965
[2020-12-17 10:54:52,065] [basehttp.py:154] [basehttp:log_message] [INFO]- "GET /admin/app01/permission/add/ HTTP/1.1" 200 6855
[2020-12-17 10:54:52,097] [basehttp.py:154] [basehttp:log_message] [INFO]- "GET /admin/jsi18n/ HTTP/1.1" 200 7684
[2020-12-17 10:54:52,134] [basehttp.py:154] [basehttp:log_message] [INFO]- "GET /favicon.ico HTTP/1.1" 200 18965
[2020-12-17 10:55:48,754] [basehttp.py:154] [basehttp:log_message] [INFO]- "POST /admin/app01/permission/add/ HTTP/1.1" 302 0
[2020-12-17 10:55:48,909] [basehttp.py:154] [basehttp:log_message] [INFO]- "GET /admin/app01/permission/ HTTP/1.1" 200 40598
[2020-12-17 10:55:48,947] [basehttp.py:154] [basehttp:log_message] [INFO]- "GET /admin/jsi18n/ HTTP/1.1" 200 7684
[2020-12-17 10:55:49,049] [basehttp.py:154] [basehttp:log_message] [INFO]- "GET /favicon.ico HTTP/1.1" 200 18965
[2020-12-17 10:55:50,417] [basehttp.py:154] [basehttp:log_message] [INFO]- "GET /admin/app01/permission/add/ HTTP/1.1" 200 6855
[2020-12-17 10:55:50,446] [basehttp.py:154] [basehttp:log_message] [INFO]- "GET /admin/jsi18n/ HTTP/1.1" 200 7684
[2020-12-17 10:55:50,483] [basehttp.py:154] [basehttp:log_message] [INFO]- "GET /favicon.ico HTTP/1.1" 200 18965
[2020-12-17 10:56:11,880] [basehttp.py:154] [basehttp:log_message] [INFO]- "POST /admin/app01/permission/add/ HTTP/1.1" 302 0
[2020-12-17 10:56:12,035] [basehttp.py:154] [basehttp:log_message] [INFO]- "GET /admin/app01/permission/ HTTP/1.1" 200 41148
[2020-12-17 10:56:12,058] [basehttp.py:154] [basehttp:log_message] [INFO]- "GET /admin/jsi18n/ HTTP/1.1" 200 7684
[2020-12-17 10:56:12,138] [basehttp.py:154] [basehttp:log_message] [INFO]- "GET /favicon.ico HTTP/1.1" 200 18965
[2020-12-17 10:58:37,310] [basehttp.py:154] [basehttp:log_message] [INFO]- "GET /index/ HTTP/1.1" 200 41848
[2020-12-17 10:58:37,549] [basehttp.py:154] [basehttp:log_message] [INFO]- "GET /index/ HTTP/1.1" 200 41848
[2020-12-17 10:58:37,895] [basehttp.py:154] [basehttp:log_message] [INFO]- "GET /favicon.ico HTTP/1.1" 200 18965
[2020-12-17 10:58:46,084] [basehttp.py:154] [basehttp:log_message] [INFO]- "GET /logout/ HTTP/1.1" 302 0
[2020-12-17 10:58:46,088] [basehttp.py:154] [basehttp:log_message] [INFO]- "GET /login/ HTTP/1.1" 200 4677
[2020-12-17 10:58:46,151] [basehttp.py:154] [basehttp:log_message] [INFO]- "GET /favicon.ico HTTP/1.1" 302 0
[2020-12-17 10:58:46,156] [basehttp.py:154] [basehttp:log_message] [INFO]- "GET /login/ HTTP/1.1" 200 4677
[2020-12-17 10:58:47,835] [basehttp.py:154] [basehttp:log_message] [INFO]- "POST /login/ HTTP/1.1" 302 0
[2020-12-17 10:58:47,879] [basehttp.py:154] [basehttp:log_message] [INFO]- "GET /index/ HTTP/1.1" 200 41848
[2020-12-17 10:58:48,096] [basehttp.py:154] [basehttp:log_message] [INFO]- "GET /index/ HTTP/1.1" 200 41848
[2020-12-17 10:58:48,468] [basehttp.py:154] [basehttp:log_message] [INFO]- "GET /favicon.ico HTTP/1.1" 200 18965
[2020-12-17 10:59:06,286] [basehttp.py:154] [basehttp:log_message] [INFO]- "GET /admin/ HTTP/1.1" 302 0
[2020-12-17 10:59:06,315] [basehttp.py:154] [basehttp:log_message] [INFO]- "GET /admin/login/?next=/admin/ HTTP/1.1" 200 1821
[2020-12-17 10:59:06,361] [basehttp.py:154] [basehttp:log_message] [INFO]- "GET /favicon.ico HTTP/1.1" 200 18965
[2020-12-17 10:59:09,227] [basehttp.py:154] [basehttp:log_message] [INFO]- "POST /admin/login/?next=/admin/ HTTP/1.1" 302 0
[2020-12-17 10:59:09,295] [basehttp.py:154] [basehttp:log_message] [INFO]- "GET /admin/ HTTP/1.1" 200 28937
[2020-12-17 10:59:09,366] [basehttp.py:154] [basehttp:log_message] [INFO]- "GET /favicon.ico HTTP/1.1" 200 18965
[2020-12-17 10:59:13,114] [basehttp.py:154] [basehttp:log_message] [INFO]- "GET /admin/app01/role/ HTTP/1.1" 200 7213
[2020-12-17 10:59:13,146] [basehttp.py:154] [basehttp:log_message] [INFO]- "GET /admin/jsi18n/ HTTP/1.1" 200 7684
[2020-12-17 10:59:13,190] [basehttp.py:154] [basehttp:log_message] [INFO]- "GET /favicon.ico HTTP/1.1" 200 18965
[2020-12-17 10:59:15,212] [basehttp.py:154] [basehttp:log_message] [INFO]- "GET /admin/app01/role/1/change/ HTTP/1.1" 200 10055
[2020-12-17 10:59:15,232] [basehttp.py:154] [basehttp:log_message] [INFO]- "GET /admin/jsi18n/ HTTP/1.1" 200 7684
[2020-12-17 10:59:15,275] [basehttp.py:154] [basehttp:log_message] [INFO]- "GET /favicon.ico HTTP/1.1" 200 18965
[2020-12-17 10:59:26,792] [basehttp.py:154] [basehttp:log_message] [INFO]- "POST /admin/app01/role/1/change/ HTTP/1.1" 302 0
[2020-12-17 10:59:26,847] [basehttp.py:154] [basehttp:log_message] [INFO]- "GET /admin/app01/role/ HTTP/1.1" 200 7373
[2020-12-17 10:59:26,870] [basehttp.py:154] [basehttp:log_message] [INFO]- "GET /admin/jsi18n/ HTTP/1.1" 200 7684
[2020-12-17 10:59:26,920] [basehttp.py:154] [basehttp:log_message] [INFO]- "GET /favicon.ico HTTP/1.1" 200 18965
[2020-12-17 10:59:30,218] [basehttp.py:154] [basehttp:log_message] [INFO]- "GET /index/ HTTP/1.1" 200 41848
[2020-12-17 10:59:30,330] [basehttp.py:154] [basehttp:log_message] [INFO]- "GET /index/ HTTP/1.1" 200 41848
[2020-12-17 10:59:30,568] [basehttp.py:154] [basehttp:log_message] [INFO]- "GET /favicon.ico HTTP/1.1" 200 18965
[2020-12-17 10:59:40,111] [basehttp.py:154] [basehttp:log_message] [INFO]- "GET /logout/ HTTP/1.1" 302 0
[2020-12-17 10:59:40,115] [basehttp.py:154] [basehttp:log_message] [INFO]- "GET /login/ HTTP/1.1" 200 4677
[2020-12-17 10:59:40,179] [basehttp.py:154] [basehttp:log_message] [INFO]- "GET /favicon.ico HTTP/1.1" 302 0
[2020-12-17 10:59:40,192] [basehttp.py:154] [basehttp:log_message] [INFO]- "GET /login/ HTTP/1.1" 200 4677
[2020-12-17 11:00:00,327] [basehttp.py:154] [basehttp:log_message] [INFO]- "POST /login/ HTTP/1.1" 302 0
[2020-12-17 11:00:00,402] [basehttp.py:154] [basehttp:log_message] [INFO]- "GET /index/ HTTP/1.1" 200 42899
[2020-12-17 11:00:00,617] [basehttp.py:154] [basehttp:log_message] [INFO]- "GET /index/ HTTP/1.1" 200 42899
[2020-12-17 11:00:00,927] [basehttp.py:154] [basehttp:log_message] [INFO]- "GET /favicon.ico HTTP/1.1" 200 20016
[2020-12-17 11:03:47,217] [basehttp.py:154] [basehttp:log_message] [INFO]- "GET /admin/app01/ HTTP/1.1" 302 0
[2020-12-17 11:03:48,789] [basehttp.py:154] [basehttp:log_message] [INFO]- "GET /admin/login/?next=/admin/app01/ HTTP/1.1" 200 1833
[2020-12-17 11:03:48,849] [basehttp.py:154] [basehttp:log_message] [INFO]- "GET /favicon.ico HTTP/1.1" 200 20016
[2020-12-17 11:03:51,499] [basehttp.py:154] [basehttp:log_message] [INFO]- "POST /admin/login/?next=/admin/app01/ HTTP/1.1" 302 0
[2020-12-17 11:03:51,540] [basehttp.py:154] [basehttp:log_message] [INFO]- "GET /admin/app01/ HTTP/1.1" 200 5526
[2020-12-17 11:03:51,573] [basehttp.py:154] [basehttp:log_message] [INFO]- "GET /favicon.ico HTTP/1.1" 200 20016
[2020-12-17 11:04:11,945] [basehttp.py:154] [basehttp:log_message] [INFO]- "GET /admin/app01/menu/ HTTP/1.1" 200 11320
[2020-12-17 11:04:11,982] [basehttp.py:154] [basehttp:log_message] [INFO]- "GET /admin/jsi18n/ HTTP/1.1" 200 7684
[2020-12-17 11:04:12,039] [basehttp.py:154] [basehttp:log_message] [INFO]- "GET /favicon.ico HTTP/1.1" 200 20016
[2020-12-17 11:04:14,399] [basehttp.py:154] [basehttp:log_message] [INFO]- "GET /admin/app01/menu/22/change/ HTTP/1.1" 200 6566
[2020-12-17 11:04:14,430] [basehttp.py:154] [basehttp:log_message] [INFO]- "GET /admin/jsi18n/ HTTP/1.1" 200 7684
[2020-12-17 11:04:14,478] [basehttp.py:154] [basehttp:log_message] [INFO]- "GET /favicon.ico HTTP/1.1" 200 20016
[2020-12-17 11:04:31,376] [basehttp.py:154] [basehttp:log_message] [INFO]- "GET /admin/app01/menu/ HTTP/1.1" 200 11320
[2020-12-17 11:04:31,439] [basehttp.py:154] [basehttp:log_message] [INFO]- "GET /favicon.ico HTTP/1.1" 200 20016
[2020-12-17 11:04:57,988] [basehttp.py:154] [basehttp:log_message] [INFO]- "GET /admin/app01/menu/23/change/ HTTP/1.1" 200 6575
[2020-12-17 11:04:58,023] [basehttp.py:154] [basehttp:log_message] [INFO]- "GET /admin/jsi18n/ HTTP/1.1" 200 7684
[2020-12-17 11:04:58,076] [basehttp.py:154] [basehttp:log_message] [INFO]- "GET /favicon.ico HTTP/1.1" 200 20027
[2020-12-17 11:05:00,333] [basehttp.py:154] [basehttp:log_message] [INFO]- "GET /admin/app01/menu/ HTTP/1.1" 200 11320
[2020-12-17 11:05:00,382] [basehttp.py:154] [basehttp:log_message] [INFO]- "GET /favicon.ico HTTP/1.1" 200 20027
[2020-12-17 11:11:23,848] [basehttp.py:154] [basehttp:log_message] [INFO]- "GET /index/ HTTP/1.1" 200 42926
[2020-12-17 11:11:24,115] [basehttp.py:154] [basehttp:log_message] [INFO]- "GET /index/ HTTP/1.1" 200 42926
[2020-12-17 11:11:24,460] [basehttp.py:154] [basehttp:log_message] [INFO]- "GET /favicon.ico HTTP/1.1" 200 20043
[2020-12-17 11:14:11,921] [basehttp.py:154] [basehttp:log_message] [INFO]- "GET /index/ HTTP/1.1" 200 42923
[2020-12-17 11:14:12,054] [basehttp.py:154] [basehttp:log_message] [INFO]- "GET /index/ HTTP/1.1" 200 42923
[2020-12-17 11:14:12,398] [basehttp.py:154] [basehttp:log_message] [INFO]- "GET /favicon.ico HTTP/1.1" 200 20040
[2020-12-17 11:15:20,643] [basehttp.py:154] [basehttp:log_message] [INFO]- "GET /index/ HTTP/1.1" 200 42926
[2020-12-17 11:15:20,781] [basehttp.py:154] [basehttp:log_message] [INFO]- "GET /index/ HTTP/1.1" 200 42926
[2020-12-17 11:15:21,158] [basehttp.py:154] [basehttp:log_message] [INFO]- "GET /favicon.ico HTTP/1.1" 200 20043
[2020-12-17 11:15:39,514] [basehttp.py:154] [basehttp:log_message] [INFO]- "GET /index/ HTTP/1.1" 200 42930
[2020-12-17 11:15:39,619] [basehttp.py:154] [basehttp:log_message] [INFO]- "GET /index/ HTTP/1.1" 200 42930
[2020-12-17 11:15:39,823] [basehttp.py:154] [basehttp:log_message] [INFO]- "GET /favicon.ico HTTP/1.1" 200 20047
[2020-12-17 11:16:03,658] [basehttp.py:154] [basehttp:log_message] [INFO]- "GET /index/ HTTP/1.1" 200 42923
[2020-12-17 11:16:03,768] [basehttp.py:154] [basehttp:log_message] [INFO]- "GET /index/ HTTP/1.1" 200 42923
[2020-12-17 11:16:04,001] [basehttp.py:154] [basehttp:log_message] [INFO]- "GET /favicon.ico HTTP/1.1" 200 20040
[2020-12-17 11:17:19,759] [basehttp.py:154] [basehttp:log_message] [INFO]- "GET /index/ HTTP/1.1" 200 42922
[2020-12-17 11:17:19,987] [basehttp.py:154] [basehttp:log_message] [INFO]- "GET /index/ HTTP/1.1" 200 42922
[2020-12-17 11:17:20,211] [basehttp.py:154] [basehttp:log_message] [INFO]- "GET /favicon.ico HTTP/1.1" 200 20039
[2020-12-17 11:17:37,337] [basehttp.py:154] [basehttp:log_message] [INFO]- "GET /index/ HTTP/1.1" 200 42921
[2020-12-17 11:17:37,448] [basehttp.py:154] [basehttp:log_message] [INFO]- "GET /index/ HTTP/1.1" 200 42921
[2020-12-17 11:17:37,671] [basehttp.py:154] [basehttp:log_message] [INFO]- "GET /favicon.ico HTTP/1.1" 200 20038
[2020-12-17 11:17:52,779] [basehttp.py:154] [basehttp:log_message] [INFO]- "GET /index/ HTTP/1.1" 200 42921
[2020-12-17 11:17:52,902] [basehttp.py:154] [basehttp:log_message] [INFO]- "GET /index/ HTTP/1.1" 200 42921
[2020-12-17 11:17:53,122] [basehttp.py:154] [basehttp:log_message] [INFO]- "GET /favicon.ico HTTP/1.1" 200 20038
[2020-12-17 11:18:13,230] [basehttp.py:154] [basehttp:log_message] [INFO]- "GET /index/ HTTP/1.1" 200 42922
[2020-12-17 11:18:13,343] [basehttp.py:154] [basehttp:log_message] [INFO]- "GET /index/ HTTP/1.1" 200 42922
[2020-12-17 11:18:13,546] [basehttp.py:154] [basehttp:log_message] [INFO]- "GET /favicon.ico HTTP/1.1" 200 20039
[2020-12-17 11:18:35,214] [basehttp.py:154] [basehttp:log_message] [INFO]- "GET /index/ HTTP/1.1" 200 42923
[2020-12-17 11:18:35,337] [basehttp.py:154] [basehttp:log_message] [INFO]- "GET /index/ HTTP/1.1" 200 42923
[2020-12-17 11:18:35,559] [basehttp.py:154] [basehttp:log_message] [INFO]- "GET /favicon.ico HTTP/1.1" 200 20040
[2020-12-17 11:18:58,411] [basehttp.py:154] [basehttp:log_message] [INFO]- "GET /index/ HTTP/1.1" 200 42922
[2020-12-17 11:18:58,562] [basehttp.py:154] [basehttp:log_message] [INFO]- "GET /index/ HTTP/1.1" 200 42922
[2020-12-17 11:18:58,746] [basehttp.py:154] [basehttp:log_message] [INFO]- "GET /favicon.ico HTTP/1.1" 200 20039
[2020-12-17 11:19:12,095] [basehttp.py:154] [basehttp:log_message] [INFO]- "GET /index/ HTTP/1.1" 200 42922
[2020-12-17 11:19:12,213] [basehttp.py:154] [basehttp:log_message] [INFO]- "GET /index/ HTTP/1.1" 200 42922
[2020-12-17 11:19:12,420] [basehttp.py:154] [basehttp:log_message] [INFO]- "GET /favicon.ico HTTP/1.1" 200 20039
[2020-12-17 11:19:22,631] [basehttp.py:154] [basehttp:log_message] [INFO]- "GET /index/ HTTP/1.1" 200 42924
[2020-12-17 11:19:22,754] [basehttp.py:154] [basehttp:log_message] [INFO]- "GET /index/ HTTP/1.1" 200 42924
[2020-12-17 11:19:22,966] [basehttp.py:154] [basehttp:log_message] [INFO]- "GET /favicon.ico HTTP/1.1" 200 20041
[2020-12-17 11:19:59,087] [basehttp.py:154] [basehttp:log_message] [INFO]- "GET /index/ HTTP/1.1" 200 42924
[2020-12-17 11:19:59,195] [basehttp.py:154] [basehttp:log_message] [INFO]- "GET /index/ HTTP/1.1" 200 42924
[2020-12-17 11:19:59,401] [basehttp.py:154] [basehttp:log_message] [INFO]- "GET /favicon.ico HTTP/1.1" 200 20041
[2020-12-17 11:20:56,329] [basehttp.py:154] [basehttp:log_message] [INFO]- "GET /index/ HTTP/1.1" 200 42934
[2020-12-17 11:20:56,443] [basehttp.py:154] [basehttp:log_message] [INFO]- "GET /index/ HTTP/1.1" 200 42934
[2020-12-17 11:20:56,677] [basehttp.py:154] [basehttp:log_message] [INFO]- "GET /favicon.ico HTTP/1.1" 200 20051
[2020-12-17 11:21:19,341] [basehttp.py:154] [basehttp:log_message] [INFO]- "GET /index/ HTTP/1.1" 200 42926
[2020-12-17 11:21:19,451] [basehttp.py:154] [basehttp:log_message] [INFO]- "GET /index/ HTTP/1.1" 200 42926
[2020-12-17 11:21:19,662] [basehttp.py:154] [basehttp:log_message] [INFO]- "GET /favicon.ico HTTP/1.1" 200 20043
[2020-12-17 11:22:12,243] [basehttp.py:154] [basehttp:log_message] [INFO]- "GET /index/ HTTP/1.1" 200 42921
[2020-12-17 11:22:12,348] [basehttp.py:154] [basehttp:log_message] [INFO]- "GET /index/ HTTP/1.1" 200 42921
[2020-12-17 11:22:12,561] [basehttp.py:154] [basehttp:log_message] [INFO]- "GET /favicon.ico HTTP/1.1" 200 20038
[2020-12-17 11:22:36,277] [basehttp.py:154] [basehttp:log_message] [INFO]- "GET /index/ HTTP/1.1" 200 42921
[2020-12-17 11:22:36,511] [basehttp.py:154] [basehttp:log_message] [INFO]- "GET /index/ HTTP/1.1" 200 42921
[2020-12-17 11:22:36,723] [basehttp.py:154] [basehttp:log_message] [INFO]- "GET /favicon.ico HTTP/1.1" 200 20038
[2020-12-17 11:23:21,108] [basehttp.py:154] [basehttp:log_message] [INFO]- "GET /index/ HTTP/1.1" 200 42925
[2020-12-17 11:23:21,227] [basehttp.py:154] [basehttp:log_message] [INFO]- "GET /index/ HTTP/1.1" 200 42925
[2020-12-17 11:23:21,432] [basehttp.py:154] [basehttp:log_message] [INFO]- "GET /favicon.ico HTTP/1.1" 200 20042
[2020-12-17 11:24:58,512] [basehttp.py:154] [basehttp:log_message] [INFO]- "GET /index/ HTTP/1.1" 200 42923
[2020-12-17 11:24:58,631] [basehttp.py:154] [basehttp:log_message] [INFO]- "GET /index/ HTTP/1.1" 200 42923
[2020-12-17 11:24:58,849] [basehttp.py:154] [basehttp:log_message] [INFO]- "GET /favicon.ico HTTP/1.1" 200 20040
[2020-12-17 11:28:24,374] [basehttp.py:154] [basehttp:log_message] [INFO]- "GET /index/ HTTP/1.1" 200 42932
[2020-12-17 11:28:24,651] [basehttp.py:154] [basehttp:log_message] [INFO]- "GET /index/ HTTP/1.1" 200 42932
[2020-12-17 11:28:24,988] [basehttp.py:154] [basehttp:log_message] [INFO]- "GET /favicon.ico HTTP/1.1" 200 20049
[2020-12-17 11:28:42,596] [basehttp.py:154] [basehttp:log_message] [INFO]- "GET /index/ HTTP/1.1" 200 42922
[2020-12-17 11:28:42,717] [basehttp.py:154] [basehttp:log_message] [INFO]- "GET /index/ HTTP/1.1" 200 42922
[2020-12-17 11:28:43,089] [basehttp.py:154] [basehttp:log_message] [INFO]- "GET /favicon.ico HTTP/1.1" 200 20039
[2020-12-17 11:30:54,832] [basehttp.py:154] [basehttp:log_message] [INFO]- "GET /index/ HTTP/1.1" 200 42922
[2020-12-17 11:30:54,955] [basehttp.py:154] [basehttp:log_message] [INFO]- "GET /index/ HTTP/1.1" 200 42922
[2020-12-17 11:30:55,185] [basehttp.py:154] [basehttp:log_message] [INFO]- "GET /favicon.ico HTTP/1.1" 200 20039
[2020-12-17 11:32:02,699] [basehttp.py:154] [basehttp:log_message] [INFO]- "GET /index/ HTTP/1.1" 200 42918
[2020-12-17 11:32:02,811] [basehttp.py:154] [basehttp:log_message] [INFO]- "GET /index/ HTTP/1.1" 200 42918
[2020-12-17 11:32:03,037] [basehttp.py:154] [basehttp:log_message] [INFO]- "GET /favicon.ico HTTP/1.1" 200 20035
[2020-12-17 11:32:14,707] [basehttp.py:154] [basehttp:log_message] [INFO]- "GET /PersonalInfo/Infos-upload/ HTTP/1.1" 200 123
[2020-12-17 11:32:14,745] [basehttp.py:154] [basehttp:log_message] [INFO]- "GET /favicon.ico HTTP/1.1" 200 20035
[2020-12-17 11:32:18,668] [basehttp.py:154] [basehttp:log_message] [INFO]- "GET /favicon.ico HTTP/1.1" 200 20035
[2020-12-17 11:32:24,167] [basehttp.py:154] [basehttp:log_message] [INFO]- "GET /PersonalInfo/Summary2/ HTTP/1.1" 200 126
[2020-12-17 11:32:24,204] [basehttp.py:154] [basehttp:log_message] [INFO]- "GET /favicon.ico HTTP/1.1" 200 20035
[2020-12-17 11:32:28,231] [basehttp.py:154] [basehttp:log_message] [INFO]- "GET /favicon.ico HTTP/1.1" 200 20035
[2020-12-17 11:43:18,699] [basehttp.py:154] [basehttp:log_message] [INFO]- "GET /index/ HTTP/1.1" 200 43003
[2020-12-17 11:43:19,175] [basehttp.py:154] [basehttp:log_message] [INFO]- "GET /index/ HTTP/1.1" 200 43003
[2020-12-17 11:43:19,504] [basehttp.py:154] [basehttp:log_message] [INFO]- "GET /favicon.ico HTTP/1.1" 200 20120
[2020-12-17 12:18:07,197] [basehttp.py:154] [basehttp:log_message] [INFO]- "GET /index/ HTTP/1.1" 200 43003
[2020-12-17 12:18:07,471] [basehttp.py:154] [basehttp:log_message] [INFO]- "GET /index/ HTTP/1.1" 200 43003
[2020-12-17 12:18:07,873] [basehttp.py:154] [basehttp:log_message] [INFO]- "GET /favicon.ico HTTP/1.1" 200 20120
[2020-12-17 12:18:12,859] [basehttp.py:154] [basehttp:log_message] [INFO]- "GET /PersonalInfo/Summary3/ HTTP/1.1" 200 126
[2020-12-17 12:18:12,902] [basehttp.py:154] [basehttp:log_message] [INFO]- "GET /favicon.ico HTTP/1.1" 200 20120
[2020-12-17 12:19:34,195] [basehttp.py:154] [basehttp:log_message] [INFO]- "GET /PersonalInfo/Summary3/ HTTP/1.1" 200 126
[2020-12-17 12:19:34,239] [basehttp.py:154] [basehttp:log_message] [INFO]- "GET /favicon.ico HTTP/1.1" 200 20120
[2020-12-17 12:30:06,233] [log.py:228] [log:log_response] [ERROR]- Internal Server Error: /PersonalInfo/Summary3/
Traceback (most recent call last):
  File "C:\Python372\mecheck\lib\site-packages\django\core\handlers\exception.py", line 34, in inner
    response = get_response(request)
  File "C:\Python372\mecheck\lib\site-packages\django\core\handlers\base.py", line 126, in _get_response
    response = self.process_exception_by_middleware(e, request)
  File "C:\Python372\mecheck\lib\site-packages\django\core\handlers\base.py", line 124, in _get_response
    response = wrapped_callback(request, *callback_args, **callback_kwargs)
  File "C:\djangoproject\Reliability_Row_data\PersonalInfo\views.py", line 637, in Summary3
    codetoarea("321201198707171014")
  File "C:\djangoproject\Reliability_Row_data\PersonalInfo\views.py", line 1572, in codetoarea
    if (code[10, 12] < month or (code[10, 12] == month and code[12, 14] <= day)):
TypeError: string indices must be integers
[2020-12-17 12:30:06,236] [basehttp.py:154] [basehttp:log_message] [ERROR]- "GET /PersonalInfo/Summary3/ HTTP/1.1" 500 90617
[2020-12-17 12:30:06,395] [basehttp.py:154] [basehttp:log_message] [INFO]- "GET /favicon.ico HTTP/1.1" 200 20120
[2020-12-17 12:30:59,034] [log.py:228] [log:log_response] [ERROR]- Internal Server Error: /PersonalInfo/Summary3/
Traceback (most recent call last):
  File "C:\Python372\mecheck\lib\site-packages\django\core\handlers\exception.py", line 34, in inner
    response = get_response(request)
  File "C:\Python372\mecheck\lib\site-packages\django\core\handlers\base.py", line 126, in _get_response
    response = self.process_exception_by_middleware(e, request)
  File "C:\Python372\mecheck\lib\site-packages\django\core\handlers\base.py", line 124, in _get_response
    response = wrapped_callback(request, *callback_args, **callback_kwargs)
  File "C:\djangoproject\Reliability_Row_data\PersonalInfo\views.py", line 637, in Summary3
    codetoarea("321201198707171014")
  File "C:\djangoproject\Reliability_Row_data\PersonalInfo\views.py", line 1572, in codetoarea
    if (int(code[10, 12]) < month or (int(code[10, 12]) == month and int(code[12, 14]) <= day)):
TypeError: string indices must be integers
[2020-12-17 12:30:59,036] [basehttp.py:154] [basehttp:log_message] [ERROR]- "GET /PersonalInfo/Summary3/ HTTP/1.1" 500 90647
[2020-12-17 12:30:59,127] [basehttp.py:154] [basehttp:log_message] [INFO]- "GET /favicon.ico HTTP/1.1" 200 20120
[2020-12-17 12:33:45,620] [log.py:228] [log:log_response] [ERROR]- Internal Server Error: /PersonalInfo/Summary3/
Traceback (most recent call last):
  File "C:\Python372\mecheck\lib\site-packages\django\core\handlers\exception.py", line 34, in inner
    response = get_response(request)
  File "C:\Python372\mecheck\lib\site-packages\django\core\handlers\base.py", line 126, in _get_response
    response = self.process_exception_by_middleware(e, request)
  File "C:\Python372\mecheck\lib\site-packages\django\core\handlers\base.py", line 124, in _get_response
    response = wrapped_callback(request, *callback_args, **callback_kwargs)
  File "C:\djangoproject\Reliability_Row_data\PersonalInfo\views.py", line 637, in Summary3
    codetoarea("321201198707171014")
  File "C:\djangoproject\Reliability_Row_data\PersonalInfo\views.py", line 1572, in codetoarea
    print(code[12, 14] <= day)
TypeError: string indices must be integers
[2020-12-17 12:33:45,622] [basehttp.py:154] [basehttp:log_message] [ERROR]- "GET /PersonalInfo/Summary3/ HTTP/1.1" 500 90536
[2020-12-17 12:33:45,804] [basehttp.py:154] [basehttp:log_message] [INFO]- "GET /favicon.ico HTTP/1.1" 200 20120
[2020-12-17 12:34:03,138] [log.py:228] [log:log_response] [ERROR]- Internal Server Error: /PersonalInfo/Summary3/
Traceback (most recent call last):
  File "C:\Python372\mecheck\lib\site-packages\django\core\handlers\exception.py", line 34, in inner
    response = get_response(request)
  File "C:\Python372\mecheck\lib\site-packages\django\core\handlers\base.py", line 126, in _get_response
    response = self.process_exception_by_middleware(e, request)
  File "C:\Python372\mecheck\lib\site-packages\django\core\handlers\base.py", line 124, in _get_response
    response = wrapped_callback(request, *callback_args, **callback_kwargs)
  File "C:\djangoproject\Reliability_Row_data\PersonalInfo\views.py", line 637, in Summary3
    codetoarea("321201198707171014")
  File "C:\djangoproject\Reliability_Row_data\PersonalInfo\views.py", line 1572, in codetoarea
    print(int(code[12, 14]) <= day)
TypeError: string indices must be integers
[2020-12-17 12:34:03,140] [basehttp.py:154] [basehttp:log_message] [ERROR]- "GET /PersonalInfo/Summary3/ HTTP/1.1" 500 90546
[2020-12-17 12:34:03,230] [basehttp.py:154] [basehttp:log_message] [INFO]- "GET /favicon.ico HTTP/1.1" 200 20120
[2020-12-17 12:34:41,745] [log.py:228] [log:log_response] [ERROR]- Internal Server Error: /PersonalInfo/Summary3/
Traceback (most recent call last):
  File "C:\Python372\mecheck\lib\site-packages\django\core\handlers\exception.py", line 34, in inner
    response = get_response(request)
  File "C:\Python372\mecheck\lib\site-packages\django\core\handlers\base.py", line 126, in _get_response
    response = self.process_exception_by_middleware(e, request)
  File "C:\Python372\mecheck\lib\site-packages\django\core\handlers\base.py", line 124, in _get_response
    response = wrapped_callback(request, *callback_args, **callback_kwargs)
  File "C:\djangoproject\Reliability_Row_data\PersonalInfo\views.py", line 637, in Summary3
    codetoarea("321201198707171014")
  File "C:\djangoproject\Reliability_Row_data\PersonalInfo\views.py", line 1572, in codetoarea
    print(int(code[12, 14]))
TypeError: string indices must be integers
[2020-12-17 12:34:41,746] [basehttp.py:154] [basehttp:log_message] [ERROR]- "GET /PersonalInfo/Summary3/ HTTP/1.1" 500 90543
[2020-12-17 12:34:41,872] [basehttp.py:154] [basehttp:log_message] [INFO]- "GET /favicon.ico HTTP/1.1" 200 20120
[2020-12-17 12:34:59,156] [log.py:228] [log:log_response] [ERROR]- Internal Server Error: /PersonalInfo/Summary3/
Traceback (most recent call last):
  File "C:\Python372\mecheck\lib\site-packages\django\core\handlers\exception.py", line 34, in inner
    response = get_response(request)
  File "C:\Python372\mecheck\lib\site-packages\django\core\handlers\base.py", line 126, in _get_response
    response = self.process_exception_by_middleware(e, request)
  File "C:\Python372\mecheck\lib\site-packages\django\core\handlers\base.py", line 124, in _get_response
    response = wrapped_callback(request, *callback_args, **callback_kwargs)
  File "C:\djangoproject\Reliability_Row_data\PersonalInfo\views.py", line 637, in Summary3
    codetoarea("321201198707171014")
  File "C:\djangoproject\Reliability_Row_data\PersonalInfo\views.py", line 1572, in codetoarea
    print(type(code[12, 14]))
TypeError: string indices must be integers
[2020-12-17 12:34:59,158] [basehttp.py:154] [basehttp:log_message] [ERROR]- "GET /PersonalInfo/Summary3/ HTTP/1.1" 500 90545
[2020-12-17 12:34:59,242] [basehttp.py:154] [basehttp:log_message] [INFO]- "GET /favicon.ico HTTP/1.1" 200 20120
[2020-12-17 12:35:22,620] [log.py:228] [log:log_response] [ERROR]- Internal Server Error: /PersonalInfo/Summary3/
Traceback (most recent call last):
  File "C:\Python372\mecheck\lib\site-packages\django\core\handlers\exception.py", line 34, in inner
    response = get_response(request)
  File "C:\Python372\mecheck\lib\site-packages\django\core\handlers\base.py", line 126, in _get_response
    response = self.process_exception_by_middleware(e, request)
  File "C:\Python372\mecheck\lib\site-packages\django\core\handlers\base.py", line 124, in _get_response
    response = wrapped_callback(request, *callback_args, **callback_kwargs)
  File "C:\djangoproject\Reliability_Row_data\PersonalInfo\views.py", line 637, in Summary3
    codetoarea("321201198707171014")
  File "C:\djangoproject\Reliability_Row_data\PersonalInfo\views.py", line 1572, in codetoarea
    print(code[12, 14])
TypeError: string indices must be integers
[2020-12-17 12:35:22,622] [basehttp.py:154] [basehttp:log_message] [ERROR]- "GET /PersonalInfo/Summary3/ HTTP/1.1" 500 90533
[2020-12-17 12:35:22,725] [basehttp.py:154] [basehttp:log_message] [INFO]- "GET /favicon.ico HTTP/1.1" 200 20120
[2020-12-17 12:35:37,367] [log.py:228] [log:log_response] [ERROR]- Internal Server Error: /PersonalInfo/Summary3/
Traceback (most recent call last):
  File "C:\Python372\mecheck\lib\site-packages\django\core\handlers\exception.py", line 34, in inner
    response = get_response(request)
  File "C:\Python372\mecheck\lib\site-packages\django\core\handlers\base.py", line 126, in _get_response
    response = self.process_exception_by_middleware(e, request)
  File "C:\Python372\mecheck\lib\site-packages\django\core\handlers\base.py", line 124, in _get_response
    response = wrapped_callback(request, *callback_args, **callback_kwargs)
  File "C:\djangoproject\Reliability_Row_data\PersonalInfo\views.py", line 637, in Summary3
    codetoarea("321201198707171014")
  File "C:\djangoproject\Reliability_Row_data\PersonalInfo\views.py", line 1572, in codetoarea
    print(code[12, 14])
TypeError: string indices must be integers
[2020-12-17 12:35:37,370] [basehttp.py:154] [basehttp:log_message] [ERROR]- "GET /PersonalInfo/Summary3/ HTTP/1.1" 500 90533
[2020-12-17 12:35:37,478] [basehttp.py:154] [basehttp:log_message] [INFO]- "GET /favicon.ico HTTP/1.1" 200 20120
[2020-12-17 12:36:23,450] [log.py:228] [log:log_response] [ERROR]- Internal Server Error: /PersonalInfo/Summary3/
Traceback (most recent call last):
  File "C:\Python372\mecheck\lib\site-packages\django\core\handlers\exception.py", line 34, in inner
    response = get_response(request)
  File "C:\Python372\mecheck\lib\site-packages\django\core\handlers\base.py", line 126, in _get_response
    response = self.process_exception_by_middleware(e, request)
  File "C:\Python372\mecheck\lib\site-packages\django\core\handlers\base.py", line 124, in _get_response
    response = wrapped_callback(request, *callback_args, **callback_kwargs)
  File "C:\djangoproject\Reliability_Row_data\PersonalInfo\views.py", line 637, in Summary3
    codetoarea("321201198707171014")
  File "C:\djangoproject\Reliability_Row_data\PersonalInfo\views.py", line 1572, in codetoarea
    if (code[10: 12] < month or (code[10: 12] == month and code[12: 14] <= day)):
TypeError: '<' not supported between instances of 'str' and 'int'
[2020-12-17 12:36:23,452] [basehttp.py:154] [basehttp:log_message] [ERROR]- "GET /PersonalInfo/Summary3/ HTTP/1.1" 500 90819
[2020-12-17 12:36:23,551] [basehttp.py:154] [basehttp:log_message] [INFO]- "GET /favicon.ico HTTP/1.1" 200 20120
[2020-12-17 12:37:15,827] [basehttp.py:154] [basehttp:log_message] [INFO]- "GET /PersonalInfo/Summary3/ HTTP/1.1" 200 126
[2020-12-17 12:37:15,861] [basehttp.py:154] [basehttp:log_message] [INFO]- "GET /favicon.ico HTTP/1.1" 200 20120
[2020-12-17 12:38:16,913] [basehttp.py:154] [basehttp:log_message] [INFO]- "GET /PersonalInfo/Summary3/ HTTP/1.1" 200 126
[2020-12-17 12:38:16,944] [basehttp.py:154] [basehttp:log_message] [INFO]- "GET /favicon.ico HTTP/1.1" 200 20120
[2020-12-17 12:41:20,512] [basehttp.py:154] [basehttp:log_message] [INFO]- "GET /PersonalInfo/Summary3/ HTTP/1.1" 200 126
[2020-12-17 12:41:20,546] [basehttp.py:154] [basehttp:log_message] [INFO]- "GET /favicon.ico HTTP/1.1" 200 20120
[2020-12-17 12:43:06,917] [log.py:228] [log:log_response] [ERROR]- Internal Server Error: /PersonalInfo/Summary3/
Traceback (most recent call last):
  File "C:\Python372\mecheck\lib\site-packages\django\core\handlers\exception.py", line 34, in inner
    response = get_response(request)
  File "C:\Python372\mecheck\lib\site-packages\django\core\handlers\base.py", line 126, in _get_response
    response = self.process_exception_by_middleware(e, request)
  File "C:\Python372\mecheck\lib\site-packages\django\core\handlers\base.py", line 124, in _get_response
    response = wrapped_callback(request, *callback_args, **callback_kwargs)
  File "C:\djangoproject\Reliability_Row_data\PersonalInfo\views.py", line 637, in Summary3
    codetoarea("321201198707171014")
  File "C:\djangoproject\Reliability_Row_data\PersonalInfo\views.py", line 1576, in codetoarea
    if sex%2 == 0:
TypeError: not all arguments converted during string formatting
[2020-12-17 12:43:06,919] [basehttp.py:154] [basehttp:log_message] [ERROR]- "GET /PersonalInfo/Summary3/ HTTP/1.1" 500 90599
[2020-12-17 12:43:07,031] [basehttp.py:154] [basehttp:log_message] [INFO]- "GET /favicon.ico HTTP/1.1" 200 20120
[2020-12-17 12:44:14,711] [basehttp.py:154] [basehttp:log_message] [INFO]- "GET /PersonalInfo/Summary3/ HTTP/1.1" 200 126
[2020-12-17 12:44:14,755] [basehttp.py:154] [basehttp:log_message] [INFO]- "GET /favicon.ico HTTP/1.1" 200 20120
[2020-12-17 12:44:56,492] [basehttp.py:154] [basehttp:log_message] [INFO]- "GET /PersonalInfo/Summary3/ HTTP/1.1" 200 126
[2020-12-17 12:44:56,537] [basehttp.py:154] [basehttp:log_message] [INFO]- "GET /favicon.ico HTTP/1.1" 200 20120
[2020-12-17 13:05:45,842] [log.py:228] [log:log_response] [ERROR]- Internal Server Error: /PersonalInfo/Summary3/
Traceback (most recent call last):
  File "C:\Python372\mecheck\lib\site-packages\django\core\handlers\exception.py", line 34, in inner
    response = get_response(request)
  File "C:\Python372\mecheck\lib\site-packages\django\core\handlers\base.py", line 126, in _get_response
    response = self.process_exception_by_middleware(e, request)
  File "C:\Python372\mecheck\lib\site-packages\django\core\handlers\base.py", line 124, in _get_response
    response = wrapped_callback(request, *callback_args, **callback_kwargs)
  File "C:\djangoproject\Reliability_Row_data\PersonalInfo\views.py", line 637, in Summary3
    codetoarea("321201198707171014")
  File "C:\djangoproject\Reliability_Row_data\PersonalInfo\views.py", line 1581, in codetoarea
    returninfo["arear"] = areaCode[code[:6]]
KeyError: '321201'
[2020-12-17 13:05:45,844] [basehttp.py:154] [basehttp:log_message] [ERROR]- "GET /PersonalInfo/Summary3/ HTTP/1.1" 500 90538
[2020-12-17 13:05:45,988] [basehttp.py:154] [basehttp:log_message] [INFO]- "GET /favicon.ico HTTP/1.1" 200 20120
[2020-12-17 13:08:13,207] [log.py:228] [log:log_response] [ERROR]- Internal Server Error: /PersonalInfo/Summary3/
Traceback (most recent call last):
  File "C:\Python372\mecheck\lib\site-packages\django\core\handlers\exception.py", line 34, in inner
    response = get_response(request)
  File "C:\Python372\mecheck\lib\site-packages\django\core\handlers\base.py", line 126, in _get_response
    response = self.process_exception_by_middleware(e, request)
  File "C:\Python372\mecheck\lib\site-packages\django\core\handlers\base.py", line 124, in _get_response
    response = wrapped_callback(request, *callback_args, **callback_kwargs)
  File "C:\djangoproject\Reliability_Row_data\PersonalInfo\views.py", line 637, in Summary3
    codetoarea("321201198707171014")
  File "C:\djangoproject\Reliability_Row_data\PersonalInfo\views.py", line 1581, in codetoarea
    if areaCode[code[:6]]:
KeyError: '321201'
[2020-12-17 13:08:13,212] [basehttp.py:154] [basehttp:log_message] [ERROR]- "GET /PersonalInfo/Summary3/ HTTP/1.1" 500 90519
[2020-12-17 13:08:13,366] [basehttp.py:154] [basehttp:log_message] [INFO]- "GET /favicon.ico HTTP/1.1" 200 20120
[2020-12-17 13:08:55,477] [basehttp.py:154] [basehttp:log_message] [INFO]- "GET /PersonalInfo/Summary3/ HTTP/1.1" 200 126
[2020-12-17 13:08:55,527] [basehttp.py:154] [basehttp:log_message] [INFO]- "GET /favicon.ico HTTP/1.1" 200 20120
[2020-12-17 14:15:12,102] [basehttp.py:154] [basehttp:log_message] [INFO]- "GET /PersonalInfo/Summary3/ HTTP/1.1" 200 126
[2020-12-17 14:15:12,152] [basehttp.py:154] [basehttp:log_message] [INFO]- "GET /favicon.ico HTTP/1.1" 200 20120
