[2021-02-19 09:54:15,545] [basehttp.py:154] [basehttp:log_message] [INFO]- "GET / HTTP/1.1" 302 0
[2021-02-19 09:54:15,559] [basehttp.py:154] [basehttp:log_message] [INFO]- "GET /login/ HTTP/1.1" 200 4677
[2021-02-19 09:54:15,900] [basehttp.py:154] [basehttp:log_message] [INFO]- "GET /favicon.ico HTTP/1.1" 302 0
[2021-02-19 09:54:15,907] [basehttp.py:154] [basehttp:log_message] [INFO]- "GET /login/ HTTP/1.1" 200 4677
[2021-02-19 09:54:18,892] [basehttp.py:154] [basehttp:log_message] [INFO]- "POST /login/ HTTP/1.1" 302 0
[2021-02-19 09:54:19,059] [basehttp.py:154] [basehttp:log_message] [INFO]- "GET /index/ HTTP/1.1" 200 44413
[2021-02-19 09:54:19,085] [basehttp.py:154] [basehttp:log_message] [INFO]- "GET /static/css/lib/menubar/sidebar.css HTTP/1.1" 304 0
[2021-02-19 09:54:19,448] [basehttp.py:154] [basehttp:log_message] [INFO]- "GET /index/ HTTP/1.1" 200 44413
[2021-02-19 09:54:19,749] [basehttp.py:154] [basehttp:log_message] [INFO]- "GET /favicon.ico HTTP/1.1" 200 20256
[2021-02-19 09:54:32,301] [basehttp.py:154] [basehttp:log_message] [INFO]- "GET /PersonalInfo/Infos-upload/ HTTP/1.1" 200 25954
[2021-02-19 09:54:32,325] [basehttp.py:154] [basehttp:log_message] [INFO]- "GET /static/css/b_upload.css HTTP/1.1" 200 3339
[2021-02-19 09:54:32,340] [basehttp.py:154] [basehttp:log_message] [INFO]- "GET /static/js/xlsx/xlsx_pop1.js HTTP/1.1" 200 6837
[2021-02-19 09:54:32,341] [basehttp.py:154] [basehttp:log_message] [INFO]- "GET /static/js/xlsx/xlsx_pop.js HTTP/1.1" 200 6847
[2021-02-19 09:54:32,353] [basehttp.py:154] [basehttp:log_message] [INFO]- "GET /static/js/xlsx/xlsx_pop4.js HTTP/1.1" 200 6837
[2021-02-19 09:54:32,354] [basehttp.py:154] [basehttp:log_message] [INFO]- "GET /static/js/xlsx/xlsx_pop3.js HTTP/1.1" 200 6837
[2021-02-19 09:54:32,355] [basehttp.py:154] [basehttp:log_message] [INFO]- "GET /static/js/xlsx/xlsx_pop2.js HTTP/1.1" 200 6837
[2021-02-19 09:54:32,355] [basehttp.py:154] [basehttp:log_message] [INFO]- "GET /static/src/back/document_save_2_24px_539656_easyicon.net.png HTTP/1.1" 200 2187
[2021-02-19 09:54:32,355] [basehttp.py:154] [basehttp:log_message] [INFO]- "GET /static/bootstrap-3.3.7-dist/js/bootstrap.min.js HTTP/1.1" 200 37045
[2021-02-19 09:54:32,369] [basehttp.py:154] [basehttp:log_message] [INFO]- "GET /static/src/blue.jpg HTTP/1.1" 200 60343
[2021-02-19 09:54:32,534] [basehttp.py:154] [basehttp:log_message] [INFO]- "GET /favicon.ico HTTP/1.1" 200 20256
[2021-02-19 09:54:50,056] [basehttp.py:154] [basehttp:log_message] [INFO]- "POST /PersonalInfo/Infos-upload/ HTTP/1.1" 200 2439
