[2020-04-08 08:13:22,069] [basehttp.py:154] [basehttp:log_message] [INFO]- "GET /LessonProjectME/Lesson_ProjectResult/ HTTP/1.1" 200 35824
[2020-04-08 08:13:22,159] [log.py:228] [log:log_response] [WARNING]- Not Found: /static/jquery-3.2.1.js
[2020-04-08 08:13:22,160] [basehttp.py:154] [basehttp:log_message] [WARNING]- "GET /static/jquery-3.2.1.js HTTP/1.1" 404 77
[2020-04-08 08:13:22,337] [log.py:228] [log:log_response] [WARNING]- Not Found: /static/css/bootstrap.min.css.map
[2020-04-08 08:13:22,338] [basehttp.py:154] [basehttp:log_message] [WARNING]- "GET /static/css/bootstrap.min.css.map HTTP/1.1" 404 77
[2020-04-08 08:13:22,394] [log.py:228] [log:log_response] [WARNING]- Not Found: /static/js/lib/bootstrap.min.js.map
[2020-04-08 08:13:22,395] [basehttp.py:154] [basehttp:log_message] [WARNING]- "GET /static/js/lib/bootstrap.min.js.map HTTP/1.1" 404 77
[2020-04-08 08:13:22,686] [log.py:228] [log:log_response] [WARNING]- Not Found: /static/js/axios.min.map
[2020-04-08 08:13:22,687] [basehttp.py:154] [basehttp:log_message] [WARNING]- "GET /static/js/axios.min.map HTTP/1.1" 404 77
[2020-04-08 08:13:22,690] [log.py:228] [log:log_response] [WARNING]- Not Found: /static/js/xlsx/FileSaver.min.js.map
[2020-04-08 08:13:22,690] [basehttp.py:154] [basehttp:log_message] [WARNING]- "GET /static/js/xlsx/FileSaver.min.js.map HTTP/1.1" 404 77
[2020-04-08 08:13:22,976] [basehttp.py:154] [basehttp:log_message] [INFO]- "GET /LessonProjectME/Lesson_ProjectResult/?action=get&csrfmiddlewaretoken=9DpoY5zgAW2NEPIzgmZFlhftKqHGJSZJ292gcsU7lPetRAYXIt9NhioEwIg94uH6 HTTP/1.1" 200 66
[2020-04-08 08:13:23,046] [basehttp.py:154] [basehttp:log_message] [INFO]- "GET /favicon.ico HTTP/1.1" 200 15473
[2020-04-08 08:13:27,487] [basehttp.py:154] [basehttp:log_message] [INFO]- "GET /LessonProjectME/Lesson_ProjectResult/?action=search&customer=C38(NB)&project=EL432&csrfmiddlewaretoken=9DpoY5zgAW2NEPIzgmZFlhftKqHGJSZJ292gcsU7lPetRAYXIt9NhioEwIg94uH6 HTTP/1.1" 200 4678
[2020-04-08 08:13:27,581] [basehttp.py:154] [basehttp:log_message] [INFO]- "GET /LessonProjectME/Lesson_ProjectResult/?action=search&customer=C38(NB)&project=EL432&csrfmiddlewaretoken=9DpoY5zgAW2NEPIzgmZFlhftKqHGJSZJ292gcsU7lPetRAYXIt9NhioEwIg94uH6 HTTP/1.1" 200 4678
[2020-04-08 08:13:33,047] [basehttp.py:154] [basehttp:log_message] [INFO]- "POST /LessonProjectME/Lesson_ProjectResult/ HTTP/1.1" 200 4582
[2020-04-08 08:13:37,973] [log.py:228] [log:log_response] [WARNING]- Not Found: /static/js/axios.min.map
[2020-04-08 08:13:37,975] [basehttp.py:154] [basehttp:log_message] [WARNING]- "GET /static/js/axios.min.map HTTP/1.1" 404 77
[2020-04-08 08:13:37,978] [log.py:228] [log:log_response] [WARNING]- Not Found: /static/js/lib/bootstrap.min.js.map
[2020-04-08 08:13:37,979] [basehttp.py:154] [basehttp:log_message] [WARNING]- "GET /static/js/lib/bootstrap.min.js.map HTTP/1.1" 404 77
[2020-04-08 08:13:37,980] [log.py:228] [log:log_response] [WARNING]- Not Found: /static/js/xlsx/FileSaver.min.js.map
[2020-04-08 08:13:37,981] [basehttp.py:154] [basehttp:log_message] [WARNING]- "GET /static/js/xlsx/FileSaver.min.js.map HTTP/1.1" 404 77
[2020-04-08 08:13:38,213] [log.py:228] [log:log_response] [WARNING]- Not Found: /static/css/bootstrap.min.css.map
[2020-04-08 08:13:38,213] [basehttp.py:154] [basehttp:log_message] [WARNING]- "GET /static/css/bootstrap.min.css.map HTTP/1.1" 404 77
[2020-04-08 08:13:41,370] [basehttp.py:154] [basehttp:log_message] [INFO]- "POST /LessonProjectME/Lesson_ProjectResult/ HTTP/1.1" 200 4582
[2020-04-08 08:15:35,443] [basehttp.py:154] [basehttp:log_message] [INFO]- "GET /LessonProjectME/Lesson_ProjectResult/ HTTP/1.1" 200 35824
[2020-04-08 08:15:35,499] [log.py:228] [log:log_response] [WARNING]- Not Found: /static/jquery-3.2.1.js
[2020-04-08 08:15:35,499] [basehttp.py:154] [basehttp:log_message] [WARNING]- "GET /static/jquery-3.2.1.js HTTP/1.1" 404 77
[2020-04-08 08:15:35,667] [log.py:228] [log:log_response] [WARNING]- Not Found: /static/css/bootstrap.min.css.map
[2020-04-08 08:15:35,669] [basehttp.py:154] [basehttp:log_message] [WARNING]- "GET /static/css/bootstrap.min.css.map HTTP/1.1" 404 77
[2020-04-08 08:15:35,774] [log.py:228] [log:log_response] [WARNING]- Not Found: /static/js/lib/bootstrap.min.js.map
[2020-04-08 08:15:35,774] [basehttp.py:154] [basehttp:log_message] [WARNING]- "GET /static/js/lib/bootstrap.min.js.map HTTP/1.1" 404 77
[2020-04-08 08:15:35,906] [log.py:228] [log:log_response] [WARNING]- Not Found: /static/js/axios.min.map
[2020-04-08 08:15:35,906] [basehttp.py:154] [basehttp:log_message] [WARNING]- "GET /static/js/axios.min.map HTTP/1.1" 404 77
[2020-04-08 08:15:35,908] [log.py:228] [log:log_response] [WARNING]- Not Found: /static/js/xlsx/FileSaver.min.js.map
[2020-04-08 08:15:35,909] [basehttp.py:154] [basehttp:log_message] [WARNING]- "GET /static/js/xlsx/FileSaver.min.js.map HTTP/1.1" 404 77
[2020-04-08 08:15:36,185] [basehttp.py:154] [basehttp:log_message] [INFO]- "GET /LessonProjectME/Lesson_ProjectResult/?action=get&csrfmiddlewaretoken=MqzqRgc0M04NxM8RmbNxcDt6h51vdP8eFWci5DxRxTgtKxofOiXF8ECh3nAYyrQB HTTP/1.1" 200 66
[2020-04-08 08:15:36,305] [basehttp.py:154] [basehttp:log_message] [INFO]- "GET /favicon.ico HTTP/1.1" 200 15473
[2020-04-08 08:15:39,491] [basehttp.py:154] [basehttp:log_message] [INFO]- "GET /LessonProjectME/Lesson_ProjectResult/?action=search&customer=C38(NB)&project=EL432&csrfmiddlewaretoken=MqzqRgc0M04NxM8RmbNxcDt6h51vdP8eFWci5DxRxTgtKxofOiXF8ECh3nAYyrQB HTTP/1.1" 200 4685
[2020-04-08 08:15:39,593] [basehttp.py:154] [basehttp:log_message] [INFO]- "GET /LessonProjectME/Lesson_ProjectResult/?action=search&customer=C38(NB)&project=EL432&csrfmiddlewaretoken=MqzqRgc0M04NxM8RmbNxcDt6h51vdP8eFWci5DxRxTgtKxofOiXF8ECh3nAYyrQB HTTP/1.1" 200 4685
[2020-04-08 08:15:53,555] [basehttp.py:154] [basehttp:log_message] [INFO]- "POST /LessonProjectME/Lesson_ProjectResult/ HTTP/1.1" 200 4594
[2020-04-08 08:53:02,793] [basehttp.py:154] [basehttp:log_message] [INFO]- "GET /LessonProjectME/Lesson_ProjectResult/ HTTP/1.1" 200 35824
[2020-04-08 08:53:02,875] [log.py:228] [log:log_response] [WARNING]- Not Found: /static/jquery-3.2.1.js
[2020-04-08 08:53:02,876] [basehttp.py:154] [basehttp:log_message] [WARNING]- "GET /static/jquery-3.2.1.js HTTP/1.1" 404 77
[2020-04-08 08:53:03,215] [log.py:228] [log:log_response] [WARNING]- Not Found: /static/css/bootstrap.min.css.map
[2020-04-08 08:53:03,216] [basehttp.py:154] [basehttp:log_message] [WARNING]- "GET /static/css/bootstrap.min.css.map HTTP/1.1" 404 77
[2020-04-08 08:53:03,377] [log.py:228] [log:log_response] [WARNING]- Not Found: /static/js/lib/bootstrap.min.js.map
[2020-04-08 08:53:03,377] [basehttp.py:154] [basehttp:log_message] [WARNING]- "GET /static/js/lib/bootstrap.min.js.map HTTP/1.1" 404 77
[2020-04-08 08:53:03,721] [log.py:228] [log:log_response] [WARNING]- Not Found: /static/js/axios.min.map
[2020-04-08 08:53:03,722] [basehttp.py:154] [basehttp:log_message] [WARNING]- "GET /static/js/axios.min.map HTTP/1.1" 404 77
[2020-04-08 08:53:03,723] [log.py:228] [log:log_response] [WARNING]- Not Found: /static/js/xlsx/FileSaver.min.js.map
[2020-04-08 08:53:03,724] [basehttp.py:154] [basehttp:log_message] [WARNING]- "GET /static/js/xlsx/FileSaver.min.js.map HTTP/1.1" 404 77
[2020-04-08 08:53:03,992] [basehttp.py:154] [basehttp:log_message] [INFO]- "GET /LessonProjectME/Lesson_ProjectResult/?action=get&csrfmiddlewaretoken=XBDLgmEV3b6cSMAXEWIS8c2hIIyvMyRiQ7gDuJZMO4iS5xQl63S04dbsu07Y7azF HTTP/1.1" 200 66
[2020-04-08 08:53:04,031] [basehttp.py:154] [basehttp:log_message] [INFO]- "GET /favicon.ico HTTP/1.1" 200 15473
[2020-04-08 08:53:07,697] [basehttp.py:154] [basehttp:log_message] [INFO]- "GET /LessonProjectME/Lesson_ProjectResult/?action=search&customer=C38(NB)&project=EL432&csrfmiddlewaretoken=XBDLgmEV3b6cSMAXEWIS8c2hIIyvMyRiQ7gDuJZMO4iS5xQl63S04dbsu07Y7azF HTTP/1.1" 200 4685
[2020-04-08 08:53:07,832] [basehttp.py:154] [basehttp:log_message] [INFO]- "GET /LessonProjectME/Lesson_ProjectResult/?action=search&customer=C38(NB)&project=EL432&csrfmiddlewaretoken=XBDLgmEV3b6cSMAXEWIS8c2hIIyvMyRiQ7gDuJZMO4iS5xQl63S04dbsu07Y7azF HTTP/1.1" 200 4685
[2020-04-08 08:53:12,918] [basehttp.py:154] [basehttp:log_message] [INFO]- "POST /LessonProjectME/Lesson_ProjectResult/ HTTP/1.1" 200 4660
[2020-04-08 08:59:17,070] [basehttp.py:154] [basehttp:log_message] [INFO]- "GET /DriverTool/ToolList_upload/ HTTP/1.1" 200 21773
[2020-04-08 08:59:17,120] [log.py:228] [log:log_response] [WARNING]- Not Found: /static/jquery-3.2.1.js
[2020-04-08 08:59:17,120] [basehttp.py:154] [basehttp:log_message] [WARNING]- "GET /static/jquery-3.2.1.js HTTP/1.1" 404 77
[2020-04-08 08:59:17,155] [basehttp.py:154] [basehttp:log_message] [INFO]- "GET /static/bootstrap-3.3.7-dist/js/bootstrap.min.js HTTP/1.1" 200 37045
[2020-04-08 08:59:17,422] [basehttp.py:154] [basehttp:log_message] [INFO]- "GET /favicon.ico HTTP/1.1" 200 15473
[2020-04-08 09:01:05,867] [basehttp.py:154] [basehttp:log_message] [INFO]- "GET /DriverTool/DriverList_search/ HTTP/1.1" 200 24436
[2020-04-08 09:01:05,919] [log.py:228] [log:log_response] [WARNING]- Not Found: /static/jquery-3.2.1.js
[2020-04-08 09:01:05,919] [basehttp.py:154] [basehttp:log_message] [WARNING]- "GET /static/jquery-3.2.1.js HTTP/1.1" 404 77
[2020-04-08 09:01:05,927] [basehttp.py:154] [basehttp:log_message] [INFO]- "GET /static/css/index.css HTTP/1.1" 200 232694
[2020-04-08 09:01:06,599] [basehttp.py:154] [basehttp:log_message] [INFO]- "POST /DriverTool/DriverList_search/ HTTP/1.1" 200 311
[2020-04-08 09:01:06,605] [basehttp.py:154] [basehttp:log_message] [INFO]- "GET /favicon.ico HTTP/1.1" 200 15473
[2020-04-08 09:01:07,974] [basehttp.py:154] [basehttp:log_message] [INFO]- "POST /DriverTool/DriverList_search/ HTTP/1.1" 200 1185
[2020-04-08 09:01:09,755] [basehttp.py:154] [basehttp:log_message] [INFO]- "POST /DriverTool/DriverList_search/ HTTP/1.1" 200 495
[2020-04-08 09:01:19,324] [basehttp.py:154] [basehttp:log_message] [INFO]- "GET /DriverTool/ToolList_search/ HTTP/1.1" 200 25097
[2020-04-08 09:01:19,366] [log.py:228] [log:log_response] [WARNING]- Not Found: /static/jquery-3.2.1.js
[2020-04-08 09:01:19,366] [basehttp.py:154] [basehttp:log_message] [WARNING]- "GET /static/jquery-3.2.1.js HTTP/1.1" 404 77
[2020-04-08 09:01:19,780] [basehttp.py:154] [basehttp:log_message] [INFO]- "POST /DriverTool/ToolList_search/ HTTP/1.1" 200 175
[2020-04-08 09:01:19,824] [basehttp.py:154] [basehttp:log_message] [INFO]- "GET /favicon.ico HTTP/1.1" 200 15473
[2020-04-08 09:01:24,881] [basehttp.py:154] [basehttp:log_message] [INFO]- "GET /DriverTool/ToolList_upload/ HTTP/1.1" 200 21773
[2020-04-08 09:01:24,929] [log.py:228] [log:log_response] [WARNING]- Not Found: /static/jquery-3.2.1.js
[2020-04-08 09:01:24,930] [basehttp.py:154] [basehttp:log_message] [WARNING]- "GET /static/jquery-3.2.1.js HTTP/1.1" 404 77
[2020-04-08 09:01:25,114] [basehttp.py:154] [basehttp:log_message] [INFO]- "GET /favicon.ico HTTP/1.1" 200 15473
[2020-04-08 09:02:10,598] [basehttp.py:154] [basehttp:log_message] [INFO]- "GET /DriverTool/DriverList_upload/ HTTP/1.1" 200 22671
[2020-04-08 09:02:10,650] [log.py:228] [log:log_response] [WARNING]- Not Found: /static/jquery-3.2.1.js
[2020-04-08 09:02:10,651] [basehttp.py:154] [basehttp:log_message] [WARNING]- "GET /static/jquery-3.2.1.js HTTP/1.1" 404 77
[2020-04-08 09:02:10,941] [basehttp.py:154] [basehttp:log_message] [INFO]- "GET /favicon.ico HTTP/1.1" 200 15473
[2020-04-08 09:02:20,526] [basehttp.py:154] [basehttp:log_message] [INFO]- "GET /DriverTool/ToolList_upload/ HTTP/1.1" 200 21773
[2020-04-08 09:02:20,572] [log.py:228] [log:log_response] [WARNING]- Not Found: /static/jquery-3.2.1.js
[2020-04-08 09:02:20,573] [basehttp.py:154] [basehttp:log_message] [WARNING]- "GET /static/jquery-3.2.1.js HTTP/1.1" 404 77
[2020-04-08 09:02:20,773] [basehttp.py:154] [basehttp:log_message] [INFO]- "GET /favicon.ico HTTP/1.1" 200 15473
[2020-04-08 09:05:19,803] [basehttp.py:154] [basehttp:log_message] [INFO]- "GET /DriverTool/ToolList_upload/ HTTP/1.1" 200 21773
[2020-04-08 09:05:19,853] [log.py:228] [log:log_response] [WARNING]- Not Found: /static/jquery-3.2.1.js
[2020-04-08 09:05:19,855] [basehttp.py:154] [basehttp:log_message] [WARNING]- "GET /static/jquery-3.2.1.js HTTP/1.1" 404 77
[2020-04-08 09:05:20,126] [basehttp.py:154] [basehttp:log_message] [INFO]- "GET /favicon.ico HTTP/1.1" 200 15473
[2020-04-08 09:05:29,261] [basehttp.py:154] [basehttp:log_message] [INFO]- "GET /DriverTool/ToolList_upload/ HTTP/1.1" 200 21773
[2020-04-08 09:05:29,311] [log.py:228] [log:log_response] [WARNING]- Not Found: /static/jquery-3.2.1.js
[2020-04-08 09:05:29,312] [basehttp.py:154] [basehttp:log_message] [WARNING]- "GET /static/jquery-3.2.1.js HTTP/1.1" 404 77
[2020-04-08 09:05:29,527] [basehttp.py:154] [basehttp:log_message] [INFO]- "GET /favicon.ico HTTP/1.1" 200 15473
[2020-04-08 09:06:20,465] [basehttp.py:154] [basehttp:log_message] [INFO]- "GET /LessonProjectME/Lesson_ProjectResult/ HTTP/1.1" 200 35824
[2020-04-08 09:06:20,519] [log.py:228] [log:log_response] [WARNING]- Not Found: /static/jquery-3.2.1.js
[2020-04-08 09:06:20,519] [basehttp.py:154] [basehttp:log_message] [WARNING]- "GET /static/jquery-3.2.1.js HTTP/1.1" 404 77
[2020-04-08 09:06:21,065] [basehttp.py:154] [basehttp:log_message] [INFO]- "GET /LessonProjectME/Lesson_ProjectResult/?action=get&csrfmiddlewaretoken=z4DRyqgb54QypRQK7uNBb2xnXXPPvN35sAgJMNB2QX2eCC68zBXJ73GyJfoiQpLs HTTP/1.1" 200 66
[2020-04-08 09:06:21,091] [basehttp.py:154] [basehttp:log_message] [INFO]- "GET /favicon.ico HTTP/1.1" 200 15473
[2020-04-08 09:06:28,935] [basehttp.py:154] [basehttp:log_message] [INFO]- "GET /LessonProjectME/Lesson_ProjectResult/?action=search&customer=C38(NB)&project=EL432&csrfmiddlewaretoken=z4DRyqgb54QypRQK7uNBb2xnXXPPvN35sAgJMNB2QX2eCC68zBXJ73GyJfoiQpLs HTTP/1.1" 200 4685
[2020-04-08 09:06:29,015] [basehttp.py:154] [basehttp:log_message] [INFO]- "GET /LessonProjectME/Lesson_ProjectResult/?action=search&customer=C38(NB)&project=EL432&csrfmiddlewaretoken=z4DRyqgb54QypRQK7uNBb2xnXXPPvN35sAgJMNB2QX2eCC68zBXJ73GyJfoiQpLs HTTP/1.1" 200 4685
[2020-04-08 09:06:35,091] [basehttp.py:154] [basehttp:log_message] [INFO]- "POST /LessonProjectME/Lesson_ProjectResult/ HTTP/1.1" 200 4634
[2020-04-08 09:06:49,148] [log.py:228] [log:log_response] [WARNING]- Not Found: /static/js/lib/bootstrap.min.js.map
[2020-04-08 09:06:49,148] [basehttp.py:154] [basehttp:log_message] [WARNING]- "GET /static/js/lib/bootstrap.min.js.map HTTP/1.1" 404 77
[2020-04-08 09:06:49,152] [log.py:228] [log:log_response] [WARNING]- Not Found: /static/js/axios.min.map
[2020-04-08 09:06:49,154] [basehttp.py:154] [basehttp:log_message] [WARNING]- "GET /static/js/axios.min.map HTTP/1.1" 404 77
[2020-04-08 09:06:49,157] [log.py:228] [log:log_response] [WARNING]- Not Found: /static/js/xlsx/FileSaver.min.js.map
[2020-04-08 09:06:49,157] [basehttp.py:154] [basehttp:log_message] [WARNING]- "GET /static/js/xlsx/FileSaver.min.js.map HTTP/1.1" 404 77
[2020-04-08 09:06:49,430] [log.py:228] [log:log_response] [WARNING]- Not Found: /static/css/bootstrap.min.css.map
[2020-04-08 09:06:49,430] [basehttp.py:154] [basehttp:log_message] [WARNING]- "GET /static/css/bootstrap.min.css.map HTTP/1.1" 404 77
[2020-04-08 09:06:53,548] [basehttp.py:154] [basehttp:log_message] [INFO]- "POST /LessonProjectME/Lesson_ProjectResult/ HTTP/1.1" 200 4635
[2020-04-08 09:08:06,326] [basehttp.py:154] [basehttp:log_message] [INFO]- "GET /LessonProjectME/Lesson_ProjectResult/?action=search&customer=C38(NB)&project=EL432&csrfmiddlewaretoken=z4DRyqgb54QypRQK7uNBb2xnXXPPvN35sAgJMNB2QX2eCC68zBXJ73GyJfoiQpLs HTTP/1.1" 200 4687
[2020-04-08 09:08:06,416] [basehttp.py:154] [basehttp:log_message] [INFO]- "GET /LessonProjectME/Lesson_ProjectResult/?action=search&customer=C38(NB)&project=EL432&csrfmiddlewaretoken=z4DRyqgb54QypRQK7uNBb2xnXXPPvN35sAgJMNB2QX2eCC68zBXJ73GyJfoiQpLs HTTP/1.1" 200 4687
[2020-04-08 09:08:11,038] [basehttp.py:154] [basehttp:log_message] [INFO]- "POST /LessonProjectME/Lesson_ProjectResult/ HTTP/1.1" 200 4636
[2020-04-08 09:08:32,058] [basehttp.py:154] [basehttp:log_message] [INFO]- "POST /LessonProjectME/Lesson_ProjectResult/ HTTP/1.1" 200 4636
[2020-04-08 09:23:05,183] [basehttp.py:154] [basehttp:log_message] [INFO]- "GET /DriverTool/DriverList_upload/ HTTP/1.1" 200 22671
[2020-04-08 09:23:05,224] [log.py:228] [log:log_response] [WARNING]- Not Found: /static/jquery-3.2.1.js
[2020-04-08 09:23:05,225] [basehttp.py:154] [basehttp:log_message] [WARNING]- "GET /static/jquery-3.2.1.js HTTP/1.1" 404 77
[2020-04-08 09:23:05,485] [basehttp.py:154] [basehttp:log_message] [INFO]- "GET /favicon.ico HTTP/1.1" 200 15473
[2020-04-08 09:23:21,902] [log.py:228] [log:log_response] [ERROR]- Internal Server Error: /DriverTool/DriverList_upload/
Traceback (most recent call last):
  File "C:\Python372\mecheck\lib\site-packages\django\core\handlers\exception.py", line 34, in inner
    response = get_response(request)
  File "C:\Python372\mecheck\lib\site-packages\django\core\handlers\base.py", line 126, in _get_response
    response = self.process_exception_by_middleware(e, request)
  File "C:\Python372\mecheck\lib\site-packages\django\core\handlers\base.py", line 124, in _get_response
    response = wrapped_callback(request, *callback_args, **callback_kwargs)
  File "C:\Python372\mecheck\lib\site-packages\django\views\decorators\csrf.py", line 54, in wrapped_view
    return view_func(*args, **kwargs)
  File "C:\djangoproject\Reliability_Row_data\DriverTool\views.py", line 79, in DriverList_upload
    'Function': Function, 'Vendor': Vendor, 'Version':Version, 'Image': Image,'Driver': i['Driver']}
KeyError: 'Driver'
[2020-04-08 09:23:21,927] [basehttp.py:154] [basehttp:log_message] [ERROR]- "POST /DriverTool/DriverList_upload/ HTTP/1.1" 500 27
[2020-04-08 09:25:15,881] [basehttp.py:154] [basehttp:log_message] [INFO]- "GET /DriverTool/DriverList_upload/ HTTP/1.1" 200 22671
[2020-04-08 09:25:15,922] [log.py:228] [log:log_response] [WARNING]- Not Found: /static/jquery-3.2.1.js
[2020-04-08 09:25:15,923] [basehttp.py:154] [basehttp:log_message] [WARNING]- "GET /static/jquery-3.2.1.js HTTP/1.1" 404 77
[2020-04-08 09:25:16,166] [basehttp.py:154] [basehttp:log_message] [INFO]- "GET /favicon.ico HTTP/1.1" 200 15473
[2020-04-08 09:25:21,585] [log.py:228] [log:log_response] [ERROR]- Internal Server Error: /DriverTool/DriverList_upload/
Traceback (most recent call last):
  File "C:\Python372\mecheck\lib\site-packages\django\core\handlers\exception.py", line 34, in inner
    response = get_response(request)
  File "C:\Python372\mecheck\lib\site-packages\django\core\handlers\base.py", line 126, in _get_response
    response = self.process_exception_by_middleware(e, request)
  File "C:\Python372\mecheck\lib\site-packages\django\core\handlers\base.py", line 124, in _get_response
    response = wrapped_callback(request, *callback_args, **callback_kwargs)
  File "C:\Python372\mecheck\lib\site-packages\django\views\decorators\csrf.py", line 54, in wrapped_view
    return view_func(*args, **kwargs)
  File "C:\djangoproject\Reliability_Row_data\DriverTool\views.py", line 80, in DriverList_upload
    'Function': Function, 'Vendor': Vendor, 'Version':Version, 'Image': Image,'Driver': i['Driver']}
KeyError: 'Driver'
[2020-04-08 09:25:21,587] [basehttp.py:154] [basehttp:log_message] [ERROR]- "POST /DriverTool/DriverList_upload/ HTTP/1.1" 500 27
[2020-04-08 09:27:21,914] [log.py:228] [log:log_response] [ERROR]- Internal Server Error: /DriverTool/DriverList_upload/
Traceback (most recent call last):
  File "C:\Python372\mecheck\lib\site-packages\django\core\handlers\exception.py", line 34, in inner
    response = get_response(request)
  File "C:\Python372\mecheck\lib\site-packages\django\core\handlers\base.py", line 126, in _get_response
    response = self.process_exception_by_middleware(e, request)
  File "C:\Python372\mecheck\lib\site-packages\django\core\handlers\base.py", line 124, in _get_response
    response = wrapped_callback(request, *callback_args, **callback_kwargs)
  File "C:\Python372\mecheck\lib\site-packages\django\views\decorators\csrf.py", line 54, in wrapped_view
    return view_func(*args, **kwargs)
  File "C:\djangoproject\Reliability_Row_data\DriverTool\views.py", line 80, in DriverList_upload
    'Function': Function, 'Vendor': Vendor, 'Version':Version, 'Image': Image,'Driver': i['Driver']}
KeyError: 'Driver'
[2020-04-08 09:27:21,917] [basehttp.py:154] [basehttp:log_message] [ERROR]- "POST /DriverTool/DriverList_upload/ HTTP/1.1" 500 27
[2020-04-08 09:28:13,939] [basehttp.py:154] [basehttp:log_message] [INFO]- "GET /FilesDownload/ HTTP/1.1" 200 21358
[2020-04-08 09:28:14,008] [log.py:228] [log:log_response] [WARNING]- Not Found: /static/jquery-3.2.1.js
[2020-04-08 09:28:14,009] [basehttp.py:154] [basehttp:log_message] [WARNING]- "GET /static/jquery-3.2.1.js HTTP/1.1" 404 77
[2020-04-08 09:28:14,012] [basehttp.py:154] [basehttp:log_message] [INFO]- "GET /static/src/gallery_01.jpg HTTP/1.1" 200 72066
[2020-04-08 09:28:14,013] [basehttp.py:154] [basehttp:log_message] [INFO]- "GET /static/css/down_base.css HTTP/1.1" 200 4603
[2020-04-08 09:28:14,016] [basehttp.py:154] [basehttp:log_message] [INFO]- "GET /static/css/down_index.css HTTP/1.1" 200 23530
[2020-04-08 09:28:14,020] [basehttp.py:154] [basehttp:log_message] [INFO]- "GET /static/src/gallery_02.jpg HTTP/1.1" 200 94720
[2020-04-08 09:28:14,076] [basehttp.py:154] [basehttp:log_message] [INFO]- "GET /static/js/Element/dialog.js HTTP/1.1" 200 11942
[2020-04-08 09:28:14,077] [basehttp.py:154] [basehttp:log_message] [INFO]- "GET /static/js/Element/tooltip.js HTTP/1.1" 200 8439
[2020-04-08 09:28:14,078] [basehttp.py:154] [basehttp:log_message] [INFO]- "GET /static/js/Element/pagination.js HTTP/1.1" 200 22168
[2020-04-08 09:28:14,121] [basehttp.py:154] [basehttp:log_message] [INFO]- "GET /static/src/gallery_04.jpg HTTP/1.1" 200 91715
[2020-04-08 09:28:14,121] [basehttp.py:154] [basehttp:log_message] [INFO]- "GET /static/src/gallery_03.jpg HTTP/1.1" 200 122723
[2020-04-08 09:28:14,127] [basehttp.py:154] [basehttp:log_message] [INFO]- "GET /static/js/Element/date-picker.js HTTP/1.1" 200 186049
[2020-04-08 09:28:14,134] [basehttp.py:154] [basehttp:log_message] [INFO]- "GET /static/src/gallery_07.jpg HTTP/1.1" 200 60534
[2020-04-08 09:28:14,137] [basehttp.py:154] [basehttp:log_message] [INFO]- "GET /static/src/gallery_05.jpg HTTP/1.1" 200 68706
[2020-04-08 09:28:14,146] [basehttp.py:154] [basehttp:log_message] [INFO]- "GET /static/src/gallery_06.jpg HTTP/1.1" 200 151085
[2020-04-08 09:28:14,160] [basehttp.py:154] [basehttp:log_message] [INFO]- "GET /static/src/gallery_08.jpg HTTP/1.1" 200 35721
[2020-04-08 09:28:14,162] [basehttp.py:154] [basehttp:log_message] [INFO]- "GET /static/src/gallery_09.jpg HTTP/1.1" 200 31930
[2020-04-08 09:28:14,600] [basehttp.py:154] [basehttp:log_message] [INFO]- "GET /favicon.ico HTTP/1.1" 200 15473
[2020-04-08 09:28:16,670] [basehttp.py:154] [basehttp:log_message] [INFO]- "GET /static/src/modelfiles/DriverList.xlsx HTTP/1.1" 200 9126
[2020-04-08 09:29:34,595] [basehttp.py:154] [basehttp:log_message] [INFO]- "GET /FilesDownload/ HTTP/1.1" 200 21358
[2020-04-08 09:29:34,637] [log.py:228] [log:log_response] [WARNING]- Not Found: /static/jquery-3.2.1.js
[2020-04-08 09:29:34,637] [basehttp.py:154] [basehttp:log_message] [WARNING]- "GET /static/jquery-3.2.1.js HTTP/1.1" 404 77
[2020-04-08 09:29:35,175] [basehttp.py:154] [basehttp:log_message] [INFO]- "GET /favicon.ico HTTP/1.1" 200 15473
[2020-04-08 09:29:47,258] [basehttp.py:154] [basehttp:log_message] [INFO]- "GET /DriverTool/DriverList_upload/ HTTP/1.1" 200 22671
[2020-04-08 09:29:47,312] [log.py:228] [log:log_response] [WARNING]- Not Found: /static/jquery-3.2.1.js
[2020-04-08 09:29:47,312] [basehttp.py:154] [basehttp:log_message] [WARNING]- "GET /static/jquery-3.2.1.js HTTP/1.1" 404 77
[2020-04-08 09:29:47,575] [basehttp.py:154] [basehttp:log_message] [INFO]- "GET /favicon.ico HTTP/1.1" 200 15473
[2020-04-08 09:29:52,930] [log.py:228] [log:log_response] [ERROR]- Internal Server Error: /DriverTool/DriverList_upload/
Traceback (most recent call last):
  File "C:\Python372\mecheck\lib\site-packages\django\core\handlers\exception.py", line 34, in inner
    response = get_response(request)
  File "C:\Python372\mecheck\lib\site-packages\django\core\handlers\base.py", line 126, in _get_response
    response = self.process_exception_by_middleware(e, request)
  File "C:\Python372\mecheck\lib\site-packages\django\core\handlers\base.py", line 124, in _get_response
    response = wrapped_callback(request, *callback_args, **callback_kwargs)
  File "C:\Python372\mecheck\lib\site-packages\django\views\decorators\csrf.py", line 54, in wrapped_view
    return view_func(*args, **kwargs)
  File "C:\djangoproject\Reliability_Row_data\DriverTool\views.py", line 80, in DriverList_upload
    'Function': Function, 'Vendor': Vendor, 'Version':Version, 'Image': Image,'Driver': i['Driver']}
KeyError: 'Driver'
[2020-04-08 09:29:52,932] [basehttp.py:154] [basehttp:log_message] [ERROR]- "POST /DriverTool/DriverList_upload/ HTTP/1.1" 500 27
[2020-04-08 09:31:36,663] [basehttp.py:154] [basehttp:log_message] [INFO]- "POST /DriverTool/DriverList_upload/ HTTP/1.1" 200 8591
[2020-04-08 09:32:56,401] [basehttp.py:154] [basehttp:log_message] [INFO]- "POST /DriverTool/DriverList_upload/ HTTP/1.1" 200 8591
[2020-04-08 09:33:40,302] [basehttp.py:154] [basehttp:log_message] [INFO]- "POST /DriverTool/DriverList_upload/ HTTP/1.1" 200 8591
[2020-04-08 09:34:21,788] [basehttp.py:154] [basehttp:log_message] [INFO]- "POST /DriverTool/DriverList_upload/ HTTP/1.1" 200 8591
[2020-04-08 09:36:00,068] [basehttp.py:154] [basehttp:log_message] [INFO]- "GET /DriverTool/ToolList_upload/ HTTP/1.1" 200 21773
[2020-04-08 09:36:00,129] [log.py:228] [log:log_response] [WARNING]- Not Found: /static/jquery-3.2.1.js
[2020-04-08 09:36:00,131] [basehttp.py:154] [basehttp:log_message] [WARNING]- "GET /static/jquery-3.2.1.js HTTP/1.1" 404 77
[2020-04-08 09:36:00,422] [basehttp.py:154] [basehttp:log_message] [INFO]- "GET /favicon.ico HTTP/1.1" 200 15473
[2020-04-08 09:36:32,584] [basehttp.py:154] [basehttp:log_message] [INFO]- "POST /DriverTool/ToolList_upload/ HTTP/1.1" 200 183
[2020-04-08 09:40:06,447] [basehttp.py:154] [basehttp:log_message] [INFO]- "GET /DriverTool/ToolList_upload/ HTTP/1.1" 200 21639
[2020-04-08 09:40:06,493] [basehttp.py:154] [basehttp:log_message] [INFO]- "GET /static/css/lib/calendar2/pignose.calendar.min.css HTTP/1.1" 200 14709
[2020-04-08 09:40:06,506] [basehttp.py:154] [basehttp:log_message] [INFO]- "GET /static/css/lib/owl.carousel.min.css HTTP/1.1" 200 3011
[2020-04-08 09:40:06,506] [basehttp.py:154] [basehttp:log_message] [INFO]- "GET /static/css/lib/themify-icons.css HTTP/1.1" 200 17551
[2020-04-08 09:40:06,507] [basehttp.py:154] [basehttp:log_message] [INFO]- "GET /static/css/lib/chartist/chartist.min.css HTTP/1.1" 200 11508
[2020-04-08 09:40:06,509] [basehttp.py:154] [basehttp:log_message] [INFO]- "GET /static/css/lib/font-awesome.min.css HTTP/1.1" 200 38722
[2020-04-08 09:40:06,509] [basehttp.py:154] [basehttp:log_message] [INFO]- "GET /static/download_UPK/element-ui@2.12.0/lib/theme-chalk/index.css HTTP/1.1" 200 232694
[2020-04-08 09:40:06,559] [basehttp.py:154] [basehttp:log_message] [INFO]- "GET /static/css/lib/owl.theme.default.min.css HTTP/1.1" 200 1003
[2020-04-08 09:40:06,561] [basehttp.py:154] [basehttp:log_message] [INFO]- "GET /static/css/lib/helper.css HTTP/1.1" 200 55773
[2020-04-08 09:40:06,574] [basehttp.py:154] [basehttp:log_message] [INFO]- "GET /static/css/lib/weather-icons.css HTTP/1.1" 200 30752
[2020-04-08 09:40:06,574] [basehttp.py:154] [basehttp:log_message] [INFO]- "GET /static/css/lib/menubar/sidebar.css HTTP/1.1" 200 17210
[2020-04-08 09:40:06,579] [basehttp.py:154] [basehttp:log_message] [INFO]- "GET /static/css/style.css HTTP/1.1" 200 91465
[2020-04-08 09:40:06,589] [basehttp.py:154] [basehttp:log_message] [INFO]- "GET /static/css/bootstrap.min.css HTTP/1.1" 200 144877
[2020-04-08 09:40:06,596] [basehttp.py:154] [basehttp:log_message] [INFO]- "GET /static/css/uploadbutton.css HTTP/1.1" 200 175
[2020-04-08 09:40:06,599] [log.py:228] [log:log_response] [WARNING]- Not Found: /static/jquery-3.2.1.js
[2020-04-08 09:40:06,605] [basehttp.py:154] [basehttp:log_message] [WARNING]- "GET /static/jquery-3.2.1.js HTTP/1.1" 404 77
[2020-04-08 09:40:06,621] [basehttp.py:154] [basehttp:log_message] [INFO]- "GET /static/src/back/001.png HTTP/1.1" 200 2015
[2020-04-08 09:40:06,623] [basehttp.py:154] [basehttp:log_message] [INFO]- "GET /static/src/back/mail.png HTTP/1.1" 200 3002
[2020-04-08 09:40:06,667] [basehttp.py:154] [basehttp:log_message] [INFO]- "GET /static/js/lib/jquery.nanoscroller.min.js HTTP/1.1" 200 12394
[2020-04-08 09:40:06,716] [basehttp.py:154] [basehttp:log_message] [INFO]- "GET /static/js/lib/menubar/sidebar.js HTTP/1.1" 200 7278
[2020-04-08 09:40:06,740] [basehttp.py:154] [basehttp:log_message] [INFO]- "GET /static/js/lib/jquery.min.js HTTP/1.1" 200 97362
[2020-04-08 09:40:06,793] [basehttp.py:154] [basehttp:log_message] [INFO]- "GET /static/js/lib/preloader/pace.min.js HTTP/1.1" 200 26566
[2020-04-08 09:40:06,825] [basehttp.py:154] [basehttp:log_message] [INFO]- "GET /static/js/lib/calendar-2/pignose.init.js HTTP/1.1" 200 258
[2020-04-08 09:40:06,831] [basehttp.py:154] [basehttp:log_message] [INFO]- "GET /static/js/scripts.js HTTP/1.1" 200 1906
[2020-04-08 09:40:06,848] [basehttp.py:154] [basehttp:log_message] [INFO]- "GET /static/js/lib/circle-progress/circle-progress.min.js HTTP/1.1" 200 4453
[2020-04-08 09:40:06,865] [basehttp.py:154] [basehttp:log_message] [INFO]- "GET /static/js/lib/bootstrap.min.js HTTP/1.1" 200 69782
[2020-04-08 09:40:06,879] [basehttp.py:154] [basehttp:log_message] [INFO]- "GET /static/js/lib/circle-progress/circle-progress-init.js HTTP/1.1" 200 1252
[2020-04-08 09:40:06,904] [basehttp.py:154] [basehttp:log_message] [INFO]- "GET /static/js/lib/calendar-2/pignose.calendar.min.js HTTP/1.1" 200 24265
[2020-04-08 09:40:06,906] [basehttp.py:154] [basehttp:log_message] [INFO]- "GET /static/src/blue.jpg HTTP/1.1" 200 60343
[2020-04-08 09:40:06,919] [basehttp.py:154] [basehttp:log_message] [INFO]- "GET /static/js/lib/calendar-2/moment.latest.min.js HTTP/1.1" 200 61317
[2020-04-08 09:40:06,939] [basehttp.py:154] [basehttp:log_message] [INFO]- "GET /static/js/lib/sparklinechart/jquery.sparkline.min.js HTTP/1.1" 200 43247
[2020-04-08 09:40:06,940] [basehttp.py:154] [basehttp:log_message] [INFO]- "GET /static/js/lib/sparklinechart/sparkline.init.js HTTP/1.1" 200 9974
[2020-04-08 09:40:06,986] [basehttp.py:154] [basehttp:log_message] [INFO]- "GET /static/js/lib/owl-carousel/owl.carousel-init.js HTTP/1.1" 200 1044
[2020-04-08 09:40:07,003] [basehttp.py:154] [basehttp:log_message] [INFO]- "GET /static/js/date.js HTTP/1.1" 200 764
[2020-04-08 09:40:07,015] [basehttp.py:154] [basehttp:log_message] [INFO]- "GET /static/js/lib/owl-carousel/owl.carousel.min.js HTTP/1.1" 200 42854
[2020-04-08 09:40:07,017] [basehttp.py:154] [basehttp:log_message] [INFO]- "GET /static/js/xlsx/xlsx.js HTTP/1.1" 200 4975
[2020-04-08 09:40:07,035] [basehttp.py:154] [basehttp:log_message] [INFO]- "GET /static/bootstrap-3.3.7-dist/js/bootstrap.min.js HTTP/1.1" 200 37045
[2020-04-08 09:40:07,055] [basehttp.py:154] [basehttp:log_message] [INFO]- "GET /static/src/back/call.png HTTP/1.1" 200 1850
[2020-04-08 09:40:07,058] [basehttp.py:154] [basehttp:log_message] [INFO]- "GET /static/js/datapicker.js HTTP/1.1" 200 11813
[2020-04-08 09:40:07,059] [basehttp.py:154] [basehttp:log_message] [INFO]- "GET /static/vendor/datatables/jquery.dataTables.js HTTP/1.1" 200 447606
[2020-04-08 09:40:07,078] [basehttp.py:154] [basehttp:log_message] [INFO]- "GET /static/css/admin/assets/fonts/themify.woff?-fvbane HTTP/1.1" 200 0
[2020-04-08 09:40:07,120] [basehttp.py:154] [basehttp:log_message] [INFO]- "GET /static/css/admin/assets/fonts/themify.ttf?-fvbane HTTP/1.1" 200 0
[2020-04-08 09:40:07,181] [basehttp.py:154] [basehttp:log_message] [INFO]- "GET /static/fonts/themify.woff?-fvbane HTTP/1.1" 200 56108
[2020-04-08 09:40:07,324] [basehttp.py:154] [basehttp:log_message] [INFO]- "GET /static/js/xlsx/xlsx.core.min.js HTTP/1.1" 200 480558
[2020-04-08 09:40:07,504] [basehttp.py:154] [basehttp:log_message] [INFO]- "GET /favicon.ico HTTP/1.1" 200 15473
[2020-04-08 09:40:23,969] [basehttp.py:154] [basehttp:log_message] [INFO]- "POST /DriverTool/ToolList_upload/ HTTP/1.1" 200 21639
[2020-04-08 09:40:24,004] [log.py:228] [log:log_response] [WARNING]- Not Found: /static/jquery-3.2.1.js
[2020-04-08 09:40:24,005] [basehttp.py:154] [basehttp:log_message] [WARNING]- "GET /static/jquery-3.2.1.js HTTP/1.1" 404 77
[2020-04-08 09:40:24,257] [basehttp.py:154] [basehttp:log_message] [INFO]- "GET /favicon.ico HTTP/1.1" 200 15473
[2020-04-08 09:48:11,631] [basehttp.py:154] [basehttp:log_message] [INFO]- "GET /LessonProjectME/Lesson_SearchByProject/ HTTP/1.1" 200 31061
[2020-04-08 09:48:11,696] [log.py:228] [log:log_response] [WARNING]- Not Found: /static/jquery-3.2.1.js
[2020-04-08 09:48:11,700] [basehttp.py:154] [basehttp:log_message] [WARNING]- "GET /static/jquery-3.2.1.js HTTP/1.1" 404 77
[2020-04-08 09:48:11,706] [basehttp.py:154] [basehttp:log_message] [INFO]- "GET /static/css/bouncing.css HTTP/1.1" 200 2137
[2020-04-08 09:48:11,707] [basehttp.py:154] [basehttp:log_message] [INFO]- "GET /static/css/ElementUI.css HTTP/1.1" 200 232696
[2020-04-08 09:48:11,715] [basehttp.py:154] [basehttp:log_message] [INFO]- "GET /static/js/es6/polyfill.min.js HTTP/1.1" 200 97799
[2020-04-08 09:48:11,718] [basehttp.py:154] [basehttp:log_message] [INFO]- "GET /static/js/es6/babel.min.js HTTP/1.1" 200 791258
[2020-04-08 09:48:11,747] [basehttp.py:154] [basehttp:log_message] [INFO]- "GET /static/js/xlsx/FileSaver.min.js HTTP/1.1" 200 2611
[2020-04-08 09:48:11,748] [basehttp.py:154] [basehttp:log_message] [INFO]- "GET /static/js/axios.min.js HTTP/1.1" 200 13696
[2020-04-08 09:48:11,750] [basehttp.py:154] [basehttp:log_message] [INFO]- "GET /static/js/qs.js HTTP/1.1" 200 25398
[2020-04-08 09:48:11,766] [basehttp.py:154] [basehttp:log_message] [INFO]- "GET /static/js/Element/table.js HTTP/1.1" 200 28389
[2020-04-08 09:48:11,767] [basehttp.py:154] [basehttp:log_message] [INFO]- "GET /static/js/vue.min.js HTTP/1.1" 200 93675
[2020-04-08 09:48:11,772] [basehttp.py:154] [basehttp:log_message] [INFO]- "GET /static/js/Element/main.js HTTP/1.1" 200 8726
[2020-04-08 09:48:11,783] [basehttp.py:154] [basehttp:log_message] [INFO]- "GET /static/js/Element/input.js HTTP/1.1" 200 29207
[2020-04-08 09:48:11,792] [basehttp.py:154] [basehttp:log_message] [INFO]- "GET /static/js/Element/table-column.js HTTP/1.1" 200 28341
[2020-04-08 09:48:11,797] [basehttp.py:154] [basehttp:log_message] [INFO]- "GET /static/js/Element/icon.js HTTP/1.1" 200 8700
[2020-04-08 09:48:11,804] [basehttp.py:154] [basehttp:log_message] [INFO]- "GET /static/js/Element/message.js HTTP/1.1" 200 11022
[2020-04-08 09:48:11,807] [basehttp.py:154] [basehttp:log_message] [INFO]- "GET /static/js/Element/image.js HTTP/1.1" 200 25055
[2020-04-08 09:48:11,809] [basehttp.py:154] [basehttp:log_message] [INFO]- "GET /static/js/Element/index.js HTTP/1.1" 200 563790
[2020-04-08 09:48:12,383] [basehttp.py:154] [basehttp:log_message] [INFO]- "GET /static/css/fonts/element-icons.ttf HTTP/1.1" 200 55956
[2020-04-08 09:48:12,419] [basehttp.py:154] [basehttp:log_message] [INFO]- "GET /favicon.ico HTTP/1.1" 200 15473
[2020-04-08 09:49:02,196] [basehttp.py:154] [basehttp:log_message] [INFO]- "GET /favicon.ico HTTP/1.1" 200 15473
[2020-04-08 10:24:12,695] [basehttp.py:154] [basehttp:log_message] [INFO]- "GET /favicon.ico HTTP/1.1" 200 15473
[2020-04-08 10:24:30,355] [log.py:228] [log:log_response] [ERROR]- Internal Server Error: /LessonProjectME/Lesson_SearchByProject/
Traceback (most recent call last):
  File "C:\Python372\mecheck\lib\site-packages\django\core\handlers\exception.py", line 34, in inner
    response = get_response(request)
  File "C:\Python372\mecheck\lib\site-packages\django\core\handlers\base.py", line 126, in _get_response
    response = self.process_exception_by_middleware(e, request)
  File "C:\Python372\mecheck\lib\site-packages\django\core\handlers\base.py", line 124, in _get_response
    response = wrapped_callback(request, *callback_args, **callback_kwargs)
  File "C:\djangoproject\Reliability_Row_data\LessonProjectME\views.py", line 298, in Lesson_project_Search
    for i in Projectinfos.Owner.all():
AttributeError: 'NoneType' object has no attribute 'Owner'
[2020-04-08 10:24:30,359] [basehttp.py:154] [basehttp:log_message] [ERROR]- "GET /LessonProjectME/Lesson_SearchByProject/?action=search&customer=C38(NB)&csrfmiddlewaretoken=SOCdUgRlqPTTUUw4nlKnIksk9GdVVRajLkf58DccbI5z7FMsPsUvElBvVYMogtSG HTTP/1.1" 500 27
[2020-04-08 10:27:59,025] [basehttp.py:154] [basehttp:log_message] [INFO]- "GET /MQM/MQM_search/ HTTP/1.1" 200 43359
[2020-04-08 10:27:59,076] [basehttp.py:154] [basehttp:log_message] [INFO]- "GET /static/css/index.css HTTP/1.1" 200 232694
[2020-04-08 10:27:59,078] [basehttp.py:154] [basehttp:log_message] [INFO]- "GET /static/images/spec.png HTTP/1.1" 200 7378
[2020-04-08 10:27:59,080] [log.py:228] [log:log_response] [WARNING]- Not Found: /static/jquery-3.2.1.js
[2020-04-08 10:27:59,081] [basehttp.py:154] [basehttp:log_message] [WARNING]- "GET /static/jquery-3.2.1.js HTTP/1.1" 404 77
[2020-04-08 10:27:59,930] [basehttp.py:154] [basehttp:log_message] [INFO]- "POST /MQM/MQM_search/ HTTP/1.1" 200 221
[2020-04-08 10:27:59,955] [basehttp.py:154] [basehttp:log_message] [INFO]- "GET /static/css/fonts/element-icons.woff HTTP/1.1" 200 28200
[2020-04-08 10:28:00,121] [basehttp.py:154] [basehttp:log_message] [INFO]- "GET /favicon.ico HTTP/1.1" 200 15473
[2020-04-08 10:28:04,268] [basehttp.py:154] [basehttp:log_message] [INFO]- "GET /DriverTool/DriverList_search/ HTTP/1.1" 200 24436
[2020-04-08 10:28:04,307] [log.py:228] [log:log_response] [WARNING]- Not Found: /static/jquery-3.2.1.js
[2020-04-08 10:28:04,307] [basehttp.py:154] [basehttp:log_message] [WARNING]- "GET /static/jquery-3.2.1.js HTTP/1.1" 404 77
[2020-04-08 10:28:04,623] [basehttp.py:154] [basehttp:log_message] [INFO]- "POST /DriverTool/DriverList_search/ HTTP/1.1" 200 408
[2020-04-08 10:28:04,665] [basehttp.py:154] [basehttp:log_message] [INFO]- "GET /favicon.ico HTTP/1.1" 200 15473
[2020-04-08 10:33:04,221] [basehttp.py:154] [basehttp:log_message] [INFO]- "GET /admin/LessonProjectME/ HTTP/1.1" 200 3103
[2020-04-08 10:33:04,261] [basehttp.py:154] [basehttp:log_message] [INFO]- "GET /static/admin/css/dashboard.css HTTP/1.1" 200 412
[2020-04-08 10:33:04,295] [basehttp.py:154] [basehttp:log_message] [INFO]- "GET /static/admin/css/base.css HTTP/1.1" 200 16225
[2020-04-08 10:33:04,313] [basehttp.py:154] [basehttp:log_message] [INFO]- "GET /static/admin/css/responsive.css HTTP/1.1" 200 17976
[2020-04-08 10:33:04,341] [basehttp.py:154] [basehttp:log_message] [INFO]- "GET /static/admin/fonts/Roboto-Regular-webfont.woff HTTP/1.1" 200 80304
[2020-04-08 10:33:04,342] [basehttp.py:154] [basehttp:log_message] [INFO]- "GET /static/admin/img/icon-addlink.svg HTTP/1.1" 200 331
[2020-04-08 10:33:04,349] [basehttp.py:154] [basehttp:log_message] [INFO]- "GET /static/admin/fonts/Roboto-Bold-webfont.woff HTTP/1.1" 200 82564
[2020-04-08 10:33:04,353] [basehttp.py:154] [basehttp:log_message] [INFO]- "GET /static/admin/fonts/Roboto-Light-webfont.woff HTTP/1.1" 200 81348
[2020-04-08 10:33:04,357] [basehttp.py:154] [basehttp:log_message] [INFO]- "GET /static/admin/img/icon-changelink.svg HTTP/1.1" 200 380
[2020-04-08 10:33:06,378] [basehttp.py:154] [basehttp:log_message] [INFO]- "GET /admin/LessonProjectME/lessonlearn_project/ HTTP/1.1" 200 24116
[2020-04-08 10:33:06,405] [basehttp.py:154] [basehttp:log_message] [INFO]- "GET /static/admin/js/prepopulate.min.js HTTP/1.1" 200 379
[2020-04-08 10:33:06,410] [basehttp.py:154] [basehttp:log_message] [INFO]- "GET /static/admin/css/changelists.css HTTP/1.1" 200 6170
[2020-04-08 10:33:06,410] [basehttp.py:154] [basehttp:log_message] [INFO]- "GET /static/admin/js/jquery.init.js HTTP/1.1" 200 363
[2020-04-08 10:33:06,411] [basehttp.py:154] [basehttp:log_message] [INFO]- "GET /static/admin/css/base.css HTTP/1.1" 200 16225
[2020-04-08 10:33:06,420] [basehttp.py:154] [basehttp:log_message] [INFO]- "GET /admin/jsi18n/ HTTP/1.1" 200 3185
[2020-04-08 10:33:06,437] [basehttp.py:154] [basehttp:log_message] [INFO]- "GET /static/admin/js/actions.min.js HTTP/1.1" 200 3195
[2020-04-08 10:33:06,440] [basehttp.py:154] [basehttp:log_message] [INFO]- "GET /static/admin/js/vendor/jquery/jquery.min.js HTTP/1.1" 200 86927
[2020-04-08 10:33:06,447] [basehttp.py:154] [basehttp:log_message] [INFO]- "GET /static/admin/js/core.js HTTP/1.1" 200 7135
[2020-04-08 10:33:06,447] [basehttp.py:154] [basehttp:log_message] [INFO]- "GET /static/admin/js/admin/RelatedObjectLookups.js HTTP/1.1" 200 6918
[2020-04-08 10:33:06,448] [basehttp.py:154] [basehttp:log_message] [INFO]- "GET /static/admin/img/search.svg HTTP/1.1" 200 458
[2020-04-08 10:33:06,455] [basehttp.py:154] [basehttp:log_message] [INFO]- "GET /static/admin/css/responsive.css HTTP/1.1" 200 17976
[2020-04-08 10:33:06,458] [basehttp.py:154] [basehttp:log_message] [INFO]- "GET /static/admin/js/urlify.js HTTP/1.1" 200 8972
[2020-04-08 10:33:06,459] [basehttp.py:154] [basehttp:log_message] [INFO]- "GET /static/admin/js/vendor/xregexp/xregexp.min.js HTTP/1.1" 200 62474
[2020-04-08 10:33:06,502] [basehttp.py:154] [basehttp:log_message] [INFO]- "GET /static/admin/fonts/Roboto-Regular-webfont.woff HTTP/1.1" 200 80304
[2020-04-08 10:33:06,502] [basehttp.py:154] [basehttp:log_message] [INFO]- "GET /static/admin/fonts/Roboto-Light-webfont.woff HTTP/1.1" 200 81348
[2020-04-08 10:33:06,504] [basehttp.py:154] [basehttp:log_message] [INFO]- "GET /static/admin/fonts/Roboto-Bold-webfont.woff HTTP/1.1" 200 82564
[2020-04-08 10:33:06,523] [basehttp.py:154] [basehttp:log_message] [INFO]- "GET /static/admin/img/tooltag-add.svg HTTP/1.1" 200 331
[2020-04-08 10:33:06,530] [basehttp.py:154] [basehttp:log_message] [INFO]- "GET /static/admin/img/sorting-icons.svg HTTP/1.1" 200 1097
[2020-04-08 10:33:08,028] [basehttp.py:154] [basehttp:log_message] [INFO]- "GET /admin/LessonProjectME/ HTTP/1.1" 200 3103
[2020-04-08 10:33:08,047] [basehttp.py:154] [basehttp:log_message] [INFO]- "GET /static/admin/css/base.css HTTP/1.1" 200 16225
[2020-04-08 10:33:08,049] [basehttp.py:154] [basehttp:log_message] [INFO]- "GET /static/admin/css/responsive.css HTTP/1.1" 200 17976
[2020-04-08 10:33:08,051] [basehttp.py:154] [basehttp:log_message] [INFO]- "GET /static/admin/css/dashboard.css HTTP/1.1" 200 412
[2020-04-08 10:33:08,084] [basehttp.py:154] [basehttp:log_message] [INFO]- "GET /static/admin/fonts/Roboto-Bold-webfont.woff HTTP/1.1" 200 82564
[2020-04-08 10:33:08,084] [basehttp.py:154] [basehttp:log_message] [INFO]- "GET /static/admin/img/icon-changelink.svg HTTP/1.1" 200 380
[2020-04-08 10:33:08,087] [basehttp.py:154] [basehttp:log_message] [INFO]- "GET /static/admin/img/icon-addlink.svg HTTP/1.1" 200 331
[2020-04-08 10:33:08,092] [basehttp.py:154] [basehttp:log_message] [INFO]- "GET /static/admin/fonts/Roboto-Regular-webfont.woff HTTP/1.1" 200 80304
[2020-04-08 10:33:08,093] [basehttp.py:154] [basehttp:log_message] [INFO]- "GET /static/admin/fonts/Roboto-Light-webfont.woff HTTP/1.1" 200 81348
[2020-04-08 10:34:56,622] [basehttp.py:154] [basehttp:log_message] [INFO]- "GET /LessonProjectME/Lesson_SearchByProject/ HTTP/1.1" 200 31061
[2020-04-08 10:34:56,668] [log.py:228] [log:log_response] [WARNING]- Not Found: /static/jquery-3.2.1.js
[2020-04-08 10:34:56,669] [basehttp.py:154] [basehttp:log_message] [WARNING]- "GET /static/jquery-3.2.1.js HTTP/1.1" 404 77
[2020-04-08 10:34:57,367] [basehttp.py:154] [basehttp:log_message] [INFO]- "GET /favicon.ico HTTP/1.1" 200 15473
[2020-04-08 10:34:59,747] [basehttp.py:154] [basehttp:log_message] [INFO]- "GET /LessonProjectME/Lesson_SearchByProject/?action=search&customer=C38(NB)&csrfmiddlewaretoken=bZijxpCVwznS1ngbGi1Q3sNSZOriY5KC4vVbLMXMhszye8wz8pbYZtW3L60LjHsZ HTTP/1.1" 200 31061
[2020-04-08 10:35:35,484] [basehttp.py:154] [basehttp:log_message] [INFO]- "GET /LessonProjectME/Lesson_SearchByProject/?action=search&customer=C38(NB)&csrfmiddlewaretoken=bZijxpCVwznS1ngbGi1Q3sNSZOriY5KC4vVbLMXMhszye8wz8pbYZtW3L60LjHsZ HTTP/1.1" 200 31061
[2020-04-08 10:38:28,101] [basehttp.py:154] [basehttp:log_message] [INFO]- "GET /LessonProjectME/Lesson_SearchByProject/?action=search&customer=C38(NB)&csrfmiddlewaretoken=bZijxpCVwznS1ngbGi1Q3sNSZOriY5KC4vVbLMXMhszye8wz8pbYZtW3L60LjHsZ HTTP/1.1" 200 373
[2020-04-08 10:38:33,899] [log.py:228] [log:log_response] [ERROR]- Internal Server Error: /LessonProjectME/Lesson_SearchByProject/
Traceback (most recent call last):
  File "C:\Python372\mecheck\lib\site-packages\django\core\handlers\exception.py", line 34, in inner
    response = get_response(request)
  File "C:\Python372\mecheck\lib\site-packages\django\core\handlers\base.py", line 126, in _get_response
    response = self.process_exception_by_middleware(e, request)
  File "C:\Python372\mecheck\lib\site-packages\django\core\handlers\base.py", line 124, in _get_response
    response = wrapped_callback(request, *callback_args, **callback_kwargs)
  File "C:\djangoproject\Reliability_Row_data\LessonProjectME\views.py", line 411, in Lesson_project_Search
    responseData = json.loads(request.body)
  File "C:\Python372\lib\json\__init__.py", line 348, in loads
    return _default_decoder.decode(s)
  File "C:\Python372\lib\json\decoder.py", line 337, in decode
    obj, end = self.raw_decode(s, idx=_w(s, 0).end())
  File "C:\Python372\lib\json\decoder.py", line 355, in raw_decode
    raise JSONDecodeError("Expecting value", s, err.value) from None
json.decoder.JSONDecodeError: Expecting value: line 1 column 1 (char 0)
[2020-04-08 10:38:33,911] [basehttp.py:154] [basehttp:log_message] [ERROR]- "POST /LessonProjectME/Lesson_SearchByProject/ HTTP/1.1" 500 27
[2020-04-08 10:39:25,971] [basehttp.py:154] [basehttp:log_message] [INFO]- "GET /admin/LessonProjectME/testprojectll/ HTTP/1.1" 200 5296
[2020-04-08 10:39:26,049] [basehttp.py:154] [basehttp:log_message] [INFO]- "GET /static/admin/css/changelists.css HTTP/1.1" 200 6170
[2020-04-08 10:39:26,058] [basehttp.py:154] [basehttp:log_message] [INFO]- "GET /static/admin/js/vendor/jquery/jquery.min.js HTTP/1.1" 200 86927
[2020-04-08 10:39:26,060] [basehttp.py:154] [basehttp:log_message] [INFO]- "GET /static/admin/js/admin/RelatedObjectLookups.js HTTP/1.1" 200 6918
[2020-04-08 10:39:26,066] [basehttp.py:154] [basehttp:log_message] [INFO]- "GET /static/admin/js/actions.min.js HTTP/1.1" 200 3195
[2020-04-08 10:39:26,083] [basehttp.py:154] [basehttp:log_message] [INFO]- "GET /admin/jsi18n/ HTTP/1.1" 200 3185
[2020-04-08 10:39:26,091] [basehttp.py:154] [basehttp:log_message] [INFO]- "GET /static/admin/js/urlify.js HTTP/1.1" 200 8972
[2020-04-08 10:39:26,123] [basehttp.py:154] [basehttp:log_message] [INFO]- "GET /static/admin/js/prepopulate.min.js HTTP/1.1" 200 379
[2020-04-08 10:39:26,136] [basehttp.py:154] [basehttp:log_message] [INFO]- "GET /static/admin/css/base.css HTTP/1.1" 200 16225
[2020-04-08 10:39:26,145] [basehttp.py:154] [basehttp:log_message] [INFO]- "GET /static/admin/js/core.js HTTP/1.1" 200 7135
[2020-04-08 10:39:26,151] [basehttp.py:154] [basehttp:log_message] [INFO]- "GET /static/admin/img/search.svg HTTP/1.1" 200 458
[2020-04-08 10:39:26,156] [basehttp.py:154] [basehttp:log_message] [INFO]- "GET /static/admin/js/vendor/xregexp/xregexp.min.js HTTP/1.1" 200 62474
[2020-04-08 10:39:26,166] [basehttp.py:154] [basehttp:log_message] [INFO]- "GET /static/admin/js/jquery.init.js HTTP/1.1" 200 363
[2020-04-08 10:39:26,170] [basehttp.py:154] [basehttp:log_message] [INFO]- "GET /static/admin/css/responsive.css HTTP/1.1" 200 17976
[2020-04-08 10:39:26,326] [basehttp.py:154] [basehttp:log_message] [INFO]- "GET /static/admin/fonts/Roboto-Regular-webfont.woff HTTP/1.1" 200 80304
[2020-04-08 10:39:26,330] [basehttp.py:154] [basehttp:log_message] [INFO]- "GET /static/admin/fonts/Roboto-Bold-webfont.woff HTTP/1.1" 200 82564
[2020-04-08 10:39:26,332] [basehttp.py:154] [basehttp:log_message] [INFO]- "GET /static/admin/fonts/Roboto-Light-webfont.woff HTTP/1.1" 200 81348
[2020-04-08 10:39:26,334] [basehttp.py:154] [basehttp:log_message] [INFO]- "GET /static/admin/img/tooltag-add.svg HTTP/1.1" 200 331
[2020-04-08 10:39:26,336] [basehttp.py:154] [basehttp:log_message] [INFO]- "GET /static/admin/img/sorting-icons.svg HTTP/1.1" 200 1097
[2020-04-08 10:39:28,345] [basehttp.py:154] [basehttp:log_message] [INFO]- "GET /admin/LessonProjectME/testprojectll/add/ HTTP/1.1" 200 5888
[2020-04-08 10:39:28,376] [basehttp.py:154] [basehttp:log_message] [INFO]- "GET /static/admin/js/core.js HTTP/1.1" 200 7135
[2020-04-08 10:39:28,379] [basehttp.py:154] [basehttp:log_message] [INFO]- "GET /static/admin/js/urlify.js HTTP/1.1" 200 8972
[2020-04-08 10:39:28,381] [basehttp.py:154] [basehttp:log_message] [INFO]- "GET /static/admin/js/admin/RelatedObjectLookups.js HTTP/1.1" 200 6918
[2020-04-08 10:39:28,391] [basehttp.py:154] [basehttp:log_message] [INFO]- "GET /static/admin/js/jquery.init.js HTTP/1.1" 200 363
[2020-04-08 10:39:28,398] [basehttp.py:154] [basehttp:log_message] [INFO]- "GET /admin/jsi18n/ HTTP/1.1" 200 3185
[2020-04-08 10:39:28,399] [basehttp.py:154] [basehttp:log_message] [INFO]- "GET /static/admin/img/icon-addlink.svg HTTP/1.1" 200 331
[2020-04-08 10:39:28,415] [basehttp.py:154] [basehttp:log_message] [INFO]- "GET /static/admin/js/prepopulate.min.js HTTP/1.1" 200 379
[2020-04-08 10:39:28,424] [basehttp.py:154] [basehttp:log_message] [INFO]- "GET /static/admin/js/prepopulate_init.js HTTP/1.1" 200 495
[2020-04-08 10:39:28,435] [basehttp.py:154] [basehttp:log_message] [INFO]- "GET /static/admin/js/vendor/jquery/jquery.min.js HTTP/1.1" 200 86927
[2020-04-08 10:39:28,453] [basehttp.py:154] [basehttp:log_message] [INFO]- "GET /static/admin/css/responsive.css HTTP/1.1" 200 17976
[2020-04-08 10:39:28,465] [basehttp.py:154] [basehttp:log_message] [INFO]- "GET /static/admin/js/actions.min.js HTTP/1.1" 200 3195
[2020-04-08 10:39:28,468] [basehttp.py:154] [basehttp:log_message] [INFO]- "GET /static/admin/js/change_form.js HTTP/1.1" 200 712
[2020-04-08 10:39:28,472] [basehttp.py:154] [basehttp:log_message] [INFO]- "GET /static/admin/css/forms.css HTTP/1.1" 200 8505
[2020-04-08 10:39:28,477] [basehttp.py:154] [basehttp:log_message] [INFO]- "GET /static/admin/js/vendor/xregexp/xregexp.min.js HTTP/1.1" 200 62474
[2020-04-08 10:39:28,484] [basehttp.py:154] [basehttp:log_message] [INFO]- "GET /static/admin/css/base.css HTTP/1.1" 200 16225
[2020-04-08 10:39:28,501] [basehttp.py:154] [basehttp:log_message] [INFO]- "GET /static/admin/css/widgets.css HTTP/1.1" 200 10340
[2020-04-08 10:39:28,669] [basehttp.py:154] [basehttp:log_message] [INFO]- "GET /static/admin/fonts/Roboto-Light-webfont.woff HTTP/1.1" 200 81348
[2020-04-08 10:39:28,672] [basehttp.py:154] [basehttp:log_message] [INFO]- "GET /static/admin/fonts/Roboto-Bold-webfont.woff HTTP/1.1" 200 82564
[2020-04-08 10:39:28,676] [basehttp.py:154] [basehttp:log_message] [INFO]- "GET /static/admin/fonts/Roboto-Regular-webfont.woff HTTP/1.1" 200 80304
[2020-04-08 10:39:46,098] [basehttp.py:154] [basehttp:log_message] [INFO]- "POST /admin/LessonProjectME/testprojectll/add/ HTTP/1.1" 302 0
[2020-04-08 10:39:46,134] [basehttp.py:154] [basehttp:log_message] [INFO]- "GET /admin/LessonProjectME/testprojectll/ HTTP/1.1" 200 5832
[2020-04-08 10:39:46,181] [basehttp.py:154] [basehttp:log_message] [INFO]- "GET /static/admin/css/base.css HTTP/1.1" 200 16225
[2020-04-08 10:39:46,184] [basehttp.py:154] [basehttp:log_message] [INFO]- "GET /static/admin/js/urlify.js HTTP/1.1" 200 8972
[2020-04-08 10:39:46,194] [basehttp.py:154] [basehttp:log_message] [INFO]- "GET /static/admin/js/admin/RelatedObjectLookups.js HTTP/1.1" 200 6918
[2020-04-08 10:39:46,196] [basehttp.py:154] [basehttp:log_message] [INFO]- "GET /static/admin/js/vendor/jquery/jquery.min.js HTTP/1.1" 200 86927
[2020-04-08 10:39:46,198] [basehttp.py:154] [basehttp:log_message] [INFO]- "GET /static/admin/js/actions.min.js HTTP/1.1" 200 3195
[2020-04-08 10:39:46,209] [basehttp.py:154] [basehttp:log_message] [INFO]- "GET /static/admin/js/jquery.init.js HTTP/1.1" 200 363
[2020-04-08 10:39:46,229] [basehttp.py:154] [basehttp:log_message] [INFO]- "GET /static/admin/js/prepopulate.min.js HTTP/1.1" 200 379
[2020-04-08 10:39:46,236] [basehttp.py:154] [basehttp:log_message] [INFO]- "GET /admin/jsi18n/ HTTP/1.1" 200 3185
[2020-04-08 10:39:46,250] [basehttp.py:154] [basehttp:log_message] [INFO]- "GET /static/admin/css/changelists.css HTTP/1.1" 200 6170
[2020-04-08 10:39:46,253] [basehttp.py:154] [basehttp:log_message] [INFO]- "GET /static/admin/js/core.js HTTP/1.1" 200 7135
[2020-04-08 10:39:46,257] [basehttp.py:154] [basehttp:log_message] [INFO]- "GET /static/admin/css/responsive.css HTTP/1.1" 200 17976
[2020-04-08 10:39:46,261] [basehttp.py:154] [basehttp:log_message] [INFO]- "GET /static/admin/js/vendor/xregexp/xregexp.min.js HTTP/1.1" 200 62474
[2020-04-08 10:39:46,264] [basehttp.py:154] [basehttp:log_message] [INFO]- "GET /static/admin/img/search.svg HTTP/1.1" 200 458
[2020-04-08 10:39:46,439] [basehttp.py:154] [basehttp:log_message] [INFO]- "GET /static/admin/img/tooltag-add.svg HTTP/1.1" 200 331
[2020-04-08 10:39:46,440] [basehttp.py:154] [basehttp:log_message] [INFO]- "GET /static/admin/fonts/Roboto-Regular-webfont.woff HTTP/1.1" 200 80304
[2020-04-08 10:39:46,441] [basehttp.py:154] [basehttp:log_message] [INFO]- "GET /static/admin/fonts/Roboto-Bold-webfont.woff HTTP/1.1" 200 82564
[2020-04-08 10:39:46,446] [basehttp.py:154] [basehttp:log_message] [INFO]- "GET /static/admin/fonts/Roboto-Light-webfont.woff HTTP/1.1" 200 81348
[2020-04-08 10:39:46,454] [basehttp.py:154] [basehttp:log_message] [INFO]- "GET /static/admin/img/sorting-icons.svg HTTP/1.1" 200 1097
[2020-04-08 10:39:46,460] [basehttp.py:154] [basehttp:log_message] [INFO]- "GET /static/admin/img/icon-yes.svg HTTP/1.1" 200 436
[2020-04-08 10:39:48,562] [basehttp.py:154] [basehttp:log_message] [INFO]- "GET /admin/LessonProjectME/testprojectll/2/change/ HTTP/1.1" 200 6139
[2020-04-08 10:39:48,593] [basehttp.py:154] [basehttp:log_message] [INFO]- "GET /static/admin/js/core.js HTTP/1.1" 200 7135
[2020-04-08 10:39:48,593] [basehttp.py:154] [basehttp:log_message] [INFO]- "GET /static/admin/css/forms.css HTTP/1.1" 200 8505
[2020-04-08 10:39:48,599] [basehttp.py:154] [basehttp:log_message] [INFO]- "GET /static/admin/js/urlify.js HTTP/1.1" 200 8972
[2020-04-08 10:39:48,605] [basehttp.py:154] [basehttp:log_message] [INFO]- "GET /static/admin/js/vendor/jquery/jquery.min.js HTTP/1.1" 200 86927
[2020-04-08 10:39:48,619] [basehttp.py:154] [basehttp:log_message] [INFO]- "GET /static/admin/js/vendor/xregexp/xregexp.min.js HTTP/1.1" 200 62474
[2020-04-08 10:39:48,621] [basehttp.py:154] [basehttp:log_message] [INFO]- "GET /static/admin/css/base.css HTTP/1.1" 200 16225
[2020-04-08 10:39:48,628] [basehttp.py:154] [basehttp:log_message] [INFO]- "GET /admin/jsi18n/ HTTP/1.1" 200 3185
[2020-04-08 10:39:48,630] [basehttp.py:154] [basehttp:log_message] [INFO]- "GET /static/admin/js/prepopulate.min.js HTTP/1.1" 200 379
[2020-04-08 10:39:48,644] [basehttp.py:154] [basehttp:log_message] [INFO]- "GET /static/admin/css/responsive.css HTTP/1.1" 200 17976
[2020-04-08 10:39:48,654] [basehttp.py:154] [basehttp:log_message] [INFO]- "GET /static/admin/js/jquery.init.js HTTP/1.1" 200 363
[2020-04-08 10:39:48,664] [basehttp.py:154] [basehttp:log_message] [INFO]- "GET /static/admin/img/icon-addlink.svg HTTP/1.1" 200 331
[2020-04-08 10:39:48,667] [basehttp.py:154] [basehttp:log_message] [INFO]- "GET /static/admin/js/actions.min.js HTTP/1.1" 200 3195
[2020-04-08 10:39:48,673] [basehttp.py:154] [basehttp:log_message] [INFO]- "GET /static/admin/js/admin/RelatedObjectLookups.js HTTP/1.1" 200 6918
[2020-04-08 10:39:48,679] [basehttp.py:154] [basehttp:log_message] [INFO]- "GET /static/admin/js/prepopulate_init.js HTTP/1.1" 200 495
[2020-04-08 10:39:48,680] [basehttp.py:154] [basehttp:log_message] [INFO]- "GET /static/admin/js/change_form.js HTTP/1.1" 200 712
[2020-04-08 10:39:48,687] [basehttp.py:154] [basehttp:log_message] [INFO]- "GET /static/admin/css/widgets.css HTTP/1.1" 200 10340
[2020-04-08 10:39:48,809] [basehttp.py:154] [basehttp:log_message] [INFO]- "GET /static/admin/fonts/Roboto-Regular-webfont.woff HTTP/1.1" 200 80304
[2020-04-08 10:39:48,814] [basehttp.py:154] [basehttp:log_message] [INFO]- "GET /static/admin/fonts/Roboto-Bold-webfont.woff HTTP/1.1" 200 82564
[2020-04-08 10:39:48,819] [basehttp.py:154] [basehttp:log_message] [INFO]- "GET /static/admin/fonts/Roboto-Light-webfont.woff HTTP/1.1" 200 81348
[2020-04-08 10:39:50,375] [basehttp.py:154] [basehttp:log_message] [INFO]- "GET /admin/LessonProjectME/testprojectll/ HTTP/1.1" 200 5630
[2020-04-08 10:39:50,404] [basehttp.py:154] [basehttp:log_message] [INFO]- "GET /static/admin/js/core.js HTTP/1.1" 200 7135
[2020-04-08 10:39:50,410] [basehttp.py:154] [basehttp:log_message] [INFO]- "GET /static/admin/js/actions.min.js HTTP/1.1" 200 3195
[2020-04-08 10:39:50,412] [basehttp.py:154] [basehttp:log_message] [INFO]- "GET /static/admin/js/jquery.init.js HTTP/1.1" 200 363
[2020-04-08 10:39:50,422] [basehttp.py:154] [basehttp:log_message] [INFO]- "GET /static/admin/css/changelists.css HTTP/1.1" 200 6170
[2020-04-08 10:39:50,424] [basehttp.py:154] [basehttp:log_message] [INFO]- "GET /static/admin/js/vendor/jquery/jquery.min.js HTTP/1.1" 200 86927
[2020-04-08 10:39:50,431] [basehttp.py:154] [basehttp:log_message] [INFO]- "GET /admin/jsi18n/ HTTP/1.1" 200 3185
[2020-04-08 10:39:50,449] [basehttp.py:154] [basehttp:log_message] [INFO]- "GET /static/admin/js/vendor/xregexp/xregexp.min.js HTTP/1.1" 200 62474
[2020-04-08 10:39:50,453] [basehttp.py:154] [basehttp:log_message] [INFO]- "GET /static/admin/css/responsive.css HTTP/1.1" 200 17976
[2020-04-08 10:39:50,457] [basehttp.py:154] [basehttp:log_message] [INFO]- "GET /static/admin/js/admin/RelatedObjectLookups.js HTTP/1.1" 200 6918
[2020-04-08 10:39:50,459] [basehttp.py:154] [basehttp:log_message] [INFO]- "GET /static/admin/img/search.svg HTTP/1.1" 200 458
[2020-04-08 10:39:50,463] [basehttp.py:154] [basehttp:log_message] [INFO]- "GET /static/admin/js/prepopulate.min.js HTTP/1.1" 200 379
[2020-04-08 10:39:50,465] [basehttp.py:154] [basehttp:log_message] [INFO]- "GET /static/admin/js/urlify.js HTTP/1.1" 200 8972
[2020-04-08 10:39:50,468] [basehttp.py:154] [basehttp:log_message] [INFO]- "GET /static/admin/css/base.css HTTP/1.1" 200 16225
[2020-04-08 10:39:50,527] [basehttp.py:154] [basehttp:log_message] [INFO]- "GET /static/admin/fonts/Roboto-Regular-webfont.woff HTTP/1.1" 200 80304
[2020-04-08 10:39:50,528] [basehttp.py:154] [basehttp:log_message] [INFO]- "GET /static/admin/img/tooltag-add.svg HTTP/1.1" 200 331
[2020-04-08 10:39:50,537] [basehttp.py:154] [basehttp:log_message] [INFO]- "GET /static/admin/fonts/Roboto-Bold-webfont.woff HTTP/1.1" 200 82564
[2020-04-08 10:39:50,537] [basehttp.py:154] [basehttp:log_message] [INFO]- "GET /static/admin/fonts/Roboto-Light-webfont.woff HTTP/1.1" 200 81348
[2020-04-08 10:39:50,540] [basehttp.py:154] [basehttp:log_message] [INFO]- "GET /static/admin/img/sorting-icons.svg HTTP/1.1" 200 1097
[2020-04-08 10:39:55,938] [basehttp.py:154] [basehttp:log_message] [INFO]- "GET /LessonProjectME/Lesson_ProjectResult/ HTTP/1.1" 200 35827
[2020-04-08 10:39:55,988] [log.py:228] [log:log_response] [WARNING]- Not Found: /static/jquery-3.2.1.js
[2020-04-08 10:39:55,989] [basehttp.py:154] [basehttp:log_message] [WARNING]- "GET /static/jquery-3.2.1.js HTTP/1.1" 404 77
[2020-04-08 10:39:56,754] [basehttp.py:154] [basehttp:log_message] [INFO]- "GET /LessonProjectME/Lesson_ProjectResult/?action=get&csrfmiddlewaretoken=Qoe9AXMxx6Ybl8zYmbwotst6B4eLAgi3JUR1Ok7oiZaRyTPmOiGwptChnmNeVS0q HTTP/1.1" 200 88
[2020-04-08 10:39:56,852] [basehttp.py:154] [basehttp:log_message] [INFO]- "GET /favicon.ico HTTP/1.1" 200 15473
[2020-04-08 10:40:00,480] [basehttp.py:154] [basehttp:log_message] [INFO]- "GET /LessonProjectME/Lesson_ProjectResult/?action=search&customer=C38(NB)&project=EL534&csrfmiddlewaretoken=Qoe9AXMxx6Ybl8zYmbwotst6B4eLAgi3JUR1Ok7oiZaRyTPmOiGwptChnmNeVS0q HTTP/1.1" 200 4716
[2020-04-08 10:40:00,558] [basehttp.py:154] [basehttp:log_message] [INFO]- "GET /LessonProjectME/Lesson_ProjectResult/?action=search&customer=C38(NB)&project=EL534&csrfmiddlewaretoken=Qoe9AXMxx6Ybl8zYmbwotst6B4eLAgi3JUR1Ok7oiZaRyTPmOiGwptChnmNeVS0q HTTP/1.1" 200 4716
[2020-04-08 10:40:00,605] [basehttp.py:154] [basehttp:log_message] [INFO]- "GET /media/img/test/07_bm2r0Aw.gif HTTP/1.1" 200 240860
[2020-04-08 10:40:00,611] [basehttp.py:154] [basehttp:log_message] [INFO]- "GET /media/img/test/2_saKpYAa.png HTTP/1.1" 200 309629
[2020-04-08 10:40:00,613] [basehttp.py:154] [basehttp:log_message] [INFO]- "GET /media/img/test/02.gif HTTP/1.1" 200 36212
[2020-04-08 10:40:00,615] [basehttp.py:154] [basehttp:log_message] [INFO]- "GET /media/img/test/city_fcXsZTj.jpg HTTP/1.1" 200 105077
[2020-04-08 10:40:00,621] [basehttp.py:154] [basehttp:log_message] [INFO]- "GET /media/img/test/bgimg.jpg HTTP/1.1" 200 777062
[2020-04-08 10:40:00,630] [basehttp.py:154] [basehttp:log_message] [INFO]- "GET /media/img/test/2_6kpWz46.png HTTP/1.1" 200 309629
[2020-04-08 10:40:00,632] [basehttp.py:154] [basehttp:log_message] [INFO]- "GET /media/img/test/1_pKk5Mt6.png HTTP/1.1" 200 1514611
[2020-04-08 10:40:00,635] [basehttp.py:154] [basehttp:log_message] [INFO]- "GET /media/img/test/1_VyKGf86.png HTTP/1.1" 200 1514611
[2020-04-08 10:40:10,107] [basehttp.py:154] [basehttp:log_message] [INFO]- "POST /LessonProjectME/Lesson_ProjectResult/ HTTP/1.1" 200 4674
[2020-04-08 11:23:48,446] [basehttp.py:154] [basehttp:log_message] [INFO]- "GET /DriverTool/DriverList_edit/ HTTP/1.1" 200 37298
[2020-04-08 11:23:48,497] [log.py:228] [log:log_response] [WARNING]- Not Found: /static/jquery-3.2.1.js
[2020-04-08 11:23:48,498] [basehttp.py:154] [basehttp:log_message] [WARNING]- "GET /static/jquery-3.2.1.js HTTP/1.1" 404 77
[2020-04-08 11:23:49,423] [basehttp.py:154] [basehttp:log_message] [INFO]- "POST /DriverTool/DriverList_edit/ HTTP/1.1" 200 396
[2020-04-08 11:23:49,529] [basehttp.py:154] [basehttp:log_message] [INFO]- "GET /favicon.ico HTTP/1.1" 200 15473
[2020-04-08 11:23:54,398] [basehttp.py:154] [basehttp:log_message] [INFO]- "GET /DriverTool/ToolList_edit/ HTTP/1.1" 200 32592
[2020-04-08 11:23:54,438] [log.py:228] [log:log_response] [WARNING]- Not Found: /static/jquery-3.2.1.js
[2020-04-08 11:23:54,440] [basehttp.py:154] [basehttp:log_message] [WARNING]- "GET /static/jquery-3.2.1.js HTTP/1.1" 404 77
[2020-04-08 11:23:54,473] [basehttp.py:154] [basehttp:log_message] [INFO]- "GET /static/Magnific-Popup-master/dist/jquery.magnific-popup.min.js HTTP/1.1" 200 20216
[2020-04-08 11:23:54,974] [basehttp.py:154] [basehttp:log_message] [INFO]- "POST /DriverTool/ToolList_edit/ HTTP/1.1" 200 346
[2020-04-08 11:23:54,990] [basehttp.py:154] [basehttp:log_message] [INFO]- "GET /favicon.ico HTTP/1.1" 200 15473
[2020-04-08 11:24:12,103] [basehttp.py:154] [basehttp:log_message] [INFO]- "GET /LessonProjectME/Lesson_ProjectResult/ HTTP/1.1" 200 35827
[2020-04-08 11:24:12,156] [log.py:228] [log:log_response] [WARNING]- Not Found: /static/jquery-3.2.1.js
[2020-04-08 11:24:12,157] [basehttp.py:154] [basehttp:log_message] [WARNING]- "GET /static/jquery-3.2.1.js HTTP/1.1" 404 77
[2020-04-08 11:24:12,682] [basehttp.py:154] [basehttp:log_message] [INFO]- "GET /LessonProjectME/Lesson_ProjectResult/?action=get&csrfmiddlewaretoken=1OQkLUrAy7kJicatu4pfbFLPg08WJTAsUktcZhMrj0wpvXqRWbzn7GU02iHp4viP HTTP/1.1" 200 88
[2020-04-08 11:24:12,685] [basehttp.py:154] [basehttp:log_message] [INFO]- "GET /favicon.ico HTTP/1.1" 200 15473
[2020-04-08 11:24:14,723] [basehttp.py:154] [basehttp:log_message] [INFO]- "GET /LessonProjectME/Lesson_SearchByProject/ HTTP/1.1" 200 31061
[2020-04-08 11:24:14,761] [log.py:228] [log:log_response] [WARNING]- Not Found: /static/jquery-3.2.1.js
[2020-04-08 11:24:14,761] [basehttp.py:154] [basehttp:log_message] [WARNING]- "GET /static/jquery-3.2.1.js HTTP/1.1" 404 77
[2020-04-08 11:24:15,177] [basehttp.py:154] [basehttp:log_message] [INFO]- "GET /favicon.ico HTTP/1.1" 200 15473
[2020-04-08 11:25:38,670] [basehttp.py:154] [basehttp:log_message] [INFO]- "GET /LessonProjectME/Lesson_SearchByProject/?action=search&customer=C38(NB)&csrfmiddlewaretoken=Tq4CIE68pmKAtM9IBVjPrIGnS8sshBSfMWHuW1rZafWgGxp632tXnJPyEq1VCdAC HTTP/1.1" 200 373
[2020-04-08 11:26:27,503] [basehttp.py:154] [basehttp:log_message] [INFO]- "GET /DriverTool/DriverList_search/ HTTP/1.1" 200 24436
[2020-04-08 11:26:27,539] [log.py:228] [log:log_response] [WARNING]- Not Found: /static/jquery-3.2.1.js
[2020-04-08 11:26:27,540] [basehttp.py:154] [basehttp:log_message] [WARNING]- "GET /static/jquery-3.2.1.js HTTP/1.1" 404 77
[2020-04-08 11:26:27,949] [basehttp.py:154] [basehttp:log_message] [INFO]- "POST /DriverTool/DriverList_search/ HTTP/1.1" 200 408
[2020-04-08 11:26:28,015] [basehttp.py:154] [basehttp:log_message] [INFO]- "GET /favicon.ico HTTP/1.1" 200 15473
[2020-04-08 11:26:29,197] [basehttp.py:154] [basehttp:log_message] [INFO]- "POST /DriverTool/DriverList_search/ HTTP/1.1" 200 1635
[2020-04-08 11:26:33,283] [basehttp.py:154] [basehttp:log_message] [INFO]- "POST /DriverTool/DriverList_search/ HTTP/1.1" 200 592
[2020-04-08 11:26:35,539] [basehttp.py:154] [basehttp:log_message] [INFO]- "POST /DriverTool/DriverList_search/ HTTP/1.1" 200 1635
[2020-04-08 11:27:06,213] [basehttp.py:154] [basehttp:log_message] [INFO]- "GET /LessonProjectME/Lesson_SearchByProject/ HTTP/1.1" 200 31061
[2020-04-08 11:27:06,261] [log.py:228] [log:log_response] [WARNING]- Not Found: /static/jquery-3.2.1.js
[2020-04-08 11:27:06,261] [basehttp.py:154] [basehttp:log_message] [WARNING]- "GET /static/jquery-3.2.1.js HTTP/1.1" 404 77
[2020-04-08 11:27:06,774] [basehttp.py:154] [basehttp:log_message] [INFO]- "GET /favicon.ico HTTP/1.1" 200 15473
[2020-04-08 11:27:10,280] [basehttp.py:154] [basehttp:log_message] [INFO]- "GET /LessonProjectME/Lesson_SearchByProject/?action=search&customer=C38(NB)&csrfmiddlewaretoken=uIYgSIyoxEDaxcMPovOvRxp3ZViUQaTnneB865TfixPQKX2dQCYDNyyeLdRnbMBK HTTP/1.1" 200 373
[2020-04-08 11:27:29,394] [basehttp.py:154] [basehttp:log_message] [INFO]- "GET /DriverTool/DriverList_search/ HTTP/1.1" 200 24436
[2020-04-08 11:27:29,447] [log.py:228] [log:log_response] [WARNING]- Not Found: /static/jquery-3.2.1.js
[2020-04-08 11:27:29,447] [basehttp.py:154] [basehttp:log_message] [WARNING]- "GET /static/jquery-3.2.1.js HTTP/1.1" 404 77
[2020-04-08 11:27:30,002] [basehttp.py:154] [basehttp:log_message] [INFO]- "POST /DriverTool/DriverList_search/ HTTP/1.1" 200 408
[2020-04-08 11:27:30,032] [basehttp.py:154] [basehttp:log_message] [INFO]- "GET /favicon.ico HTTP/1.1" 200 15473
[2020-04-08 11:27:30,829] [basehttp.py:154] [basehttp:log_message] [INFO]- "POST /DriverTool/DriverList_search/ HTTP/1.1" 200 1635
[2020-04-08 11:29:54,479] [basehttp.py:154] [basehttp:log_message] [INFO]- "POST /DriverTool/DriverList_search/ HTTP/1.1" 200 1635
[2020-04-08 11:29:56,397] [basehttp.py:154] [basehttp:log_message] [INFO]- "POST /DriverTool/DriverList_search/ HTTP/1.1" 200 592
[2020-04-08 11:47:54,907] [basehttp.py:154] [basehttp:log_message] [INFO]- "GET /LessonProjectME/Lesson_SearchByProject/ HTTP/1.1" 200 31061
[2020-04-08 11:47:54,960] [log.py:228] [log:log_response] [WARNING]- Not Found: /static/jquery-3.2.1.js
[2020-04-08 11:47:54,961] [basehttp.py:154] [basehttp:log_message] [WARNING]- "GET /static/jquery-3.2.1.js HTTP/1.1" 404 77
[2020-04-08 11:47:55,937] [basehttp.py:154] [basehttp:log_message] [INFO]- "GET /favicon.ico HTTP/1.1" 200 15473
[2020-04-09 09:10:29,709] [basehttp.py:154] [basehttp:log_message] [INFO]- "GET /Lesson_search/ HTTP/1.1" 302 0
[2020-04-09 09:10:29,746] [basehttp.py:154] [basehttp:log_message] [INFO]- "GET /login/ HTTP/1.1" 200 4677
[2020-04-09 09:10:29,791] [basehttp.py:154] [basehttp:log_message] [INFO]- "GET /static/css/bootstrap.min.css HTTP/1.1" 200 144877
[2020-04-09 09:10:29,844] [basehttp.py:154] [basehttp:log_message] [INFO]- "GET /favicon.ico HTTP/1.1" 302 0
[2020-04-09 09:10:29,850] [basehttp.py:154] [basehttp:log_message] [INFO]- "GET /login/ HTTP/1.1" 200 4677
[2020-04-09 09:10:31,498] [basehttp.py:154] [basehttp:log_message] [INFO]- "POST /login/ HTTP/1.1" 302 0
[2020-04-09 09:10:31,564] [basehttp.py:154] [basehttp:log_message] [INFO]- "GET /index/ HTTP/1.1" 200 29969
[2020-04-09 09:10:31,622] [basehttp.py:154] [basehttp:log_message] [INFO]- "GET /static/css/lib/calendar2/pignose.calendar.min.css HTTP/1.1" 200 14709
[2020-04-09 09:10:31,633] [basehttp.py:154] [basehttp:log_message] [INFO]- "GET /static/css/lib/owl.carousel.min.css HTTP/1.1" 200 3011
[2020-04-09 09:10:31,634] [basehttp.py:154] [basehttp:log_message] [INFO]- "GET /static/css/lib/themify-icons.css HTTP/1.1" 200 17551
[2020-04-09 09:10:31,637] [basehttp.py:154] [basehttp:log_message] [INFO]- "GET /static/css/lib/font-awesome.min.css HTTP/1.1" 200 38722
[2020-04-09 09:10:31,647] [basehttp.py:154] [basehttp:log_message] [INFO]- "GET /static/download_UPK/element-ui@2.12.0/lib/theme-chalk/index.css HTTP/1.1" 200 232694
[2020-04-09 09:10:31,656] [basehttp.py:154] [basehttp:log_message] [INFO]- "GET /static/css/lib/chartist/chartist.min.css HTTP/1.1" 200 11508
[2020-04-09 09:10:31,669] [basehttp.py:154] [basehttp:log_message] [INFO]- "GET /static/css/lib/owl.theme.default.min.css HTTP/1.1" 200 1003
[2020-04-09 09:10:31,684] [basehttp.py:154] [basehttp:log_message] [INFO]- "GET /static/css/lib/weather-icons.css HTTP/1.1" 200 30752
[2020-04-09 09:10:31,689] [basehttp.py:154] [basehttp:log_message] [INFO]- "GET /static/css/lib/menubar/sidebar.css HTTP/1.1" 200 17210
[2020-04-09 09:10:31,703] [basehttp.py:154] [basehttp:log_message] [INFO]- "GET /static/css/lib/helper.css HTTP/1.1" 200 55773
[2020-04-09 09:10:31,705] [basehttp.py:154] [basehttp:log_message] [INFO]- "GET /static/css/bootstrap.min.css HTTP/1.1" 200 144877
[2020-04-09 09:10:31,723] [basehttp.py:154] [basehttp:log_message] [INFO]- "GET /static/css/style.css HTTP/1.1" 200 91465
[2020-04-09 09:10:31,743] [basehttp.py:154] [basehttp:log_message] [INFO]- "GET /static/css/uploadbutton.css HTTP/1.1" 200 175
[2020-04-09 09:10:31,747] [basehttp.py:154] [basehttp:log_message] [INFO]- "GET /static/css/home_style.css HTTP/1.1" 200 23906
[2020-04-09 09:10:31,753] [log.py:228] [log:log_response] [WARNING]- Not Found: /static/jquery-3.2.1.js
[2020-04-09 09:10:31,754] [basehttp.py:154] [basehttp:log_message] [WARNING]- "GET /static/jquery-3.2.1.js HTTP/1.1" 404 77
[2020-04-09 09:10:31,767] [basehttp.py:154] [basehttp:log_message] [INFO]- "GET /static/css/home_zerogrid.css HTTP/1.1" 200 4828
[2020-04-09 09:10:31,767] [basehttp.py:154] [basehttp:log_message] [INFO]- "GET /static/css/home_menu.css HTTP/1.1" 200 8211
[2020-04-09 09:10:31,820] [basehttp.py:154] [basehttp:log_message] [INFO]- "GET /static/js/lib/calendar-2/prism.min.js HTTP/1.1" 200 8822
[2020-04-09 09:10:31,879] [basehttp.py:154] [basehttp:log_message] [INFO]- "GET /static/src/timg2.jfif HTTP/1.1" 200 67349
[2020-04-09 09:10:31,882] [basehttp.py:154] [basehttp:log_message] [INFO]- "GET /static/src/1.jpg HTTP/1.1" 200 103270
[2020-04-09 09:10:31,885] [basehttp.py:154] [basehttp:log_message] [INFO]- "GET /static/src/3.jpg HTTP/1.1" 200 35728
[2020-04-09 09:10:31,885] [basehttp.py:154] [basehttp:log_message] [INFO]- "GET /static/src/2.jpg HTTP/1.1" 200 47621
[2020-04-09 09:10:31,911] [basehttp.py:154] [basehttp:log_message] [INFO]- "GET /index/ HTTP/1.1" 200 29969
[2020-04-09 09:10:31,939] [basehttp.py:154] [basehttp:log_message] [INFO]- "GET /static/src/4.jpg HTTP/1.1" 200 27337
[2020-04-09 09:10:31,942] [basehttp.py:154] [basehttp:log_message] [INFO]- "GET /static/src/6.jpg HTTP/1.1" 200 14506
[2020-04-09 09:10:31,943] [basehttp.py:154] [basehttp:log_message] [INFO]- "GET /static/src/8.jpg HTTP/1.1" 200 24687
[2020-04-09 09:10:31,950] [basehttp.py:154] [basehttp:log_message] [INFO]- "GET /static/src/10.jpg HTTP/1.1" 200 23088
[2020-04-09 09:10:31,957] [basehttp.py:154] [basehttp:log_message] [INFO]- "GET /static/src/7.jpg HTTP/1.1" 200 33330
[2020-04-09 09:10:31,984] [basehttp.py:154] [basehttp:log_message] [INFO]- "GET /static/src/5.jpg HTTP/1.1" 200 28854
[2020-04-09 09:10:31,991] [basehttp.py:154] [basehttp:log_message] [INFO]- "GET /static/js/lib/calendar-2/semantic.ui.min.js HTTP/1.1" 200 287763
[2020-04-09 09:10:32,011] [basehttp.py:154] [basehttp:log_message] [INFO]- "GET /static/src/9.jfif HTTP/1.1" 200 321460
[2020-04-09 09:10:32,160] [basehttp.py:154] [basehttp:log_message] [INFO]- "GET /static/css/admin/assets/fonts/themify.woff?-fvbane HTTP/1.1" 200 0
[2020-04-09 09:10:32,177] [basehttp.py:154] [basehttp:log_message] [INFO]- "GET /static/fonts/fontawesome-webfont.woff2?v=4.7.0 HTTP/1.1" 200 77160
[2020-04-09 09:10:32,279] [basehttp.py:154] [basehttp:log_message] [INFO]- "GET /static/css/admin/assets/fonts/themify.ttf?-fvbane HTTP/1.1" 200 0
[2020-04-09 09:10:32,345] [basehttp.py:154] [basehttp:log_message] [INFO]- "GET /favicon.ico HTTP/1.1" 200 15473
[2020-04-09 09:10:38,873] [basehttp.py:154] [basehttp:log_message] [INFO]- "GET /Lesson_search/ HTTP/1.1" 200 55938
[2020-04-09 09:10:38,938] [log.py:228] [log:log_response] [WARNING]- Not Found: /static/jquery-3.2.1.js
[2020-04-09 09:10:38,943] [basehttp.py:154] [basehttp:log_message] [WARNING]- "GET /static/jquery-3.2.1.js HTTP/1.1" 404 77
[2020-04-09 09:10:38,946] [basehttp.py:154] [basehttp:log_message] [INFO]- "GET /static/css/lib/bootstrap.min.css HTTP/1.1" 200 140930
[2020-04-09 09:10:38,948] [basehttp.py:154] [basehttp:log_message] [INFO]- "GET /static/js/photo/css/lightbox.min.css HTTP/1.1" 200 2532
[2020-04-09 09:10:38,954] [basehttp.py:154] [basehttp:log_message] [INFO]- "GET /static/Magnific-Popup-master/dist/magnific-popup.css HTTP/1.1" 200 6951
[2020-04-09 09:10:38,958] [basehttp.py:154] [basehttp:log_message] [INFO]- "GET /static/css/lib/data-table/buttons.bootstrap.min.css HTTP/1.1" 200 8082
[2020-04-09 09:10:38,962] [basehttp.py:154] [basehttp:log_message] [INFO]- "GET /static/css/lib/data-table/dataTables.bootstrap.min.css HTTP/1.1" 200 13587
[2020-04-09 09:10:39,057] [basehttp.py:154] [basehttp:log_message] [INFO]- "GET /static/js/lib/data-table/dataTables.buttons.min.js HTTP/1.1" 200 16036
[2020-04-09 09:10:39,088] [basehttp.py:154] [basehttp:log_message] [INFO]- "GET /static/js/lib/data-table/buttons.html5.min.js HTTP/1.1" 200 23130
[2020-04-09 09:10:39,091] [basehttp.py:154] [basehttp:log_message] [INFO]- "GET /static/js/lib/data-table/buttons.flash.min.js HTTP/1.1" 200 25187
[2020-04-09 09:10:39,103] [basehttp.py:154] [basehttp:log_message] [INFO]- "GET /static/js/lib/data-table/jszip.min.js HTTP/1.1" 200 76985
[2020-04-09 09:10:39,119] [basehttp.py:154] [basehttp:log_message] [INFO]- "GET /static/js/lib/data-table/buttons.print.min.js HTTP/1.1" 200 1832
[2020-04-09 09:10:39,145] [basehttp.py:154] [basehttp:log_message] [INFO]- "GET /static/js/lib/data-table/datatables-init-non.js HTTP/1.1" 200 1208
[2020-04-09 09:10:39,149] [basehttp.py:154] [basehttp:log_message] [INFO]- "GET /static/js/photo/js/lightbox.js HTTP/1.1" 200 20312
[2020-04-09 09:10:39,176] [basehttp.py:154] [basehttp:log_message] [INFO]- "GET /static/Magnific-Popup-master/dist/jquery.magnific-popup.min.js HTTP/1.1" 200 20216
[2020-04-09 09:10:39,178] [basehttp.py:154] [basehttp:log_message] [INFO]- "GET /media/img/test/07_bm2r0Aw.gif HTTP/1.1" 200 240860
[2020-04-09 09:10:39,183] [basehttp.py:154] [basehttp:log_message] [INFO]- "GET /media/img/test/bgimg.jpg HTTP/1.1" 200 777062
[2020-04-09 09:10:39,215] [basehttp.py:154] [basehttp:log_message] [INFO]- "GET /media/img/test/02.gif HTTP/1.1" 200 36212
[2020-04-09 09:10:39,216] [basehttp.py:154] [basehttp:log_message] [INFO]- "GET /media/img/test/1.png HTTP/1.1" 200 1514611
[2020-04-09 09:10:39,230] [basehttp.py:154] [basehttp:log_message] [INFO]- "GET /static/js/vue.min.js HTTP/1.1" 200 93675
[2020-04-09 09:10:39,249] [basehttp.py:154] [basehttp:log_message] [INFO]- "GET /static/src/blue.jpg HTTP/1.1" 200 60343
[2020-04-09 09:10:39,278] [basehttp.py:154] [basehttp:log_message] [INFO]- "GET /media/img/test/1_IaHyDLG.png HTTP/1.1" 200 1514611
[2020-04-09 09:10:39,279] [basehttp.py:154] [basehttp:log_message] [INFO]- "GET /static/js/lib/data-table/pdfmake.min.js HTTP/1.1" 200 419939
[2020-04-09 09:10:39,280] [basehttp.py:154] [basehttp:log_message] [INFO]- "GET /media/img/test/city_fcXsZTj.jpg HTTP/1.1" 200 105077
[2020-04-09 09:10:39,309] [basehttp.py:154] [basehttp:log_message] [INFO]- "GET /media/img/test/2_wOaAOBh.png HTTP/1.1" 200 309629
[2020-04-09 09:10:39,643] [log.py:228] [log:log_response] [WARNING]- Not Found: /media/videos/1.png
[2020-04-09 09:10:39,648] [basehttp.py:154] [basehttp:log_message] [WARNING]- "GET /media/videos/1.png HTTP/1.1" 404 77
[2020-04-09 09:10:39,675] [basehttp.py:154] [basehttp:log_message] [INFO]- "GET /static/js/lib/data-table/vfs_fonts.js HTTP/1.1" 200 567638
[2020-04-09 09:10:39,678] [basehttp.py:154] [basehttp:log_message] [INFO]- "GET /media/img/test/2_6kpWz46.png HTTP/1.1" 200 309629
[2020-04-09 09:10:39,700] [basehttp.py:154] [basehttp:log_message] [INFO]- "GET /media/img/test/2_saKpYAa.png HTTP/1.1" 200 309629
[2020-04-09 09:10:39,721] [basehttp.py:154] [basehttp:log_message] [INFO]- "GET /media/img/test/1_pKk5Mt6.png HTTP/1.1" 200 1514611
[2020-04-09 09:10:39,722] [basehttp.py:154] [basehttp:log_message] [INFO]- "GET /media/videos/tt_ircr7UY.mp4 HTTP/1.1" 200 127041
[2020-04-09 09:10:39,725] [basehttp.py:154] [basehttp:log_message] [INFO]- "GET /media/img/test/1_VyKGf86.png HTTP/1.1" 200 1514611
[2020-04-09 09:10:39,727] [basehttp.py:154] [basehttp:log_message] [INFO]- "GET /media/videos/ttt_wfKgBHL.mp4 HTTP/1.1" 200 127041
[2020-04-09 09:10:39,892] [basehttp.py:154] [basehttp:log_message] [INFO]- "GET /static/js/photo/images/next.png HTTP/1.1" 200 1350
[2020-04-09 09:10:39,897] [basehttp.py:154] [basehttp:log_message] [INFO]- "GET /static/js/photo/images/prev.png HTTP/1.1" 200 1360
[2020-04-09 09:10:39,897] [basehttp.py:154] [basehttp:log_message] [INFO]- "GET /static/js/photo/images/loading.gif HTTP/1.1" 200 8476
[2020-04-09 09:10:39,913] [basehttp.py:154] [basehttp:log_message] [INFO]- "GET /static/js/photo/images/close.png HTTP/1.1" 200 280
[2020-04-09 09:10:40,132] [basehttp.py:154] [basehttp:log_message] [INFO]- "GET /favicon.ico HTTP/1.1" 200 15473
[2020-04-09 09:10:42,136] [basehttp.py:154] [basehttp:log_message] [INFO]- "GET /LessonProjectME/Lesson_SearchByProject/ HTTP/1.1" 200 31061
[2020-04-09 09:10:42,188] [log.py:228] [log:log_response] [WARNING]- Not Found: /static/jquery-3.2.1.js
[2020-04-09 09:10:42,190] [basehttp.py:154] [basehttp:log_message] [WARNING]- "GET /static/jquery-3.2.1.js HTTP/1.1" 404 77
[2020-04-09 09:10:42,208] [basehttp.py:154] [basehttp:log_message] [INFO]- "GET /static/css/bouncing.css HTTP/1.1" 200 2137
[2020-04-09 09:10:42,226] [basehttp.py:154] [basehttp:log_message] [INFO]- "GET /static/css/ElementUI.css HTTP/1.1" 200 232696
[2020-04-09 09:10:42,253] [basehttp.py:154] [basehttp:log_message] [INFO]- "GET /static/js/xlsx/FileSaver.min.js HTTP/1.1" 200 2611
[2020-04-09 09:10:42,274] [basehttp.py:154] [basehttp:log_message] [INFO]- "GET /static/js/axios.min.js HTTP/1.1" 200 13696
[2020-04-09 09:10:42,276] [basehttp.py:154] [basehttp:log_message] [INFO]- "GET /static/js/qs.js HTTP/1.1" 200 25398
[2020-04-09 09:10:42,299] [basehttp.py:154] [basehttp:log_message] [INFO]- "GET /static/js/Element/table.js HTTP/1.1" 200 28389
[2020-04-09 09:10:42,303] [basehttp.py:154] [basehttp:log_message] [INFO]- "GET /static/js/Element/main.js HTTP/1.1" 200 8726
[2020-04-09 09:10:42,310] [basehttp.py:154] [basehttp:log_message] [INFO]- "GET /static/js/es6/polyfill.min.js HTTP/1.1" 200 97799
[2020-04-09 09:10:42,342] [basehttp.py:154] [basehttp:log_message] [INFO]- "GET /static/js/Element/input.js HTTP/1.1" 200 29207
[2020-04-09 09:10:42,360] [basehttp.py:154] [basehttp:log_message] [INFO]- "GET /static/js/Element/table-column.js HTTP/1.1" 200 28341
[2020-04-09 09:10:42,397] [basehttp.py:154] [basehttp:log_message] [INFO]- "GET /static/js/Element/icon.js HTTP/1.1" 200 8700
[2020-04-09 09:10:42,405] [basehttp.py:154] [basehttp:log_message] [INFO]- "GET /static/js/Element/image.js HTTP/1.1" 200 25055
[2020-04-09 09:10:42,444] [basehttp.py:154] [basehttp:log_message] [INFO]- "GET /static/js/Element/message.js HTTP/1.1" 200 11022
[2020-04-09 09:10:42,634] [basehttp.py:154] [basehttp:log_message] [INFO]- "GET /static/js/Element/index.js HTTP/1.1" 200 563790
[2020-04-09 09:10:42,640] [basehttp.py:154] [basehttp:log_message] [INFO]- "GET /static/js/es6/babel.min.js HTTP/1.1" 200 791258
[2020-04-09 09:10:43,358] [basehttp.py:154] [basehttp:log_message] [INFO]- "GET /static/css/fonts/element-icons.ttf HTTP/1.1" 200 55956
[2020-04-09 09:10:43,416] [basehttp.py:154] [basehttp:log_message] [INFO]- "GET /favicon.ico HTTP/1.1" 200 15473
[2020-04-09 09:10:46,418] [basehttp.py:154] [basehttp:log_message] [INFO]- "GET /LessonProjectME/Lesson_SearchByProject/?action=search&customer=C38(NB)&csrfmiddlewaretoken=xOG6FTzG7gPNah6QyyXdb8PXSjnrKGZYqkjYTgUxS91tn2me0F7l79Y8EBWU5iHl HTTP/1.1" 200 373
[2020-04-09 09:11:01,990] [basehttp.py:154] [basehttp:log_message] [INFO]- "GET /DriverTool/DriverList_search/ HTTP/1.1" 200 24436
[2020-04-09 09:11:02,020] [log.py:228] [log:log_response] [WARNING]- Not Found: /static/jquery-3.2.1.js
[2020-04-09 09:11:02,021] [basehttp.py:154] [basehttp:log_message] [WARNING]- "GET /static/jquery-3.2.1.js HTTP/1.1" 404 77
[2020-04-09 09:11:02,030] [basehttp.py:154] [basehttp:log_message] [INFO]- "GET /static/css/index.css HTTP/1.1" 200 232694
[2020-04-09 09:11:02,515] [basehttp.py:154] [basehttp:log_message] [INFO]- "POST /DriverTool/DriverList_search/ HTTP/1.1" 200 408
[2020-04-09 09:11:02,521] [basehttp.py:154] [basehttp:log_message] [INFO]- "GET /favicon.ico HTTP/1.1" 200 15473
[2020-04-09 09:11:04,848] [basehttp.py:154] [basehttp:log_message] [INFO]- "POST /DriverTool/DriverList_search/ HTTP/1.1" 200 759
[2020-04-09 09:21:07,173] [basehttp.py:154] [basehttp:log_message] [INFO]- "GET /LessonProjectME/Lesson_SearchByProject/ HTTP/1.1" 200 31061
[2020-04-09 09:21:07,215] [log.py:228] [log:log_response] [WARNING]- Not Found: /static/jquery-3.2.1.js
[2020-04-09 09:21:07,215] [basehttp.py:154] [basehttp:log_message] [WARNING]- "GET /static/jquery-3.2.1.js HTTP/1.1" 404 77
[2020-04-09 09:21:07,842] [basehttp.py:154] [basehttp:log_message] [INFO]- "GET /favicon.ico HTTP/1.1" 200 15473
[2020-04-09 09:21:10,721] [basehttp.py:154] [basehttp:log_message] [INFO]- "GET /LessonProjectME/Lesson_SearchByProject/?action=search&customer=C38(NB)&csrfmiddlewaretoken=3zWPUY8oYBAiUPomvdgFqmgQGjnSy9loW5zH8ltfJuMY7AEKXkqNmnp1sBWlTL3L HTTP/1.1" 200 373
[2020-04-09 11:59:09,170] [basehttp.py:154] [basehttp:log_message] [INFO]- "GET /TestPlanSW/TestPlanSW-edit/ HTTP/1.1" 200 101395
[2020-04-09 11:59:09,227] [log.py:228] [log:log_response] [WARNING]- Not Found: /static/jquery-3.2.1.js
[2020-04-09 11:59:09,227] [basehttp.py:154] [basehttp:log_message] [WARNING]- "GET /static/jquery-3.2.1.js HTTP/1.1" 404 77
[2020-04-09 11:59:09,243] [basehttp.py:154] [basehttp:log_message] [INFO]- "GET /static/css/bouncing_edit.css HTTP/1.1" 200 6053
[2020-04-09 11:59:09,249] [basehttp.py:154] [basehttp:log_message] [INFO]- "GET /static/js/Element/dialog.js HTTP/1.1" 200 11942
[2020-04-09 11:59:09,282] [basehttp.py:154] [basehttp:log_message] [INFO]- "GET /static/js/Element/date-picker.js HTTP/1.1" 200 186049
[2020-04-09 11:59:09,293] [basehttp.py:154] [basehttp:log_message] [INFO]- "GET /static/js/Element/tooltip.js HTTP/1.1" 200 8439
[2020-04-09 11:59:09,296] [basehttp.py:154] [basehttp:log_message] [INFO]- "GET /static/js/Element/form.js HTTP/1.1" 200 10145
[2020-04-09 11:59:09,299] [basehttp.py:154] [basehttp:log_message] [INFO]- "GET /static/js/Element/pagination.js HTTP/1.1" 200 22168
[2020-04-09 11:59:10,229] [basehttp.py:154] [basehttp:log_message] [INFO]- "GET /TestPlanSW/TestPlanSW-edit/?action=first HTTP/1.1" 200 120
[2020-04-09 11:59:10,365] [basehttp.py:154] [basehttp:log_message] [INFO]- "GET /favicon.ico HTTP/1.1" 200 15473
[2020-04-09 11:59:15,971] [basehttp.py:154] [basehttp:log_message] [INFO]- "GET /TestPlanSW/TestPlanSW-edit/?action=getCategory&customer=C38(NB)&project=EL4C2&phase=2 HTTP/1.1" 200 642
[2020-04-09 11:59:18,908] [basehttp.py:154] [basehttp:log_message] [INFO]- "GET /TestPlanSW/TestPlanSW-edit/?action=getCategory&customer=C38(NB)&project=EL532&phase=0 HTTP/1.1" 200 726
[2020-04-09 11:59:30,228] [basehttp.py:154] [basehttp:log_message] [INFO]- "GET /TestPlanSW/TestPlanSW-edit/?action=getContent&customer=C38(NB)&project=EL532&phase=0&category=Basic HTTP/1.1" 200 40170
[2020-04-09 13:33:23,642] [basehttp.py:154] [basehttp:log_message] [INFO]- "GET /TestPlanSW/TestPlanSW-search/ HTTP/1.1" 200 56492
[2020-04-09 13:33:23,745] [log.py:228] [log:log_response] [WARNING]- Not Found: /static/jquery-3.2.1.js
[2020-04-09 13:33:23,745] [basehttp.py:154] [basehttp:log_message] [WARNING]- "GET /static/jquery-3.2.1.js HTTP/1.1" 404 77
[2020-04-09 13:33:24,817] [basehttp.py:154] [basehttp:log_message] [INFO]- "GET /TestPlanSW/TestPlanSW-search/?action=first HTTP/1.1" 200 120
[2020-04-09 13:33:24,959] [basehttp.py:154] [basehttp:log_message] [INFO]- "GET /favicon.ico HTTP/1.1" 200 15473
[2020-04-09 13:33:35,393] [basehttp.py:154] [basehttp:log_message] [INFO]- "GET /TestPlanSW/TestPlanSW-search/?action=getCategory&customer=C38(NB)&project=EL4C2&phase=2 HTTP/1.1" 200 642
[2020-04-09 13:33:41,438] [basehttp.py:154] [basehttp:log_message] [INFO]- "GET /TestPlanSW/TestPlanSW-search/?action=getContent&customer=C38(NB)&project=EL4C2&phase=2&category=Basic HTTP/1.1" 200 196728
