[2022-08-16 14:12:07,963] [basehttp.py:154] [basehttp:log_message] [INFO]- "GET / HTTP/1.1" 302 0
[2022-08-16 14:12:08,019] [basehttp.py:154] [basehttp:log_message] [INFO]- "GET /login/ HTTP/1.1" 200 4677
[2022-08-16 14:12:08,265] [basehttp.py:154] [basehttp:log_message] [INFO]- "GET /favicon.ico HTTP/1.1" 302 0
[2022-08-16 14:12:08,274] [basehttp.py:154] [basehttp:log_message] [INFO]- "GET /login/ HTTP/1.1" 200 4677
[2022-08-16 14:12:10,061] [UserIP.py:89] [UserIP:process_response] [CRITICAL]- 系统错误
[2022-08-16 14:12:10,074] [basehttp.py:154] [basehttp:log_message] [INFO]- "POST /login/ HTTP/1.1" 302 0
[2022-08-16 14:12:10,211] [basehttp.py:154] [basehttp:log_message] [INFO]- "GET /index/ HTTP/1.1" 200 47652
[2022-08-16 14:12:10,291] [basehttp.py:154] [basehttp:log_message] [INFO]- "GET /static/download_UPK/element-ui@2.12.0/lib/theme-chalk/index.css HTTP/1.1" 304 0
[2022-08-16 14:12:10,291] [basehttp.py:154] [basehttp:log_message] [INFO]- "GET /static/css/lib/calendar2/pignose.calendar.min.css HTTP/1.1" 304 0
[2022-08-16 14:12:10,304] [basehttp.py:154] [basehttp:log_message] [INFO]- "GET /static/css/lib/weather-icons.css HTTP/1.1" 304 0
[2022-08-16 14:12:10,304] [basehttp.py:154] [basehttp:log_message] [INFO]- "GET /static/css/lib/owl.theme.default.min.css HTTP/1.1" 304 0
[2022-08-16 14:12:10,313] [basehttp.py:154] [basehttp:log_message] [INFO]- "GET /static/css/lib/menubar/sidebar.css HTTP/1.1" 304 0
[2022-08-16 14:12:10,314] [basehttp.py:154] [basehttp:log_message] [INFO]- "GET /static/node_modules/bootstrap-icons/font/bootstrap-icons.css HTTP/1.1" 304 0
[2022-08-16 14:12:10,322] [basehttp.py:154] [basehttp:log_message] [INFO]- "GET /static/css/lib/owl.carousel.min.css HTTP/1.1" 304 0
[2022-08-16 14:12:10,325] [basehttp.py:154] [basehttp:log_message] [INFO]- "GET /static/css/lib/helper.css HTTP/1.1" 304 0
[2022-08-16 14:12:10,326] [basehttp.py:154] [basehttp:log_message] [INFO]- "GET /static/css/style.css HTTP/1.1" 304 0
[2022-08-16 14:12:10,326] [basehttp.py:154] [basehttp:log_message] [INFO]- "GET /static/css/uploadbutton.css HTTP/1.1" 304 0
[2022-08-16 14:12:10,338] [basehttp.py:154] [basehttp:log_message] [INFO]- "GET /static/css/lib/themify-icons.css HTTP/1.1" 304 0
[2022-08-16 14:12:10,343] [basehttp.py:154] [basehttp:log_message] [INFO]- "GET /static/css/home_style.css HTTP/1.1" 304 0
[2022-08-16 14:12:10,344] [basehttp.py:154] [basehttp:log_message] [INFO]- "GET /static/css/home_zerogrid.css HTTP/1.1" 304 0
[2022-08-16 14:12:10,344] [basehttp.py:154] [basehttp:log_message] [INFO]- "GET /static/css/home_menu.css HTTP/1.1" 304 0
[2022-08-16 14:12:10,344] [basehttp.py:154] [basehttp:log_message] [INFO]- "GET /static/js/lib/jquery.min.js HTTP/1.1" 304 0
[2022-08-16 14:12:10,373] [basehttp.py:154] [basehttp:log_message] [INFO]- "GET /static/js/lib/jquery.nanoscroller.min.js HTTP/1.1" 304 0
[2022-08-16 14:12:10,375] [basehttp.py:154] [basehttp:log_message] [INFO]- "GET /static/js/lib/menubar/sidebar.js HTTP/1.1" 304 0
[2022-08-16 14:12:10,379] [basehttp.py:154] [basehttp:log_message] [INFO]- "GET /static/js/lib/preloader/pace.min.js HTTP/1.1" 304 0
[2022-08-16 14:12:10,385] [basehttp.py:154] [basehttp:log_message] [INFO]- "GET /static/css/lib/font-awesome.min.css HTTP/1.1" 304 0
[2022-08-16 14:12:10,404] [basehttp.py:154] [basehttp:log_message] [INFO]- "GET /static/js/lib/bootstrap.min.js HTTP/1.1" 304 0
[2022-08-16 14:12:10,408] [basehttp.py:154] [basehttp:log_message] [INFO]- "GET /static/js/scripts.js HTTP/1.1" 304 0
[2022-08-16 14:12:10,409] [basehttp.py:154] [basehttp:log_message] [INFO]- "GET /static/js/lib/calendar-2/moment.latest.min.js HTTP/1.1" 304 0
[2022-08-16 14:12:10,409] [basehttp.py:154] [basehttp:log_message] [INFO]- "GET /static/js/lib/calendar-2/pignose.calendar.min.js HTTP/1.1" 304 0
[2022-08-16 14:12:10,409] [basehttp.py:154] [basehttp:log_message] [INFO]- "GET /static/js/lib/calendar-2/pignose.init.js HTTP/1.1" 304 0
[2022-08-16 14:12:10,419] [basehttp.py:154] [basehttp:log_message] [INFO]- "GET /static/js/lib/circle-progress/circle-progress.min.js HTTP/1.1" 304 0
[2022-08-16 14:12:10,445] [basehttp.py:154] [basehttp:log_message] [INFO]- "GET /static/js/lib/circle-progress/circle-progress-init.js HTTP/1.1" 304 0
[2022-08-16 14:12:10,451] [basehttp.py:154] [basehttp:log_message] [INFO]- "GET /static/js/lib/sparklinechart/sparkline.init.js HTTP/1.1" 304 0
[2022-08-16 14:12:10,451] [basehttp.py:154] [basehttp:log_message] [INFO]- "GET /static/js/lib/sparklinechart/jquery.sparkline.min.js HTTP/1.1" 304 0
[2022-08-16 14:12:10,451] [basehttp.py:154] [basehttp:log_message] [INFO]- "GET /static/js/lib/owl-carousel/owl.carousel.min.js HTTP/1.1" 304 0
[2022-08-16 14:12:10,452] [basehttp.py:154] [basehttp:log_message] [INFO]- "GET /static/js/lib/owl-carousel/owl.carousel-init.js HTTP/1.1" 304 0
[2022-08-16 14:12:10,457] [basehttp.py:154] [basehttp:log_message] [INFO]- "GET /static/js/date.js HTTP/1.1" 304 0
[2022-08-16 14:12:10,479] [basehttp.py:154] [basehttp:log_message] [INFO]- "GET /static/vendor/datatables/jquery.dataTables.js HTTP/1.1" 304 0
[2022-08-16 14:12:10,486] [basehttp.py:154] [basehttp:log_message] [INFO]- "GET /static/js/datapicker.js HTTP/1.1" 304 0
[2022-08-16 14:12:10,489] [basehttp.py:154] [basehttp:log_message] [INFO]- "GET /static/js/xlsx/xlsx.core.min.js HTTP/1.1" 304 0
[2022-08-16 14:12:10,490] [basehttp.py:154] [basehttp:log_message] [INFO]- "GET /static/js/lib/calendar-2/semantic.ui.min.js HTTP/1.1" 304 0
[2022-08-16 14:12:10,490] [basehttp.py:154] [basehttp:log_message] [INFO]- "GET /static/js/lib/calendar-2/prism.min.js HTTP/1.1" 304 0
[2022-08-16 14:12:10,491] [basehttp.py:154] [basehttp:log_message] [INFO]- "GET /static/css/lib/chartist/chartist.min.css HTTP/1.1" 304 0
[2022-08-16 14:12:10,501] [basehttp.py:154] [basehttp:log_message] [INFO]- "GET /static/js/es6/polyfill.min.js HTTP/1.1" 304 0
[2022-08-16 14:12:10,503] [basehttp.py:154] [basehttp:log_message] [INFO]- "GET /static/js/es6/babel.min.js HTTP/1.1" 304 0
[2022-08-16 14:12:10,522] [basehttp.py:154] [basehttp:log_message] [INFO]- "GET /static/js/axios.min.js HTTP/1.1" 304 0
[2022-08-16 14:12:10,579] [basehttp.py:154] [basehttp:log_message] [INFO]- "GET /static/js/vue.min.js HTTP/1.1" 304 0
[2022-08-16 14:12:10,589] [basehttp.py:154] [basehttp:log_message] [INFO]- "GET /static/js/qs.js HTTP/1.1" 304 0
[2022-08-16 14:12:10,589] [basehttp.py:154] [basehttp:log_message] [INFO]- "GET /static/js/Element/table.js HTTP/1.1" 304 0
[2022-08-16 14:12:10,591] [basehttp.py:154] [basehttp:log_message] [INFO]- "GET /static/js/Element/input.js HTTP/1.1" 304 0
[2022-08-16 14:12:10,593] [basehttp.py:154] [basehttp:log_message] [INFO]- "GET /static/js/Element/table-column.js HTTP/1.1" 304 0
[2022-08-16 14:12:10,597] [basehttp.py:154] [basehttp:log_message] [INFO]- "GET /static/js/Element/index.js HTTP/1.1" 304 0
[2022-08-16 14:12:10,597] [basehttp.py:154] [basehttp:log_message] [INFO]- "GET /static/js/Element/icon.js HTTP/1.1" 304 0
[2022-08-16 14:12:10,604] [basehttp.py:154] [basehttp:log_message] [INFO]- "GET /static/js/Element/image.js HTTP/1.1" 304 0
[2022-08-16 14:12:10,605] [basehttp.py:154] [basehttp:log_message] [INFO]- "GET /static/js/Element/message.js HTTP/1.1" 304 0
[2022-08-16 14:12:10,607] [basehttp.py:154] [basehttp:log_message] [INFO]- "GET /static/js/xlsx/xlsx.js HTTP/1.1" 304 0
[2022-08-16 14:12:10,612] [basehttp.py:154] [basehttp:log_message] [INFO]- "GET /static/src/back/001.png HTTP/1.1" 304 0
[2022-08-16 14:12:10,612] [basehttp.py:154] [basehttp:log_message] [INFO]- "GET /static/src/back/mail.png HTTP/1.1" 304 0
[2022-08-16 14:12:10,613] [basehttp.py:154] [basehttp:log_message] [INFO]- "GET /static/src/back/call.png HTTP/1.1" 304 0
[2022-08-16 14:12:10,619] [basehttp.py:154] [basehttp:log_message] [INFO]- "GET /static/src/index.jpg HTTP/1.1" 304 0
[2022-08-16 14:12:10,621] [basehttp.py:154] [basehttp:log_message] [INFO]- "GET /static/src/3.jpg HTTP/1.1" 304 0
[2022-08-16 14:12:10,622] [basehttp.py:154] [basehttp:log_message] [INFO]- "GET /static/src/6.jpg HTTP/1.1" 304 0
[2022-08-16 14:12:10,644] [basehttp.py:154] [basehttp:log_message] [INFO]- "GET /static/js/Element/main.js HTTP/1.1" 304 0
[2022-08-16 14:12:10,658] [basehttp.py:154] [basehttp:log_message] [INFO]- "GET /static/src/5.jpg HTTP/1.1" 304 0
[2022-08-16 14:12:10,703] [basehttp.py:154] [basehttp:log_message] [INFO]- "GET /static/src/4.jpg HTTP/1.1" 304 0
[2022-08-16 14:12:10,709] [basehttp.py:154] [basehttp:log_message] [INFO]- "GET /static/src/10.jpg HTTP/1.1" 304 0
[2022-08-16 14:12:10,709] [basehttp.py:154] [basehttp:log_message] [INFO]- "GET /static/src/timg3.jfif HTTP/1.1" 304 0
[2022-08-16 14:12:10,709] [basehttp.py:154] [basehttp:log_message] [INFO]- "GET /static/src/8.jpg HTTP/1.1" 304 0
[2022-08-16 14:12:10,710] [basehttp.py:154] [basehttp:log_message] [INFO]- "GET /static/src/9.jfif HTTP/1.1" 304 0
[2022-08-16 14:12:10,744] [basehttp.py:154] [basehttp:log_message] [INFO]- "GET /static/src/2.jpg HTTP/1.1" 304 0
[2022-08-16 14:12:10,785] [basehttp.py:154] [basehttp:log_message] [INFO]- "GET /index/ HTTP/1.1" 200 47652
[2022-08-16 14:12:10,795] [basehttp.py:154] [basehttp:log_message] [INFO]- "GET /static/src/7.jpg HTTP/1.1" 304 0
[2022-08-16 14:12:10,796] [basehttp.py:154] [basehttp:log_message] [INFO]- "GET /static/src/gallery_05.jpg HTTP/1.1" 304 0
[2022-08-16 14:12:10,797] [basehttp.py:154] [basehttp:log_message] [INFO]- "GET /static/src/1.jpg HTTP/1.1" 304 0
[2022-08-16 14:12:10,797] [basehttp.py:154] [basehttp:log_message] [INFO]- "GET /static/src/timg.jfif HTTP/1.1" 304 0
[2022-08-16 14:12:10,802] [basehttp.py:154] [basehttp:log_message] [INFO]- "GET /static/css/admin/assets/fonts/themify.woff?-fvbane HTTP/1.1" 304 0
[2022-08-16 14:12:10,807] [basehttp.py:154] [basehttp:log_message] [INFO]- "GET /static/fonts/fontawesome-webfont.woff2?v=4.7.0 HTTP/1.1" 304 0
[2022-08-16 14:12:10,807] [basehttp.py:154] [basehttp:log_message] [INFO]- "GET /static/node_modules/bootstrap-icons/font/fonts/bootstrap-icons.woff2?30af91bf14e37666a085fb8a161ff36d HTTP/1.1" 304 0
[2022-08-16 14:12:11,441] [basehttp.py:154] [basehttp:log_message] [INFO]- "GET /static/css/admin/assets/fonts/themify.ttf?-fvbane HTTP/1.1" 304 0
[2022-08-16 14:12:11,455] [basehttp.py:154] [basehttp:log_message] [INFO]- "GET /static/fonts/themify.woff?-fvbane HTTP/1.1" 304 0
[2022-08-16 14:12:11,533] [basehttp.py:154] [basehttp:log_message] [INFO]- "GET /favicon.ico HTTP/1.1" 200 22921
[2022-08-16 14:12:13,694] [basehttp.py:154] [basehttp:log_message] [INFO]- "GET /Navigation/ HTTP/1.1" 200 110783
[2022-08-16 14:12:13,718] [basehttp.py:154] [basehttp:log_message] [INFO]- "GET /static/css/down_index.css HTTP/1.1" 304 0
[2022-08-16 14:12:13,718] [basehttp.py:154] [basehttp:log_message] [INFO]- "GET /static/css/down_base.css HTTP/1.1" 304 0
[2022-08-16 14:12:13,759] [basehttp.py:154] [basehttp:log_message] [INFO]- "GET /static/src/test20.jpg HTTP/1.1" 304 0
[2022-08-16 14:12:13,759] [basehttp.py:154] [basehttp:log_message] [INFO]- "GET /static/src/test12.jpg HTTP/1.1" 304 0
[2022-08-16 14:12:14,051] [basehttp.py:154] [basehttp:log_message] [INFO]- "GET /favicon.ico HTTP/1.1" 200 22921
[2022-08-16 14:12:15,982] [basehttp.py:154] [basehttp:log_message] [INFO]- "GET /SpecDownload/SpecDownload-summary/ HTTP/1.1" 200 48818
[2022-08-16 14:12:16,520] [UserIP.py:87] [UserIP:process_response] [INFO]- 2022-08-16 14:12:16 C1010S3>Edwin None>LAPTOP-1EJQO0D7>311 127.0.0.1 127.0.0.1 /SpecDownload/SpecDownload-summary/ POST
[2022-08-16 14:12:16,528] [basehttp.py:154] [basehttp:log_message] [INFO]- "POST /SpecDownload/SpecDownload-summary/ HTTP/1.1" 200 181
[2022-08-16 14:12:16,553] [basehttp.py:154] [basehttp:log_message] [INFO]- "GET /favicon.ico HTTP/1.1" 200 22921
[2022-08-16 14:12:54,210] [basehttp.py:154] [basehttp:log_message] [INFO]- "GET /admin/ HTTP/1.1" 302 0
[2022-08-16 14:12:54,254] [basehttp.py:154] [basehttp:log_message] [INFO]- "GET /admin/login/?next=/admin/ HTTP/1.1" 200 4026
[2022-08-16 14:12:54,378] [basehttp.py:154] [basehttp:log_message] [INFO]- "GET /favicon.ico HTTP/1.1" 200 22921
[2022-08-16 14:12:56,875] [UserIP.py:89] [UserIP:process_response] [CRITICAL]- 系统错误
[2022-08-16 14:12:56,878] [basehttp.py:154] [basehttp:log_message] [INFO]- "POST /admin/login/?next=/admin/ HTTP/1.1" 302 0
[2022-08-16 14:13:00,357] [basehttp.py:154] [basehttp:log_message] [INFO]- "GET /admin/ HTTP/1.1" 200 42150
[2022-08-16 14:13:00,376] [basehttp.py:154] [basehttp:log_message] [INFO]- "GET /static/admin/simpleui-x/css/index.css?_=3.2 HTTP/1.1" 304 0
[2022-08-16 14:13:00,643] [basehttp.py:154] [basehttp:log_message] [INFO]- "GET /favicon.ico HTTP/1.1" 200 22921
[2022-08-16 14:13:48,713] [basehttp.py:154] [basehttp:log_message] [INFO]- "GET /favicon.ico HTTP/1.1" 200 22921
[2022-08-16 14:13:49,026] [basehttp.py:154] [basehttp:log_message] [INFO]- "GET /admin/app01/permission/ HTTP/1.1" 200 99171
[2022-08-16 14:13:49,038] [basehttp.py:154] [basehttp:log_message] [INFO]- "GET /static/admin/css/base.css?_=2.7 HTTP/1.1" 304 0
[2022-08-16 14:13:49,043] [basehttp.py:154] [basehttp:log_message] [INFO]- "GET /static/admin/simpleui-x/theme/simpleui.css HTTP/1.1" 304 0
[2022-08-16 14:13:49,043] [basehttp.py:154] [basehttp:log_message] [INFO]- "GET /static/admin/js/vendor/jquery/jquery.js HTTP/1.1" 304 0
[2022-08-16 14:13:49,043] [basehttp.py:154] [basehttp:log_message] [INFO]- "GET /static/admin/js/core.js HTTP/1.1" 304 0
[2022-08-16 14:13:49,044] [basehttp.py:154] [basehttp:log_message] [INFO]- "GET /static/admin/css/changelists.css?_=20180905 HTTP/1.1" 304 0
[2022-08-16 14:13:49,044] [basehttp.py:154] [basehttp:log_message] [INFO]- "GET /static/admin/js/jquery.init.js HTTP/1.1" 304 0
[2022-08-16 14:13:49,050] [basehttp.py:154] [basehttp:log_message] [INFO]- "GET /static/admin/js/prepopulate.js HTTP/1.1" 304 0
[2022-08-16 14:13:49,050] [basehttp.py:154] [basehttp:log_message] [INFO]- "GET /static/admin/css/responsive.css?_=20180905 HTTP/1.1" 304 0
[2022-08-16 14:13:49,050] [basehttp.py:154] [basehttp:log_message] [INFO]- "GET /static/admin/js/urlify.js HTTP/1.1" 304 0
[2022-08-16 14:13:49,050] [basehttp.py:154] [basehttp:log_message] [INFO]- "GET /static/admin/js/admin/RelatedObjectLookups.js HTTP/1.1" 304 0
[2022-08-16 14:13:49,051] [basehttp.py:154] [basehttp:log_message] [INFO]- "GET /static/admin/js/actions.js HTTP/1.1" 304 0
[2022-08-16 14:13:49,053] [basehttp.py:154] [basehttp:log_message] [INFO]- "GET /static/admin/js/vendor/jquery/jquery.min.js HTTP/1.1" 304 0
[2022-08-16 14:13:49,053] [basehttp.py:154] [basehttp:log_message] [INFO]- "GET /static/admin/js/vendor/xregexp/xregexp.js HTTP/1.1" 304 0
[2022-08-16 14:13:49,058] [basehttp.py:154] [basehttp:log_message] [INFO]- "GET /static/admin/css/fonts.css HTTP/1.1" 304 0
[2022-08-16 14:13:49,066] [basehttp.py:154] [basehttp:log_message] [INFO]- "GET /admin/jsi18n/ HTTP/1.1" 200 7684
[2022-08-16 14:13:49,125] [basehttp.py:154] [basehttp:log_message] [INFO]- "GET /static/admin/fonts/Roboto-Regular-webfont.woff HTTP/1.1" 304 0
[2022-08-16 14:13:49,185] [basehttp.py:154] [basehttp:log_message] [INFO]- "GET /static/admin/img/sorting-icons.svg HTTP/1.1" 304 0
[2022-08-16 14:13:49,204] [basehttp.py:154] [basehttp:log_message] [INFO]- "GET /static/admin/fonts/Roboto-Light-webfont.woff HTTP/1.1" 304 0
[2022-08-16 14:13:49,204] [basehttp.py:154] [basehttp:log_message] [INFO]- "GET /static/admin/fonts/Roboto-Bold-webfont.woff HTTP/1.1" 304 0
[2022-08-16 14:14:23,649] [basehttp.py:154] [basehttp:log_message] [INFO]- "GET /admin/app01/permission/78/change/ HTTP/1.1" 200 20839
[2022-08-16 14:14:23,678] [basehttp.py:154] [basehttp:log_message] [INFO]- "GET /admin/jsi18n/ HTTP/1.1" 200 7684
[2022-08-16 14:14:32,389] [UserIP.py:89] [UserIP:process_response] [CRITICAL]- 系统错误
[2022-08-16 14:14:32,393] [basehttp.py:154] [basehttp:log_message] [INFO]- "POST /admin/app01/permission/78/change/ HTTP/1.1" 302 0
[2022-08-16 14:14:32,592] [basehttp.py:154] [basehttp:log_message] [INFO]- "GET /admin/app01/permission/ HTTP/1.1" 200 99333
[2022-08-16 14:14:32,635] [basehttp.py:154] [basehttp:log_message] [INFO]- "GET /admin/jsi18n/ HTTP/1.1" 200 7684
[2022-08-16 14:14:39,408] [basehttp.py:154] [basehttp:log_message] [INFO]- "GET /admin/app01/permission/79/change/ HTTP/1.1" 200 20843
[2022-08-16 14:14:39,449] [basehttp.py:154] [basehttp:log_message] [INFO]- "GET /admin/jsi18n/ HTTP/1.1" 200 7684
[2022-08-16 14:14:56,426] [UserIP.py:89] [UserIP:process_response] [CRITICAL]- 系统错误
[2022-08-16 14:14:56,431] [basehttp.py:154] [basehttp:log_message] [INFO]- "POST /admin/app01/permission/79/change/ HTTP/1.1" 302 0
[2022-08-16 14:14:56,602] [basehttp.py:154] [basehttp:log_message] [INFO]- "GET /admin/app01/permission/ HTTP/1.1" 200 99344
[2022-08-16 14:14:56,627] [basehttp.py:154] [basehttp:log_message] [INFO]- "GET /admin/jsi18n/ HTTP/1.1" 200 7684
[2022-08-16 14:15:04,368] [basehttp.py:154] [basehttp:log_message] [INFO]- "GET /admin/app01/permission/32/change/ HTTP/1.1" 200 20835
[2022-08-16 14:15:04,388] [basehttp.py:154] [basehttp:log_message] [INFO]- "GET /admin/jsi18n/ HTTP/1.1" 200 7684
[2022-08-16 14:15:09,048] [UserIP.py:89] [UserIP:process_response] [CRITICAL]- 系统错误
[2022-08-16 14:15:09,054] [basehttp.py:154] [basehttp:log_message] [INFO]- "POST /admin/app01/permission/32/change/ HTTP/1.1" 302 0
[2022-08-16 14:15:09,295] [basehttp.py:154] [basehttp:log_message] [INFO]- "GET /admin/app01/permission/ HTTP/1.1" 200 99348
[2022-08-16 14:15:09,320] [basehttp.py:154] [basehttp:log_message] [INFO]- "GET /admin/jsi18n/ HTTP/1.1" 200 7684
[2022-08-16 14:15:17,241] [basehttp.py:154] [basehttp:log_message] [INFO]- "GET /admin/app01/permission/33/change/ HTTP/1.1" 200 20839
[2022-08-16 14:15:17,280] [basehttp.py:154] [basehttp:log_message] [INFO]- "GET /admin/jsi18n/ HTTP/1.1" 200 7684
[2022-08-16 14:15:24,845] [UserIP.py:89] [UserIP:process_response] [CRITICAL]- 系统错误
[2022-08-16 14:15:24,852] [basehttp.py:154] [basehttp:log_message] [INFO]- "POST /admin/app01/permission/33/change/ HTTP/1.1" 302 0
[2022-08-16 14:15:25,104] [basehttp.py:154] [basehttp:log_message] [INFO]- "GET /admin/app01/permission/ HTTP/1.1" 200 99359
[2022-08-16 14:15:25,133] [basehttp.py:154] [basehttp:log_message] [INFO]- "GET /admin/jsi18n/ HTTP/1.1" 200 7684
[2022-08-16 14:16:01,019] [basehttp.py:154] [basehttp:log_message] [INFO]- "GET /favicon.ico HTTP/1.1" 200 22921
[2022-08-16 14:16:01,080] [basehttp.py:154] [basehttp:log_message] [INFO]- "GET /admin/app01/menu/ HTTP/1.1" 200 43151
[2022-08-16 14:16:01,103] [basehttp.py:154] [basehttp:log_message] [INFO]- "GET /admin/jsi18n/ HTTP/1.1" 200 7684
[2022-08-16 14:16:03,494] [basehttp.py:154] [basehttp:log_message] [INFO]- "GET /favicon.ico HTTP/1.1" 200 22921
[2022-08-16 14:16:07,641] [basehttp.py:154] [basehttp:log_message] [INFO]- "GET / HTTP/1.1" 200 22921
[2022-08-16 14:16:07,801] [basehttp.py:154] [basehttp:log_message] [INFO]- "GET /favicon.ico HTTP/1.1" 200 22921
[2022-08-16 14:16:24,232] [basehttp.py:154] [basehttp:log_message] [INFO]- "GET /logout/ HTTP/1.1" 302 0
[2022-08-16 14:16:24,234] [basehttp.py:154] [basehttp:log_message] [INFO]- "GET /login/ HTTP/1.1" 200 4677
[2022-08-16 14:16:24,291] [basehttp.py:154] [basehttp:log_message] [INFO]- "GET /favicon.ico HTTP/1.1" 302 0
[2022-08-16 14:16:24,321] [basehttp.py:154] [basehttp:log_message] [INFO]- "GET /login/ HTTP/1.1" 200 4677
[2022-08-16 14:16:26,657] [UserIP.py:89] [UserIP:process_response] [CRITICAL]- 系统错误
[2022-08-16 14:16:26,669] [basehttp.py:154] [basehttp:log_message] [INFO]- "POST /login/ HTTP/1.1" 302 0
[2022-08-16 14:16:26,754] [basehttp.py:154] [basehttp:log_message] [INFO]- "GET /index/ HTTP/1.1" 200 47664
[2022-08-16 14:16:26,944] [basehttp.py:154] [basehttp:log_message] [INFO]- "GET /index/ HTTP/1.1" 200 47664
[2022-08-16 14:16:27,184] [basehttp.py:154] [basehttp:log_message] [INFO]- "GET /favicon.ico HTTP/1.1" 200 22933
[2022-08-16 14:17:05,191] [basehttp.py:154] [basehttp:log_message] [INFO]- "GET /Navigation/ HTTP/1.1" 200 110795
[2022-08-16 14:17:05,455] [basehttp.py:154] [basehttp:log_message] [INFO]- "GET /favicon.ico HTTP/1.1" 200 22933
[2022-08-16 14:17:09,429] [basehttp.py:154] [basehttp:log_message] [INFO]- "GET /ProjectInfoSearch/ HTTP/1.1" 200 44162
[2022-08-16 14:17:09,852] [UserIP.py:87] [UserIP:process_response] [INFO]- 2022-08-16 14:17:09 C1010S3>Edwin None>LAPTOP-1EJQO0D7>311 127.0.0.1 127.0.0.1 /ProjectInfoSearch/ POST
[2022-08-16 14:17:09,867] [basehttp.py:154] [basehttp:log_message] [INFO]- "POST /ProjectInfoSearch/ HTTP/1.1" 200 56014
[2022-08-16 14:17:09,870] [basehttp.py:154] [basehttp:log_message] [INFO]- "GET /favicon.ico HTTP/1.1" 200 22933
[2022-08-16 14:18:35,438] [basehttp.py:154] [basehttp:log_message] [INFO]- "GET /SpecDownload/SpecDownload-summary/ HTTP/1.1" 200 48830
[2022-08-16 14:18:35,903] [UserIP.py:87] [UserIP:process_response] [INFO]- 2022-08-16 14:18:35 C1010S3>Edwin None>LAPTOP-1EJQO0D7>311 127.0.0.1 127.0.0.1 /SpecDownload/SpecDownload-summary/ POST
[2022-08-16 14:18:35,910] [basehttp.py:154] [basehttp:log_message] [INFO]- "POST /SpecDownload/SpecDownload-summary/ HTTP/1.1" 200 181
[2022-08-16 14:18:35,914] [basehttp.py:154] [basehttp:log_message] [INFO]- "GET /favicon.ico HTTP/1.1" 200 22933
[2022-08-16 14:21:48,156] [basehttp.py:154] [basehttp:log_message] [INFO]- "GET /Navigation/ HTTP/1.1" 200 110807
[2022-08-16 14:21:49,068] [basehttp.py:154] [basehttp:log_message] [INFO]- "GET /favicon.ico HTTP/1.1" 200 22933
[2022-08-16 14:22:16,509] [basehttp.py:154] [basehttp:log_message] [INFO]- "GET /SpecDownload/SpecDownload-summary/ HTTP/1.1" 200 48830
[2022-08-16 14:22:17,080] [UserIP.py:87] [UserIP:process_response] [INFO]- 2022-08-16 14:22:17 C1010S3>Edwin None>LAPTOP-1EJQO0D7>311 127.0.0.1 127.0.0.1 /SpecDownload/SpecDownload-summary/ POST
[2022-08-16 14:22:17,085] [basehttp.py:154] [basehttp:log_message] [INFO]- "POST /SpecDownload/SpecDownload-summary/ HTTP/1.1" 200 181
[2022-08-16 14:22:17,118] [basehttp.py:154] [basehttp:log_message] [INFO]- "GET /favicon.ico HTTP/1.1" 200 22933
[2022-08-16 14:22:26,786] [basehttp.py:154] [basehttp:log_message] [INFO]- "GET /ProjectInfoSearch/ HTTP/1.1" 200 44162
[2022-08-16 14:22:27,222] [UserIP.py:87] [UserIP:process_response] [INFO]- 2022-08-16 14:22:27 C1010S3>Edwin None>LAPTOP-1EJQO0D7>311 127.0.0.1 127.0.0.1 /ProjectInfoSearch/ POST
[2022-08-16 14:22:27,245] [basehttp.py:154] [basehttp:log_message] [INFO]- "POST /ProjectInfoSearch/ HTTP/1.1" 200 56014
[2022-08-16 14:22:27,261] [basehttp.py:154] [basehttp:log_message] [INFO]- "GET /favicon.ico HTTP/1.1" 200 22933
[2022-08-16 14:27:24,107] [basehttp.py:154] [basehttp:log_message] [INFO]- "GET /Navigation/ HTTP/1.1" 200 110845
[2022-08-16 14:27:24,917] [basehttp.py:154] [basehttp:log_message] [INFO]- "GET /favicon.ico HTTP/1.1" 200 22933
[2022-08-16 14:30:39,948] [basehttp.py:154] [basehttp:log_message] [INFO]- "GET /Navigation/ HTTP/1.1" 200 110875
[2022-08-16 14:30:39,978] [basehttp.py:154] [basehttp:log_message] [INFO]- "GET /static/js/Element/date-picker.js HTTP/1.1" 304 0
[2022-08-16 14:30:39,978] [basehttp.py:154] [basehttp:log_message] [INFO]- "GET /static/js/Element/dialog.js HTTP/1.1" 304 0
[2022-08-16 14:30:39,980] [basehttp.py:154] [basehttp:log_message] [INFO]- "GET /static/js/Element/tooltip.js HTTP/1.1" 304 0
[2022-08-16 14:30:39,982] [basehttp.py:154] [basehttp:log_message] [INFO]- "GET /static/js/Element/pagination.js HTTP/1.1" 304 0
[2022-08-16 14:30:40,003] [basehttp.py:154] [basehttp:log_message] [INFO]- "GET /static/src/blue.jpg HTTP/1.1" 304 0
[2022-08-16 14:30:40,308] [basehttp.py:154] [basehttp:log_message] [INFO]- "GET /favicon.ico HTTP/1.1" 200 22933
[2022-08-16 14:31:06,111] [basehttp.py:154] [basehttp:log_message] [INFO]- "GET /Navigation/ HTTP/1.1" 200 110860
[2022-08-16 14:31:06,483] [basehttp.py:154] [basehttp:log_message] [INFO]- "GET /favicon.ico HTTP/1.1" 200 22933
[2022-08-16 14:31:39,879] [basehttp.py:154] [basehttp:log_message] [INFO]- "GET /Navigation/ HTTP/1.1" 200 110870
[2022-08-16 14:31:40,203] [basehttp.py:154] [basehttp:log_message] [INFO]- "GET /favicon.ico HTTP/1.1" 200 22933
[2022-08-16 14:37:21,028] [basehttp.py:154] [basehttp:log_message] [INFO]- "GET /Navigation/ HTTP/1.1" 200 111040
[2022-08-16 14:37:21,729] [basehttp.py:154] [basehttp:log_message] [INFO]- "GET /favicon.ico HTTP/1.1" 200 22933
[2022-08-16 14:37:45,762] [basehttp.py:154] [basehttp:log_message] [INFO]- "GET /Navigation/ HTTP/1.1" 200 111014
[2022-08-16 14:37:46,416] [basehttp.py:154] [basehttp:log_message] [INFO]- "GET /favicon.ico HTTP/1.1" 200 22933
[2022-08-16 15:09:52,955] [basehttp.py:154] [basehttp:log_message] [WARNING]- "GET /static/js/axios.min.map HTTP/1.1" 404 1773
[2022-08-16 15:09:52,962] [basehttp.py:154] [basehttp:log_message] [WARNING]- "GET /static/js/lib/bootstrap.min.js.map HTTP/1.1" 404 1806
[2022-08-16 15:09:53,033] [basehttp.py:154] [basehttp:log_message] [WARNING]- "GET /static/css/bootstrap.min.css.map HTTP/1.1" 404 1800
[2022-08-16 15:12:55,307] [basehttp.py:154] [basehttp:log_message] [INFO]- "GET /Navigation/ HTTP/1.1" 200 111014
[2022-08-16 15:12:55,454] [basehttp.py:154] [basehttp:log_message] [WARNING]- "GET /static/css/bootstrap.min.css.map HTTP/1.1" 404 1800
[2022-08-16 15:12:55,510] [basehttp.py:154] [basehttp:log_message] [WARNING]- "GET /static/js/lib/bootstrap.min.js.map HTTP/1.1" 404 1806
[2022-08-16 15:12:55,917] [basehttp.py:154] [basehttp:log_message] [WARNING]- "GET /static/js/axios.min.map HTTP/1.1" 404 1773
[2022-08-16 15:12:55,920] [basehttp.py:154] [basehttp:log_message] [WARNING]- "GET /static/js/lib/bootstrap.min.js.map HTTP/1.1" 404 1806
[2022-08-16 15:12:55,970] [basehttp.py:154] [basehttp:log_message] [INFO]- "GET /favicon.ico HTTP/1.1" 200 22933
[2022-08-16 15:13:45,229] [basehttp.py:154] [basehttp:log_message] [INFO]- "GET /Navigation/ HTTP/1.1" 200 111013
[2022-08-16 15:13:45,414] [basehttp.py:154] [basehttp:log_message] [WARNING]- "GET /static/css/bootstrap.min.css.map HTTP/1.1" 404 1800
[2022-08-16 15:13:45,485] [basehttp.py:154] [basehttp:log_message] [WARNING]- "GET /static/js/lib/bootstrap.min.js.map HTTP/1.1" 404 1806
[2022-08-16 15:13:46,056] [basehttp.py:154] [basehttp:log_message] [WARNING]- "GET /static/js/lib/bootstrap.min.js.map HTTP/1.1" 404 1806
[2022-08-16 15:13:46,058] [basehttp.py:154] [basehttp:log_message] [WARNING]- "GET /static/js/axios.min.map HTTP/1.1" 404 1773
[2022-08-16 15:13:46,128] [basehttp.py:154] [basehttp:log_message] [INFO]- "GET /favicon.ico HTTP/1.1" 200 22933
[2022-08-16 15:14:11,045] [basehttp.py:154] [basehttp:log_message] [INFO]- "GET /Navigation/ HTTP/1.1" 200 111014
[2022-08-16 15:14:11,198] [basehttp.py:154] [basehttp:log_message] [WARNING]- "GET /static/css/bootstrap.min.css.map HTTP/1.1" 404 1800
[2022-08-16 15:14:11,223] [basehttp.py:154] [basehttp:log_message] [WARNING]- "GET /static/js/lib/bootstrap.min.js.map HTTP/1.1" 404 1806
[2022-08-16 15:14:11,557] [basehttp.py:154] [basehttp:log_message] [WARNING]- "GET /static/js/lib/bootstrap.min.js.map HTTP/1.1" 404 1806
[2022-08-16 15:14:11,561] [basehttp.py:154] [basehttp:log_message] [WARNING]- "GET /static/js/axios.min.map HTTP/1.1" 404 1773
[2022-08-16 15:14:11,641] [basehttp.py:154] [basehttp:log_message] [INFO]- "GET /favicon.ico HTTP/1.1" 200 22933
[2022-08-16 15:14:31,061] [basehttp.py:154] [basehttp:log_message] [INFO]- "GET /Navigation/ HTTP/1.1" 200 110989
[2022-08-16 15:14:31,239] [basehttp.py:154] [basehttp:log_message] [WARNING]- "GET /static/css/bootstrap.min.css.map HTTP/1.1" 404 1800
[2022-08-16 15:14:31,284] [basehttp.py:154] [basehttp:log_message] [WARNING]- "GET /static/js/lib/bootstrap.min.js.map HTTP/1.1" 404 1806
[2022-08-16 15:14:31,636] [basehttp.py:154] [basehttp:log_message] [WARNING]- "GET /static/js/lib/bootstrap.min.js.map HTTP/1.1" 404 1806
[2022-08-16 15:14:31,649] [basehttp.py:154] [basehttp:log_message] [WARNING]- "GET /static/js/axios.min.map HTTP/1.1" 404 1773
[2022-08-16 15:14:31,670] [basehttp.py:154] [basehttp:log_message] [INFO]- "GET /favicon.ico HTTP/1.1" 200 22933
[2022-08-16 15:15:29,550] [basehttp.py:154] [basehttp:log_message] [INFO]- "GET /Navigation/ HTTP/1.1" 200 111014
[2022-08-16 15:15:29,699] [basehttp.py:154] [basehttp:log_message] [WARNING]- "GET /static/css/bootstrap.min.css.map HTTP/1.1" 404 1800
[2022-08-16 15:15:29,743] [basehttp.py:154] [basehttp:log_message] [WARNING]- "GET /static/js/lib/bootstrap.min.js.map HTTP/1.1" 404 1806
[2022-08-16 15:15:30,029] [basehttp.py:154] [basehttp:log_message] [WARNING]- "GET /static/js/lib/bootstrap.min.js.map HTTP/1.1" 404 1806
[2022-08-16 15:15:30,040] [basehttp.py:154] [basehttp:log_message] [WARNING]- "GET /static/js/axios.min.map HTTP/1.1" 404 1773
[2022-08-16 15:15:30,101] [basehttp.py:154] [basehttp:log_message] [INFO]- "GET /favicon.ico HTTP/1.1" 200 22933
[2022-08-16 15:15:58,908] [basehttp.py:154] [basehttp:log_message] [INFO]- "GET /Navigation/ HTTP/1.1" 200 111013
[2022-08-16 15:15:59,096] [basehttp.py:154] [basehttp:log_message] [WARNING]- "GET /static/css/bootstrap.min.css.map HTTP/1.1" 404 1800
[2022-08-16 15:15:59,155] [basehttp.py:154] [basehttp:log_message] [WARNING]- "GET /static/js/lib/bootstrap.min.js.map HTTP/1.1" 404 1806
[2022-08-16 15:15:59,430] [basehttp.py:154] [basehttp:log_message] [WARNING]- "GET /static/js/lib/bootstrap.min.js.map HTTP/1.1" 404 1806
[2022-08-16 15:15:59,439] [basehttp.py:154] [basehttp:log_message] [WARNING]- "GET /static/js/axios.min.map HTTP/1.1" 404 1773
[2022-08-16 15:15:59,663] [basehttp.py:154] [basehttp:log_message] [INFO]- "GET /favicon.ico HTTP/1.1" 200 22933
[2022-08-16 15:16:49,570] [basehttp.py:154] [basehttp:log_message] [INFO]- "GET /Navigation/ HTTP/1.1" 200 111014
[2022-08-16 15:16:49,734] [basehttp.py:154] [basehttp:log_message] [WARNING]- "GET /static/css/bootstrap.min.css.map HTTP/1.1" 404 1800
[2022-08-16 15:16:49,776] [basehttp.py:154] [basehttp:log_message] [WARNING]- "GET /static/js/lib/bootstrap.min.js.map HTTP/1.1" 404 1806
[2022-08-16 15:16:49,978] [basehttp.py:154] [basehttp:log_message] [WARNING]- "GET /static/js/lib/bootstrap.min.js.map HTTP/1.1" 404 1806
[2022-08-16 15:16:50,018] [basehttp.py:154] [basehttp:log_message] [WARNING]- "GET /static/js/axios.min.map HTTP/1.1" 404 1773
[2022-08-16 15:16:50,088] [basehttp.py:154] [basehttp:log_message] [INFO]- "GET /favicon.ico HTTP/1.1" 200 22933
[2022-08-16 15:17:26,957] [basehttp.py:154] [basehttp:log_message] [INFO]- "GET /Navigation/ HTTP/1.1" 200 110989
[2022-08-16 15:17:27,104] [basehttp.py:154] [basehttp:log_message] [WARNING]- "GET /static/css/bootstrap.min.css.map HTTP/1.1" 404 1800
[2022-08-16 15:17:27,138] [basehttp.py:154] [basehttp:log_message] [WARNING]- "GET /static/js/lib/bootstrap.min.js.map HTTP/1.1" 404 1806
[2022-08-16 15:17:27,311] [basehttp.py:154] [basehttp:log_message] [WARNING]- "GET /static/js/lib/bootstrap.min.js.map HTTP/1.1" 404 1806
[2022-08-16 15:17:27,318] [basehttp.py:154] [basehttp:log_message] [WARNING]- "GET /static/js/axios.min.map HTTP/1.1" 404 1773
[2022-08-16 15:17:27,414] [basehttp.py:154] [basehttp:log_message] [INFO]- "GET /favicon.ico HTTP/1.1" 200 22933
[2022-08-16 15:19:04,011] [basehttp.py:154] [basehttp:log_message] [INFO]- "GET /Navigation/ HTTP/1.1" 200 110970
[2022-08-16 15:19:04,204] [basehttp.py:154] [basehttp:log_message] [WARNING]- "GET /static/css/bootstrap.min.css.map HTTP/1.1" 404 1800
[2022-08-16 15:19:04,252] [basehttp.py:154] [basehttp:log_message] [WARNING]- "GET /static/js/lib/bootstrap.min.js.map HTTP/1.1" 404 1806
[2022-08-16 15:19:04,478] [basehttp.py:154] [basehttp:log_message] [WARNING]- "GET /static/js/lib/bootstrap.min.js.map HTTP/1.1" 404 1806
[2022-08-16 15:19:04,483] [basehttp.py:154] [basehttp:log_message] [WARNING]- "GET /static/js/axios.min.map HTTP/1.1" 404 1773
[2022-08-16 15:19:04,560] [basehttp.py:154] [basehttp:log_message] [INFO]- "GET /favicon.ico HTTP/1.1" 200 22933
[2022-08-16 15:19:58,356] [basehttp.py:154] [basehttp:log_message] [INFO]- "GET /Navigation/ HTTP/1.1" 200 111004
[2022-08-16 15:19:58,546] [basehttp.py:154] [basehttp:log_message] [WARNING]- "GET /static/css/bootstrap.min.css.map HTTP/1.1" 404 1800
[2022-08-16 15:19:58,592] [basehttp.py:154] [basehttp:log_message] [WARNING]- "GET /static/js/lib/bootstrap.min.js.map HTTP/1.1" 404 1806
[2022-08-16 15:19:58,882] [basehttp.py:154] [basehttp:log_message] [WARNING]- "GET /static/js/lib/bootstrap.min.js.map HTTP/1.1" 404 1806
[2022-08-16 15:19:58,894] [basehttp.py:154] [basehttp:log_message] [WARNING]- "GET /static/js/axios.min.map HTTP/1.1" 404 1773
[2022-08-16 15:19:58,953] [basehttp.py:154] [basehttp:log_message] [INFO]- "GET /favicon.ico HTTP/1.1" 200 22933
[2022-08-16 15:20:56,170] [basehttp.py:154] [basehttp:log_message] [INFO]- "GET /Navigation/ HTTP/1.1" 200 111004
[2022-08-16 15:20:56,428] [basehttp.py:154] [basehttp:log_message] [WARNING]- "GET /static/css/bootstrap.min.css.map HTTP/1.1" 404 1800
[2022-08-16 15:20:56,469] [basehttp.py:154] [basehttp:log_message] [WARNING]- "GET /static/js/lib/bootstrap.min.js.map HTTP/1.1" 404 1806
[2022-08-16 15:20:56,753] [basehttp.py:154] [basehttp:log_message] [WARNING]- "GET /static/js/axios.min.map HTTP/1.1" 404 1773
[2022-08-16 15:20:56,756] [basehttp.py:154] [basehttp:log_message] [WARNING]- "GET /static/js/lib/bootstrap.min.js.map HTTP/1.1" 404 1806
[2022-08-16 15:20:56,864] [basehttp.py:154] [basehttp:log_message] [INFO]- "GET /favicon.ico HTTP/1.1" 200 22933
[2022-08-16 15:25:54,211] [basehttp.py:154] [basehttp:log_message] [INFO]- "GET /Navigation/ HTTP/1.1" 200 111029
[2022-08-16 15:25:54,413] [basehttp.py:154] [basehttp:log_message] [WARNING]- "GET /static/css/bootstrap.min.css.map HTTP/1.1" 404 1800
[2022-08-16 15:25:54,516] [basehttp.py:154] [basehttp:log_message] [WARNING]- "GET /static/js/lib/bootstrap.min.js.map HTTP/1.1" 404 1806
[2022-08-16 15:25:54,931] [basehttp.py:154] [basehttp:log_message] [WARNING]- "GET /static/js/lib/bootstrap.min.js.map HTTP/1.1" 404 1806
[2022-08-16 15:25:54,933] [basehttp.py:154] [basehttp:log_message] [WARNING]- "GET /static/js/axios.min.map HTTP/1.1" 404 1773
[2022-08-16 15:25:55,008] [basehttp.py:154] [basehttp:log_message] [INFO]- "GET /favicon.ico HTTP/1.1" 200 22933
[2022-08-16 15:27:16,278] [basehttp.py:154] [basehttp:log_message] [INFO]- "GET /Navigation/ HTTP/1.1" 200 111029
[2022-08-16 15:27:16,418] [basehttp.py:154] [basehttp:log_message] [WARNING]- "GET /static/css/bootstrap.min.css.map HTTP/1.1" 404 1800
[2022-08-16 15:27:16,469] [basehttp.py:154] [basehttp:log_message] [WARNING]- "GET /static/js/lib/bootstrap.min.js.map HTTP/1.1" 404 1806
[2022-08-16 15:27:16,806] [basehttp.py:154] [basehttp:log_message] [WARNING]- "GET /static/js/lib/bootstrap.min.js.map HTTP/1.1" 404 1806
[2022-08-16 15:27:16,809] [basehttp.py:154] [basehttp:log_message] [WARNING]- "GET /static/js/axios.min.map HTTP/1.1" 404 1773
[2022-08-16 15:27:16,849] [basehttp.py:154] [basehttp:log_message] [INFO]- "GET /favicon.ico HTTP/1.1" 200 22933
[2022-08-16 15:27:53,595] [basehttp.py:154] [basehttp:log_message] [INFO]- "GET /Navigation/ HTTP/1.1" 200 111029
[2022-08-16 15:27:53,783] [basehttp.py:154] [basehttp:log_message] [WARNING]- "GET /static/css/bootstrap.min.css.map HTTP/1.1" 404 1800
[2022-08-16 15:27:53,877] [basehttp.py:154] [basehttp:log_message] [WARNING]- "GET /static/js/lib/bootstrap.min.js.map HTTP/1.1" 404 1806
[2022-08-16 15:27:54,121] [basehttp.py:154] [basehttp:log_message] [WARNING]- "GET /static/js/lib/bootstrap.min.js.map HTTP/1.1" 404 1806
[2022-08-16 15:27:54,123] [basehttp.py:154] [basehttp:log_message] [WARNING]- "GET /static/js/axios.min.map HTTP/1.1" 404 1773
[2022-08-16 15:27:54,171] [basehttp.py:154] [basehttp:log_message] [INFO]- "GET /favicon.ico HTTP/1.1" 200 22933
[2022-08-16 15:28:46,554] [basehttp.py:154] [basehttp:log_message] [INFO]- "GET /SpecDownload/SpecDownload-summary/ HTTP/1.1" 200 48830
[2022-08-16 15:28:46,571] [basehttp.py:154] [basehttp:log_message] [INFO]- "GET /static/css/ElementUI.css HTTP/1.1" 304 0
[2022-08-16 15:28:46,605] [basehttp.py:154] [basehttp:log_message] [INFO]- "GET /static/js/xlsx/FileSaver.min.js HTTP/1.1" 304 0
[2022-08-16 15:28:46,609] [basehttp.py:154] [basehttp:log_message] [INFO]- "GET /static/js/Element/form.js HTTP/1.1" 304 0
[2022-08-16 15:28:46,674] [basehttp.py:154] [basehttp:log_message] [INFO]- "GET /static/css/fonts/element-icons.ttf HTTP/1.1" 304 0
[2022-08-16 15:28:46,971] [UserIP.py:87] [UserIP:process_response] [INFO]- 2022-08-16 15:28:46 C1010S3>Edwin None>LAPTOP-1EJQO0D7>311 127.0.0.1 127.0.0.1 /SpecDownload/SpecDownload-summary/ POST
[2022-08-16 15:28:46,984] [basehttp.py:154] [basehttp:log_message] [INFO]- "POST /SpecDownload/SpecDownload-summary/ HTTP/1.1" 200 181
[2022-08-16 15:28:47,005] [basehttp.py:154] [basehttp:log_message] [INFO]- "GET /favicon.ico HTTP/1.1" 200 22933
[2022-08-16 15:30:52,620] [basehttp.py:154] [basehttp:log_message] [INFO]- "GET /Navigation/ HTTP/1.1" 200 111030
[2022-08-16 15:30:53,174] [basehttp.py:154] [basehttp:log_message] [WARNING]- "GET /static/css/bootstrap.min.css.map HTTP/1.1" 404 1800
[2022-08-16 15:30:53,286] [basehttp.py:154] [basehttp:log_message] [WARNING]- "GET /static/js/lib/bootstrap.min.js.map HTTP/1.1" 404 1806
[2022-08-16 15:30:53,725] [basehttp.py:154] [basehttp:log_message] [WARNING]- "GET /static/js/axios.min.map HTTP/1.1" 404 1773
[2022-08-16 15:30:53,731] [basehttp.py:154] [basehttp:log_message] [WARNING]- "GET /static/js/lib/bootstrap.min.js.map HTTP/1.1" 404 1806
[2022-08-16 15:30:53,886] [basehttp.py:154] [basehttp:log_message] [INFO]- "GET /favicon.ico HTTP/1.1" 200 22933
[2022-08-16 15:31:01,304] [basehttp.py:154] [basehttp:log_message] [INFO]- "GET /AutoResult/AutoItem_edit/ HTTP/1.1" 200 57518
[2022-08-16 15:31:01,781] [UserIP.py:87] [UserIP:process_response] [INFO]- 2022-08-16 15:31:01 C1010S3>Edwin None>LAPTOP-1EJQO0D7>311 127.0.0.1 127.0.0.1 /AutoResult/AutoItem_edit/ POST
[2022-08-16 15:31:01,802] [basehttp.py:154] [basehttp:log_message] [INFO]- "POST /AutoResult/AutoItem_edit/ HTTP/1.1" 200 39526
[2022-08-16 15:31:01,805] [basehttp.py:154] [basehttp:log_message] [INFO]- "GET /favicon.ico HTTP/1.1" 200 22933
[2022-08-16 15:31:18,491] [basehttp.py:154] [basehttp:log_message] [INFO]- "GET /SpecDownload/SpecDownload-summary/ HTTP/1.1" 200 48830
[2022-08-16 15:31:18,995] [UserIP.py:87] [UserIP:process_response] [INFO]- 2022-08-16 15:31:18 C1010S3>Edwin None>LAPTOP-1EJQO0D7>311 127.0.0.1 127.0.0.1 /SpecDownload/SpecDownload-summary/ POST
[2022-08-16 15:31:19,017] [basehttp.py:154] [basehttp:log_message] [INFO]- "POST /SpecDownload/SpecDownload-summary/ HTTP/1.1" 200 181
[2022-08-16 15:31:19,055] [basehttp.py:154] [basehttp:log_message] [INFO]- "GET /favicon.ico HTTP/1.1" 200 22933
[2022-08-16 15:44:08,032] [basehttp.py:154] [basehttp:log_message] [INFO]- "GET /Navigation/ HTTP/1.1" 200 111030
[2022-08-16 15:44:08,181] [basehttp.py:154] [basehttp:log_message] [WARNING]- "GET /static/css/bootstrap.min.css.map HTTP/1.1" 404 1800
[2022-08-16 15:44:08,223] [basehttp.py:154] [basehttp:log_message] [WARNING]- "GET /static/js/lib/bootstrap.min.js.map HTTP/1.1" 404 1806
[2022-08-16 15:44:08,635] [basehttp.py:154] [basehttp:log_message] [WARNING]- "GET /static/js/axios.min.map HTTP/1.1" 404 1773
[2022-08-16 15:44:08,637] [basehttp.py:154] [basehttp:log_message] [WARNING]- "GET /static/js/lib/bootstrap.min.js.map HTTP/1.1" 404 1806
[2022-08-16 15:44:08,653] [basehttp.py:154] [basehttp:log_message] [INFO]- "GET /favicon.ico HTTP/1.1" 200 22933
