[2022-08-31 09:59:45,364] [basehttp.py:154] [basehttp:log_message] [INFO]- "GET / HTTP/1.1" 302 0
[2022-08-31 09:59:45,503] [basehttp.py:154] [basehttp:log_message] [INFO]- "GET /login/ HTTP/1.1" 200 4677
[2022-08-31 09:59:45,674] [basehttp.py:154] [basehttp:log_message] [INFO]- "GET /favicon.ico HTTP/1.1" 302 0
[2022-08-31 09:59:45,685] [basehttp.py:154] [basehttp:log_message] [INFO]- "GET /login/ HTTP/1.1" 200 4677
[2022-08-31 09:59:49,976] [UserIP.py:89] [UserIP:process_response] [CRITICAL]- 系统错误
[2022-08-31 09:59:49,991] [basehttp.py:154] [basehttp:log_message] [INFO]- "POST /login/ HTTP/1.1" 302 0
[2022-08-31 09:59:50,108] [basehttp.py:154] [basehttp:log_message] [INFO]- "GET /index/ HTTP/1.1" 200 47664
[2022-08-31 09:59:50,350] [basehttp.py:154] [basehttp:log_message] [INFO]- "GET /index/ HTTP/1.1" 200 47664
[2022-08-31 09:59:50,855] [basehttp.py:154] [basehttp:log_message] [INFO]- "GET /favicon.ico HTTP/1.1" 200 22933
[2022-08-31 14:41:35,161] [basehttp.py:154] [basehttp:log_message] [INFO]- "GET /TestPlanSW/TestPlanSW-edit-AIO/ HTTP/1.1" 200 82694
[2022-08-31 14:41:35,805] [basehttp.py:154] [basehttp:log_message] [INFO]- "GET /TestPlanSW/TestPlanSW-edit-AIO/?action=first HTTP/1.1" 200 50
[2022-08-31 14:41:35,959] [basehttp.py:154] [basehttp:log_message] [INFO]- "GET /favicon.ico HTTP/1.1" 200 22933
[2022-08-31 14:42:06,267] [basehttp.py:154] [basehttp:log_message] [INFO]- "GET /admin/ HTTP/1.1" 302 0
[2022-08-31 14:42:06,293] [basehttp.py:154] [basehttp:log_message] [INFO]- "GET /admin/login/?next=/admin/ HTTP/1.1" 200 4026
[2022-08-31 14:42:06,632] [basehttp.py:154] [basehttp:log_message] [INFO]- "GET /favicon.ico HTTP/1.1" 200 22933
[2022-08-31 14:42:12,253] [UserIP.py:89] [UserIP:process_response] [CRITICAL]- 系统错误
[2022-08-31 14:42:12,268] [basehttp.py:154] [basehttp:log_message] [INFO]- "POST /admin/login/?next=/admin/ HTTP/1.1" 302 0
[2022-08-31 14:42:12,984] [basehttp.py:154] [basehttp:log_message] [INFO]- "GET /admin/ HTTP/1.1" 200 42158
[2022-08-31 14:42:13,373] [basehttp.py:154] [basehttp:log_message] [INFO]- "GET /static/admin/simpleui-x/css/index.css.map HTTP/1.1" 200 3250
[2022-08-31 14:42:13,943] [basehttp.py:154] [basehttp:log_message] [INFO]- "GET /static/admin/simpleui-x/waves/waves.min.js.map HTTP/1.1" 200 9739
[2022-08-31 14:42:14,115] [basehttp.py:154] [basehttp:log_message] [INFO]- "GET /favicon.ico HTTP/1.1" 200 22933
[2022-08-31 14:42:24,543] [basehttp.py:154] [basehttp:log_message] [INFO]- "GET /favicon.ico HTTP/1.1" 200 22933
[2022-08-31 14:42:24,573] [basehttp.py:154] [basehttp:log_message] [INFO]- "GET /admin/TestPlanSW/testprojectswaio/ HTTP/1.1" 200 34143
[2022-08-31 14:42:24,624] [basehttp.py:154] [basehttp:log_message] [INFO]- "GET /admin/jsi18n/ HTTP/1.1" 200 7684
[2022-08-31 14:42:24,803] [basehttp.py:154] [basehttp:log_message] [INFO]- "GET /static/admin/simpleui-x/theme/simpleui.css.map HTTP/1.1" 200 1935
[2022-08-31 14:42:24,830] [basehttp.py:154] [basehttp:log_message] [INFO]- "GET /static/admin/simpleui-x/js/axios.min.map HTTP/1.1" 200 117473
[2022-08-31 14:42:30,792] [basehttp.py:154] [basehttp:log_message] [INFO]- "GET /admin/TestPlanSW/testprojectswaio/add/ HTTP/1.1" 200 33449
[2022-08-31 14:42:30,825] [basehttp.py:154] [basehttp:log_message] [INFO]- "GET /static/admin/js/calendar.js HTTP/1.1" 304 0
[2022-08-31 14:42:30,841] [basehttp.py:154] [basehttp:log_message] [INFO]- "GET /admin/jsi18n/ HTTP/1.1" 200 7684
[2022-08-31 14:42:30,853] [basehttp.py:154] [basehttp:log_message] [INFO]- "GET /static/admin/css/forms.css HTTP/1.1" 304 0
[2022-08-31 14:42:30,861] [basehttp.py:154] [basehttp:log_message] [INFO]- "GET /static/admin/js/admin/DateTimeShortcuts.js HTTP/1.1" 304 0
[2022-08-31 14:42:30,871] [basehttp.py:154] [basehttp:log_message] [INFO]- "GET /static/admin/js/SelectBox.js HTTP/1.1" 304 0
[2022-08-31 14:42:30,877] [basehttp.py:154] [basehttp:log_message] [INFO]- "GET /static/admin/js/SelectFilter2.js HTTP/1.1" 304 0
[2022-08-31 14:42:30,903] [basehttp.py:154] [basehttp:log_message] [INFO]- "GET /static/admin/css/widgets.css HTTP/1.1" 304 0
[2022-08-31 14:42:30,906] [basehttp.py:154] [basehttp:log_message] [INFO]- "GET /static/admin/js/change_form.js HTTP/1.1" 304 0
[2022-08-31 14:42:30,908] [basehttp.py:154] [basehttp:log_message] [INFO]- "GET /static/admin/js/prepopulate_init.js HTTP/1.1" 304 0
[2022-08-31 14:42:30,941] [basehttp.py:154] [basehttp:log_message] [INFO]- "GET /static/admin/img/icon-addlink.svg HTTP/1.1" 304 0
[2022-08-31 14:42:31,008] [basehttp.py:154] [basehttp:log_message] [INFO]- "GET /static/admin/simpleui-x/theme/simpleui.css.map HTTP/1.1" 200 1935
[2022-08-31 14:42:31,127] [basehttp.py:154] [basehttp:log_message] [INFO]- "GET /static/admin/img/icon-calendar.svg HTTP/1.1" 304 0
[2022-08-31 14:42:31,127] [basehttp.py:154] [basehttp:log_message] [INFO]- "GET /static/admin/img/icon-unknown.svg HTTP/1.1" 304 0
[2022-08-31 14:42:31,129] [basehttp.py:154] [basehttp:log_message] [INFO]- "GET /static/admin/img/search.svg HTTP/1.1" 304 0
[2022-08-31 14:42:31,137] [basehttp.py:154] [basehttp:log_message] [INFO]- "GET /static/admin/img/selector-icons.svg HTTP/1.1" 304 0
[2022-08-31 14:42:31,137] [basehttp.py:154] [basehttp:log_message] [INFO]- "GET /static/admin/img/icon-unknown-alt.svg HTTP/1.1" 304 0
[2022-08-31 14:42:43,140] [basehttp.py:154] [basehttp:log_message] [INFO]- "GET /static/admin/img/calendar-icons.svg HTTP/1.1" 304 0
[2022-08-31 14:43:10,177] [UserIP.py:89] [UserIP:process_response] [CRITICAL]- 系统错误
[2022-08-31 14:43:10,184] [basehttp.py:154] [basehttp:log_message] [INFO]- "POST /admin/TestPlanSW/testprojectswaio/add/ HTTP/1.1" 302 0
[2022-08-31 14:43:10,253] [basehttp.py:154] [basehttp:log_message] [INFO]- "GET /admin/TestPlanSW/testprojectswaio/ HTTP/1.1" 200 35071
[2022-08-31 14:43:10,289] [basehttp.py:154] [basehttp:log_message] [INFO]- "GET /admin/jsi18n/ HTTP/1.1" 200 7684
[2022-08-31 14:43:10,330] [basehttp.py:154] [basehttp:log_message] [INFO]- "GET /static/admin/simpleui-x/theme/simpleui.css.map HTTP/1.1" 200 1935
[2022-08-31 14:43:10,445] [basehttp.py:154] [basehttp:log_message] [INFO]- "GET /static/admin/simpleui-x/js/axios.min.map HTTP/1.1" 200 117473
[2022-08-31 14:43:14,523] [basehttp.py:154] [basehttp:log_message] [INFO]- "GET /admin/TestPlanSW/testprojectswaio/add/ HTTP/1.1" 200 33449
[2022-08-31 14:43:14,568] [basehttp.py:154] [basehttp:log_message] [INFO]- "GET /admin/jsi18n/ HTTP/1.1" 200 7684
[2022-08-31 14:43:14,658] [basehttp.py:154] [basehttp:log_message] [INFO]- "GET /static/admin/simpleui-x/theme/simpleui.css.map HTTP/1.1" 200 1935
[2022-08-31 14:43:44,179] [UserIP.py:89] [UserIP:process_response] [CRITICAL]- 系统错误
[2022-08-31 14:43:44,189] [basehttp.py:154] [basehttp:log_message] [INFO]- "POST /admin/TestPlanSW/testprojectswaio/add/ HTTP/1.1" 302 0
[2022-08-31 14:43:44,264] [basehttp.py:154] [basehttp:log_message] [INFO]- "GET /admin/TestPlanSW/testprojectswaio/ HTTP/1.1" 200 35708
[2022-08-31 14:43:44,303] [basehttp.py:154] [basehttp:log_message] [INFO]- "GET /admin/jsi18n/ HTTP/1.1" 200 7684
[2022-08-31 14:43:44,428] [basehttp.py:154] [basehttp:log_message] [INFO]- "GET /static/admin/simpleui-x/theme/simpleui.css.map HTTP/1.1" 200 1935
[2022-08-31 14:43:44,521] [basehttp.py:154] [basehttp:log_message] [INFO]- "GET /static/admin/simpleui-x/js/axios.min.map HTTP/1.1" 200 117473
[2022-08-31 14:44:01,131] [basehttp.py:154] [basehttp:log_message] [INFO]- "GET /TestPlanSW/TestPlanSW-edit-AIO/ HTTP/1.1" 200 82694
[2022-08-31 14:44:01,589] [basehttp.py:154] [basehttp:log_message] [INFO]- "GET /TestPlanSW/TestPlanSW-edit-AIO/?action=first HTTP/1.1" 200 103
[2022-08-31 14:44:01,809] [basehttp.py:154] [basehttp:log_message] [INFO]- "GET /favicon.ico HTTP/1.1" 200 22933
[2022-08-31 14:44:08,879] [basehttp.py:154] [basehttp:log_message] [INFO]- "GET /TestPlanSW/TestPlanSW-edit-AIO/?action=getCategory&customer=T88(AIO)&project=TEST1&phase=2 HTTP/1.1" 200 432
[2022-08-31 14:44:12,727] [basehttp.py:154] [basehttp:log_message] [INFO]- "GET /TestPlanSW/TestPlanSW-edit-AIO/?action=getContent&customer=T88(AIO)&project=TEST1&phase=2&category=01%20System%20Unit%20For%20Test%20Perpare%20 HTTP/1.1" 200 200
[2022-08-31 14:44:21,663] [UserIP.py:87] [UserIP:process_response] [INFO]- 2022-08-31 14:44:21 C1010S3>Edwin None>LAPTOP-1EJQO0D7>311 127.0.0.1 127.0.0.1 /TestPlanSW/TestPlanSW-edit-AIO/ POST
[2022-08-31 14:44:21,670] [basehttp.py:154] [basehttp:log_message] [INFO]- "POST /TestPlanSW/TestPlanSW-edit-AIO/ HTTP/1.1" 200 399
[2022-08-31 14:44:24,453] [basehttp.py:154] [basehttp:log_message] [INFO]- "GET /TestPlanSW/TestPlanSW-edit-AIO/?action=getContent&customer=T88(AIO)&project=TEST1&phase=2&category=01%20System%20Unit%20For%20Test%20Perpare%20 HTTP/1.1" 200 200
[2022-08-31 14:44:26,947] [basehttp.py:154] [basehttp:log_message] [INFO]- "GET /TestPlanSW/TestPlanSW-edit-AIO/?action=getContent&customer=T88(AIO)&project=TEST1&phase=2&category=01%20System%20Unit%20For%20Test%20Perpare%20 HTTP/1.1" 200 200
[2022-08-31 14:44:27,179] [basehttp.py:154] [basehttp:log_message] [INFO]- "GET /TestPlanSW/TestPlanSW-edit-AIO/?action=getContent&customer=T88(AIO)&project=TEST1&phase=2&category=01%20System%20Unit%20For%20Test%20Perpare%20 HTTP/1.1" 200 200
[2022-08-31 14:44:31,992] [basehttp.py:154] [basehttp:log_message] [INFO]- "GET /TestPlanSW/TestPlanSW-edit-AIO/?action=getCategory&customer=T88(AIO)&project=TEST1&phase=0 HTTP/1.1" 200 432
[2022-08-31 14:44:34,376] [basehttp.py:154] [basehttp:log_message] [INFO]- "GET /TestPlanSW/TestPlanSW-edit-AIO/?action=getCategory&customer=T88(AIO)&project=TEST1&phase=2 HTTP/1.1" 200 81
[2022-08-31 14:44:37,976] [basehttp.py:154] [basehttp:log_message] [INFO]- "GET /TestPlanSW/TestPlanSW-edit-AIO/?action=getContent&customer=T88(AIO)&project=TEST1&phase=2&category=01%20SDV%20EELP%2B%20Test HTTP/1.1" 200 13968
[2022-08-31 14:49:00,625] [basehttp.py:154] [basehttp:log_message] [INFO]- "GET /TestPlanSW/TestPlanSW-edit-AIO/?action=getCategory&customer=T88(AIO)&project=TEST1&phase=0 HTTP/1.1" 200 432
[2022-08-31 14:49:03,907] [basehttp.py:154] [basehttp:log_message] [INFO]- "GET /TestPlanSW/TestPlanSW-edit-AIO/?action=getContent&customer=T88(AIO)&project=TEST1&phase=0&category=01%20System%20Unit%20For%20Test%20Perpare%20 HTTP/1.1" 200 200
[2022-08-31 14:49:42,963] [UserIP.py:87] [UserIP:process_response] [INFO]- 2022-08-31 14:49:42 C1010S3>Edwin None>LAPTOP-1EJQO0D7>311 127.0.0.1 127.0.0.1 /TestPlanSW/TestPlanSW-edit-AIO/ POST
[2022-08-31 14:49:42,976] [basehttp.py:154] [basehttp:log_message] [INFO]- "POST /TestPlanSW/TestPlanSW-edit-AIO/ HTTP/1.1" 200 772
[2022-08-31 14:51:17,893] [basehttp.py:154] [basehttp:log_message] [INFO]- "GET /TestPlanSW/TestPlanSW-edit-AIO/?action=getCategory&customer=T88(AIO)&project=TEST1&phase=2 HTTP/1.1" 200 81
[2022-08-31 14:51:19,764] [basehttp.py:154] [basehttp:log_message] [INFO]- "GET /TestPlanSW/TestPlanSW-edit-AIO/?action=getCategory&customer=T88(AIO)&project=TEST1&phase=0 HTTP/1.1" 200 454
[2022-08-31 14:51:25,491] [basehttp.py:154] [basehttp:log_message] [INFO]- "GET /TestPlanSW/TestPlanSW-edit-AIO/?action=getContent&customer=T88(AIO)&project=TEST1&phase=0&category=09%20Sample%20Stability%20Test HTTP/1.1" 200 200
[2022-08-31 14:51:36,089] [basehttp.py:154] [basehttp:log_message] [INFO]- "GET /TestPlanSW/TestPlanSW-edit-AIO/?action=getContent&customer=T88(AIO)&project=TEST1&phase=0&category=09%20Sample%20Stability%20Test HTTP/1.1" 200 200
[2022-08-31 14:51:36,309] [basehttp.py:154] [basehttp:log_message] [INFO]- "GET /TestPlanSW/TestPlanSW-edit-AIO/?action=getContent&customer=T88(AIO)&project=TEST1&phase=0&category=09%20Sample%20Stability%20Test HTTP/1.1" 200 200
[2022-08-31 14:51:44,789] [basehttp.py:154] [basehttp:log_message] [INFO]- "GET /TestPlanSW/TestPlanSW-edit-AIO/?action=getContent&customer=T88(AIO)&project=TEST1&phase=0&category=10%20APP HTTP/1.1" 200 200
[2022-08-31 14:51:59,950] [basehttp.py:154] [basehttp:log_message] [WARNING]- "GET /static/js/lib/bootstrap.min.js.map HTTP/1.1" 404 1806
[2022-08-31 14:51:59,968] [basehttp.py:154] [basehttp:log_message] [WARNING]- "GET /static/js/axios.min.map HTTP/1.1" 404 1773
[2022-08-31 14:51:59,991] [basehttp.py:154] [basehttp:log_message] [WARNING]- "GET /static/js/xlsx/FileSaver.min.js.map HTTP/1.1" 404 1809
[2022-08-31 14:52:00,100] [basehttp.py:154] [basehttp:log_message] [WARNING]- "GET /static/css/bootstrap.min.css.map HTTP/1.1" 404 1800
[2022-08-31 14:52:02,376] [basehttp.py:154] [basehttp:log_message] [INFO]- "GET /TestPlanSW/TestPlanSW-edit-AIO/?action=getContent&customer=T88(AIO)&project=TEST1&phase=0&category=10%20APP HTTP/1.1" 200 200
[2022-08-31 14:52:26,577] [basehttp.py:154] [basehttp:log_message] [INFO]- "GET /favicon.ico HTTP/1.1" 200 22933
[2022-08-31 14:52:28,184] [basehttp.py:154] [basehttp:log_message] [INFO]- "GET /admin/TestPlanSW/testplanswaio/ HTTP/1.1" 200 1618627
[2022-08-31 14:52:28,219] [basehttp.py:154] [basehttp:log_message] [INFO]- "GET /admin/jsi18n/ HTTP/1.1" 200 7684
[2022-08-31 14:52:42,862] [basehttp.py:154] [basehttp:log_message] [INFO]- "GET /admin/TestPlanSW/testplanswaio/?Projectinfo__id__exact=2 HTTP/1.1" 200 1831288
[2022-08-31 14:52:42,938] [basehttp.py:154] [basehttp:log_message] [INFO]- "GET /admin/jsi18n/ HTTP/1.1" 200 7684
[2022-08-31 14:53:15,488] [basehttp.py:154] [basehttp:log_message] [INFO]- "GET /favicon.ico HTTP/1.1" 200 22933
[2022-08-31 14:53:20,216] [basehttp.py:154] [basehttp:log_message] [INFO]- "GET /admin/TestPlanSW/testprojectswaio/2/change/ HTTP/1.1" 200 34203
[2022-08-31 14:53:20,268] [basehttp.py:154] [basehttp:log_message] [INFO]- "GET /admin/jsi18n/ HTTP/1.1" 200 7684
[2022-08-31 14:53:26,518] [UserIP.py:89] [UserIP:process_response] [CRITICAL]- 系统错误
[2022-08-31 14:53:26,523] [basehttp.py:154] [basehttp:log_message] [INFO]- "POST /admin/TestPlanSW/testprojectswaio/2/change/ HTTP/1.1" 302 0
[2022-08-31 14:53:26,593] [basehttp.py:154] [basehttp:log_message] [INFO]- "GET /admin/TestPlanSW/testprojectswaio/ HTTP/1.1" 200 35709
[2022-08-31 14:53:26,617] [basehttp.py:154] [basehttp:log_message] [INFO]- "GET /admin/jsi18n/ HTTP/1.1" 200 7684
[2022-08-31 14:53:34,882] [basehttp.py:154] [basehttp:log_message] [INFO]- "GET /TestPlanSW/TestPlanSW-edit-AIO/ HTTP/1.1" 200 82694
[2022-08-31 14:53:34,999] [basehttp.py:154] [basehttp:log_message] [WARNING]- "GET /static/css/bootstrap.min.css.map HTTP/1.1" 404 1800
[2022-08-31 14:53:35,065] [basehttp.py:154] [basehttp:log_message] [WARNING]- "GET /static/js/lib/bootstrap.min.js.map HTTP/1.1" 404 1806
[2022-08-31 14:53:35,400] [basehttp.py:154] [basehttp:log_message] [WARNING]- "GET /static/js/axios.min.map HTTP/1.1" 404 1773
[2022-08-31 14:53:35,405] [basehttp.py:154] [basehttp:log_message] [WARNING]- "GET /static/js/xlsx/FileSaver.min.js.map HTTP/1.1" 404 1809
[2022-08-31 14:53:35,851] [basehttp.py:154] [basehttp:log_message] [INFO]- "GET /TestPlanSW/TestPlanSW-edit-AIO/?action=first HTTP/1.1" 200 103
[2022-08-31 14:53:36,078] [basehttp.py:154] [basehttp:log_message] [INFO]- "GET /favicon.ico HTTP/1.1" 200 22933
[2022-08-31 14:53:46,349] [basehttp.py:154] [basehttp:log_message] [INFO]- "GET /TestPlanSW/TestPlanSW-edit-AIO/?action=getCategory&customer=T88(AIO)&project=TEST1&phase=1 HTTP/1.1" 200 454
[2022-08-31 14:53:50,987] [basehttp.py:154] [basehttp:log_message] [INFO]- "GET /TestPlanSW/TestPlanSW-edit-AIO/?action=getContent&customer=T88(AIO)&project=TEST1&phase=1&category=09%20Sample%20Stability%20Test HTTP/1.1" 200 13012
[2022-08-31 14:54:05,761] [basehttp.py:154] [basehttp:log_message] [INFO]- "GET /TestPlanSW/TestPlanSW-edit-AIO/?action=getContent&customer=T88(AIO)&project=TEST1&phase=1&category=10%20APP HTTP/1.1" 200 50978
[2022-08-31 14:54:17,289] [basehttp.py:154] [basehttp:log_message] [INFO]- "GET /TestPlanSW/TestPlanSW-edit-AIO/?action=getContent&customer=T88(AIO)&project=TEST1&phase=1&category=11%20APP HTTP/1.1" 200 940
[2022-08-31 14:54:29,376] [basehttp.py:154] [basehttp:log_message] [INFO]- "GET /favicon.ico HTTP/1.1" 200 22933
[2022-08-31 14:54:35,134] [basehttp.py:154] [basehttp:log_message] [INFO]- "GET /admin/ HTTP/1.1" 200 42050
[2022-08-31 14:54:35,336] [basehttp.py:154] [basehttp:log_message] [INFO]- "GET /static/admin/simpleui-x/css/index.css.map HTTP/1.1" 200 3250
[2022-08-31 14:54:35,381] [basehttp.py:154] [basehttp:log_message] [INFO]- "GET /static/admin/simpleui-x/waves/waves.min.js.map HTTP/1.1" 200 9739
[2022-08-31 14:54:37,989] [basehttp.py:154] [basehttp:log_message] [INFO]- "GET /admin/TestPlanSW/testplanswaio/ HTTP/1.1" 200 1618627
[2022-08-31 14:54:38,025] [basehttp.py:154] [basehttp:log_message] [INFO]- "GET /admin/jsi18n/ HTTP/1.1" 200 7684
[2022-08-31 14:54:38,100] [basehttp.py:154] [basehttp:log_message] [INFO]- "GET /static/admin/simpleui-x/theme/simpleui.css.map HTTP/1.1" 200 1935
[2022-08-31 14:54:38,429] [basehttp.py:154] [basehttp:log_message] [INFO]- "GET /static/admin/simpleui-x/js/axios.min.map HTTP/1.1" 200 117473
[2022-08-31 14:54:40,086] [basehttp.py:154] [basehttp:log_message] [INFO]- "GET /favicon.ico HTTP/1.1" 200 22933
[2022-08-31 14:54:46,617] [basehttp.py:154] [basehttp:log_message] [INFO]- "GET /admin/TestPlanSW/testplanswaio/?Projectinfo__id__exact=2 HTTP/1.1" 200 1831288
[2022-08-31 14:54:46,728] [basehttp.py:154] [basehttp:log_message] [INFO]- "GET /admin/jsi18n/ HTTP/1.1" 200 7684
[2022-08-31 14:54:46,775] [basehttp.py:154] [basehttp:log_message] [INFO]- "GET /static/admin/simpleui-x/theme/simpleui.css.map HTTP/1.1" 200 1935
[2022-08-31 14:54:47,139] [basehttp.py:154] [basehttp:log_message] [INFO]- "GET /static/admin/simpleui-x/js/axios.min.map HTTP/1.1" 200 117473
[2022-08-31 14:54:55,586] [basehttp.py:154] [basehttp:log_message] [INFO]- "GET /admin/TestPlanSW/testplanswaio/1928/change/?_changelist_filters=Projectinfo__id__exact%3D2 HTTP/1.1" 200 52869
[2022-08-31 14:54:55,650] [basehttp.py:154] [basehttp:log_message] [INFO]- "GET /admin/jsi18n/ HTTP/1.1" 200 7684
[2022-08-31 14:54:55,687] [basehttp.py:154] [basehttp:log_message] [INFO]- "GET /static/admin/img/icon-changelink.svg HTTP/1.1" 304 0
[2022-08-31 14:54:55,688] [basehttp.py:154] [basehttp:log_message] [INFO]- "GET /static/admin/simpleui-x/theme/simpleui.css.map HTTP/1.1" 200 1935
[2022-08-31 14:54:55,701] [basehttp.py:154] [basehttp:log_message] [INFO]- "GET /static/admin/img/icon-deletelink.svg HTTP/1.1" 304 0
[2022-08-31 15:12:49,204] [UserIP.py:87] [UserIP:process_response] [INFO]- 2022-08-31 15:12:49 C1010S3>Edwin None>LAPTOP-1EJQO0D7>311 127.0.0.1 127.0.0.1 /TestPlanSW/TestPlanSW-edit-AIO/ POST
[2022-08-31 15:12:49,214] [basehttp.py:154] [basehttp:log_message] [INFO]- "POST /TestPlanSW/TestPlanSW-edit-AIO/ HTTP/1.1" 200 1522
[2022-08-31 15:12:56,313] [basehttp.py:154] [basehttp:log_message] [INFO]- "GET /TestPlanSW/TestPlanSW-edit-AIO/?action=getContent&customer=T88(AIO)&project=TEST1&phase=1&category=10%20APP HTTP/1.1" 200 51688
[2022-08-31 15:13:04,355] [basehttp.py:154] [basehttp:log_message] [INFO]- "GET /TestPlanSW/TestPlanSW-edit-AIO/?action=getContent&customer=T88(AIO)&project=TEST1&phase=1&category=09%20Sample%20Stability%20Test HTTP/1.1" 200 13102
