[2021-11-19 08:46:25,044] [basehttp.py:154] [basehttp:log_message] [INFO]- "GET /OBIDeviceResult/OBIDeviceResult_options/ HTTP/1.1" 302 0
[2021-11-19 08:46:25,056] [basehttp.py:154] [basehttp:log_message] [INFO]- "GET /login/ HTTP/1.1" 200 4677
[2021-11-19 08:46:25,159] [basehttp.py:154] [basehttp:log_message] [WARNING]- "GET /static/css/bootstrap.min.css.map HTTP/1.1" 404 1800
[2021-11-19 08:46:25,166] [basehttp.py:154] [basehttp:log_message] [INFO]- "GET /static/vendor/bootstrap/js/bootstrap.bundle.min.js.map HTTP/1.1" 200 303386
[2021-11-19 08:46:25,202] [basehttp.py:154] [basehttp:log_message] [INFO]- "GET /favicon.ico HTTP/1.1" 302 0
[2021-11-19 08:46:25,209] [basehttp.py:154] [basehttp:log_message] [INFO]- "GET /login/ HTTP/1.1" 200 4677
[2021-11-19 08:46:30,842] [UserIP.py:89] [UserIP:process_response] [CRITICAL]- 系统错误
[2021-11-19 08:46:30,856] [basehttp.py:154] [basehttp:log_message] [INFO]- "POST /login/ HTTP/1.1" 302 0
[2021-11-19 08:46:30,954] [basehttp.py:154] [basehttp:log_message] [INFO]- "GET /index/ HTTP/1.1" 200 45972
[2021-11-19 08:46:31,070] [basehttp.py:154] [basehttp:log_message] [INFO]- "GET /index/ HTTP/1.1" 200 45972
[2021-11-19 08:46:31,086] [basehttp.py:154] [basehttp:log_message] [WARNING]- "GET /static/css/bootstrap.min.css.map HTTP/1.1" 404 1800
[2021-11-19 08:46:31,121] [basehttp.py:154] [basehttp:log_message] [WARNING]- "GET /static/js/lib/bootstrap.min.js.map HTTP/1.1" 404 1806
[2021-11-19 08:46:31,193] [basehttp.py:154] [basehttp:log_message] [WARNING]- "GET /static/js/lib/bootstrap.min.js.map HTTP/1.1" 404 1806
[2021-11-19 08:46:31,249] [basehttp.py:154] [basehttp:log_message] [WARNING]- "GET /static/js/axios.min.map HTTP/1.1" 404 1773
[2021-11-19 08:46:31,430] [basehttp.py:154] [basehttp:log_message] [INFO]- "GET /favicon.ico HTTP/1.1" 200 21241
[2021-11-19 08:46:39,850] [basehttp.py:154] [basehttp:log_message] [INFO]- "GET /OBIDeviceResult/OBIDeviceResult_options/ HTTP/1.1" 200 51689
[2021-11-19 08:46:39,928] [basehttp.py:154] [basehttp:log_message] [WARNING]- "GET /static/css/bootstrap.min.css.map HTTP/1.1" 404 1800
[2021-11-19 08:46:39,967] [basehttp.py:154] [basehttp:log_message] [WARNING]- "GET /static/js/lib/bootstrap.min.js.map HTTP/1.1" 404 1806
[2021-11-19 08:46:40,063] [basehttp.py:154] [basehttp:log_message] [WARNING]- "GET /static/js/axios.min.map HTTP/1.1" 404 1773
[2021-11-19 08:46:40,266] [UserIP.py:87] [UserIP:process_response] [INFO]- 2021-11-19 08:46:40 C1010S3>Edwin None>LAPTOP-VA9VPAO8>417 127.0.0.1 127.0.0.1 /OBIDeviceResult/OBIDeviceResult_options/ POST
[2021-11-19 08:46:40,278] [basehttp.py:154] [basehttp:log_message] [INFO]- "POST /OBIDeviceResult/OBIDeviceResult_options/ HTTP/1.1" 200 104
[2021-11-19 08:46:40,329] [basehttp.py:154] [basehttp:log_message] [INFO]- "GET /favicon.ico HTTP/1.1" 200 21241
