[2021-12-09 09:09:53,091] [basehttp.py:154] [basehttp:log_message] [INFO]- "GET / HTTP/1.1" 302 0
[2021-12-09 09:09:53,097] [basehttp.py:154] [basehttp:log_message] [INFO]- "GET /login/ HTTP/1.1" 200 4677
[2021-12-09 09:09:53,222] [basehttp.py:154] [basehttp:log_message] [INFO]- "GET /favicon.ico HTTP/1.1" 302 0
[2021-12-09 09:09:53,226] [basehttp.py:154] [basehttp:log_message] [INFO]- "GET /login/ HTTP/1.1" 200 4677
[2021-12-09 09:09:56,230] [UserIP.py:89] [UserIP:process_response] [CRITICAL]- 系统错误
[2021-12-09 09:09:56,243] [basehttp.py:154] [basehttp:log_message] [INFO]- "POST /login/ HTTP/1.1" 302 0
[2021-12-09 09:09:56,322] [basehttp.py:154] [basehttp:log_message] [INFO]- "GET /index/ HTTP/1.1" 200 46495
[2021-12-09 09:09:56,356] [basehttp.py:154] [basehttp:log_message] [INFO]- "GET /static/js/vue.min.js HTTP/1.1" 304 0
[2021-12-09 09:09:56,411] [basehttp.py:154] [basehttp:log_message] [INFO]- "GET /index/ HTTP/1.1" 200 46495
[2021-12-09 09:09:56,619] [basehttp.py:154] [basehttp:log_message] [INFO]- "GET /favicon.ico HTTP/1.1" 200 21764
[2021-12-09 09:10:18,038] [basehttp.py:154] [basehttp:log_message] [INFO]- "GET /admin/app01/userinfo/ HTTP/1.1" 302 0
[2021-12-09 09:10:18,147] [basehttp.py:154] [basehttp:log_message] [INFO]- "GET /admin/login/?next=/admin/app01/userinfo/ HTTP/1.1" 200 1851
[2021-12-09 09:10:18,182] [basehttp.py:154] [basehttp:log_message] [INFO]- "GET /favicon.ico HTTP/1.1" 200 21764
[2021-12-09 09:10:21,925] [UserIP.py:89] [UserIP:process_response] [CRITICAL]- 系统错误
[2021-12-09 09:10:21,932] [basehttp.py:154] [basehttp:log_message] [INFO]- "POST /admin/login/?next=/admin/app01/userinfo/ HTTP/1.1" 302 0
[2021-12-09 09:10:22,061] [basehttp.py:154] [basehttp:log_message] [INFO]- "GET /admin/app01/userinfo/ HTTP/1.1" 200 55932
[2021-12-09 09:10:22,084] [basehttp.py:154] [basehttp:log_message] [INFO]- "GET /admin/jsi18n/ HTTP/1.1" 200 7684
[2021-12-09 09:10:22,152] [basehttp.py:154] [basehttp:log_message] [INFO]- "GET /favicon.ico HTTP/1.1" 200 21764
[2021-12-09 09:11:21,076] [basehttp.py:154] [basehttp:log_message] [INFO]- "GET /admin/app01/ HTTP/1.1" 200 5526
[2021-12-09 09:11:21,125] [basehttp.py:154] [basehttp:log_message] [INFO]- "GET /favicon.ico HTTP/1.1" 200 21764
[2021-12-09 09:11:24,063] [basehttp.py:154] [basehttp:log_message] [INFO]- "GET /admin/ HTTP/1.1" 200 40280
[2021-12-09 09:11:24,120] [basehttp.py:154] [basehttp:log_message] [INFO]- "GET /favicon.ico HTTP/1.1" 200 21764
[2021-12-09 09:11:36,753] [basehttp.py:154] [basehttp:log_message] [INFO]- "GET /admin/CQM/cqmproject/ HTTP/1.1" 200 27604
[2021-12-09 09:11:36,775] [basehttp.py:154] [basehttp:log_message] [INFO]- "GET /admin/jsi18n/ HTTP/1.1" 200 7684
[2021-12-09 09:11:36,831] [basehttp.py:154] [basehttp:log_message] [INFO]- "GET /favicon.ico HTTP/1.1" 200 21764
[2021-12-09 09:13:02,776] [basehttp.py:154] [basehttp:log_message] [INFO]- "GET /admin/CQM/cqmproject/add/ HTTP/1.1" 200 8706
[2021-12-09 09:13:02,790] [basehttp.py:154] [basehttp:log_message] [INFO]- "GET /static/admin/js/SelectBox.js HTTP/1.1" 200 5755
[2021-12-09 09:13:02,792] [basehttp.py:154] [basehttp:log_message] [INFO]- "GET /static/admin/js/SelectFilter2.js HTTP/1.1" 200 12712
[2021-12-09 09:13:02,802] [basehttp.py:154] [basehttp:log_message] [INFO]- "GET /admin/jsi18n/ HTTP/1.1" 200 7684
[2021-12-09 09:13:02,821] [basehttp.py:154] [basehttp:log_message] [INFO]- "GET /static/admin/img/icon-unknown.svg HTTP/1.1" 200 655
[2021-12-09 09:13:02,821] [basehttp.py:154] [basehttp:log_message] [INFO]- "GET /static/admin/img/icon-unknown-alt.svg HTTP/1.1" 200 655
[2021-12-09 09:13:02,822] [basehttp.py:154] [basehttp:log_message] [INFO]- "GET /static/admin/img/selector-icons.svg HTTP/1.1" 200 3291
[2021-12-09 09:13:02,848] [basehttp.py:154] [basehttp:log_message] [INFO]- "GET /favicon.ico HTTP/1.1" 200 21764
[2021-12-09 09:13:27,823] [UserIP.py:89] [UserIP:process_response] [CRITICAL]- 系统错误
[2021-12-09 09:13:27,830] [basehttp.py:154] [basehttp:log_message] [INFO]- "POST /admin/CQM/cqmproject/add/ HTTP/1.1" 302 0
[2021-12-09 09:13:27,970] [basehttp.py:154] [basehttp:log_message] [INFO]- "GET /admin/CQM/cqmproject/ HTTP/1.1" 200 28159
[2021-12-09 09:13:28,019] [basehttp.py:154] [basehttp:log_message] [INFO]- "GET /admin/jsi18n/ HTTP/1.1" 200 7684
[2021-12-09 09:13:28,071] [basehttp.py:154] [basehttp:log_message] [INFO]- "GET /favicon.ico HTTP/1.1" 200 21764
[2021-12-09 09:14:11,703] [basehttp.py:154] [basehttp:log_message] [INFO]- "GET /CQM/CQM_upload/ HTTP/1.1" 200 40788
[2021-12-09 09:14:11,720] [basehttp.py:154] [basehttp:log_message] [INFO]- "GET /static/js/xlsx/xlsx_pop.js HTTP/1.1" 304 0
[2021-12-09 09:14:11,863] [basehttp.py:154] [basehttp:log_message] [INFO]- "GET /favicon.ico HTTP/1.1" 200 21764
[2021-12-09 09:14:17,132] [log.py:228] [log:log_response] [ERROR]- Internal Server Error: /CQM/CQM_upload/
Traceback (most recent call last):
  File "C:\Python372\mecheck\lib\site-packages\django\core\handlers\exception.py", line 34, in inner
    response = get_response(request)
  File "C:\Python372\mecheck\lib\site-packages\django\core\handlers\base.py", line 126, in _get_response
    response = self.process_exception_by_middleware(e, request)
  File "C:\Python372\mecheck\lib\site-packages\django\core\handlers\base.py", line 124, in _get_response
    response = wrapped_callback(request, *callback_args, **callback_kwargs)
  File "C:\Python372\mecheck\lib\site-packages\django\views\decorators\csrf.py", line 54, in wrapped_view
    return view_func(*args, **kwargs)
  File "C:\djangoproject\Reliability_Row_data\CQM\views.py", line 568, in CQM_upload
    CQM.objects.create(**updatedic)
  File "C:\Python372\mecheck\lib\site-packages\django\db\models\manager.py", line 82, in manager_method
    return getattr(self.get_queryset(), name)(*args, **kwargs)
  File "C:\Python372\mecheck\lib\site-packages\django\db\models\query.py", line 411, in create
    obj = self.model(**kwargs)
  File "C:\Python372\mecheck\lib\site-packages\django\db\models\base.py", line 467, in __init__
    _setattr(self, field.name, rel_obj)
  File "C:\Python372\mecheck\lib\site-packages\django\db\models\fields\related_descriptors.py", line 210, in __set__
    self.field.remote_field.model._meta.object_name,
ValueError: Cannot assign "''": "CQM.Projectinfo" must be a "CQMProject" instance.
[2021-12-09 09:14:17,134] [UserIP.py:89] [UserIP:process_response] [CRITICAL]- 系统错误
[2021-12-09 09:14:17,135] [basehttp.py:154] [basehttp:log_message] [ERROR]- "POST /CQM/CQM_upload/ HTTP/1.1" 500 29760
[2021-12-09 09:16:55,029] [log.py:228] [log:log_response] [ERROR]- Internal Server Error: /CQM/CQM_upload/
Traceback (most recent call last):
  File "C:\Python372\mecheck\lib\site-packages\django\core\handlers\exception.py", line 34, in inner
    response = get_response(request)
  File "C:\Python372\mecheck\lib\site-packages\django\core\handlers\base.py", line 126, in _get_response
    response = self.process_exception_by_middleware(e, request)
  File "C:\Python372\mecheck\lib\site-packages\django\core\handlers\base.py", line 124, in _get_response
    response = wrapped_callback(request, *callback_args, **callback_kwargs)
  File "C:\Python372\mecheck\lib\site-packages\django\views\decorators\csrf.py", line 54, in wrapped_view
    return view_func(*args, **kwargs)
  File "C:\djangoproject\Reliability_Row_data\CQM\views.py", line 569, in CQM_upload
    CQM.objects.create(**updatedic)
  File "C:\Python372\mecheck\lib\site-packages\django\db\models\manager.py", line 82, in manager_method
    return getattr(self.get_queryset(), name)(*args, **kwargs)
  File "C:\Python372\mecheck\lib\site-packages\django\db\models\query.py", line 411, in create
    obj = self.model(**kwargs)
  File "C:\Python372\mecheck\lib\site-packages\django\db\models\base.py", line 467, in __init__
    _setattr(self, field.name, rel_obj)
  File "C:\Python372\mecheck\lib\site-packages\django\db\models\fields\related_descriptors.py", line 210, in __set__
    self.field.remote_field.model._meta.object_name,
ValueError: Cannot assign "''": "CQM.Projectinfo" must be a "CQMProject" instance.
[2021-12-09 09:16:55,031] [UserIP.py:89] [UserIP:process_response] [CRITICAL]- 系统错误
[2021-12-09 09:16:55,031] [basehttp.py:154] [basehttp:log_message] [ERROR]- "POST /CQM/CQM_upload/ HTTP/1.1" 500 29760
[2021-12-09 09:18:07,007] [log.py:228] [log:log_response] [ERROR]- Internal Server Error: /CQM/CQM_upload/
Traceback (most recent call last):
  File "C:\Python372\mecheck\lib\site-packages\django\core\handlers\exception.py", line 34, in inner
    response = get_response(request)
  File "C:\Python372\mecheck\lib\site-packages\django\core\handlers\base.py", line 126, in _get_response
    response = self.process_exception_by_middleware(e, request)
  File "C:\Python372\mecheck\lib\site-packages\django\core\handlers\base.py", line 124, in _get_response
    response = wrapped_callback(request, *callback_args, **callback_kwargs)
  File "C:\Python372\mecheck\lib\site-packages\django\views\decorators\csrf.py", line 54, in wrapped_view
    return view_func(*args, **kwargs)
  File "C:\djangoproject\Reliability_Row_data\CQM\views.py", line 570, in CQM_upload
    CQM.objects.create(**updatedic)
  File "C:\Python372\mecheck\lib\site-packages\django\db\models\manager.py", line 82, in manager_method
    return getattr(self.get_queryset(), name)(*args, **kwargs)
  File "C:\Python372\mecheck\lib\site-packages\django\db\models\query.py", line 411, in create
    obj = self.model(**kwargs)
  File "C:\Python372\mecheck\lib\site-packages\django\db\models\base.py", line 467, in __init__
    _setattr(self, field.name, rel_obj)
  File "C:\Python372\mecheck\lib\site-packages\django\db\models\fields\related_descriptors.py", line 210, in __set__
    self.field.remote_field.model._meta.object_name,
ValueError: Cannot assign "''": "CQM.Projectinfo" must be a "CQMProject" instance.
[2021-12-09 09:18:07,009] [UserIP.py:89] [UserIP:process_response] [CRITICAL]- 系统错误
[2021-12-09 09:18:07,010] [basehttp.py:154] [basehttp:log_message] [ERROR]- "POST /CQM/CQM_upload/ HTTP/1.1" 500 29760
[2021-12-09 09:30:04,383] [UserIP.py:87] [UserIP:process_response] [INFO]- 2021-12-09 09:30:04 C1010S3>Edwin None>LAPTOP-VA9VPAO8>417 127.0.0.1 127.0.0.1 /CQM/CQM_upload/ POST
[2021-12-09 09:30:04,394] [basehttp.py:154] [basehttp:log_message] [INFO]- "POST /CQM/CQM_upload/ HTTP/1.1" 200 185
[2021-12-09 09:51:14,640] [UserIP.py:87] [UserIP:process_response] [INFO]- 2021-12-09 09:51:14 C1010S3>Edwin None>LAPTOP-VA9VPAO8>417 127.0.0.1 127.0.0.1 /CQM/CQM_upload/ POST
[2021-12-09 09:51:14,651] [basehttp.py:154] [basehttp:log_message] [INFO]- "POST /CQM/CQM_upload/ HTTP/1.1" 200 3438
[2021-12-09 09:51:35,500] [basehttp.py:154] [basehttp:log_message] [INFO]- "GET /admin/CQM/cqmproject/60/change/ HTTP/1.1" 200 9006
[2021-12-09 09:51:35,527] [basehttp.py:154] [basehttp:log_message] [INFO]- "GET /admin/jsi18n/ HTTP/1.1" 200 7684
[2021-12-09 09:51:35,610] [basehttp.py:154] [basehttp:log_message] [INFO]- "GET /favicon.ico HTTP/1.1" 200 21764
[2021-12-09 09:51:39,962] [basehttp.py:154] [basehttp:log_message] [INFO]- "GET /admin/CQM/cqmproject/ HTTP/1.1" 200 27979
[2021-12-09 09:51:40,021] [basehttp.py:154] [basehttp:log_message] [INFO]- "GET /favicon.ico HTTP/1.1" 200 21764
[2021-12-09 09:51:43,767] [basehttp.py:154] [basehttp:log_message] [INFO]- "GET /admin/CQM/cqmproject/61/change/ HTTP/1.1" 200 9006
[2021-12-09 09:51:43,805] [basehttp.py:154] [basehttp:log_message] [INFO]- "GET /admin/jsi18n/ HTTP/1.1" 200 7684
[2021-12-09 09:51:43,843] [basehttp.py:154] [basehttp:log_message] [INFO]- "GET /favicon.ico HTTP/1.1" 200 21764
[2021-12-09 09:51:46,586] [basehttp.py:154] [basehttp:log_message] [INFO]- "GET /admin/CQM/cqmproject/ HTTP/1.1" 200 27979
[2021-12-09 09:51:46,637] [basehttp.py:154] [basehttp:log_message] [INFO]- "GET /favicon.ico HTTP/1.1" 200 21764
[2021-12-09 09:52:44,058] [basehttp.py:154] [basehttp:log_message] [INFO]- "GET /admin/CQM/cqmproject/add/ HTTP/1.1" 200 8706
[2021-12-09 09:52:44,111] [basehttp.py:154] [basehttp:log_message] [INFO]- "GET /favicon.ico HTTP/1.1" 200 21764
[2021-12-09 09:52:46,716] [basehttp.py:154] [basehttp:log_message] [INFO]- "GET /admin/CQM/ HTTP/1.1" 200 3286
[2021-12-09 09:52:46,764] [basehttp.py:154] [basehttp:log_message] [INFO]- "GET /favicon.ico HTTP/1.1" 200 21764
[2021-12-09 09:52:50,181] [basehttp.py:154] [basehttp:log_message] [INFO]- "GET /admin/CQM/cqm/ HTTP/1.1" 200 1293271
[2021-12-09 09:52:50,207] [basehttp.py:154] [basehttp:log_message] [INFO]- "GET /admin/jsi18n/ HTTP/1.1" 200 7684
[2021-12-09 09:52:50,781] [basehttp.py:154] [basehttp:log_message] [INFO]- "GET /favicon.ico HTTP/1.1" 200 21764
[2021-12-09 09:55:10,228] [basehttp.py:154] [basehttp:log_message] [INFO]- "GET /CQM/CQM_upload/ HTTP/1.1" 200 40788
[2021-12-09 09:55:10,373] [basehttp.py:154] [basehttp:log_message] [INFO]- "GET /favicon.ico HTTP/1.1" 200 21764
[2021-12-09 09:55:13,807] [UserIP.py:87] [UserIP:process_response] [INFO]- 2021-12-09 09:55:13 C1010S3>Edwin None>LAPTOP-VA9VPAO8>417 127.0.0.1 127.0.0.1 /CQM/CQM_upload/ POST
[2021-12-09 09:55:13,817] [basehttp.py:154] [basehttp:log_message] [INFO]- "POST /CQM/CQM_upload/ HTTP/1.1" 200 185
[2021-12-09 09:55:21,268] [UserIP.py:87] [UserIP:process_response] [INFO]- 2021-12-09 09:55:21 C1010S3>Edwin None>LAPTOP-VA9VPAO8>417 127.0.0.1 127.0.0.1 /CQM/CQM_upload/ POST
[2021-12-09 09:55:21,277] [basehttp.py:154] [basehttp:log_message] [INFO]- "POST /CQM/CQM_upload/ HTTP/1.1" 200 185
[2021-12-09 09:55:58,436] [basehttp.py:154] [basehttp:log_message] [INFO]- "GET /CQM/CQM_search/ HTTP/1.1" 200 50461
[2021-12-09 09:55:58,817] [UserIP.py:87] [UserIP:process_response] [INFO]- 2021-12-09 09:55:58 C1010S3>Edwin None>LAPTOP-VA9VPAO8>417 127.0.0.1 127.0.0.1 /CQM/CQM_search/ POST
[2021-12-09 09:55:58,826] [basehttp.py:154] [basehttp:log_message] [INFO]- "POST /CQM/CQM_search/ HTTP/1.1" 200 35884
[2021-12-09 09:55:58,844] [basehttp.py:154] [basehttp:log_message] [INFO]- "GET /favicon.ico HTTP/1.1" 200 21764
[2021-12-09 09:56:17,190] [UserIP.py:87] [UserIP:process_response] [INFO]- 2021-12-09 09:56:17 C1010S3>Edwin None>LAPTOP-VA9VPAO8>417 127.0.0.1 127.0.0.1 /CQM/CQM_search/ POST
[2021-12-09 09:56:17,202] [basehttp.py:154] [basehttp:log_message] [INFO]- "POST /CQM/CQM_search/ HTTP/1.1" 200 35884
[2021-12-09 09:56:56,999] [basehttp.py:154] [basehttp:log_message] [INFO]- "GET /admin/CQM/cqm/?q=GLV3A HTTP/1.1" 200 146605
[2021-12-09 09:56:57,029] [basehttp.py:154] [basehttp:log_message] [INFO]- "GET /admin/jsi18n/ HTTP/1.1" 200 7684
[2021-12-09 09:56:57,107] [basehttp.py:154] [basehttp:log_message] [INFO]- "GET /favicon.ico HTTP/1.1" 200 21764
[2021-12-09 09:59:12,294] [basehttp.py:154] [basehttp:log_message] [INFO]- "GET /CQM/CQM_upload/ HTTP/1.1" 200 40788
[2021-12-09 09:59:12,462] [basehttp.py:154] [basehttp:log_message] [INFO]- "GET /favicon.ico HTTP/1.1" 200 21764
[2021-12-09 09:59:16,634] [UserIP.py:87] [UserIP:process_response] [INFO]- 2021-12-09 09:59:16 C1010S3>Edwin None>LAPTOP-VA9VPAO8>417 127.0.0.1 127.0.0.1 /CQM/CQM_upload/ POST
[2021-12-09 09:59:16,642] [basehttp.py:154] [basehttp:log_message] [INFO]- "POST /CQM/CQM_upload/ HTTP/1.1" 200 185
[2021-12-09 09:59:22,663] [UserIP.py:87] [UserIP:process_response] [INFO]- 2021-12-09 09:59:22 C1010S3>Edwin None>LAPTOP-VA9VPAO8>417 127.0.0.1 127.0.0.1 /CQM/CQM_upload/ POST
[2021-12-09 09:59:22,673] [basehttp.py:154] [basehttp:log_message] [INFO]- "POST /CQM/CQM_upload/ HTTP/1.1" 200 3263
[2021-12-09 09:59:29,119] [basehttp.py:154] [basehttp:log_message] [INFO]- "GET /CQM/CQM_search/ HTTP/1.1" 200 50461
[2021-12-09 09:59:29,493] [UserIP.py:87] [UserIP:process_response] [INFO]- 2021-12-09 09:59:29 C1010S3>Edwin None>LAPTOP-VA9VPAO8>417 127.0.0.1 127.0.0.1 /CQM/CQM_search/ POST
[2021-12-09 09:59:29,503] [basehttp.py:154] [basehttp:log_message] [INFO]- "POST /CQM/CQM_search/ HTTP/1.1" 200 35884
[2021-12-09 09:59:29,511] [basehttp.py:154] [basehttp:log_message] [INFO]- "GET /favicon.ico HTTP/1.1" 200 21764
[2021-12-09 09:59:37,631] [UserIP.py:87] [UserIP:process_response] [INFO]- 2021-12-09 09:59:37 C1010S3>Edwin None>LAPTOP-VA9VPAO8>417 127.0.0.1 127.0.0.1 /CQM/CQM_search/ POST
[2021-12-09 09:59:37,642] [basehttp.py:154] [basehttp:log_message] [INFO]- "POST /CQM/CQM_search/ HTTP/1.1" 200 50583
[2021-12-09 10:47:18,709] [basehttp.py:154] [basehttp:log_message] [INFO]- "GET /AutoResult/AutoItem_edit/ HTTP/1.1" 200 53851
[2021-12-09 10:47:19,110] [UserIP.py:87] [UserIP:process_response] [INFO]- 2021-12-09 10:47:19 C1010S3>Edwin None>LAPTOP-VA9VPAO8>417 127.0.0.1 127.0.0.1 /Lesson_edit/ POST
[2021-12-09 10:47:19,120] [basehttp.py:154] [basehttp:log_message] [INFO]- "POST /Lesson_edit/ HTTP/1.1" 200 90
[2021-12-09 10:47:19,161] [basehttp.py:154] [basehttp:log_message] [INFO]- "GET /favicon.ico HTTP/1.1" 200 21764
[2021-12-09 10:48:01,601] [basehttp.py:154] [basehttp:log_message] [INFO]- "GET /AutoResult/AutoItem_edit/ HTTP/1.1" 200 53929
[2021-12-09 10:48:02,035] [UserIP.py:89] [UserIP:process_response] [CRITICAL]- 系统错误
[2021-12-09 10:48:02,044] [basehttp.py:154] [basehttp:log_message] [INFO]- "POST /AutoResult/AutoItem_edit/ HTTP/1.1" 200 53929
[2021-12-09 10:48:02,063] [basehttp.py:154] [basehttp:log_message] [INFO]- "GET /favicon.ico HTTP/1.1" 200 21764
[2021-12-09 10:52:14,925] [basehttp.py:154] [basehttp:log_message] [INFO]- "GET /AutoResult/AutoItem_edit/ HTTP/1.1" 200 53929
[2021-12-09 10:52:15,329] [UserIP.py:87] [UserIP:process_response] [INFO]- 2021-12-09 10:52:15 C1010S3>Edwin None>LAPTOP-VA9VPAO8>417 127.0.0.1 127.0.0.1 /AutoResult/AutoItem_edit/ POST
[2021-12-09 10:52:15,338] [basehttp.py:154] [basehttp:log_message] [INFO]- "POST /AutoResult/AutoItem_edit/ HTTP/1.1" 200 1367
[2021-12-09 10:52:15,382] [basehttp.py:154] [basehttp:log_message] [INFO]- "GET /favicon.ico HTTP/1.1" 200 21764
[2021-12-09 13:11:52,965] [basehttp.py:154] [basehttp:log_message] [INFO]- "GET /AutoResult/AutoItem_edit/ HTTP/1.1" 200 54510
[2021-12-09 13:11:53,383] [UserIP.py:87] [UserIP:process_response] [INFO]- 2021-12-09 13:11:53 C1010S3>Edwin None>LAPTOP-VA9VPAO8>417 127.0.0.1 127.0.0.1 /AutoResult/AutoItem_edit/ POST
[2021-12-09 13:11:53,396] [basehttp.py:154] [basehttp:log_message] [INFO]- "POST /AutoResult/AutoItem_edit/ HTTP/1.1" 200 1367
[2021-12-09 13:11:53,405] [basehttp.py:154] [basehttp:log_message] [INFO]- "GET /favicon.ico HTTP/1.1" 200 21764
[2021-12-09 13:30:33,801] [basehttp.py:154] [basehttp:log_message] [INFO]- "GET /AutoResult/AutoItem_edit/ HTTP/1.1" 200 54510
[2021-12-09 13:30:34,209] [UserIP.py:87] [UserIP:process_response] [INFO]- 2021-12-09 13:30:34 C1010S3>Edwin None>LAPTOP-VA9VPAO8>417 127.0.0.1 127.0.0.1 /AutoResult/AutoItem_edit/ POST
[2021-12-09 13:30:34,217] [basehttp.py:154] [basehttp:log_message] [INFO]- "POST /AutoResult/AutoItem_edit/ HTTP/1.1" 200 1455
[2021-12-09 13:30:34,257] [basehttp.py:154] [basehttp:log_message] [INFO]- "GET /favicon.ico HTTP/1.1" 200 21764
[2021-12-09 13:44:00,962] [basehttp.py:154] [basehttp:log_message] [WARNING]- "GET /static/js/lib/bootstrap.min.js.map HTTP/1.1" 404 1806
[2021-12-09 13:44:00,968] [basehttp.py:154] [basehttp:log_message] [WARNING]- "GET /static/js/axios.min.map HTTP/1.1" 404 1773
[2021-12-09 13:44:00,968] [basehttp.py:154] [basehttp:log_message] [WARNING]- "GET /static/js/xlsx/FileSaver.min.js.map HTTP/1.1" 404 1809
[2021-12-09 13:44:00,996] [basehttp.py:154] [basehttp:log_message] [WARNING]- "GET /static/css/bootstrap.min.css.map HTTP/1.1" 404 1800
[2021-12-09 13:44:14,180] [basehttp.py:154] [basehttp:log_message] [INFO]- "GET /AutoResult/AutoItem_edit/ HTTP/1.1" 200 54510
[2021-12-09 13:44:14,278] [basehttp.py:154] [basehttp:log_message] [WARNING]- "GET /static/css/bootstrap.min.css.map HTTP/1.1" 404 1800
[2021-12-09 13:44:14,287] [basehttp.py:154] [basehttp:log_message] [WARNING]- "GET /static/js/lib/bootstrap.min.js.map HTTP/1.1" 404 1806
[2021-12-09 13:44:14,479] [basehttp.py:154] [basehttp:log_message] [WARNING]- "GET /static/js/axios.min.map HTTP/1.1" 404 1773
[2021-12-09 13:44:14,481] [basehttp.py:154] [basehttp:log_message] [WARNING]- "GET /static/js/xlsx/FileSaver.min.js.map HTTP/1.1" 404 1809
[2021-12-09 13:44:14,667] [UserIP.py:87] [UserIP:process_response] [INFO]- 2021-12-09 13:44:14 C1010S3>Edwin None>LAPTOP-VA9VPAO8>417 127.0.0.1 127.0.0.1 /AutoResult/AutoItem_edit/ POST
[2021-12-09 13:44:14,678] [basehttp.py:154] [basehttp:log_message] [INFO]- "POST /AutoResult/AutoItem_edit/ HTTP/1.1" 200 1455
[2021-12-09 13:44:14,723] [basehttp.py:154] [basehttp:log_message] [INFO]- "GET /favicon.ico HTTP/1.1" 200 21764
[2021-12-09 14:01:48,127] [basehttp.py:154] [basehttp:log_message] [INFO]- "GET /AutoResult/AutoItem_edit/ HTTP/1.1" 200 54511
[2021-12-09 14:01:48,220] [basehttp.py:154] [basehttp:log_message] [WARNING]- "GET /static/css/bootstrap.min.css.map HTTP/1.1" 404 1800
[2021-12-09 14:01:48,248] [basehttp.py:154] [basehttp:log_message] [WARNING]- "GET /static/js/lib/bootstrap.min.js.map HTTP/1.1" 404 1806
[2021-12-09 14:01:48,438] [basehttp.py:154] [basehttp:log_message] [WARNING]- "GET /static/js/xlsx/FileSaver.min.js.map HTTP/1.1" 404 1809
[2021-12-09 14:01:48,438] [basehttp.py:154] [basehttp:log_message] [WARNING]- "GET /static/js/axios.min.map HTTP/1.1" 404 1773
[2021-12-09 14:01:48,618] [UserIP.py:87] [UserIP:process_response] [INFO]- 2021-12-09 14:01:48 C1010S3>Edwin None>LAPTOP-VA9VPAO8>417 127.0.0.1 127.0.0.1 /AutoResult/AutoItem_edit/ POST
[2021-12-09 14:01:48,627] [basehttp.py:154] [basehttp:log_message] [INFO]- "POST /AutoResult/AutoItem_edit/ HTTP/1.1" 200 1455
[2021-12-09 14:01:48,678] [basehttp.py:154] [basehttp:log_message] [INFO]- "GET /favicon.ico HTTP/1.1" 200 21764
[2021-12-09 14:03:10,350] [basehttp.py:154] [basehttp:log_message] [INFO]- "GET /AutoResult/AutoItem_edit/ HTTP/1.1" 200 54518
[2021-12-09 14:03:10,453] [basehttp.py:154] [basehttp:log_message] [WARNING]- "GET /static/css/bootstrap.min.css.map HTTP/1.1" 404 1800
[2021-12-09 14:03:10,459] [basehttp.py:154] [basehttp:log_message] [WARNING]- "GET /static/js/lib/bootstrap.min.js.map HTTP/1.1" 404 1806
[2021-12-09 14:03:10,657] [basehttp.py:154] [basehttp:log_message] [WARNING]- "GET /static/js/axios.min.map HTTP/1.1" 404 1773
[2021-12-09 14:03:10,657] [basehttp.py:154] [basehttp:log_message] [WARNING]- "GET /static/js/xlsx/FileSaver.min.js.map HTTP/1.1" 404 1809
[2021-12-09 14:03:10,837] [UserIP.py:87] [UserIP:process_response] [INFO]- 2021-12-09 14:03:10 C1010S3>Edwin None>LAPTOP-VA9VPAO8>417 127.0.0.1 127.0.0.1 /AutoResult/AutoItem_edit/ POST
[2021-12-09 14:03:10,847] [basehttp.py:154] [basehttp:log_message] [INFO]- "POST /AutoResult/AutoItem_edit/ HTTP/1.1" 200 1455
[2021-12-09 14:03:10,888] [basehttp.py:154] [basehttp:log_message] [INFO]- "GET /favicon.ico HTTP/1.1" 200 21764
[2021-12-09 14:03:27,457] [UserIP.py:87] [UserIP:process_response] [INFO]- 2021-12-09 14:03:27 C1010S3>Edwin None>LAPTOP-VA9VPAO8>417 127.0.0.1 127.0.0.1 /AutoResult/AutoItem_edit/ POST
[2021-12-09 14:03:27,467] [basehttp.py:154] [basehttp:log_message] [INFO]- "POST /AutoResult/AutoItem_edit/ HTTP/1.1" 200 1455
[2021-12-09 14:18:46,883] [basehttp.py:154] [basehttp:log_message] [INFO]- "GET /AutoResult/AutoItem_edit/ HTTP/1.1" 200 54518
[2021-12-09 14:18:46,986] [basehttp.py:154] [basehttp:log_message] [WARNING]- "GET /static/css/bootstrap.min.css.map HTTP/1.1" 404 1800
[2021-12-09 14:18:46,994] [basehttp.py:154] [basehttp:log_message] [WARNING]- "GET /static/js/lib/bootstrap.min.js.map HTTP/1.1" 404 1806
[2021-12-09 14:18:47,164] [basehttp.py:154] [basehttp:log_message] [WARNING]- "GET /static/js/xlsx/FileSaver.min.js.map HTTP/1.1" 404 1809
[2021-12-09 14:18:47,165] [basehttp.py:154] [basehttp:log_message] [WARNING]- "GET /static/js/axios.min.map HTTP/1.1" 404 1773
[2021-12-09 14:18:47,334] [UserIP.py:87] [UserIP:process_response] [INFO]- 2021-12-09 14:18:47 C1010S3>Edwin None>LAPTOP-VA9VPAO8>417 127.0.0.1 127.0.0.1 /AutoResult/AutoItem_edit/ POST
[2021-12-09 14:18:47,342] [basehttp.py:154] [basehttp:log_message] [INFO]- "POST /AutoResult/AutoItem_edit/ HTTP/1.1" 200 1455
[2021-12-09 14:18:47,381] [basehttp.py:154] [basehttp:log_message] [INFO]- "GET /favicon.ico HTTP/1.1" 200 21764
[2021-12-09 14:19:12,049] [basehttp.py:154] [basehttp:log_message] [INFO]- "GET /AutoResult/AutoItem_edit/ HTTP/1.1" 200 54519
[2021-12-09 14:19:12,156] [basehttp.py:154] [basehttp:log_message] [WARNING]- "GET /static/css/bootstrap.min.css.map HTTP/1.1" 404 1800
[2021-12-09 14:19:12,164] [basehttp.py:154] [basehttp:log_message] [WARNING]- "GET /static/js/lib/bootstrap.min.js.map HTTP/1.1" 404 1806
[2021-12-09 14:19:12,384] [basehttp.py:154] [basehttp:log_message] [WARNING]- "GET /static/js/axios.min.map HTTP/1.1" 404 1773
[2021-12-09 14:19:12,384] [basehttp.py:154] [basehttp:log_message] [WARNING]- "GET /static/js/xlsx/FileSaver.min.js.map HTTP/1.1" 404 1809
[2021-12-09 14:19:12,564] [UserIP.py:87] [UserIP:process_response] [INFO]- 2021-12-09 14:19:12 C1010S3>Edwin None>LAPTOP-VA9VPAO8>417 127.0.0.1 127.0.0.1 /AutoResult/AutoItem_edit/ POST
[2021-12-09 14:19:12,573] [basehttp.py:154] [basehttp:log_message] [INFO]- "POST /AutoResult/AutoItem_edit/ HTTP/1.1" 200 1455
[2021-12-09 14:19:12,619] [basehttp.py:154] [basehttp:log_message] [INFO]- "GET /favicon.ico HTTP/1.1" 200 21764
[2021-12-09 14:19:51,347] [UserIP.py:87] [UserIP:process_response] [INFO]- 2021-12-09 14:19:51 C1010S3>Edwin None>LAPTOP-VA9VPAO8>417 127.0.0.1 127.0.0.1 /AutoResult/AutoItem_edit/ POST
[2021-12-09 14:19:51,358] [basehttp.py:154] [basehttp:log_message] [INFO]- "POST /AutoResult/AutoItem_edit/ HTTP/1.1" 200 1455
[2021-12-10 08:07:28,497] [basehttp.py:154] [basehttp:log_message] [INFO]- "GET /AutoResult/AutoItem_edit/ HTTP/1.1" 302 0
[2021-12-10 08:07:28,502] [basehttp.py:154] [basehttp:log_message] [INFO]- "GET /login/ HTTP/1.1" 200 4677
[2021-12-10 08:07:28,572] [basehttp.py:154] [basehttp:log_message] [WARNING]- "GET /static/css/bootstrap.min.css.map HTTP/1.1" 404 1800
[2021-12-10 08:07:28,581] [basehttp.py:154] [basehttp:log_message] [INFO]- "GET /static/vendor/bootstrap/js/bootstrap.bundle.min.js.map HTTP/1.1" 200 303386
[2021-12-10 08:07:28,601] [basehttp.py:154] [basehttp:log_message] [INFO]- "GET /favicon.ico HTTP/1.1" 302 0
[2021-12-10 08:07:28,604] [basehttp.py:154] [basehttp:log_message] [INFO]- "GET /login/ HTTP/1.1" 200 4677
[2021-12-10 08:07:43,636] [UserIP.py:89] [UserIP:process_response] [CRITICAL]- 系统错误
[2021-12-10 08:07:43,651] [basehttp.py:154] [basehttp:log_message] [INFO]- "POST /login/ HTTP/1.1" 302 0
[2021-12-10 08:07:43,711] [basehttp.py:154] [basehttp:log_message] [INFO]- "GET /index/ HTTP/1.1" 200 46495
[2021-12-10 08:07:43,813] [basehttp.py:154] [basehttp:log_message] [INFO]- "GET /index/ HTTP/1.1" 200 46495
[2021-12-10 08:07:43,830] [basehttp.py:154] [basehttp:log_message] [WARNING]- "GET /static/css/bootstrap.min.css.map HTTP/1.1" 404 1800
[2021-12-10 08:07:43,839] [basehttp.py:154] [basehttp:log_message] [WARNING]- "GET /static/js/lib/bootstrap.min.js.map HTTP/1.1" 404 1806
[2021-12-10 08:07:43,894] [basehttp.py:154] [basehttp:log_message] [WARNING]- "GET /static/js/lib/bootstrap.min.js.map HTTP/1.1" 404 1806
[2021-12-10 08:07:43,955] [basehttp.py:154] [basehttp:log_message] [WARNING]- "GET /static/js/axios.min.map HTTP/1.1" 404 1773
[2021-12-10 08:07:44,071] [basehttp.py:154] [basehttp:log_message] [INFO]- "GET /favicon.ico HTTP/1.1" 200 21764
[2021-12-10 08:08:42,071] [basehttp.py:154] [basehttp:log_message] [INFO]- "GET /AutoResult/AutoItem_edit/ HTTP/1.1" 200 54519
[2021-12-10 08:08:42,167] [basehttp.py:154] [basehttp:log_message] [WARNING]- "GET /static/css/bootstrap.min.css.map HTTP/1.1" 404 1800
[2021-12-10 08:08:42,175] [basehttp.py:154] [basehttp:log_message] [WARNING]- "GET /static/js/lib/bootstrap.min.js.map HTTP/1.1" 404 1806
[2021-12-10 08:08:42,271] [basehttp.py:154] [basehttp:log_message] [WARNING]- "GET /static/js/axios.min.map HTTP/1.1" 404 1773
[2021-12-10 08:08:42,272] [basehttp.py:154] [basehttp:log_message] [WARNING]- "GET /static/js/xlsx/FileSaver.min.js.map HTTP/1.1" 404 1809
[2021-12-10 08:08:42,448] [UserIP.py:87] [UserIP:process_response] [INFO]- 2021-12-10 08:08:42 C1010S3>Edwin None>LAPTOP-VA9VPAO8>417 127.0.0.1 127.0.0.1 /AutoResult/AutoItem_edit/ POST
[2021-12-10 08:08:42,457] [basehttp.py:154] [basehttp:log_message] [INFO]- "POST /AutoResult/AutoItem_edit/ HTTP/1.1" 200 1455
[2021-12-10 08:08:42,503] [basehttp.py:154] [basehttp:log_message] [INFO]- "GET /favicon.ico HTTP/1.1" 200 21764
[2021-12-10 08:55:10,496] [log.py:228] [log:log_response] [ERROR]- Internal Server Error: /AutoResult/AutoItem_edit/
Traceback (most recent call last):
  File "C:\Python372\mecheck\lib\site-packages\django\core\handlers\exception.py", line 34, in inner
    response = get_response(request)
  File "C:\Python372\mecheck\lib\site-packages\django\core\handlers\base.py", line 126, in _get_response
    response = self.process_exception_by_middleware(e, request)
  File "C:\Python372\mecheck\lib\site-packages\django\core\handlers\base.py", line 124, in _get_response
    response = wrapped_callback(request, *callback_args, **callback_kwargs)
  File "C:\Python372\mecheck\lib\site-packages\django\views\decorators\csrf.py", line 54, in wrapped_view
    return view_func(*args, **kwargs)
  File "C:\djangoproject\Reliability_Row_data\AutoResult\views.py", line 131, in AutoItem_edit
    DevCtgry = responseData['DevCtgry']
KeyError: 'DevCtgry'
[2021-12-10 08:55:10,499] [UserIP.py:89] [UserIP:process_response] [CRITICAL]- 系统错误
[2021-12-10 08:55:10,499] [basehttp.py:154] [basehttp:log_message] [ERROR]- "POST /AutoResult/AutoItem_edit/ HTTP/1.1" 500 90904
