[2020-01-22 16:29:23,739] [basehttp.py:154] [basehttp:log_message] [INFO]- "GET /MQM/MQM_upload/ HTTP/1.1" 200 30375
[2020-01-22 16:29:23,900] [basehttp.py:154] [basehttp:log_message] [INFO]- "GET /static/css/b_upload.css HTTP/1.1" 304 0
[2020-01-22 16:29:23,908] [log.py:228] [log:log_response] [WARNING]- Not Found: /static/jquery-3.2.1.js
[2020-01-22 16:29:23,909] [basehttp.py:154] [basehttp:log_message] [WARNING]- "GET /static/jquery-3.2.1.js HTTP/1.1" 404 77
[2020-01-22 16:29:24,463] [basehttp.py:154] [basehttp:log_message] [INFO]- "GET /favicon.ico HTTP/1.1" 200 15333
[2020-01-22 16:29:29,677] [basehttp.py:154] [basehttp:log_message] [INFO]- "GET /TestPlanSW/TestPlanSW-edit/ HTTP/1.1" 200 77382
[2020-01-22 16:29:29,768] [log.py:228] [log:log_response] [WARNING]- Not Found: /static/jquery-3.2.1.js
[2020-01-22 16:29:29,769] [basehttp.py:154] [basehttp:log_message] [WARNING]- "GET /static/jquery-3.2.1.js HTTP/1.1" 404 77
[2020-01-22 16:29:29,778] [basehttp.py:154] [basehttp:log_message] [INFO]- "GET /static/css/ElementUI.css HTTP/1.1" 200 232696
[2020-01-22 16:29:29,802] [basehttp.py:154] [basehttp:log_message] [INFO]- "GET /static/css/bouncing_edit.css HTTP/1.1" 200 6053
[2020-01-22 16:29:29,802] [basehttp.py:154] [basehttp:log_message] [INFO]- "GET /static/css/bouncing.css HTTP/1.1" 200 2137
[2020-01-22 16:29:29,894] [basehttp.py:154] [basehttp:log_message] [INFO]- "GET /static/js/Element/main.js HTTP/1.1" 200 8726
[2020-01-22 16:29:29,907] [basehttp.py:154] [basehttp:log_message] [INFO]- "GET /static/js/Element/icon.js HTTP/1.1" 200 8700
[2020-01-22 16:29:29,917] [basehttp.py:154] [basehttp:log_message] [INFO]- "GET /static/js/xlsx/FileSaver.min.js HTTP/1.1" 200 2611
[2020-01-22 16:29:29,927] [basehttp.py:154] [basehttp:log_message] [INFO]- "GET /static/js/Element/table.js HTTP/1.1" 200 28389
[2020-01-22 16:29:29,939] [basehttp.py:154] [basehttp:log_message] [INFO]- "GET /static/js/Element/table-column.js HTTP/1.1" 200 28341
[2020-01-22 16:29:29,943] [basehttp.py:154] [basehttp:log_message] [INFO]- "GET /static/js/Element/input.js HTTP/1.1" 200 29207
[2020-01-22 16:29:29,947] [log.py:228] [log:log_response] [WARNING]- Not Found: /static/js/Element/date-picker.js
[2020-01-22 16:29:29,951] [basehttp.py:154] [basehttp:log_message] [WARNING]- "GET /static/js/Element/date-picker.js HTTP/1.1" 404 77
[2020-01-22 16:29:29,955] [log.py:228] [log:log_response] [WARNING]- Not Found: /static/js/Element/dialog.js
[2020-01-22 16:29:29,958] [basehttp.py:154] [basehttp:log_message] [WARNING]- "GET /static/js/Element/dialog.js HTTP/1.1" 404 77
[2020-01-22 16:29:29,980] [basehttp.py:154] [basehttp:log_message] [INFO]- "GET /static/js/Element/message.js HTTP/1.1" 200 11022
[2020-01-22 16:29:29,984] [basehttp.py:154] [basehttp:log_message] [INFO]- "GET /static/js/Element/tooltip.js HTTP/1.1" 200 8439
[2020-01-22 16:29:30,003] [basehttp.py:154] [basehttp:log_message] [INFO]- "GET /static/js/Element/pagination.js HTTP/1.1" 200 22168
[2020-01-22 16:29:30,257] [log.py:228] [log:log_response] [WARNING]- Not Found: /static/js/Element/date-picker.js
[2020-01-22 16:29:30,258] [basehttp.py:154] [basehttp:log_message] [WARNING]- "GET /static/js/Element/date-picker.js HTTP/1.1" 404 77
[2020-01-22 16:29:30,301] [log.py:228] [log:log_response] [WARNING]- Not Found: /static/js/Element/dialog.js
[2020-01-22 16:29:30,301] [basehttp.py:154] [basehttp:log_message] [WARNING]- "GET /static/js/Element/dialog.js HTTP/1.1" 404 77
[2020-01-22 16:29:30,385] [basehttp.py:154] [basehttp:log_message] [INFO]- "GET /static/js/Element/index.js HTTP/1.1" 200 563790
[2020-01-22 16:29:31,383] [basehttp.py:154] [basehttp:log_message] [INFO]- "GET /TestPlanSW/TestPlanSW-edit/?action=first HTTP/1.1" 200 120
[2020-01-22 16:29:31,664] [basehttp.py:154] [basehttp:log_message] [INFO]- "GET /static/css/fonts/element-icons.ttf HTTP/1.1" 200 55956
[2020-01-22 16:29:31,906] [basehttp.py:154] [basehttp:log_message] [INFO]- "GET /favicon.ico HTTP/1.1" 200 15333
[2020-01-22 16:29:40,796] [basehttp.py:154] [basehttp:log_message] [INFO]- "GET /TestPlanSW/TestPlanSW-edit/?action=getCategory&customer=C38(NB)&project=EL4C2&phase=2 HTTP/1.1" 200 665
[2020-01-22 16:29:44,190] [basehttp.py:154] [basehttp:log_message] [INFO]- "GET /TestPlanSW/TestPlanSW-edit/?action=getContent&customer=C38(NB)&project=EL4C2&phase=2&category=Basic HTTP/1.1" 200 193232
[2020-01-22 16:31:58,795] [log.py:228] [log:log_response] [WARNING]- Not Found: /static/js/axios.min.map
[2020-01-22 16:31:58,796] [basehttp.py:154] [basehttp:log_message] [WARNING]- "GET /static/js/axios.min.map HTTP/1.1" 404 77
[2020-01-22 16:31:58,807] [log.py:228] [log:log_response] [WARNING]- Not Found: /static/js/lib/bootstrap.min.js.map
[2020-01-22 16:31:58,810] [basehttp.py:154] [basehttp:log_message] [WARNING]- "GET /static/js/lib/bootstrap.min.js.map HTTP/1.1" 404 77
[2020-01-22 16:31:58,817] [log.py:228] [log:log_response] [WARNING]- Not Found: /static/js/xlsx/FileSaver.min.js.map
[2020-01-22 16:31:58,818] [basehttp.py:154] [basehttp:log_message] [WARNING]- "GET /static/js/xlsx/FileSaver.min.js.map HTTP/1.1" 404 77
[2020-01-22 16:32:01,213] [log.py:228] [log:log_response] [WARNING]- Not Found: /static/css/bootstrap.min.css.map
[2020-01-22 16:32:01,214] [basehttp.py:154] [basehttp:log_message] [WARNING]- "GET /static/css/bootstrap.min.css.map HTTP/1.1" 404 77
[2020-01-23 13:52:29,963] [basehttp.py:154] [basehttp:log_message] [INFO]- "GET /MQM/MQM_edit/ HTTP/1.1" 302 0
[2020-01-23 13:52:30,013] [basehttp.py:154] [basehttp:log_message] [INFO]- "GET /login/ HTTP/1.1" 200 4677
[2020-01-23 13:52:31,585] [basehttp.py:154] [basehttp:log_message] [INFO]- "GET /favicon.ico HTTP/1.1" 302 0
[2020-01-23 13:52:31,592] [basehttp.py:154] [basehttp:log_message] [INFO]- "GET /login/ HTTP/1.1" 200 4677
[2020-01-23 13:52:35,031] [basehttp.py:154] [basehttp:log_message] [INFO]- "POST /login/ HTTP/1.1" 302 0
[2020-01-23 13:52:35,149] [basehttp.py:154] [basehttp:log_message] [INFO]- "GET /index/ HTTP/1.1" 200 22311
[2020-01-23 13:52:35,255] [basehttp.py:154] [basehttp:log_message] [INFO]- "GET /static/css/lib/calendar2/pignose.calendar.min.css HTTP/1.1" 200 14709
[2020-01-23 13:52:35,264] [basehttp.py:154] [basehttp:log_message] [INFO]- "GET /static/download_UPK/element-ui@2.12.0/lib/theme-chalk/index.css HTTP/1.1" 200 232694
[2020-01-23 13:52:35,270] [basehttp.py:154] [basehttp:log_message] [INFO]- "GET /static/css/lib/chartist/chartist.min.css HTTP/1.1" 200 11508
[2020-01-23 13:52:35,274] [basehttp.py:154] [basehttp:log_message] [INFO]- "GET /static/css/lib/owl.carousel.min.css HTTP/1.1" 200 3011
[2020-01-23 13:52:35,283] [basehttp.py:154] [basehttp:log_message] [INFO]- "GET /static/css/lib/themify-icons.css HTTP/1.1" 200 17551
[2020-01-23 13:52:35,298] [basehttp.py:154] [basehttp:log_message] [INFO]- "GET /static/css/lib/font-awesome.min.css HTTP/1.1" 200 38722
[2020-01-23 13:52:35,308] [basehttp.py:154] [basehttp:log_message] [INFO]- "GET /static/css/lib/owl.theme.default.min.css HTTP/1.1" 200 1003
[2020-01-23 13:52:35,320] [basehttp.py:154] [basehttp:log_message] [INFO]- "GET /static/css/lib/weather-icons.css HTTP/1.1" 200 30752
[2020-01-23 13:52:35,335] [basehttp.py:154] [basehttp:log_message] [INFO]- "GET /static/css/lib/menubar/sidebar.css HTTP/1.1" 200 17210
[2020-01-23 13:52:35,339] [basehttp.py:154] [basehttp:log_message] [INFO]- "GET /static/css/lib/helper.css HTTP/1.1" 200 55773
[2020-01-23 13:52:35,355] [basehttp.py:154] [basehttp:log_message] [INFO]- "GET /static/css/bootstrap.min.css HTTP/1.1" 200 144877
[2020-01-23 13:52:35,361] [log.py:228] [log:log_response] [WARNING]- Not Found: /static/jquery-3.2.1.js
[2020-01-23 13:52:35,362] [basehttp.py:154] [basehttp:log_message] [INFO]- "GET /static/css/style.css HTTP/1.1" 200 91465
[2020-01-23 13:52:35,363] [basehttp.py:154] [basehttp:log_message] [WARNING]- "GET /static/jquery-3.2.1.js HTTP/1.1" 404 77
[2020-01-23 13:52:35,364] [basehttp.py:154] [basehttp:log_message] [INFO]- "GET /static/css/uploadbutton.css HTTP/1.1" 200 175
[2020-01-23 13:52:35,378] [basehttp.py:154] [basehttp:log_message] [INFO]- "GET /static/src/back/001.png HTTP/1.1" 200 2015
[2020-01-23 13:52:35,384] [basehttp.py:154] [basehttp:log_message] [INFO]- "GET /static/src/back/mail.png HTTP/1.1" 200 3002
[2020-01-23 13:52:35,491] [basehttp.py:154] [basehttp:log_message] [INFO]- "GET /static/js/lib/menubar/sidebar.js HTTP/1.1" 200 7278
[2020-01-23 13:52:35,497] [basehttp.py:154] [basehttp:log_message] [INFO]- "GET /static/js/scripts.js HTTP/1.1" 200 1906
[2020-01-23 13:52:35,508] [basehttp.py:154] [basehttp:log_message] [INFO]- "GET /static/js/lib/jquery.nanoscroller.min.js HTTP/1.1" 200 12394
[2020-01-23 13:52:35,524] [basehttp.py:154] [basehttp:log_message] [INFO]- "GET /static/js/lib/preloader/pace.min.js HTTP/1.1" 200 26566
[2020-01-23 13:52:35,550] [basehttp.py:154] [basehttp:log_message] [INFO]- "GET /static/css/admin/assets/fonts/themify.woff?-fvbane HTTP/1.1" 200 0
[2020-01-23 13:52:35,564] [basehttp.py:154] [basehttp:log_message] [INFO]- "GET /static/src/blue.jpg HTTP/1.1" 200 60343
[2020-01-23 13:52:35,573] [basehttp.py:154] [basehttp:log_message] [INFO]- "GET /static/fonts/fontawesome-webfont.woff2?v=4.7.0 HTTP/1.1" 200 77160
[2020-01-23 13:52:35,604] [basehttp.py:154] [basehttp:log_message] [INFO]- "GET /static/src/back/call.png HTTP/1.1" 200 1850
[2020-01-23 13:52:35,607] [basehttp.py:154] [basehttp:log_message] [INFO]- "GET /static/js/lib/bootstrap.min.js HTTP/1.1" 200 69782
[2020-01-23 13:52:35,631] [basehttp.py:154] [basehttp:log_message] [INFO]- "GET /static/js/lib/calendar-2/pignose.init.js HTTP/1.1" 200 258
[2020-01-23 13:52:35,663] [basehttp.py:154] [basehttp:log_message] [INFO]- "GET /static/js/lib/calendar-2/moment.latest.min.js HTTP/1.1" 200 61317
[2020-01-23 13:52:35,673] [basehttp.py:154] [basehttp:log_message] [INFO]- "GET /static/js/lib/circle-progress/circle-progress-init.js HTTP/1.1" 200 1252
[2020-01-23 13:52:35,675] [basehttp.py:154] [basehttp:log_message] [INFO]- "GET /static/js/lib/jquery.min.js HTTP/1.1" 200 97362
[2020-01-23 13:52:35,699] [basehttp.py:154] [basehttp:log_message] [INFO]- "GET /static/js/lib/circle-progress/circle-progress.min.js HTTP/1.1" 200 4453
[2020-01-23 13:52:35,725] [basehttp.py:154] [basehttp:log_message] [INFO]- "GET /static/js/lib/calendar-2/pignose.calendar.min.js HTTP/1.1" 200 24265
[2020-01-23 13:52:35,737] [basehttp.py:154] [basehttp:log_message] [INFO]- "GET /static/css/admin/assets/fonts/themify.ttf?-fvbane HTTP/1.1" 200 0
[2020-01-23 13:52:35,747] [basehttp.py:154] [basehttp:log_message] [INFO]- "GET /static/js/lib/sparklinechart/sparkline.init.js HTTP/1.1" 200 9974
[2020-01-23 13:52:35,753] [basehttp.py:154] [basehttp:log_message] [INFO]- "GET /static/js/lib/owl-carousel/owl.carousel-init.js HTTP/1.1" 200 1044
[2020-01-23 13:52:35,800] [basehttp.py:154] [basehttp:log_message] [INFO]- "GET /static/js/date.js HTTP/1.1" 200 764
[2020-01-23 13:52:35,801] [basehttp.py:154] [basehttp:log_message] [INFO]- "GET /static/js/lib/sparklinechart/jquery.sparkline.min.js HTTP/1.1" 200 43247
[2020-01-23 13:52:35,841] [basehttp.py:154] [basehttp:log_message] [INFO]- "GET /static/js/xlsx/xlsx.js HTTP/1.1" 200 4975
[2020-01-23 13:52:35,846] [basehttp.py:154] [basehttp:log_message] [INFO]- "GET /static/js/lib/owl-carousel/owl.carousel.min.js HTTP/1.1" 200 42854
[2020-01-23 13:52:35,922] [basehttp.py:154] [basehttp:log_message] [INFO]- "GET /static/js/lib/calendar-2/prism.min.js HTTP/1.1" 200 8822
[2020-01-23 13:52:35,922] [basehttp.py:154] [basehttp:log_message] [INFO]- "GET /static/js/datapicker.js HTTP/1.1" 200 11813
[2020-01-23 13:52:35,947] [basehttp.py:154] [basehttp:log_message] [INFO]- "GET /static/vendor/datatables/jquery.dataTables.js HTTP/1.1" 200 447606
[2020-01-23 13:52:36,115] [basehttp.py:154] [basehttp:log_message] [INFO]- "GET /static/fonts/themify.woff?-fvbane HTTP/1.1" 200 56108
[2020-01-23 13:52:36,195] [basehttp.py:154] [basehttp:log_message] [INFO]- "GET /static/js/lib/calendar-2/semantic.ui.min.js HTTP/1.1" 200 287763
[2020-01-23 13:52:36,392] [basehttp.py:154] [basehttp:log_message] [INFO]- "GET /static/js/xlsx/xlsx.core.min.js HTTP/1.1" 200 480558
[2020-01-23 13:52:36,713] [basehttp.py:154] [basehttp:log_message] [INFO]- "GET /favicon.ico HTTP/1.1" 200 15333
[2020-01-23 13:52:44,107] [basehttp.py:154] [basehttp:log_message] [INFO]- "GET /MQM/MQM_edit/ HTTP/1.1" 200 45081
[2020-01-23 13:52:44,170] [log.py:228] [log:log_response] [WARNING]- Not Found: /static/jquery-3.2.1.js
[2020-01-23 13:52:44,172] [basehttp.py:154] [basehttp:log_message] [WARNING]- "GET /static/jquery-3.2.1.js HTTP/1.1" 404 77
[2020-01-23 13:52:44,187] [basehttp.py:154] [basehttp:log_message] [INFO]- "GET /static/css/index.css HTTP/1.1" 200 232694
[2020-01-23 13:52:44,199] [basehttp.py:154] [basehttp:log_message] [INFO]- "GET /static/images/spec.png HTTP/1.1" 200 7378
[2020-01-23 13:52:44,262] [basehttp.py:154] [basehttp:log_message] [INFO]- "GET /static/js/qs.js HTTP/1.1" 200 25398
[2020-01-23 13:52:44,266] [basehttp.py:154] [basehttp:log_message] [INFO]- "GET /static/js/axios.min.js HTTP/1.1" 200 13696
[2020-01-23 13:52:44,317] [basehttp.py:154] [basehttp:log_message] [INFO]- "GET /static/js/es6/polyfill.min.js HTTP/1.1" 200 97799
[2020-01-23 13:52:44,338] [basehttp.py:154] [basehttp:log_message] [INFO]- "GET /static/js/vue.min.js HTTP/1.1" 200 93675
[2020-01-23 13:52:44,579] [basehttp.py:154] [basehttp:log_message] [INFO]- "GET /static/js/index.js HTTP/1.1" 200 563790
[2020-01-23 13:52:44,759] [basehttp.py:154] [basehttp:log_message] [INFO]- "GET /static/js/es6/babel.min.js HTTP/1.1" 200 791258
[2020-01-23 13:52:45,619] [basehttp.py:154] [basehttp:log_message] [INFO]- "POST /MQM/MQM_edit/ HTTP/1.1" 200 141
[2020-01-23 13:52:45,695] [basehttp.py:154] [basehttp:log_message] [INFO]- "GET /favicon.ico HTTP/1.1" 200 15333
[2020-01-23 13:52:47,829] [basehttp.py:154] [basehttp:log_message] [INFO]- "POST /MQM/MQM_edit/ HTTP/1.1" 200 6218
[2020-01-23 13:53:16,515] [basehttp.py:154] [basehttp:log_message] [INFO]- "GET /MQM/MQM_upload/ HTTP/1.1" 200 30375
[2020-01-23 13:53:16,592] [log.py:228] [log:log_response] [WARNING]- Not Found: /static/jquery-3.2.1.js
[2020-01-23 13:53:16,593] [basehttp.py:154] [basehttp:log_message] [WARNING]- "GET /static/jquery-3.2.1.js HTTP/1.1" 404 77
[2020-01-23 13:53:16,607] [basehttp.py:154] [basehttp:log_message] [INFO]- "GET /static/css/b_upload.css HTTP/1.1" 200 3339
[2020-01-23 13:53:16,886] [basehttp.py:154] [basehttp:log_message] [INFO]- "GET /favicon.ico HTTP/1.1" 200 15333
[2020-01-23 13:53:27,371] [basehttp.py:154] [basehttp:log_message] [INFO]- "GET /index/ HTTP/1.1" 200 22311
[2020-01-23 13:53:27,434] [log.py:228] [log:log_response] [WARNING]- Not Found: /static/jquery-3.2.1.js
[2020-01-23 13:53:27,435] [basehttp.py:154] [basehttp:log_message] [WARNING]- "GET /static/jquery-3.2.1.js HTTP/1.1" 404 77
[2020-01-23 13:53:27,675] [basehttp.py:154] [basehttp:log_message] [INFO]- "GET /favicon.ico HTTP/1.1" 200 15333
[2020-01-23 13:53:36,645] [basehttp.py:154] [basehttp:log_message] [INFO]- "GET /FilesDownload/ HTTP/1.1" 200 22476
[2020-01-23 13:53:36,717] [log.py:228] [log:log_response] [WARNING]- Not Found: /static/jquery-3.2.1.js
[2020-01-23 13:53:36,719] [basehttp.py:154] [basehttp:log_message] [WARNING]- "GET /static/jquery-3.2.1.js HTTP/1.1" 404 77
[2020-01-23 13:53:36,732] [basehttp.py:154] [basehttp:log_message] [INFO]- "GET /static/src/back/edit_copy_3_48px_539689_easyicon.net.png HTTP/1.1" 200 2313
[2020-01-23 13:53:36,742] [basehttp.py:154] [basehttp:log_message] [INFO]- "GET /static/src/back/edit_copy_4_48px_539690_easyicon.net.png HTTP/1.1" 200 2700
[2020-01-23 13:53:36,766] [basehttp.py:154] [basehttp:log_message] [INFO]- "GET /static/src/back/edit_copy_6_48px_539691_easyicon.net.png HTTP/1.1" 200 2737
[2020-01-23 13:53:36,768] [basehttp.py:154] [basehttp:log_message] [INFO]- "GET /static/src/back/document_properties_3_48px_539646_easyicon.net.png HTTP/1.1" 200 2016
[2020-01-23 13:53:36,769] [basehttp.py:154] [basehttp:log_message] [INFO]- "GET /static/src/back/edit_copy_2_48px_539688_easyicon.net.png HTTP/1.1" 200 2626
[2020-01-23 13:53:36,772] [basehttp.py:154] [basehttp:log_message] [INFO]- "GET /static/src/back/document_new_3_48px_539619_easyicon.net.png HTTP/1.1" 200 3045
[2020-01-23 13:53:36,773] [basehttp.py:154] [basehttp:log_message] [INFO]- "GET /static/src/back/document_open_5_48px_539625_easyicon.net.png HTTP/1.1" 200 3442
[2020-01-23 13:53:36,981] [basehttp.py:154] [basehttp:log_message] [INFO]- "GET /favicon.ico HTTP/1.1" 200 15333
[2020-01-23 13:55:31,172] [basehttp.py:154] [basehttp:log_message] [INFO]- "GET /FilesDownload/ HTTP/1.1" 200 22476
[2020-01-23 13:55:31,252] [log.py:228] [log:log_response] [WARNING]- Not Found: /static/jquery-3.2.1.js
[2020-01-23 13:55:31,252] [basehttp.py:154] [basehttp:log_message] [WARNING]- "GET /static/jquery-3.2.1.js HTTP/1.1" 404 77
[2020-01-23 13:55:31,482] [basehttp.py:154] [basehttp:log_message] [INFO]- "GET /favicon.ico HTTP/1.1" 200 15333
[2020-01-23 13:57:36,715] [basehttp.py:154] [basehttp:log_message] [INFO]- "GET /MQM/MQM_upload/ HTTP/1.1" 200 30375
[2020-01-23 13:57:36,784] [log.py:228] [log:log_response] [WARNING]- Not Found: /static/jquery-3.2.1.js
[2020-01-23 13:57:36,784] [basehttp.py:154] [basehttp:log_message] [WARNING]- "GET /static/jquery-3.2.1.js HTTP/1.1" 404 77
[2020-01-23 13:57:37,054] [basehttp.py:154] [basehttp:log_message] [INFO]- "GET /favicon.ico HTTP/1.1" 200 15333
[2020-01-23 13:59:03,453] [basehttp.py:154] [basehttp:log_message] [INFO]- "GET /TestPlanSW/TestPlanSW-search/ HTTP/1.1" 200 73921
[2020-01-23 13:59:03,529] [log.py:228] [log:log_response] [WARNING]- Not Found: /static/jquery-3.2.1.js
[2020-01-23 13:59:03,530] [basehttp.py:154] [basehttp:log_message] [WARNING]- "GET /static/jquery-3.2.1.js HTTP/1.1" 404 77
[2020-01-23 13:59:03,546] [basehttp.py:154] [basehttp:log_message] [INFO]- "GET /static/css/bouncing_edit.css HTTP/1.1" 200 6053
[2020-01-23 13:59:03,557] [basehttp.py:154] [basehttp:log_message] [INFO]- "GET /static/css/bouncing.css HTTP/1.1" 200 2137
[2020-01-23 13:59:03,582] [basehttp.py:154] [basehttp:log_message] [INFO]- "GET /static/css/ElementUI.css HTTP/1.1" 200 232696
[2020-01-23 13:59:03,608] [basehttp.py:154] [basehttp:log_message] [INFO]- "GET /static/js/Element/main.js HTTP/1.1" 200 8726
[2020-01-23 13:59:03,624] [basehttp.py:154] [basehttp:log_message] [INFO]- "GET /static/js/xlsx/FileSaver.min.js HTTP/1.1" 200 2611
[2020-01-23 13:59:03,632] [basehttp.py:154] [basehttp:log_message] [INFO]- "GET /static/js/Element/input.js HTTP/1.1" 200 29207
[2020-01-23 13:59:03,635] [basehttp.py:154] [basehttp:log_message] [INFO]- "GET /static/js/Element/table.js HTTP/1.1" 200 28389
[2020-01-23 13:59:03,643] [basehttp.py:154] [basehttp:log_message] [INFO]- "GET /static/js/Element/icon.js HTTP/1.1" 200 8700
[2020-01-23 13:59:03,645] [basehttp.py:154] [basehttp:log_message] [INFO]- "GET /static/js/Element/table-column.js HTTP/1.1" 200 28341
[2020-01-23 13:59:03,647] [log.py:228] [log:log_response] [WARNING]- Not Found: /static/js/Element/message-box.js
[2020-01-23 13:59:03,648] [basehttp.py:154] [basehttp:log_message] [WARNING]- "GET /static/js/Element/message-box.js HTTP/1.1" 404 77
[2020-01-23 13:59:03,672] [basehttp.py:154] [basehttp:log_message] [INFO]- "GET /static/js/Element/tooltip.js HTTP/1.1" 200 8439
[2020-01-23 13:59:03,986] [basehttp.py:154] [basehttp:log_message] [INFO]- "GET /static/js/Element/index.js HTTP/1.1" 200 563790
[2020-01-23 13:59:04,082] [log.py:228] [log:log_response] [WARNING]- Not Found: /static/js/Element/message-box.js
[2020-01-23 13:59:04,083] [basehttp.py:154] [basehttp:log_message] [WARNING]- "GET /static/js/Element/message-box.js HTTP/1.1" 404 77
[2020-01-23 13:59:05,164] [basehttp.py:154] [basehttp:log_message] [INFO]- "GET /TestPlanSW/TestPlanSW-search/?action=first HTTP/1.1" 200 120
[2020-01-23 13:59:05,323] [basehttp.py:154] [basehttp:log_message] [INFO]- "GET /static/css/fonts/element-icons.ttf HTTP/1.1" 200 55956
[2020-01-23 13:59:05,474] [basehttp.py:154] [basehttp:log_message] [INFO]- "GET /favicon.ico HTTP/1.1" 200 15333
[2020-01-23 13:59:15,370] [basehttp.py:154] [basehttp:log_message] [INFO]- "GET /TestPlanSW/TestPlanSW-edit/ HTTP/1.1" 200 77382
[2020-01-23 13:59:15,470] [log.py:228] [log:log_response] [WARNING]- Not Found: /static/jquery-3.2.1.js
[2020-01-23 13:59:15,477] [basehttp.py:154] [basehttp:log_message] [WARNING]- "GET /static/jquery-3.2.1.js HTTP/1.1" 404 77
[2020-01-23 13:59:15,481] [log.py:228] [log:log_response] [WARNING]- Not Found: /static/js/Element/date-picker.js
[2020-01-23 13:59:15,481] [basehttp.py:154] [basehttp:log_message] [WARNING]- "GET /static/js/Element/date-picker.js HTTP/1.1" 404 77
[2020-01-23 13:59:15,483] [log.py:228] [log:log_response] [WARNING]- Not Found: /static/js/Element/dialog.js
[2020-01-23 13:59:15,484] [basehttp.py:154] [basehttp:log_message] [WARNING]- "GET /static/js/Element/dialog.js HTTP/1.1" 404 77
[2020-01-23 13:59:15,523] [basehttp.py:154] [basehttp:log_message] [INFO]- "GET /static/js/Element/message.js HTTP/1.1" 200 11022
[2020-01-23 13:59:15,533] [basehttp.py:154] [basehttp:log_message] [INFO]- "GET /static/js/Element/pagination.js HTTP/1.1" 200 22168
[2020-01-23 13:59:15,692] [log.py:228] [log:log_response] [WARNING]- Not Found: /static/js/Element/date-picker.js
[2020-01-23 13:59:15,693] [basehttp.py:154] [basehttp:log_message] [WARNING]- "GET /static/js/Element/date-picker.js HTTP/1.1" 404 77
[2020-01-23 13:59:15,747] [log.py:228] [log:log_response] [WARNING]- Not Found: /static/js/Element/dialog.js
[2020-01-23 13:59:15,748] [basehttp.py:154] [basehttp:log_message] [WARNING]- "GET /static/js/Element/dialog.js HTTP/1.1" 404 77
[2020-01-23 13:59:16,723] [basehttp.py:154] [basehttp:log_message] [INFO]- "GET /TestPlanSW/TestPlanSW-edit/?action=first HTTP/1.1" 200 120
[2020-01-23 13:59:17,123] [basehttp.py:154] [basehttp:log_message] [INFO]- "GET /favicon.ico HTTP/1.1" 200 15333
[2020-01-23 13:59:59,347] [basehttp.py:154] [basehttp:log_message] [INFO]- "GET /index/ HTTP/1.1" 200 22311
[2020-01-23 13:59:59,416] [log.py:228] [log:log_response] [WARNING]- Not Found: /static/jquery-3.2.1.js
[2020-01-23 13:59:59,417] [basehttp.py:154] [basehttp:log_message] [WARNING]- "GET /static/jquery-3.2.1.js HTTP/1.1" 404 77
[2020-01-23 13:59:59,730] [basehttp.py:154] [basehttp:log_message] [INFO]- "GET /favicon.ico HTTP/1.1" 200 15333
[2020-01-23 14:05:13,845] [basehttp.py:154] [basehttp:log_message] [INFO]- "GET /MQM/MQM_search/ HTTP/1.1" 200 26219
[2020-01-23 14:05:13,912] [log.py:228] [log:log_response] [WARNING]- Not Found: /static/jquery-3.2.1.js
[2020-01-23 14:05:13,913] [basehttp.py:154] [basehttp:log_message] [WARNING]- "GET /static/jquery-3.2.1.js HTTP/1.1" 404 77
[2020-01-23 14:05:14,575] [basehttp.py:154] [basehttp:log_message] [INFO]- "POST /MQM/MQM_search/ HTTP/1.1" 200 256
[2020-01-23 14:05:14,648] [basehttp.py:154] [basehttp:log_message] [INFO]- "GET /favicon.ico HTTP/1.1" 200 15333
[2020-01-23 14:08:02,676] [basehttp.py:154] [basehttp:log_message] [INFO]- "GET /TestPlanSW/TestPlanSW-search/ HTTP/1.1" 200 73921
[2020-01-23 14:08:02,737] [log.py:228] [log:log_response] [WARNING]- Not Found: /static/jquery-3.2.1.js
[2020-01-23 14:08:02,737] [basehttp.py:154] [basehttp:log_message] [WARNING]- "GET /static/jquery-3.2.1.js HTTP/1.1" 404 77
[2020-01-23 14:08:02,775] [log.py:228] [log:log_response] [WARNING]- Not Found: /static/js/Element/message-box.js
[2020-01-23 14:08:02,775] [basehttp.py:154] [basehttp:log_message] [WARNING]- "GET /static/js/Element/message-box.js HTTP/1.1" 404 77
[2020-01-23 14:08:03,252] [log.py:228] [log:log_response] [WARNING]- Not Found: /static/js/Element/message-box.js
[2020-01-23 14:08:03,253] [basehttp.py:154] [basehttp:log_message] [WARNING]- "GET /static/js/Element/message-box.js HTTP/1.1" 404 77
[2020-01-23 14:08:04,116] [basehttp.py:154] [basehttp:log_message] [INFO]- "GET /TestPlanSW/TestPlanSW-search/?action=first HTTP/1.1" 200 120
[2020-01-23 14:08:04,377] [basehttp.py:154] [basehttp:log_message] [INFO]- "GET /favicon.ico HTTP/1.1" 200 15333
