[2020-01-23 14:14:06,774] [basehttp.py:154] [basehttp:log_message] [INFO]- "GET /TestPlanSW/TestPlanSW-search/ HTTP/1.1" 302 0
[2020-01-23 14:14:06,794] [basehttp.py:154] [basehttp:log_message] [INFO]- "GET /login/ HTTP/1.1" 200 4677
[2020-01-23 14:14:06,835] [basehttp.py:154] [basehttp:log_message] [INFO]- "GET /static/css/bootstrap.min.css HTTP/1.1" 200 144877
[2020-01-23 14:14:06,839] [basehttp.py:154] [basehttp:log_message] [INFO]- "GET /static/vendor/fontawesome-free/css/all.min.css HTTP/1.1" 200 54641
[2020-01-23 14:14:06,844] [basehttp.py:154] [basehttp:log_message] [INFO]- "GET /static/css/test1.css HTTP/1.1" 200 29531
[2020-01-23 14:14:06,844] [basehttp.py:154] [basehttp:log_message] [INFO]- "GET /static/css/sb-admin.css HTTP/1.1" 200 214832
[2020-01-23 14:14:06,873] [basehttp.py:154] [basehttp:log_message] [INFO]- "GET /static/vendor/jquery-easing/jquery.easing.min.js HTTP/1.1" 200 2532
[2020-01-23 14:14:06,896] [basehttp.py:154] [basehttp:log_message] [INFO]- "GET /static/src/ocean.jpg HTTP/1.1" 200 128450
[2020-01-23 14:14:06,943] [basehttp.py:154] [basehttp:log_message] [INFO]- "GET /static/vendor/bootstrap/js/bootstrap.bundle.min.js HTTP/1.1" 200 76308
[2020-01-23 14:14:07,000] [basehttp.py:154] [basehttp:log_message] [INFO]- "GET /static/vendor/jquery/jquery.min.js HTTP/1.1" 200 86927
[2020-01-23 14:14:07,052] [basehttp.py:154] [basehttp:log_message] [INFO]- "GET /favicon.ico HTTP/1.1" 302 0
[2020-01-23 14:14:07,060] [basehttp.py:154] [basehttp:log_message] [INFO]- "GET /login/ HTTP/1.1" 200 4677
[2020-01-23 14:14:14,167] [basehttp.py:154] [basehttp:log_message] [INFO]- "POST /login/ HTTP/1.1" 302 0
[2020-01-23 14:14:14,236] [basehttp.py:154] [basehttp:log_message] [INFO]- "GET /index/ HTTP/1.1" 200 23946
[2020-01-23 14:14:14,301] [basehttp.py:154] [basehttp:log_message] [INFO]- "GET /static/css/lib/calendar2/pignose.calendar.min.css HTTP/1.1" 200 14709
[2020-01-23 14:14:14,305] [basehttp.py:154] [basehttp:log_message] [INFO]- "GET /static/download_UPK/element-ui@2.12.0/lib/theme-chalk/index.css HTTP/1.1" 200 232694
[2020-01-23 14:14:14,308] [basehttp.py:154] [basehttp:log_message] [INFO]- "GET /static/css/lib/chartist/chartist.min.css HTTP/1.1" 200 11508
[2020-01-23 14:14:14,318] [basehttp.py:154] [basehttp:log_message] [INFO]- "GET /static/css/lib/themify-icons.css HTTP/1.1" 200 17551
[2020-01-23 14:14:14,320] [basehttp.py:154] [basehttp:log_message] [INFO]- "GET /static/css/lib/font-awesome.min.css HTTP/1.1" 200 38722
[2020-01-23 14:14:14,331] [basehttp.py:154] [basehttp:log_message] [INFO]- "GET /static/css/lib/owl.carousel.min.css HTTP/1.1" 200 3011
[2020-01-23 14:14:14,351] [basehttp.py:154] [basehttp:log_message] [INFO]- "GET /static/css/lib/owl.theme.default.min.css HTTP/1.1" 200 1003
[2020-01-23 14:14:14,353] [basehttp.py:154] [basehttp:log_message] [INFO]- "GET /static/css/lib/weather-icons.css HTTP/1.1" 200 30752
[2020-01-23 14:14:14,361] [basehttp.py:154] [basehttp:log_message] [INFO]- "GET /static/css/lib/menubar/sidebar.css HTTP/1.1" 200 17210
[2020-01-23 14:14:14,372] [basehttp.py:154] [basehttp:log_message] [INFO]- "GET /static/css/style.css HTTP/1.1" 200 91465
[2020-01-23 14:14:14,374] [basehttp.py:154] [basehttp:log_message] [INFO]- "GET /static/css/uploadbutton.css HTTP/1.1" 200 175
[2020-01-23 14:14:14,378] [basehttp.py:154] [basehttp:log_message] [INFO]- "GET /static/css/lib/helper.css HTTP/1.1" 200 55773
[2020-01-23 14:14:14,385] [basehttp.py:154] [basehttp:log_message] [INFO]- "GET /static/src/back/001.png HTTP/1.1" 200 2015
[2020-01-23 14:14:14,395] [basehttp.py:154] [basehttp:log_message] [INFO]- "GET /static/src/back/mail.png HTTP/1.1" 200 3002
[2020-01-23 14:14:14,398] [log.py:228] [log:log_response] [WARNING]- Not Found: /static/jquery-3.2.1.js
[2020-01-23 14:14:14,401] [basehttp.py:154] [basehttp:log_message] [WARNING]- "GET /static/jquery-3.2.1.js HTTP/1.1" 404 77
[2020-01-23 14:14:14,414] [basehttp.py:154] [basehttp:log_message] [INFO]- "GET /static/js/lib/jquery.min.js HTTP/1.1" 200 97362
[2020-01-23 14:14:14,417] [basehttp.py:154] [basehttp:log_message] [INFO]- "GET /static/js/lib/jquery.nanoscroller.min.js HTTP/1.1" 200 12394
[2020-01-23 14:14:14,438] [basehttp.py:154] [basehttp:log_message] [INFO]- "GET /static/js/lib/menubar/sidebar.js HTTP/1.1" 200 7278
[2020-01-23 14:14:14,444] [basehttp.py:154] [basehttp:log_message] [INFO]- "GET /static/js/lib/preloader/pace.min.js HTTP/1.1" 200 26566
[2020-01-23 14:14:14,462] [basehttp.py:154] [basehttp:log_message] [INFO]- "GET /static/js/lib/bootstrap.min.js HTTP/1.1" 200 69782
[2020-01-23 14:14:14,465] [basehttp.py:154] [basehttp:log_message] [INFO]- "GET /static/js/scripts.js HTTP/1.1" 200 1906
[2020-01-23 14:14:14,489] [basehttp.py:154] [basehttp:log_message] [INFO]- "GET /static/js/lib/calendar-2/pignose.calendar.min.js HTTP/1.1" 200 24265
[2020-01-23 14:14:14,493] [basehttp.py:154] [basehttp:log_message] [INFO]- "GET /static/js/lib/calendar-2/moment.latest.min.js HTTP/1.1" 200 61317
[2020-01-23 14:14:14,510] [basehttp.py:154] [basehttp:log_message] [INFO]- "GET /static/js/lib/calendar-2/pignose.init.js HTTP/1.1" 200 258
[2020-01-23 14:14:14,517] [basehttp.py:154] [basehttp:log_message] [INFO]- "GET /static/js/lib/circle-progress/circle-progress.min.js HTTP/1.1" 200 4453
[2020-01-23 14:14:14,535] [basehttp.py:154] [basehttp:log_message] [INFO]- "GET /static/js/lib/circle-progress/circle-progress-init.js HTTP/1.1" 200 1252
[2020-01-23 14:14:14,542] [basehttp.py:154] [basehttp:log_message] [INFO]- "GET /static/js/lib/sparklinechart/jquery.sparkline.min.js HTTP/1.1" 200 43247
[2020-01-23 14:14:14,570] [basehttp.py:154] [basehttp:log_message] [INFO]- "GET /static/js/lib/sparklinechart/sparkline.init.js HTTP/1.1" 200 9974
[2020-01-23 14:14:14,593] [basehttp.py:154] [basehttp:log_message] [INFO]- "GET /static/js/lib/owl-carousel/owl.carousel-init.js HTTP/1.1" 200 1044
[2020-01-23 14:14:14,601] [basehttp.py:154] [basehttp:log_message] [INFO]- "GET /static/js/date.js HTTP/1.1" 200 764
[2020-01-23 14:14:14,611] [basehttp.py:154] [basehttp:log_message] [INFO]- "GET /static/js/lib/owl-carousel/owl.carousel.min.js HTTP/1.1" 200 42854
[2020-01-23 14:14:14,621] [basehttp.py:154] [basehttp:log_message] [INFO]- "GET /static/js/xlsx/xlsx.js HTTP/1.1" 200 4975
[2020-01-23 14:14:14,645] [basehttp.py:154] [basehttp:log_message] [INFO]- "GET /static/js/datapicker.js HTTP/1.1" 200 11813
[2020-01-23 14:14:14,648] [basehttp.py:154] [basehttp:log_message] [INFO]- "GET /static/vendor/datatables/jquery.dataTables.js HTTP/1.1" 200 447606
[2020-01-23 14:14:14,659] [basehttp.py:154] [basehttp:log_message] [INFO]- "GET /static/js/xlsx/xlsx.core.min.js HTTP/1.1" 200 480558
[2020-01-23 14:14:14,662] [basehttp.py:154] [basehttp:log_message] [INFO]- "GET /static/js/lib/calendar-2/prism.min.js HTTP/1.1" 200 8822
[2020-01-23 14:14:14,665] [basehttp.py:154] [basehttp:log_message] [INFO]- "GET /static/js/lib/calendar-2/semantic.ui.min.js HTTP/1.1" 200 287763
[2020-01-23 14:14:14,669] [basehttp.py:154] [basehttp:log_message] [INFO]- "GET /static/src/back/call.png HTTP/1.1" 200 1850
[2020-01-23 14:14:14,680] [basehttp.py:154] [basehttp:log_message] [INFO]- "GET /static/src/blue.jpg HTTP/1.1" 200 60343
[2020-01-23 14:14:14,792] [basehttp.py:154] [basehttp:log_message] [INFO]- "GET /static/css/admin/assets/fonts/themify.woff?-fvbane HTTP/1.1" 200 0
[2020-01-23 14:14:14,793] [basehttp.py:154] [basehttp:log_message] [INFO]- "GET /static/fonts/fontawesome-webfont.woff2?v=4.7.0 HTTP/1.1" 200 77160
[2020-01-23 14:14:15,119] [basehttp.py:154] [basehttp:log_message] [INFO]- "GET /static/css/admin/assets/fonts/themify.ttf?-fvbane HTTP/1.1" 200 0
[2020-01-23 14:14:15,285] [basehttp.py:154] [basehttp:log_message] [INFO]- "GET /static/fonts/themify.woff?-fvbane HTTP/1.1" 200 56108
[2020-01-23 14:14:15,300] [basehttp.py:154] [basehttp:log_message] [INFO]- "GET /favicon.ico HTTP/1.1" 200 15333
[2020-01-23 14:14:32,799] [basehttp.py:154] [basehttp:log_message] [INFO]- "GET /TestPlanSW/TestPlanSW-search/ HTTP/1.1" 200 73921
[2020-01-23 14:14:32,861] [basehttp.py:154] [basehttp:log_message] [INFO]- "GET /static/css/bouncing.css HTTP/1.1" 200 2137
[2020-01-23 14:14:32,867] [basehttp.py:154] [basehttp:log_message] [INFO]- "GET /static/css/bouncing_edit.css HTTP/1.1" 200 6053
[2020-01-23 14:14:32,871] [basehttp.py:154] [basehttp:log_message] [INFO]- "GET /static/css/ElementUI.css HTTP/1.1" 200 232696
[2020-01-23 14:14:32,878] [log.py:228] [log:log_response] [WARNING]- Not Found: /static/jquery-3.2.1.js
[2020-01-23 14:14:32,879] [basehttp.py:154] [basehttp:log_message] [WARNING]- "GET /static/jquery-3.2.1.js HTTP/1.1" 404 77
[2020-01-23 14:14:32,908] [basehttp.py:154] [basehttp:log_message] [INFO]- "GET /static/js/es6/polyfill.min.js HTTP/1.1" 200 97799
[2020-01-23 14:14:32,920] [basehttp.py:154] [basehttp:log_message] [INFO]- "GET /static/js/axios.min.js HTTP/1.1" 200 13696
[2020-01-23 14:14:32,925] [basehttp.py:154] [basehttp:log_message] [INFO]- "GET /static/js/qs.js HTTP/1.1" 200 25398
[2020-01-23 14:14:32,929] [basehttp.py:154] [basehttp:log_message] [INFO]- "GET /static/js/vue.min.js HTTP/1.1" 200 93675
[2020-01-23 14:14:32,933] [basehttp.py:154] [basehttp:log_message] [INFO]- "GET /static/js/xlsx/FileSaver.min.js HTTP/1.1" 200 2611
[2020-01-23 14:14:32,941] [basehttp.py:154] [basehttp:log_message] [INFO]- "GET /static/js/Element/table.js HTTP/1.1" 200 28389
[2020-01-23 14:14:32,955] [basehttp.py:154] [basehttp:log_message] [INFO]- "GET /static/js/Element/main.js HTTP/1.1" 200 8726
[2020-01-23 14:14:32,957] [basehttp.py:154] [basehttp:log_message] [INFO]- "GET /static/js/es6/babel.min.js HTTP/1.1" 200 791258
[2020-01-23 14:14:32,975] [basehttp.py:154] [basehttp:log_message] [INFO]- "GET /static/js/Element/input.js HTTP/1.1" 200 29207
[2020-01-23 14:14:32,990] [basehttp.py:154] [basehttp:log_message] [INFO]- "GET /static/js/Element/table-column.js HTTP/1.1" 200 28341
[2020-01-23 14:14:32,993] [basehttp.py:154] [basehttp:log_message] [INFO]- "GET /static/js/Element/icon.js HTTP/1.1" 200 8700
[2020-01-23 14:14:32,998] [log.py:228] [log:log_response] [WARNING]- Not Found: /static/js/Element/message-box.js
[2020-01-23 14:14:32,998] [basehttp.py:154] [basehttp:log_message] [WARNING]- "GET /static/js/Element/message-box.js HTTP/1.1" 404 77
[2020-01-23 14:14:33,002] [basehttp.py:154] [basehttp:log_message] [INFO]- "GET /static/js/Element/tooltip.js HTTP/1.1" 200 8439
[2020-01-23 14:14:33,012] [basehttp.py:154] [basehttp:log_message] [INFO]- "GET /static/js/Element/index.js HTTP/1.1" 200 563790
[2020-01-23 14:14:33,467] [log.py:228] [log:log_response] [WARNING]- Not Found: /static/js/Element/message-box.js
[2020-01-23 14:14:33,468] [basehttp.py:154] [basehttp:log_message] [WARNING]- "GET /static/js/Element/message-box.js HTTP/1.1" 404 77
[2020-01-23 14:14:34,405] [basehttp.py:154] [basehttp:log_message] [INFO]- "GET /TestPlanSW/TestPlanSW-search/?action=first HTTP/1.1" 200 120
[2020-01-23 14:14:34,632] [basehttp.py:154] [basehttp:log_message] [INFO]- "GET /static/css/fonts/element-icons.ttf HTTP/1.1" 200 55956
[2020-01-23 14:14:34,738] [basehttp.py:154] [basehttp:log_message] [INFO]- "GET /favicon.ico HTTP/1.1" 200 15333
[2020-01-23 14:14:37,676] [basehttp.py:154] [basehttp:log_message] [INFO]- "GET /favicon.ico HTTP/1.1" 200 15333
[2020-01-23 14:14:39,633] [basehttp.py:154] [basehttp:log_message] [INFO]- "GET /MQM/MQM_search/ HTTP/1.1" 200 26219
[2020-01-23 14:14:39,704] [basehttp.py:154] [basehttp:log_message] [INFO]- "GET /static/images/spec.png HTTP/1.1" 200 7378
[2020-01-23 14:14:39,705] [basehttp.py:154] [basehttp:log_message] [INFO]- "GET /static/css/index.css HTTP/1.1" 200 232694
[2020-01-23 14:14:39,710] [basehttp.py:154] [basehttp:log_message] [INFO]- "GET /static/js/index.js HTTP/1.1" 200 563790
[2020-01-23 14:14:39,712] [log.py:228] [log:log_response] [WARNING]- Not Found: /static/jquery-3.2.1.js
[2020-01-23 14:14:39,712] [basehttp.py:154] [basehttp:log_message] [WARNING]- "GET /static/jquery-3.2.1.js HTTP/1.1" 404 77
[2020-01-23 14:14:40,144] [basehttp.py:154] [basehttp:log_message] [INFO]- "POST /MQM/MQM_search/ HTTP/1.1" 200 256
[2020-01-23 14:14:40,234] [basehttp.py:154] [basehttp:log_message] [INFO]- "GET /favicon.ico HTTP/1.1" 200 15333
[2020-01-23 14:14:42,803] [basehttp.py:154] [basehttp:log_message] [INFO]- "GET /favicon.ico HTTP/1.1" 200 15333
[2020-01-23 14:14:44,308] [basehttp.py:154] [basehttp:log_message] [INFO]- "GET /FilesDownload/ HTTP/1.1" 200 24295
[2020-01-23 14:14:44,362] [log.py:228] [log:log_response] [WARNING]- Not Found: /static/jquery-3.2.1.js
[2020-01-23 14:14:44,364] [basehttp.py:154] [basehttp:log_message] [WARNING]- "GET /static/jquery-3.2.1.js HTTP/1.1" 404 77
[2020-01-23 14:14:44,365] [basehttp.py:154] [basehttp:log_message] [INFO]- "GET /static/src/back/edit_copy_4_48px_539690_easyicon.net.png HTTP/1.1" 200 2700
[2020-01-23 14:14:44,367] [basehttp.py:154] [basehttp:log_message] [INFO]- "GET /static/src/back/edit_copy_3_48px_539689_easyicon.net.png HTTP/1.1" 200 2313
[2020-01-23 14:14:44,406] [basehttp.py:154] [basehttp:log_message] [INFO]- "GET /static/src/back/edit_copy_2_48px_539688_easyicon.net.png HTTP/1.1" 200 2626
[2020-01-23 14:14:44,407] [basehttp.py:154] [basehttp:log_message] [INFO]- "GET /static/src/back/edit_copy_6_48px_539691_easyicon.net.png HTTP/1.1" 200 2737
[2020-01-23 14:14:44,408] [basehttp.py:154] [basehttp:log_message] [INFO]- "GET /static/src/back/document_properties_3_48px_539646_easyicon.net.png HTTP/1.1" 200 2016
[2020-01-23 14:14:44,412] [basehttp.py:154] [basehttp:log_message] [INFO]- "GET /static/src/back/document_new_3_48px_539619_easyicon.net.png HTTP/1.1" 200 3045
[2020-01-23 14:14:44,415] [basehttp.py:154] [basehttp:log_message] [INFO]- "GET /static/src/back/document_open_5_48px_539625_easyicon.net.png HTTP/1.1" 200 3442
[2020-01-23 14:14:44,589] [basehttp.py:154] [basehttp:log_message] [INFO]- "GET /favicon.ico HTTP/1.1" 200 15333
[2020-01-23 14:14:50,740] [basehttp.py:154] [basehttp:log_message] [INFO]- "GET /TestPlanSW/TestPlanSW-edit/ HTTP/1.1" 200 77382
[2020-01-23 14:14:50,791] [log.py:228] [log:log_response] [WARNING]- Not Found: /static/jquery-3.2.1.js
[2020-01-23 14:14:50,792] [basehttp.py:154] [basehttp:log_message] [WARNING]- "GET /static/jquery-3.2.1.js HTTP/1.1" 404 77
[2020-01-23 14:14:50,852] [log.py:228] [log:log_response] [WARNING]- Not Found: /static/js/Element/date-picker.js
[2020-01-23 14:14:50,854] [basehttp.py:154] [basehttp:log_message] [WARNING]- "GET /static/js/Element/date-picker.js HTTP/1.1" 404 77
[2020-01-23 14:14:50,857] [basehttp.py:154] [basehttp:log_message] [INFO]- "GET /static/js/Element/message.js HTTP/1.1" 200 11022
[2020-01-23 14:14:50,861] [log.py:228] [log:log_response] [WARNING]- Not Found: /static/js/Element/dialog.js
[2020-01-23 14:14:50,861] [basehttp.py:154] [basehttp:log_message] [WARNING]- "GET /static/js/Element/dialog.js HTTP/1.1" 404 77
[2020-01-23 14:14:50,865] [basehttp.py:154] [basehttp:log_message] [INFO]- "GET /static/js/Element/pagination.js HTTP/1.1" 200 22168
[2020-01-23 14:14:51,096] [log.py:228] [log:log_response] [WARNING]- Not Found: /static/js/Element/date-picker.js
[2020-01-23 14:14:51,097] [basehttp.py:154] [basehttp:log_message] [WARNING]- "GET /static/js/Element/date-picker.js HTTP/1.1" 404 77
[2020-01-23 14:14:51,120] [log.py:228] [log:log_response] [WARNING]- Not Found: /static/js/Element/dialog.js
[2020-01-23 14:14:51,121] [basehttp.py:154] [basehttp:log_message] [WARNING]- "GET /static/js/Element/dialog.js HTTP/1.1" 404 77
[2020-01-23 14:14:51,716] [basehttp.py:154] [basehttp:log_message] [INFO]- "GET /TestPlanSW/TestPlanSW-edit/?action=first HTTP/1.1" 200 120
[2020-01-23 14:14:52,085] [basehttp.py:154] [basehttp:log_message] [INFO]- "GET /favicon.ico HTTP/1.1" 200 15333
[2020-01-23 14:14:57,232] [log.py:228] [log:log_response] [WARNING]- Not Found: /static/jquery-3.2.1.js
[2020-01-23 14:14:57,233] [basehttp.py:154] [basehttp:log_message] [WARNING]- "GET /static/jquery-3.2.1.js HTTP/1.1" 404 77
[2020-01-23 14:14:57,434] [basehttp.py:154] [basehttp:log_message] [INFO]- "GET /favicon.ico HTTP/1.1" 200 15333
[2020-01-23 14:14:59,745] [basehttp.py:154] [basehttp:log_message] [INFO]- "GET /MQM/MQM_upload/ HTTP/1.1" 200 30375
[2020-01-23 14:14:59,791] [basehttp.py:154] [basehttp:log_message] [INFO]- "GET /static/css/b_upload.css HTTP/1.1" 200 3339
[2020-01-23 14:14:59,795] [log.py:228] [log:log_response] [WARNING]- Not Found: /static/jquery-3.2.1.js
[2020-01-23 14:14:59,795] [basehttp.py:154] [basehttp:log_message] [WARNING]- "GET /static/jquery-3.2.1.js HTTP/1.1" 404 77
[2020-01-23 14:14:59,991] [basehttp.py:154] [basehttp:log_message] [INFO]- "GET /favicon.ico HTTP/1.1" 200 15333
[2020-01-23 14:15:01,874] [basehttp.py:154] [basehttp:log_message] [INFO]- "GET /favicon.ico HTTP/1.1" 200 15333
[2020-01-23 14:15:04,404] [basehttp.py:154] [basehttp:log_message] [INFO]- "GET /TestPlanSW/TestPlanSW-edit/ HTTP/1.1" 200 77382
[2020-01-23 14:15:04,448] [log.py:228] [log:log_response] [WARNING]- Not Found: /static/jquery-3.2.1.js
[2020-01-23 14:15:04,449] [basehttp.py:154] [basehttp:log_message] [WARNING]- "GET /static/jquery-3.2.1.js HTTP/1.1" 404 77
[2020-01-23 14:15:04,495] [log.py:228] [log:log_response] [WARNING]- Not Found: /static/js/Element/date-picker.js
[2020-01-23 14:15:04,496] [basehttp.py:154] [basehttp:log_message] [WARNING]- "GET /static/js/Element/date-picker.js HTTP/1.1" 404 77
[2020-01-23 14:15:04,499] [log.py:228] [log:log_response] [WARNING]- Not Found: /static/js/Element/dialog.js
[2020-01-23 14:15:04,499] [basehttp.py:154] [basehttp:log_message] [WARNING]- "GET /static/js/Element/dialog.js HTTP/1.1" 404 77
[2020-01-23 14:15:04,683] [log.py:228] [log:log_response] [WARNING]- Not Found: /static/js/Element/date-picker.js
[2020-01-23 14:15:04,683] [basehttp.py:154] [basehttp:log_message] [WARNING]- "GET /static/js/Element/date-picker.js HTTP/1.1" 404 77
[2020-01-23 14:15:04,708] [log.py:228] [log:log_response] [WARNING]- Not Found: /static/js/Element/dialog.js
[2020-01-23 14:15:04,708] [basehttp.py:154] [basehttp:log_message] [WARNING]- "GET /static/js/Element/dialog.js HTTP/1.1" 404 77
[2020-01-23 14:15:05,326] [basehttp.py:154] [basehttp:log_message] [INFO]- "GET /TestPlanSW/TestPlanSW-edit/?action=first HTTP/1.1" 200 120
[2020-01-23 14:15:05,736] [basehttp.py:154] [basehttp:log_message] [INFO]- "GET /favicon.ico HTTP/1.1" 200 15333
[2020-01-23 14:24:23,069] [basehttp.py:154] [basehttp:log_message] [INFO]- "GET /TestPlanSW/TestPlanSW-edit/ HTTP/1.1" 200 77382
[2020-01-23 14:24:23,159] [log.py:228] [log:log_response] [WARNING]- Not Found: /static/jquery-3.2.1.js
[2020-01-23 14:24:23,161] [basehttp.py:154] [basehttp:log_message] [WARNING]- "GET /static/jquery-3.2.1.js HTTP/1.1" 404 77
[2020-01-23 14:24:23,163] [log.py:228] [log:log_response] [WARNING]- Not Found: /static/js/Element/date-picker.js
[2020-01-23 14:24:23,164] [basehttp.py:154] [basehttp:log_message] [WARNING]- "GET /static/js/Element/date-picker.js HTTP/1.1" 404 77
[2020-01-23 14:24:23,167] [log.py:228] [log:log_response] [WARNING]- Not Found: /static/js/Element/dialog.js
[2020-01-23 14:24:23,167] [basehttp.py:154] [basehttp:log_message] [WARNING]- "GET /static/js/Element/dialog.js HTTP/1.1" 404 77
[2020-01-23 14:24:23,709] [log.py:228] [log:log_response] [WARNING]- Not Found: /static/js/Element/date-picker.js
[2020-01-23 14:24:23,710] [basehttp.py:154] [basehttp:log_message] [WARNING]- "GET /static/js/Element/date-picker.js HTTP/1.1" 404 77
[2020-01-23 14:24:23,783] [log.py:228] [log:log_response] [WARNING]- Not Found: /static/js/Element/dialog.js
[2020-01-23 14:24:23,783] [basehttp.py:154] [basehttp:log_message] [WARNING]- "GET /static/js/Element/dialog.js HTTP/1.1" 404 77
[2020-01-23 14:24:24,679] [basehttp.py:154] [basehttp:log_message] [INFO]- "GET /TestPlanSW/TestPlanSW-edit/?action=first HTTP/1.1" 200 120
[2020-01-23 14:24:25,005] [basehttp.py:154] [basehttp:log_message] [INFO]- "GET /favicon.ico HTTP/1.1" 200 15333
