[2021-08-09 16:20:30,052] [basehttp.py:154] [basehttp:log_message] [INFO]- "GET / HTTP/1.1" 302 0
[2021-08-09 16:20:30,065] [basehttp.py:154] [basehttp:log_message] [INFO]- "GET /login/ HTTP/1.1" 200 4677
[2021-08-09 16:20:30,148] [basehttp.py:154] [basehttp:log_message] [INFO]- "GET /favicon.ico HTTP/1.1" 302 0
[2021-08-09 16:20:30,169] [basehttp.py:154] [basehttp:log_message] [INFO]- "GET /login/ HTTP/1.1" 200 4677
[2021-08-09 16:20:32,080] [UserIP.py:89] [UserIP:process_response] [CRITICAL]- 系统错误
[2021-08-09 16:20:32,098] [basehttp.py:154] [basehttp:log_message] [INFO]- "POST /login/ HTTP/1.1" 302 0
[2021-08-09 16:20:32,249] [basehttp.py:154] [basehttp:log_message] [INFO]- "GET /index/ HTTP/1.1" 200 45441
[2021-08-09 16:20:32,283] [basehttp.py:154] [basehttp:log_message] [INFO]- "GET /static/css/style.css HTTP/1.1" 304 0
[2021-08-09 16:20:32,284] [basehttp.py:154] [basehttp:log_message] [INFO]- "GET /static/css/home_style.css HTTP/1.1" 304 0
[2021-08-09 16:20:32,284] [basehttp.py:154] [basehttp:log_message] [INFO]- "GET /static/css/home_menu.css HTTP/1.1" 304 0
[2021-08-09 16:20:32,400] [basehttp.py:154] [basehttp:log_message] [INFO]- "GET /index/ HTTP/1.1" 200 45441
[2021-08-09 16:20:32,606] [basehttp.py:154] [basehttp:log_message] [INFO]- "GET /favicon.ico HTTP/1.1" 200 20710
[2021-08-09 16:20:47,817] [basehttp.py:154] [basehttp:log_message] [INFO]- "GET /Bouncing/Bouncing-search/ HTTP/1.1" 200 44671
[2021-08-09 16:20:47,840] [basehttp.py:154] [basehttp:log_message] [INFO]- "GET /static/css/bouncing_edit.css HTTP/1.1" 200 6053
[2021-08-09 16:20:47,841] [basehttp.py:154] [basehttp:log_message] [INFO]- "GET /static/css/lib/data-table/dataTables.bootstrap.min.css HTTP/1.1" 200 13587
[2021-08-09 16:20:47,867] [basehttp.py:154] [basehttp:log_message] [INFO]- "GET /static/js/lib/data-table/dataTables.buttons.min.js HTTP/1.1" 200 16036
[2021-08-09 16:20:47,872] [basehttp.py:154] [basehttp:log_message] [INFO]- "GET /static/js/lib/data-table/buttons.flash.min.js HTTP/1.1" 200 25187
[2021-08-09 16:20:47,873] [basehttp.py:154] [basehttp:log_message] [INFO]- "GET /static/js/lib/data-table/buttons.html5.min.js HTTP/1.1" 200 23130
[2021-08-09 16:20:47,873] [basehttp.py:154] [basehttp:log_message] [INFO]- "GET /static/js/lib/data-table/jszip.min.js HTTP/1.1" 200 76985
[2021-08-09 16:20:47,877] [basehttp.py:154] [basehttp:log_message] [INFO]- "GET /static/js/lib/data-table/buttons.print.min.js HTTP/1.1" 200 1832
[2021-08-09 16:20:47,879] [basehttp.py:154] [basehttp:log_message] [INFO]- "GET /static/Magnific-Popup-master/dist/jquery.magnific-popup.min.js HTTP/1.1" 200 20216
[2021-08-09 16:20:47,883] [basehttp.py:154] [basehttp:log_message] [INFO]- "GET /static/js/lib/data-table/pdfmake.min.js HTTP/1.1" 200 419939
[2021-08-09 16:20:47,885] [basehttp.py:154] [basehttp:log_message] [INFO]- "GET /static/js/lib/data-table/vfs_fonts.js HTTP/1.1" 200 567638
[2021-08-09 16:20:48,232] [basehttp.py:154] [basehttp:log_message] [INFO]- "GET /favicon.ico HTTP/1.1" 200 20710
[2021-08-09 16:20:48,485] [UserIP.py:87] [UserIP:process_response] [INFO]- 2021-08-09 16:20:48 C1010S3>Edwin None>LAPTOP-VA9VPAO8>417 127.0.0.1 127.0.0.1 /Bouncing/Bouncing-search/ POST
[2021-08-09 16:20:48,495] [basehttp.py:154] [basehttp:log_message] [INFO]- "POST /Bouncing/Bouncing-search/ HTTP/1.1" 200 34446
[2021-08-09 16:20:48,508] [basehttp.py:154] [basehttp:log_message] [INFO]- "GET /static/css/lib/images/sort_both.png HTTP/1.1" 200 2851
[2021-08-09 16:20:48,517] [basehttp.py:154] [basehttp:log_message] [INFO]- "GET /static/css/lib/images/sort_asc.png HTTP/1.1" 200 2028
[2021-08-09 16:24:35,717] [basehttp.py:154] [basehttp:log_message] [INFO]- "GET /admin/ HTTP/1.1" 302 0
[2021-08-09 16:24:35,800] [basehttp.py:154] [basehttp:log_message] [INFO]- "GET /admin/login/?next=/admin/ HTTP/1.1" 200 1821
[2021-08-09 16:24:35,851] [basehttp.py:154] [basehttp:log_message] [INFO]- "GET /favicon.ico HTTP/1.1" 200 20710
[2021-08-09 16:24:39,162] [UserIP.py:89] [UserIP:process_response] [CRITICAL]- 系统错误
[2021-08-09 16:24:39,170] [basehttp.py:154] [basehttp:log_message] [INFO]- "POST /admin/login/?next=/admin/ HTTP/1.1" 302 0
[2021-08-09 16:24:39,262] [basehttp.py:154] [basehttp:log_message] [INFO]- "GET /admin/ HTTP/1.1" 200 36836
[2021-08-09 16:24:39,321] [basehttp.py:154] [basehttp:log_message] [INFO]- "GET /favicon.ico HTTP/1.1" 200 20710
[2021-08-09 16:25:08,853] [basehttp.py:154] [basehttp:log_message] [INFO]- "GET /admin/app01/userinfo/ HTTP/1.1" 200 55932
[2021-08-09 16:25:08,879] [basehttp.py:154] [basehttp:log_message] [INFO]- "GET /admin/jsi18n/ HTTP/1.1" 200 7684
[2021-08-09 16:25:08,940] [basehttp.py:154] [basehttp:log_message] [INFO]- "GET /favicon.ico HTTP/1.1" 200 20710
[2021-08-09 16:25:52,307] [basehttp.py:154] [basehttp:log_message] [INFO]- "GET /admin/app01/userinfo/14/change/ HTTP/1.1" 200 7019
[2021-08-09 16:25:52,332] [basehttp.py:154] [basehttp:log_message] [INFO]- "GET /admin/jsi18n/ HTTP/1.1" 200 7684
[2021-08-09 16:25:52,366] [basehttp.py:154] [basehttp:log_message] [INFO]- "GET /favicon.ico HTTP/1.1" 200 20710
[2021-08-09 16:26:06,032] [UserIP.py:89] [UserIP:process_response] [CRITICAL]- 系统错误
[2021-08-09 16:26:06,041] [basehttp.py:154] [basehttp:log_message] [INFO]- "POST /admin/app01/userinfo/14/change/ HTTP/1.1" 302 0
[2021-08-09 16:26:06,158] [basehttp.py:154] [basehttp:log_message] [INFO]- "GET /admin/app01/userinfo/ HTTP/1.1" 200 56099
[2021-08-09 16:26:06,183] [basehttp.py:154] [basehttp:log_message] [INFO]- "GET /admin/jsi18n/ HTTP/1.1" 200 7684
[2021-08-09 16:26:06,194] [basehttp.py:154] [basehttp:log_message] [INFO]- "GET /static/admin/img/icon-yes.svg HTTP/1.1" 200 436
[2021-08-09 16:26:06,255] [basehttp.py:154] [basehttp:log_message] [INFO]- "GET /favicon.ico HTTP/1.1" 200 20710
[2021-08-09 16:26:13,361] [basehttp.py:154] [basehttp:log_message] [INFO]- "GET /logout/ HTTP/1.1" 302 0
[2021-08-09 16:26:13,363] [basehttp.py:154] [basehttp:log_message] [INFO]- "GET /login/ HTTP/1.1" 200 4677
[2021-08-09 16:26:13,400] [basehttp.py:154] [basehttp:log_message] [INFO]- "GET /favicon.ico HTTP/1.1" 302 0
[2021-08-09 16:26:13,402] [basehttp.py:154] [basehttp:log_message] [INFO]- "GET /login/ HTTP/1.1" 200 4677
[2021-08-09 16:26:22,129] [UserIP.py:89] [UserIP:process_response] [CRITICAL]- 系统错误
[2021-08-09 16:26:22,150] [basehttp.py:154] [basehttp:log_message] [INFO]- "POST /login/ HTTP/1.1" 302 0
[2021-08-09 16:26:22,198] [basehttp.py:154] [basehttp:log_message] [INFO]- "GET /index/ HTTP/1.1" 200 45439
[2021-08-09 16:26:22,275] [basehttp.py:154] [basehttp:log_message] [INFO]- "GET /index/ HTTP/1.1" 200 45439
[2021-08-09 16:26:22,490] [basehttp.py:154] [basehttp:log_message] [INFO]- "GET /favicon.ico HTTP/1.1" 200 20706
[2021-08-09 16:26:31,668] [basehttp.py:154] [basehttp:log_message] [INFO]- "GET /CQM/CQM_search/ HTTP/1.1" 200 49232
[2021-08-09 16:26:32,101] [UserIP.py:87] [UserIP:process_response] [INFO]- 2021-08-09 16:26:32 DQAME>DQA None>LAPTOP-VA9VPAO8>417 127.0.0.1 127.0.0.1 /CQM/CQM_search/ POST
[2021-08-09 16:26:32,103] [basehttp.py:154] [basehttp:log_message] [INFO]- "GET /favicon.ico HTTP/1.1" 200 20706
[2021-08-09 16:26:32,114] [basehttp.py:154] [basehttp:log_message] [INFO]- "POST /CQM/CQM_search/ HTTP/1.1" 200 34834
[2021-08-09 16:26:38,415] [basehttp.py:154] [basehttp:log_message] [INFO]- "GET /logout/ HTTP/1.1" 302 0
[2021-08-09 16:26:38,418] [basehttp.py:154] [basehttp:log_message] [INFO]- "GET /login/ HTTP/1.1" 200 4677
[2021-08-09 16:26:38,467] [basehttp.py:154] [basehttp:log_message] [INFO]- "GET /favicon.ico HTTP/1.1" 302 0
[2021-08-09 16:26:38,470] [basehttp.py:154] [basehttp:log_message] [INFO]- "GET /login/ HTTP/1.1" 200 4677
[2021-08-09 16:26:41,585] [UserIP.py:89] [UserIP:process_response] [CRITICAL]- 系统错误
[2021-08-09 16:26:41,596] [basehttp.py:154] [basehttp:log_message] [INFO]- "POST /login/ HTTP/1.1" 302 0
[2021-08-09 16:26:41,649] [basehttp.py:154] [basehttp:log_message] [INFO]- "GET /index/ HTTP/1.1" 200 45441
[2021-08-09 16:26:41,772] [basehttp.py:154] [basehttp:log_message] [INFO]- "GET /index/ HTTP/1.1" 200 45441
[2021-08-09 16:26:41,958] [basehttp.py:154] [basehttp:log_message] [INFO]- "GET /favicon.ico HTTP/1.1" 200 20710
[2021-08-09 16:26:42,466] [basehttp.py:154] [basehttp:log_message] [INFO]- "GET /CQM/CQM_search/ HTTP/1.1" 200 49236
[2021-08-09 16:26:42,894] [UserIP.py:87] [UserIP:process_response] [INFO]- 2021-08-09 16:26:42 C1010S3>Edwin None>LAPTOP-VA9VPAO8>417 127.0.0.1 127.0.0.1 /CQM/CQM_search/ POST
[2021-08-09 16:26:42,903] [basehttp.py:154] [basehttp:log_message] [INFO]- "POST /CQM/CQM_search/ HTTP/1.1" 200 34834
[2021-08-09 16:26:42,918] [basehttp.py:154] [basehttp:log_message] [INFO]- "GET /favicon.ico HTTP/1.1" 200 20710
[2021-08-09 16:36:27,799] [basehttp.py:154] [basehttp:log_message] [INFO]- "GET /admin/app01/ HTTP/1.1" 302 0
[2021-08-09 16:36:27,876] [basehttp.py:154] [basehttp:log_message] [INFO]- "GET /admin/login/?next=/admin/app01/ HTTP/1.1" 200 1833
[2021-08-09 16:36:27,909] [basehttp.py:154] [basehttp:log_message] [INFO]- "GET /favicon.ico HTTP/1.1" 200 20710
[2021-08-09 16:36:32,590] [UserIP.py:89] [UserIP:process_response] [CRITICAL]- 系统错误
[2021-08-09 16:36:32,604] [basehttp.py:154] [basehttp:log_message] [INFO]- "POST /admin/login/?next=/admin/app01/ HTTP/1.1" 302 0
[2021-08-09 16:36:32,659] [basehttp.py:154] [basehttp:log_message] [INFO]- "GET /admin/app01/ HTTP/1.1" 200 5526
[2021-08-09 16:36:32,702] [basehttp.py:154] [basehttp:log_message] [INFO]- "GET /favicon.ico HTTP/1.1" 200 20710
[2021-08-09 16:36:36,446] [basehttp.py:154] [basehttp:log_message] [INFO]- "GET /admin/app01/role/ HTTP/1.1" 200 7555
[2021-08-09 16:36:36,471] [basehttp.py:154] [basehttp:log_message] [INFO]- "GET /admin/jsi18n/ HTTP/1.1" 200 7684
[2021-08-09 16:36:36,511] [basehttp.py:154] [basehttp:log_message] [INFO]- "GET /favicon.ico HTTP/1.1" 200 20710
[2021-08-09 16:43:26,613] [basehttp.py:154] [basehttp:log_message] [INFO]- "GET /Issue_Notes/Issue_Notes-search/ HTTP/1.1" 200 37269
[2021-08-09 16:43:26,994] [UserIP.py:87] [UserIP:process_response] [INFO]- 2021-08-09 16:43:26 C1010S3>Edwin None>LAPTOP-VA9VPAO8>417 127.0.0.1 127.0.0.1 /Issue_Notes/Issue_Notes-search/ POST
[2021-08-09 16:43:27,006] [basehttp.py:154] [basehttp:log_message] [INFO]- "POST /Issue_Notes/Issue_Notes-search/ HTTP/1.1" 200 101
[2021-08-09 16:43:27,022] [basehttp.py:154] [basehttp:log_message] [INFO]- "GET /favicon.ico HTTP/1.1" 200 20710
[2021-08-09 16:44:30,384] [basehttp.py:154] [basehttp:log_message] [INFO]- "GET /KnowIssue/KnowIssue-search/ HTTP/1.1" 200 37773
[2021-08-09 16:44:30,797] [UserIP.py:87] [UserIP:process_response] [INFO]- 2021-08-09 16:44:30 C1010S3>Edwin None>LAPTOP-VA9VPAO8>417 127.0.0.1 127.0.0.1 /KnowIssue/KnowIssue-search/ POST
[2021-08-09 16:44:30,805] [basehttp.py:154] [basehttp:log_message] [INFO]- "POST /KnowIssue/KnowIssue-search/ HTTP/1.1" 200 79
[2021-08-09 16:44:30,834] [basehttp.py:154] [basehttp:log_message] [INFO]- "GET /favicon.ico HTTP/1.1" 200 20710
[2021-08-09 16:46:35,041] [UserIP.py:89] [UserIP:process_response] [CRITICAL]- 系统错误
[2021-08-09 16:46:35,051] [basehttp.py:154] [basehttp:log_message] [INFO]- "POST /index/ HTTP/1.1" 200 45441
[2021-08-09 16:46:35,073] [basehttp.py:154] [basehttp:log_message] [INFO]- "GET /Lesson_search/ HTTP/1.1" 200 31265
[2021-08-09 16:46:35,454] [UserIP.py:87] [UserIP:process_response] [INFO]- 2021-08-09 16:46:35 C1010S3>Edwin None>LAPTOP-VA9VPAO8>417 127.0.0.1 127.0.0.1 /Lesson_search/ POST
[2021-08-09 16:46:35,456] [basehttp.py:154] [basehttp:log_message] [INFO]- "GET /favicon.ico HTTP/1.1" 200 20710
[2021-08-09 16:46:35,465] [basehttp.py:154] [basehttp:log_message] [INFO]- "POST /Lesson_search/ HTTP/1.1" 200 18973
[2021-08-09 16:46:35,547] [basehttp.py:154] [basehttp:log_message] [INFO]- "GET /media/img/test/Screenshot_13_HAwg6ZK.png HTTP/1.1" 200 501639
[2021-08-09 16:46:35,558] [basehttp.py:154] [basehttp:log_message] [INFO]- "GET /media/img/test/Screenshot_20_CFkLAIR.png HTTP/1.1" 200 773534
[2021-08-09 16:46:35,561] [basehttp.py:154] [basehttp:log_message] [INFO]- "GET /media/img/test/Screenshot_15_EsePXcJ.png HTTP/1.1" 200 715749
[2021-08-09 16:46:35,570] [basehttp.py:154] [basehttp:log_message] [INFO]- "GET /media/img/test/Screenshot_1_Ebz3mKB.png HTTP/1.1" 200 839347
[2021-08-09 16:46:35,575] [basehttp.py:154] [basehttp:log_message] [INFO]- "GET /media/img/test/Screenshot_1_O9yHyaf.png HTTP/1.1" 200 839347
[2021-08-09 16:46:35,580] [basehttp.py:154] [basehttp:log_message] [INFO]- "GET /media/img/test/Screenshot_1_lqTMx9Z.png HTTP/1.1" 200 839347
[2021-08-09 16:46:35,591] [basehttp.py:154] [basehttp:log_message] [INFO]- "GET /media/img/test/Screenshot_3.png HTTP/1.1" 200 778338
[2021-08-09 16:46:35,607] [log.py:228] [log:log_response] [WARNING]- Not Found: /media/img/test/Error.png
[2021-08-09 16:46:35,611] [basehttp.py:154] [basehttp:log_message] [WARNING]- "GET /media/img/test/Error.png HTTP/1.1" 404 1779
[2021-08-09 16:46:35,629] [log.py:228] [log:log_response] [WARNING]- Not Found: /media/img/test/fail.png
[2021-08-09 16:46:35,630] [basehttp.py:154] [basehttp:log_message] [WARNING]- "GET /media/img/test/fail.png HTTP/1.1" 404 1776
[2021-08-09 16:46:35,639] [basehttp.py:154] [basehttp:log_message] [INFO]- "GET /media/videos/sdf_0AbqI8F.mp4 HTTP/1.1" 200 1590395
[2021-08-09 16:46:35,640] [basehttp.py:154] [basehttp:log_message] [INFO]- "GET /media/videos/sdf_xZCfuR9.mp4 HTTP/1.1" 200 1590395
[2021-08-09 16:46:35,643] [log.py:228] [log:log_response] [WARNING]- Not Found: /media/videos/C38_AIO_520_Series_Projects_ODD_can_not_auto_play_issue_20180601.7z
[2021-08-09 16:46:35,645] [basehttp.py:154] [basehttp:log_message] [WARNING]- "GET /media/videos/C38_AIO_520_Series_Projects_ODD_can_not_auto_play_issue_20180601.7z HTTP/1.1" 404 1947
[2021-08-09 16:46:35,665] [basehttp.py:154] [basehttp:log_message] [INFO]- "GET /media/videos/sdf_DGNWO3F.mp4 HTTP/1.1" 200 1590395
[2021-08-09 16:46:35,682] [basehttp.py:154] [basehttp:log_message] [INFO]- "GET /media/videos/sdf_qEvmZMO.mp4 HTTP/1.1" 200 1590395
[2021-08-09 16:50:19,725] [basehttp.py:154] [basehttp:log_message] [INFO]- "GET /SpecDownload/SpecDownload-summary/ HTTP/1.1" 200 46031
[2021-08-09 16:50:19,750] [basehttp.py:154] [basehttp:log_message] [INFO]- "GET /static/js/Element/dialog.js HTTP/1.1" 200 11942
[2021-08-09 16:50:19,750] [basehttp.py:154] [basehttp:log_message] [INFO]- "GET /static/js/Element/form.js HTTP/1.1" 200 10145
[2021-08-09 16:50:19,750] [basehttp.py:154] [basehttp:log_message] [INFO]- "GET /static/js/Element/pagination.js HTTP/1.1" 200 22168
[2021-08-09 16:50:20,157] [UserIP.py:87] [UserIP:process_response] [INFO]- 2021-08-09 16:50:20 C1010S3>Edwin None>LAPTOP-VA9VPAO8>417 127.0.0.1 127.0.0.1 /SpecDownload/SpecDownload-summary/ POST
[2021-08-09 16:50:20,165] [basehttp.py:154] [basehttp:log_message] [INFO]- "POST /SpecDownload/SpecDownload-summary/ HTTP/1.1" 200 161
[2021-08-09 16:50:20,182] [basehttp.py:154] [basehttp:log_message] [INFO]- "GET /favicon.ico HTTP/1.1" 200 20710
