[2021-04-15 08:21:38,198] [basehttp.py:154] [basehttp:log_message] [INFO]- "GET /index/ HTTP/1.1" 200 45501
[2021-04-15 08:21:38,221] [basehttp.py:154] [basehttp:log_message] [INFO]- "GET /static/jquery-3.2.1.js HTTP/1.1" 200 268039
[2021-04-15 08:21:38,224] [basehttp.py:154] [basehttp:log_message] [INFO]- "GET /static/css/style.css HTTP/1.1" 304 0
[2021-04-15 08:21:38,225] [basehttp.py:154] [basehttp:log_message] [INFO]- "GET /static/css/home_style.css HTTP/1.1" 304 0
[2021-04-15 08:21:38,297] [basehttp.py:154] [basehttp:log_message] [INFO]- "GET /index/ HTTP/1.1" 200 45501
[2021-04-15 08:21:38,344] [basehttp.py:154] [basehttp:log_message] [WARNING]- "GET /static/css/bootstrap.min.css.map HTTP/1.1" 404 1800
[2021-04-15 08:21:38,390] [basehttp.py:154] [basehttp:log_message] [WARNING]- "GET /static/js/lib/bootstrap.min.js.map HTTP/1.1" 404 1806
[2021-04-15 08:21:38,614] [basehttp.py:154] [basehttp:log_message] [WARNING]- "GET /static/js/axios.min.map HTTP/1.1" 404 1773
[2021-04-15 08:21:38,614] [basehttp.py:154] [basehttp:log_message] [WARNING]- "GET /static/js/lib/bootstrap.min.js.map HTTP/1.1" 404 1806
[2021-04-15 08:21:38,723] [basehttp.py:154] [basehttp:log_message] [INFO]- "GET /favicon.ico HTTP/1.1" 200 20765
[2021-04-15 08:25:04,467] [basehttp.py:154] [basehttp:log_message] [INFO]- "GET /Lesson_edit/ HTTP/1.1" 200 38354
[2021-04-15 08:25:04,496] [basehttp.py:154] [basehttp:log_message] [INFO]- "GET /static/css/bouncing.css HTTP/1.1" 200 2137
[2021-04-15 08:25:04,498] [basehttp.py:154] [basehttp:log_message] [INFO]- "GET /static/css/ElementUI.css HTTP/1.1" 200 232696
[2021-04-15 08:25:04,498] [basehttp.py:154] [basehttp:log_message] [INFO]- "GET /static/css/style.css HTTP/1.1" 304 0
[2021-04-15 08:25:04,504] [basehttp.py:154] [basehttp:log_message] [INFO]- "GET /static/js/xlsx/FileSaver.min.js HTTP/1.1" 200 2611
[2021-04-15 08:25:04,559] [basehttp.py:154] [basehttp:log_message] [INFO]- "GET /static/src/blue.jpg HTTP/1.1" 200 60343
[2021-04-15 08:25:04,616] [basehttp.py:154] [basehttp:log_message] [WARNING]- "GET /static/css/bootstrap.min.css.map HTTP/1.1" 404 1800
[2021-04-15 08:25:04,652] [basehttp.py:154] [basehttp:log_message] [WARNING]- "GET /static/js/lib/bootstrap.min.js.map HTTP/1.1" 404 1806
[2021-04-15 08:25:04,859] [basehttp.py:154] [basehttp:log_message] [WARNING]- "GET /static/js/xlsx/FileSaver.min.js.map HTTP/1.1" 404 1809
[2021-04-15 08:25:04,859] [basehttp.py:154] [basehttp:log_message] [WARNING]- "GET /static/js/axios.min.map HTTP/1.1" 404 1773
[2021-04-15 08:25:05,020] [basehttp.py:154] [basehttp:log_message] [INFO]- "GET /static/css/fonts/element-icons.ttf HTTP/1.1" 200 55956
[2021-04-15 08:25:05,023] [basehttp.py:154] [basehttp:log_message] [INFO]- "POST /Lesson_edit/ HTTP/1.1" 200 90
[2021-04-15 08:25:05,069] [basehttp.py:154] [basehttp:log_message] [INFO]- "GET /favicon.ico HTTP/1.1" 200 20710
[2021-04-15 08:25:23,709] [basehttp.py:154] [basehttp:log_message] [INFO]- "GET /index/ HTTP/1.1" 200 45446
[2021-04-15 08:25:23,731] [basehttp.py:154] [basehttp:log_message] [INFO]- "GET /static/css/home_style.css HTTP/1.1" 304 0
[2021-04-15 08:25:23,810] [basehttp.py:154] [basehttp:log_message] [INFO]- "GET /index/ HTTP/1.1" 200 45446
[2021-04-15 08:25:23,845] [basehttp.py:154] [basehttp:log_message] [WARNING]- "GET /static/css/bootstrap.min.css.map HTTP/1.1" 404 1800
[2021-04-15 08:25:23,862] [basehttp.py:154] [basehttp:log_message] [WARNING]- "GET /static/js/lib/bootstrap.min.js.map HTTP/1.1" 404 1806
[2021-04-15 08:25:23,978] [basehttp.py:154] [basehttp:log_message] [WARNING]- "GET /static/js/lib/bootstrap.min.js.map HTTP/1.1" 404 1806
[2021-04-15 08:25:23,979] [basehttp.py:154] [basehttp:log_message] [WARNING]- "GET /static/js/axios.min.map HTTP/1.1" 404 1773
[2021-04-15 08:25:24,069] [basehttp.py:154] [basehttp:log_message] [INFO]- "GET /favicon.ico HTTP/1.1" 200 20710
[2021-04-15 08:34:21,431] [basehttp.py:154] [basehttp:log_message] [INFO]- "GET /index/ HTTP/1.1" 200 44880
[2021-04-15 08:34:21,456] [basehttp.py:154] [basehttp:log_message] [INFO]- "GET /static/css/style.css HTTP/1.1" 304 0
[2021-04-15 08:34:21,457] [basehttp.py:154] [basehttp:log_message] [INFO]- "GET /static/css/home_style.css HTTP/1.1" 304 0
[2021-04-15 08:34:21,524] [basehttp.py:154] [basehttp:log_message] [INFO]- "GET /index/ HTTP/1.1" 200 44880
[2021-04-15 08:34:21,564] [basehttp.py:154] [basehttp:log_message] [WARNING]- "GET /static/css/bootstrap.min.css.map HTTP/1.1" 404 1800
[2021-04-15 08:34:21,613] [basehttp.py:154] [basehttp:log_message] [WARNING]- "GET /static/js/lib/bootstrap.min.js.map HTTP/1.1" 404 1806
[2021-04-15 08:34:21,812] [basehttp.py:154] [basehttp:log_message] [WARNING]- "GET /static/js/axios.min.map HTTP/1.1" 404 1773
[2021-04-15 08:34:21,812] [basehttp.py:154] [basehttp:log_message] [WARNING]- "GET /static/js/xlsx/FileSaver.min.js.map HTTP/1.1" 404 1809
[2021-04-15 08:34:21,901] [basehttp.py:154] [basehttp:log_message] [INFO]- "GET /favicon.ico HTTP/1.1" 200 20710
[2021-04-15 08:34:39,560] [basehttp.py:154] [basehttp:log_message] [INFO]- "GET /index/ HTTP/1.1" 302 0
[2021-04-15 08:34:39,565] [basehttp.py:154] [basehttp:log_message] [INFO]- "GET /login/ HTTP/1.1" 200 4677
[2021-04-15 08:34:39,588] [basehttp.py:154] [basehttp:log_message] [INFO]- "GET /static/css/test1.css HTTP/1.1" 200 29531
[2021-04-15 08:34:39,589] [basehttp.py:154] [basehttp:log_message] [INFO]- "GET /static/vendor/fontawesome-free/css/all.min.css HTTP/1.1" 200 54641
[2021-04-15 08:34:39,589] [basehttp.py:154] [basehttp:log_message] [INFO]- "GET /static/vendor/jquery/jquery.min.js HTTP/1.1" 200 86927
[2021-04-15 08:34:39,590] [basehttp.py:154] [basehttp:log_message] [INFO]- "GET /static/vendor/bootstrap/js/bootstrap.bundle.min.js HTTP/1.1" 200 76308
[2021-04-15 08:34:39,591] [basehttp.py:154] [basehttp:log_message] [INFO]- "GET /static/css/bootstrap.min.css HTTP/1.1" 200 144877
[2021-04-15 08:34:39,591] [basehttp.py:154] [basehttp:log_message] [INFO]- "GET /static/vendor/jquery-easing/jquery.easing.min.js HTTP/1.1" 200 2532
[2021-04-15 08:34:39,592] [basehttp.py:154] [basehttp:log_message] [INFO]- "GET /static/css/sb-admin.css HTTP/1.1" 200 214832
[2021-04-15 08:34:39,612] [basehttp.py:154] [basehttp:log_message] [INFO]- "GET /static/src/ocean.jpg HTTP/1.1" 200 128450
[2021-04-15 08:34:39,639] [basehttp.py:154] [basehttp:log_message] [WARNING]- "GET /static/css/bootstrap.min.css.map HTTP/1.1" 404 1800
[2021-04-15 08:34:39,655] [basehttp.py:154] [basehttp:log_message] [INFO]- "GET /static/vendor/bootstrap/js/bootstrap.bundle.min.js.map HTTP/1.1" 200 303386
[2021-04-15 08:34:39,673] [basehttp.py:154] [basehttp:log_message] [INFO]- "GET /favicon.ico HTTP/1.1" 302 0
[2021-04-15 08:34:39,676] [basehttp.py:154] [basehttp:log_message] [INFO]- "GET /login/ HTTP/1.1" 200 4677
[2021-04-15 08:34:42,140] [basehttp.py:154] [basehttp:log_message] [INFO]- "POST /login/ HTTP/1.1" 302 0
[2021-04-15 08:34:42,171] [basehttp.py:154] [basehttp:log_message] [INFO]- "GET /index/ HTTP/1.1" 200 44880
[2021-04-15 08:34:42,194] [basehttp.py:154] [basehttp:log_message] [INFO]- "GET /static/css/lib/chartist/chartist.min.css HTTP/1.1" 200 11508
[2021-04-15 08:34:42,194] [basehttp.py:154] [basehttp:log_message] [INFO]- "GET /static/css/lib/calendar2/pignose.calendar.min.css HTTP/1.1" 200 14709
[2021-04-15 08:34:42,194] [basehttp.py:154] [basehttp:log_message] [INFO]- "GET /static/css/lib/themify-icons.css HTTP/1.1" 200 17551
[2021-04-15 08:34:42,195] [basehttp.py:154] [basehttp:log_message] [INFO]- "GET /static/css/lib/font-awesome.min.css HTTP/1.1" 200 38722
[2021-04-15 08:34:42,195] [basehttp.py:154] [basehttp:log_message] [INFO]- "GET /static/css/lib/owl.carousel.min.css HTTP/1.1" 200 3011
[2021-04-15 08:34:42,195] [basehttp.py:154] [basehttp:log_message] [INFO]- "GET /static/download_UPK/element-ui@2.12.0/lib/theme-chalk/index.css HTTP/1.1" 200 232694
[2021-04-15 08:34:42,199] [basehttp.py:154] [basehttp:log_message] [INFO]- "GET /static/css/lib/owl.theme.default.min.css HTTP/1.1" 200 1003
[2021-04-15 08:34:42,199] [basehttp.py:154] [basehttp:log_message] [INFO]- "GET /static/css/lib/menubar/sidebar.css HTTP/1.1" 200 17438
[2021-04-15 08:34:42,200] [basehttp.py:154] [basehttp:log_message] [INFO]- "GET /static/css/lib/weather-icons.css HTTP/1.1" 200 30752
[2021-04-15 08:34:42,200] [basehttp.py:154] [basehttp:log_message] [INFO]- "GET /static/css/lib/helper.css HTTP/1.1" 200 55773
[2021-04-15 08:34:42,203] [basehttp.py:154] [basehttp:log_message] [INFO]- "GET /static/css/uploadbutton.css HTTP/1.1" 200 175
[2021-04-15 08:34:42,203] [basehttp.py:154] [basehttp:log_message] [INFO]- "GET /static/css/style.css HTTP/1.1" 200 91469
[2021-04-15 08:34:42,211] [basehttp.py:154] [basehttp:log_message] [INFO]- "GET /static/css/home_menu.css HTTP/1.1" 200 8215
[2021-04-15 08:34:42,212] [basehttp.py:154] [basehttp:log_message] [INFO]- "GET /static/css/home_zerogrid.css HTTP/1.1" 200 4828
[2021-04-15 08:34:42,212] [basehttp.py:154] [basehttp:log_message] [INFO]- "GET /static/css/home_style.css HTTP/1.1" 200 23905
[2021-04-15 08:34:42,214] [basehttp.py:154] [basehttp:log_message] [INFO]- "GET /static/js/lib/jquery.min.js HTTP/1.1" 200 97362
[2021-04-15 08:34:42,215] [basehttp.py:154] [basehttp:log_message] [INFO]- "GET /static/js/lib/jquery.nanoscroller.min.js HTTP/1.1" 200 12394
[2021-04-15 08:34:42,218] [basehttp.py:154] [basehttp:log_message] [INFO]- "GET /static/js/lib/menubar/sidebar.js HTTP/1.1" 200 7278
[2021-04-15 08:34:42,220] [basehttp.py:154] [basehttp:log_message] [INFO]- "GET /static/js/scripts.js HTTP/1.1" 200 1906
[2021-04-15 08:34:42,221] [basehttp.py:154] [basehttp:log_message] [INFO]- "GET /static/js/lib/preloader/pace.min.js HTTP/1.1" 200 26566
[2021-04-15 08:34:42,221] [basehttp.py:154] [basehttp:log_message] [INFO]- "GET /static/js/lib/calendar-2/pignose.init.js HTTP/1.1" 200 258
[2021-04-15 08:34:42,221] [basehttp.py:154] [basehttp:log_message] [INFO]- "GET /static/js/lib/bootstrap.min.js HTTP/1.1" 200 69782
[2021-04-15 08:34:42,221] [basehttp.py:154] [basehttp:log_message] [INFO]- "GET /static/js/lib/calendar-2/pignose.calendar.min.js HTTP/1.1" 200 24265
[2021-04-15 08:34:42,222] [basehttp.py:154] [basehttp:log_message] [INFO]- "GET /static/js/lib/calendar-2/moment.latest.min.js HTTP/1.1" 200 61317
[2021-04-15 08:34:42,226] [basehttp.py:154] [basehttp:log_message] [INFO]- "GET /static/js/lib/circle-progress/circle-progress.min.js HTTP/1.1" 200 4453
[2021-04-15 08:34:42,227] [basehttp.py:154] [basehttp:log_message] [INFO]- "GET /static/js/lib/circle-progress/circle-progress-init.js HTTP/1.1" 200 1252
[2021-04-15 08:34:42,231] [basehttp.py:154] [basehttp:log_message] [INFO]- "GET /static/js/lib/sparklinechart/sparkline.init.js HTTP/1.1" 200 9974
[2021-04-15 08:34:42,232] [basehttp.py:154] [basehttp:log_message] [INFO]- "GET /static/js/lib/owl-carousel/owl.carousel-init.js HTTP/1.1" 200 1044
[2021-04-15 08:34:42,232] [basehttp.py:154] [basehttp:log_message] [INFO]- "GET /static/js/lib/sparklinechart/jquery.sparkline.min.js HTTP/1.1" 200 43247
[2021-04-15 08:34:42,232] [basehttp.py:154] [basehttp:log_message] [INFO]- "GET /static/js/date.js HTTP/1.1" 200 764
[2021-04-15 08:34:42,233] [basehttp.py:154] [basehttp:log_message] [INFO]- "GET /static/js/lib/owl-carousel/owl.carousel.min.js HTTP/1.1" 200 42854
[2021-04-15 08:34:42,235] [basehttp.py:154] [basehttp:log_message] [INFO]- "GET /static/js/datapicker.js HTTP/1.1" 200 11813
[2021-04-15 08:34:42,237] [basehttp.py:154] [basehttp:log_message] [INFO]- "GET /static/js/es6/polyfill.min.js HTTP/1.1" 200 97799
[2021-04-15 08:34:42,237] [basehttp.py:154] [basehttp:log_message] [INFO]- "GET /static/vendor/datatables/jquery.dataTables.js HTTP/1.1" 200 447606
[2021-04-15 08:34:42,239] [basehttp.py:154] [basehttp:log_message] [INFO]- "GET /static/js/axios.min.js HTTP/1.1" 200 13696
[2021-04-15 08:34:42,240] [basehttp.py:154] [basehttp:log_message] [INFO]- "GET /static/js/xlsx/xlsx.core.min.js HTTP/1.1" 200 480558
[2021-04-15 08:34:42,244] [basehttp.py:154] [basehttp:log_message] [INFO]- "GET /static/js/es6/babel.min.js HTTP/1.1" 200 791258
[2021-04-15 08:34:42,245] [basehttp.py:154] [basehttp:log_message] [INFO]- "GET /static/js/vue.min.js HTTP/1.1" 200 93675
[2021-04-15 08:34:42,247] [basehttp.py:154] [basehttp:log_message] [INFO]- "GET /static/js/qs.js HTTP/1.1" 200 25398
[2021-04-15 08:34:42,248] [basehttp.py:154] [basehttp:log_message] [INFO]- "GET /static/js/xlsx/FileSaver.min.js HTTP/1.1" 200 2611
[2021-04-15 08:34:42,249] [basehttp.py:154] [basehttp:log_message] [INFO]- "GET /static/js/Element/table.js HTTP/1.1" 200 28389
[2021-04-15 08:34:42,251] [basehttp.py:154] [basehttp:log_message] [INFO]- "GET /static/js/Element/main.js HTTP/1.1" 200 8726
[2021-04-15 08:34:42,253] [basehttp.py:154] [basehttp:log_message] [INFO]- "GET /static/js/Element/input.js HTTP/1.1" 200 29207
[2021-04-15 08:34:42,253] [basehttp.py:154] [basehttp:log_message] [INFO]- "GET /static/js/Element/table-column.js HTTP/1.1" 200 28341
[2021-04-15 08:34:42,254] [basehttp.py:154] [basehttp:log_message] [INFO]- "GET /static/js/Element/icon.js HTTP/1.1" 200 8700
[2021-04-15 08:34:42,258] [basehttp.py:154] [basehttp:log_message] [INFO]- "GET /static/js/Element/image.js HTTP/1.1" 200 25055
[2021-04-15 08:34:42,262] [basehttp.py:154] [basehttp:log_message] [INFO]- "GET /static/js/Element/message.js HTTP/1.1" 200 11022
[2021-04-15 08:34:42,263] [basehttp.py:154] [basehttp:log_message] [INFO]- "GET /static/js/xlsx/xlsx.js HTTP/1.1" 200 5900
[2021-04-15 08:34:42,263] [basehttp.py:154] [basehttp:log_message] [INFO]- "GET /static/src/back/001.png HTTP/1.1" 200 2015
[2021-04-15 08:34:42,264] [basehttp.py:154] [basehttp:log_message] [INFO]- "GET /static/src/back/mail.png HTTP/1.1" 200 3002
[2021-04-15 08:34:42,265] [basehttp.py:154] [basehttp:log_message] [INFO]- "GET /static/src/back/call.png HTTP/1.1" 200 1850
[2021-04-15 08:34:42,266] [basehttp.py:154] [basehttp:log_message] [INFO]- "GET /static/js/Element/index.js HTTP/1.1" 200 563790
[2021-04-15 08:34:42,279] [basehttp.py:154] [basehttp:log_message] [INFO]- "GET /static/src/6.jpg HTTP/1.1" 200 14506
[2021-04-15 08:34:42,280] [basehttp.py:154] [basehttp:log_message] [INFO]- "GET /static/src/3.jpg HTTP/1.1" 200 35728
[2021-04-15 08:34:42,285] [basehttp.py:154] [basehttp:log_message] [INFO]- "GET /static/src/index.jpg HTTP/1.1" 200 146911
[2021-04-15 08:34:42,287] [basehttp.py:154] [basehttp:log_message] [INFO]- "GET /static/src/5.jpg HTTP/1.1" 200 28854
[2021-04-15 08:34:42,287] [basehttp.py:154] [basehttp:log_message] [INFO]- "GET /static/src/4.jpg HTTP/1.1" 200 27337
[2021-04-15 08:34:42,290] [basehttp.py:154] [basehttp:log_message] [INFO]- "GET /static/src/8.jpg HTTP/1.1" 200 24687
[2021-04-15 08:34:42,294] [basehttp.py:154] [basehttp:log_message] [INFO]- "GET /static/src/10.jpg HTTP/1.1" 200 23088
[2021-04-15 08:34:42,295] [basehttp.py:154] [basehttp:log_message] [INFO]- "GET /static/src/timg3.jfif HTTP/1.1" 200 74629
[2021-04-15 08:34:42,296] [basehttp.py:154] [basehttp:log_message] [INFO]- "GET /static/src/9.jfif HTTP/1.1" 200 321460
[2021-04-15 08:34:42,301] [basehttp.py:154] [basehttp:log_message] [INFO]- "GET /static/src/2.jpg HTTP/1.1" 200 47621
[2021-04-15 08:34:42,301] [basehttp.py:154] [basehttp:log_message] [INFO]- "GET /static/src/7.jpg HTTP/1.1" 200 33330
[2021-04-15 08:34:42,302] [basehttp.py:154] [basehttp:log_message] [INFO]- "GET /static/src/1.jpg HTTP/1.1" 200 103270
[2021-04-15 08:34:42,308] [basehttp.py:154] [basehttp:log_message] [INFO]- "GET /static/src/timg.jfif HTTP/1.1" 200 73185
[2021-04-15 08:34:42,308] [basehttp.py:154] [basehttp:log_message] [INFO]- "GET /static/src/gallery_05.jpg HTTP/1.1" 200 68706
[2021-04-15 08:34:42,313] [basehttp.py:154] [basehttp:log_message] [INFO]- "GET /index/ HTTP/1.1" 200 44880
[2021-04-15 08:34:42,337] [basehttp.py:154] [basehttp:log_message] [WARNING]- "GET /static/css/bootstrap.min.css.map HTTP/1.1" 404 1800
[2021-04-15 08:34:42,365] [basehttp.py:154] [basehttp:log_message] [WARNING]- "GET /static/js/lib/bootstrap.min.js.map HTTP/1.1" 404 1806
[2021-04-15 08:34:42,391] [basehttp.py:154] [basehttp:log_message] [INFO]- "GET /static/css/admin/assets/fonts/themify.woff?-fvbane HTTP/1.1" 200 0
[2021-04-15 08:34:42,392] [basehttp.py:154] [basehttp:log_message] [INFO]- "GET /static/fonts/fontawesome-webfont.woff2?v=4.7.0 HTTP/1.1" 200 77160
[2021-04-15 08:34:42,536] [basehttp.py:154] [basehttp:log_message] [WARNING]- "GET /static/js/xlsx/FileSaver.min.js.map HTTP/1.1" 404 1809
[2021-04-15 08:34:42,536] [basehttp.py:154] [basehttp:log_message] [WARNING]- "GET /static/js/axios.min.map HTTP/1.1" 404 1773
[2021-04-15 08:34:42,646] [basehttp.py:154] [basehttp:log_message] [INFO]- "GET /static/css/admin/assets/fonts/themify.ttf?-fvbane HTTP/1.1" 200 0
[2021-04-15 08:34:42,663] [basehttp.py:154] [basehttp:log_message] [INFO]- "GET /static/fonts/themify.woff?-fvbane HTTP/1.1" 200 56108
[2021-04-15 08:34:42,681] [basehttp.py:154] [basehttp:log_message] [INFO]- "GET /favicon.ico HTTP/1.1" 200 20710
[2021-04-15 08:37:29,268] [basehttp.py:154] [basehttp:log_message] [INFO]- "GET /index/ HTTP/1.1" 200 45441
[2021-04-15 08:37:29,294] [basehttp.py:154] [basehttp:log_message] [INFO]- "GET /static/js/lib/calendar-2/prism.min.js HTTP/1.1" 200 8822
[2021-04-15 08:37:29,295] [basehttp.py:154] [basehttp:log_message] [INFO]- "GET /static/js/lib/calendar-2/semantic.ui.min.js HTTP/1.1" 200 287763
[2021-04-15 08:37:29,370] [basehttp.py:154] [basehttp:log_message] [INFO]- "GET /index/ HTTP/1.1" 200 45441
[2021-04-15 08:37:29,408] [basehttp.py:154] [basehttp:log_message] [WARNING]- "GET /static/css/bootstrap.min.css.map HTTP/1.1" 404 1800
[2021-04-15 08:37:29,436] [basehttp.py:154] [basehttp:log_message] [WARNING]- "GET /static/js/lib/bootstrap.min.js.map HTTP/1.1" 404 1806
[2021-04-15 08:37:29,669] [basehttp.py:154] [basehttp:log_message] [WARNING]- "GET /static/js/lib/bootstrap.min.js.map HTTP/1.1" 404 1806
[2021-04-15 08:37:29,669] [basehttp.py:154] [basehttp:log_message] [WARNING]- "GET /static/js/axios.min.map HTTP/1.1" 404 1773
[2021-04-15 08:37:29,763] [basehttp.py:154] [basehttp:log_message] [INFO]- "GET /favicon.ico HTTP/1.1" 200 20710
[2021-04-15 08:37:32,539] [basehttp.py:154] [basehttp:log_message] [INFO]- "POST /index/ HTTP/1.1" 200 45441
[2021-04-15 08:37:32,560] [basehttp.py:154] [basehttp:log_message] [INFO]- "GET /Lesson_search/ HTTP/1.1" 200 31265
[2021-04-15 08:37:32,584] [basehttp.py:154] [basehttp:log_message] [INFO]- "GET /static/css/bouncing.css HTTP/1.1" 200 2137
[2021-04-15 08:37:32,585] [basehttp.py:154] [basehttp:log_message] [INFO]- "GET /static/css/ElementUI.css HTTP/1.1" 200 232696
[2021-04-15 08:37:32,633] [basehttp.py:154] [basehttp:log_message] [INFO]- "GET /static/src/blue.jpg HTTP/1.1" 200 60343
[2021-04-15 08:37:32,684] [basehttp.py:154] [basehttp:log_message] [WARNING]- "GET /static/css/bootstrap.min.css.map HTTP/1.1" 404 1800
[2021-04-15 08:37:32,699] [basehttp.py:154] [basehttp:log_message] [WARNING]- "GET /static/js/lib/bootstrap.min.js.map HTTP/1.1" 404 1806
[2021-04-15 08:37:32,796] [basehttp.py:154] [basehttp:log_message] [WARNING]- "GET /static/js/xlsx/FileSaver.min.js.map HTTP/1.1" 404 1809
[2021-04-15 08:37:32,796] [basehttp.py:154] [basehttp:log_message] [WARNING]- "GET /static/js/axios.min.map HTTP/1.1" 404 1773
[2021-04-15 08:37:32,909] [basehttp.py:154] [basehttp:log_message] [INFO]- "GET /static/css/fonts/element-icons.ttf HTTP/1.1" 200 55956
[2021-04-15 08:37:32,950] [basehttp.py:154] [basehttp:log_message] [INFO]- "GET /favicon.ico HTTP/1.1" 200 20710
[2021-04-15 08:37:32,974] [basehttp.py:154] [basehttp:log_message] [INFO]- "POST /Lesson_search/ HTTP/1.1" 200 18973
[2021-04-15 08:37:33,046] [basehttp.py:154] [basehttp:log_message] [INFO]- "GET /static/src/back/document_save_2_24px_539656_easyicon.net.png HTTP/1.1" 200 2187
[2021-04-15 08:37:33,065] [basehttp.py:154] [basehttp:log_message] [INFO]- "GET /media/img/test/Screenshot_20_CFkLAIR.png HTTP/1.1" 200 773534
[2021-04-15 08:37:33,069] [basehttp.py:154] [basehttp:log_message] [INFO]- "GET /media/img/test/Screenshot_13_HAwg6ZK.png HTTP/1.1" 200 501639
[2021-04-15 08:37:33,074] [basehttp.py:154] [basehttp:log_message] [INFO]- "GET /media/img/test/Screenshot_1_Ebz3mKB.png HTTP/1.1" 200 839347
[2021-04-15 08:37:33,078] [basehttp.py:154] [basehttp:log_message] [INFO]- "GET /media/img/test/Screenshot_15_EsePXcJ.png HTTP/1.1" 200 715749
[2021-04-15 08:37:33,079] [basehttp.py:154] [basehttp:log_message] [INFO]- "GET /media/img/test/Screenshot_1_O9yHyaf.png HTTP/1.1" 200 839347
[2021-04-15 08:37:33,080] [basehttp.py:154] [basehttp:log_message] [INFO]- "GET /media/img/test/Screenshot_1_lqTMx9Z.png HTTP/1.1" 200 839347
[2021-04-15 08:37:33,084] [basehttp.py:154] [basehttp:log_message] [INFO]- "GET /media/img/test/Screenshot_3.png HTTP/1.1" 200 778338
[2021-04-15 08:37:33,158] [log.py:228] [log:log_response] [WARNING]- Not Found: /media/img/test/fail.png
[2021-04-15 08:37:33,159] [basehttp.py:154] [basehttp:log_message] [WARNING]- "GET /media/img/test/fail.png HTTP/1.1" 404 1776
[2021-04-15 08:37:33,163] [log.py:228] [log:log_response] [WARNING]- Not Found: /media/img/test/Error.png
[2021-04-15 08:37:33,164] [basehttp.py:154] [basehttp:log_message] [WARNING]- "GET /media/img/test/Error.png HTTP/1.1" 404 1779
[2021-04-15 08:37:33,169] [log.py:228] [log:log_response] [WARNING]- Not Found: /media/videos/C38_AIO_520_Series_Projects_ODD_can_not_auto_play_issue_20180601.7z
[2021-04-15 08:37:33,170] [basehttp.py:154] [basehttp:log_message] [WARNING]- "GET /media/videos/C38_AIO_520_Series_Projects_ODD_can_not_auto_play_issue_20180601.7z HTTP/1.1" 404 1947
[2021-04-15 08:37:33,175] [basehttp.py:154] [basehttp:log_message] [INFO]- "GET /media/videos/sdf_xZCfuR9.mp4 HTTP/1.1" 200 1590395
[2021-04-15 08:37:33,180] [basehttp.py:154] [basehttp:log_message] [INFO]- "GET /media/videos/sdf_0AbqI8F.mp4 HTTP/1.1" 200 1590395
[2021-04-15 08:37:33,182] [basehttp.py:154] [basehttp:log_message] [INFO]- "GET /media/videos/sdf_DGNWO3F.mp4 HTTP/1.1" 200 1590395
[2021-04-15 08:37:33,186] [basehttp.py:154] [basehttp:log_message] [INFO]- "GET /media/videos/sdf_qEvmZMO.mp4 HTTP/1.1" 200 1590395
[2021-04-15 08:37:35,561] [basehttp.py:154] [basehttp:log_message] [INFO]- "GET /index/ HTTP/1.1" 200 45441
[2021-04-15 08:37:35,697] [basehttp.py:154] [basehttp:log_message] [WARNING]- "GET /static/css/bootstrap.min.css.map HTTP/1.1" 404 1800
[2021-04-15 08:37:35,710] [basehttp.py:154] [basehttp:log_message] [WARNING]- "GET /static/js/lib/bootstrap.min.js.map HTTP/1.1" 404 1806
[2021-04-15 08:37:35,827] [basehttp.py:154] [basehttp:log_message] [WARNING]- "GET /static/js/lib/bootstrap.min.js.map HTTP/1.1" 404 1806
[2021-04-15 08:37:35,828] [basehttp.py:154] [basehttp:log_message] [WARNING]- "GET /static/js/axios.min.map HTTP/1.1" 404 1773
[2021-04-15 08:37:35,908] [basehttp.py:154] [basehttp:log_message] [INFO]- "GET /favicon.ico HTTP/1.1" 200 20710
[2021-04-16 11:23:12,039] [basehttp.py:154] [basehttp:log_message] [INFO]- "GET / HTTP/1.1" 302 0
[2021-04-16 11:23:12,044] [basehttp.py:154] [basehttp:log_message] [INFO]- "GET /login/ HTTP/1.1" 200 4677
[2021-04-16 11:23:12,174] [basehttp.py:154] [basehttp:log_message] [INFO]- "GET /favicon.ico HTTP/1.1" 302 0
[2021-04-16 11:23:12,176] [basehttp.py:154] [basehttp:log_message] [INFO]- "GET /login/ HTTP/1.1" 200 4677
[2021-04-16 11:23:15,096] [basehttp.py:154] [basehttp:log_message] [INFO]- "POST /login/ HTTP/1.1" 302 0
[2021-04-16 11:23:15,170] [basehttp.py:154] [basehttp:log_message] [INFO]- "GET /index/ HTTP/1.1" 200 45441
[2021-04-16 11:23:15,197] [basehttp.py:154] [basehttp:log_message] [INFO]- "GET /static/css/style.css HTTP/1.1" 304 0
[2021-04-16 11:23:15,197] [basehttp.py:154] [basehttp:log_message] [INFO]- "GET /static/css/home_style.css HTTP/1.1" 304 0
[2021-04-16 11:23:15,199] [basehttp.py:154] [basehttp:log_message] [INFO]- "GET /static/css/home_menu.css HTTP/1.1" 304 0
[2021-04-16 11:23:15,313] [basehttp.py:154] [basehttp:log_message] [INFO]- "GET /index/ HTTP/1.1" 200 45441
[2021-04-16 11:23:15,579] [basehttp.py:154] [basehttp:log_message] [INFO]- "GET /favicon.ico HTTP/1.1" 200 20710
[2021-04-16 11:23:17,848] [basehttp.py:154] [basehttp:log_message] [INFO]- "GET /admin/ HTTP/1.1" 302 0
[2021-04-16 11:23:17,958] [basehttp.py:154] [basehttp:log_message] [INFO]- "GET /admin/login/?next=/admin/ HTTP/1.1" 200 1821
[2021-04-16 11:23:18,009] [basehttp.py:154] [basehttp:log_message] [INFO]- "GET /favicon.ico HTTP/1.1" 200 20710
