[2021-11-01 13:19:42,720] [basehttp.py:154] [basehttp:log_message] [INFO]- "GET /OBIDeviceResult/OBIDeviceResult_edit/ HTTP/1.1" 302 0
[2021-11-01 13:19:42,728] [basehttp.py:154] [basehttp:log_message] [INFO]- "GET /login/ HTTP/1.1" 200 4677
[2021-11-01 13:19:42,815] [basehttp.py:154] [basehttp:log_message] [INFO]- "GET /static/vendor/bootstrap/js/bootstrap.bundle.min.js.map HTTP/1.1" 200 303386
[2021-11-01 13:19:42,848] [basehttp.py:154] [basehttp:log_message] [WARNING]- "GET /static/css/bootstrap.min.css.map HTTP/1.1" 404 1800
[2021-11-01 13:19:42,949] [basehttp.py:154] [basehttp:log_message] [INFO]- "GET /favicon.ico HTTP/1.1" 302 0
[2021-11-01 13:19:42,954] [basehttp.py:154] [basehttp:log_message] [INFO]- "GET /login/ HTTP/1.1" 200 4677
[2021-11-01 13:19:45,105] [UserIP.py:89] [UserIP:process_response] [CRITICAL]- 系统错误
[2021-11-01 13:19:45,118] [basehttp.py:154] [basehttp:log_message] [INFO]- "POST /login/ HTTP/1.1" 302 0
[2021-11-01 13:19:45,193] [basehttp.py:154] [basehttp:log_message] [INFO]- "GET /index/ HTTP/1.1" 200 45972
[2021-11-01 13:19:45,213] [basehttp.py:154] [basehttp:log_message] [INFO]- "GET /static/css/home_zerogrid.css HTTP/1.1" 304 0
[2021-11-01 13:19:45,247] [basehttp.py:154] [basehttp:log_message] [INFO]- "GET /static/js/Element/image.js HTTP/1.1" 304 0
[2021-11-01 13:19:45,279] [basehttp.py:154] [basehttp:log_message] [INFO]- "GET /static/src/3.jpg HTTP/1.1" 304 0
[2021-11-01 13:19:45,282] [basehttp.py:154] [basehttp:log_message] [INFO]- "GET /static/src/6.jpg HTTP/1.1" 304 0
[2021-11-01 13:19:45,286] [basehttp.py:154] [basehttp:log_message] [INFO]- "GET /static/src/5.jpg HTTP/1.1" 304 0
[2021-11-01 13:19:45,292] [basehttp.py:154] [basehttp:log_message] [INFO]- "GET /static/src/4.jpg HTTP/1.1" 304 0
[2021-11-01 13:19:45,292] [basehttp.py:154] [basehttp:log_message] [INFO]- "GET /static/src/10.jpg HTTP/1.1" 304 0
[2021-11-01 13:19:45,292] [basehttp.py:154] [basehttp:log_message] [INFO]- "GET /static/src/8.jpg HTTP/1.1" 304 0
[2021-11-01 13:19:45,293] [basehttp.py:154] [basehttp:log_message] [INFO]- "GET /static/src/9.jfif HTTP/1.1" 304 0
[2021-11-01 13:19:45,297] [basehttp.py:154] [basehttp:log_message] [INFO]- "GET /static/src/timg3.jfif HTTP/1.1" 304 0
[2021-11-01 13:19:45,298] [basehttp.py:154] [basehttp:log_message] [INFO]- "GET /static/src/2.jpg HTTP/1.1" 304 0
[2021-11-01 13:19:45,300] [basehttp.py:154] [basehttp:log_message] [INFO]- "GET /static/src/1.jpg HTTP/1.1" 304 0
[2021-11-01 13:19:45,302] [basehttp.py:154] [basehttp:log_message] [INFO]- "GET /static/src/7.jpg HTTP/1.1" 304 0
[2021-11-01 13:19:45,310] [basehttp.py:154] [basehttp:log_message] [INFO]- "GET /static/src/timg.jfif HTTP/1.1" 304 0
[2021-11-01 13:19:45,311] [basehttp.py:154] [basehttp:log_message] [INFO]- "GET /static/src/gallery_05.jpg HTTP/1.1" 304 0
[2021-11-01 13:19:45,328] [basehttp.py:154] [basehttp:log_message] [INFO]- "GET /index/ HTTP/1.1" 200 45972
[2021-11-01 13:19:45,362] [basehttp.py:154] [basehttp:log_message] [WARNING]- "GET /static/css/bootstrap.min.css.map HTTP/1.1" 404 1800
[2021-11-01 13:19:45,376] [basehttp.py:154] [basehttp:log_message] [WARNING]- "GET /static/js/lib/bootstrap.min.js.map HTTP/1.1" 404 1806
[2021-11-01 13:19:45,430] [basehttp.py:154] [basehttp:log_message] [WARNING]- "GET /static/js/lib/bootstrap.min.js.map HTTP/1.1" 404 1806
[2021-11-01 13:19:45,509] [basehttp.py:154] [basehttp:log_message] [WARNING]- "GET /static/js/axios.min.map HTTP/1.1" 404 1773
[2021-11-01 13:19:45,638] [basehttp.py:154] [basehttp:log_message] [INFO]- "GET /favicon.ico HTTP/1.1" 200 21241
[2021-11-01 13:19:53,765] [basehttp.py:154] [basehttp:log_message] [INFO]- "GET /OBIDeviceResult/OBIDeviceResult_edit/ HTTP/1.1" 200 62357
[2021-11-01 13:19:53,883] [basehttp.py:154] [basehttp:log_message] [WARNING]- "GET /static/css/bootstrap.min.css.map HTTP/1.1" 404 1800
[2021-11-01 13:19:53,884] [basehttp.py:154] [basehttp:log_message] [WARNING]- "GET /static/js/lib/bootstrap.min.js.map HTTP/1.1" 404 1806
[2021-11-01 13:19:53,964] [basehttp.py:154] [basehttp:log_message] [WARNING]- "GET /static/js/axios.min.map HTTP/1.1" 404 1773
[2021-11-01 13:19:54,198] [UserIP.py:87] [UserIP:process_response] [INFO]- 2021-11-01 13:19:54 C1010S3>Edwin None>LAPTOP-VA9VPAO8>417 127.0.0.1 127.0.0.1 /OBIDeviceResult/OBIDeviceResult_edit/ POST
[2021-11-01 13:19:54,212] [basehttp.py:154] [basehttp:log_message] [INFO]- "POST /OBIDeviceResult/OBIDeviceResult_edit/ HTTP/1.1" 200 3304
[2021-11-01 13:19:54,293] [basehttp.py:154] [basehttp:log_message] [INFO]- "GET /favicon.ico HTTP/1.1" 200 21241
[2021-11-01 13:20:08,400] [log.py:228] [log:log_response] [ERROR]- Internal Server Error: /OBIDeviceResult/OBIDeviceResult_edit/
Traceback (most recent call last):
  File "C:\Python372\mecheck\lib\site-packages\django\core\handlers\exception.py", line 34, in inner
    response = get_response(request)
  File "C:\Python372\mecheck\lib\site-packages\django\core\handlers\base.py", line 126, in _get_response
    response = self.process_exception_by_middleware(e, request)
  File "C:\Python372\mecheck\lib\site-packages\django\core\handlers\base.py", line 124, in _get_response
    response = wrapped_callback(request, *callback_args, **callback_kwargs)
  File "C:\Python372\mecheck\lib\site-packages\django\views\decorators\csrf.py", line 54, in wrapped_view
    return view_func(*args, **kwargs)
  File "C:\djangoproject\Reliability_Row_data\OBIDeviceResult\views.py", line 592, in OBIDeviceResult_edit
    DevCtgry = responseData['DevCtgry']
KeyError: 'DevCtgry'
[2021-11-01 13:20:08,403] [UserIP.py:89] [UserIP:process_response] [CRITICAL]- 系统错误
[2021-11-01 13:20:08,403] [basehttp.py:154] [basehttp:log_message] [ERROR]- "POST /OBIDeviceResult/OBIDeviceResult_edit/ HTTP/1.1" 500 94918
[2021-11-01 14:08:55,216] [basehttp.py:154] [basehttp:log_message] [INFO]- "GET /admin/ HTTP/1.1" 302 0
[2021-11-01 14:08:55,290] [basehttp.py:154] [basehttp:log_message] [INFO]- "GET /admin/login/?next=/admin/ HTTP/1.1" 200 1821
[2021-11-01 14:08:55,362] [basehttp.py:154] [basehttp:log_message] [INFO]- "GET /favicon.ico HTTP/1.1" 200 21241
[2021-11-01 14:09:23,466] [UserIP.py:89] [UserIP:process_response] [CRITICAL]- 系统错误
[2021-11-01 14:09:23,473] [basehttp.py:154] [basehttp:log_message] [INFO]- "POST /admin/login/?next=/admin/ HTTP/1.1" 302 0
[2021-11-01 14:09:23,579] [basehttp.py:154] [basehttp:log_message] [INFO]- "GET /admin/ HTTP/1.1" 200 38837
[2021-11-01 14:09:23,645] [basehttp.py:154] [basehttp:log_message] [INFO]- "GET /favicon.ico HTTP/1.1" 200 21241
[2021-11-01 14:09:26,292] [basehttp.py:154] [basehttp:log_message] [INFO]- "GET /admin/app01/userinfo/ HTTP/1.1" 200 55932
[2021-11-01 14:09:26,324] [basehttp.py:154] [basehttp:log_message] [INFO]- "GET /admin/jsi18n/ HTTP/1.1" 200 7684
[2021-11-01 14:09:26,408] [basehttp.py:154] [basehttp:log_message] [INFO]- "GET /favicon.ico HTTP/1.1" 200 21241
[2021-11-01 14:09:31,455] [basehttp.py:154] [basehttp:log_message] [INFO]- "GET /admin/ HTTP/1.1" 200 38837
[2021-11-01 14:09:31,503] [basehttp.py:154] [basehttp:log_message] [INFO]- "GET /favicon.ico HTTP/1.1" 200 21241
[2021-11-01 14:09:50,616] [basehttp.py:154] [basehttp:log_message] [INFO]- "GET /admin/CQM/cqmproject/ HTTP/1.1" 200 27604
[2021-11-01 14:09:50,650] [basehttp.py:154] [basehttp:log_message] [INFO]- "GET /admin/jsi18n/ HTTP/1.1" 200 7684
[2021-11-01 14:09:50,779] [basehttp.py:154] [basehttp:log_message] [INFO]- "GET /favicon.ico HTTP/1.1" 200 21241
[2021-11-01 14:09:56,703] [basehttp.py:154] [basehttp:log_message] [INFO]- "GET /admin/CQM/cqmproject/60/change/ HTTP/1.1" 200 9006
[2021-11-01 14:09:56,754] [basehttp.py:154] [basehttp:log_message] [INFO]- "GET /admin/jsi18n/ HTTP/1.1" 200 7684
[2021-11-01 14:09:56,831] [basehttp.py:154] [basehttp:log_message] [INFO]- "GET /favicon.ico HTTP/1.1" 200 21241
[2021-11-01 14:10:00,103] [basehttp.py:154] [basehttp:log_message] [INFO]- "GET /admin/CQM/cqmproject/ HTTP/1.1" 200 27604
[2021-11-01 14:10:00,202] [basehttp.py:154] [basehttp:log_message] [INFO]- "GET /favicon.ico HTTP/1.1" 200 21241
[2021-11-01 14:13:32,138] [basehttp.py:154] [basehttp:log_message] [INFO]- "GET /index/ HTTP/1.1" 200 45972
[2021-11-01 14:13:32,240] [basehttp.py:154] [basehttp:log_message] [INFO]- "GET /index/ HTTP/1.1" 200 45972
[2021-11-01 14:13:32,261] [basehttp.py:154] [basehttp:log_message] [WARNING]- "GET /static/css/bootstrap.min.css.map HTTP/1.1" 404 1800
[2021-11-01 14:13:32,288] [basehttp.py:154] [basehttp:log_message] [WARNING]- "GET /static/js/lib/bootstrap.min.js.map HTTP/1.1" 404 1806
[2021-11-01 14:13:32,364] [basehttp.py:154] [basehttp:log_message] [WARNING]- "GET /static/js/lib/bootstrap.min.js.map HTTP/1.1" 404 1806
[2021-11-01 14:13:32,424] [basehttp.py:154] [basehttp:log_message] [WARNING]- "GET /static/js/axios.min.map HTTP/1.1" 404 1773
[2021-11-01 14:13:32,563] [basehttp.py:154] [basehttp:log_message] [INFO]- "GET /favicon.ico HTTP/1.1" 200 21241
[2021-11-01 14:13:40,422] [basehttp.py:154] [basehttp:log_message] [INFO]- "GET /OBIDeviceResult/OBIDeviceResult_edit/ HTTP/1.1" 200 62357
[2021-11-01 14:13:40,545] [basehttp.py:154] [basehttp:log_message] [WARNING]- "GET /static/js/lib/bootstrap.min.js.map HTTP/1.1" 404 1806
[2021-11-01 14:13:40,545] [basehttp.py:154] [basehttp:log_message] [WARNING]- "GET /static/css/bootstrap.min.css.map HTTP/1.1" 404 1800
[2021-11-01 14:13:40,632] [basehttp.py:154] [basehttp:log_message] [WARNING]- "GET /static/js/axios.min.map HTTP/1.1" 404 1773
[2021-11-01 14:13:40,893] [UserIP.py:87] [UserIP:process_response] [INFO]- 2021-11-01 14:13:40 C1010S3>Edwin None>LAPTOP-VA9VPAO8>417 127.0.0.1 127.0.0.1 /OBIDeviceResult/OBIDeviceResult_edit/ POST
[2021-11-01 14:13:40,903] [basehttp.py:154] [basehttp:log_message] [INFO]- "POST /OBIDeviceResult/OBIDeviceResult_edit/ HTTP/1.1" 200 3304
[2021-11-01 14:13:40,971] [basehttp.py:154] [basehttp:log_message] [INFO]- "GET /favicon.ico HTTP/1.1" 200 21241
[2021-11-01 14:14:13,070] [basehttp.py:154] [basehttp:log_message] [INFO]- "GET /OBIDeviceResult/OBIDeviceResult_edit/ HTTP/1.1" 200 62357
[2021-11-01 14:14:13,187] [basehttp.py:154] [basehttp:log_message] [WARNING]- "GET /static/js/lib/bootstrap.min.js.map HTTP/1.1" 404 1806
[2021-11-01 14:14:13,189] [basehttp.py:154] [basehttp:log_message] [WARNING]- "GET /static/css/bootstrap.min.css.map HTTP/1.1" 404 1800
[2021-11-01 14:14:13,283] [basehttp.py:154] [basehttp:log_message] [WARNING]- "GET /static/js/axios.min.map HTTP/1.1" 404 1773
[2021-11-01 14:14:13,517] [UserIP.py:87] [UserIP:process_response] [INFO]- 2021-11-01 14:14:13 C1010S3>Edwin None>LAPTOP-VA9VPAO8>417 127.0.0.1 127.0.0.1 /OBIDeviceResult/OBIDeviceResult_edit/ POST
[2021-11-01 14:14:13,527] [basehttp.py:154] [basehttp:log_message] [INFO]- "POST /OBIDeviceResult/OBIDeviceResult_edit/ HTTP/1.1" 200 1966
[2021-11-01 14:14:13,569] [basehttp.py:154] [basehttp:log_message] [INFO]- "GET /favicon.ico HTTP/1.1" 200 21241
[2021-11-01 14:14:26,488] [UserIP.py:87] [UserIP:process_response] [INFO]- 2021-11-01 14:14:26 C1010S3>Edwin None>LAPTOP-VA9VPAO8>417 127.0.0.1 127.0.0.1 /OBIDeviceResult/OBIDeviceResult_edit/ POST
[2021-11-01 14:14:26,496] [basehttp.py:154] [basehttp:log_message] [INFO]- "POST /OBIDeviceResult/OBIDeviceResult_edit/ HTTP/1.1" 200 1966
[2021-11-01 14:16:44,804] [basehttp.py:154] [basehttp:log_message] [INFO]- "GET /OBIDeviceResult/OBIDeviceResult_edit/ HTTP/1.1" 200 62357
[2021-11-01 14:16:44,910] [basehttp.py:154] [basehttp:log_message] [WARNING]- "GET /static/js/lib/bootstrap.min.js.map HTTP/1.1" 404 1806
[2021-11-01 14:16:44,914] [basehttp.py:154] [basehttp:log_message] [WARNING]- "GET /static/css/bootstrap.min.css.map HTTP/1.1" 404 1800
[2021-11-01 14:16:45,002] [basehttp.py:154] [basehttp:log_message] [WARNING]- "GET /static/js/axios.min.map HTTP/1.1" 404 1773
[2021-11-01 14:16:45,232] [UserIP.py:87] [UserIP:process_response] [INFO]- 2021-11-01 14:16:45 C1010S3>Edwin None>LAPTOP-VA9VPAO8>417 127.0.0.1 127.0.0.1 /OBIDeviceResult/OBIDeviceResult_edit/ POST
[2021-11-01 14:16:45,240] [basehttp.py:154] [basehttp:log_message] [INFO]- "POST /OBIDeviceResult/OBIDeviceResult_edit/ HTTP/1.1" 200 1966
[2021-11-01 14:16:45,289] [basehttp.py:154] [basehttp:log_message] [INFO]- "GET /favicon.ico HTTP/1.1" 200 21241
[2021-11-01 14:17:23,282] [basehttp.py:154] [basehttp:log_message] [INFO]- "GET /OBIDeviceResult/OBIDeviceResult_edit/ HTTP/1.1" 200 62357
[2021-11-01 14:17:23,398] [basehttp.py:154] [basehttp:log_message] [WARNING]- "GET /static/css/bootstrap.min.css.map HTTP/1.1" 404 1800
[2021-11-01 14:17:23,398] [basehttp.py:154] [basehttp:log_message] [WARNING]- "GET /static/js/lib/bootstrap.min.js.map HTTP/1.1" 404 1806
[2021-11-01 14:17:23,495] [basehttp.py:154] [basehttp:log_message] [WARNING]- "GET /static/js/axios.min.map HTTP/1.1" 404 1773
[2021-11-01 14:17:23,743] [UserIP.py:87] [UserIP:process_response] [INFO]- 2021-11-01 14:17:23 C1010S3>Edwin None>LAPTOP-VA9VPAO8>417 127.0.0.1 127.0.0.1 /OBIDeviceResult/OBIDeviceResult_edit/ POST
[2021-11-01 14:17:23,753] [basehttp.py:154] [basehttp:log_message] [INFO]- "POST /OBIDeviceResult/OBIDeviceResult_edit/ HTTP/1.1" 200 1966
[2021-11-01 14:17:23,799] [basehttp.py:154] [basehttp:log_message] [INFO]- "GET /favicon.ico HTTP/1.1" 200 21241
[2021-11-01 14:17:36,382] [UserIP.py:87] [UserIP:process_response] [INFO]- 2021-11-01 14:17:36 C1010S3>Edwin None>LAPTOP-VA9VPAO8>417 127.0.0.1 127.0.0.1 /OBIDeviceResult/OBIDeviceResult_edit/ POST
[2021-11-01 14:17:36,392] [basehttp.py:154] [basehttp:log_message] [INFO]- "POST /OBIDeviceResult/OBIDeviceResult_edit/ HTTP/1.1" 200 1966
[2021-11-01 14:18:45,294] [basehttp.py:154] [basehttp:log_message] [INFO]- "GET /OBIDeviceResult/OBIDeviceResult_edit/ HTTP/1.1" 200 62415
[2021-11-01 14:18:45,402] [basehttp.py:154] [basehttp:log_message] [WARNING]- "GET /static/js/lib/bootstrap.min.js.map HTTP/1.1" 404 1806
[2021-11-01 14:18:45,404] [basehttp.py:154] [basehttp:log_message] [WARNING]- "GET /static/css/bootstrap.min.css.map HTTP/1.1" 404 1800
[2021-11-01 14:18:45,498] [basehttp.py:154] [basehttp:log_message] [WARNING]- "GET /static/js/axios.min.map HTTP/1.1" 404 1773
[2021-11-01 14:18:45,754] [UserIP.py:87] [UserIP:process_response] [INFO]- 2021-11-01 14:18:45 C1010S3>Edwin None>LAPTOP-VA9VPAO8>417 127.0.0.1 127.0.0.1 /OBIDeviceResult/OBIDeviceResult_edit/ POST
[2021-11-01 14:18:45,762] [basehttp.py:154] [basehttp:log_message] [INFO]- "POST /OBIDeviceResult/OBIDeviceResult_edit/ HTTP/1.1" 200 1966
[2021-11-01 14:18:45,821] [basehttp.py:154] [basehttp:log_message] [INFO]- "GET /favicon.ico HTTP/1.1" 200 21241
[2021-11-01 14:18:55,529] [UserIP.py:87] [UserIP:process_response] [INFO]- 2021-11-01 14:18:55 C1010S3>Edwin None>LAPTOP-VA9VPAO8>417 127.0.0.1 127.0.0.1 /OBIDeviceResult/OBIDeviceResult_edit/ POST
[2021-11-01 14:18:55,539] [basehttp.py:154] [basehttp:log_message] [INFO]- "POST /OBIDeviceResult/OBIDeviceResult_edit/ HTTP/1.1" 200 1966
[2021-11-01 14:20:17,231] [basehttp.py:154] [basehttp:log_message] [INFO]- "GET /OBIDeviceResult/OBIDeviceResult_edit/ HTTP/1.1" 200 62405
[2021-11-01 14:20:17,339] [basehttp.py:154] [basehttp:log_message] [WARNING]- "GET /static/js/lib/bootstrap.min.js.map HTTP/1.1" 404 1806
[2021-11-01 14:20:17,342] [basehttp.py:154] [basehttp:log_message] [WARNING]- "GET /static/css/bootstrap.min.css.map HTTP/1.1" 404 1800
[2021-11-01 14:20:17,448] [basehttp.py:154] [basehttp:log_message] [WARNING]- "GET /static/js/axios.min.map HTTP/1.1" 404 1773
[2021-11-01 14:20:17,715] [UserIP.py:87] [UserIP:process_response] [INFO]- 2021-11-01 14:20:17 C1010S3>Edwin None>LAPTOP-VA9VPAO8>417 127.0.0.1 127.0.0.1 /OBIDeviceResult/OBIDeviceResult_edit/ POST
[2021-11-01 14:20:17,723] [basehttp.py:154] [basehttp:log_message] [INFO]- "POST /OBIDeviceResult/OBIDeviceResult_edit/ HTTP/1.1" 200 1966
[2021-11-01 14:20:17,772] [basehttp.py:154] [basehttp:log_message] [INFO]- "GET /favicon.ico HTTP/1.1" 200 21241
[2021-11-01 14:20:26,181] [UserIP.py:87] [UserIP:process_response] [INFO]- 2021-11-01 14:20:26 C1010S3>Edwin None>LAPTOP-VA9VPAO8>417 127.0.0.1 127.0.0.1 /OBIDeviceResult/OBIDeviceResult_edit/ POST
[2021-11-01 14:20:26,191] [basehttp.py:154] [basehttp:log_message] [INFO]- "POST /OBIDeviceResult/OBIDeviceResult_edit/ HTTP/1.1" 200 1966
[2021-11-01 14:21:34,485] [log.py:228] [log:log_response] [ERROR]- Internal Server Error: /OBIDeviceResult/OBIDeviceResult_edit/
Traceback (most recent call last):
  File "C:\Python372\mecheck\lib\site-packages\django\core\handlers\exception.py", line 34, in inner
    response = get_response(request)
  File "C:\Python372\mecheck\lib\site-packages\django\core\handlers\base.py", line 126, in _get_response
    response = self.process_exception_by_middleware(e, request)
  File "C:\Python372\mecheck\lib\site-packages\django\core\handlers\base.py", line 124, in _get_response
    response = wrapped_callback(request, *callback_args, **callback_kwargs)
  File "C:\Python372\mecheck\lib\site-packages\django\views\decorators\csrf.py", line 54, in wrapped_view
    return view_func(*args, **kwargs)
  File "C:\djangoproject\Reliability_Row_data\OBIDeviceResult\views.py", line 822, in OBIDeviceResult_edit
    check_Result = OBIDeviceResult.objects.filter(**checkOBI)
  File "C:\Python372\mecheck\lib\site-packages\django\db\models\manager.py", line 82, in manager_method
    return getattr(self.get_queryset(), name)(*args, **kwargs)
  File "C:\Python372\mecheck\lib\site-packages\django\db\models\query.py", line 844, in filter
    return self._filter_or_exclude(False, *args, **kwargs)
  File "C:\Python372\mecheck\lib\site-packages\django\db\models\query.py", line 862, in _filter_or_exclude
    clone.query.add_q(Q(*args, **kwargs))
  File "C:\Python372\mecheck\lib\site-packages\django\db\models\sql\query.py", line 1263, in add_q
    clause, _ = self._add_q(q_object, self.used_aliases)
  File "C:\Python372\mecheck\lib\site-packages\django\db\models\sql\query.py", line 1287, in _add_q
    split_subq=split_subq,
  File "C:\Python372\mecheck\lib\site-packages\django\db\models\sql\query.py", line 1164, in build_filter
    lookups, parts, reffed_expression = self.solve_lookup_type(arg)
  File "C:\Python372\mecheck\lib\site-packages\django\db\models\sql\query.py", line 1028, in solve_lookup_type
    _, field, _, lookup_parts = self.names_to_path(lookup_splitted, self.get_meta())
  File "C:\Python372\mecheck\lib\site-packages\django\db\models\sql\query.py", line 1389, in names_to_path
    "Choices are: %s" % (name, ", ".join(available)))
django.core.exceptions.FieldError: Cannot resolve keyword 'ProjectName' into field. Choices are: Category, Comments, Customer, DeviceNo, Devicename, FWversion, HWIDversion, PN, Platform, Project, Series, Softwareversion, TestPhase, Testresult, edit_time, editor, id
[2021-11-01 14:21:34,488] [UserIP.py:89] [UserIP:process_response] [CRITICAL]- 系统错误
[2021-11-01 14:21:34,489] [basehttp.py:154] [basehttp:log_message] [ERROR]- "POST /OBIDeviceResult/OBIDeviceResult_edit/ HTTP/1.1" 500 132583
[2021-11-01 14:44:17,194] [basehttp.py:154] [basehttp:log_message] [INFO]- "GET /admin/ HTTP/1.1" 200 38837
[2021-11-01 14:44:17,260] [basehttp.py:154] [basehttp:log_message] [INFO]- "GET /favicon.ico HTTP/1.1" 200 21241
[2021-11-01 14:44:42,586] [basehttp.py:154] [basehttp:log_message] [INFO]- "GET /admin/OBIDeviceResult/seriesinfo/ HTTP/1.1" 200 3246
[2021-11-01 14:44:42,614] [basehttp.py:154] [basehttp:log_message] [INFO]- "GET /admin/jsi18n/ HTTP/1.1" 200 7684
[2021-11-01 14:44:42,666] [basehttp.py:154] [basehttp:log_message] [INFO]- "GET /favicon.ico HTTP/1.1" 200 21241
[2021-11-01 14:44:48,749] [basehttp.py:154] [basehttp:log_message] [INFO]- "GET /admin/OBIDeviceResult/seriesinfo/add/ HTTP/1.1" 200 5051
[2021-11-01 14:44:48,779] [basehttp.py:154] [basehttp:log_message] [INFO]- "GET /admin/jsi18n/ HTTP/1.1" 200 7684
[2021-11-01 14:44:48,841] [basehttp.py:154] [basehttp:log_message] [INFO]- "GET /favicon.ico HTTP/1.1" 200 21241
[2021-11-01 14:44:56,364] [UserIP.py:89] [UserIP:process_response] [CRITICAL]- 系统错误
[2021-11-01 14:44:56,371] [basehttp.py:154] [basehttp:log_message] [INFO]- "POST /admin/OBIDeviceResult/seriesinfo/add/ HTTP/1.1" 200 5267
[2021-11-01 14:44:56,399] [basehttp.py:154] [basehttp:log_message] [INFO]- "GET /admin/jsi18n/ HTTP/1.1" 200 7684
[2021-11-01 14:44:56,450] [basehttp.py:154] [basehttp:log_message] [INFO]- "GET /favicon.ico HTTP/1.1" 200 21241
[2021-11-01 14:45:24,572] [UserIP.py:89] [UserIP:process_response] [CRITICAL]- 系统错误
[2021-11-01 14:45:24,580] [basehttp.py:154] [basehttp:log_message] [INFO]- "POST /admin/OBIDeviceResult/seriesinfo/add/ HTTP/1.1" 302 0
[2021-11-01 14:45:24,622] [basehttp.py:154] [basehttp:log_message] [INFO]- "GET /admin/OBIDeviceResult/seriesinfo/ HTTP/1.1" 200 4647
[2021-11-01 14:45:24,647] [basehttp.py:154] [basehttp:log_message] [INFO]- "GET /admin/jsi18n/ HTTP/1.1" 200 7684
[2021-11-01 14:45:24,705] [basehttp.py:154] [basehttp:log_message] [INFO]- "GET /favicon.ico HTTP/1.1" 200 21241
[2021-11-01 14:45:30,826] [basehttp.py:154] [basehttp:log_message] [INFO]- "GET /admin/OBIDeviceResult/ HTTP/1.1" 200 3555
[2021-11-01 14:45:30,861] [basehttp.py:154] [basehttp:log_message] [INFO]- "GET /favicon.ico HTTP/1.1" 200 21241
[2021-11-01 14:45:37,992] [basehttp.py:154] [basehttp:log_message] [INFO]- "GET /admin/OBIDeviceResult/categoryinfo/ HTTP/1.1" 200 3260
[2021-11-01 14:45:38,021] [basehttp.py:154] [basehttp:log_message] [INFO]- "GET /admin/jsi18n/ HTTP/1.1" 200 7684
[2021-11-01 14:45:38,071] [basehttp.py:154] [basehttp:log_message] [INFO]- "GET /favicon.ico HTTP/1.1" 200 21241
[2021-11-01 14:45:39,959] [basehttp.py:154] [basehttp:log_message] [INFO]- "GET /admin/OBIDeviceResult/categoryinfo/add/ HTTP/1.1" 200 5077
[2021-11-01 14:45:39,984] [basehttp.py:154] [basehttp:log_message] [INFO]- "GET /admin/jsi18n/ HTTP/1.1" 200 7684
[2021-11-01 14:45:40,046] [basehttp.py:154] [basehttp:log_message] [INFO]- "GET /favicon.ico HTTP/1.1" 200 21241
[2021-11-01 14:45:54,923] [UserIP.py:89] [UserIP:process_response] [CRITICAL]- 系统错误
[2021-11-01 14:45:54,932] [basehttp.py:154] [basehttp:log_message] [INFO]- "POST /admin/OBIDeviceResult/categoryinfo/add/ HTTP/1.1" 302 0
[2021-11-01 14:45:54,976] [basehttp.py:154] [basehttp:log_message] [INFO]- "GET /admin/OBIDeviceResult/categoryinfo/ HTTP/1.1" 200 4675
[2021-11-01 14:45:55,002] [basehttp.py:154] [basehttp:log_message] [INFO]- "GET /admin/jsi18n/ HTTP/1.1" 200 7684
[2021-11-01 14:45:55,067] [basehttp.py:154] [basehttp:log_message] [INFO]- "GET /favicon.ico HTTP/1.1" 200 21241
[2021-11-01 14:45:56,974] [basehttp.py:154] [basehttp:log_message] [INFO]- "GET /admin/OBIDeviceResult/categoryinfo/1/change/ HTTP/1.1" 200 5359
[2021-11-01 14:45:57,001] [basehttp.py:154] [basehttp:log_message] [INFO]- "GET /admin/jsi18n/ HTTP/1.1" 200 7684
[2021-11-01 14:45:57,052] [basehttp.py:154] [basehttp:log_message] [INFO]- "GET /favicon.ico HTTP/1.1" 200 21241
[2021-11-01 14:45:58,811] [basehttp.py:154] [basehttp:log_message] [INFO]- "GET /admin/OBIDeviceResult/categoryinfo/ HTTP/1.1" 200 4471
[2021-11-01 14:45:58,867] [basehttp.py:154] [basehttp:log_message] [INFO]- "GET /favicon.ico HTTP/1.1" 200 21241
[2021-11-01 15:53:22,560] [basehttp.py:154] [basehttp:log_message] [INFO]- "GET /index/ HTTP/1.1" 200 45972
[2021-11-01 15:53:22,658] [basehttp.py:154] [basehttp:log_message] [INFO]- "GET /index/ HTTP/1.1" 200 45972
[2021-11-01 15:53:22,677] [basehttp.py:154] [basehttp:log_message] [WARNING]- "GET /static/css/bootstrap.min.css.map HTTP/1.1" 404 1800
[2021-11-01 15:53:22,702] [basehttp.py:154] [basehttp:log_message] [WARNING]- "GET /static/js/lib/bootstrap.min.js.map HTTP/1.1" 404 1806
[2021-11-01 15:53:22,772] [basehttp.py:154] [basehttp:log_message] [WARNING]- "GET /static/js/lib/bootstrap.min.js.map HTTP/1.1" 404 1806
[2021-11-01 15:53:22,837] [basehttp.py:154] [basehttp:log_message] [WARNING]- "GET /static/js/axios.min.map HTTP/1.1" 404 1773
[2021-11-01 15:53:22,966] [basehttp.py:154] [basehttp:log_message] [INFO]- "GET /favicon.ico HTTP/1.1" 200 21241
[2021-11-01 15:53:30,091] [basehttp.py:154] [basehttp:log_message] [INFO]- "GET /OBIDeviceResult/OBIDeviceResult_edit/ HTTP/1.1" 200 62405
[2021-11-01 15:53:30,213] [basehttp.py:154] [basehttp:log_message] [WARNING]- "GET /static/js/lib/bootstrap.min.js.map HTTP/1.1" 404 1806
[2021-11-01 15:53:30,215] [basehttp.py:154] [basehttp:log_message] [WARNING]- "GET /static/css/bootstrap.min.css.map HTTP/1.1" 404 1800
[2021-11-01 15:53:30,316] [basehttp.py:154] [basehttp:log_message] [WARNING]- "GET /static/js/axios.min.map HTTP/1.1" 404 1773
[2021-11-01 15:53:30,568] [UserIP.py:87] [UserIP:process_response] [INFO]- 2021-11-01 15:53:30 C1010S3>Edwin None>LAPTOP-VA9VPAO8>417 127.0.0.1 127.0.0.1 /OBIDeviceResult/OBIDeviceResult_edit/ POST
[2021-11-01 15:53:30,577] [basehttp.py:154] [basehttp:log_message] [INFO]- "POST /OBIDeviceResult/OBIDeviceResult_edit/ HTTP/1.1" 200 1966
[2021-11-01 15:53:30,643] [basehttp.py:154] [basehttp:log_message] [INFO]- "GET /favicon.ico HTTP/1.1" 200 21241
[2021-11-01 15:54:01,218] [UserIP.py:87] [UserIP:process_response] [INFO]- 2021-11-01 15:54:01 C1010S3>Edwin None>LAPTOP-VA9VPAO8>417 127.0.0.1 127.0.0.1 /OBIDeviceResult/OBIDeviceResult_edit/ POST
[2021-11-01 15:54:01,227] [basehttp.py:154] [basehttp:log_message] [INFO]- "POST /OBIDeviceResult/OBIDeviceResult_edit/ HTTP/1.1" 200 1966
[2021-11-01 15:54:12,315] [log.py:228] [log:log_response] [ERROR]- Internal Server Error: /OBIDeviceResult/OBIDeviceResult_edit/
Traceback (most recent call last):
  File "C:\Python372\mecheck\lib\site-packages\django\core\handlers\exception.py", line 34, in inner
    response = get_response(request)
  File "C:\Python372\mecheck\lib\site-packages\django\core\handlers\base.py", line 126, in _get_response
    response = self.process_exception_by_middleware(e, request)
  File "C:\Python372\mecheck\lib\site-packages\django\core\handlers\base.py", line 124, in _get_response
    response = wrapped_callback(request, *callback_args, **callback_kwargs)
  File "C:\Python372\mecheck\lib\site-packages\django\views\decorators\csrf.py", line 54, in wrapped_view
    return view_func(*args, **kwargs)
  File "C:\djangoproject\Reliability_Row_data\OBIDeviceResult\views.py", line 825, in OBIDeviceResult_edit
    check_Result = OBIDeviceResult.objects.filter(**checkOBI)
  File "C:\Python372\mecheck\lib\site-packages\django\db\models\manager.py", line 82, in manager_method
    return getattr(self.get_queryset(), name)(*args, **kwargs)
  File "C:\Python372\mecheck\lib\site-packages\django\db\models\query.py", line 844, in filter
    return self._filter_or_exclude(False, *args, **kwargs)
  File "C:\Python372\mecheck\lib\site-packages\django\db\models\query.py", line 862, in _filter_or_exclude
    clone.query.add_q(Q(*args, **kwargs))
  File "C:\Python372\mecheck\lib\site-packages\django\db\models\sql\query.py", line 1263, in add_q
    clause, _ = self._add_q(q_object, self.used_aliases)
  File "C:\Python372\mecheck\lib\site-packages\django\db\models\sql\query.py", line 1287, in _add_q
    split_subq=split_subq,
  File "C:\Python372\mecheck\lib\site-packages\django\db\models\sql\query.py", line 1164, in build_filter
    lookups, parts, reffed_expression = self.solve_lookup_type(arg)
  File "C:\Python372\mecheck\lib\site-packages\django\db\models\sql\query.py", line 1028, in solve_lookup_type
    _, field, _, lookup_parts = self.names_to_path(lookup_splitted, self.get_meta())
  File "C:\Python372\mecheck\lib\site-packages\django\db\models\sql\query.py", line 1389, in names_to_path
    "Choices are: %s" % (name, ", ".join(available)))
django.core.exceptions.FieldError: Cannot resolve keyword 'ProjectName' into field. Choices are: Category, Comments, Customer, DeviceNo, Devicename, FWversion, HWIDversion, PN, Platform, Project, Series, Softwareversion, TestPhase, Testresult, edit_time, editor, id
[2021-11-01 15:54:12,318] [UserIP.py:89] [UserIP:process_response] [CRITICAL]- 系统错误
[2021-11-01 15:54:12,319] [basehttp.py:154] [basehttp:log_message] [ERROR]- "POST /OBIDeviceResult/OBIDeviceResult_edit/ HTTP/1.1" 500 143750
[2021-11-01 15:55:21,527] [UserIP.py:87] [UserIP:process_response] [INFO]- 2021-11-01 15:55:21 C1010S3>Edwin None>LAPTOP-VA9VPAO8>417 127.0.0.1 127.0.0.1 /OBIDeviceResult/OBIDeviceResult_edit/ POST
[2021-11-01 15:55:21,536] [basehttp.py:154] [basehttp:log_message] [INFO]- "POST /OBIDeviceResult/OBIDeviceResult_edit/ HTTP/1.1" 200 2155
[2021-11-01 15:55:40,303] [UserIP.py:87] [UserIP:process_response] [INFO]- 2021-11-01 15:55:40 C1010S3>Edwin None>LAPTOP-VA9VPAO8>417 127.0.0.1 127.0.0.1 /OBIDeviceResult/OBIDeviceResult_edit/ POST
[2021-11-01 15:55:40,311] [basehttp.py:154] [basehttp:log_message] [INFO]- "POST /OBIDeviceResult/OBIDeviceResult_edit/ HTTP/1.1" 200 2155
[2021-11-01 15:56:55,684] [UserIP.py:87] [UserIP:process_response] [INFO]- 2021-11-01 15:56:55 C1010S3>Edwin None>LAPTOP-VA9VPAO8>417 127.0.0.1 127.0.0.1 /OBIDeviceResult/OBIDeviceResult_edit/ POST
[2021-11-01 15:56:55,694] [basehttp.py:154] [basehttp:log_message] [INFO]- "POST /OBIDeviceResult/OBIDeviceResult_edit/ HTTP/1.1" 200 2155
[2021-11-01 16:15:37,391] [basehttp.py:154] [basehttp:log_message] [INFO]- "GET /OBIDeviceResult/OBIDeviceResult_edit/ HTTP/1.1" 302 0
[2021-11-01 16:15:37,399] [basehttp.py:154] [basehttp:log_message] [INFO]- "GET /login/ HTTP/1.1" 200 4677
[2021-11-01 16:15:37,442] [basehttp.py:154] [basehttp:log_message] [INFO]- "GET /static/vendor/bootstrap/js/bootstrap.bundle.min.js.map HTTP/1.1" 200 303386
[2021-11-01 16:15:37,473] [basehttp.py:154] [basehttp:log_message] [WARNING]- "GET /static/css/bootstrap.min.css.map HTTP/1.1" 404 1800
[2021-11-01 16:15:37,477] [basehttp.py:154] [basehttp:log_message] [INFO]- "GET /favicon.ico HTTP/1.1" 302 0
[2021-11-01 16:15:37,493] [basehttp.py:154] [basehttp:log_message] [INFO]- "GET /login/ HTTP/1.1" 200 4677
[2021-11-01 16:15:41,303] [UserIP.py:89] [UserIP:process_response] [CRITICAL]- 系统错误
[2021-11-01 16:15:41,314] [basehttp.py:154] [basehttp:log_message] [INFO]- "POST /login/ HTTP/1.1" 302 0
[2021-11-01 16:15:41,379] [basehttp.py:154] [basehttp:log_message] [INFO]- "GET /index/ HTTP/1.1" 200 45972
[2021-11-01 16:15:41,474] [basehttp.py:154] [basehttp:log_message] [INFO]- "GET /index/ HTTP/1.1" 200 45972
[2021-11-01 16:15:41,485] [basehttp.py:154] [basehttp:log_message] [WARNING]- "GET /static/css/bootstrap.min.css.map HTTP/1.1" 404 1800
[2021-11-01 16:15:41,500] [basehttp.py:154] [basehttp:log_message] [WARNING]- "GET /static/js/lib/bootstrap.min.js.map HTTP/1.1" 404 1806
[2021-11-01 16:15:41,699] [basehttp.py:154] [basehttp:log_message] [WARNING]- "GET /static/js/lib/bootstrap.min.js.map HTTP/1.1" 404 1806
[2021-11-01 16:15:41,699] [basehttp.py:154] [basehttp:log_message] [WARNING]- "GET /static/js/axios.min.map HTTP/1.1" 404 1773
[2021-11-01 16:15:41,777] [basehttp.py:154] [basehttp:log_message] [INFO]- "GET /favicon.ico HTTP/1.1" 200 21241
[2021-11-01 16:15:56,264] [basehttp.py:154] [basehttp:log_message] [INFO]- "GET /OBIDeviceResult/OBIDeviceResult_edit/ HTTP/1.1" 200 62405
[2021-11-01 16:15:56,366] [basehttp.py:154] [basehttp:log_message] [WARNING]- "GET /static/css/bootstrap.min.css.map HTTP/1.1" 404 1800
[2021-11-01 16:15:56,377] [basehttp.py:154] [basehttp:log_message] [WARNING]- "GET /static/js/lib/bootstrap.min.js.map HTTP/1.1" 404 1806
[2021-11-01 16:15:56,621] [basehttp.py:154] [basehttp:log_message] [WARNING]- "GET /static/js/axios.min.map HTTP/1.1" 404 1773
[2021-11-01 16:15:56,836] [UserIP.py:87] [UserIP:process_response] [INFO]- 2021-11-01 16:15:56 C1010S3>Edwin None>LAPTOP-VA9VPAO8>417 127.0.0.1 127.0.0.1 /OBIDeviceResult/OBIDeviceResult_edit/ POST
[2021-11-01 16:15:56,845] [basehttp.py:154] [basehttp:log_message] [INFO]- "POST /OBIDeviceResult/OBIDeviceResult_edit/ HTTP/1.1" 200 1966
[2021-11-01 16:15:56,885] [basehttp.py:154] [basehttp:log_message] [INFO]- "GET /favicon.ico HTTP/1.1" 200 21241
[2021-11-01 16:16:04,668] [UserIP.py:87] [UserIP:process_response] [INFO]- 2021-11-01 16:16:04 C1010S3>Edwin None>LAPTOP-VA9VPAO8>417 127.0.0.1 127.0.0.1 /OBIDeviceResult/OBIDeviceResult_edit/ POST
[2021-11-01 16:16:04,678] [basehttp.py:154] [basehttp:log_message] [INFO]- "POST /OBIDeviceResult/OBIDeviceResult_edit/ HTTP/1.1" 200 1966
[2021-11-01 16:16:22,514] [UserIP.py:87] [UserIP:process_response] [INFO]- 2021-11-01 16:16:22 C1010S3>Edwin None>LAPTOP-VA9VPAO8>417 127.0.0.1 127.0.0.1 /OBIDeviceResult/OBIDeviceResult_edit/ POST
[2021-11-01 16:16:22,522] [basehttp.py:154] [basehttp:log_message] [INFO]- "POST /OBIDeviceResult/OBIDeviceResult_edit/ HTTP/1.1" 200 2181
[2021-11-01 16:18:21,984] [UserIP.py:87] [UserIP:process_response] [INFO]- 2021-11-01 16:18:21 C1010S3>Edwin None>LAPTOP-VA9VPAO8>417 127.0.0.1 127.0.0.1 /OBIDeviceResult/OBIDeviceResult_edit/ POST
[2021-11-01 16:18:21,996] [basehttp.py:154] [basehttp:log_message] [INFO]- "POST /OBIDeviceResult/OBIDeviceResult_edit/ HTTP/1.1" 200 2181
[2021-11-01 16:19:59,926] [UserIP.py:87] [UserIP:process_response] [INFO]- 2021-11-01 16:19:59 C1010S3>Edwin None>LAPTOP-VA9VPAO8>417 127.0.0.1 127.0.0.1 /OBIDeviceResult/OBIDeviceResult_edit/ POST
[2021-11-01 16:19:59,934] [basehttp.py:154] [basehttp:log_message] [INFO]- "POST /OBIDeviceResult/OBIDeviceResult_edit/ HTTP/1.1" 200 2181
[2021-11-01 16:24:42,218] [UserIP.py:87] [UserIP:process_response] [INFO]- 2021-11-01 16:24:42 C1010S3>Edwin None>LAPTOP-VA9VPAO8>417 127.0.0.1 127.0.0.1 /OBIDeviceResult/OBIDeviceResult_edit/ POST
[2021-11-01 16:24:42,225] [basehttp.py:154] [basehttp:log_message] [INFO]- "POST /OBIDeviceResult/OBIDeviceResult_edit/ HTTP/1.1" 200 1966
[2021-11-01 16:25:32,166] [UserIP.py:87] [UserIP:process_response] [INFO]- 2021-11-01 16:25:32 C1010S3>Edwin None>LAPTOP-VA9VPAO8>417 127.0.0.1 127.0.0.1 /OBIDeviceResult/OBIDeviceResult_edit/ POST
[2021-11-01 16:25:32,174] [basehttp.py:154] [basehttp:log_message] [INFO]- "POST /OBIDeviceResult/OBIDeviceResult_edit/ HTTP/1.1" 200 1966
[2021-11-01 16:26:09,039] [UserIP.py:87] [UserIP:process_response] [INFO]- 2021-11-01 16:26:09 C1010S3>Edwin None>LAPTOP-VA9VPAO8>417 127.0.0.1 127.0.0.1 /OBIDeviceResult/OBIDeviceResult_edit/ POST
[2021-11-01 16:26:09,046] [basehttp.py:154] [basehttp:log_message] [INFO]- "POST /OBIDeviceResult/OBIDeviceResult_edit/ HTTP/1.1" 200 1966
[2021-11-01 16:26:13,350] [UserIP.py:87] [UserIP:process_response] [INFO]- 2021-11-01 16:26:13 C1010S3>Edwin None>LAPTOP-VA9VPAO8>417 127.0.0.1 127.0.0.1 /OBIDeviceResult/OBIDeviceResult_edit/ POST
[2021-11-01 16:26:13,358] [basehttp.py:154] [basehttp:log_message] [INFO]- "POST /OBIDeviceResult/OBIDeviceResult_edit/ HTTP/1.1" 200 2210
[2021-11-02 09:04:42,430] [basehttp.py:154] [basehttp:log_message] [INFO]- "GET /OBIDeviceResult/OBIDeviceResult_edit/ HTTP/1.1" 302 0
[2021-11-02 09:04:42,441] [basehttp.py:154] [basehttp:log_message] [INFO]- "GET /login/ HTTP/1.1" 200 4677
[2021-11-02 09:04:42,525] [basehttp.py:154] [basehttp:log_message] [WARNING]- "GET /static/css/bootstrap.min.css.map HTTP/1.1" 404 1800
[2021-11-02 09:04:42,550] [basehttp.py:154] [basehttp:log_message] [INFO]- "GET /static/vendor/bootstrap/js/bootstrap.bundle.min.js.map HTTP/1.1" 200 303386
[2021-11-02 09:04:42,565] [basehttp.py:154] [basehttp:log_message] [INFO]- "GET /favicon.ico HTTP/1.1" 302 0
[2021-11-02 09:04:42,568] [basehttp.py:154] [basehttp:log_message] [INFO]- "GET /login/ HTTP/1.1" 200 4677
[2021-11-02 09:04:44,679] [UserIP.py:89] [UserIP:process_response] [CRITICAL]- 系统错误
[2021-11-02 09:04:44,692] [basehttp.py:154] [basehttp:log_message] [INFO]- "POST /login/ HTTP/1.1" 302 0
[2021-11-02 09:04:44,777] [basehttp.py:154] [basehttp:log_message] [INFO]- "GET /index/ HTTP/1.1" 200 45972
[2021-11-02 09:04:44,796] [basehttp.py:154] [basehttp:log_message] [INFO]- "GET /static/css/lib/menubar/sidebar.css HTTP/1.1" 304 0
[2021-11-02 09:04:44,889] [basehttp.py:154] [basehttp:log_message] [INFO]- "GET /index/ HTTP/1.1" 200 45972
[2021-11-02 09:04:44,906] [basehttp.py:154] [basehttp:log_message] [WARNING]- "GET /static/js/lib/bootstrap.min.js.map HTTP/1.1" 404 1806
[2021-11-02 09:04:44,908] [basehttp.py:154] [basehttp:log_message] [WARNING]- "GET /static/css/bootstrap.min.css.map HTTP/1.1" 404 1800
[2021-11-02 09:04:45,114] [basehttp.py:154] [basehttp:log_message] [WARNING]- "GET /static/js/axios.min.map HTTP/1.1" 404 1773
[2021-11-02 09:04:45,115] [basehttp.py:154] [basehttp:log_message] [WARNING]- "GET /static/js/lib/bootstrap.min.js.map HTTP/1.1" 404 1806
[2021-11-02 09:04:45,227] [basehttp.py:154] [basehttp:log_message] [INFO]- "GET /favicon.ico HTTP/1.1" 200 21241
[2021-11-02 09:05:09,808] [basehttp.py:154] [basehttp:log_message] [INFO]- "GET /OBIDeviceResult/OBIDeviceResult_edit/ HTTP/1.1" 200 62405
[2021-11-02 09:05:09,923] [basehttp.py:154] [basehttp:log_message] [WARNING]- "GET /static/js/lib/bootstrap.min.js.map HTTP/1.1" 404 1806
[2021-11-02 09:05:09,923] [basehttp.py:154] [basehttp:log_message] [WARNING]- "GET /static/css/bootstrap.min.css.map HTTP/1.1" 404 1800
[2021-11-02 09:05:10,113] [basehttp.py:154] [basehttp:log_message] [WARNING]- "GET /static/js/axios.min.map HTTP/1.1" 404 1773
[2021-11-02 09:05:10,357] [UserIP.py:87] [UserIP:process_response] [INFO]- 2021-11-02 09:05:10 C1010S3>Edwin None>LAPTOP-VA9VPAO8>417 127.0.0.1 127.0.0.1 /OBIDeviceResult/OBIDeviceResult_edit/ POST
[2021-11-02 09:05:10,366] [basehttp.py:154] [basehttp:log_message] [INFO]- "POST /OBIDeviceResult/OBIDeviceResult_edit/ HTTP/1.1" 200 1966
[2021-11-02 09:05:10,375] [basehttp.py:154] [basehttp:log_message] [INFO]- "GET /favicon.ico HTTP/1.1" 200 21241
[2021-11-02 09:05:59,198] [UserIP.py:87] [UserIP:process_response] [INFO]- 2021-11-02 09:05:59 C1010S3>Edwin None>LAPTOP-VA9VPAO8>417 127.0.0.1 127.0.0.1 /OBIDeviceResult/OBIDeviceResult_edit/ POST
[2021-11-02 09:05:59,207] [basehttp.py:154] [basehttp:log_message] [INFO]- "POST /OBIDeviceResult/OBIDeviceResult_edit/ HTTP/1.1" 200 1966
[2021-11-02 09:06:19,899] [UserIP.py:87] [UserIP:process_response] [INFO]- 2021-11-02 09:06:19 C1010S3>Edwin None>LAPTOP-VA9VPAO8>417 127.0.0.1 127.0.0.1 /OBIDeviceResult/OBIDeviceResult_edit/ POST
[2021-11-02 09:06:19,908] [basehttp.py:154] [basehttp:log_message] [INFO]- "POST /OBIDeviceResult/OBIDeviceResult_edit/ HTTP/1.1" 200 1966
[2021-11-02 09:06:29,513] [UserIP.py:87] [UserIP:process_response] [INFO]- 2021-11-02 09:06:29 C1010S3>Edwin None>LAPTOP-VA9VPAO8>417 127.0.0.1 127.0.0.1 /OBIDeviceResult/OBIDeviceResult_edit/ POST
[2021-11-02 09:06:29,526] [basehttp.py:154] [basehttp:log_message] [INFO]- "POST /OBIDeviceResult/OBIDeviceResult_edit/ HTTP/1.1" 200 2210
