[2021-11-17 08:57:14,762] [basehttp.py:154] [basehttp:log_message] [INFO]- "GET /CQM/CQMSeriv/?username=C1010S3&password=12345678 HTTP/1.1" 200 2
[2021-11-17 08:57:14,793] [basehttp.py:154] [basehttp:log_message] [INFO]- "GET /favicon.ico HTTP/1.1" 302 0
[2021-11-17 08:57:14,797] [basehttp.py:154] [basehttp:log_message] [INFO]- "GET /login/ HTTP/1.1" 200 4677
[2021-11-17 08:59:10,305] [basehttp.py:154] [basehttp:log_message] [INFO]- "GET /CQM/CQMSeriv/?username=C1010S3&password=12345678 HTTP/1.1" 200 2
[2021-11-17 08:59:10,336] [basehttp.py:154] [basehttp:log_message] [INFO]- "GET /favicon.ico HTTP/1.1" 302 0
[2021-11-17 08:59:10,342] [basehttp.py:154] [basehttp:log_message] [INFO]- "GET /login/ HTTP/1.1" 200 4677
[2021-11-17 09:04:10,514] [basehttp.py:154] [basehttp:log_message] [INFO]- "GET /CQM/CQMSeriv/?username=C1010S3&password=12345678 HTTP/1.1" 200 2
[2021-11-17 09:04:10,545] [basehttp.py:154] [basehttp:log_message] [INFO]- "GET /favicon.ico HTTP/1.1" 302 0
[2021-11-17 09:04:10,549] [basehttp.py:154] [basehttp:log_message] [INFO]- "GET /login/ HTTP/1.1" 200 4677
[2021-11-17 09:07:11,789] [basehttp.py:154] [basehttp:log_message] [INFO]- "GET /CQM/CQMSeriv/?username=C1010S3&password=12345678 HTTP/1.1" 200 2
[2021-11-17 09:07:11,821] [basehttp.py:154] [basehttp:log_message] [INFO]- "GET /favicon.ico HTTP/1.1" 302 0
[2021-11-17 09:07:11,825] [basehttp.py:154] [basehttp:log_message] [INFO]- "GET /login/ HTTP/1.1" 200 4677
[2021-11-17 09:09:38,343] [basehttp.py:154] [basehttp:log_message] [INFO]- "GET /CQM/CQMSeriv/?username=C1010S3&password=12345678 HTTP/1.1" 200 2
[2021-11-17 09:09:38,374] [basehttp.py:154] [basehttp:log_message] [INFO]- "GET /favicon.ico HTTP/1.1" 302 0
[2021-11-17 09:09:38,378] [basehttp.py:154] [basehttp:log_message] [INFO]- "GET /login/ HTTP/1.1" 200 4677
[2021-11-17 09:12:25,740] [basehttp.py:154] [basehttp:log_message] [INFO]- "GET /OBIDeviceResult/OBIDeviceResult_options/ HTTP/1.1" 302 0
[2021-11-17 09:12:25,744] [basehttp.py:154] [basehttp:log_message] [INFO]- "GET /login/ HTTP/1.1" 200 4677
[2021-11-17 09:12:25,821] [basehttp.py:154] [basehttp:log_message] [INFO]- "GET /favicon.ico HTTP/1.1" 302 0
[2021-11-17 09:12:25,823] [basehttp.py:154] [basehttp:log_message] [INFO]- "GET /login/ HTTP/1.1" 200 4677
[2021-11-17 09:12:27,784] [UserIP.py:89] [UserIP:process_response] [CRITICAL]- 系统错误
[2021-11-17 09:12:27,795] [basehttp.py:154] [basehttp:log_message] [INFO]- "POST /login/ HTTP/1.1" 302 0
[2021-11-17 09:12:27,838] [basehttp.py:154] [basehttp:log_message] [INFO]- "GET /index/ HTTP/1.1" 200 45972
[2021-11-17 09:12:27,929] [basehttp.py:154] [basehttp:log_message] [INFO]- "GET /index/ HTTP/1.1" 200 45972
[2021-11-17 09:12:28,168] [basehttp.py:154] [basehttp:log_message] [INFO]- "GET /favicon.ico HTTP/1.1" 200 21241
[2021-11-17 09:12:31,363] [basehttp.py:154] [basehttp:log_message] [INFO]- "GET /admin/ HTTP/1.1" 302 0
[2021-11-17 09:12:31,458] [basehttp.py:154] [basehttp:log_message] [INFO]- "GET /admin/login/?next=/admin/ HTTP/1.1" 200 1821
[2021-11-17 09:12:31,470] [basehttp.py:154] [basehttp:log_message] [INFO]- "GET /static/admin/css/login.css HTTP/1.1" 200 1203
[2021-11-17 09:12:31,470] [basehttp.py:154] [basehttp:log_message] [INFO]- "GET /static/admin/css/base.css HTTP/1.1" 200 16225
[2021-11-17 09:12:31,470] [basehttp.py:154] [basehttp:log_message] [INFO]- "GET /static/admin/css/responsive.css HTTP/1.1" 200 17976
[2021-11-17 09:12:31,475] [basehttp.py:154] [basehttp:log_message] [INFO]- "GET /static/admin/css/fonts.css HTTP/1.1" 200 423
[2021-11-17 09:12:31,492] [basehttp.py:154] [basehttp:log_message] [INFO]- "GET /static/admin/fonts/Roboto-Regular-webfont.woff HTTP/1.1" 200 80304
[2021-11-17 09:12:31,492] [basehttp.py:154] [basehttp:log_message] [INFO]- "GET /static/admin/fonts/Roboto-Light-webfont.woff HTTP/1.1" 200 81348
[2021-11-17 09:12:31,506] [basehttp.py:154] [basehttp:log_message] [INFO]- "GET /favicon.ico HTTP/1.1" 200 21241
[2021-11-17 09:12:37,533] [UserIP.py:89] [UserIP:process_response] [CRITICAL]- 系统错误
[2021-11-17 09:12:37,542] [basehttp.py:154] [basehttp:log_message] [INFO]- "POST /admin/login/?next=/admin/ HTTP/1.1" 302 0
[2021-11-17 09:12:37,650] [basehttp.py:154] [basehttp:log_message] [INFO]- "GET /admin/ HTTP/1.1" 200 38193
[2021-11-17 09:12:37,659] [basehttp.py:154] [basehttp:log_message] [INFO]- "GET /static/admin/css/dashboard.css HTTP/1.1" 200 412
[2021-11-17 09:12:37,665] [basehttp.py:154] [basehttp:log_message] [INFO]- "GET /static/admin/img/icon-addlink.svg HTTP/1.1" 200 331
[2021-11-17 09:12:37,665] [basehttp.py:154] [basehttp:log_message] [INFO]- "GET /static/admin/img/icon-changelink.svg HTTP/1.1" 200 380
[2021-11-17 09:12:37,666] [basehttp.py:154] [basehttp:log_message] [INFO]- "GET /static/admin/img/icon-deletelink.svg HTTP/1.1" 200 392
[2021-11-17 09:12:37,685] [basehttp.py:154] [basehttp:log_message] [INFO]- "GET /static/admin/fonts/Roboto-Bold-webfont.woff HTTP/1.1" 200 82564
[2021-11-17 09:12:37,703] [basehttp.py:154] [basehttp:log_message] [INFO]- "GET /favicon.ico HTTP/1.1" 200 21241
[2021-11-17 09:12:41,048] [basehttp.py:154] [basehttp:log_message] [INFO]- "GET /admin/app01/userinfo/ HTTP/1.1" 200 55932
[2021-11-17 09:12:41,064] [basehttp.py:154] [basehttp:log_message] [INFO]- "GET /static/admin/css/changelists.css HTTP/1.1" 200 6170
[2021-11-17 09:12:41,066] [basehttp.py:154] [basehttp:log_message] [INFO]- "GET /static/admin/js/core.js HTTP/1.1" 200 7135
[2021-11-17 09:12:41,067] [basehttp.py:154] [basehttp:log_message] [INFO]- "GET /static/admin/js/jquery.init.js HTTP/1.1" 200 363
[2021-11-17 09:12:41,068] [basehttp.py:154] [basehttp:log_message] [INFO]- "GET /static/admin/js/admin/RelatedObjectLookups.js HTTP/1.1" 200 6918
[2021-11-17 09:12:41,070] [basehttp.py:154] [basehttp:log_message] [INFO]- "GET /static/admin/js/actions.js HTTP/1.1" 200 6538
[2021-11-17 09:12:41,075] [basehttp.py:154] [basehttp:log_message] [INFO]- "GET /static/admin/js/prepopulate.js HTTP/1.1" 200 1530
[2021-11-17 09:12:41,075] [basehttp.py:154] [basehttp:log_message] [INFO]- "GET /static/admin/js/urlify.js HTTP/1.1" 200 8972
[2021-11-17 09:12:41,076] [basehttp.py:154] [basehttp:log_message] [INFO]- "GET /static/admin/js/vendor/xregexp/xregexp.js HTTP/1.1" 200 128820
[2021-11-17 09:12:41,077] [basehttp.py:154] [basehttp:log_message] [INFO]- "GET /static/admin/js/vendor/jquery/jquery.js HTTP/1.1" 200 271751
[2021-11-17 09:12:41,083] [basehttp.py:154] [basehttp:log_message] [INFO]- "GET /admin/jsi18n/ HTTP/1.1" 200 7684
[2021-11-17 09:12:41,089] [basehttp.py:154] [basehttp:log_message] [INFO]- "GET /static/admin/img/search.svg HTTP/1.1" 200 458
[2021-11-17 09:12:41,105] [basehttp.py:154] [basehttp:log_message] [INFO]- "GET /static/admin/img/tooltag-add.svg HTTP/1.1" 200 331
[2021-11-17 09:12:41,107] [basehttp.py:154] [basehttp:log_message] [INFO]- "GET /static/admin/img/sorting-icons.svg HTTP/1.1" 200 1097
[2021-11-17 09:12:41,157] [basehttp.py:154] [basehttp:log_message] [INFO]- "GET /favicon.ico HTTP/1.1" 200 21241
[2021-11-17 09:12:55,154] [basehttp.py:154] [basehttp:log_message] [INFO]- "GET /admin/app01/userinfo/1/change/ HTTP/1.1" 200 7122
[2021-11-17 09:12:55,168] [basehttp.py:154] [basehttp:log_message] [INFO]- "GET /static/admin/css/forms.css HTTP/1.1" 200 8505
[2021-11-17 09:12:55,172] [basehttp.py:154] [basehttp:log_message] [INFO]- "GET /static/admin/js/change_form.js HTTP/1.1" 200 712
[2021-11-17 09:12:55,173] [basehttp.py:154] [basehttp:log_message] [INFO]- "GET /static/admin/css/widgets.css HTTP/1.1" 200 10340
[2021-11-17 09:12:55,175] [basehttp.py:154] [basehttp:log_message] [INFO]- "GET /static/admin/js/prepopulate_init.js HTTP/1.1" 200 495
[2021-11-17 09:12:55,180] [basehttp.py:154] [basehttp:log_message] [INFO]- "GET /admin/jsi18n/ HTTP/1.1" 200 7684
[2021-11-17 09:12:55,219] [basehttp.py:154] [basehttp:log_message] [INFO]- "GET /favicon.ico HTTP/1.1" 200 21241
[2021-11-17 09:13:02,318] [UserIP.py:89] [UserIP:process_response] [CRITICAL]- 系统错误
[2021-11-17 09:13:02,324] [basehttp.py:154] [basehttp:log_message] [INFO]- "POST /admin/app01/userinfo/1/change/ HTTP/1.1" 302 0
[2021-11-17 09:13:02,459] [basehttp.py:154] [basehttp:log_message] [INFO]- "GET /admin/app01/userinfo/ HTTP/1.1" 200 56100
[2021-11-17 09:13:02,483] [basehttp.py:154] [basehttp:log_message] [INFO]- "GET /admin/jsi18n/ HTTP/1.1" 200 7684
[2021-11-17 09:13:02,496] [basehttp.py:154] [basehttp:log_message] [INFO]- "GET /static/admin/img/icon-yes.svg HTTP/1.1" 200 436
[2021-11-17 09:13:02,540] [basehttp.py:154] [basehttp:log_message] [INFO]- "GET /favicon.ico HTTP/1.1" 200 21241
[2021-11-17 09:13:15,484] [basehttp.py:154] [basehttp:log_message] [INFO]- "GET /CQM/CQMSeriv/?username=C1010S3&password=12345678 HTTP/1.1" 200 2
[2021-11-17 09:13:15,506] [basehttp.py:154] [basehttp:log_message] [INFO]- "GET /favicon.ico HTTP/1.1" 200 21241
[2021-11-17 09:17:06,956] [log.py:228] [log:log_response] [ERROR]- Internal Server Error: /CQM/CQMSeriv/
Traceback (most recent call last):
  File "C:\Python372\mecheck\lib\site-packages\django\core\handlers\exception.py", line 34, in inner
    response = get_response(request)
  File "C:\Python372\mecheck\lib\site-packages\django\core\handlers\base.py", line 126, in _get_response
    response = self.process_exception_by_middleware(e, request)
  File "C:\Python372\mecheck\lib\site-packages\django\core\handlers\base.py", line 124, in _get_response
    response = wrapped_callback(request, *callback_args, **callback_kwargs)
  File "C:\Python372\mecheck\lib\site-packages\django\views\decorators\csrf.py", line 54, in wrapped_view
    return view_func(*args, **kwargs)
  File "C:\Python372\mecheck\lib\site-packages\django\views\generic\base.py", line 68, in view
    return self.dispatch(request, *args, **kwargs)
  File "C:\Python372\mecheck\lib\site-packages\rest_framework\views.py", line 505, in dispatch
    response = self.handle_exception(exc)
  File "C:\Python372\mecheck\lib\site-packages\rest_framework\views.py", line 465, in handle_exception
    self.raise_uncaught_exception(exc)
  File "C:\Python372\mecheck\lib\site-packages\rest_framework\views.py", line 476, in raise_uncaught_exception
    raise exc
  File "C:\Python372\mecheck\lib\site-packages\rest_framework\views.py", line 493, in dispatch
    self.initial(request, *args, **kwargs)
  File "C:\Python372\mecheck\lib\site-packages\rest_framework\views.py", line 411, in initial
    self.check_permissions(request)
  File "C:\Python372\mecheck\lib\site-packages\rest_framework\views.py", line 332, in check_permissions
    if not permission.has_permission(request, self):
  File "C:\djangoproject\Reliability_Row_data\INVGantt\permissions.py", line 29, in has_permission
    group = Role.objects.filter(account="admin").first()
  File "C:\Python372\mecheck\lib\site-packages\django\db\models\manager.py", line 82, in manager_method
    return getattr(self.get_queryset(), name)(*args, **kwargs)
  File "C:\Python372\mecheck\lib\site-packages\django\db\models\query.py", line 844, in filter
    return self._filter_or_exclude(False, *args, **kwargs)
  File "C:\Python372\mecheck\lib\site-packages\django\db\models\query.py", line 862, in _filter_or_exclude
    clone.query.add_q(Q(*args, **kwargs))
  File "C:\Python372\mecheck\lib\site-packages\django\db\models\sql\query.py", line 1263, in add_q
    clause, _ = self._add_q(q_object, self.used_aliases)
  File "C:\Python372\mecheck\lib\site-packages\django\db\models\sql\query.py", line 1287, in _add_q
    split_subq=split_subq,
  File "C:\Python372\mecheck\lib\site-packages\django\db\models\sql\query.py", line 1164, in build_filter
    lookups, parts, reffed_expression = self.solve_lookup_type(arg)
  File "C:\Python372\mecheck\lib\site-packages\django\db\models\sql\query.py", line 1028, in solve_lookup_type
    _, field, _, lookup_parts = self.names_to_path(lookup_splitted, self.get_meta())
  File "C:\Python372\mecheck\lib\site-packages\django\db\models\sql\query.py", line 1389, in names_to_path
    "Choices are: %s" % (name, ", ".join(available)))
django.core.exceptions.FieldError: Cannot resolve keyword 'account' into field. Choices are: id, name, perms, userinfo
[2021-11-17 09:17:06,959] [basehttp.py:154] [basehttp:log_message] [ERROR]- "GET /CQM/CQMSeriv/?username=C1010S3&password=12345678 HTTP/1.1" 500 150610
[2021-11-17 09:17:07,084] [basehttp.py:154] [basehttp:log_message] [INFO]- "GET /favicon.ico HTTP/1.1" 200 21241
[2021-11-17 09:18:11,079] [basehttp.py:154] [basehttp:log_message] [INFO]- "GET /CQM/CQMSeriv/?username=C1010S3&password=12345678 HTTP/1.1" 200 2
[2021-11-17 09:18:11,129] [basehttp.py:154] [basehttp:log_message] [INFO]- "GET /favicon.ico HTTP/1.1" 200 21241
[2021-11-17 09:19:43,921] [basehttp.py:154] [basehttp:log_message] [INFO]- "GET /CQM/CQMSeriv/?username=C1010S3&password=12345678&Customer=C38 HTTP/1.1" 200 2
[2021-11-17 09:19:43,943] [basehttp.py:154] [basehttp:log_message] [INFO]- "GET /favicon.ico HTTP/1.1" 200 21241
[2021-11-17 09:19:54,320] [basehttp.py:154] [basehttp:log_message] [INFO]- "GET /CQM/CQMSeriv/?username=C1010S3&password=12345678&Customer=C38(NB) HTTP/1.1" 200 1573999
[2021-11-17 09:19:55,899] [basehttp.py:154] [basehttp:log_message] [INFO]- "GET /favicon.ico HTTP/1.1" 200 21241
[2021-11-17 09:28:02,317] [basehttp.py:154] [basehttp:log_message] [INFO]- "GET /CQM/CQMSeriv/?username=C1010S3&password=12345678&Customer=C38(NB) HTTP/1.1" 200 1573999
[2021-11-17 09:28:03,699] [basehttp.py:154] [basehttp:log_message] [INFO]- "GET /favicon.ico HTTP/1.1" 200 21241
[2021-11-17 09:28:09,023] [basehttp.py:154] [basehttp:log_message] [INFO]- "GET /admin/app01/userinfo/2/change/ HTTP/1.1" 200 7134
[2021-11-17 09:28:09,047] [basehttp.py:154] [basehttp:log_message] [INFO]- "GET /admin/jsi18n/ HTTP/1.1" 200 7684
[2021-11-17 09:28:09,094] [basehttp.py:154] [basehttp:log_message] [INFO]- "GET /favicon.ico HTTP/1.1" 200 21241
[2021-11-17 09:28:11,859] [basehttp.py:154] [basehttp:log_message] [INFO]- "GET /admin/app01/userinfo/ HTTP/1.1" 200 55932
[2021-11-17 09:28:11,925] [basehttp.py:154] [basehttp:log_message] [INFO]- "GET /favicon.ico HTTP/1.1" 200 21241
[2021-11-17 16:33:10,767] [basehttp.py:154] [basehttp:log_message] [INFO]- "GET /admin/app01/userinfo/?username=Gu.+Timmy HTTP/1.1" 200 27832
[2021-11-17 16:33:10,802] [basehttp.py:154] [basehttp:log_message] [INFO]- "GET /admin/jsi18n/ HTTP/1.1" 200 7684
[2021-11-17 16:33:10,884] [basehttp.py:154] [basehttp:log_message] [INFO]- "GET /favicon.ico HTTP/1.1" 200 21241
[2021-11-18 08:58:37,898] [basehttp.py:154] [basehttp:log_message] [INFO]- "GET /admin/ HTTP/1.1" 302 0
[2021-11-18 08:58:37,922] [basehttp.py:154] [basehttp:log_message] [INFO]- "GET /admin/login/?next=/admin/ HTTP/1.1" 200 1821
[2021-11-18 08:58:37,947] [basehttp.py:154] [basehttp:log_message] [INFO]- "GET /favicon.ico HTTP/1.1" 302 0
[2021-11-18 08:58:37,951] [basehttp.py:154] [basehttp:log_message] [INFO]- "GET /login/ HTTP/1.1" 200 4677
[2021-11-18 08:58:40,083] [UserIP.py:89] [UserIP:process_response] [CRITICAL]- 系统错误
[2021-11-18 08:58:40,091] [basehttp.py:154] [basehttp:log_message] [INFO]- "POST /admin/login/?next=/admin/ HTTP/1.1" 302 0
[2021-11-18 08:58:40,286] [basehttp.py:154] [basehttp:log_message] [INFO]- "GET /admin/ HTTP/1.1" 200 38217
[2021-11-18 08:58:40,327] [basehttp.py:154] [basehttp:log_message] [INFO]- "GET /favicon.ico HTTP/1.1" 302 0
[2021-11-18 08:58:40,354] [basehttp.py:154] [basehttp:log_message] [INFO]- "GET /login/ HTTP/1.1" 200 4677
[2021-11-18 08:58:42,816] [basehttp.py:154] [basehttp:log_message] [INFO]- "GET /admin/app01/permission/ HTTP/1.1" 200 45381
[2021-11-18 08:58:42,850] [basehttp.py:154] [basehttp:log_message] [INFO]- "GET /admin/jsi18n/ HTTP/1.1" 200 7684
[2021-11-18 08:58:42,914] [basehttp.py:154] [basehttp:log_message] [INFO]- "GET /favicon.ico HTTP/1.1" 302 0
[2021-11-18 08:58:42,926] [basehttp.py:154] [basehttp:log_message] [INFO]- "GET /login/ HTTP/1.1" 200 4677
[2021-11-18 08:58:44,411] [basehttp.py:154] [basehttp:log_message] [INFO]- "GET /admin/app01/permission/39/change/ HTTP/1.1" 200 7291
[2021-11-18 08:58:44,437] [basehttp.py:154] [basehttp:log_message] [INFO]- "GET /admin/jsi18n/ HTTP/1.1" 200 7684
[2021-11-18 08:58:44,471] [basehttp.py:154] [basehttp:log_message] [INFO]- "GET /favicon.ico HTTP/1.1" 302 0
[2021-11-18 08:58:44,492] [basehttp.py:154] [basehttp:log_message] [INFO]- "GET /login/ HTTP/1.1" 200 4677
[2021-11-18 08:59:54,527] [basehttp.py:154] [basehttp:log_message] [INFO]- "GET /admin/app01/permission/ HTTP/1.1" 200 45381
[2021-11-18 08:59:54,592] [basehttp.py:154] [basehttp:log_message] [INFO]- "GET /favicon.ico HTTP/1.1" 302 0
[2021-11-18 08:59:54,616] [basehttp.py:154] [basehttp:log_message] [INFO]- "GET /login/ HTTP/1.1" 200 4677
[2021-11-18 08:59:58,875] [basehttp.py:154] [basehttp:log_message] [INFO]- "GET /admin/ HTTP/1.1" 200 38217
[2021-11-18 08:59:58,911] [basehttp.py:154] [basehttp:log_message] [INFO]- "GET /favicon.ico HTTP/1.1" 302 0
[2021-11-18 08:59:58,934] [basehttp.py:154] [basehttp:log_message] [INFO]- "GET /login/ HTTP/1.1" 200 4677
[2021-11-18 09:00:01,842] [basehttp.py:154] [basehttp:log_message] [INFO]- "GET /admin/app01/menu/ HTTP/1.1" 200 12058
[2021-11-18 09:00:01,879] [basehttp.py:154] [basehttp:log_message] [INFO]- "GET /admin/jsi18n/ HTTP/1.1" 200 7684
[2021-11-18 09:00:01,925] [basehttp.py:154] [basehttp:log_message] [INFO]- "GET /favicon.ico HTTP/1.1" 302 0
[2021-11-18 09:00:01,958] [basehttp.py:154] [basehttp:log_message] [INFO]- "GET /login/ HTTP/1.1" 200 4677
[2021-11-18 09:00:05,548] [basehttp.py:154] [basehttp:log_message] [INFO]- "GET /admin/ HTTP/1.1" 200 38217
[2021-11-18 09:00:05,590] [basehttp.py:154] [basehttp:log_message] [INFO]- "GET /favicon.ico HTTP/1.1" 302 0
[2021-11-18 09:00:05,621] [basehttp.py:154] [basehttp:log_message] [INFO]- "GET /login/ HTTP/1.1" 200 4677
