[2022-06-08 09:12:44,252] [basehttp.py:154] [basehttp:log_message] [INFO]- "GET /CQM/CQMSeriv/?Project=GLMS1 HTTP/1.1" 200 43307
[2022-06-08 09:12:44,295] [basehttp.py:154] [basehttp:log_message] [INFO]- "GET /favicon.ico HTTP/1.1" 200 22499
[2022-06-08 09:12:46,082] [basehttp.py:154] [basehttp:log_message] [INFO]- "GET /CQM/CQMSeriv/?Project=GLMS1 HTTP/1.1" 200 43307
[2022-06-08 09:12:46,146] [basehttp.py:154] [basehttp:log_message] [INFO]- "GET /favicon.ico HTTP/1.1" 200 22499
[2022-06-08 09:12:57,553] [basehttp.py:154] [basehttp:log_message] [INFO]- "GET /admin/auth/user/9/change/ HTTP/1.1" 200 40482
[2022-06-08 09:12:57,597] [basehttp.py:154] [basehttp:log_message] [INFO]- "GET /admin/jsi18n/ HTTP/1.1" 200 7684
[2022-06-08 09:12:57,731] [basehttp.py:154] [basehttp:log_message] [INFO]- "GET /favicon.ico HTTP/1.1" 200 22499
[2022-06-08 09:17:34,562] [basehttp.py:154] [basehttp:log_message] [INFO]- "GET /CQM/CQMSeriv/?Project=GLMS1 HTTP/1.1" 200 43307
[2022-06-08 09:17:34,623] [basehttp.py:154] [basehttp:log_message] [INFO]- "GET /favicon.ico HTTP/1.1" 200 22499
[2022-06-08 09:17:36,043] [basehttp.py:154] [basehttp:log_message] [INFO]- "GET /CQM/CQMSeriv/?Project=GLMS1 HTTP/1.1" 200 43307
[2022-06-08 09:17:36,093] [basehttp.py:154] [basehttp:log_message] [INFO]- "GET /favicon.ico HTTP/1.1" 200 22499
[2022-06-08 09:17:36,240] [basehttp.py:154] [basehttp:log_message] [INFO]- "GET /CQM/CQMSeriv/?Project=GLMS1 HTTP/1.1" 200 43307
[2022-06-08 09:17:36,267] [basehttp.py:154] [basehttp:log_message] [INFO]- "GET /favicon.ico HTTP/1.1" 200 22499
[2022-06-08 09:17:36,592] [basehttp.py:154] [basehttp:log_message] [INFO]- "GET /CQM/CQMSeriv/?Project=GLMS1 HTTP/1.1" 200 43307
[2022-06-08 09:17:36,630] [basehttp.py:154] [basehttp:log_message] [INFO]- "GET /favicon.ico HTTP/1.1" 200 22499
[2022-06-08 09:17:36,811] [basehttp.py:154] [basehttp:log_message] [INFO]- "GET /CQM/CQMSeriv/?Project=GLMS1 HTTP/1.1" 200 43307
[2022-06-08 09:17:36,848] [basehttp.py:154] [basehttp:log_message] [INFO]- "GET /favicon.ico HTTP/1.1" 200 22499
[2022-06-08 09:17:37,094] [basehttp.py:154] [basehttp:log_message] [INFO]- "GET /CQM/CQMSeriv/?Project=GLMS1 HTTP/1.1" 200 43307
[2022-06-08 09:17:37,134] [basehttp.py:154] [basehttp:log_message] [INFO]- "GET /favicon.ico HTTP/1.1" 200 22499
[2022-06-08 09:17:38,161] [basehttp.py:154] [basehttp:log_message] [INFO]- "GET /CQM/CQMSeriv/?Project=GLMS1 HTTP/1.1" 200 43307
[2022-06-08 09:17:38,200] [basehttp.py:154] [basehttp:log_message] [INFO]- "GET /favicon.ico HTTP/1.1" 200 22499
[2022-06-08 09:17:38,416] [basehttp.py:154] [basehttp:log_message] [INFO]- "GET /CQM/CQMSeriv/?Project=GLMS1 HTTP/1.1" 200 43307
[2022-06-08 09:17:38,447] [basehttp.py:154] [basehttp:log_message] [INFO]- "GET /favicon.ico HTTP/1.1" 200 22499
[2022-06-08 09:17:51,245] [basehttp.py:154] [basehttp:log_message] [INFO]- "GET /admin/logout/ HTTP/1.1" 200 1208
[2022-06-08 09:17:51,273] [basehttp.py:154] [basehttp:log_message] [INFO]- "GET /favicon.ico HTTP/1.1" 302 0
[2022-06-08 09:17:51,280] [basehttp.py:154] [basehttp:log_message] [INFO]- "GET /login/ HTTP/1.1" 200 4677
[2022-06-08 09:17:53,266] [basehttp.py:154] [basehttp:log_message] [INFO]- "GET /admin/ HTTP/1.1" 302 0
[2022-06-08 09:17:53,293] [basehttp.py:154] [basehttp:log_message] [INFO]- "GET /admin/login/?next=/admin/ HTTP/1.1" 200 1821
[2022-06-08 09:17:53,311] [basehttp.py:154] [basehttp:log_message] [INFO]- "GET /favicon.ico HTTP/1.1" 302 0
[2022-06-08 09:17:53,314] [basehttp.py:154] [basehttp:log_message] [INFO]- "GET /login/ HTTP/1.1" 200 4677
[2022-06-08 09:17:57,023] [UserIP.py:89] [UserIP:process_response] [CRITICAL]- 系统错误
[2022-06-08 09:17:57,024] [basehttp.py:154] [basehttp:log_message] [INFO]- "POST /admin/login/?next=/admin/ HTTP/1.1" 200 1961
[2022-06-08 09:17:57,043] [basehttp.py:154] [basehttp:log_message] [INFO]- "GET /favicon.ico HTTP/1.1" 302 0
[2022-06-08 09:17:57,045] [basehttp.py:154] [basehttp:log_message] [INFO]- "GET /login/ HTTP/1.1" 200 4677
[2022-06-08 09:18:02,838] [UserIP.py:89] [UserIP:process_response] [CRITICAL]- 系统错误
[2022-06-08 09:18:02,839] [basehttp.py:154] [basehttp:log_message] [INFO]- "POST /admin/login/?next=/admin/ HTTP/1.1" 200 1956
[2022-06-08 09:18:02,855] [basehttp.py:154] [basehttp:log_message] [INFO]- "GET /favicon.ico HTTP/1.1" 302 0
[2022-06-08 09:18:02,857] [basehttp.py:154] [basehttp:log_message] [INFO]- "GET /login/ HTTP/1.1" 200 4677
[2022-06-08 09:18:09,010] [UserIP.py:89] [UserIP:process_response] [CRITICAL]- 系统错误
[2022-06-08 09:18:09,010] [basehttp.py:154] [basehttp:log_message] [INFO]- "POST /admin/login/?next=/admin/ HTTP/1.1" 200 1956
[2022-06-08 09:18:09,023] [basehttp.py:154] [basehttp:log_message] [INFO]- "GET /favicon.ico HTTP/1.1" 302 0
[2022-06-08 09:18:09,030] [basehttp.py:154] [basehttp:log_message] [INFO]- "GET /login/ HTTP/1.1" 200 4677
[2022-06-08 09:18:14,225] [UserIP.py:89] [UserIP:process_response] [CRITICAL]- 系统错误
[2022-06-08 09:18:14,231] [basehttp.py:154] [basehttp:log_message] [INFO]- "POST /admin/login/?next=/admin/ HTTP/1.1" 302 0
[2022-06-08 09:18:14,465] [basehttp.py:154] [basehttp:log_message] [INFO]- "GET /admin/ HTTP/1.1" 200 43951
[2022-06-08 09:18:14,633] [basehttp.py:154] [basehttp:log_message] [INFO]- "GET /favicon.ico HTTP/1.1" 302 0
[2022-06-08 09:18:14,665] [basehttp.py:154] [basehttp:log_message] [INFO]- "GET /login/ HTTP/1.1" 200 4677
[2022-06-08 09:18:34,753] [basehttp.py:154] [basehttp:log_message] [INFO]- "GET /CQM/CQMSeriv/?Project=GLMS1 HTTP/1.1" 200 43307
[2022-06-08 09:18:34,856] [basehttp.py:154] [basehttp:log_message] [INFO]- "GET /favicon.ico HTTP/1.1" 302 0
[2022-06-08 09:18:34,872] [basehttp.py:154] [basehttp:log_message] [INFO]- "GET /login/ HTTP/1.1" 200 4677
[2022-06-08 09:18:35,376] [basehttp.py:154] [basehttp:log_message] [INFO]- "GET /CQM/CQMSeriv/?Project=GLMS1 HTTP/1.1" 200 43307
[2022-06-08 09:18:35,444] [basehttp.py:154] [basehttp:log_message] [INFO]- "GET /favicon.ico HTTP/1.1" 302 0
[2022-06-08 09:18:35,458] [basehttp.py:154] [basehttp:log_message] [INFO]- "GET /login/ HTTP/1.1" 200 4677
[2022-06-08 09:18:35,574] [basehttp.py:154] [basehttp:log_message] [INFO]- "GET /CQM/CQMSeriv/?Project=GLMS1 HTTP/1.1" 200 43307
[2022-06-08 09:18:35,635] [basehttp.py:154] [basehttp:log_message] [INFO]- "GET /favicon.ico HTTP/1.1" 302 0
[2022-06-08 09:18:35,648] [basehttp.py:154] [basehttp:log_message] [INFO]- "GET /login/ HTTP/1.1" 200 4677
[2022-06-08 09:18:35,846] [basehttp.py:154] [basehttp:log_message] [INFO]- "GET /CQM/CQMSeriv/?Project=GLMS1 HTTP/1.1" 200 43307
[2022-06-08 09:18:35,910] [basehttp.py:154] [basehttp:log_message] [INFO]- "GET /favicon.ico HTTP/1.1" 302 0
[2022-06-08 09:18:35,961] [basehttp.py:154] [basehttp:log_message] [INFO]- "GET /login/ HTTP/1.1" 200 4677
[2022-06-08 09:18:36,120] [basehttp.py:154] [basehttp:log_message] [INFO]- "GET /CQM/CQMSeriv/?Project=GLMS1 HTTP/1.1" 200 43307
[2022-06-08 09:18:36,164] [basehttp.py:154] [basehttp:log_message] [INFO]- "GET /favicon.ico HTTP/1.1" 302 0
[2022-06-08 09:18:36,209] [basehttp.py:154] [basehttp:log_message] [INFO]- "GET /login/ HTTP/1.1" 200 4677
[2022-06-08 09:18:36,357] [basehttp.py:154] [basehttp:log_message] [INFO]- "GET /CQM/CQMSeriv/?Project=GLMS1 HTTP/1.1" 200 43307
[2022-06-08 09:18:36,419] [basehttp.py:154] [basehttp:log_message] [INFO]- "GET /favicon.ico HTTP/1.1" 302 0
[2022-06-08 09:18:36,436] [basehttp.py:154] [basehttp:log_message] [INFO]- "GET /login/ HTTP/1.1" 200 4677
[2022-06-08 09:18:36,603] [basehttp.py:154] [basehttp:log_message] [INFO]- "GET /CQM/CQMSeriv/?Project=GLMS1 HTTP/1.1" 200 43307
[2022-06-08 09:18:36,664] [basehttp.py:154] [basehttp:log_message] [INFO]- "GET /favicon.ico HTTP/1.1" 302 0
[2022-06-08 09:18:36,686] [basehttp.py:154] [basehttp:log_message] [INFO]- "GET /login/ HTTP/1.1" 200 4677
[2022-06-08 09:18:57,944] [basehttp.py:154] [basehttp:log_message] [INFO]- "GET /CQM/CQMSeriv/?Project=GLMS1 HTTP/1.1" 200 43307
[2022-06-08 09:18:58,090] [basehttp.py:154] [basehttp:log_message] [INFO]- "GET /favicon.ico HTTP/1.1" 302 0
[2022-06-08 09:18:58,134] [basehttp.py:154] [basehttp:log_message] [INFO]- "GET /login/ HTTP/1.1" 200 4677
[2022-06-08 09:18:58,643] [basehttp.py:154] [basehttp:log_message] [INFO]- "GET /CQM/CQMSeriv/?Project=GLMS1 HTTP/1.1" 200 43307
[2022-06-08 09:18:58,690] [basehttp.py:154] [basehttp:log_message] [INFO]- "GET /favicon.ico HTTP/1.1" 302 0
[2022-06-08 09:18:58,711] [basehttp.py:154] [basehttp:log_message] [INFO]- "GET /login/ HTTP/1.1" 200 4677
[2022-06-08 09:18:59,240] [basehttp.py:154] [basehttp:log_message] [INFO]- "GET /CQM/CQMSeriv/?Project=GLMS1 HTTP/1.1" 200 43307
[2022-06-08 09:18:59,299] [basehttp.py:154] [basehttp:log_message] [INFO]- "GET /favicon.ico HTTP/1.1" 302 0
[2022-06-08 09:18:59,320] [basehttp.py:154] [basehttp:log_message] [INFO]- "GET /login/ HTTP/1.1" 200 4677
[2022-06-08 09:19:11,043] [basehttp.py:154] [basehttp:log_message] [INFO]- "GET /CQM/CQMSeriv/?Project=GLMS1 HTTP/1.1" 200 43307
[2022-06-08 09:19:11,114] [basehttp.py:154] [basehttp:log_message] [INFO]- "GET /favicon.ico HTTP/1.1" 302 0
[2022-06-08 09:19:11,128] [basehttp.py:154] [basehttp:log_message] [INFO]- "GET /login/ HTTP/1.1" 200 4677
[2022-06-08 09:19:11,915] [basehttp.py:154] [basehttp:log_message] [INFO]- "GET /CQM/CQMSeriv/?Project=GLMS1 HTTP/1.1" 200 43307
[2022-06-08 09:19:11,971] [basehttp.py:154] [basehttp:log_message] [INFO]- "GET /favicon.ico HTTP/1.1" 302 0
[2022-06-08 09:19:11,987] [basehttp.py:154] [basehttp:log_message] [INFO]- "GET /login/ HTTP/1.1" 200 4677
[2022-06-08 09:19:12,297] [basehttp.py:154] [basehttp:log_message] [INFO]- "GET /CQM/CQMSeriv/?Project=GLMS1 HTTP/1.1" 200 43307
[2022-06-08 09:19:12,434] [basehttp.py:154] [basehttp:log_message] [INFO]- "GET /favicon.ico HTTP/1.1" 302 0
[2022-06-08 09:19:12,675] [basehttp.py:154] [basehttp:log_message] [INFO]- "GET /login/ HTTP/1.1" 200 4677
[2022-06-08 09:19:12,907] [basehttp.py:154] [basehttp:log_message] [INFO]- "GET /CQM/CQMSeriv/?Project=GLMS1 HTTP/1.1" 200 43307
[2022-06-08 09:19:12,944] [basehttp.py:154] [basehttp:log_message] [INFO]- "GET /favicon.ico HTTP/1.1" 302 0
[2022-06-08 09:19:12,961] [basehttp.py:154] [basehttp:log_message] [INFO]- "GET /login/ HTTP/1.1" 200 4677
[2022-06-08 09:19:29,207] [basehttp.py:154] [basehttp:log_message] [INFO]- "GET /CQM/CQMSeriv/?Project=GLMS1 HTTP/1.1" 200 43307
[2022-06-08 09:19:29,372] [basehttp.py:154] [basehttp:log_message] [INFO]- "GET /favicon.ico HTTP/1.1" 302 0
[2022-06-08 09:19:29,400] [basehttp.py:154] [basehttp:log_message] [INFO]- "GET /login/ HTTP/1.1" 200 4677
[2022-06-08 09:19:31,473] [basehttp.py:154] [basehttp:log_message] [INFO]- "GET /CQM/CQMSeriv/?Project=GLMS1 HTTP/1.1" 200 43307
[2022-06-08 09:19:31,539] [basehttp.py:154] [basehttp:log_message] [INFO]- "GET /favicon.ico HTTP/1.1" 302 0
[2022-06-08 09:19:31,586] [basehttp.py:154] [basehttp:log_message] [INFO]- "GET /login/ HTTP/1.1" 200 4677
[2022-06-08 09:19:32,306] [basehttp.py:154] [basehttp:log_message] [INFO]- "GET /CQM/CQMSeriv/?Project=GLMS1 HTTP/1.1" 200 43307
[2022-06-08 09:19:32,427] [basehttp.py:154] [basehttp:log_message] [INFO]- "GET /favicon.ico HTTP/1.1" 302 0
[2022-06-08 09:19:32,445] [basehttp.py:154] [basehttp:log_message] [INFO]- "GET /login/ HTTP/1.1" 200 4677
[2022-06-08 09:19:32,953] [basehttp.py:154] [basehttp:log_message] [INFO]- "GET /CQM/CQMSeriv/?Project=GLMS1 HTTP/1.1" 200 43307
[2022-06-08 09:19:33,011] [basehttp.py:154] [basehttp:log_message] [INFO]- "GET /favicon.ico HTTP/1.1" 302 0
[2022-06-08 09:19:33,028] [basehttp.py:154] [basehttp:log_message] [INFO]- "GET /login/ HTTP/1.1" 200 4677
[2022-06-08 09:19:46,256] [basehttp.py:154] [basehttp:log_message] [INFO]- "GET /CQM/CQMSeriv/?Project=GLMS1 HTTP/1.1" 200 43307
[2022-06-08 09:19:46,336] [basehttp.py:154] [basehttp:log_message] [INFO]- "GET /favicon.ico HTTP/1.1" 302 0
[2022-06-08 09:19:46,355] [basehttp.py:154] [basehttp:log_message] [INFO]- "GET /login/ HTTP/1.1" 200 4677
[2022-06-08 09:19:47,072] [basehttp.py:154] [basehttp:log_message] [INFO]- "GET /CQM/CQMSeriv/?Project=GLMS1 HTTP/1.1" 200 43307
[2022-06-08 09:19:47,123] [basehttp.py:154] [basehttp:log_message] [INFO]- "GET /favicon.ico HTTP/1.1" 302 0
[2022-06-08 09:19:47,150] [basehttp.py:154] [basehttp:log_message] [INFO]- "GET /login/ HTTP/1.1" 200 4677
[2022-06-08 10:26:01,085] [basehttp.py:154] [basehttp:log_message] [INFO]- "GET /CQM/CQMSeriv/?Project=GLMS1 HTTP/1.1" 200 43307
[2022-06-08 10:26:01,561] [basehttp.py:154] [basehttp:log_message] [INFO]- "GET /favicon.ico HTTP/1.1" 302 0
[2022-06-08 10:26:01,791] [basehttp.py:154] [basehttp:log_message] [INFO]- "GET /login/ HTTP/1.1" 200 4677
[2022-06-08 10:26:04,202] [basehttp.py:154] [basehttp:log_message] [INFO]- "GET /CQM/CQMSeriv/?Project=GLMS1 HTTP/1.1" 200 43307
[2022-06-08 10:26:04,274] [basehttp.py:154] [basehttp:log_message] [INFO]- "GET /favicon.ico HTTP/1.1" 302 0
[2022-06-08 10:26:04,297] [basehttp.py:154] [basehttp:log_message] [INFO]- "GET /login/ HTTP/1.1" 200 4677
[2022-06-08 10:26:06,783] [basehttp.py:154] [basehttp:log_message] [INFO]- "GET /CQM/CQMSeriv/?Project=GLMS1 HTTP/1.1" 200 43307
[2022-06-08 10:26:06,843] [basehttp.py:154] [basehttp:log_message] [INFO]- "GET /favicon.ico HTTP/1.1" 302 0
[2022-06-08 10:26:06,860] [basehttp.py:154] [basehttp:log_message] [INFO]- "GET /login/ HTTP/1.1" 200 4677
[2022-06-08 10:26:08,386] [basehttp.py:154] [basehttp:log_message] [INFO]- "GET /CQM/CQMSeriv/?Project=GLMS1 HTTP/1.1" 200 43307
[2022-06-08 10:26:08,469] [basehttp.py:154] [basehttp:log_message] [INFO]- "GET /favicon.ico HTTP/1.1" 302 0
[2022-06-08 10:26:08,499] [basehttp.py:154] [basehttp:log_message] [INFO]- "GET /login/ HTTP/1.1" 200 4677
[2022-06-08 12:03:50,892] [basehttp.py:154] [basehttp:log_message] [INFO]- "GET /CQM/CQMSeriv/?Project=GLMS1 HTTP/1.1" 200 43307
[2022-06-08 13:16:52,111] [basehttp.py:154] [basehttp:log_message] [INFO]- "GET /CQM/CQMSeriv/?Project=GLMS1 HTTP/1.1" 200 43307
[2022-06-08 13:16:52,254] [basehttp.py:154] [basehttp:log_message] [INFO]- "GET /favicon.ico HTTP/1.1" 302 0
[2022-06-08 13:16:52,278] [basehttp.py:154] [basehttp:log_message] [INFO]- "GET /login/ HTTP/1.1" 200 4677
[2022-06-08 13:16:53,324] [basehttp.py:154] [basehttp:log_message] [INFO]- "GET /CQM/CQMSeriv/?Project=GLMS1 HTTP/1.1" 200 43307
[2022-06-08 13:16:53,400] [basehttp.py:154] [basehttp:log_message] [INFO]- "GET /favicon.ico HTTP/1.1" 302 0
[2022-06-08 13:16:53,424] [basehttp.py:154] [basehttp:log_message] [INFO]- "GET /login/ HTTP/1.1" 200 4677
[2022-06-08 13:16:54,403] [basehttp.py:154] [basehttp:log_message] [INFO]- "GET /CQM/CQMSeriv/?Project=GLMS1 HTTP/1.1" 200 43307
[2022-06-08 13:16:54,457] [basehttp.py:154] [basehttp:log_message] [INFO]- "GET /favicon.ico HTTP/1.1" 302 0
[2022-06-08 13:16:54,515] [basehttp.py:154] [basehttp:log_message] [INFO]- "GET /login/ HTTP/1.1" 200 4677
[2022-06-08 13:16:54,866] [basehttp.py:154] [basehttp:log_message] [INFO]- "GET /CQM/CQMSeriv/?Project=GLMS1 HTTP/1.1" 200 43307
[2022-06-08 13:16:54,943] [basehttp.py:154] [basehttp:log_message] [INFO]- "GET /favicon.ico HTTP/1.1" 302 0
[2022-06-08 13:16:54,960] [basehttp.py:154] [basehttp:log_message] [INFO]- "GET /login/ HTTP/1.1" 200 4677
[2022-06-08 15:10:53,352] [log.py:228] [log:log_response] [WARNING]- Unauthorized: /CQM/CQMSeriv/
[2022-06-08 15:10:53,353] [basehttp.py:154] [basehttp:log_message] [WARNING]- "GET /CQM/CQMSeriv/?Project=GLMS1 HTTP/1.1" 401 5209
[2022-06-08 15:10:53,589] [basehttp.py:154] [basehttp:log_message] [INFO]- "GET /favicon.ico HTTP/1.1" 302 0
[2022-06-08 15:10:53,608] [basehttp.py:154] [basehttp:log_message] [INFO]- "GET /login/ HTTP/1.1" 200 4677
[2022-06-08 15:11:05,503] [log.py:228] [log:log_response] [WARNING]- Unauthorized: /CQM/CQMSeriv/
[2022-06-08 15:11:05,504] [basehttp.py:154] [basehttp:log_message] [WARNING]- "GET /CQM/CQMSeriv/?Project=GLMS1 HTTP/1.1" 401 5211
[2022-06-08 15:11:12,008] [log.py:228] [log:log_response] [WARNING]- Unauthorized: /CQM/CQMSeriv/
[2022-06-08 15:11:12,009] [basehttp.py:154] [basehttp:log_message] [WARNING]- "GET /CQM/CQMSeriv/?Project=GLMS1 HTTP/1.1" 401 5211
[2022-06-08 15:11:12,244] [basehttp.py:154] [basehttp:log_message] [INFO]- "GET /favicon.ico HTTP/1.1" 302 0
[2022-06-08 15:11:12,255] [basehttp.py:154] [basehttp:log_message] [INFO]- "GET /login/ HTTP/1.1" 200 4677
[2022-06-08 15:11:22,253] [log.py:228] [log:log_response] [WARNING]- Unauthorized: /CQM/CQMSeriv/
[2022-06-08 15:11:22,254] [basehttp.py:154] [basehttp:log_message] [WARNING]- "GET /CQM/CQMSeriv/?Project=GLMS1 HTTP/1.1" 401 5209
[2022-06-08 15:11:22,380] [basehttp.py:154] [basehttp:log_message] [INFO]- "GET /favicon.ico HTTP/1.1" 302 0
[2022-06-08 15:11:22,406] [basehttp.py:154] [basehttp:log_message] [INFO]- "GET /login/ HTTP/1.1" 200 4677
[2022-06-08 15:11:22,975] [log.py:228] [log:log_response] [WARNING]- Unauthorized: /CQM/CQMSeriv/
[2022-06-08 15:11:22,975] [basehttp.py:154] [basehttp:log_message] [WARNING]- "GET /CQM/CQMSeriv/?Project=GLMS1 HTTP/1.1" 401 5209
[2022-06-08 15:11:23,042] [basehttp.py:154] [basehttp:log_message] [INFO]- "GET /favicon.ico HTTP/1.1" 302 0
[2022-06-08 15:11:23,059] [basehttp.py:154] [basehttp:log_message] [INFO]- "GET /login/ HTTP/1.1" 200 4677
[2022-06-08 15:11:23,284] [log.py:228] [log:log_response] [WARNING]- Unauthorized: /CQM/CQMSeriv/
[2022-06-08 15:11:23,284] [basehttp.py:154] [basehttp:log_message] [WARNING]- "GET /CQM/CQMSeriv/?Project=GLMS1 HTTP/1.1" 401 5209
[2022-06-08 15:11:23,501] [basehttp.py:154] [basehttp:log_message] [INFO]- "GET /favicon.ico HTTP/1.1" 302 0
[2022-06-08 15:11:23,512] [basehttp.py:154] [basehttp:log_message] [INFO]- "GET /login/ HTTP/1.1" 200 4677
[2022-06-08 15:11:23,655] [log.py:228] [log:log_response] [WARNING]- Unauthorized: /CQM/CQMSeriv/
[2022-06-08 15:11:23,655] [basehttp.py:154] [basehttp:log_message] [WARNING]- "GET /CQM/CQMSeriv/?Project=GLMS1 HTTP/1.1" 401 5209
[2022-06-08 15:11:23,727] [basehttp.py:154] [basehttp:log_message] [INFO]- "GET /favicon.ico HTTP/1.1" 302 0
[2022-06-08 15:11:23,760] [basehttp.py:154] [basehttp:log_message] [INFO]- "GET /login/ HTTP/1.1" 200 4677
[2022-06-08 15:11:23,861] [log.py:228] [log:log_response] [WARNING]- Unauthorized: /CQM/CQMSeriv/
[2022-06-08 15:11:23,862] [basehttp.py:154] [basehttp:log_message] [WARNING]- "GET /CQM/CQMSeriv/?Project=GLMS1 HTTP/1.1" 401 5209
[2022-06-08 15:11:23,908] [basehttp.py:154] [basehttp:log_message] [INFO]- "GET /favicon.ico HTTP/1.1" 302 0
[2022-06-08 15:11:23,929] [basehttp.py:154] [basehttp:log_message] [INFO]- "GET /login/ HTTP/1.1" 200 4677
[2022-06-08 15:11:24,091] [log.py:228] [log:log_response] [WARNING]- Unauthorized: /CQM/CQMSeriv/
[2022-06-08 15:11:24,091] [basehttp.py:154] [basehttp:log_message] [WARNING]- "GET /CQM/CQMSeriv/?Project=GLMS1 HTTP/1.1" 401 5209
[2022-06-08 15:11:24,142] [basehttp.py:154] [basehttp:log_message] [INFO]- "GET /favicon.ico HTTP/1.1" 302 0
[2022-06-08 15:11:24,158] [basehttp.py:154] [basehttp:log_message] [INFO]- "GET /login/ HTTP/1.1" 200 4677
[2022-06-08 15:11:24,305] [log.py:228] [log:log_response] [WARNING]- Unauthorized: /CQM/CQMSeriv/
[2022-06-08 15:11:24,305] [basehttp.py:154] [basehttp:log_message] [WARNING]- "GET /CQM/CQMSeriv/?Project=GLMS1 HTTP/1.1" 401 5209
[2022-06-08 15:11:24,364] [basehttp.py:154] [basehttp:log_message] [INFO]- "GET /favicon.ico HTTP/1.1" 302 0
[2022-06-08 15:11:24,379] [basehttp.py:154] [basehttp:log_message] [INFO]- "GET /login/ HTTP/1.1" 200 4677
[2022-06-08 15:11:24,513] [log.py:228] [log:log_response] [WARNING]- Unauthorized: /CQM/CQMSeriv/
[2022-06-08 15:11:24,514] [basehttp.py:154] [basehttp:log_message] [WARNING]- "GET /CQM/CQMSeriv/?Project=GLMS1 HTTP/1.1" 401 5209
[2022-06-08 15:11:24,574] [basehttp.py:154] [basehttp:log_message] [INFO]- "GET /favicon.ico HTTP/1.1" 302 0
[2022-06-08 15:11:24,594] [basehttp.py:154] [basehttp:log_message] [INFO]- "GET /login/ HTTP/1.1" 200 4677
[2022-06-08 15:11:24,727] [log.py:228] [log:log_response] [WARNING]- Unauthorized: /CQM/CQMSeriv/
[2022-06-08 15:11:24,728] [basehttp.py:154] [basehttp:log_message] [WARNING]- "GET /CQM/CQMSeriv/?Project=GLMS1 HTTP/1.1" 401 5209
[2022-06-08 15:11:24,773] [basehttp.py:154] [basehttp:log_message] [INFO]- "GET /favicon.ico HTTP/1.1" 302 0
[2022-06-08 15:11:24,788] [basehttp.py:154] [basehttp:log_message] [INFO]- "GET /login/ HTTP/1.1" 200 4677
[2022-06-08 15:11:24,995] [log.py:228] [log:log_response] [WARNING]- Unauthorized: /CQM/CQMSeriv/
[2022-06-08 15:11:24,996] [basehttp.py:154] [basehttp:log_message] [WARNING]- "GET /CQM/CQMSeriv/?Project=GLMS1 HTTP/1.1" 401 5209
[2022-06-08 15:11:25,100] [basehttp.py:154] [basehttp:log_message] [INFO]- "GET /favicon.ico HTTP/1.1" 302 0
[2022-06-08 15:11:25,116] [basehttp.py:154] [basehttp:log_message] [INFO]- "GET /login/ HTTP/1.1" 200 4677
[2022-06-08 15:11:25,179] [log.py:228] [log:log_response] [WARNING]- Unauthorized: /CQM/CQMSeriv/
[2022-06-08 15:11:25,180] [basehttp.py:154] [basehttp:log_message] [WARNING]- "GET /CQM/CQMSeriv/?Project=GLMS1 HTTP/1.1" 401 5209
[2022-06-08 15:11:25,241] [basehttp.py:154] [basehttp:log_message] [INFO]- "GET /favicon.ico HTTP/1.1" 302 0
[2022-06-08 15:11:25,284] [basehttp.py:154] [basehttp:log_message] [INFO]- "GET /login/ HTTP/1.1" 200 4677
[2022-06-08 15:38:53,089] [log.py:228] [log:log_response] [WARNING]- Unauthorized: /CQM/CQMSeriv/
[2022-06-08 15:38:53,090] [basehttp.py:154] [basehttp:log_message] [WARNING]- "GET /CQM/CQMSeriv/?Project=GLMS1 HTTP/1.1" 401 5209
[2022-06-08 15:38:53,201] [basehttp.py:154] [basehttp:log_message] [INFO]- "GET /favicon.ico HTTP/1.1" 302 0
[2022-06-08 15:38:53,230] [basehttp.py:154] [basehttp:log_message] [INFO]- "GET /login/ HTTP/1.1" 200 4677
[2022-06-08 15:39:08,044] [log.py:228] [log:log_response] [WARNING]- Unauthorized: /CQM/CQMSeriv/
[2022-06-08 15:39:08,045] [basehttp.py:154] [basehttp:log_message] [WARNING]- "GET /CQM/CQMSeriv/?Project=GLMS1 HTTP/1.1" 401 5211
[2022-06-08 16:21:50,695] [basehttp.py:154] [basehttp:log_message] [INFO]- "GET /CQM/CQMSeriv/?Project=GLMS1 HTTP/1.1" 200 43307
[2022-06-08 16:21:50,827] [basehttp.py:154] [basehttp:log_message] [INFO]- "GET /favicon.ico HTTP/1.1" 302 0
[2022-06-08 16:21:50,850] [basehttp.py:154] [basehttp:log_message] [INFO]- "GET /login/ HTTP/1.1" 200 4677
[2022-06-08 16:21:52,136] [basehttp.py:154] [basehttp:log_message] [INFO]- "GET /CQM/CQMSeriv/?Project=GLMS1 HTTP/1.1" 200 43307
[2022-06-08 16:21:52,166] [basehttp.py:154] [basehttp:log_message] [INFO]- "GET /favicon.ico HTTP/1.1" 302 0
[2022-06-08 16:21:52,192] [basehttp.py:154] [basehttp:log_message] [INFO]- "GET /login/ HTTP/1.1" 200 4677
[2022-06-08 16:21:52,845] [basehttp.py:154] [basehttp:log_message] [INFO]- "GET /CQM/CQMSeriv/?Project=GLMS1 HTTP/1.1" 200 43307
[2022-06-08 16:21:52,874] [basehttp.py:154] [basehttp:log_message] [INFO]- "GET /favicon.ico HTTP/1.1" 302 0
[2022-06-08 16:21:52,894] [basehttp.py:154] [basehttp:log_message] [INFO]- "GET /login/ HTTP/1.1" 200 4677
[2022-06-08 16:21:53,073] [basehttp.py:154] [basehttp:log_message] [INFO]- "GET /CQM/CQMSeriv/?Project=GLMS1 HTTP/1.1" 200 43307
[2022-06-08 16:21:53,128] [basehttp.py:154] [basehttp:log_message] [INFO]- "GET /favicon.ico HTTP/1.1" 302 0
[2022-06-08 16:21:53,148] [basehttp.py:154] [basehttp:log_message] [INFO]- "GET /login/ HTTP/1.1" 200 4677
[2022-06-08 16:22:04,749] [log.py:228] [log:log_response] [WARNING]- Unauthorized: /CQM/CQMSeriv/
[2022-06-08 16:22:04,751] [basehttp.py:154] [basehttp:log_message] [WARNING]- "GET /CQM/CQMSeriv/?Project=GLMS1 HTTP/1.1" 401 5211
[2022-06-08 16:22:19,839] [basehttp.py:154] [basehttp:log_message] [INFO]- "GET /CQM/CQMSeriv/?Project=GLMS1 HTTP/1.1" 200 43307
[2022-06-08 16:22:19,964] [basehttp.py:154] [basehttp:log_message] [INFO]- "GET /favicon.ico HTTP/1.1" 302 0
[2022-06-08 16:22:19,983] [basehttp.py:154] [basehttp:log_message] [INFO]- "GET /login/ HTTP/1.1" 200 4677
[2022-06-08 16:24:48,647] [basehttp.py:154] [basehttp:log_message] [INFO]- "GET / HTTP/1.1" 302 0
[2022-06-08 16:24:48,715] [basehttp.py:154] [basehttp:log_message] [INFO]- "GET /login/ HTTP/1.1" 200 4677
[2022-06-08 16:24:48,734] [basehttp.py:154] [basehttp:log_message] [INFO]- "GET /static/vendor/fontawesome-free/css/all.min.css HTTP/1.1" 200 54641
[2022-06-08 16:24:48,735] [basehttp.py:154] [basehttp:log_message] [INFO]- "GET /static/css/sb-admin.css HTTP/1.1" 200 214832
[2022-06-08 16:24:48,742] [basehttp.py:154] [basehttp:log_message] [INFO]- "GET /static/vendor/jquery-easing/jquery.easing.min.js HTTP/1.1" 200 2532
[2022-06-08 16:24:48,830] [basehttp.py:154] [basehttp:log_message] [INFO]- "GET /static/css/bootstrap.min.css HTTP/1.1" 200 144877
[2022-06-08 16:24:48,850] [basehttp.py:154] [basehttp:log_message] [INFO]- "GET /static/css/test1.css HTTP/1.1" 200 29531
[2022-06-08 16:24:48,868] [basehttp.py:154] [basehttp:log_message] [INFO]- "GET /static/vendor/jquery/jquery.min.js HTTP/1.1" 200 86927
[2022-06-08 16:24:48,881] [basehttp.py:154] [basehttp:log_message] [INFO]- "GET /static/vendor/bootstrap/js/bootstrap.bundle.min.js HTTP/1.1" 200 76308
[2022-06-08 16:24:48,887] [basehttp.py:154] [basehttp:log_message] [INFO]- "GET /static/src/ocean.jpg HTTP/1.1" 200 128450
[2022-06-08 16:24:49,004] [basehttp.py:154] [basehttp:log_message] [INFO]- "GET /favicon.ico HTTP/1.1" 302 0
[2022-06-08 16:24:49,034] [basehttp.py:154] [basehttp:log_message] [INFO]- "GET /login/ HTTP/1.1" 200 4677
[2022-06-08 16:25:15,322] [basehttp.py:154] [basehttp:log_message] [INFO]- "GET / HTTP/1.1" 302 0
[2022-06-08 16:25:15,474] [basehttp.py:154] [basehttp:log_message] [INFO]- "GET /login/ HTTP/1.1" 200 4677
[2022-06-08 16:25:15,783] [basehttp.py:154] [basehttp:log_message] [INFO]- "GET /favicon.ico HTTP/1.1" 302 0
[2022-06-08 16:25:15,792] [basehttp.py:154] [basehttp:log_message] [INFO]- "GET /login/ HTTP/1.1" 200 4677
[2022-06-08 16:25:20,358] [UserIP.py:89] [UserIP:process_response] [CRITICAL]- 系统错误
[2022-06-08 16:25:20,394] [basehttp.py:154] [basehttp:log_message] [INFO]- "POST /login/ HTTP/1.1" 302 0
[2022-06-08 16:25:20,588] [basehttp.py:154] [basehttp:log_message] [INFO]- "GET /index/ HTTP/1.1" 200 47230
[2022-06-08 16:25:20,659] [basehttp.py:154] [basehttp:log_message] [INFO]- "GET /static/css/lib/calendar2/pignose.calendar.min.css HTTP/1.1" 200 14709
[2022-06-08 16:25:20,660] [basehttp.py:154] [basehttp:log_message] [INFO]- "GET /static/download_UPK/element-ui@2.12.0/lib/theme-chalk/index.css HTTP/1.1" 200 232694
[2022-06-08 16:25:20,733] [basehttp.py:154] [basehttp:log_message] [INFO]- "GET /static/css/lib/owl.theme.default.min.css HTTP/1.1" 200 1003
[2022-06-08 16:25:20,738] [basehttp.py:154] [basehttp:log_message] [INFO]- "GET /static/css/lib/weather-icons.css HTTP/1.1" 200 30752
[2022-06-08 16:25:20,747] [basehttp.py:154] [basehttp:log_message] [INFO]- "GET /static/css/lib/menubar/sidebar.css HTTP/1.1" 200 17438
[2022-06-08 16:25:20,752] [basehttp.py:154] [basehttp:log_message] [INFO]- "GET /static/css/lib/helper.css HTTP/1.1" 200 55773
[2022-06-08 16:25:20,773] [basehttp.py:154] [basehttp:log_message] [INFO]- "GET /static/css/lib/chartist/chartist.min.css HTTP/1.1" 200 11508
[2022-06-08 16:25:20,783] [basehttp.py:154] [basehttp:log_message] [INFO]- "GET /static/css/style.css HTTP/1.1" 200 91469
[2022-06-08 16:25:20,784] [basehttp.py:154] [basehttp:log_message] [INFO]- "GET /static/css/uploadbutton.css HTTP/1.1" 200 175
[2022-06-08 16:25:20,785] [basehttp.py:154] [basehttp:log_message] [INFO]- "GET /static/node_modules/bootstrap-icons/font/bootstrap-icons.css HTTP/1.1" 200 73271
[2022-06-08 16:25:20,789] [basehttp.py:154] [basehttp:log_message] [INFO]- "GET /static/css/home_zerogrid.css HTTP/1.1" 200 4828
[2022-06-08 16:25:20,789] [basehttp.py:154] [basehttp:log_message] [INFO]- "GET /static/css/home_style.css HTTP/1.1" 200 23905
[2022-06-08 16:25:20,792] [basehttp.py:154] [basehttp:log_message] [INFO]- "GET /static/css/home_menu.css HTTP/1.1" 200 8215
[2022-06-08 16:25:20,808] [basehttp.py:154] [basehttp:log_message] [INFO]- "GET /static/js/lib/jquery.min.js HTTP/1.1" 200 97362
[2022-06-08 16:25:20,816] [basehttp.py:154] [basehttp:log_message] [INFO]- "GET /static/js/lib/jquery.nanoscroller.min.js HTTP/1.1" 200 12394
[2022-06-08 16:25:20,819] [basehttp.py:154] [basehttp:log_message] [INFO]- "GET /static/js/lib/menubar/sidebar.js HTTP/1.1" 200 7278
[2022-06-08 16:25:20,834] [basehttp.py:154] [basehttp:log_message] [INFO]- "GET /static/css/lib/font-awesome.min.css HTTP/1.1" 200 38722
[2022-06-08 16:25:20,841] [basehttp.py:154] [basehttp:log_message] [INFO]- "GET /static/js/lib/preloader/pace.min.js HTTP/1.1" 200 26566
[2022-06-08 16:25:20,842] [basehttp.py:154] [basehttp:log_message] [INFO]- "GET /static/js/lib/bootstrap.min.js HTTP/1.1" 200 69782
[2022-06-08 16:25:20,849] [basehttp.py:154] [basehttp:log_message] [INFO]- "GET /static/js/scripts.js HTTP/1.1" 200 1906
[2022-06-08 16:25:20,851] [basehttp.py:154] [basehttp:log_message] [INFO]- "GET /static/js/lib/calendar-2/moment.latest.min.js HTTP/1.1" 200 61317
[2022-06-08 16:25:20,851] [basehttp.py:154] [basehttp:log_message] [INFO]- "GET /static/css/lib/themify-icons.css HTTP/1.1" 200 17551
[2022-06-08 16:25:20,856] [basehttp.py:154] [basehttp:log_message] [INFO]- "GET /static/js/lib/calendar-2/pignose.calendar.min.js HTTP/1.1" 200 24265
[2022-06-08 16:25:20,861] [basehttp.py:154] [basehttp:log_message] [INFO]- "GET /static/js/lib/calendar-2/pignose.init.js HTTP/1.1" 200 258
[2022-06-08 16:25:20,863] [basehttp.py:154] [basehttp:log_message] [INFO]- "GET /static/js/lib/circle-progress/circle-progress.min.js HTTP/1.1" 200 4453
[2022-06-08 16:25:20,867] [basehttp.py:154] [basehttp:log_message] [INFO]- "GET /static/js/lib/circle-progress/circle-progress-init.js HTTP/1.1" 200 1252
[2022-06-08 16:25:20,868] [basehttp.py:154] [basehttp:log_message] [INFO]- "GET /static/js/lib/sparklinechart/jquery.sparkline.min.js HTTP/1.1" 200 43247
[2022-06-08 16:25:20,873] [basehttp.py:154] [basehttp:log_message] [INFO]- "GET /static/js/lib/sparklinechart/sparkline.init.js HTTP/1.1" 200 9974
[2022-06-08 16:25:20,875] [basehttp.py:154] [basehttp:log_message] [INFO]- "GET /static/js/lib/owl-carousel/owl.carousel-init.js HTTP/1.1" 200 1044
[2022-06-08 16:25:20,877] [basehttp.py:154] [basehttp:log_message] [INFO]- "GET /static/js/lib/owl-carousel/owl.carousel.min.js HTTP/1.1" 200 42854
[2022-06-08 16:25:20,880] [basehttp.py:154] [basehttp:log_message] [INFO]- "GET /static/js/date.js HTTP/1.1" 200 764
[2022-06-08 16:25:20,889] [basehttp.py:154] [basehttp:log_message] [INFO]- "GET /static/css/lib/owl.carousel.min.css HTTP/1.1" 200 3011
[2022-06-08 16:25:20,890] [basehttp.py:154] [basehttp:log_message] [INFO]- "GET /static/vendor/datatables/jquery.dataTables.js HTTP/1.1" 200 447606
[2022-06-08 16:25:20,892] [basehttp.py:154] [basehttp:log_message] [INFO]- "GET /static/js/lib/calendar-2/prism.min.js HTTP/1.1" 200 8822
[2022-06-08 16:25:20,910] [basehttp.py:154] [basehttp:log_message] [INFO]- "GET /static/js/datapicker.js HTTP/1.1" 200 11813
[2022-06-08 16:25:20,914] [basehttp.py:154] [basehttp:log_message] [INFO]- "GET /static/js/xlsx/xlsx.core.min.js HTTP/1.1" 200 480558
[2022-06-08 16:25:20,918] [basehttp.py:154] [basehttp:log_message] [INFO]- "GET /static/js/vue.min.js HTTP/1.1" 200 93675
[2022-06-08 16:25:20,920] [basehttp.py:154] [basehttp:log_message] [INFO]- "GET /static/js/axios.min.js HTTP/1.1" 200 13696
[2022-06-08 16:25:20,921] [basehttp.py:154] [basehttp:log_message] [INFO]- "GET /static/js/es6/polyfill.min.js HTTP/1.1" 200 97799
[2022-06-08 16:25:20,921] [basehttp.py:154] [basehttp:log_message] [INFO]- "GET /static/js/lib/calendar-2/semantic.ui.min.js HTTP/1.1" 200 287763
[2022-06-08 16:25:20,926] [basehttp.py:154] [basehttp:log_message] [INFO]- "GET /static/js/qs.js HTTP/1.1" 200 25398
[2022-06-08 16:25:20,936] [basehttp.py:154] [basehttp:log_message] [INFO]- "GET /static/js/Element/table.js HTTP/1.1" 200 28389
[2022-06-08 16:25:20,939] [basehttp.py:154] [basehttp:log_message] [INFO]- "GET /static/js/Element/main.js HTTP/1.1" 200 8726
[2022-06-08 16:25:20,950] [basehttp.py:154] [basehttp:log_message] [INFO]- "GET /static/js/Element/input.js HTTP/1.1" 200 29207
[2022-06-08 16:25:20,958] [basehttp.py:154] [basehttp:log_message] [INFO]- "GET /static/js/Element/table-column.js HTTP/1.1" 200 28341
[2022-06-08 16:25:20,958] [basehttp.py:154] [basehttp:log_message] [INFO]- "GET /static/js/es6/babel.min.js HTTP/1.1" 200 791258
[2022-06-08 16:25:20,970] [basehttp.py:154] [basehttp:log_message] [INFO]- "GET /static/js/Element/icon.js HTTP/1.1" 200 8700
[2022-06-08 16:25:20,975] [basehttp.py:154] [basehttp:log_message] [INFO]- "GET /static/js/Element/image.js HTTP/1.1" 200 25055
[2022-06-08 16:25:20,979] [basehttp.py:154] [basehttp:log_message] [INFO]- "GET /static/js/Element/message.js HTTP/1.1" 200 11022
[2022-06-08 16:25:20,985] [basehttp.py:154] [basehttp:log_message] [INFO]- "GET /static/js/xlsx/xlsx.js HTTP/1.1" 200 5900
[2022-06-08 16:25:20,985] [basehttp.py:154] [basehttp:log_message] [INFO]- "GET /static/js/Element/index.js HTTP/1.1" 200 563790
[2022-06-08 16:25:20,988] [basehttp.py:154] [basehttp:log_message] [INFO]- "GET /static/src/back/001.png HTTP/1.1" 200 2015
[2022-06-08 16:25:20,991] [basehttp.py:154] [basehttp:log_message] [INFO]- "GET /static/src/back/mail.png HTTP/1.1" 200 3002
[2022-06-08 16:25:20,995] [basehttp.py:154] [basehttp:log_message] [INFO]- "GET /static/src/back/call.png HTTP/1.1" 200 1850
[2022-06-08 16:25:21,003] [basehttp.py:154] [basehttp:log_message] [INFO]- "GET /static/src/5.jpg HTTP/1.1" 200 28854
[2022-06-08 16:25:21,003] [basehttp.py:154] [basehttp:log_message] [INFO]- "GET /static/src/index.jpg HTTP/1.1" 200 146911
[2022-06-08 16:25:21,003] [basehttp.py:154] [basehttp:log_message] [INFO]- "GET /static/src/3.jpg HTTP/1.1" 200 35728
[2022-06-08 16:25:21,004] [basehttp.py:154] [basehttp:log_message] [INFO]- "GET /static/src/6.jpg HTTP/1.1" 200 14506
[2022-06-08 16:25:21,005] [basehttp.py:154] [basehttp:log_message] [INFO]- "GET /static/src/4.jpg HTTP/1.1" 200 27337
[2022-06-08 16:25:21,012] [basehttp.py:154] [basehttp:log_message] [INFO]- "GET /static/src/8.jpg HTTP/1.1" 200 24687
[2022-06-08 16:25:21,013] [basehttp.py:154] [basehttp:log_message] [INFO]- "GET /static/src/10.jpg HTTP/1.1" 200 23088
[2022-06-08 16:25:21,018] [basehttp.py:154] [basehttp:log_message] [INFO]- "GET /static/src/9.jfif HTTP/1.1" 200 321460
[2022-06-08 16:25:21,050] [basehttp.py:154] [basehttp:log_message] [INFO]- "GET /static/src/timg3.jfif HTTP/1.1" 200 74629
[2022-06-08 16:25:21,056] [basehttp.py:154] [basehttp:log_message] [INFO]- "GET /static/src/2.jpg HTTP/1.1" 200 47621
[2022-06-08 16:25:21,065] [basehttp.py:154] [basehttp:log_message] [INFO]- "GET /static/src/7.jpg HTTP/1.1" 200 33330
[2022-06-08 16:25:21,066] [basehttp.py:154] [basehttp:log_message] [INFO]- "GET /static/src/gallery_05.jpg HTTP/1.1" 200 68706
[2022-06-08 16:25:21,174] [basehttp.py:154] [basehttp:log_message] [INFO]- "GET /index/ HTTP/1.1" 200 47230
[2022-06-08 16:25:21,312] [basehttp.py:154] [basehttp:log_message] [INFO]- "GET /static/src/timg.jfif HTTP/1.1" 200 73185
[2022-06-08 16:25:21,314] [basehttp.py:154] [basehttp:log_message] [INFO]- "GET /static/fonts/fontawesome-webfont.woff2?v=4.7.0 HTTP/1.1" 200 77160
[2022-06-08 16:25:21,315] [basehttp.py:154] [basehttp:log_message] [INFO]- "GET /static/css/admin/assets/fonts/themify.woff?-fvbane HTTP/1.1" 200 0
[2022-06-08 16:25:21,318] [basehttp.py:154] [basehttp:log_message] [INFO]- "GET /static/src/1.jpg HTTP/1.1" 200 103270
[2022-06-08 16:25:21,697] [basehttp.py:154] [basehttp:log_message] [INFO]- "GET /static/css/admin/assets/fonts/themify.ttf?-fvbane HTTP/1.1" 200 0
[2022-06-08 16:25:21,730] [basehttp.py:154] [basehttp:log_message] [INFO]- "GET /static/fonts/themify.woff?-fvbane HTTP/1.1" 200 56108
[2022-06-08 16:25:21,808] [basehttp.py:154] [basehttp:log_message] [INFO]- "GET /favicon.ico HTTP/1.1" 200 22499
[2022-06-08 16:27:01,639] [basehttp.py:154] [basehttp:log_message] [INFO]- "GET /CQM/CQM_search/ HTTP/1.1" 200 51196
[2022-06-08 16:27:01,869] [basehttp.py:154] [basehttp:log_message] [INFO]- "GET /static/css/index.css HTTP/1.1" 200 232694
[2022-06-08 16:27:01,924] [basehttp.py:154] [basehttp:log_message] [INFO]- "GET /static/js/xlsx/FileSaver.min.js HTTP/1.1" 200 2611
[2022-06-08 16:27:01,937] [basehttp.py:154] [basehttp:log_message] [INFO]- "GET /static/src/cqmspec.png HTTP/1.1" 200 9675
[2022-06-08 16:27:02,107] [basehttp.py:154] [basehttp:log_message] [INFO]- "GET /static/src/blue.jpg HTTP/1.1" 200 60343
[2022-06-08 16:27:03,581] [basehttp.py:154] [basehttp:log_message] [INFO]- "GET /static/css/fonts/element-icons.woff HTTP/1.1" 200 28200
[2022-06-08 16:27:03,630] [UserIP.py:87] [UserIP:process_response] [INFO]- 2022-06-08 16:27:03 C1010S3>Edwin None>LAPTOP-1EJQO0D7>311 192.168.0.146 192.168.0.146 /CQM/CQM_search/ POST
[2022-06-08 16:27:03,654] [basehttp.py:154] [basehttp:log_message] [INFO]- "POST /CQM/CQM_search/ HTTP/1.1" 200 35932
[2022-06-08 16:27:03,733] [basehttp.py:154] [basehttp:log_message] [INFO]- "GET /favicon.ico HTTP/1.1" 200 22499
[2022-06-08 16:27:16,617] [basehttp.py:154] [basehttp:log_message] [INFO]- "GET /CQM/CQMseriv/ HTTP/1.1" 200 22499
[2022-06-08 16:27:16,850] [basehttp.py:154] [basehttp:log_message] [INFO]- "GET /favicon.ico HTTP/1.1" 200 22499
[2022-06-08 16:27:23,023] [basehttp.py:154] [basehttp:log_message] [INFO]- "GET /CQM/CQMserev/ HTTP/1.1" 200 22499
[2022-06-08 16:27:23,262] [basehttp.py:154] [basehttp:log_message] [INFO]- "GET /favicon.ico HTTP/1.1" 200 22499
[2022-06-08 16:27:37,144] [log.py:228] [log:log_response] [WARNING]- Forbidden: /CQM/CQMSeriv/
[2022-06-08 16:27:37,145] [basehttp.py:154] [basehttp:log_message] [WARNING]- "GET /CQM/CQMSeriv/ HTTP/1.1" 403 5022
[2022-06-08 16:27:37,164] [basehttp.py:154] [basehttp:log_message] [INFO]- "GET /static/rest_framework/css/bootstrap.min.css HTTP/1.1" 200 121457
[2022-06-08 16:27:37,166] [basehttp.py:154] [basehttp:log_message] [INFO]- "GET /static/rest_framework/css/bootstrap-tweaks.css HTTP/1.1" 200 3385
[2022-06-08 16:27:37,178] [basehttp.py:154] [basehttp:log_message] [INFO]- "GET /static/rest_framework/js/csrf.js HTTP/1.1" 200 1719
[2022-06-08 16:27:37,189] [basehttp.py:154] [basehttp:log_message] [INFO]- "GET /static/rest_framework/js/prettify-min.js HTTP/1.1" 200 13632
[2022-06-08 16:27:37,189] [basehttp.py:154] [basehttp:log_message] [INFO]- "GET /static/rest_framework/js/bootstrap.min.js HTTP/1.1" 200 39680
[2022-06-08 16:27:37,192] [basehttp.py:154] [basehttp:log_message] [INFO]- "GET /static/rest_framework/js/default.js HTTP/1.1" 200 1268
[2022-06-08 16:27:37,198] [basehttp.py:154] [basehttp:log_message] [INFO]- "GET /static/rest_framework/css/prettify.css HTTP/1.1" 200 817
[2022-06-08 16:27:37,214] [basehttp.py:154] [basehttp:log_message] [INFO]- "GET /static/rest_framework/css/default.css HTTP/1.1" 200 1131
[2022-06-08 16:27:37,216] [basehttp.py:154] [basehttp:log_message] [INFO]- "GET /static/rest_framework/js/jquery-3.4.1.min.js HTTP/1.1" 200 88145
[2022-06-08 16:27:37,217] [basehttp.py:154] [basehttp:log_message] [INFO]- "GET /static/rest_framework/js/ajax-form.js HTTP/1.1" 200 3597
[2022-06-08 16:27:37,256] [basehttp.py:154] [basehttp:log_message] [INFO]- "GET /static/rest_framework/img/grid.png HTTP/1.1" 200 1458
[2022-06-08 16:27:37,392] [basehttp.py:154] [basehttp:log_message] [INFO]- "GET /favicon.ico HTTP/1.1" 200 22499
[2022-06-08 16:27:49,906] [log.py:228] [log:log_response] [WARNING]- Unauthorized: /CQM/CQMSeriv/
[2022-06-08 16:27:49,906] [basehttp.py:154] [basehttp:log_message] [WARNING]- "GET /CQM/CQMSeriv/ HTTP/1.1" 401 5147
[2022-06-08 16:27:54,139] [log.py:228] [log:log_response] [WARNING]- Unauthorized: /CQM/CQMSeriv/
[2022-06-08 16:27:54,139] [basehttp.py:154] [basehttp:log_message] [WARNING]- "GET /CQM/CQMSeriv/ HTTP/1.1" 401 5147
[2022-06-08 16:27:54,478] [basehttp.py:154] [basehttp:log_message] [INFO]- "GET /favicon.ico HTTP/1.1" 200 22499
[2022-06-08 16:32:40,570] [basehttp.py:154] [basehttp:log_message] [INFO]- "GET / HTTP/1.1" 200 22499
[2022-06-08 16:32:41,050] [basehttp.py:154] [basehttp:log_message] [INFO]- "GET /favicon.ico HTTP/1.1" 200 22499
[2022-06-08 16:56:01,082] [log.py:228] [log:log_response] [WARNING]- Forbidden: /CQM/CQMSeriv/
[2022-06-08 16:56:01,082] [basehttp.py:154] [basehttp:log_message] [WARNING]- "GET /CQM/CQMSeriv/ HTTP/1.1" 403 5022
[2022-06-08 16:56:01,333] [basehttp.py:154] [basehttp:log_message] [INFO]- "GET /favicon.ico HTTP/1.1" 200 22499
[2022-06-08 16:56:03,212] [log.py:228] [log:log_response] [WARNING]- Forbidden: /CQM/CQMSeriv/
[2022-06-08 16:56:03,213] [basehttp.py:154] [basehttp:log_message] [WARNING]- "GET /CQM/CQMSeriv/ HTTP/1.1" 403 5022
[2022-06-08 16:56:03,323] [basehttp.py:154] [basehttp:log_message] [INFO]- "GET /favicon.ico HTTP/1.1" 200 22499
[2022-06-08 16:56:15,765] [log.py:228] [log:log_response] [WARNING]- Unauthorized: /CQM/CQMSeriv/
[2022-06-08 16:56:15,766] [basehttp.py:154] [basehttp:log_message] [WARNING]- "GET /CQM/CQMSeriv/ HTTP/1.1" 401 5147
[2022-06-08 17:08:27,171] [basehttp.py:154] [basehttp:log_message] [INFO]- "GET /CQM/CQMSeriv/ HTTP/1.1" 200 2
[2022-06-08 17:08:27,291] [basehttp.py:154] [basehttp:log_message] [INFO]- "GET /favicon.ico HTTP/1.1" 200 22499
[2022-06-08 17:09:27,316] [log.py:228] [log:log_response] [WARNING]- Unauthorized: /CQM/CQMSeriv/
[2022-06-08 17:09:27,317] [basehttp.py:154] [basehttp:log_message] [WARNING]- "GET /CQM/CQMSeriv/ HTTP/1.1" 401 5147
[2022-06-08 17:11:02,019] [log.py:228] [log:log_response] [WARNING]- Unauthorized: /CQM/CQMSeriv/
[2022-06-08 17:11:02,019] [basehttp.py:154] [basehttp:log_message] [WARNING]- "GET /CQM/CQMSeriv/ HTTP/1.1" 401 5147
[2022-06-08 17:12:29,034] [log.py:228] [log:log_response] [WARNING]- Unauthorized: /CQM/CQMSeriv/
[2022-06-08 17:12:29,035] [basehttp.py:154] [basehttp:log_message] [WARNING]- "GET /CQM/CQMSeriv/ HTTP/1.1" 401 5147
[2022-06-08 17:13:27,937] [basehttp.py:154] [basehttp:log_message] [INFO]- "GET /admin/ HTTP/1.1" 302 0
[2022-06-08 17:13:28,311] [basehttp.py:154] [basehttp:log_message] [INFO]- "GET /admin/login/?next=/admin/ HTTP/1.1" 200 1821
[2022-06-08 17:13:28,357] [basehttp.py:154] [basehttp:log_message] [INFO]- "GET /static/admin/css/login.css HTTP/1.1" 200 1203
[2022-06-08 17:13:28,359] [basehttp.py:154] [basehttp:log_message] [INFO]- "GET /static/admin/css/base.css HTTP/1.1" 200 16225
[2022-06-08 17:13:28,376] [basehttp.py:154] [basehttp:log_message] [INFO]- "GET /static/admin/css/fonts.css HTTP/1.1" 200 423
[2022-06-08 17:13:28,381] [basehttp.py:154] [basehttp:log_message] [INFO]- "GET /static/admin/css/responsive.css HTTP/1.1" 200 17976
[2022-06-08 17:13:28,471] [basehttp.py:154] [basehttp:log_message] [INFO]- "GET /static/admin/fonts/Roboto-Regular-webfont.woff HTTP/1.1" 200 80304
[2022-06-08 17:13:28,472] [basehttp.py:154] [basehttp:log_message] [INFO]- "GET /static/admin/fonts/Roboto-Light-webfont.woff HTTP/1.1" 200 81348
[2022-06-08 17:13:28,555] [basehttp.py:154] [basehttp:log_message] [INFO]- "GET /favicon.ico HTTP/1.1" 200 22499
[2022-06-08 17:13:39,883] [UserIP.py:89] [UserIP:process_response] [CRITICAL]- 系统错误
[2022-06-08 17:13:39,889] [basehttp.py:154] [basehttp:log_message] [INFO]- "POST /admin/login/?next=/admin/ HTTP/1.1" 200 1952
[2022-06-08 17:13:39,911] [basehttp.py:154] [basehttp:log_message] [INFO]- "GET /static/admin/fonts/Roboto-Bold-webfont.woff HTTP/1.1" 200 82564
[2022-06-08 17:13:39,968] [basehttp.py:154] [basehttp:log_message] [INFO]- "GET /favicon.ico HTTP/1.1" 200 22499
[2022-06-08 17:13:48,874] [UserIP.py:89] [UserIP:process_response] [CRITICAL]- 系统错误
[2022-06-08 17:13:48,883] [basehttp.py:154] [basehttp:log_message] [INFO]- "POST /admin/login/?next=/admin/ HTTP/1.1" 302 0
[2022-06-08 17:13:49,133] [basehttp.py:154] [basehttp:log_message] [INFO]- "GET /admin/ HTTP/1.1" 200 43951
[2022-06-08 17:13:49,153] [basehttp.py:154] [basehttp:log_message] [INFO]- "GET /static/admin/css/dashboard.css HTTP/1.1" 200 412
[2022-06-08 17:13:49,164] [basehttp.py:154] [basehttp:log_message] [INFO]- "GET /static/admin/img/icon-addlink.svg HTTP/1.1" 200 331
[2022-06-08 17:13:49,164] [basehttp.py:154] [basehttp:log_message] [INFO]- "GET /static/admin/img/icon-changelink.svg HTTP/1.1" 200 380
[2022-06-08 17:13:49,271] [basehttp.py:154] [basehttp:log_message] [INFO]- "GET /favicon.ico HTTP/1.1" 200 22499
[2022-06-08 17:13:53,300] [basehttp.py:154] [basehttp:log_message] [INFO]- "GET /admin/auth/user/ HTTP/1.1" 200 10996
[2022-06-08 17:13:53,324] [basehttp.py:154] [basehttp:log_message] [INFO]- "GET /static/admin/css/changelists.css HTTP/1.1" 200 6170
[2022-06-08 17:13:53,347] [basehttp.py:154] [basehttp:log_message] [INFO]- "GET /static/admin/js/actions.js HTTP/1.1" 200 6538
[2022-06-08 17:13:53,359] [basehttp.py:154] [basehttp:log_message] [INFO]- "GET /admin/jsi18n/ HTTP/1.1" 200 7684
[2022-06-08 17:13:53,363] [basehttp.py:154] [basehttp:log_message] [INFO]- "GET /static/admin/js/urlify.js HTTP/1.1" 200 8972
[2022-06-08 17:13:53,368] [basehttp.py:154] [basehttp:log_message] [INFO]- "GET /static/admin/js/prepopulate.js HTTP/1.1" 200 1530
[2022-06-08 17:13:53,370] [basehttp.py:154] [basehttp:log_message] [INFO]- "GET /static/admin/js/vendor/jquery/jquery.js HTTP/1.1" 200 271751
[2022-06-08 17:13:53,376] [basehttp.py:154] [basehttp:log_message] [INFO]- "GET /static/admin/js/vendor/xregexp/xregexp.js HTTP/1.1" 200 128820
[2022-06-08 17:13:53,398] [basehttp.py:154] [basehttp:log_message] [INFO]- "GET /static/admin/js/core.js HTTP/1.1" 200 7135
[2022-06-08 17:13:53,414] [basehttp.py:154] [basehttp:log_message] [INFO]- "GET /static/admin/js/jquery.init.js HTTP/1.1" 200 363
[2022-06-08 17:13:53,427] [basehttp.py:154] [basehttp:log_message] [INFO]- "GET /static/admin/img/search.svg HTTP/1.1" 200 458
[2022-06-08 17:13:53,433] [basehttp.py:154] [basehttp:log_message] [INFO]- "GET /static/admin/img/icon-no.svg HTTP/1.1" 200 560
[2022-06-08 17:13:53,452] [basehttp.py:154] [basehttp:log_message] [INFO]- "GET /static/admin/img/icon-yes.svg HTTP/1.1" 200 436
[2022-06-08 17:13:53,471] [basehttp.py:154] [basehttp:log_message] [INFO]- "GET /static/admin/js/admin/RelatedObjectLookups.js HTTP/1.1" 200 6918
[2022-06-08 17:13:53,489] [basehttp.py:154] [basehttp:log_message] [INFO]- "GET /static/admin/img/tooltag-add.svg HTTP/1.1" 200 331
[2022-06-08 17:13:53,513] [basehttp.py:154] [basehttp:log_message] [INFO]- "GET /static/admin/img/sorting-icons.svg HTTP/1.1" 200 1097
[2022-06-08 17:13:53,635] [basehttp.py:154] [basehttp:log_message] [INFO]- "GET /favicon.ico HTTP/1.1" 200 22499
[2022-06-08 17:13:55,936] [basehttp.py:154] [basehttp:log_message] [INFO]- "GET /admin/auth/user/9/change/ HTTP/1.1" 200 40482
[2022-06-08 17:13:55,954] [basehttp.py:154] [basehttp:log_message] [INFO]- "GET /static/admin/css/forms.css HTTP/1.1" 200 8505
[2022-06-08 17:13:55,988] [basehttp.py:154] [basehttp:log_message] [INFO]- "GET /static/admin/css/widgets.css HTTP/1.1" 200 10340
[2022-06-08 17:13:55,992] [basehttp.py:154] [basehttp:log_message] [INFO]- "GET /static/admin/js/SelectBox.js HTTP/1.1" 200 5755
[2022-06-08 17:13:55,993] [basehttp.py:154] [basehttp:log_message] [INFO]- "GET /static/admin/js/SelectFilter2.js HTTP/1.1" 200 12712
[2022-06-08 17:13:56,012] [basehttp.py:154] [basehttp:log_message] [INFO]- "GET /static/admin/js/calendar.js HTTP/1.1" 200 7777
[2022-06-08 17:13:56,044] [basehttp.py:154] [basehttp:log_message] [INFO]- "GET /static/admin/js/admin/DateTimeShortcuts.js HTTP/1.1" 200 20281
[2022-06-08 17:13:56,121] [basehttp.py:154] [basehttp:log_message] [INFO]- "GET /admin/jsi18n/ HTTP/1.1" 200 7684
[2022-06-08 17:13:56,192] [basehttp.py:154] [basehttp:log_message] [INFO]- "GET /static/admin/js/change_form.js HTTP/1.1" 200 712
[2022-06-08 17:13:56,195] [basehttp.py:154] [basehttp:log_message] [INFO]- "GET /static/admin/js/prepopulate_init.js HTTP/1.1" 200 495
[2022-06-08 17:13:56,421] [basehttp.py:154] [basehttp:log_message] [INFO]- "GET /static/admin/img/selector-icons.svg HTTP/1.1" 200 3291
[2022-06-08 17:13:56,421] [basehttp.py:154] [basehttp:log_message] [INFO]- "GET /static/admin/img/icon-unknown-alt.svg HTTP/1.1" 200 655
[2022-06-08 17:13:56,422] [basehttp.py:154] [basehttp:log_message] [INFO]- "GET /static/admin/img/icon-unknown.svg HTTP/1.1" 200 655
[2022-06-08 17:13:56,430] [basehttp.py:154] [basehttp:log_message] [INFO]- "GET /static/admin/img/icon-clock.svg HTTP/1.1" 200 677
[2022-06-08 17:13:56,431] [basehttp.py:154] [basehttp:log_message] [INFO]- "GET /static/admin/img/icon-calendar.svg HTTP/1.1" 200 1086
[2022-06-08 17:13:56,558] [basehttp.py:154] [basehttp:log_message] [INFO]- "GET /favicon.ico HTTP/1.1" 200 22499
[2022-06-08 17:14:05,455] [log.py:228] [log:log_response] [WARNING]- Unauthorized: /CQM/CQMSeriv/
[2022-06-08 17:14:05,455] [basehttp.py:154] [basehttp:log_message] [WARNING]- "GET /CQM/CQMSeriv/ HTTP/1.1" 401 5147
[2022-06-08 17:15:18,410] [log.py:228] [log:log_response] [WARNING]- Unauthorized: /CQM/CQMSeriv/
[2022-06-08 17:15:18,411] [basehttp.py:154] [basehttp:log_message] [WARNING]- "GET /CQM/CQMSeriv/ HTTP/1.1" 401 5147
[2022-06-08 17:15:28,001] [log.py:228] [log:log_response] [WARNING]- Forbidden: /CQM/CQMSeriv/
[2022-06-08 17:15:28,001] [basehttp.py:154] [basehttp:log_message] [WARNING]- "GET /CQM/CQMSeriv/ HTTP/1.1" 403 5256
[2022-06-08 17:15:28,171] [basehttp.py:154] [basehttp:log_message] [INFO]- "GET /favicon.ico HTTP/1.1" 200 22499
[2022-06-09 07:42:39,367] [log.py:228] [log:log_response] [WARNING]- Forbidden: /CQM/CQMSeriv/
[2022-06-09 07:42:39,369] [basehttp.py:154] [basehttp:log_message] [WARNING]- "GET /CQM/CQMSeriv/ HTTP/1.1" 403 5256
[2022-06-09 07:42:39,882] [basehttp.py:154] [basehttp:log_message] [INFO]- "GET /favicon.ico HTTP/1.1" 302 0
[2022-06-09 07:42:39,963] [basehttp.py:154] [basehttp:log_message] [INFO]- "GET /login/ HTTP/1.1" 200 4677
[2022-06-09 07:43:48,368] [basehttp.py:154] [basehttp:log_message] [INFO]- "GET /admin/auth/user/ HTTP/1.1" 302 0
[2022-06-09 07:43:48,428] [basehttp.py:154] [basehttp:log_message] [INFO]- "GET /admin/login/?next=/admin/auth/user/ HTTP/1.1" 200 1841
[2022-06-09 07:43:48,586] [basehttp.py:154] [basehttp:log_message] [INFO]- "GET /favicon.ico HTTP/1.1" 302 0
[2022-06-09 07:43:48,602] [basehttp.py:154] [basehttp:log_message] [INFO]- "GET /login/ HTTP/1.1" 200 4677
[2022-06-09 07:43:53,143] [UserIP.py:89] [UserIP:process_response] [CRITICAL]- 系统错误
[2022-06-09 07:43:53,152] [basehttp.py:154] [basehttp:log_message] [INFO]- "POST /admin/login/?next=/admin/auth/user/ HTTP/1.1" 302 0
[2022-06-09 07:43:53,277] [basehttp.py:154] [basehttp:log_message] [INFO]- "GET /admin/auth/user/ HTTP/1.1" 200 10996
[2022-06-09 07:43:53,321] [basehttp.py:154] [basehttp:log_message] [INFO]- "GET /admin/jsi18n/ HTTP/1.1" 200 7684
[2022-06-09 07:43:53,461] [basehttp.py:154] [basehttp:log_message] [INFO]- "GET /favicon.ico HTTP/1.1" 302 0
[2022-06-09 07:43:53,488] [basehttp.py:154] [basehttp:log_message] [INFO]- "GET /login/ HTTP/1.1" 200 4677
[2022-06-09 07:43:56,072] [basehttp.py:154] [basehttp:log_message] [INFO]- "GET /admin/auth/user/1/change/ HTTP/1.1" 200 40554
[2022-06-09 07:43:56,101] [basehttp.py:154] [basehttp:log_message] [INFO]- "GET /admin/jsi18n/ HTTP/1.1" 200 7684
[2022-06-09 07:43:56,236] [basehttp.py:154] [basehttp:log_message] [INFO]- "GET /favicon.ico HTTP/1.1" 302 0
[2022-06-09 07:43:56,260] [basehttp.py:154] [basehttp:log_message] [INFO]- "GET /login/ HTTP/1.1" 200 4677
[2022-06-09 07:44:07,271] [UserIP.py:89] [UserIP:process_response] [CRITICAL]- 系统错误
[2022-06-09 07:44:07,277] [basehttp.py:154] [basehttp:log_message] [INFO]- "POST /admin/auth/user/1/change/ HTTP/1.1" 302 0
[2022-06-09 07:44:07,362] [basehttp.py:154] [basehttp:log_message] [INFO]- "GET /admin/auth/user/ HTTP/1.1" 200 11157
[2022-06-09 07:44:07,409] [basehttp.py:154] [basehttp:log_message] [INFO]- "GET /admin/jsi18n/ HTTP/1.1" 200 7684
[2022-06-09 07:44:07,526] [basehttp.py:154] [basehttp:log_message] [INFO]- "GET /favicon.ico HTTP/1.1" 302 0
[2022-06-09 07:44:07,546] [basehttp.py:154] [basehttp:log_message] [INFO]- "GET /login/ HTTP/1.1" 200 4677
[2022-06-09 07:44:19,623] [basehttp.py:154] [basehttp:log_message] [INFO]- "GET /CQM/CQMSeriv/ HTTP/1.1" 200 2
[2022-06-09 07:44:19,658] [basehttp.py:154] [basehttp:log_message] [INFO]- "GET /favicon.ico HTTP/1.1" 302 0
[2022-06-09 07:44:19,675] [basehttp.py:154] [basehttp:log_message] [INFO]- "GET /login/ HTTP/1.1" 200 4677
