[2022-09-07 15:24:34,313] [basehttp.py:154] [basehttp:log_message] [INFO]- "GET / HTTP/1.1" 302 0
[2022-09-07 15:24:34,327] [basehttp.py:154] [basehttp:log_message] [INFO]- "GET /login/ HTTP/1.1" 200 4677
[2022-09-07 15:24:34,619] [basehttp.py:154] [basehttp:log_message] [INFO]- "GET /favicon.ico HTTP/1.1" 302 0
[2022-09-07 15:24:34,636] [basehttp.py:154] [basehttp:log_message] [INFO]- "GET /login/ HTTP/1.1" 200 4677
[2022-09-07 15:32:49,057] [basehttp.py:154] [basehttp:log_message] [INFO]- "GET / HTTP/1.1" 302 0
[2022-09-07 15:32:49,072] [basehttp.py:154] [basehttp:log_message] [INFO]- "GET /login/ HTTP/1.1" 200 4677
[2022-09-07 15:32:49,173] [basehttp.py:154] [basehttp:log_message] [INFO]- "GET /favicon.ico HTTP/1.1" 302 0
[2022-09-07 15:32:49,176] [basehttp.py:154] [basehttp:log_message] [INFO]- "GET /login/ HTTP/1.1" 200 4677
[2022-09-07 15:35:16,291] [basehttp.py:154] [basehttp:log_message] [INFO]- "GET /favicon.ico HTTP/1.1" 302 0
[2022-09-07 15:35:16,324] [basehttp.py:154] [basehttp:log_message] [INFO]- "GET /login/ HTTP/1.1" 200 4677
[2022-09-07 15:36:12,101] [UserIP.py:89] [UserIP:process_response] [CRITICAL]- 系统错误
[2022-09-07 15:36:12,133] [basehttp.py:154] [basehttp:log_message] [INFO]- "POST /login/ HTTP/1.1" 302 0
[2022-09-07 15:36:12,286] [basehttp.py:154] [basehttp:log_message] [INFO]- "GET /index/ HTTP/1.1" 200 47664
[2022-09-07 15:36:12,643] [basehttp.py:154] [basehttp:log_message] [INFO]- "GET /index/ HTTP/1.1" 200 47664
[2022-09-07 15:36:13,511] [basehttp.py:154] [basehttp:log_message] [INFO]- "GET /favicon.ico HTTP/1.1" 200 22933
[2022-09-07 15:40:34,117] [basehttp.py:154] [basehttp:log_message] [INFO]- "GET / HTTP/1.1" 200 22933
[2022-09-07 15:40:34,354] [basehttp.py:154] [basehttp:log_message] [INFO]- "GET /favicon.ico HTTP/1.1" 200 22933
[2022-09-07 15:50:44,972] [basehttp.py:154] [basehttp:log_message] [INFO]- "GET /index/ HTTP/1.1" 200 47664
[2022-09-07 15:50:45,033] [basehttp.py:154] [basehttp:log_message] [INFO]- "GET /index/ HTTP/1.1" 200 47664
[2022-09-07 15:50:45,378] [basehttp.py:154] [basehttp:log_message] [INFO]- "GET /favicon.ico HTTP/1.1" 200 22933
[2022-09-07 15:57:55,863] [basehttp.py:154] [basehttp:log_message] [INFO]- "GET /docs/ HTTP/1.1" 200 22933
[2022-09-07 15:57:56,121] [basehttp.py:154] [basehttp:log_message] [INFO]- "GET /favicon.ico HTTP/1.1" 200 22933
[2022-09-07 15:58:29,214] [basehttp.py:154] [basehttp:log_message] [INFO]- "GET /docs/ HTTP/1.1" 200 115130
[2022-09-07 15:58:29,223] [basehttp.py:154] [basehttp:log_message] [INFO]- "GET /static/rest_framework/css/bootstrap-theme.min.css HTTP/1.1" 200 23411
[2022-09-07 15:58:29,231] [basehttp.py:154] [basehttp:log_message] [INFO]- "GET /static/rest_framework/css/bootstrap.min.css HTTP/1.1" 200 121457
[2022-09-07 15:58:29,244] [basehttp.py:154] [basehttp:log_message] [INFO]- "GET /static/rest_framework/docs/css/base.css HTTP/1.1" 200 6147
[2022-09-07 15:58:29,244] [basehttp.py:154] [basehttp:log_message] [INFO]- "GET /static/rest_framework/css/font-awesome-4.0.3.css HTTP/1.1" 200 21658
[2022-09-07 15:58:29,247] [basehttp.py:154] [basehttp:log_message] [INFO]- "GET /static/rest_framework/docs/css/jquery.json-view.min.css HTTP/1.1" 200 1307
[2022-09-07 15:58:29,250] [basehttp.py:154] [basehttp:log_message] [INFO]- "GET /docs/schema.js HTTP/1.1" 200 18764
[2022-09-07 15:58:29,250] [basehttp.py:154] [basehttp:log_message] [INFO]- "GET /static/rest_framework/js/jquery-3.4.1.min.js HTTP/1.1" 200 88145
[2022-09-07 15:58:29,251] [basehttp.py:154] [basehttp:log_message] [INFO]- "GET /static/rest_framework/js/bootstrap.min.js HTTP/1.1" 200 39680
[2022-09-07 15:58:29,252] [basehttp.py:154] [basehttp:log_message] [INFO]- "GET /static/rest_framework/js/coreapi-0.1.1.js HTTP/1.1" 200 157600
[2022-09-07 15:58:29,252] [basehttp.py:154] [basehttp:log_message] [INFO]- "GET /static/rest_framework/docs/js/api.js HTTP/1.1" 200 10539
[2022-09-07 15:58:29,252] [basehttp.py:154] [basehttp:log_message] [INFO]- "GET /static/rest_framework/docs/js/jquery.json-view.min.js HTTP/1.1" 200 2700
[2022-09-07 15:58:29,283] [basehttp.py:154] [basehttp:log_message] [INFO]- "GET /static/rest_framework/fonts/fontawesome-webfont.woff?v=4.0.3 HTTP/1.1" 200 44432
[2022-09-07 15:58:29,397] [basehttp.py:154] [basehttp:log_message] [INFO]- "GET /static/rest_framework/docs/img/favicon.ico HTTP/1.1" 200 5430
[2022-09-07 15:59:24,927] [basehttp.py:154] [basehttp:log_message] [INFO]- "GET /admin/ HTTP/1.1" 302 0
[2022-09-07 15:59:24,943] [basehttp.py:154] [basehttp:log_message] [INFO]- "GET /admin/login/?next=/admin/ HTTP/1.1" 200 4026
[2022-09-07 15:59:25,104] [basehttp.py:154] [basehttp:log_message] [INFO]- "GET /favicon.ico HTTP/1.1" 200 22933
[2022-09-07 15:59:29,152] [UserIP.py:89] [UserIP:process_response] [CRITICAL]- 系统错误
[2022-09-07 15:59:29,162] [basehttp.py:154] [basehttp:log_message] [INFO]- "POST /admin/login/?next=/admin/ HTTP/1.1" 302 0
[2022-09-07 15:59:29,599] [basehttp.py:154] [basehttp:log_message] [INFO]- "GET /admin/ HTTP/1.1" 200 42050
[2022-09-07 15:59:29,610] [basehttp.py:154] [basehttp:log_message] [INFO]- "GET /static/admin/simpleui-x/css/index.css?_=3.2 HTTP/1.1" 304 0
[2022-09-07 15:59:29,854] [basehttp.py:154] [basehttp:log_message] [INFO]- "GET /favicon.ico HTTP/1.1" 200 22933
[2022-09-07 15:59:34,083] [basehttp.py:154] [basehttp:log_message] [INFO]- "GET /favicon.ico HTTP/1.1" 200 22933
[2022-09-07 15:59:34,128] [basehttp.py:154] [basehttp:log_message] [INFO]- "GET /admin/app01/role/ HTTP/1.1" 200 36095
[2022-09-07 15:59:34,144] [basehttp.py:154] [basehttp:log_message] [INFO]- "GET /static/admin/css/base.css?_=2.7 HTTP/1.1" 304 0
[2022-09-07 15:59:34,144] [basehttp.py:154] [basehttp:log_message] [INFO]- "GET /static/admin/simpleui-x/theme/simpleui.css HTTP/1.1" 304 0
[2022-09-07 15:59:34,148] [basehttp.py:154] [basehttp:log_message] [INFO]- "GET /static/admin/css/changelists.css?_=20180905 HTTP/1.1" 304 0
[2022-09-07 15:59:34,148] [basehttp.py:154] [basehttp:log_message] [INFO]- "GET /static/admin/js/jquery.init.js HTTP/1.1" 304 0
[2022-09-07 15:59:34,148] [basehttp.py:154] [basehttp:log_message] [INFO]- "GET /static/admin/js/vendor/jquery/jquery.js HTTP/1.1" 304 0
[2022-09-07 15:59:34,159] [basehttp.py:154] [basehttp:log_message] [INFO]- "GET /static/admin/css/responsive.css?_=20180905 HTTP/1.1" 304 0
[2022-09-07 15:59:34,159] [basehttp.py:154] [basehttp:log_message] [INFO]- "GET /static/admin/js/core.js HTTP/1.1" 304 0
[2022-09-07 15:59:34,160] [basehttp.py:154] [basehttp:log_message] [INFO]- "GET /static/admin/js/urlify.js HTTP/1.1" 304 0
[2022-09-07 15:59:34,160] [basehttp.py:154] [basehttp:log_message] [INFO]- "GET /static/admin/js/actions.js HTTP/1.1" 304 0
[2022-09-07 15:59:34,160] [basehttp.py:154] [basehttp:log_message] [INFO]- "GET /static/admin/js/admin/RelatedObjectLookups.js HTTP/1.1" 304 0
[2022-09-07 15:59:34,163] [basehttp.py:154] [basehttp:log_message] [INFO]- "GET /static/admin/js/prepopulate.js HTTP/1.1" 304 0
[2022-09-07 15:59:34,164] [basehttp.py:154] [basehttp:log_message] [INFO]- "GET /static/admin/js/vendor/xregexp/xregexp.js HTTP/1.1" 304 0
[2022-09-07 15:59:34,166] [basehttp.py:154] [basehttp:log_message] [INFO]- "GET /admin/jsi18n/ HTTP/1.1" 200 7684
[2022-09-07 15:59:34,166] [basehttp.py:154] [basehttp:log_message] [INFO]- "GET /static/admin/js/vendor/jquery/jquery.min.js HTTP/1.1" 304 0
[2022-09-07 15:59:34,180] [basehttp.py:154] [basehttp:log_message] [INFO]- "GET /static/admin/css/fonts.css HTTP/1.1" 304 0
[2022-09-07 15:59:34,239] [basehttp.py:154] [basehttp:log_message] [INFO]- "GET /static/admin/fonts/Roboto-Regular-webfont.woff HTTP/1.1" 304 0
[2022-09-07 15:59:34,251] [basehttp.py:154] [basehttp:log_message] [INFO]- "GET /static/admin/img/sorting-icons.svg HTTP/1.1" 304 0
[2022-09-07 15:59:34,266] [basehttp.py:154] [basehttp:log_message] [INFO]- "GET /static/admin/fonts/Roboto-Light-webfont.woff HTTP/1.1" 304 0
[2022-09-07 15:59:34,267] [basehttp.py:154] [basehttp:log_message] [INFO]- "GET /static/admin/fonts/Roboto-Bold-webfont.woff HTTP/1.1" 304 0
[2022-09-07 15:59:39,443] [basehttp.py:154] [basehttp:log_message] [INFO]- "GET /favicon.ico HTTP/1.1" 200 22933
[2022-09-07 15:59:39,599] [basehttp.py:154] [basehttp:log_message] [INFO]- "GET /admin/app01/userinfo/ HTTP/1.1" 200 113213
[2022-09-07 15:59:39,627] [basehttp.py:154] [basehttp:log_message] [INFO]- "GET /admin/jsi18n/ HTTP/1.1" 200 7684
[2022-09-07 15:59:58,205] [UserIP.py:87] [UserIP:process_response] [INFO]- 2022-09-07 15:59:58 C1010S3>Edwin None>LAPTOP-1EJQO0D7>311 127.0.0.1 127.0.0.1 /CQM/api/login/ POST
[2022-09-07 15:59:58,213] [basehttp.py:154] [basehttp:log_message] [INFO]- "POST /CQM/api/login/ HTTP/1.1" 200 497
[2022-09-07 16:01:59,601] [log.py:228] [log:log_response] [WARNING]- Forbidden: /CQM/CQMapi/
[2022-09-07 16:01:59,601] [basehttp.py:154] [basehttp:log_message] [WARNING]- "GET /CQM/CQMapi/ HTTP/1.1" 403 49
[2022-09-07 16:43:06,167] [basehttp.py:154] [basehttp:log_message] [INFO]- "GET / HTTP/1.1" 200 22933
[2022-09-07 16:43:06,338] [basehttp.py:154] [basehttp:log_message] [INFO]- "GET /favicon.ico HTTP/1.1" 200 22933
[2022-09-07 16:43:20,284] [basehttp.py:154] [basehttp:log_message] [INFO]- "GET /FilesDownload/ HTTP/1.1" 200 29564
[2022-09-07 16:43:20,628] [basehttp.py:154] [basehttp:log_message] [INFO]- "GET /favicon.ico HTTP/1.1" 200 22933
[2022-09-08 15:15:27,545] [basehttp.py:154] [basehttp:log_message] [INFO]- "GET / HTTP/1.1" 302 0
[2022-09-08 15:15:27,565] [basehttp.py:154] [basehttp:log_message] [INFO]- "GET /login/ HTTP/1.1" 200 4677
[2022-09-08 15:15:28,009] [basehttp.py:154] [basehttp:log_message] [INFO]- "GET /favicon.ico HTTP/1.1" 302 0
[2022-09-08 15:15:28,024] [basehttp.py:154] [basehttp:log_message] [INFO]- "GET /login/ HTTP/1.1" 200 4677
[2022-09-08 15:15:34,099] [basehttp.py:154] [basehttp:log_message] [INFO]- "GET /docs/ HTTP/1.1" 200 115076
[2022-09-08 15:15:34,149] [basehttp.py:154] [basehttp:log_message] [INFO]- "GET /docs/schema.js HTTP/1.1" 200 18740
[2022-09-08 15:19:10,965] [UserIP.py:87] [UserIP:process_response] [INFO]- 2022-09-08 15:19:10 None>None None>LAPTOP-1EJQO0D7>311 127.0.0.1 127.0.0.1 /CQM/api/login/ POST
[2022-09-08 15:19:10,966] [basehttp.py:154] [basehttp:log_message] [INFO]- "POST /CQM/api/login/ HTTP/1.1" 200 497
[2022-09-08 15:19:37,137] [log.py:228] [log:log_response] [WARNING]- Unauthorized: /CQM/CQMapi/
[2022-09-08 15:19:37,137] [basehttp.py:154] [basehttp:log_message] [WARNING]- "GET /CQM/CQMapi/ HTTP/1.1" 401 43
[2022-09-08 15:45:22,166] [UserIP.py:87] [UserIP:process_response] [INFO]- 2022-09-08 15:45:22 None>None None>LAPTOP-1EJQO0D7>311 127.0.0.1 127.0.0.1 /mongotest/mongotest-upload/ POST
[2022-09-08 15:45:22,168] [log.py:228] [log:log_response] [WARNING]- Bad Request: /mongotest/mongotest-upload/
[2022-09-08 15:45:22,168] [basehttp.py:154] [basehttp:log_message] [WARNING]- "POST /mongotest/mongotest-upload/ HTTP/1.1" 400 125
[2022-09-08 15:46:10,051] [UserIP.py:87] [UserIP:process_response] [INFO]- 2022-09-08 15:46:10 None>None None>LAPTOP-1EJQO0D7>311 127.0.0.1 127.0.0.1 /mongotest/mongotest-upload/ POST
[2022-09-08 15:46:10,051] [basehttp.py:154] [basehttp:log_message] [INFO]- "POST /mongotest/mongotest-upload/ HTTP/1.1" 201 207
[2022-09-08 15:46:20,120] [UserIP.py:87] [UserIP:process_response] [INFO]- 2022-09-08 15:46:20 None>None None>LAPTOP-1EJQO0D7>311 127.0.0.1 127.0.0.1 /mongotest/mongotest-upload/ POST
[2022-09-08 15:46:20,121] [basehttp.py:154] [basehttp:log_message] [INFO]- "POST /mongotest/mongotest-upload/ HTTP/1.1" 201 207
[2022-09-08 15:46:21,160] [UserIP.py:87] [UserIP:process_response] [INFO]- 2022-09-08 15:46:21 None>None None>LAPTOP-1EJQO0D7>311 127.0.0.1 127.0.0.1 /mongotest/mongotest-upload/ POST
[2022-09-08 15:46:21,161] [basehttp.py:154] [basehttp:log_message] [INFO]- "POST /mongotest/mongotest-upload/ HTTP/1.1" 201 207
[2022-09-08 15:46:22,110] [UserIP.py:87] [UserIP:process_response] [INFO]- 2022-09-08 15:46:22 None>None None>LAPTOP-1EJQO0D7>311 127.0.0.1 127.0.0.1 /mongotest/mongotest-upload/ POST
[2022-09-08 15:46:22,111] [basehttp.py:154] [basehttp:log_message] [INFO]- "POST /mongotest/mongotest-upload/ HTTP/1.1" 201 207
[2022-09-08 15:46:22,334] [UserIP.py:87] [UserIP:process_response] [INFO]- 2022-09-08 15:46:22 None>None None>LAPTOP-1EJQO0D7>311 127.0.0.1 127.0.0.1 /mongotest/mongotest-upload/ POST
[2022-09-08 15:46:22,336] [basehttp.py:154] [basehttp:log_message] [INFO]- "POST /mongotest/mongotest-upload/ HTTP/1.1" 201 207
[2022-09-08 15:46:30,957] [UserIP.py:87] [UserIP:process_response] [INFO]- 2022-09-08 15:46:30 None>None None>LAPTOP-1EJQO0D7>311 127.0.0.1 127.0.0.1 /mongotest/mongotest-upload/ POST
[2022-09-08 15:46:30,957] [basehttp.py:154] [basehttp:log_message] [INFO]- "POST /mongotest/mongotest-upload/ HTTP/1.1" 201 214
[2022-09-08 15:48:28,812] [basehttp.py:154] [basehttp:log_message] [INFO]- "GET /mongotest/mongotest-upload/ HTTP/1.1" 200 1256
[2022-09-08 15:48:55,087] [log.py:228] [log:log_response] [WARNING]- Unauthorized: /CQM/CQMapi/
[2022-09-08 15:48:55,087] [basehttp.py:154] [basehttp:log_message] [WARNING]- "GET /CQM/CQMapi/ HTTP/1.1" 401 43
[2022-09-08 15:50:10,369] [basehttp.py:154] [basehttp:log_message] [INFO]- "GET /INVGantt/INVGantSeri/ HTTP/1.1" 200 255968
[2022-09-08 15:51:04,907] [log.py:228] [log:log_response] [WARNING]- Not Found: /INVGantt/INVGantSeri/1/
[2022-09-08 15:51:04,907] [basehttp.py:154] [basehttp:log_message] [WARNING]- "GET /INVGantt/INVGantSeri/1/ HTTP/1.1" 404 25
