[2020-05-26 11:45:36,971] [basehttp.py:154] [basehttp:log_message] [INFO]- "GET /TestPlanSW/TestPlanSW-summary/ HTTP/1.1" 200 58660
[2020-05-26 11:45:37,856] [basehttp.py:154] [basehttp:log_message] [INFO]- "POST /TestPlanSW/TestPlanSW-summary/ HTTP/1.1" 200 144
[2020-05-26 11:45:37,949] [basehttp.py:154] [basehttp:log_message] [INFO]- "GET /favicon.ico HTTP/1.1" 200 16140
[2020-05-26 11:45:42,132] [basehttp.py:154] [basehttp:log_message] [INFO]- "POST /TestPlanSW/TestPlanSW-summary/ HTTP/1.1" 200 4800
[2020-05-26 11:45:48,102] [basehttp.py:154] [basehttp:log_message] [INFO]- "POST /TestPlanSW/TestPlanSW-summary/ HTTP/1.1" 200 4797
[2020-05-26 11:46:44,114] [basehttp.py:154] [basehttp:log_message] [INFO]- "POST /TestPlanSW/TestPlanSW-summary/ HTTP/1.1" 200 2520
[2020-05-26 11:46:45,083] [basehttp.py:154] [basehttp:log_message] [INFO]- "POST /TestPlanSW/TestPlanSW-summary/ HTTP/1.1" 200 242
[2020-05-26 11:47:45,267] [basehttp.py:154] [basehttp:log_message] [INFO]- "GET /TestPlanSW/TestPlanSW-summary/ HTTP/1.1" 200 58660
[2020-05-26 11:47:46,108] [basehttp.py:154] [basehttp:log_message] [INFO]- "POST /TestPlanSW/TestPlanSW-summary/ HTTP/1.1" 200 144
[2020-05-26 11:47:46,179] [basehttp.py:154] [basehttp:log_message] [INFO]- "GET /favicon.ico HTTP/1.1" 200 16140
[2020-05-26 11:47:48,846] [basehttp.py:154] [basehttp:log_message] [INFO]- "POST /TestPlanSW/TestPlanSW-summary/ HTTP/1.1" 200 2520
[2020-05-26 11:47:50,371] [basehttp.py:154] [basehttp:log_message] [INFO]- "POST /TestPlanSW/TestPlanSW-summary/ HTTP/1.1" 200 245
[2020-05-26 11:48:16,808] [basehttp.py:154] [basehttp:log_message] [INFO]- "POST /TestPlanSW/TestPlanSW-summary/ HTTP/1.1" 200 4800
[2020-05-26 11:48:22,117] [basehttp.py:154] [basehttp:log_message] [INFO]- "POST /TestPlanSW/TestPlanSW-summary/ HTTP/1.1" 200 4797
[2020-05-26 12:14:45,410] [basehttp.py:154] [basehttp:log_message] [INFO]- "GET /DriverTool/ToolList_search/ HTTP/1.1" 200 25675
[2020-05-26 12:14:46,002] [basehttp.py:154] [basehttp:log_message] [INFO]- "POST /DriverTool/ToolList_search/ HTTP/1.1" 200 747
[2020-05-26 12:14:46,073] [basehttp.py:154] [basehttp:log_message] [INFO]- "GET /favicon.ico HTTP/1.1" 200 16140
[2020-05-26 12:14:53,774] [basehttp.py:154] [basehttp:log_message] [INFO]- "POST /DriverTool/ToolList_search/ HTTP/1.1" 200 2907
[2020-05-26 12:14:56,750] [basehttp.py:154] [basehttp:log_message] [INFO]- "POST /DriverTool/ToolList_search/ HTTP/1.1" 200 6954
[2020-05-26 12:15:00,599] [basehttp.py:154] [basehttp:log_message] [INFO]- "POST /DriverTool/ToolList_search/ HTTP/1.1" 200 2907
[2020-05-26 12:15:59,765] [basehttp.py:154] [basehttp:log_message] [INFO]- "POST /DriverTool/ToolList_search/ HTTP/1.1" 200 2907
[2020-05-26 12:16:06,313] [basehttp.py:154] [basehttp:log_message] [INFO]- "POST /DriverTool/ToolList_search/ HTTP/1.1" 200 2907
[2020-05-26 12:16:12,905] [basehttp.py:154] [basehttp:log_message] [INFO]- "GET /DriverTool/DriverList_search/ HTTP/1.1" 200 25014
[2020-05-26 12:16:13,491] [basehttp.py:154] [basehttp:log_message] [INFO]- "POST /DriverTool/DriverList_search/ HTTP/1.1" 200 742
[2020-05-26 12:16:13,506] [basehttp.py:154] [basehttp:log_message] [INFO]- "GET /favicon.ico HTTP/1.1" 200 16140
[2020-05-26 12:16:17,140] [basehttp.py:154] [basehttp:log_message] [INFO]- "POST /DriverTool/DriverList_search/ HTTP/1.1" 200 2726
[2020-05-26 12:16:33,042] [basehttp.py:154] [basehttp:log_message] [INFO]- "GET /CQM/CQM_search/ HTTP/1.1" 200 39659
[2020-05-26 12:16:33,097] [basehttp.py:154] [basehttp:log_message] [INFO]- "GET /static/src/cqmspec.png HTTP/1.1" 304 0
[2020-05-26 12:16:33,558] [basehttp.py:154] [basehttp:log_message] [INFO]- "POST /CQM/CQM_search/ HTTP/1.1" 200 2711
[2020-05-26 12:16:33,678] [basehttp.py:154] [basehttp:log_message] [INFO]- "GET /favicon.ico HTTP/1.1" 200 16140
[2020-05-26 12:16:36,233] [basehttp.py:154] [basehttp:log_message] [INFO]- "POST /CQM/CQM_search/ HTTP/1.1" 200 2711
[2020-05-26 12:16:41,824] [basehttp.py:154] [basehttp:log_message] [INFO]- "POST /CQM/CQM_search/ HTTP/1.1" 200 61558
[2020-05-26 12:17:21,837] [basehttp.py:154] [basehttp:log_message] [INFO]- "GET /TestPlanSW/TestPlanSW-summary/ HTTP/1.1" 200 58660
[2020-05-26 12:17:22,488] [basehttp.py:154] [basehttp:log_message] [INFO]- "POST /TestPlanSW/TestPlanSW-summary/ HTTP/1.1" 200 144
[2020-05-26 12:17:22,491] [basehttp.py:154] [basehttp:log_message] [INFO]- "GET /favicon.ico HTTP/1.1" 200 16140
[2020-05-26 12:17:24,416] [basehttp.py:154] [basehttp:log_message] [INFO]- "POST /TestPlanSW/TestPlanSW-summary/ HTTP/1.1" 200 2520
[2020-05-26 13:12:08,028] [basehttp.py:154] [basehttp:log_message] [INFO]- "GET /TestPlanSW/TestPlanSW-edit/ HTTP/1.1" 200 98540
[2020-05-26 13:12:08,104] [basehttp.py:154] [basehttp:log_message] [INFO]- "GET /static/js/Element/form.js HTTP/1.1" 200 10145
[2020-05-26 13:12:08,784] [basehttp.py:154] [basehttp:log_message] [INFO]- "GET /TestPlanSW/TestPlanSW-edit/?action=first HTTP/1.1" 200 412
[2020-05-26 13:12:08,901] [basehttp.py:154] [basehttp:log_message] [INFO]- "GET /favicon.ico HTTP/1.1" 200 16140
[2020-05-26 13:12:50,154] [basehttp.py:154] [basehttp:log_message] [INFO]- "GET /TestPlanSW/TestPlanSW-search/ HTTP/1.1" 200 59034
[2020-05-26 13:12:50,747] [basehttp.py:154] [basehttp:log_message] [INFO]- "GET /TestPlanSW/TestPlanSW-search/?action=first HTTP/1.1" 200 412
[2020-05-26 13:12:50,773] [basehttp.py:154] [basehttp:log_message] [INFO]- "GET /favicon.ico HTTP/1.1" 200 16140
[2020-05-26 13:25:37,444] [basehttp.py:154] [basehttp:log_message] [INFO]- "GET /CQM/CQM_search/ HTTP/1.1" 200 39659
[2020-05-26 13:25:37,970] [basehttp.py:154] [basehttp:log_message] [INFO]- "POST /CQM/CQM_search/ HTTP/1.1" 200 2711
[2020-05-26 13:25:38,060] [basehttp.py:154] [basehttp:log_message] [INFO]- "GET /favicon.ico HTTP/1.1" 200 16140
[2020-05-26 13:25:39,104] [basehttp.py:154] [basehttp:log_message] [INFO]- "GET /CQM/CQM_edit/ HTTP/1.1" 200 50569
[2020-05-26 13:25:39,596] [basehttp.py:154] [basehttp:log_message] [INFO]- "POST /CQM/CQM_edit/ HTTP/1.1" 200 135
[2020-05-26 13:25:39,702] [basehttp.py:154] [basehttp:log_message] [INFO]- "GET /favicon.ico HTTP/1.1" 200 16140
[2020-05-26 13:25:42,117] [basehttp.py:154] [basehttp:log_message] [INFO]- "POST /CQM/CQM_edit/ HTTP/1.1" 200 875
[2020-05-26 13:25:50,779] [basehttp.py:154] [basehttp:log_message] [INFO]- "POST /CQM/CQM_edit/ HTTP/1.1" 200 58982
[2020-05-26 13:29:48,859] [basehttp.py:154] [basehttp:log_message] [INFO]- "GET /DriverTool/DriverList_edit/ HTTP/1.1" 200 37876
[2020-05-26 13:29:49,487] [basehttp.py:154] [basehttp:log_message] [INFO]- "POST /DriverTool/DriverList_edit/ HTTP/1.1" 200 730
[2020-05-26 13:29:49,506] [basehttp.py:154] [basehttp:log_message] [INFO]- "GET /favicon.ico HTTP/1.1" 200 16140
[2020-05-26 13:29:50,369] [basehttp.py:154] [basehttp:log_message] [INFO]- "GET /DriverTool/DriverList_search/ HTTP/1.1" 200 25014
[2020-05-26 13:29:50,791] [basehttp.py:154] [basehttp:log_message] [INFO]- "GET /favicon.ico HTTP/1.1" 200 16140
[2020-05-26 13:29:50,797] [basehttp.py:154] [basehttp:log_message] [INFO]- "POST /DriverTool/DriverList_search/ HTTP/1.1" 200 742
[2020-05-26 13:29:53,245] [basehttp.py:154] [basehttp:log_message] [INFO]- "POST /DriverTool/DriverList_search/ HTTP/1.1" 200 2726
[2020-05-26 13:30:11,556] [basehttp.py:154] [basehttp:log_message] [INFO]- "GET /FilesDownload/ HTTP/1.1" 200 21936
[2020-05-26 13:30:11,585] [basehttp.py:154] [basehttp:log_message] [INFO]- "GET /static/css/down_base.css HTTP/1.1" 304 0
[2020-05-26 13:30:11,586] [basehttp.py:154] [basehttp:log_message] [INFO]- "GET /static/css/down_index.css HTTP/1.1" 304 0
[2020-05-26 13:30:11,623] [basehttp.py:154] [basehttp:log_message] [INFO]- "GET /static/src/gallery_01.jpg HTTP/1.1" 304 0
[2020-05-26 13:30:11,624] [basehttp.py:154] [basehttp:log_message] [INFO]- "GET /static/src/gallery_02.jpg HTTP/1.1" 304 0
[2020-05-26 13:30:11,628] [basehttp.py:154] [basehttp:log_message] [INFO]- "GET /static/src/gallery_04.jpg HTTP/1.1" 304 0
[2020-05-26 13:30:11,628] [basehttp.py:154] [basehttp:log_message] [INFO]- "GET /static/src/gallery_03.jpg HTTP/1.1" 304 0
[2020-05-26 13:30:11,632] [basehttp.py:154] [basehttp:log_message] [INFO]- "GET /static/src/gallery_05.jpg HTTP/1.1" 304 0
[2020-05-26 13:30:11,632] [basehttp.py:154] [basehttp:log_message] [INFO]- "GET /static/src/gallery_06.jpg HTTP/1.1" 304 0
[2020-05-26 13:30:11,635] [basehttp.py:154] [basehttp:log_message] [INFO]- "GET /static/src/gallery_07.jpg HTTP/1.1" 304 0
[2020-05-26 13:30:11,636] [basehttp.py:154] [basehttp:log_message] [INFO]- "GET /static/src/gallery_08.jpg HTTP/1.1" 304 0
[2020-05-26 13:30:11,637] [basehttp.py:154] [basehttp:log_message] [INFO]- "GET /static/src/gallery_09.jpg HTTP/1.1" 304 0
[2020-05-26 13:30:12,012] [basehttp.py:154] [basehttp:log_message] [INFO]- "GET /favicon.ico HTTP/1.1" 200 16140
[2020-05-26 13:30:15,339] [basehttp.py:154] [basehttp:log_message] [INFO]- "GET /static/src/modelfiles/ToolList.xlsx HTTP/1.1" 200 8867
[2020-05-26 13:32:08,855] [basehttp.py:154] [basehttp:log_message] [INFO]- "GET /TestPlanSW/TestPlanSW-summary/ HTTP/1.1" 200 58660
[2020-05-26 13:32:09,448] [basehttp.py:154] [basehttp:log_message] [INFO]- "POST /TestPlanSW/TestPlanSW-summary/ HTTP/1.1" 200 144
[2020-05-26 13:32:09,453] [basehttp.py:154] [basehttp:log_message] [INFO]- "GET /favicon.ico HTTP/1.1" 200 16140
[2020-05-26 13:42:06,531] [basehttp.py:154] [basehttp:log_message] [INFO]- "GET /TestPlanSW/TestPlanSW-summary/ HTTP/1.1" 200 58504
[2020-05-26 13:42:07,142] [basehttp.py:154] [basehttp:log_message] [INFO]- "POST /TestPlanSW/TestPlanSW-summary/ HTTP/1.1" 200 144
[2020-05-26 13:42:07,162] [basehttp.py:154] [basehttp:log_message] [ERROR]- "POST /TestPlanSW/TestPlanSW-summary/ HTTP/1.1" 500 59
[2020-05-26 13:42:11,168] [basehttp.py:154] [basehttp:log_message] [INFO]- "GET /TestPlanSW/TestPlanSW-summary/ HTTP/1.1" 200 58504
[2020-05-26 13:42:11,811] [basehttp.py:154] [basehttp:log_message] [INFO]- "POST /TestPlanSW/TestPlanSW-summary/ HTTP/1.1" 200 144
[2020-05-26 13:42:11,866] [basehttp.py:154] [basehttp:log_message] [INFO]- "GET /favicon.ico HTTP/1.1" 200 16140
[2020-05-26 13:42:15,036] [basehttp.py:154] [basehttp:log_message] [INFO]- "POST /TestPlanSW/TestPlanSW-summary/ HTTP/1.1" 200 4800
[2020-05-26 13:42:21,976] [basehttp.py:154] [basehttp:log_message] [INFO]- "POST /TestPlanSW/TestPlanSW-summary/ HTTP/1.1" 200 4797
[2020-05-26 15:46:34,056] [basehttp.py:154] [basehttp:log_message] [INFO]- "POST /TestPlanSW/TestPlanSW-summary/ HTTP/1.1" 200 2520
[2020-05-26 15:46:36,431] [basehttp.py:154] [basehttp:log_message] [INFO]- "POST /TestPlanSW/TestPlanSW-summary/ HTTP/1.1" 200 240
[2020-05-26 15:52:47,121] [basehttp.py:154] [basehttp:log_message] [INFO]- "GET /TestPlanSW/TestPlanSW-search/ HTTP/1.1" 200 59034
[2020-05-26 15:52:47,766] [basehttp.py:154] [basehttp:log_message] [INFO]- "GET /favicon.ico HTTP/1.1" 200 16140
[2020-05-26 15:52:47,772] [basehttp.py:154] [basehttp:log_message] [INFO]- "GET /TestPlanSW/TestPlanSW-search/?action=first HTTP/1.1" 200 412
[2020-05-26 15:52:56,451] [basehttp.py:154] [basehttp:log_message] [INFO]- "GET /TestPlanSW/TestPlanSW-search/?action=getCategory&customer=C38(NB)&project=FLMA0&phase=0 HTTP/1.1" 200 777
[2020-05-26 15:52:57,741] [basehttp.py:154] [basehttp:log_message] [INFO]- "GET /TestPlanSW/TestPlanSW-search/?action=getContent&customer=C38(NB)&project=FLMA0&phase=0&category= HTTP/1.1" 200 4439
[2020-05-26 16:00:18,941] [basehttp.py:154] [basehttp:log_message] [INFO]- "GET /TestPlanSW/TestPlanSW-search/?action=getContent&customer=C38(NB)&project=FLMA0&phase=0&category= HTTP/1.1" 200 4372
[2020-05-26 16:06:34,155] [basehttp.py:154] [basehttp:log_message] [INFO]- "POST /TestPlanSW/TestPlanSW-search/ HTTP/1.1" 200 10888
[2020-05-26 16:09:06,131] [basehttp.py:154] [basehttp:log_message] [INFO]- "GET /TestPlanSW/TestPlanSW-search/?action=getContent&customer=C38(NB)&project=FLMA0&phase=0&category= HTTP/1.1" 200 4372
[2020-05-26 16:09:09,324] [basehttp.py:154] [basehttp:log_message] [INFO]- "GET /TestPlanSW/TestPlanSW-search/ HTTP/1.1" 200 59541
[2020-05-26 16:09:09,972] [basehttp.py:154] [basehttp:log_message] [INFO]- "GET /TestPlanSW/TestPlanSW-search/?action=first HTTP/1.1" 200 412
[2020-05-26 16:09:09,997] [basehttp.py:154] [basehttp:log_message] [INFO]- "GET /favicon.ico HTTP/1.1" 200 16140
[2020-05-26 16:09:14,757] [basehttp.py:154] [basehttp:log_message] [INFO]- "GET /TestPlanSW/TestPlanSW-search/?action=getCategory&customer=C38(NB)&project=FLMA0&phase=0 HTTP/1.1" 200 777
[2020-05-26 16:09:15,654] [basehttp.py:154] [basehttp:log_message] [INFO]- "GET /TestPlanSW/TestPlanSW-search/?action=getContent&customer=C38(NB)&project=FLMA0&phase=0&category= HTTP/1.1" 200 4372
[2020-05-26 16:10:20,529] [basehttp.py:154] [basehttp:log_message] [INFO]- "GET /TestPlanSW/TestPlanSW-search/?action=getContent&customer=C38(NB)&project=FLMA0&phase=0&category= HTTP/1.1" 200 4363
[2020-05-26 16:13:57,869] [basehttp.py:154] [basehttp:log_message] [INFO]- "POST /TestPlanSW/TestPlanSW-search/ HTTP/1.1" 200 23714
[2020-05-26 16:15:47,879] [basehttp.py:154] [basehttp:log_message] [INFO]- "POST /TestPlanSW/TestPlanSW-search/ HTTP/1.1" 200 10888
[2020-05-27 09:41:58,807] [basehttp.py:154] [basehttp:log_message] [INFO]- "GET /admin/ HTTP/1.1" 302 0
[2020-05-27 09:42:01,700] [basehttp.py:154] [basehttp:log_message] [INFO]- "GET /admin/login/?next=/admin/ HTTP/1.1" 200 1821
[2020-05-27 09:42:01,712] [basehttp.py:154] [basehttp:log_message] [INFO]- "GET /static/admin/css/responsive.css HTTP/1.1" 304 0
[2020-05-27 09:42:01,714] [basehttp.py:154] [basehttp:log_message] [INFO]- "GET /static/admin/css/base.css HTTP/1.1" 304 0
[2020-05-27 09:42:01,715] [basehttp.py:154] [basehttp:log_message] [INFO]- "GET /static/admin/fonts/Roboto-Light-webfont.woff HTTP/1.1" 304 0
[2020-05-27 09:42:01,716] [basehttp.py:154] [basehttp:log_message] [INFO]- "GET /static/admin/fonts/Roboto-Regular-webfont.woff HTTP/1.1" 304 0
[2020-05-27 09:42:01,718] [basehttp.py:154] [basehttp:log_message] [INFO]- "GET /static/admin/css/login.css HTTP/1.1" 200 1203
[2020-05-27 09:42:12,309] [basehttp.py:154] [basehttp:log_message] [INFO]- "POST /admin/login/?next=/admin/ HTTP/1.1" 302 0
[2020-05-27 09:42:12,395] [basehttp.py:154] [basehttp:log_message] [INFO]- "GET /admin/ HTTP/1.1" 200 21076
[2020-05-27 09:42:18,771] [basehttp.py:154] [basehttp:log_message] [INFO]- "GET /admin/app01/permission/ HTTP/1.1" 200 29359
[2020-05-27 09:42:18,821] [basehttp.py:154] [basehttp:log_message] [INFO]- "GET /admin/jsi18n/ HTTP/1.1" 200 7684
[2020-05-27 09:42:29,937] [basehttp.py:154] [basehttp:log_message] [INFO]- "GET /admin/ HTTP/1.1" 200 21076
[2020-05-27 10:51:32,149] [basehttp.py:154] [basehttp:log_message] [INFO]- "GET /logout/ HTTP/1.1" 302 0
[2020-05-27 10:51:32,163] [basehttp.py:154] [basehttp:log_message] [INFO]- "GET /login/ HTTP/1.1" 200 4677
[2020-05-27 10:51:32,254] [basehttp.py:154] [basehttp:log_message] [INFO]- "GET /favicon.ico HTTP/1.1" 302 0
[2020-05-27 10:51:32,265] [basehttp.py:154] [basehttp:log_message] [INFO]- "GET /login/ HTTP/1.1" 200 4677
[2020-05-27 10:51:33,853] [basehttp.py:154] [basehttp:log_message] [INFO]- "POST /login/ HTTP/1.1" 302 0
[2020-05-27 10:51:33,959] [basehttp.py:154] [basehttp:log_message] [INFO]- "GET /index/ HTTP/1.1" 200 34725
[2020-05-27 10:51:34,156] [basehttp.py:154] [basehttp:log_message] [INFO]- "GET /index/ HTTP/1.1" 200 34725
[2020-05-27 10:51:34,381] [basehttp.py:154] [basehttp:log_message] [INFO]- "GET /favicon.ico HTTP/1.1" 200 16795
[2020-05-27 10:51:37,601] [log.py:228] [log:log_response] [WARNING]- Not Found: /LessonLearnSW/LessonLearnSW_upload/
[2020-05-27 10:51:37,602] [basehttp.py:154] [basehttp:log_message] [WARNING]- "GET /LessonLearnSW/LessonLearnSW_upload/ HTTP/1.1" 404 5102
[2020-05-27 10:51:37,655] [basehttp.py:154] [basehttp:log_message] [INFO]- "GET /favicon.ico HTTP/1.1" 200 16795
[2020-05-27 10:51:39,657] [basehttp.py:154] [basehttp:log_message] [INFO]- "GET /favicon.ico HTTP/1.1" 200 16795
[2020-05-27 12:13:54,952] [basehttp.py:154] [basehttp:log_message] [INFO]- "GET /CQM/CQM_upload/ HTTP/1.1" 200 35563
[2020-05-27 12:13:55,004] [basehttp.py:154] [basehttp:log_message] [INFO]- "GET /static/js/xlsx/xlsx_pop.js HTTP/1.1" 304 0
[2020-05-27 12:13:55,297] [basehttp.py:154] [basehttp:log_message] [INFO]- "GET /favicon.ico HTTP/1.1" 200 16795
[2020-05-27 12:14:08,517] [basehttp.py:154] [basehttp:log_message] [INFO]- "GET /CQM/CQM_search/ HTTP/1.1" 200 40314
[2020-05-27 12:14:08,582] [basehttp.py:154] [basehttp:log_message] [INFO]- "GET /static/src/cqmspec.png HTTP/1.1" 304 0
[2020-05-27 12:14:09,205] [basehttp.py:154] [basehttp:log_message] [INFO]- "POST /CQM/CQM_search/ HTTP/1.1" 200 2711
[2020-05-27 12:14:09,265] [basehttp.py:154] [basehttp:log_message] [INFO]- "GET /favicon.ico HTTP/1.1" 200 16795
[2020-05-27 12:14:10,136] [basehttp.py:154] [basehttp:log_message] [INFO]- "GET /CQM/CQM_edit/ HTTP/1.1" 200 51224
[2020-05-27 12:14:10,734] [basehttp.py:154] [basehttp:log_message] [INFO]- "POST /CQM/CQM_edit/ HTTP/1.1" 200 135
[2020-05-27 12:14:10,855] [basehttp.py:154] [basehttp:log_message] [INFO]- "GET /favicon.ico HTTP/1.1" 200 16795
[2020-05-27 12:14:13,756] [basehttp.py:154] [basehttp:log_message] [INFO]- "POST /CQM/CQM_edit/ HTTP/1.1" 200 875
[2020-05-27 12:14:15,383] [basehttp.py:154] [basehttp:log_message] [INFO]- "POST /CQM/CQM_edit/ HTTP/1.1" 200 135
[2020-05-27 12:14:21,929] [basehttp.py:154] [basehttp:log_message] [INFO]- "GET /CQM/CQM_search/ HTTP/1.1" 200 40314
[2020-05-27 12:14:22,585] [basehttp.py:154] [basehttp:log_message] [INFO]- "POST /CQM/CQM_search/ HTTP/1.1" 200 2711
[2020-05-27 12:14:22,721] [basehttp.py:154] [basehttp:log_message] [INFO]- "GET /favicon.ico HTTP/1.1" 200 16795
[2020-05-27 12:14:27,455] [basehttp.py:154] [basehttp:log_message] [INFO]- "POST /CQM/CQM_search/ HTTP/1.1" 200 2711
[2020-05-27 12:14:39,571] [basehttp.py:154] [basehttp:log_message] [INFO]- "POST /CQM/CQM_search/ HTTP/1.1" 200 61558
[2020-05-27 12:15:05,856] [basehttp.py:154] [basehttp:log_message] [INFO]- "GET /MQM/MQM_search/ HTTP/1.1" 200 44642
[2020-05-27 12:15:06,669] [basehttp.py:154] [basehttp:log_message] [INFO]- "POST /MQM/MQM_search/ HTTP/1.1" 200 13349
[2020-05-27 12:15:06,711] [basehttp.py:154] [basehttp:log_message] [INFO]- "GET /favicon.ico HTTP/1.1" 200 16795
[2020-05-27 12:15:10,812] [basehttp.py:154] [basehttp:log_message] [INFO]- "POST /MQM/MQM_search/ HTTP/1.1" 200 78551
[2020-05-27 12:50:50,408] [basehttp.py:154] [basehttp:log_message] [INFO]- "GET /CQM/CQM_edit/ HTTP/1.1" 200 51224
[2020-05-27 12:50:51,161] [basehttp.py:154] [basehttp:log_message] [INFO]- "POST /CQM/CQM_edit/ HTTP/1.1" 200 135
[2020-05-27 12:50:51,291] [basehttp.py:154] [basehttp:log_message] [INFO]- "GET /favicon.ico HTTP/1.1" 200 16795
[2020-05-27 12:50:53,254] [basehttp.py:154] [basehttp:log_message] [INFO]- "POST /CQM/CQM_edit/ HTTP/1.1" 200 875
[2020-05-27 12:50:54,173] [basehttp.py:154] [basehttp:log_message] [INFO]- "POST /CQM/CQM_edit/ HTTP/1.1" 200 58982
[2020-05-27 12:51:04,485] [basehttp.py:154] [basehttp:log_message] [INFO]- "GET /admin/ HTTP/1.1" 200 21076
[2020-05-27 12:51:04,494] [basehttp.py:154] [basehttp:log_message] [INFO]- "GET /static/admin/css/responsive.css HTTP/1.1" 304 0
[2020-05-27 12:51:04,494] [basehttp.py:154] [basehttp:log_message] [INFO]- "GET /static/admin/css/base.css HTTP/1.1" 304 0
[2020-05-27 12:51:04,496] [basehttp.py:154] [basehttp:log_message] [INFO]- "GET /static/admin/css/dashboard.css HTTP/1.1" 304 0
[2020-05-27 12:51:04,499] [basehttp.py:154] [basehttp:log_message] [INFO]- "GET /static/admin/fonts/Roboto-Regular-webfont.woff HTTP/1.1" 304 0
[2020-05-27 12:51:04,499] [basehttp.py:154] [basehttp:log_message] [INFO]- "GET /static/admin/fonts/Roboto-Bold-webfont.woff HTTP/1.1" 304 0
[2020-05-27 12:51:04,500] [basehttp.py:154] [basehttp:log_message] [INFO]- "GET /static/admin/fonts/Roboto-Light-webfont.woff HTTP/1.1" 304 0
[2020-05-27 12:51:04,510] [basehttp.py:154] [basehttp:log_message] [INFO]- "GET /static/admin/img/icon-changelink.svg HTTP/1.1" 304 0
[2020-05-27 12:51:04,510] [basehttp.py:154] [basehttp:log_message] [INFO]- "GET /static/admin/img/icon-addlink.svg HTTP/1.1" 304 0
[2020-05-27 12:51:11,118] [basehttp.py:154] [basehttp:log_message] [INFO]- "GET /admin/CQM/cqmproject/ HTTP/1.1" 200 6136
[2020-05-27 12:51:11,163] [basehttp.py:154] [basehttp:log_message] [INFO]- "GET /admin/jsi18n/ HTTP/1.1" 200 7684
[2020-05-27 12:51:14,708] [basehttp.py:154] [basehttp:log_message] [INFO]- "GET /admin/CQM/cqmproject/2/change/ HTTP/1.1" 200 8314
[2020-05-27 12:51:14,743] [basehttp.py:154] [basehttp:log_message] [INFO]- "GET /admin/jsi18n/ HTTP/1.1" 200 7684
[2020-05-27 12:51:22,865] [basehttp.py:154] [basehttp:log_message] [INFO]- "GET /admin/CQM/cqmproject/ HTTP/1.1" 200 6136
[2020-05-27 12:51:22,887] [basehttp.py:154] [basehttp:log_message] [INFO]- "GET /admin/jsi18n/ HTTP/1.1" 200 7684
[2020-05-27 12:51:25,397] [basehttp.py:154] [basehttp:log_message] [INFO]- "GET /admin/CQM/cqmproject/2/change/ HTTP/1.1" 200 8314
[2020-05-27 12:51:25,419] [basehttp.py:154] [basehttp:log_message] [INFO]- "GET /admin/jsi18n/ HTTP/1.1" 200 7684
[2020-05-27 12:51:33,109] [basehttp.py:154] [basehttp:log_message] [INFO]- "POST /admin/CQM/cqmproject/2/change/ HTTP/1.1" 302 0
[2020-05-27 12:51:33,209] [basehttp.py:154] [basehttp:log_message] [INFO]- "GET /admin/CQM/cqmproject/ HTTP/1.1" 200 6326
[2020-05-27 12:51:33,250] [basehttp.py:154] [basehttp:log_message] [INFO]- "GET /admin/jsi18n/ HTTP/1.1" 200 7684
[2020-05-27 12:51:33,354] [basehttp.py:154] [basehttp:log_message] [INFO]- "GET /static/admin/img/icon-yes.svg HTTP/1.1" 200 436
[2020-05-27 12:51:37,656] [basehttp.py:154] [basehttp:log_message] [INFO]- "POST /CQM/CQM_edit/ HTTP/1.1" 200 875
[2020-05-27 12:51:41,390] [basehttp.py:154] [basehttp:log_message] [INFO]- "POST /CQM/CQM_edit/ HTTP/1.1" 200 58982
[2020-05-27 12:52:07,074] [basehttp.py:154] [basehttp:log_message] [INFO]- "POST /CQM/CQM_edit/ HTTP/1.1" 200 58979
[2020-05-27 12:52:25,177] [basehttp.py:154] [basehttp:log_message] [INFO]- "POST /CQM/CQM_edit/ HTTP/1.1" 200 58983
[2020-05-27 12:54:02,412] [basehttp.py:154] [basehttp:log_message] [INFO]- "GET /MQM/MQM_search/ HTTP/1.1" 200 44642
[2020-05-27 12:54:03,198] [basehttp.py:154] [basehttp:log_message] [INFO]- "POST /MQM/MQM_search/ HTTP/1.1" 200 13349
[2020-05-27 12:54:03,254] [basehttp.py:154] [basehttp:log_message] [INFO]- "GET /favicon.ico HTTP/1.1" 200 16795
[2020-05-27 12:54:07,210] [basehttp.py:154] [basehttp:log_message] [INFO]- "POST /MQM/MQM_search/ HTTP/1.1" 200 264390
[2020-05-27 13:08:18,886] [basehttp.py:154] [basehttp:log_message] [INFO]- "GET /MQM/MQM_upload/ HTTP/1.1" 200 44854
[2020-05-27 13:08:19,227] [basehttp.py:154] [basehttp:log_message] [INFO]- "GET /favicon.ico HTTP/1.1" 200 16795
[2020-05-27 13:08:50,468] [basehttp.py:154] [basehttp:log_message] [INFO]- "GET /MQM/MQM_search/ HTTP/1.1" 200 44642
[2020-05-27 13:08:51,192] [basehttp.py:154] [basehttp:log_message] [INFO]- "POST /MQM/MQM_search/ HTTP/1.1" 200 13349
[2020-05-27 13:08:51,195] [basehttp.py:154] [basehttp:log_message] [INFO]- "GET /favicon.ico HTTP/1.1" 200 16795
[2020-05-27 13:08:52,328] [basehttp.py:154] [basehttp:log_message] [INFO]- "GET /MQM/MQM_edit/ HTTP/1.1" 200 67300
[2020-05-27 13:08:53,087] [basehttp.py:154] [basehttp:log_message] [INFO]- "POST /MQM/MQM_edit/ HTTP/1.1" 200 397
[2020-05-27 13:08:53,184] [basehttp.py:154] [basehttp:log_message] [INFO]- "GET /favicon.ico HTTP/1.1" 200 16795
[2020-05-27 13:09:06,415] [basehttp.py:154] [basehttp:log_message] [INFO]- "GET /CQM/CQM_search/ HTTP/1.1" 200 40314
[2020-05-27 13:09:07,120] [basehttp.py:154] [basehttp:log_message] [INFO]- "POST /CQM/CQM_search/ HTTP/1.1" 200 2711
[2020-05-27 13:09:07,231] [basehttp.py:154] [basehttp:log_message] [INFO]- "GET /favicon.ico HTTP/1.1" 200 16795
[2020-05-27 13:09:18,045] [basehttp.py:154] [basehttp:log_message] [INFO]- "GET /CQM/CQM_edit/ HTTP/1.1" 200 51224
[2020-05-27 13:09:18,665] [basehttp.py:154] [basehttp:log_message] [INFO]- "POST /CQM/CQM_edit/ HTTP/1.1" 200 135
[2020-05-27 13:09:18,817] [basehttp.py:154] [basehttp:log_message] [INFO]- "GET /favicon.ico HTTP/1.1" 200 16795
[2020-05-27 13:09:20,507] [basehttp.py:154] [basehttp:log_message] [INFO]- "POST /CQM/CQM_edit/ HTTP/1.1" 200 875
[2020-05-27 13:09:22,927] [basehttp.py:154] [basehttp:log_message] [INFO]- "POST /CQM/CQM_edit/ HTTP/1.1" 200 58983
[2020-05-27 13:09:37,183] [basehttp.py:154] [basehttp:log_message] [INFO]- "GET /CQM/CQM_upload/ HTTP/1.1" 200 35563
[2020-05-27 13:09:37,531] [basehttp.py:154] [basehttp:log_message] [INFO]- "GET /favicon.ico HTTP/1.1" 200 16795
[2020-05-27 13:10:38,619] [basehttp.py:154] [basehttp:log_message] [INFO]- "GET /MQM/MQM_search/ HTTP/1.1" 200 44642
[2020-05-27 13:10:39,433] [basehttp.py:154] [basehttp:log_message] [INFO]- "POST /MQM/MQM_search/ HTTP/1.1" 200 13349
[2020-05-27 13:10:39,437] [basehttp.py:154] [basehttp:log_message] [INFO]- "GET /favicon.ico HTTP/1.1" 200 16795
[2020-05-27 13:10:45,048] [basehttp.py:154] [basehttp:log_message] [INFO]- "POST /MQM/MQM_search/ HTTP/1.1" 200 264390
[2020-05-27 13:22:53,152] [basehttp.py:154] [basehttp:log_message] [INFO]- "GET /CQM/CQM_search/ HTTP/1.1" 200 40314
[2020-05-27 13:22:53,893] [basehttp.py:154] [basehttp:log_message] [INFO]- "POST /CQM/CQM_search/ HTTP/1.1" 200 2711
[2020-05-27 13:22:54,082] [basehttp.py:154] [basehttp:log_message] [INFO]- "GET /favicon.ico HTTP/1.1" 200 16795
