[2021-10-29 08:39:38,390] [basehttp.py:154] [basehttp:log_message] [INFO]- "GET /OBIDeviseResult/OBIDeviseResult_edit/ HTTP/1.1" 200 62377
[2021-10-29 08:39:38,734] [UserIP.py:87] [UserIP:process_response] [INFO]- 2021-10-29 08:39:38 C1010S3>Edwin None>LAPTOP-VA9VPAO8>417 127.0.0.1 127.0.0.1 /OBIDeviseResult/OBIDeviseResult_edit/ POST
[2021-10-29 08:39:38,748] [basehttp.py:154] [basehttp:log_message] [INFO]- "GET /favicon.ico HTTP/1.1" 200 21243
[2021-10-29 08:39:38,757] [basehttp.py:154] [basehttp:log_message] [INFO]- "POST /OBIDeviseResult/OBIDeviseResult_edit/ HTTP/1.1" 200 3304
[2021-10-29 08:40:28,894] [basehttp.py:154] [basehttp:log_message] [INFO]- "GET /OBIDeviseResult/OBIDeviseResult_edit/ HTTP/1.1" 200 62364
[2021-10-29 08:40:29,284] [UserIP.py:87] [UserIP:process_response] [INFO]- 2021-10-29 08:40:29 C1010S3>Edwin None>LAPTOP-VA9VPAO8>417 127.0.0.1 127.0.0.1 /OBIDeviseResult/OBIDeviseResult_edit/ POST
[2021-10-29 08:40:29,296] [basehttp.py:154] [basehttp:log_message] [INFO]- "POST /OBIDeviseResult/OBIDeviseResult_edit/ HTTP/1.1" 200 3304
[2021-10-29 08:40:29,365] [basehttp.py:154] [basehttp:log_message] [INFO]- "GET /favicon.ico HTTP/1.1" 200 21230
[2021-10-29 08:42:03,906] [basehttp.py:154] [basehttp:log_message] [INFO]- "GET /OBIDeviseResult/OBIDeviseResult_edit/ HTTP/1.1" 200 62367
[2021-10-29 08:42:04,382] [UserIP.py:87] [UserIP:process_response] [INFO]- 2021-10-29 08:42:04 C1010S3>Edwin None>LAPTOP-VA9VPAO8>417 127.0.0.1 127.0.0.1 /OBIDeviseResult/OBIDeviseResult_edit/ POST
[2021-10-29 08:42:04,389] [basehttp.py:154] [basehttp:log_message] [INFO]- "GET /favicon.ico HTTP/1.1" 200 21233
[2021-10-29 08:42:04,401] [basehttp.py:154] [basehttp:log_message] [INFO]- "POST /OBIDeviseResult/OBIDeviseResult_edit/ HTTP/1.1" 200 3304
[2021-10-29 08:42:56,418] [basehttp.py:154] [basehttp:log_message] [INFO]- "GET /OBIDeviseResult/OBIDeviseResult_edit/ HTTP/1.1" 200 62362
[2021-10-29 08:42:57,010] [UserIP.py:87] [UserIP:process_response] [INFO]- 2021-10-29 08:42:57 C1010S3>Edwin None>LAPTOP-VA9VPAO8>417 127.0.0.1 127.0.0.1 /OBIDeviseResult/OBIDeviseResult_edit/ POST
[2021-10-29 08:42:57,027] [basehttp.py:154] [basehttp:log_message] [INFO]- "POST /OBIDeviseResult/OBIDeviseResult_edit/ HTTP/1.1" 200 3304
[2021-10-29 08:42:57,047] [basehttp.py:154] [basehttp:log_message] [INFO]- "GET /favicon.ico HTTP/1.1" 200 21228
[2021-10-29 08:43:27,091] [basehttp.py:154] [basehttp:log_message] [INFO]- "GET /OBIDeviseResult/OBIDeviseResult_edit/ HTTP/1.1" 200 62362
[2021-10-29 08:43:27,495] [UserIP.py:87] [UserIP:process_response] [INFO]- 2021-10-29 08:43:27 C1010S3>Edwin None>LAPTOP-VA9VPAO8>417 127.0.0.1 127.0.0.1 /OBIDeviseResult/OBIDeviseResult_edit/ POST
[2021-10-29 08:43:27,503] [basehttp.py:154] [basehttp:log_message] [INFO]- "POST /OBIDeviseResult/OBIDeviseResult_edit/ HTTP/1.1" 200 3304
[2021-10-29 08:43:27,575] [basehttp.py:154] [basehttp:log_message] [INFO]- "GET /favicon.ico HTTP/1.1" 200 21228
[2021-10-29 08:43:34,985] [basehttp.py:154] [basehttp:log_message] [INFO]- "GET /logout/ HTTP/1.1" 302 0
[2021-10-29 08:43:34,987] [basehttp.py:154] [basehttp:log_message] [INFO]- "GET /login/ HTTP/1.1" 200 4677
[2021-10-29 08:43:35,033] [basehttp.py:154] [basehttp:log_message] [INFO]- "GET /favicon.ico HTTP/1.1" 302 0
[2021-10-29 08:43:35,036] [basehttp.py:154] [basehttp:log_message] [INFO]- "GET /login/ HTTP/1.1" 200 4677
[2021-10-29 08:43:36,983] [UserIP.py:89] [UserIP:process_response] [CRITICAL]- 系统错误
[2021-10-29 08:43:36,993] [basehttp.py:154] [basehttp:log_message] [INFO]- "POST /login/ HTTP/1.1" 302 0
[2021-10-29 08:43:37,057] [basehttp.py:154] [basehttp:log_message] [INFO]- "GET /index/ HTTP/1.1" 200 45959
[2021-10-29 08:43:37,173] [basehttp.py:154] [basehttp:log_message] [INFO]- "GET /index/ HTTP/1.1" 200 45959
[2021-10-29 08:43:37,321] [basehttp.py:154] [basehttp:log_message] [INFO]- "GET /favicon.ico HTTP/1.1" 200 21228
[2021-10-29 08:43:55,520] [basehttp.py:154] [basehttp:log_message] [INFO]- "GET /admin/ HTTP/1.1" 302 0
[2021-10-29 08:43:55,635] [basehttp.py:154] [basehttp:log_message] [INFO]- "GET /admin/login/?next=/admin/ HTTP/1.1" 200 1821
[2021-10-29 08:43:55,691] [basehttp.py:154] [basehttp:log_message] [INFO]- "GET /favicon.ico HTTP/1.1" 200 21228
[2021-10-29 08:44:00,814] [UserIP.py:89] [UserIP:process_response] [CRITICAL]- 系统错误
[2021-10-29 08:44:00,822] [basehttp.py:154] [basehttp:log_message] [INFO]- "POST /admin/login/?next=/admin/ HTTP/1.1" 302 0
[2021-10-29 08:44:00,914] [basehttp.py:154] [basehttp:log_message] [INFO]- "GET /admin/ HTTP/1.1" 200 38701
[2021-10-29 08:44:00,989] [basehttp.py:154] [basehttp:log_message] [INFO]- "GET /favicon.ico HTTP/1.1" 200 21228
[2021-10-29 08:45:14,734] [basehttp.py:154] [basehttp:log_message] [INFO]- "GET /admin/app01/permission/ HTTP/1.1" 200 45381
[2021-10-29 08:45:14,762] [basehttp.py:154] [basehttp:log_message] [INFO]- "GET /admin/jsi18n/ HTTP/1.1" 200 7684
[2021-10-29 08:45:14,846] [basehttp.py:154] [basehttp:log_message] [INFO]- "GET /favicon.ico HTTP/1.1" 200 21228
[2021-10-29 08:45:18,730] [basehttp.py:154] [basehttp:log_message] [INFO]- "GET /admin/ HTTP/1.1" 200 38701
[2021-10-29 08:45:18,769] [basehttp.py:154] [basehttp:log_message] [INFO]- "GET /favicon.ico HTTP/1.1" 200 21228
[2021-10-29 08:45:20,252] [basehttp.py:154] [basehttp:log_message] [INFO]- "GET /admin/app01/menu/ HTTP/1.1" 200 12058
[2021-10-29 08:45:20,278] [basehttp.py:154] [basehttp:log_message] [INFO]- "GET /admin/jsi18n/ HTTP/1.1" 200 7684
[2021-10-29 08:45:20,327] [basehttp.py:154] [basehttp:log_message] [INFO]- "GET /favicon.ico HTTP/1.1" 200 21228
[2021-10-29 08:46:08,644] [basehttp.py:154] [basehttp:log_message] [INFO]- "GET /index/ HTTP/1.1" 200 45959
[2021-10-29 08:46:08,720] [basehttp.py:154] [basehttp:log_message] [INFO]- "GET /index/ HTTP/1.1" 200 45959
[2021-10-29 08:46:08,911] [basehttp.py:154] [basehttp:log_message] [INFO]- "GET /favicon.ico HTTP/1.1" 200 21228
[2021-10-29 08:47:08,244] [basehttp.py:154] [basehttp:log_message] [WARNING]- "GET /static/js/lib/bootstrap.min.js.map HTTP/1.1" 404 1806
[2021-10-29 08:47:08,245] [basehttp.py:154] [basehttp:log_message] [WARNING]- "GET /static/js/lib/bootstrap.min.js.map HTTP/1.1" 404 1806
[2021-10-29 08:47:08,248] [basehttp.py:154] [basehttp:log_message] [WARNING]- "GET /static/js/axios.min.map HTTP/1.1" 404 1773
[2021-10-29 08:47:08,281] [basehttp.py:154] [basehttp:log_message] [WARNING]- "GET /static/css/bootstrap.min.css.map HTTP/1.1" 404 1800
[2021-10-29 08:48:44,697] [basehttp.py:154] [basehttp:log_message] [INFO]- "GET /index/ HTTP/1.1" 200 45959
[2021-10-29 08:48:44,766] [basehttp.py:154] [basehttp:log_message] [INFO]- "GET /index/ HTTP/1.1" 200 45959
[2021-10-29 08:48:44,786] [basehttp.py:154] [basehttp:log_message] [WARNING]- "GET /static/css/bootstrap.min.css.map HTTP/1.1" 404 1800
[2021-10-29 08:48:44,811] [basehttp.py:154] [basehttp:log_message] [WARNING]- "GET /static/js/lib/bootstrap.min.js.map HTTP/1.1" 404 1806
[2021-10-29 08:48:45,033] [basehttp.py:154] [basehttp:log_message] [WARNING]- "GET /static/js/lib/bootstrap.min.js.map HTTP/1.1" 404 1806
[2021-10-29 08:48:45,033] [basehttp.py:154] [basehttp:log_message] [WARNING]- "GET /static/js/axios.min.map HTTP/1.1" 404 1773
[2021-10-29 08:48:45,142] [basehttp.py:154] [basehttp:log_message] [INFO]- "GET /favicon.ico HTTP/1.1" 200 21228
[2021-10-29 08:49:27,105] [basehttp.py:154] [basehttp:log_message] [INFO]- "GET /index/ HTTP/1.1" 200 45959
[2021-10-29 08:49:27,189] [basehttp.py:154] [basehttp:log_message] [INFO]- "GET /index/ HTTP/1.1" 200 45959
[2021-10-29 08:49:27,210] [basehttp.py:154] [basehttp:log_message] [WARNING]- "GET /static/css/bootstrap.min.css.map HTTP/1.1" 404 1800
[2021-10-29 08:49:27,240] [basehttp.py:154] [basehttp:log_message] [WARNING]- "GET /static/js/lib/bootstrap.min.js.map HTTP/1.1" 404 1806
[2021-10-29 08:49:27,500] [basehttp.py:154] [basehttp:log_message] [WARNING]- "GET /static/js/lib/bootstrap.min.js.map HTTP/1.1" 404 1806
[2021-10-29 08:49:27,500] [basehttp.py:154] [basehttp:log_message] [WARNING]- "GET /static/js/axios.min.map HTTP/1.1" 404 1773
[2021-10-29 08:49:27,605] [basehttp.py:154] [basehttp:log_message] [INFO]- "GET /favicon.ico HTTP/1.1" 200 21228
[2021-10-29 08:49:50,727] [basehttp.py:154] [basehttp:log_message] [INFO]- "GET /index/ HTTP/1.1" 200 45959
[2021-10-29 08:49:50,823] [basehttp.py:154] [basehttp:log_message] [INFO]- "GET /index/ HTTP/1.1" 200 45959
[2021-10-29 08:49:50,843] [basehttp.py:154] [basehttp:log_message] [WARNING]- "GET /static/css/bootstrap.min.css.map HTTP/1.1" 404 1800
[2021-10-29 08:49:50,861] [basehttp.py:154] [basehttp:log_message] [WARNING]- "GET /static/js/lib/bootstrap.min.js.map HTTP/1.1" 404 1806
[2021-10-29 08:49:50,987] [basehttp.py:154] [basehttp:log_message] [WARNING]- "GET /static/js/axios.min.map HTTP/1.1" 404 1773
[2021-10-29 08:49:50,987] [basehttp.py:154] [basehttp:log_message] [WARNING]- "GET /static/js/lib/bootstrap.min.js.map HTTP/1.1" 404 1806
[2021-10-29 08:49:51,088] [basehttp.py:154] [basehttp:log_message] [INFO]- "GET /favicon.ico HTTP/1.1" 200 21228
[2021-10-29 08:50:17,146] [basehttp.py:154] [basehttp:log_message] [INFO]- "GET /index/ HTTP/1.1" 200 45959
[2021-10-29 08:50:17,229] [basehttp.py:154] [basehttp:log_message] [INFO]- "GET /index/ HTTP/1.1" 200 45959
[2021-10-29 08:50:17,254] [basehttp.py:154] [basehttp:log_message] [WARNING]- "GET /static/css/bootstrap.min.css.map HTTP/1.1" 404 1800
[2021-10-29 08:50:17,257] [basehttp.py:154] [basehttp:log_message] [WARNING]- "GET /static/js/lib/bootstrap.min.js.map HTTP/1.1" 404 1806
[2021-10-29 08:50:17,401] [basehttp.py:154] [basehttp:log_message] [WARNING]- "GET /static/js/lib/bootstrap.min.js.map HTTP/1.1" 404 1806
[2021-10-29 08:50:17,401] [basehttp.py:154] [basehttp:log_message] [WARNING]- "GET /static/js/axios.min.map HTTP/1.1" 404 1773
[2021-10-29 08:50:17,505] [basehttp.py:154] [basehttp:log_message] [INFO]- "GET /favicon.ico HTTP/1.1" 200 21228
[2021-10-29 08:54:07,572] [basehttp.py:154] [basehttp:log_message] [INFO]- "GET /index/ HTTP/1.1" 200 45972
[2021-10-29 08:54:07,658] [basehttp.py:154] [basehttp:log_message] [INFO]- "GET /index/ HTTP/1.1" 200 45972
[2021-10-29 08:54:07,680] [basehttp.py:154] [basehttp:log_message] [WARNING]- "GET /static/css/bootstrap.min.css.map HTTP/1.1" 404 1800
[2021-10-29 08:54:07,703] [basehttp.py:154] [basehttp:log_message] [WARNING]- "GET /static/js/lib/bootstrap.min.js.map HTTP/1.1" 404 1806
[2021-10-29 08:54:07,946] [basehttp.py:154] [basehttp:log_message] [WARNING]- "GET /static/js/lib/bootstrap.min.js.map HTTP/1.1" 404 1806
[2021-10-29 08:54:07,948] [basehttp.py:154] [basehttp:log_message] [WARNING]- "GET /static/js/axios.min.map HTTP/1.1" 404 1773
[2021-10-29 08:54:08,053] [basehttp.py:154] [basehttp:log_message] [INFO]- "GET /favicon.ico HTTP/1.1" 200 21241
[2021-10-29 09:18:01,562] [log.py:228] [log:log_response] [WARNING]- Not Found: /OBIDeviseResult/OBIDeviseResult_edit/
[2021-10-29 09:18:01,562] [basehttp.py:154] [basehttp:log_message] [WARNING]- "GET /OBIDeviseResult/OBIDeviseResult_edit/ HTTP/1.1" 404 6219
[2021-10-29 09:18:01,595] [basehttp.py:154] [basehttp:log_message] [INFO]- "GET /favicon.ico HTTP/1.1" 200 21241
[2021-10-29 09:18:11,529] [basehttp.py:154] [basehttp:log_message] [INFO]- "GET /favicon.ico HTTP/1.1" 200 21241
[2021-10-29 09:18:13,186] [basehttp.py:154] [basehttp:log_message] [INFO]- "GET /admin/ HTTP/1.1" 200 38701
[2021-10-29 09:18:13,234] [basehttp.py:154] [basehttp:log_message] [INFO]- "GET /favicon.ico HTTP/1.1" 200 21241
[2021-10-29 09:20:09,196] [basehttp.py:154] [basehttp:log_message] [INFO]- "GET /admin/app01/menu/ HTTP/1.1" 200 12058
[2021-10-29 09:20:09,226] [basehttp.py:154] [basehttp:log_message] [INFO]- "GET /admin/jsi18n/ HTTP/1.1" 200 7684
[2021-10-29 09:20:09,275] [basehttp.py:154] [basehttp:log_message] [INFO]- "GET /favicon.ico HTTP/1.1" 200 21241
[2021-10-29 09:20:12,769] [basehttp.py:154] [basehttp:log_message] [INFO]- "GET /admin/ HTTP/1.1" 200 38701
[2021-10-29 09:20:12,818] [basehttp.py:154] [basehttp:log_message] [INFO]- "GET /favicon.ico HTTP/1.1" 200 21241
[2021-10-29 09:20:14,394] [basehttp.py:154] [basehttp:log_message] [INFO]- "GET /admin/app01/permission/ HTTP/1.1" 200 45381
[2021-10-29 09:20:14,440] [basehttp.py:154] [basehttp:log_message] [INFO]- "GET /admin/jsi18n/ HTTP/1.1" 200 7684
[2021-10-29 09:20:14,500] [basehttp.py:154] [basehttp:log_message] [INFO]- "GET /favicon.ico HTTP/1.1" 200 21241
[2021-10-29 09:20:32,335] [basehttp.py:154] [basehttp:log_message] [INFO]- "GET /admin/app01/permission/71/change/ HTTP/1.1" 200 7335
[2021-10-29 09:20:32,367] [basehttp.py:154] [basehttp:log_message] [INFO]- "GET /admin/jsi18n/ HTTP/1.1" 200 7684
[2021-10-29 09:20:32,410] [basehttp.py:154] [basehttp:log_message] [INFO]- "GET /favicon.ico HTTP/1.1" 200 21241
[2021-10-29 09:20:37,977] [UserIP.py:89] [UserIP:process_response] [CRITICAL]- 系统错误
[2021-10-29 09:20:37,985] [basehttp.py:154] [basehttp:log_message] [INFO]- "POST /admin/app01/permission/71/change/ HTTP/1.1" 302 0
[2021-10-29 09:20:38,102] [basehttp.py:154] [basehttp:log_message] [INFO]- "GET /admin/app01/permission/ HTTP/1.1" 200 45596
[2021-10-29 09:20:38,140] [basehttp.py:154] [basehttp:log_message] [INFO]- "GET /admin/jsi18n/ HTTP/1.1" 200 7684
[2021-10-29 09:20:38,198] [basehttp.py:154] [basehttp:log_message] [INFO]- "GET /favicon.ico HTTP/1.1" 200 21241
[2021-10-29 09:20:47,122] [basehttp.py:154] [basehttp:log_message] [INFO]- "GET /admin/app01/permission/72/change/ HTTP/1.1" 200 7338
[2021-10-29 09:20:47,149] [basehttp.py:154] [basehttp:log_message] [INFO]- "GET /admin/jsi18n/ HTTP/1.1" 200 7684
[2021-10-29 09:20:47,185] [basehttp.py:154] [basehttp:log_message] [INFO]- "GET /favicon.ico HTTP/1.1" 200 21241
[2021-10-29 09:21:04,776] [UserIP.py:89] [UserIP:process_response] [CRITICAL]- 系统错误
[2021-10-29 09:21:04,783] [basehttp.py:154] [basehttp:log_message] [INFO]- "POST /admin/app01/permission/72/change/ HTTP/1.1" 302 0
[2021-10-29 09:21:04,917] [basehttp.py:154] [basehttp:log_message] [INFO]- "GET /admin/app01/permission/ HTTP/1.1" 200 45597
[2021-10-29 09:21:04,943] [basehttp.py:154] [basehttp:log_message] [INFO]- "GET /admin/jsi18n/ HTTP/1.1" 200 7684
[2021-10-29 09:21:05,004] [basehttp.py:154] [basehttp:log_message] [INFO]- "GET /favicon.ico HTTP/1.1" 200 21241
[2021-10-29 09:21:08,210] [basehttp.py:154] [basehttp:log_message] [INFO]- "GET /admin/app01/permission/71/change/ HTTP/1.1" 200 7335
[2021-10-29 09:21:08,236] [basehttp.py:154] [basehttp:log_message] [INFO]- "GET /admin/jsi18n/ HTTP/1.1" 200 7684
[2021-10-29 09:21:08,285] [basehttp.py:154] [basehttp:log_message] [INFO]- "GET /favicon.ico HTTP/1.1" 200 21241
[2021-10-29 09:21:37,075] [UserIP.py:89] [UserIP:process_response] [CRITICAL]- 系统错误
[2021-10-29 09:21:37,083] [basehttp.py:154] [basehttp:log_message] [INFO]- "POST /admin/app01/permission/71/change/ HTTP/1.1" 302 0
[2021-10-29 09:21:37,221] [basehttp.py:154] [basehttp:log_message] [INFO]- "GET /admin/app01/permission/ HTTP/1.1" 200 45596
[2021-10-29 09:21:37,250] [basehttp.py:154] [basehttp:log_message] [INFO]- "GET /admin/jsi18n/ HTTP/1.1" 200 7684
[2021-10-29 09:21:37,311] [basehttp.py:154] [basehttp:log_message] [INFO]- "GET /favicon.ico HTTP/1.1" 200 21241
[2021-10-29 09:22:45,423] [basehttp.py:154] [basehttp:log_message] [INFO]- "GET /admin/app01/permission/72/change/ HTTP/1.1" 200 7338
[2021-10-29 09:22:45,445] [basehttp.py:154] [basehttp:log_message] [INFO]- "GET /admin/jsi18n/ HTTP/1.1" 200 7684
[2021-10-29 09:22:45,494] [basehttp.py:154] [basehttp:log_message] [INFO]- "GET /favicon.ico HTTP/1.1" 200 21241
[2021-10-29 09:22:53,843] [basehttp.py:154] [basehttp:log_message] [INFO]- "GET /admin/app01/permission/ HTTP/1.1" 200 45381
[2021-10-29 09:22:53,920] [basehttp.py:154] [basehttp:log_message] [INFO]- "GET /favicon.ico HTTP/1.1" 200 21241
[2021-10-29 09:23:01,734] [basehttp.py:154] [basehttp:log_message] [INFO]- "GET /admin/app01/permission/70/change/ HTTP/1.1" 200 7329
[2021-10-29 09:23:01,759] [basehttp.py:154] [basehttp:log_message] [INFO]- "GET /admin/jsi18n/ HTTP/1.1" 200 7684
[2021-10-29 09:23:01,795] [basehttp.py:154] [basehttp:log_message] [INFO]- "GET /favicon.ico HTTP/1.1" 200 21241
[2021-10-29 09:23:22,852] [UserIP.py:89] [UserIP:process_response] [CRITICAL]- 系统错误
[2021-10-29 09:23:22,859] [basehttp.py:154] [basehttp:log_message] [INFO]- "POST /admin/app01/permission/70/change/ HTTP/1.1" 302 0
[2021-10-29 09:23:22,996] [basehttp.py:154] [basehttp:log_message] [INFO]- "GET /admin/app01/permission/ HTTP/1.1" 200 45594
[2021-10-29 09:23:23,024] [basehttp.py:154] [basehttp:log_message] [INFO]- "GET /admin/jsi18n/ HTTP/1.1" 200 7684
[2021-10-29 09:23:23,087] [basehttp.py:154] [basehttp:log_message] [INFO]- "GET /favicon.ico HTTP/1.1" 200 21241
[2021-10-29 09:24:06,674] [basehttp.py:154] [basehttp:log_message] [INFO]- "GET /index/ HTTP/1.1" 200 45972
[2021-10-29 09:24:06,753] [basehttp.py:154] [basehttp:log_message] [INFO]- "GET /index/ HTTP/1.1" 200 45972
[2021-10-29 09:24:06,945] [basehttp.py:154] [basehttp:log_message] [INFO]- "GET /favicon.ico HTTP/1.1" 200 21241
[2021-10-29 09:24:19,560] [log.py:228] [log:log_response] [WARNING]- Not Found: /OBIDeviseResult/OBIDeviseResult_edit/
[2021-10-29 09:24:19,560] [basehttp.py:154] [basehttp:log_message] [WARNING]- "GET /OBIDeviseResult/OBIDeviseResult_edit/ HTTP/1.1" 404 6219
[2021-10-29 09:24:19,591] [basehttp.py:154] [basehttp:log_message] [INFO]- "GET /favicon.ico HTTP/1.1" 200 21241
[2021-10-29 09:28:55,637] [log.py:228] [log:log_response] [WARNING]- Not Found: /OBIDeviseResult/OBIDeviseResult_edit/
[2021-10-29 09:28:55,639] [basehttp.py:154] [basehttp:log_message] [WARNING]- "GET /OBIDeviseResult/OBIDeviseResult_edit/ HTTP/1.1" 404 6219
[2021-10-29 09:28:55,711] [basehttp.py:154] [basehttp:log_message] [INFO]- "GET /favicon.ico HTTP/1.1" 200 21241
[2021-10-29 09:29:25,219] [log.py:228] [log:log_response] [WARNING]- Not Found: /OBIDeviseResult/OBIDeviseResult_edit/
[2021-10-29 09:29:25,220] [basehttp.py:154] [basehttp:log_message] [WARNING]- "GET /OBIDeviseResult/OBIDeviseResult_edit/ HTTP/1.1" 404 6219
[2021-10-29 09:29:25,245] [basehttp.py:154] [basehttp:log_message] [INFO]- "GET /favicon.ico HTTP/1.1" 200 21241
[2021-10-29 09:29:48,590] [basehttp.py:154] [basehttp:log_message] [INFO]- "GET /favicon.ico HTTP/1.1" 200 21241
[2021-10-29 09:29:55,193] [log.py:228] [log:log_response] [WARNING]- Not Found: /OBIDeviseResult/OBIDeviseResult_edit/
[2021-10-29 09:29:55,193] [basehttp.py:154] [basehttp:log_message] [WARNING]- "GET /OBIDeviseResult/OBIDeviseResult_edit/ HTTP/1.1" 404 6219
[2021-10-29 09:29:55,247] [basehttp.py:154] [basehttp:log_message] [INFO]- "GET /favicon.ico HTTP/1.1" 200 21241
[2021-10-29 09:30:07,293] [basehttp.py:154] [basehttp:log_message] [INFO]- "GET / HTTP/1.1" 200 21241
[2021-10-29 09:30:07,459] [basehttp.py:154] [basehttp:log_message] [INFO]- "GET /favicon.ico HTTP/1.1" 200 21241
[2021-10-29 09:30:12,651] [log.py:228] [log:log_response] [WARNING]- Not Found: /OBIDeviseResult/OBIDeviseResult_edit/
[2021-10-29 09:30:12,652] [basehttp.py:154] [basehttp:log_message] [WARNING]- "GET /OBIDeviseResult/OBIDeviseResult_edit/ HTTP/1.1" 404 6219
[2021-10-29 09:30:12,704] [basehttp.py:154] [basehttp:log_message] [INFO]- "GET /favicon.ico HTTP/1.1" 200 21241
[2021-10-29 09:30:41,976] [basehttp.py:154] [basehttp:log_message] [INFO]- "GET /favicon.ico HTTP/1.1" 200 21241
[2021-10-29 09:30:45,749] [basehttp.py:154] [basehttp:log_message] [INFO]- "GET /logout/ HTTP/1.1" 302 0
[2021-10-29 09:30:45,752] [basehttp.py:154] [basehttp:log_message] [INFO]- "GET /login/ HTTP/1.1" 200 4677
[2021-10-29 09:30:45,814] [basehttp.py:154] [basehttp:log_message] [INFO]- "GET /favicon.ico HTTP/1.1" 302 0
[2021-10-29 09:30:45,832] [basehttp.py:154] [basehttp:log_message] [INFO]- "GET /login/ HTTP/1.1" 200 4677
[2021-10-29 09:30:49,306] [UserIP.py:89] [UserIP:process_response] [CRITICAL]- 系统错误
[2021-10-29 09:30:49,315] [basehttp.py:154] [basehttp:log_message] [INFO]- "POST /login/ HTTP/1.1" 302 0
[2021-10-29 09:30:49,390] [basehttp.py:154] [basehttp:log_message] [INFO]- "GET /index/ HTTP/1.1" 200 45972
[2021-10-29 09:30:49,479] [basehttp.py:154] [basehttp:log_message] [INFO]- "GET /index/ HTTP/1.1" 200 45972
[2021-10-29 09:30:49,729] [basehttp.py:154] [basehttp:log_message] [INFO]- "GET /favicon.ico HTTP/1.1" 200 21241
[2021-10-29 09:30:58,363] [log.py:228] [log:log_response] [ERROR]- Internal Server Error: /OBIDeviceResult/OBIDeviceResult_edit/
Traceback (most recent call last):
  File "C:\Python372\mecheck\lib\site-packages\django\db\backends\utils.py", line 85, in _execute
    return self.cursor.execute(sql, params)
  File "C:\Python372\mecheck\lib\site-packages\django\db\backends\mysql\base.py", line 71, in execute
    return self.cursor.execute(query, args)
  File "C:\Python372\mecheck\lib\site-packages\pymysql\cursors.py", line 170, in execute
    result = self._query(query)
  File "C:\Python372\mecheck\lib\site-packages\pymysql\cursors.py", line 328, in _query
    conn.query(q)
  File "C:\Python372\mecheck\lib\site-packages\pymysql\connections.py", line 517, in query
    self._affected_rows = self._read_query_result(unbuffered=unbuffered)
  File "C:\Python372\mecheck\lib\site-packages\pymysql\connections.py", line 732, in _read_query_result
    result.read()
  File "C:\Python372\mecheck\lib\site-packages\pymysql\connections.py", line 1075, in read
    first_packet = self.connection._read_packet()
  File "C:\Python372\mecheck\lib\site-packages\pymysql\connections.py", line 684, in _read_packet
    packet.check_error()
  File "C:\Python372\mecheck\lib\site-packages\pymysql\protocol.py", line 220, in check_error
    err.raise_mysql_exception(self._data)
  File "C:\Python372\mecheck\lib\site-packages\pymysql\err.py", line 109, in raise_mysql_exception
    raise errorclass(errno, errval)
pymysql.err.ProgrammingError: (1146, "Table 'reliabilityrowdata.obideviceresult_obideviseresult' doesn't exist")

The above exception was the direct cause of the following exception:

Traceback (most recent call last):
  File "C:\Python372\mecheck\lib\site-packages\django\core\handlers\exception.py", line 34, in inner
    response = get_response(request)
  File "C:\Python372\mecheck\lib\site-packages\django\core\handlers\base.py", line 126, in _get_response
    response = self.process_exception_by_middleware(e, request)
  File "C:\Python372\mecheck\lib\site-packages\django\core\handlers\base.py", line 124, in _get_response
    response = wrapped_callback(request, *callback_args, **callback_kwargs)
  File "C:\Python372\mecheck\lib\site-packages\django\views\decorators\csrf.py", line 54, in wrapped_view
    return view_func(*args, **kwargs)
  File "C:\djangoproject\Reliability_Row_data\OBIDeviceResult\views.py", line 374, in OBIDeviceResult_edit
    for i in OBIDeviseResult.objects.all().values("PN").distinct().order_by("PN"):
  File "C:\Python372\mecheck\lib\site-packages\django\db\models\query.py", line 268, in __iter__
    self._fetch_all()
  File "C:\Python372\mecheck\lib\site-packages\django\db\models\query.py", line 1186, in _fetch_all
    self._result_cache = list(self._iterable_class(self))
  File "C:\Python372\mecheck\lib\site-packages\django\db\models\query.py", line 106, in __iter__
    for row in compiler.results_iter(chunked_fetch=self.chunked_fetch, chunk_size=self.chunk_size):
  File "C:\Python372\mecheck\lib\site-packages\django\db\models\sql\compiler.py", line 1017, in results_iter
    results = self.execute_sql(MULTI, chunked_fetch=chunked_fetch, chunk_size=chunk_size)
  File "C:\Python372\mecheck\lib\site-packages\django\db\models\sql\compiler.py", line 1065, in execute_sql
    cursor.execute(sql, params)
  File "C:\Python372\mecheck\lib\site-packages\django\db\backends\utils.py", line 100, in execute
    return super().execute(sql, params)
  File "C:\Python372\mecheck\lib\site-packages\django\db\backends\utils.py", line 68, in execute
    return self._execute_with_wrappers(sql, params, many=False, executor=self._execute)
  File "C:\Python372\mecheck\lib\site-packages\django\db\backends\utils.py", line 77, in _execute_with_wrappers
    return executor(sql, params, many, context)
  File "C:\Python372\mecheck\lib\site-packages\django\db\backends\utils.py", line 85, in _execute
    return self.cursor.execute(sql, params)
  File "C:\Python372\mecheck\lib\site-packages\django\db\utils.py", line 89, in __exit__
    raise dj_exc_value.with_traceback(traceback) from exc_value
  File "C:\Python372\mecheck\lib\site-packages\django\db\backends\utils.py", line 85, in _execute
    return self.cursor.execute(sql, params)
  File "C:\Python372\mecheck\lib\site-packages\django\db\backends\mysql\base.py", line 71, in execute
    return self.cursor.execute(query, args)
  File "C:\Python372\mecheck\lib\site-packages\pymysql\cursors.py", line 170, in execute
    result = self._query(query)
  File "C:\Python372\mecheck\lib\site-packages\pymysql\cursors.py", line 328, in _query
    conn.query(q)
  File "C:\Python372\mecheck\lib\site-packages\pymysql\connections.py", line 517, in query
    self._affected_rows = self._read_query_result(unbuffered=unbuffered)
  File "C:\Python372\mecheck\lib\site-packages\pymysql\connections.py", line 732, in _read_query_result
    result.read()
  File "C:\Python372\mecheck\lib\site-packages\pymysql\connections.py", line 1075, in read
    first_packet = self.connection._read_packet()
  File "C:\Python372\mecheck\lib\site-packages\pymysql\connections.py", line 684, in _read_packet
    packet.check_error()
  File "C:\Python372\mecheck\lib\site-packages\pymysql\protocol.py", line 220, in check_error
    err.raise_mysql_exception(self._data)
  File "C:\Python372\mecheck\lib\site-packages\pymysql\err.py", line 109, in raise_mysql_exception
    raise errorclass(errno, errval)
django.db.utils.ProgrammingError: (1146, "Table 'reliabilityrowdata.obideviceresult_obideviseresult' doesn't exist")
[2021-10-29 09:30:58,370] [basehttp.py:154] [basehttp:log_message] [ERROR]- "GET /OBIDeviceResult/OBIDeviceResult_edit/ HTTP/1.1" 500 215479
[2021-10-29 09:30:58,510] [basehttp.py:154] [basehttp:log_message] [INFO]- "GET /favicon.ico HTTP/1.1" 200 21241
[2021-10-29 09:38:36,587] [log.py:228] [log:log_response] [ERROR]- Internal Server Error: /OBIDeviceResult/OBIDeviceResult_edit/
Traceback (most recent call last):
  File "C:\Python372\mecheck\lib\site-packages\django\core\handlers\exception.py", line 34, in inner
    response = get_response(request)
  File "C:\Python372\mecheck\lib\site-packages\django\core\handlers\base.py", line 126, in _get_response
    response = self.process_exception_by_middleware(e, request)
  File "C:\Python372\mecheck\lib\site-packages\django\core\handlers\base.py", line 124, in _get_response
    response = wrapped_callback(request, *callback_args, **callback_kwargs)
  File "C:\Python372\mecheck\lib\site-packages\django\views\decorators\csrf.py", line 54, in wrapped_view
    return view_func(*args, **kwargs)
  File "C:\djangoproject\Reliability_Row_data\OBIDeviceResult\views.py", line 576, in OBIDeviceResult_edit
    return render(request, 'OBIDeviceResult/OBIDeviceResult_edit.html', locals())
  File "C:\Python372\mecheck\lib\site-packages\django\shortcuts.py", line 36, in render
    content = loader.render_to_string(template_name, context, request, using=using)
  File "C:\Python372\mecheck\lib\site-packages\django\template\loader.py", line 61, in render_to_string
    template = get_template(template_name, using=using)
  File "C:\Python372\mecheck\lib\site-packages\django\template\loader.py", line 19, in get_template
    raise TemplateDoesNotExist(template_name, chain=chain)
django.template.exceptions.TemplateDoesNotExist: OBIDeviceResult/OBIDeviceResult_edit.html
[2021-10-29 09:38:36,588] [basehttp.py:154] [basehttp:log_message] [ERROR]- "GET /OBIDeviceResult/OBIDeviceResult_edit/ HTTP/1.1" 500 115238
[2021-10-29 09:38:36,647] [basehttp.py:154] [basehttp:log_message] [INFO]- "GET /favicon.ico HTTP/1.1" 200 21241
[2021-10-29 09:39:35,183] [basehttp.py:154] [basehttp:log_message] [INFO]- "GET /OBIDeviceResult/OBIDeviceResult_edit/ HTTP/1.1" 200 62375
[2021-10-29 09:39:35,569] [UserIP.py:87] [UserIP:process_response] [INFO]- 2021-10-29 09:39:35 C1010S3>Edwin None>LAPTOP-VA9VPAO8>417 127.0.0.1 127.0.0.1 /OBIDeviceResult/OBIDeviceResult_edit/ POST
[2021-10-29 09:39:35,579] [basehttp.py:154] [basehttp:log_message] [INFO]- "POST /OBIDeviceResult/OBIDeviceResult_edit/ HTTP/1.1" 200 3304
[2021-10-29 09:39:35,662] [basehttp.py:154] [basehttp:log_message] [INFO]- "GET /favicon.ico HTTP/1.1" 200 21241
[2021-10-29 09:43:06,754] [basehttp.py:154] [basehttp:log_message] [INFO]- "GET /OBIDeviceResult/OBIDeviceResult_edit/ HTTP/1.1" 200 62375
[2021-10-29 09:43:07,106] [UserIP.py:87] [UserIP:process_response] [INFO]- 2021-10-29 09:43:07 C1010S3>Edwin None>LAPTOP-VA9VPAO8>417 127.0.0.1 127.0.0.1 /OBIDeviceResult/OBIDeviceResult_edit/ POST
[2021-10-29 09:43:07,114] [basehttp.py:154] [basehttp:log_message] [INFO]- "POST /OBIDeviceResult/OBIDeviceResult_edit/ HTTP/1.1" 200 3304
[2021-10-29 09:43:07,129] [basehttp.py:154] [basehttp:log_message] [INFO]- "GET /favicon.ico HTTP/1.1" 200 21241
[2021-10-29 09:43:07,720] [basehttp.py:154] [basehttp:log_message] [INFO]- "GET /OBIDeviceResult/OBIDeviceResult_edit/ HTTP/1.1" 200 62375
[2021-10-29 09:43:08,081] [UserIP.py:87] [UserIP:process_response] [INFO]- 2021-10-29 09:43:08 C1010S3>Edwin None>LAPTOP-VA9VPAO8>417 127.0.0.1 127.0.0.1 /OBIDeviceResult/OBIDeviceResult_edit/ POST
[2021-10-29 09:43:08,089] [basehttp.py:154] [basehttp:log_message] [INFO]- "POST /OBIDeviceResult/OBIDeviceResult_edit/ HTTP/1.1" 200 3304
[2021-10-29 09:43:08,153] [basehttp.py:154] [basehttp:log_message] [INFO]- "GET /favicon.ico HTTP/1.1" 200 21241
[2021-10-29 09:43:08,171] [basehttp.py:154] [basehttp:log_message] [INFO]- "GET /OBIDeviceResult/OBIDeviceResult_edit/ HTTP/1.1" 200 62375
[2021-10-29 09:43:08,533] [UserIP.py:87] [UserIP:process_response] [INFO]- 2021-10-29 09:43:08 C1010S3>Edwin None>LAPTOP-VA9VPAO8>417 127.0.0.1 127.0.0.1 /OBIDeviceResult/OBIDeviceResult_edit/ POST
[2021-10-29 09:43:08,543] [basehttp.py:154] [basehttp:log_message] [INFO]- "POST /OBIDeviceResult/OBIDeviceResult_edit/ HTTP/1.1" 200 3304
[2021-10-29 09:43:08,557] [basehttp.py:154] [basehttp:log_message] [INFO]- "GET /favicon.ico HTTP/1.1" 200 21241
[2021-10-29 11:27:15,900] [UserIP.py:87] [UserIP:process_response] [INFO]- 2021-10-29 11:27:15 C1010S3>Edwin None>LAPTOP-VA9VPAO8>417 127.0.0.1 127.0.0.1 /OBIDeviceResult/OBIDeviceResult_edit/ POST
[2021-10-29 11:27:15,911] [basehttp.py:154] [basehttp:log_message] [INFO]- "POST /OBIDeviceResult/OBIDeviceResult_edit/ HTTP/1.1" 200 3304
[2021-10-29 11:27:19,935] [basehttp.py:154] [basehttp:log_message] [WARNING]- "GET /static/js/lib/bootstrap.min.js.map HTTP/1.1" 404 1806
[2021-10-29 11:27:19,941] [basehttp.py:154] [basehttp:log_message] [WARNING]- "GET /static/js/axios.min.map HTTP/1.1" 404 1773
[2021-10-29 11:27:19,944] [basehttp.py:154] [basehttp:log_message] [WARNING]- "GET /static/css/bootstrap.min.css.map HTTP/1.1" 404 1800
[2021-10-29 11:27:21,012] [UserIP.py:87] [UserIP:process_response] [INFO]- 2021-10-29 11:27:21 C1010S3>Edwin None>LAPTOP-VA9VPAO8>417 127.0.0.1 127.0.0.1 /OBIDeviceResult/OBIDeviceResult_edit/ POST
[2021-10-29 11:27:21,022] [basehttp.py:154] [basehttp:log_message] [INFO]- "POST /OBIDeviceResult/OBIDeviceResult_edit/ HTTP/1.1" 200 3304
[2021-10-29 15:45:19,194] [log.py:228] [log:log_response] [ERROR]- Internal Server Error: /OBIDeviceResult/OBIDeviceResult_edit/
Traceback (most recent call last):
  File "C:\Python372\mecheck\lib\site-packages\django\core\handlers\exception.py", line 34, in inner
    response = get_response(request)
  File "C:\Python372\mecheck\lib\site-packages\django\core\handlers\base.py", line 126, in _get_response
    response = self.process_exception_by_middleware(e, request)
  File "C:\Python372\mecheck\lib\site-packages\django\core\handlers\base.py", line 124, in _get_response
    response = wrapped_callback(request, *callback_args, **callback_kwargs)
  File "C:\Python372\mecheck\lib\site-packages\django\views\decorators\csrf.py", line 54, in wrapped_view
    return view_func(*args, **kwargs)
  File "C:\djangoproject\Reliability_Row_data\OBIDeviceResult\views.py", line 416, in OBIDeviceResult_edit
    Projectinfo = CQMProject.objects.filter(ProjectName=request.POST.get('ProjectName')).first()
  File "C:\Python372\mecheck\lib\site-packages\django\db\models\manager.py", line 82, in manager_method
    return getattr(self.get_queryset(), name)(*args, **kwargs)
  File "C:\Python372\mecheck\lib\site-packages\django\db\models\query.py", line 844, in filter
    return self._filter_or_exclude(False, *args, **kwargs)
  File "C:\Python372\mecheck\lib\site-packages\django\db\models\query.py", line 862, in _filter_or_exclude
    clone.query.add_q(Q(*args, **kwargs))
  File "C:\Python372\mecheck\lib\site-packages\django\db\models\sql\query.py", line 1263, in add_q
    clause, _ = self._add_q(q_object, self.used_aliases)
  File "C:\Python372\mecheck\lib\site-packages\django\db\models\sql\query.py", line 1287, in _add_q
    split_subq=split_subq,
  File "C:\Python372\mecheck\lib\site-packages\django\db\models\sql\query.py", line 1164, in build_filter
    lookups, parts, reffed_expression = self.solve_lookup_type(arg)
  File "C:\Python372\mecheck\lib\site-packages\django\db\models\sql\query.py", line 1028, in solve_lookup_type
    _, field, _, lookup_parts = self.names_to_path(lookup_splitted, self.get_meta())
  File "C:\Python372\mecheck\lib\site-packages\django\db\models\sql\query.py", line 1389, in names_to_path
    "Choices are: %s" % (name, ", ".join(available)))
django.core.exceptions.FieldError: Cannot resolve keyword 'ProjectName' into field. Choices are: Customer, Owner, Project, cqm, id
[2021-10-29 15:45:19,198] [UserIP.py:89] [UserIP:process_response] [CRITICAL]- 系统错误
[2021-10-29 15:45:19,199] [basehttp.py:154] [basehttp:log_message] [ERROR]- "POST /OBIDeviceResult/OBIDeviceResult_edit/ HTTP/1.1" 500 129808
[2021-10-29 15:46:23,524] [UserIP.py:87] [UserIP:process_response] [INFO]- 2021-10-29 15:46:23 C1010S3>Edwin None>LAPTOP-VA9VPAO8>417 127.0.0.1 127.0.0.1 /OBIDeviceResult/OBIDeviceResult_edit/ POST
[2021-10-29 15:46:23,534] [basehttp.py:154] [basehttp:log_message] [INFO]- "POST /OBIDeviceResult/OBIDeviceResult_edit/ HTTP/1.1" 200 3304
[2021-10-29 16:31:46,012] [UserIP.py:87] [UserIP:process_response] [INFO]- 2021-10-29 16:31:46 C1010S3>Edwin None>LAPTOP-VA9VPAO8>417 127.0.0.1 127.0.0.1 /OBIDeviceResult/OBIDeviceResult_edit/ POST
[2021-10-29 16:31:46,022] [basehttp.py:154] [basehttp:log_message] [INFO]- "POST /OBIDeviceResult/OBIDeviceResult_edit/ HTTP/1.1" 200 3304
[2021-10-29 16:37:08,014] [basehttp.py:154] [basehttp:log_message] [INFO]- "GET /OBIDeviceResult/OBIDeviceResult_edit/ HTTP/1.1" 200 62357
[2021-10-29 16:37:08,140] [basehttp.py:154] [basehttp:log_message] [WARNING]- "GET /static/css/bootstrap.min.css.map HTTP/1.1" 404 1800
[2021-10-29 16:37:08,148] [basehttp.py:154] [basehttp:log_message] [WARNING]- "GET /static/js/lib/bootstrap.min.js.map HTTP/1.1" 404 1806
[2021-10-29 16:37:08,347] [basehttp.py:154] [basehttp:log_message] [WARNING]- "GET /static/js/axios.min.map HTTP/1.1" 404 1773
[2021-10-29 16:37:08,594] [UserIP.py:87] [UserIP:process_response] [INFO]- 2021-10-29 16:37:08 C1010S3>Edwin None>LAPTOP-VA9VPAO8>417 127.0.0.1 127.0.0.1 /OBIDeviceResult/OBIDeviceResult_edit/ POST
[2021-10-29 16:37:08,605] [basehttp.py:154] [basehttp:log_message] [INFO]- "POST /OBIDeviceResult/OBIDeviceResult_edit/ HTTP/1.1" 200 3304
[2021-10-29 16:37:08,619] [basehttp.py:154] [basehttp:log_message] [INFO]- "GET /favicon.ico HTTP/1.1" 200 21241
[2021-10-29 16:37:11,474] [UserIP.py:87] [UserIP:process_response] [INFO]- 2021-10-29 16:37:11 C1010S3>Edwin None>LAPTOP-VA9VPAO8>417 127.0.0.1 127.0.0.1 /OBIDeviceResult/OBIDeviceResult_edit/ POST
[2021-10-29 16:37:11,482] [basehttp.py:154] [basehttp:log_message] [INFO]- "POST /OBIDeviceResult/OBIDeviceResult_edit/ HTTP/1.1" 200 3304
[2021-10-29 16:37:18,144] [basehttp.py:154] [basehttp:log_message] [INFO]- "GET /OBIDeviceResult/OBIDeviceResult_edit/ HTTP/1.1" 200 62357
[2021-10-29 16:37:18,249] [basehttp.py:154] [basehttp:log_message] [WARNING]- "GET /static/css/bootstrap.min.css.map HTTP/1.1" 404 1800
[2021-10-29 16:37:18,257] [basehttp.py:154] [basehttp:log_message] [WARNING]- "GET /static/js/lib/bootstrap.min.js.map HTTP/1.1" 404 1806
[2021-10-29 16:37:18,459] [basehttp.py:154] [basehttp:log_message] [WARNING]- "GET /static/js/axios.min.map HTTP/1.1" 404 1773
[2021-10-29 16:37:18,721] [UserIP.py:87] [UserIP:process_response] [INFO]- 2021-10-29 16:37:18 C1010S3>Edwin None>LAPTOP-VA9VPAO8>417 127.0.0.1 127.0.0.1 /OBIDeviceResult/OBIDeviceResult_edit/ POST
[2021-10-29 16:37:18,731] [basehttp.py:154] [basehttp:log_message] [INFO]- "POST /OBIDeviceResult/OBIDeviceResult_edit/ HTTP/1.1" 200 3304
[2021-10-29 16:37:18,806] [basehttp.py:154] [basehttp:log_message] [INFO]- "GET /favicon.ico HTTP/1.1" 200 21241
[2021-10-29 16:37:23,568] [UserIP.py:87] [UserIP:process_response] [INFO]- 2021-10-29 16:37:23 C1010S3>Edwin None>LAPTOP-VA9VPAO8>417 127.0.0.1 127.0.0.1 /OBIDeviceResult/OBIDeviceResult_edit/ POST
[2021-10-29 16:37:23,578] [basehttp.py:154] [basehttp:log_message] [INFO]- "POST /OBIDeviceResult/OBIDeviceResult_edit/ HTTP/1.1" 200 3304
[2021-10-29 16:37:50,578] [log.py:228] [log:log_response] [ERROR]- Internal Server Error: /OBIDeviceResult/OBIDeviceResult_edit/
Traceback (most recent call last):
  File "C:\Python372\mecheck\lib\site-packages\django\core\handlers\exception.py", line 34, in inner
    response = get_response(request)
  File "C:\Python372\mecheck\lib\site-packages\django\core\handlers\base.py", line 126, in _get_response
    response = self.process_exception_by_middleware(e, request)
  File "C:\Python372\mecheck\lib\site-packages\django\core\handlers\base.py", line 124, in _get_response
    response = wrapped_callback(request, *callback_args, **callback_kwargs)
  File "C:\Python372\mecheck\lib\site-packages\django\views\decorators\csrf.py", line 54, in wrapped_view
    return view_func(*args, **kwargs)
  File "C:\djangoproject\Reliability_Row_data\OBIDeviceResult\views.py", line 581, in OBIDeviceResult_edit
    DevCtgry = responseData['DevCtgry']
KeyError: 'DevCtgry'
[2021-10-29 16:37:50,580] [UserIP.py:89] [UserIP:process_response] [CRITICAL]- 系统错误
[2021-10-29 16:37:50,581] [basehttp.py:154] [basehttp:log_message] [ERROR]- "POST /OBIDeviceResult/OBIDeviceResult_edit/ HTTP/1.1" 500 94930
