[2020-12-21 12:17:29,691] [basehttp.py:154] [basehttp:log_message] [INFO]- "GET /admin/app01/role/ HTTP/1.1" 302 0
[2020-12-21 12:17:31,569] [basehttp.py:154] [basehttp:log_message] [INFO]- "GET /admin/login/?next=/admin/app01/role/ HTTP/1.1" 200 1843
[2020-12-21 12:17:31,611] [basehttp.py:154] [basehttp:log_message] [INFO]- "GET /favicon.ico HTTP/1.1" 302 0
[2020-12-21 12:17:31,635] [basehttp.py:154] [basehttp:log_message] [INFO]- "GET /login/ HTTP/1.1" 200 4677
[2020-12-21 12:17:34,358] [basehttp.py:154] [basehttp:log_message] [INFO]- "POST /admin/login/?next=/admin/app01/role/ HTTP/1.1" 302 0
[2020-12-21 12:17:34,468] [basehttp.py:154] [basehttp:log_message] [INFO]- "GET /admin/app01/role/ HTTP/1.1" 200 7213
[2020-12-21 12:17:34,512] [basehttp.py:154] [basehttp:log_message] [INFO]- "GET /admin/jsi18n/ HTTP/1.1" 200 7684
[2020-12-21 12:17:34,575] [basehttp.py:154] [basehttp:log_message] [INFO]- "GET /favicon.ico HTTP/1.1" 302 0
[2020-12-21 12:17:34,594] [basehttp.py:154] [basehttp:log_message] [INFO]- "GET /login/ HTTP/1.1" 200 4677
[2020-12-21 12:17:36,359] [basehttp.py:154] [basehttp:log_message] [INFO]- "GET /admin/ HTTP/1.1" 200 34508
[2020-12-21 12:17:36,417] [basehttp.py:154] [basehttp:log_message] [INFO]- "GET /favicon.ico HTTP/1.1" 302 0
[2020-12-21 12:17:36,435] [basehttp.py:154] [basehttp:log_message] [INFO]- "GET /login/ HTTP/1.1" 200 4677
[2020-12-21 12:17:41,638] [basehttp.py:154] [basehttp:log_message] [INFO]- "GET /admin/PersonalInfo/departments/ HTTP/1.1" 200 6129
[2020-12-21 12:17:41,665] [basehttp.py:154] [basehttp:log_message] [INFO]- "GET /admin/jsi18n/ HTTP/1.1" 200 7684
[2020-12-21 12:17:41,714] [basehttp.py:154] [basehttp:log_message] [INFO]- "GET /favicon.ico HTTP/1.1" 302 0
[2020-12-21 12:17:41,736] [basehttp.py:154] [basehttp:log_message] [INFO]- "GET /login/ HTTP/1.1" 200 4677
[2020-12-21 12:17:43,370] [basehttp.py:154] [basehttp:log_message] [INFO]- "GET /admin/ HTTP/1.1" 200 34508
[2020-12-21 12:17:43,409] [basehttp.py:154] [basehttp:log_message] [INFO]- "GET /favicon.ico HTTP/1.1" 302 0
[2020-12-21 12:17:43,420] [basehttp.py:154] [basehttp:log_message] [INFO]- "GET /login/ HTTP/1.1" 200 4677
[2020-12-21 12:17:46,527] [basehttp.py:154] [basehttp:log_message] [INFO]- "GET /admin/PersonalInfo/local_identity/ HTTP/1.1" 200 814561
[2020-12-21 12:17:46,556] [basehttp.py:154] [basehttp:log_message] [INFO]- "GET /admin/jsi18n/ HTTP/1.1" 200 7684
[2020-12-21 12:17:46,954] [basehttp.py:154] [basehttp:log_message] [INFO]- "GET /favicon.ico HTTP/1.1" 302 0
[2020-12-21 12:17:46,973] [basehttp.py:154] [basehttp:log_message] [INFO]- "GET /login/ HTTP/1.1" 200 4677
[2020-12-21 12:17:57,272] [basehttp.py:154] [basehttp:log_message] [INFO]- "GET /admin/ HTTP/1.1" 200 34508
[2020-12-21 12:17:57,322] [basehttp.py:154] [basehttp:log_message] [INFO]- "GET /favicon.ico HTTP/1.1" 302 0
[2020-12-21 12:17:57,347] [basehttp.py:154] [basehttp:log_message] [INFO]- "GET /login/ HTTP/1.1" 200 4677
[2020-12-21 12:19:49,950] [basehttp.py:154] [basehttp:log_message] [INFO]- "GET /admin/ HTTP/1.1" 200 34518
[2020-12-21 12:19:50,011] [basehttp.py:154] [basehttp:log_message] [INFO]- "GET /favicon.ico HTTP/1.1" 302 0
[2020-12-21 12:19:50,031] [basehttp.py:154] [basehttp:log_message] [INFO]- "GET /login/ HTTP/1.1" 200 4677
[2020-12-21 12:25:01,901] [basehttp.py:154] [basehttp:log_message] [INFO]- "GET /admin/ HTTP/1.1" 200 34514
[2020-12-21 12:25:01,962] [basehttp.py:154] [basehttp:log_message] [INFO]- "GET /favicon.ico HTTP/1.1" 302 0
[2020-12-21 12:25:01,971] [basehttp.py:154] [basehttp:log_message] [INFO]- "GET /login/ HTTP/1.1" 200 4677
[2020-12-21 12:26:55,673] [basehttp.py:154] [basehttp:log_message] [INFO]- "GET /admin/ HTTP/1.1" 200 34512
[2020-12-21 12:26:55,718] [basehttp.py:154] [basehttp:log_message] [INFO]- "GET /favicon.ico HTTP/1.1" 302 0
[2020-12-21 12:26:55,730] [basehttp.py:154] [basehttp:log_message] [INFO]- "GET /login/ HTTP/1.1" 200 4677
[2020-12-21 12:27:08,417] [basehttp.py:154] [basehttp:log_message] [INFO]- "GET /admin/app01/role/ HTTP/1.1" 200 7213
[2020-12-21 12:27:08,445] [basehttp.py:154] [basehttp:log_message] [INFO]- "GET /admin/jsi18n/ HTTP/1.1" 200 7684
[2020-12-21 12:27:08,519] [basehttp.py:154] [basehttp:log_message] [INFO]- "GET /favicon.ico HTTP/1.1" 302 0
[2020-12-21 12:27:08,540] [basehttp.py:154] [basehttp:log_message] [INFO]- "GET /login/ HTTP/1.1" 200 4677
[2020-12-21 12:27:12,009] [basehttp.py:154] [basehttp:log_message] [INFO]- "GET /admin/app01/role/add/ HTTP/1.1" 200 9312
[2020-12-21 12:27:12,029] [basehttp.py:154] [basehttp:log_message] [INFO]- "GET /admin/jsi18n/ HTTP/1.1" 200 7684
[2020-12-21 12:27:12,073] [basehttp.py:154] [basehttp:log_message] [INFO]- "GET /favicon.ico HTTP/1.1" 302 0
[2020-12-21 12:27:12,091] [basehttp.py:154] [basehttp:log_message] [INFO]- "GET /login/ HTTP/1.1" 200 4677
[2020-12-21 12:27:56,516] [basehttp.py:154] [basehttp:log_message] [INFO]- "POST /admin/app01/role/add/ HTTP/1.1" 302 0
[2020-12-21 12:27:56,563] [basehttp.py:154] [basehttp:log_message] [INFO]- "GET /admin/app01/role/ HTTP/1.1" 200 7670
[2020-12-21 12:27:56,595] [basehttp.py:154] [basehttp:log_message] [INFO]- "GET /admin/jsi18n/ HTTP/1.1" 200 7684
[2020-12-21 12:27:56,643] [basehttp.py:154] [basehttp:log_message] [INFO]- "GET /favicon.ico HTTP/1.1" 302 0
[2020-12-21 12:27:56,663] [basehttp.py:154] [basehttp:log_message] [INFO]- "GET /login/ HTTP/1.1" 200 4677
[2020-12-21 12:28:13,589] [basehttp.py:154] [basehttp:log_message] [INFO]- "GET /admin/app01/ HTTP/1.1" 200 5526
[2020-12-21 12:28:13,627] [basehttp.py:154] [basehttp:log_message] [INFO]- "GET /favicon.ico HTTP/1.1" 302 0
[2020-12-21 12:28:13,638] [basehttp.py:154] [basehttp:log_message] [INFO]- "GET /login/ HTTP/1.1" 200 4677
[2020-12-21 12:28:19,599] [basehttp.py:154] [basehttp:log_message] [INFO]- "GET /admin/app01/role/ HTTP/1.1" 200 7505
[2020-12-21 12:28:19,632] [basehttp.py:154] [basehttp:log_message] [INFO]- "GET /admin/jsi18n/ HTTP/1.1" 200 7684
[2020-12-21 12:28:19,666] [basehttp.py:154] [basehttp:log_message] [INFO]- "GET /favicon.ico HTTP/1.1" 302 0
[2020-12-21 12:28:19,679] [basehttp.py:154] [basehttp:log_message] [INFO]- "GET /login/ HTTP/1.1" 200 4677
[2020-12-21 12:28:20,702] [basehttp.py:154] [basehttp:log_message] [INFO]- "GET /admin/app01/role/8/change/ HTTP/1.1" 200 9588
[2020-12-21 12:28:20,727] [basehttp.py:154] [basehttp:log_message] [INFO]- "GET /admin/jsi18n/ HTTP/1.1" 200 7684
[2020-12-21 12:28:20,758] [basehttp.py:154] [basehttp:log_message] [INFO]- "GET /favicon.ico HTTP/1.1" 302 0
[2020-12-21 12:28:20,781] [basehttp.py:154] [basehttp:log_message] [INFO]- "GET /login/ HTTP/1.1" 200 4677
[2020-12-21 12:28:32,592] [basehttp.py:154] [basehttp:log_message] [INFO]- "POST /admin/app01/role/8/change/ HTTP/1.1" 302 0
[2020-12-21 12:28:32,647] [basehttp.py:154] [basehttp:log_message] [INFO]- "GET /admin/app01/role/ HTTP/1.1" 200 7690
[2020-12-21 12:28:32,680] [basehttp.py:154] [basehttp:log_message] [INFO]- "GET /admin/jsi18n/ HTTP/1.1" 200 7684
[2020-12-21 12:28:32,744] [basehttp.py:154] [basehttp:log_message] [INFO]- "GET /favicon.ico HTTP/1.1" 302 0
[2020-12-21 12:28:32,762] [basehttp.py:154] [basehttp:log_message] [INFO]- "GET /login/ HTTP/1.1" 200 4677
[2020-12-21 12:28:34,932] [basehttp.py:154] [basehttp:log_message] [INFO]- "GET /admin/app01/role/8/change/ HTTP/1.1" 200 9598
[2020-12-21 12:28:34,955] [basehttp.py:154] [basehttp:log_message] [INFO]- "GET /admin/jsi18n/ HTTP/1.1" 200 7684
[2020-12-21 12:28:34,985] [basehttp.py:154] [basehttp:log_message] [INFO]- "GET /favicon.ico HTTP/1.1" 302 0
[2020-12-21 12:28:35,009] [basehttp.py:154] [basehttp:log_message] [INFO]- "GET /login/ HTTP/1.1" 200 4677
[2020-12-21 12:28:38,127] [basehttp.py:154] [basehttp:log_message] [INFO]- "GET /admin/app01/role/ HTTP/1.1" 200 7520
[2020-12-21 12:28:38,171] [basehttp.py:154] [basehttp:log_message] [INFO]- "GET /favicon.ico HTTP/1.1" 302 0
[2020-12-21 12:28:38,190] [basehttp.py:154] [basehttp:log_message] [INFO]- "GET /login/ HTTP/1.1" 200 4677
[2020-12-21 12:28:39,759] [basehttp.py:154] [basehttp:log_message] [INFO]- "GET /admin/app01/role/add/ HTTP/1.1" 200 9312
[2020-12-21 12:28:39,787] [basehttp.py:154] [basehttp:log_message] [INFO]- "GET /admin/jsi18n/ HTTP/1.1" 200 7684
[2020-12-21 12:28:39,820] [basehttp.py:154] [basehttp:log_message] [INFO]- "GET /favicon.ico HTTP/1.1" 302 0
[2020-12-21 12:28:39,843] [basehttp.py:154] [basehttp:log_message] [INFO]- "GET /login/ HTTP/1.1" 200 4677
[2020-12-21 12:28:59,781] [basehttp.py:154] [basehttp:log_message] [INFO]- "POST /admin/app01/role/add/ HTTP/1.1" 302 0
[2020-12-21 12:28:59,829] [basehttp.py:154] [basehttp:log_message] [INFO]- "GET /admin/app01/role/ HTTP/1.1" 200 7977
[2020-12-21 12:28:59,853] [basehttp.py:154] [basehttp:log_message] [INFO]- "GET /admin/jsi18n/ HTTP/1.1" 200 7684
[2020-12-21 12:28:59,905] [basehttp.py:154] [basehttp:log_message] [INFO]- "GET /favicon.ico HTTP/1.1" 302 0
[2020-12-21 12:28:59,927] [basehttp.py:154] [basehttp:log_message] [INFO]- "GET /login/ HTTP/1.1" 200 4677
[2020-12-21 12:29:01,581] [basehttp.py:154] [basehttp:log_message] [INFO]- "GET /admin/ HTTP/1.1" 200 34391
[2020-12-21 12:29:01,625] [basehttp.py:154] [basehttp:log_message] [INFO]- "GET /favicon.ico HTTP/1.1" 302 0
[2020-12-21 12:29:01,637] [basehttp.py:154] [basehttp:log_message] [INFO]- "GET /login/ HTTP/1.1" 200 4677
[2020-12-21 12:29:53,199] [basehttp.py:154] [basehttp:log_message] [INFO]- "GET /admin/auth/user/ HTTP/1.1" 200 10606
[2020-12-21 12:29:53,231] [basehttp.py:154] [basehttp:log_message] [INFO]- "GET /admin/jsi18n/ HTTP/1.1" 200 7684
[2020-12-21 12:29:53,283] [basehttp.py:154] [basehttp:log_message] [INFO]- "GET /favicon.ico HTTP/1.1" 302 0
[2020-12-21 12:29:53,303] [basehttp.py:154] [basehttp:log_message] [INFO]- "GET /login/ HTTP/1.1" 200 4677
[2020-12-21 12:29:58,548] [basehttp.py:154] [basehttp:log_message] [INFO]- "GET /admin/ HTTP/1.1" 200 34391
[2020-12-21 12:29:58,597] [basehttp.py:154] [basehttp:log_message] [INFO]- "GET /favicon.ico HTTP/1.1" 302 0
[2020-12-21 12:29:58,606] [basehttp.py:154] [basehttp:log_message] [INFO]- "GET /login/ HTTP/1.1" 200 4677
[2020-12-21 12:30:01,449] [basehttp.py:154] [basehttp:log_message] [INFO]- "GET /admin/auth/group/ HTTP/1.1" 200 4648
[2020-12-21 12:30:01,485] [basehttp.py:154] [basehttp:log_message] [INFO]- "GET /admin/jsi18n/ HTTP/1.1" 200 7684
[2020-12-21 12:30:01,526] [basehttp.py:154] [basehttp:log_message] [INFO]- "GET /favicon.ico HTTP/1.1" 302 0
[2020-12-21 12:30:01,548] [basehttp.py:154] [basehttp:log_message] [INFO]- "GET /login/ HTTP/1.1" 200 4677
[2020-12-21 12:30:04,444] [basehttp.py:154] [basehttp:log_message] [INFO]- "GET /admin/auth/group/add/ HTTP/1.1" 200 22977
[2020-12-21 12:30:04,478] [basehttp.py:154] [basehttp:log_message] [INFO]- "GET /admin/jsi18n/ HTTP/1.1" 200 7684
[2020-12-21 12:30:04,552] [basehttp.py:154] [basehttp:log_message] [INFO]- "GET /favicon.ico HTTP/1.1" 302 0
[2020-12-21 12:30:04,563] [basehttp.py:154] [basehttp:log_message] [INFO]- "GET /login/ HTTP/1.1" 200 4677
[2020-12-21 12:31:32,393] [basehttp.py:154] [basehttp:log_message] [INFO]- "POST /admin/auth/group/add/ HTTP/1.1" 302 0
[2020-12-21 12:31:32,441] [basehttp.py:154] [basehttp:log_message] [INFO]- "GET /admin/auth/group/ HTTP/1.1" 200 5046
[2020-12-21 12:31:32,467] [basehttp.py:154] [basehttp:log_message] [INFO]- "GET /admin/jsi18n/ HTTP/1.1" 200 7684
[2020-12-21 12:31:32,511] [basehttp.py:154] [basehttp:log_message] [INFO]- "GET /favicon.ico HTTP/1.1" 302 0
[2020-12-21 12:31:32,534] [basehttp.py:154] [basehttp:log_message] [INFO]- "GET /login/ HTTP/1.1" 200 4677
[2020-12-21 12:31:36,092] [basehttp.py:154] [basehttp:log_message] [INFO]- "GET /admin/ HTTP/1.1" 200 34341
[2020-12-21 12:31:36,141] [basehttp.py:154] [basehttp:log_message] [INFO]- "GET /favicon.ico HTTP/1.1" 302 0
[2020-12-21 12:31:36,151] [basehttp.py:154] [basehttp:log_message] [INFO]- "GET /login/ HTTP/1.1" 200 4677
[2020-12-21 12:31:50,189] [basehttp.py:154] [basehttp:log_message] [INFO]- "GET /admin/PersonalInfo/departments/ HTTP/1.1" 200 6134
[2020-12-21 12:31:50,222] [basehttp.py:154] [basehttp:log_message] [INFO]- "GET /admin/jsi18n/ HTTP/1.1" 200 7684
[2020-12-21 12:31:50,261] [basehttp.py:154] [basehttp:log_message] [INFO]- "GET /favicon.ico HTTP/1.1" 302 0
[2020-12-21 12:31:50,269] [basehttp.py:154] [basehttp:log_message] [INFO]- "GET /login/ HTTP/1.1" 200 4677
[2020-12-21 12:31:54,124] [basehttp.py:154] [basehttp:log_message] [INFO]- "GET /admin/PersonalInfo/departments/add/ HTTP/1.1" 200 9324
[2020-12-21 12:31:54,150] [basehttp.py:154] [basehttp:log_message] [INFO]- "GET /admin/jsi18n/ HTTP/1.1" 200 7684
[2020-12-21 12:31:54,205] [basehttp.py:154] [basehttp:log_message] [INFO]- "GET /favicon.ico HTTP/1.1" 302 0
[2020-12-21 12:31:54,225] [basehttp.py:154] [basehttp:log_message] [INFO]- "GET /login/ HTTP/1.1" 200 4677
[2020-12-21 12:32:07,459] [basehttp.py:154] [basehttp:log_message] [INFO]- "GET /admin/PersonalInfo/departments/ HTTP/1.1" 200 6134
[2020-12-21 12:32:07,499] [basehttp.py:154] [basehttp:log_message] [INFO]- "GET /favicon.ico HTTP/1.1" 302 0
[2020-12-21 12:32:07,511] [basehttp.py:154] [basehttp:log_message] [INFO]- "GET /login/ HTTP/1.1" 200 4677
[2020-12-21 12:32:08,886] [basehttp.py:154] [basehttp:log_message] [INFO]- "GET /admin/ HTTP/1.1" 200 34341
[2020-12-21 12:32:08,924] [basehttp.py:154] [basehttp:log_message] [INFO]- "GET /favicon.ico HTTP/1.1" 302 0
[2020-12-21 12:32:08,949] [basehttp.py:154] [basehttp:log_message] [INFO]- "GET /login/ HTTP/1.1" 200 4677
[2020-12-21 13:33:14,952] [basehttp.py:154] [basehttp:log_message] [INFO]- "GET /admin/ HTTP/1.1" 200 34341
[2020-12-21 13:33:15,122] [basehttp.py:154] [basehttp:log_message] [INFO]- "GET /favicon.ico HTTP/1.1" 302 0
[2020-12-21 13:33:15,141] [basehttp.py:154] [basehttp:log_message] [INFO]- "GET /login/ HTTP/1.1" 200 4677
[2020-12-21 13:33:20,175] [basehttp.py:154] [basehttp:log_message] [INFO]- "GET /admin/PersonalInfo/positions/ HTTP/1.1" 200 5346
[2020-12-21 13:33:20,202] [basehttp.py:154] [basehttp:log_message] [INFO]- "GET /admin/jsi18n/ HTTP/1.1" 200 7684
[2020-12-21 13:33:20,250] [basehttp.py:154] [basehttp:log_message] [INFO]- "GET /favicon.ico HTTP/1.1" 302 0
[2020-12-21 13:33:20,262] [basehttp.py:154] [basehttp:log_message] [INFO]- "GET /login/ HTTP/1.1" 200 4677
[2020-12-21 13:33:22,465] [basehttp.py:154] [basehttp:log_message] [INFO]- "GET /admin/PersonalInfo/positions/add/ HTTP/1.1" 200 6555
[2020-12-21 13:33:22,489] [basehttp.py:154] [basehttp:log_message] [INFO]- "GET /admin/jsi18n/ HTTP/1.1" 200 7684
[2020-12-21 13:33:22,534] [basehttp.py:154] [basehttp:log_message] [INFO]- "GET /favicon.ico HTTP/1.1" 302 0
[2020-12-21 13:33:22,547] [basehttp.py:154] [basehttp:log_message] [INFO]- "GET /login/ HTTP/1.1" 200 4677
[2020-12-21 13:33:24,850] [basehttp.py:154] [basehttp:log_message] [INFO]- "GET /admin/PersonalInfo/positions/ HTTP/1.1" 200 5346
[2020-12-21 13:33:24,890] [basehttp.py:154] [basehttp:log_message] [INFO]- "GET /favicon.ico HTTP/1.1" 302 0
[2020-12-21 13:33:24,901] [basehttp.py:154] [basehttp:log_message] [INFO]- "GET /login/ HTTP/1.1" 200 4677
[2020-12-21 13:36:11,201] [basehttp.py:154] [basehttp:log_message] [INFO]- "GET /admin/PersonalInfo/positions/ HTTP/1.1" 200 5344
[2020-12-21 13:36:11,222] [basehttp.py:154] [basehttp:log_message] [INFO]- "GET /admin/jsi18n/ HTTP/1.1" 200 7684
[2020-12-21 13:36:11,263] [basehttp.py:154] [basehttp:log_message] [INFO]- "GET /favicon.ico HTTP/1.1" 302 0
[2020-12-21 13:36:11,286] [basehttp.py:154] [basehttp:log_message] [INFO]- "GET /login/ HTTP/1.1" 200 4677
[2020-12-21 13:36:13,684] [basehttp.py:154] [basehttp:log_message] [INFO]- "GET /admin/PersonalInfo/positions/add/ HTTP/1.1" 200 6554
[2020-12-21 13:36:13,708] [basehttp.py:154] [basehttp:log_message] [INFO]- "GET /admin/jsi18n/ HTTP/1.1" 200 7684
[2020-12-21 13:36:13,756] [basehttp.py:154] [basehttp:log_message] [INFO]- "GET /favicon.ico HTTP/1.1" 302 0
[2020-12-21 13:36:13,777] [basehttp.py:154] [basehttp:log_message] [INFO]- "GET /login/ HTTP/1.1" 200 4677
[2020-12-21 13:36:15,234] [basehttp.py:154] [basehttp:log_message] [INFO]- "GET /admin/PersonalInfo/positions/ HTTP/1.1" 200 5344
[2020-12-21 13:36:15,279] [basehttp.py:154] [basehttp:log_message] [INFO]- "GET /favicon.ico HTTP/1.1" 302 0
[2020-12-21 13:36:15,301] [basehttp.py:154] [basehttp:log_message] [INFO]- "GET /login/ HTTP/1.1" 200 4677
[2020-12-21 13:36:18,408] [basehttp.py:154] [basehttp:log_message] [INFO]- "GET /admin/ HTTP/1.1" 200 34341
[2020-12-21 13:36:18,467] [basehttp.py:154] [basehttp:log_message] [INFO]- "GET /favicon.ico HTTP/1.1" 302 0
[2020-12-21 13:36:18,488] [basehttp.py:154] [basehttp:log_message] [INFO]- "GET /login/ HTTP/1.1" 200 4677
[2020-12-21 13:36:23,267] [basehttp.py:154] [basehttp:log_message] [INFO]- "GET /admin/PersonalInfo/departments/ HTTP/1.1" 200 6144
[2020-12-21 13:36:23,294] [basehttp.py:154] [basehttp:log_message] [INFO]- "GET /admin/jsi18n/ HTTP/1.1" 200 7684
[2020-12-21 13:36:23,338] [basehttp.py:154] [basehttp:log_message] [INFO]- "GET /favicon.ico HTTP/1.1" 302 0
[2020-12-21 13:36:23,358] [basehttp.py:154] [basehttp:log_message] [INFO]- "GET /login/ HTTP/1.1" 200 4677
[2020-12-21 13:36:25,225] [basehttp.py:154] [basehttp:log_message] [INFO]- "GET /admin/PersonalInfo/departments/add/ HTTP/1.1" 200 9335
[2020-12-21 13:36:25,249] [basehttp.py:154] [basehttp:log_message] [INFO]- "GET /admin/jsi18n/ HTTP/1.1" 200 7684
[2020-12-21 13:36:25,286] [basehttp.py:154] [basehttp:log_message] [INFO]- "GET /favicon.ico HTTP/1.1" 302 0
[2020-12-21 13:36:25,308] [basehttp.py:154] [basehttp:log_message] [INFO]- "GET /login/ HTTP/1.1" 200 4677
[2020-12-21 13:36:36,811] [basehttp.py:154] [basehttp:log_message] [INFO]- "GET /admin/PersonalInfo/departments/ HTTP/1.1" 200 6144
[2020-12-21 13:36:36,868] [basehttp.py:154] [basehttp:log_message] [INFO]- "GET /favicon.ico HTTP/1.1" 302 0
[2020-12-21 13:36:36,888] [basehttp.py:154] [basehttp:log_message] [INFO]- "GET /login/ HTTP/1.1" 200 4677
[2020-12-21 14:01:08,173] [basehttp.py:154] [basehttp:log_message] [INFO]- "GET /admin/PersonalInfo/departments/add/ HTTP/1.1" 200 9335
[2020-12-21 14:01:08,203] [basehttp.py:154] [basehttp:log_message] [INFO]- "GET /admin/jsi18n/ HTTP/1.1" 200 7684
[2020-12-21 14:01:08,265] [basehttp.py:154] [basehttp:log_message] [INFO]- "GET /favicon.ico HTTP/1.1" 302 0
[2020-12-21 14:01:08,288] [basehttp.py:154] [basehttp:log_message] [INFO]- "GET /login/ HTTP/1.1" 200 4677
[2020-12-21 14:01:10,362] [basehttp.py:154] [basehttp:log_message] [INFO]- "GET /admin/PersonalInfo/departments/ HTTP/1.1" 200 6144
[2020-12-21 14:01:10,414] [basehttp.py:154] [basehttp:log_message] [INFO]- "GET /favicon.ico HTTP/1.1" 302 0
[2020-12-21 14:01:10,437] [basehttp.py:154] [basehttp:log_message] [INFO]- "GET /login/ HTTP/1.1" 200 4677
[2020-12-21 14:01:11,487] [basehttp.py:154] [basehttp:log_message] [INFO]- "GET /admin/PersonalInfo/ HTTP/1.1" 200 7369
[2020-12-21 14:01:11,526] [basehttp.py:154] [basehttp:log_message] [INFO]- "GET /favicon.ico HTTP/1.1" 302 0
[2020-12-21 14:01:11,545] [basehttp.py:154] [basehttp:log_message] [INFO]- "GET /login/ HTTP/1.1" 200 4677
[2020-12-21 14:01:14,519] [basehttp.py:154] [basehttp:log_message] [INFO]- "GET /admin/PersonalInfo/personalinfohisbyyear/ HTTP/1.1" 200 5952
[2020-12-21 14:01:14,548] [basehttp.py:154] [basehttp:log_message] [INFO]- "GET /admin/jsi18n/ HTTP/1.1" 200 7684
[2020-12-21 14:01:14,588] [basehttp.py:154] [basehttp:log_message] [INFO]- "GET /favicon.ico HTTP/1.1" 302 0
[2020-12-21 14:01:14,608] [basehttp.py:154] [basehttp:log_message] [INFO]- "GET /login/ HTTP/1.1" 200 4677
[2020-12-21 14:01:16,252] [basehttp.py:154] [basehttp:log_message] [INFO]- "GET /admin/PersonalInfo/personalinfohisbyyear/add/ HTTP/1.1" 200 24351
[2020-12-21 14:01:16,272] [basehttp.py:154] [basehttp:log_message] [INFO]- "GET /admin/jsi18n/ HTTP/1.1" 200 7684
[2020-12-21 14:01:16,339] [basehttp.py:154] [basehttp:log_message] [INFO]- "GET /favicon.ico HTTP/1.1" 302 0
[2020-12-21 14:01:16,364] [basehttp.py:154] [basehttp:log_message] [INFO]- "GET /login/ HTTP/1.1" 200 4677
[2020-12-21 14:01:22,238] [basehttp.py:154] [basehttp:log_message] [INFO]- "GET /admin/PersonalInfo/personalinfohisbyyear/ HTTP/1.1" 200 5952
[2020-12-21 14:01:22,282] [basehttp.py:154] [basehttp:log_message] [INFO]- "GET /favicon.ico HTTP/1.1" 302 0
[2020-12-21 14:01:22,291] [basehttp.py:154] [basehttp:log_message] [INFO]- "GET /login/ HTTP/1.1" 200 4677
[2020-12-21 14:01:25,037] [basehttp.py:154] [basehttp:log_message] [INFO]- "GET /admin/PersonalInfo/ HTTP/1.1" 200 7369
[2020-12-21 14:01:25,064] [basehttp.py:154] [basehttp:log_message] [INFO]- "GET /favicon.ico HTTP/1.1" 302 0
[2020-12-21 14:01:25,072] [basehttp.py:154] [basehttp:log_message] [INFO]- "GET /login/ HTTP/1.1" 200 4677
[2020-12-21 14:17:01,725] [basehttp.py:154] [basehttp:log_message] [INFO]- "GET /admin/PersonalInfo/positions/ HTTP/1.1" 200 5052
[2020-12-21 14:17:01,750] [basehttp.py:154] [basehttp:log_message] [INFO]- "GET /admin/jsi18n/ HTTP/1.1" 200 7684
[2020-12-21 14:17:01,791] [basehttp.py:154] [basehttp:log_message] [INFO]- "GET /favicon.ico HTTP/1.1" 302 0
[2020-12-21 14:17:01,812] [basehttp.py:154] [basehttp:log_message] [INFO]- "GET /login/ HTTP/1.1" 200 4677
[2020-12-21 14:17:03,373] [basehttp.py:154] [basehttp:log_message] [INFO]- "GET /admin/PersonalInfo/positions/add/ HTTP/1.1" 200 6069
[2020-12-21 14:17:03,396] [basehttp.py:154] [basehttp:log_message] [INFO]- "GET /admin/jsi18n/ HTTP/1.1" 200 7684
[2020-12-21 14:17:03,443] [basehttp.py:154] [basehttp:log_message] [INFO]- "GET /favicon.ico HTTP/1.1" 302 0
[2020-12-21 14:17:03,452] [basehttp.py:154] [basehttp:log_message] [INFO]- "GET /login/ HTTP/1.1" 200 4677
[2020-12-21 14:17:05,526] [basehttp.py:154] [basehttp:log_message] [INFO]- "GET /admin/PersonalInfo/positions/ HTTP/1.1" 200 5052
[2020-12-21 14:17:05,565] [basehttp.py:154] [basehttp:log_message] [INFO]- "GET /favicon.ico HTTP/1.1" 302 0
[2020-12-21 14:17:05,587] [basehttp.py:154] [basehttp:log_message] [INFO]- "GET /login/ HTTP/1.1" 200 4677
[2020-12-22 08:06:41,895] [basehttp.py:154] [basehttp:log_message] [INFO]- "GET /PersonalInfo/Summary3/ HTTP/1.1" 302 0
[2020-12-22 08:06:41,907] [basehttp.py:154] [basehttp:log_message] [INFO]- "GET /login/ HTTP/1.1" 200 4677
[2020-12-22 08:06:42,009] [basehttp.py:154] [basehttp:log_message] [INFO]- "GET /favicon.ico HTTP/1.1" 302 0
[2020-12-22 08:06:42,026] [basehttp.py:154] [basehttp:log_message] [INFO]- "GET /login/ HTTP/1.1" 200 4677
[2020-12-22 08:06:45,454] [basehttp.py:154] [basehttp:log_message] [INFO]- "POST /login/ HTTP/1.1" 302 0
[2020-12-22 08:06:45,603] [basehttp.py:154] [basehttp:log_message] [INFO]- "GET /index/ HTTP/1.1" 200 43003
[2020-12-22 08:06:45,779] [basehttp.py:154] [basehttp:log_message] [INFO]- "GET /static/js/vue.min.js HTTP/1.1" 304 0
[2020-12-22 08:06:45,861] [basehttp.py:154] [basehttp:log_message] [INFO]- "GET /index/ HTTP/1.1" 200 43003
[2020-12-22 08:06:46,180] [basehttp.py:154] [basehttp:log_message] [INFO]- "GET /favicon.ico HTTP/1.1" 200 20120
[2020-12-22 08:30:08,242] [basehttp.py:154] [basehttp:log_message] [INFO]- "GET /index/ HTTP/1.1" 200 42975
[2020-12-22 08:30:08,500] [basehttp.py:154] [basehttp:log_message] [INFO]- "GET /index/ HTTP/1.1" 200 42975
[2020-12-22 08:30:08,839] [basehttp.py:154] [basehttp:log_message] [INFO]- "GET /favicon.ico HTTP/1.1" 200 20092
[2020-12-22 08:30:12,251] [basehttp.py:154] [basehttp:log_message] [INFO]- "GET /CQM/CQM_search/ HTTP/1.1" 200 47991
[2020-12-22 08:30:12,790] [basehttp.py:154] [basehttp:log_message] [INFO]- "POST /CQM/CQM_search/ HTTP/1.1" 200 34756
[2020-12-22 08:30:12,863] [basehttp.py:154] [basehttp:log_message] [INFO]- "GET /favicon.ico HTTP/1.1" 200 20092
[2020-12-22 08:30:18,824] [basehttp.py:154] [basehttp:log_message] [INFO]- "POST /CQM/CQM_search/ HTTP/1.1" 200 79907
[2020-12-22 08:30:57,946] [basehttp.py:154] [basehttp:log_message] [INFO]- "GET /CQM/CQM_edit/ HTTP/1.1" 200 61570
[2020-12-22 08:30:58,448] [basehttp.py:154] [basehttp:log_message] [INFO]- "POST /CQM/CQM_edit/ HTTP/1.1" 200 147
[2020-12-22 08:30:58,495] [basehttp.py:154] [basehttp:log_message] [INFO]- "GET /favicon.ico HTTP/1.1" 200 20092
[2020-12-22 08:31:02,324] [basehttp.py:154] [basehttp:log_message] [INFO]- "POST /CQM/CQM_edit/ HTTP/1.1" 200 26021
[2020-12-22 08:31:05,996] [basehttp.py:154] [basehttp:log_message] [INFO]- "POST /CQM/CQM_edit/ HTTP/1.1" 200 45298
[2020-12-22 08:31:10,569] [basehttp.py:154] [basehttp:log_message] [INFO]- "POST /CQM/CQM_edit/ HTTP/1.1" 200 26021
[2020-12-22 08:31:13,804] [basehttp.py:154] [basehttp:log_message] [INFO]- "POST /CQM/CQM_edit/ HTTP/1.1" 200 704
[2020-12-22 08:33:29,039] [basehttp.py:154] [basehttp:log_message] [INFO]- "GET /CQM/CQM_edit/ HTTP/1.1" 200 61547
[2020-12-22 08:33:29,640] [basehttp.py:154] [basehttp:log_message] [INFO]- "POST /CQM/CQM_edit/ HTTP/1.1" 200 147
[2020-12-22 08:33:29,702] [basehttp.py:154] [basehttp:log_message] [INFO]- "GET /favicon.ico HTTP/1.1" 200 20069
[2020-12-22 08:33:34,684] [basehttp.py:154] [basehttp:log_message] [INFO]- "POST /CQM/CQM_edit/ HTTP/1.1" 200 26021
[2020-12-22 08:33:39,405] [basehttp.py:154] [basehttp:log_message] [INFO]- "POST /CQM/CQM_edit/ HTTP/1.1" 200 1906
