[2021-12-02 11:29:48,005] [basehttp.py:154] [basehttp:log_message] [INFO]- "GET /index/ HTTP/1.1" 200 45972
[2021-12-02 11:29:48,098] [basehttp.py:154] [basehttp:log_message] [INFO]- "GET /index/ HTTP/1.1" 200 45972
[2021-12-02 11:29:48,342] [basehttp.py:154] [basehttp:log_message] [INFO]- "GET /favicon.ico HTTP/1.1" 200 21241
[2021-12-02 11:29:49,600] [basehttp.py:154] [basehttp:log_message] [INFO]- "GET /admin/ HTTP/1.1" 200 39882
[2021-12-02 11:29:49,657] [basehttp.py:154] [basehttp:log_message] [INFO]- "GET /favicon.ico HTTP/1.1" 200 21241
[2021-12-02 11:30:41,167] [basehttp.py:154] [basehttp:log_message] [INFO]- "GET /admin/AutoResult/autoresult/ HTTP/1.1" 200 4410
[2021-12-02 11:30:41,194] [basehttp.py:154] [basehttp:log_message] [INFO]- "GET /admin/jsi18n/ HTTP/1.1" 200 7684
[2021-12-02 11:30:41,230] [basehttp.py:154] [basehttp:log_message] [INFO]- "GET /favicon.ico HTTP/1.1" 200 21241
[2021-12-02 11:30:43,476] [basehttp.py:154] [basehttp:log_message] [INFO]- "GET /admin/AutoResult/autoresult/add/ HTTP/1.1" 200 12979
[2021-12-02 11:30:43,495] [basehttp.py:154] [basehttp:log_message] [INFO]- "GET /admin/jsi18n/ HTTP/1.1" 200 7684
[2021-12-02 11:30:43,543] [basehttp.py:154] [basehttp:log_message] [INFO]- "GET /favicon.ico HTTP/1.1" 200 21241
[2021-12-02 11:32:09,829] [basehttp.py:154] [basehttp:log_message] [INFO]- "GET /index/ HTTP/1.1" 200 45972
[2021-12-02 11:32:09,902] [basehttp.py:154] [basehttp:log_message] [INFO]- "GET /index/ HTTP/1.1" 200 45972
[2021-12-02 11:32:10,145] [basehttp.py:154] [basehttp:log_message] [INFO]- "GET /favicon.ico HTTP/1.1" 200 21241
[2021-12-02 11:32:12,027] [basehttp.py:154] [basehttp:log_message] [INFO]- "GET /admin/ HTTP/1.1" 200 39882
[2021-12-02 11:32:12,089] [basehttp.py:154] [basehttp:log_message] [INFO]- "GET /favicon.ico HTTP/1.1" 200 21241
[2021-12-02 11:32:15,213] [basehttp.py:154] [basehttp:log_message] [INFO]- "GET /admin/AutoResult/autoproject/ HTTP/1.1" 200 3780
[2021-12-02 11:32:15,237] [basehttp.py:154] [basehttp:log_message] [INFO]- "GET /admin/jsi18n/ HTTP/1.1" 200 7684
[2021-12-02 11:32:15,273] [basehttp.py:154] [basehttp:log_message] [INFO]- "GET /favicon.ico HTTP/1.1" 200 21241
[2021-12-02 11:32:17,341] [basehttp.py:154] [basehttp:log_message] [INFO]- "GET /admin/AutoResult/autoproject/add/ HTTP/1.1" 200 9153
[2021-12-02 11:32:17,354] [basehttp.py:154] [basehttp:log_message] [INFO]- "GET /static/admin/js/calendar.js HTTP/1.1" 200 7777
[2021-12-02 11:32:17,355] [basehttp.py:154] [basehttp:log_message] [INFO]- "GET /static/admin/js/admin/DateTimeShortcuts.js HTTP/1.1" 200 20281
[2021-12-02 11:32:17,364] [basehttp.py:154] [basehttp:log_message] [INFO]- "GET /admin/jsi18n/ HTTP/1.1" 200 7684
[2021-12-02 11:32:17,379] [basehttp.py:154] [basehttp:log_message] [INFO]- "GET /static/admin/img/icon-calendar.svg HTTP/1.1" 200 1086
[2021-12-02 11:32:17,425] [basehttp.py:154] [basehttp:log_message] [INFO]- "GET /favicon.ico HTTP/1.1" 200 21241
[2021-12-02 11:32:19,037] [basehttp.py:154] [basehttp:log_message] [INFO]- "GET /static/admin/img/calendar-icons.svg HTTP/1.1" 200 1094
[2021-12-02 11:36:08,900] [basehttp.py:154] [basehttp:log_message] [INFO]- "GET /admin/AutoResult/autoproject/add/ HTTP/1.1" 200 9153
[2021-12-02 11:36:08,935] [basehttp.py:154] [basehttp:log_message] [INFO]- "GET /admin/jsi18n/ HTTP/1.1" 200 7684
[2021-12-02 11:36:09,005] [basehttp.py:154] [basehttp:log_message] [INFO]- "GET /favicon.ico HTTP/1.1" 200 21241
[2021-12-02 11:36:13,903] [basehttp.py:154] [basehttp:log_message] [INFO]- "GET /admin/AutoResult/autoproject/ HTTP/1.1" 200 3780
[2021-12-02 11:36:13,963] [basehttp.py:154] [basehttp:log_message] [INFO]- "GET /favicon.ico HTTP/1.1" 200 21241
