[2021-11-19 09:16:34,407] [UserIP.py:89] [UserIP:process_response] [CRITICAL]- 系统错误
[2021-11-19 09:51:16,100] [log.py:228] [log:log_response] [ERROR]- Internal Server Error: /OBIDeviceResult/OBIDeviceResult_options/
Traceback (most recent call last):
  File "C:\Python372\mecheck\lib\site-packages\django\core\handlers\exception.py", line 34, in inner
    response = get_response(request)
  File "C:\Python372\mecheck\lib\site-packages\django\core\handlers\base.py", line 126, in _get_response
    response = self.process_exception_by_middleware(e, request)
  File "C:\Python372\mecheck\lib\site-packages\django\core\handlers\base.py", line 124, in _get_response
    response = wrapped_callback(request, *callback_args, **callback_kwargs)
  File "C:\Python372\mecheck\lib\site-packages\django\views\decorators\csrf.py", line 54, in wrapped_view
    return view_func(*args, **kwargs)
  File "C:\djangoproject\Reliability_Row_data\OBIDeviceResult\views.py", line 1103, in OBIDeviceResult_options
    CategoryInfo.objects.create(add_dic)
  File "C:\Python372\mecheck\lib\site-packages\django\db\models\manager.py", line 82, in manager_method
    return getattr(self.get_queryset(), name)(*args, **kwargs)
TypeError: create() takes 1 positional argument but 2 were given
[2021-11-19 09:51:16,103] [UserIP.py:89] [UserIP:process_response] [CRITICAL]- 系统错误
[2021-11-19 09:51:16,104] [basehttp.py:154] [basehttp:log_message] [ERROR]- "POST /OBIDeviceResult/OBIDeviceResult_options/ HTTP/1.1" 500 86885
[2021-11-19 09:51:52,648] [log.py:228] [log:log_response] [ERROR]- Internal Server Error: /OBIDeviceResult/OBIDeviceResult_options/
Traceback (most recent call last):
  File "C:\Python372\mecheck\lib\site-packages\django\core\handlers\exception.py", line 34, in inner
    response = get_response(request)
  File "C:\Python372\mecheck\lib\site-packages\django\core\handlers\base.py", line 126, in _get_response
    response = self.process_exception_by_middleware(e, request)
  File "C:\Python372\mecheck\lib\site-packages\django\core\handlers\base.py", line 124, in _get_response
    response = wrapped_callback(request, *callback_args, **callback_kwargs)
  File "C:\Python372\mecheck\lib\site-packages\django\views\decorators\csrf.py", line 54, in wrapped_view
    return view_func(*args, **kwargs)
  File "C:\djangoproject\Reliability_Row_data\OBIDeviceResult\views.py", line 1107, in OBIDeviceResult_options
    Category_QuerySet = CategoryInfo.objects.filter(**check_dic)
UnboundLocalError: local variable 'check_dic' referenced before assignment
[2021-11-19 09:51:52,650] [UserIP.py:89] [UserIP:process_response] [CRITICAL]- 系统错误
[2021-11-19 09:51:52,651] [basehttp.py:154] [basehttp:log_message] [ERROR]- "POST /OBIDeviceResult/OBIDeviceResult_options/ HTTP/1.1" 500 82913
[2021-11-19 10:43:31,191] [log.py:228] [log:log_response] [ERROR]- Internal Server Error: /OBIDeviceResult/OBIDeviceResult_options/
Traceback (most recent call last):
  File "C:\Python372\mecheck\lib\site-packages\django\core\handlers\exception.py", line 34, in inner
    response = get_response(request)
  File "C:\Python372\mecheck\lib\site-packages\django\core\handlers\base.py", line 126, in _get_response
    response = self.process_exception_by_middleware(e, request)
  File "C:\Python372\mecheck\lib\site-packages\django\core\handlers\base.py", line 124, in _get_response
    response = wrapped_callback(request, *callback_args, **callback_kwargs)
  File "C:\Python372\mecheck\lib\site-packages\django\views\decorators\csrf.py", line 54, in wrapped_view
    return view_func(*args, **kwargs)
  File "C:\djangoproject\Reliability_Row_data\OBIDeviceResult\views.py", line 1093, in OBIDeviceResult_options
    check_dic['Category'] = Category
UnboundLocalError: local variable 'Category' referenced before assignment
[2021-11-19 10:43:31,193] [UserIP.py:89] [UserIP:process_response] [CRITICAL]- 系统错误
[2021-11-19 10:43:31,193] [basehttp.py:154] [basehttp:log_message] [ERROR]- "POST /OBIDeviceResult/OBIDeviceResult_options/ HTTP/1.1" 500 82107
[2021-11-19 11:54:20,807] [log.py:228] [log:log_response] [ERROR]- Internal Server Error: /OBIDeviceResult/OBIDeviceResult_options/
Traceback (most recent call last):
  File "C:\Python372\mecheck\lib\site-packages\django\core\handlers\exception.py", line 34, in inner
    response = get_response(request)
  File "C:\Python372\mecheck\lib\site-packages\django\core\handlers\base.py", line 126, in _get_response
    response = self.process_exception_by_middleware(e, request)
  File "C:\Python372\mecheck\lib\site-packages\django\core\handlers\base.py", line 124, in _get_response
    response = wrapped_callback(request, *callback_args, **callback_kwargs)
  File "C:\Python372\mecheck\lib\site-packages\django\views\decorators\csrf.py", line 54, in wrapped_view
    return view_func(*args, **kwargs)
  File "C:\djangoproject\Reliability_Row_data\OBIDeviceResult\views.py", line 1093, in OBIDeviceResult_options
    check_dic['Category'] = Category
UnboundLocalError: local variable 'Category' referenced before assignment
[2021-11-19 11:54:20,808] [UserIP.py:89] [UserIP:process_response] [CRITICAL]- 系统错误
[2021-11-19 11:54:20,809] [basehttp.py:154] [basehttp:log_message] [ERROR]- "POST /OBIDeviceResult/OBIDeviceResult_options/ HTTP/1.1" 500 82107
[2021-11-19 12:04:41,068] [log.py:228] [log:log_response] [ERROR]- Internal Server Error: /OBIDeviceResult/OBIDeviceResult_options/
Traceback (most recent call last):
  File "C:\Python372\mecheck\lib\site-packages\django\core\handlers\exception.py", line 34, in inner
    response = get_response(request)
  File "C:\Python372\mecheck\lib\site-packages\django\core\handlers\base.py", line 126, in _get_response
    response = self.process_exception_by_middleware(e, request)
  File "C:\Python372\mecheck\lib\site-packages\django\core\handlers\base.py", line 124, in _get_response
    response = wrapped_callback(request, *callback_args, **callback_kwargs)
  File "C:\Python372\mecheck\lib\site-packages\django\views\decorators\csrf.py", line 54, in wrapped_view
    return view_func(*args, **kwargs)
  File "C:\djangoproject\Reliability_Row_data\OBIDeviceResult\views.py", line 1128, in OBIDeviceResult_options
    Series_QuerySet = SeriesInfo.objects.filter(**check_dic)
  File "C:\Python372\mecheck\lib\site-packages\django\db\models\manager.py", line 82, in manager_method
    return getattr(self.get_queryset(), name)(*args, **kwargs)
  File "C:\Python372\mecheck\lib\site-packages\django\db\models\query.py", line 844, in filter
    return self._filter_or_exclude(False, *args, **kwargs)
  File "C:\Python372\mecheck\lib\site-packages\django\db\models\query.py", line 862, in _filter_or_exclude
    clone.query.add_q(Q(*args, **kwargs))
  File "C:\Python372\mecheck\lib\site-packages\django\db\models\sql\query.py", line 1263, in add_q
    clause, _ = self._add_q(q_object, self.used_aliases)
  File "C:\Python372\mecheck\lib\site-packages\django\db\models\sql\query.py", line 1287, in _add_q
    split_subq=split_subq,
  File "C:\Python372\mecheck\lib\site-packages\django\db\models\sql\query.py", line 1164, in build_filter
    lookups, parts, reffed_expression = self.solve_lookup_type(arg)
  File "C:\Python372\mecheck\lib\site-packages\django\db\models\sql\query.py", line 1028, in solve_lookup_type
    _, field, _, lookup_parts = self.names_to_path(lookup_splitted, self.get_meta())
  File "C:\Python372\mecheck\lib\site-packages\django\db\models\sql\query.py", line 1389, in names_to_path
    "Choices are: %s" % (name, ", ".join(available)))
django.core.exceptions.FieldError: Cannot resolve keyword 'Category' into field. Choices are: Series, edit_time, editor, id
[2021-11-19 12:04:41,071] [UserIP.py:89] [UserIP:process_response] [CRITICAL]- 系统错误
[2021-11-19 12:04:41,071] [basehttp.py:154] [basehttp:log_message] [ERROR]- "POST /OBIDeviceResult/OBIDeviceResult_options/ HTTP/1.1" 500 120765
[2021-11-22 08:23:36,828] [UserIP.py:89] [UserIP:process_response] [CRITICAL]- 系统错误
