[2021-02-03 08:52:26,571] [log.py:228] [log:log_response] [ERROR]- Internal Server Error: /PersonalInfo/Summary2/
Traceback (most recent call last):
  File "C:\Python372\mecheck\lib\site-packages\django\core\handlers\exception.py", line 34, in inner
    response = get_response(request)
  File "C:\Python372\mecheck\lib\site-packages\django\core\handlers\base.py", line 126, in _get_response
    response = self.process_exception_by_middleware(e, request)
  File "C:\Python372\mecheck\lib\site-packages\django\core\handlers\base.py", line 124, in _get_response
    response = wrapped_callback(request, *callback_args, **callback_kwargs)
  File "C:\Python372\mecheck\lib\site-packages\django\views\decorators\csrf.py", line 54, in wrapped_view
    return view_func(*args, **kwargs)
  File "C:\djangoproject\Reliability_Row_data\PersonalInfo\views.py", line 5078, in Summary2
    for i in TBCnum:
UnboundLocalError: local variable 'TBCnum' referenced before assignment
[2021-02-03 08:52:26,579] [basehttp.py:154] [basehttp:log_message] [ERROR]- "POST /PersonalInfo/Summary2/ HTTP/1.1" 500 106779
[2021-02-03 11:00:00,648] [log.py:228] [log:log_response] [ERROR]- Internal Server Error: /PersonalInfo/Summary3/
Traceback (most recent call last):
  File "C:\Python372\mecheck\lib\site-packages\django\core\handlers\exception.py", line 34, in inner
    response = get_response(request)
  File "C:\Python372\mecheck\lib\site-packages\django\core\handlers\base.py", line 126, in _get_response
    response = self.process_exception_by_middleware(e, request)
  File "C:\Python372\mecheck\lib\site-packages\django\core\handlers\base.py", line 124, in _get_response
    response = wrapped_callback(request, *callback_args, **callback_kwargs)
  File "C:\Python372\mecheck\lib\site-packages\django\views\decorators\csrf.py", line 54, in wrapped_view
    return view_func(*args, **kwargs)
  File "C:\djangoproject\Reliability_Row_data\PersonalInfo\views.py", line 6657, in Summary3
    professionTableData[j] = PersonalInfo.objects.filter(Status__in=["離職"], MajorAscription=i["MajorAscription"],
KeyError: 'MajorAscription'
[2021-02-03 11:00:00,655] [basehttp.py:154] [basehttp:log_message] [ERROR]- "POST /PersonalInfo/Summary3/ HTTP/1.1" 500 118648
[2021-02-03 14:15:17,861] [log.py:228] [log:log_response] [ERROR]- Internal Server Error: /PersonalInfo/Summary3/
Traceback (most recent call last):
  File "C:\Python372\mecheck\lib\site-packages\django\core\handlers\exception.py", line 34, in inner
    response = get_response(request)
  File "C:\Python372\mecheck\lib\site-packages\django\core\handlers\base.py", line 126, in _get_response
    response = self.process_exception_by_middleware(e, request)
  File "C:\Python372\mecheck\lib\site-packages\django\core\handlers\base.py", line 124, in _get_response
    response = wrapped_callback(request, *callback_args, **callback_kwargs)
  File "C:\Python372\mecheck\lib\site-packages\django\views\decorators\csrf.py", line 54, in wrapped_view
    return view_func(*args, **kwargs)
  File "C:\djangoproject\Reliability_Row_data\PersonalInfo\views.py", line 7021, in Summary3
    LIZHIBI_titleDiagram2Data.append(round(float(i["titleDeparture"].split("%")[0]) / 100, 3))
KeyError: 'titleDeparture'
[2021-02-03 14:15:17,868] [basehttp.py:154] [basehttp:log_message] [ERROR]- "POST /PersonalInfo/Summary3/ HTTP/1.1" 500 92603
[2021-02-03 14:20:47,760] [log.py:228] [log:log_response] [ERROR]- Internal Server Error: /PersonalInfo/Summary3/
Traceback (most recent call last):
  File "C:\Python372\mecheck\lib\site-packages\django\core\handlers\exception.py", line 34, in inner
    response = get_response(request)
  File "C:\Python372\mecheck\lib\site-packages\django\core\handlers\base.py", line 126, in _get_response
    response = self.process_exception_by_middleware(e, request)
  File "C:\Python372\mecheck\lib\site-packages\django\core\handlers\base.py", line 124, in _get_response
    response = wrapped_callback(request, *callback_args, **callback_kwargs)
  File "C:\Python372\mecheck\lib\site-packages\django\views\decorators\csrf.py", line 54, in wrapped_view
    return view_func(*args, **kwargs)
  File "C:\djangoproject\Reliability_Row_data\PersonalInfo\views.py", line 7022, in Summary3
    LIZHIBI_titleDiagram2Data.append(round(float(i["titleDeparture"].split("%")[0]) / 100, 3))
KeyError: 'titleDeparture'
[2021-02-03 14:20:47,771] [basehttp.py:154] [basehttp:log_message] [ERROR]- "POST /PersonalInfo/Summary3/ HTTP/1.1" 500 92601
[2021-02-03 14:23:12,052] [log.py:228] [log:log_response] [ERROR]- Internal Server Error: /PersonalInfo/Summary3/
Traceback (most recent call last):
  File "C:\Python372\mecheck\lib\site-packages\django\core\handlers\exception.py", line 34, in inner
    response = get_response(request)
  File "C:\Python372\mecheck\lib\site-packages\django\core\handlers\base.py", line 126, in _get_response
    response = self.process_exception_by_middleware(e, request)
  File "C:\Python372\mecheck\lib\site-packages\django\core\handlers\base.py", line 124, in _get_response
    response = wrapped_callback(request, *callback_args, **callback_kwargs)
  File "C:\Python372\mecheck\lib\site-packages\django\views\decorators\csrf.py", line 54, in wrapped_view
    return view_func(*args, **kwargs)
  File "C:\djangoproject\Reliability_Row_data\PersonalInfo\views.py", line 7022, in Summary3
    LIZHIBI_titleDiagram2Data.append(round(float(i["titleDeparture"].split("%")[0]) / 100, 3))
KeyError: 'titleDeparture'
[2021-02-03 14:23:12,059] [basehttp.py:154] [basehttp:log_message] [ERROR]- "POST /PersonalInfo/Summary3/ HTTP/1.1" 500 92621
