[2023-05-03 10:12:31,618] [log.py:228] [log:log_response] [ERROR]- Internal Server Error: /PersonalInfo/PersonalInfo-edit/
Traceback (most recent call last):
  File "C:\Python372\mecheck\lib\site-packages\django\core\handlers\exception.py", line 34, in inner
    response = get_response(request)
  File "C:\Python372\mecheck\lib\site-packages\django\core\handlers\base.py", line 126, in _get_response
    response = self.process_exception_by_middleware(e, request)
  File "C:\Python372\mecheck\lib\site-packages\django\core\handlers\base.py", line 124, in _get_response
    response = wrapped_callback(request, *callback_args, **callback_kwargs)
  File "C:\Python372\mecheck\lib\site-packages\django\views\decorators\csrf.py", line 54, in wrapped_view
    return view_func(*args, **kwargs)
  File "C:\djangoproject\Reliability_Row_data\PersonalInfo\views.py", line 2248, in PersonalInfo_edit
    'LastPromotionData'],
KeyError: 'LastPromotionData'
[2023-05-03 10:12:31,656] [basehttp.py:154] [basehttp:log_message] [ERROR]- "POST /PersonalInfo/PersonalInfo-edit/ HTTP/1.1" 500 122838
[2023-05-03 10:15:47,637] [log.py:228] [log:log_response] [ERROR]- Internal Server Error: /admin/PersonalInfo/personalinfo/
Traceback (most recent call last):
  File "C:\Python372\mecheck\lib\site-packages\django\core\handlers\exception.py", line 34, in inner
    response = get_response(request)
  File "C:\Python372\mecheck\lib\site-packages\django\core\handlers\base.py", line 126, in _get_response
    response = self.process_exception_by_middleware(e, request)
  File "C:\Python372\mecheck\lib\site-packages\django\core\handlers\base.py", line 124, in _get_response
    response = wrapped_callback(request, *callback_args, **callback_kwargs)
  File "C:\Python372\mecheck\lib\site-packages\django\contrib\admin\options.py", line 604, in wrapper
    return self.admin_site.admin_view(view)(*args, **kwargs)
  File "C:\Python372\mecheck\lib\site-packages\django\utils\decorators.py", line 142, in _wrapped_view
    response = view_func(request, *args, **kwargs)
  File "C:\Python372\mecheck\lib\site-packages\django\views\decorators\cache.py", line 44, in _wrapped_view_func
    response = view_func(request, *args, **kwargs)
  File "C:\Python372\mecheck\lib\site-packages\django\contrib\admin\sites.py", line 223, in inner
    return view(request, *args, **kwargs)
  File "C:\Python372\mecheck\lib\site-packages\django\utils\decorators.py", line 45, in _wrapper
    return bound_method(*args, **kwargs)
  File "C:\Python372\mecheck\lib\site-packages\django\utils\decorators.py", line 142, in _wrapped_view
    response = view_func(request, *args, **kwargs)
  File "C:\Python372\mecheck\lib\site-packages\django\contrib\admin\options.py", line 1717, in changelist_view
    response = self.response_action(request, queryset=cl.get_queryset(request))
  File "C:\Python372\mecheck\lib\site-packages\django\contrib\admin\options.py", line 1400, in response_action
    response = func(self, request, queryset)
  File "C:\Python372\mecheck\lib\site-packages\django\contrib\admin\actions.py", line 28, in delete_selected
    deletable_objects, model_count, perms_needed, protected = modeladmin.get_deleted_objects(queryset, request)
  File "C:\Python372\mecheck\lib\site-packages\django\contrib\admin\options.py", line 1823, in get_deleted_objects
    return get_deleted_objects(objs, request, self.admin_site)
  File "C:\Python372\mecheck\lib\site-packages\django\contrib\admin\utils.py", line 134, in get_deleted_objects
    collector.collect(objs)
  File "C:\Python372\mecheck\lib\site-packages\django\contrib\admin\utils.py", line 197, in collect
    return super().collect(objs, source_attr=source_attr, **kwargs)
  File "C:\Python372\mecheck\lib\site-packages\django\db\models\deletion.py", line 221, in collect
    field.remote_field.on_delete(self, field, sub_objs, self.using)
TypeError: 'bool' object is not callable
[2023-05-03 10:15:47,657] [basehttp.py:154] [basehttp:log_message] [ERROR]- "POST /admin/PersonalInfo/personalinfo/ HTTP/1.1" 500 176136
[2023-05-03 10:17:16,450] [basehttp.py:154] [basehttp:log_message] [ERROR]- "POST /admin/PersonalInfo/personalinfo/ HTTP/1.1" 500 59
[2023-05-03 15:38:34,206] [basehttp.py:154] [basehttp:log_message] [ERROR]- "GET /admin/PersonalInfo/personalinfo/13067/change/?_changelist_filters=GroupNum%3D20564433 HTTP/1.1" 500 59
[2023-05-03 15:38:34,207] [basehttp.py:154] [basehttp:log_message] [ERROR]- "GET /admin/PersonalInfo/personalinfo/13067/change/?_changelist_filters=GroupNum%3D20564433 HTTP/1.1" 500 59
