[2023-03-23 17:02:56,029] [log.py:228] [log:log_response] [ERROR]- Internal Server Error: /PersonalInfo/Summary1/
Traceback (most recent call last):
  File "C:\Python372\mecheck\lib\site-packages\django\core\handlers\exception.py", line 34, in inner
    response = get_response(request)
  File "C:\Python372\mecheck\lib\site-packages\django\core\handlers\base.py", line 126, in _get_response
    response = self.process_exception_by_middleware(e, request)
  File "C:\Python372\mecheck\lib\site-packages\django\core\handlers\base.py", line 124, in _get_response
    response = wrapped_callback(request, *callback_args, **callback_kwargs)
  File "C:\Python372\mecheck\lib\site-packages\django\views\decorators\csrf.py", line 54, in wrapped_view
    return view_func(*args, **kwargs)
  File "C:\djangoproject\Reliability_Row_data\PersonalInfo\views.py", line 4526, in Summary1
    for j in mounthname:
UnboundLocalError: local variable 'mounthname' referenced before assignment
[2023-03-23 17:02:56,069] [basehttp.py:154] [basehttp:log_message] [ERROR]- "POST /PersonalInfo/Summary1/ HTTP/1.1" 500 105578
[2023-03-23 17:04:11,628] [log.py:228] [log:log_response] [ERROR]- Internal Server Error: /PersonalInfo/Summary1/
Traceback (most recent call last):
  File "C:\Python372\mecheck\lib\site-packages\django\core\handlers\exception.py", line 34, in inner
    response = get_response(request)
  File "C:\Python372\mecheck\lib\site-packages\django\core\handlers\base.py", line 126, in _get_response
    response = self.process_exception_by_middleware(e, request)
  File "C:\Python372\mecheck\lib\site-packages\django\core\handlers\base.py", line 124, in _get_response
    response = wrapped_callback(request, *callback_args, **callback_kwargs)
  File "C:\Python372\mecheck\lib\site-packages\django\views\decorators\csrf.py", line 54, in wrapped_view
    return view_func(*args, **kwargs)
  File "C:\djangoproject\Reliability_Row_data\PersonalInfo\views.py", line 4529, in Summary1
    if j in i.keys():
AttributeError: 'float' object has no attribute 'keys'
[2023-03-23 17:04:11,652] [basehttp.py:154] [basehttp:log_message] [ERROR]- "POST /PersonalInfo/Summary1/ HTTP/1.1" 500 105759
[2023-03-23 17:06:38,836] [log.py:228] [log:log_response] [ERROR]- Internal Server Error: /PersonalInfo/Summary1/
Traceback (most recent call last):
  File "C:\Python372\mecheck\lib\site-packages\django\core\handlers\exception.py", line 34, in inner
    response = get_response(request)
  File "C:\Python372\mecheck\lib\site-packages\django\core\handlers\base.py", line 126, in _get_response
    response = self.process_exception_by_middleware(e, request)
  File "C:\Python372\mecheck\lib\site-packages\django\core\handlers\base.py", line 124, in _get_response
    response = wrapped_callback(request, *callback_args, **callback_kwargs)
  File "C:\Python372\mecheck\lib\site-packages\django\views\decorators\csrf.py", line 54, in wrapped_view
    return view_func(*args, **kwargs)
  File "C:\djangoproject\Reliability_Row_data\PersonalInfo\views.py", line 4530, in Summary1
    if j in i.keys():
AttributeError: 'float' object has no attribute 'keys'
[2023-03-23 17:06:38,841] [basehttp.py:154] [basehttp:log_message] [ERROR]- "POST /PersonalInfo/Summary1/ HTTP/1.1" 500 105779
