[2023-03-24 09:56:27,301] [log.py:228] [log:log_response] [ERROR]- Internal Server Error: /PersonalInfo/Summary1/
Traceback (most recent call last):
  File "C:\Python372\mecheck\lib\site-packages\django\core\handlers\exception.py", line 34, in inner
    response = get_response(request)
  File "C:\Python372\mecheck\lib\site-packages\django\core\handlers\base.py", line 126, in _get_response
    response = self.process_exception_by_middleware(e, request)
  File "C:\Python372\mecheck\lib\site-packages\django\core\handlers\base.py", line 124, in _get_response
    response = wrapped_callback(request, *callback_args, **callback_kwargs)
  File "C:\Python372\mecheck\lib\site-packages\django\views\decorators\csrf.py", line 54, in wrapped_view
    return view_func(*args, **kwargs)
  File "C:\djangoproject\Reliability_Row_data\PersonalInfo\views.py", line 4537, in Summary1
    zaizhidic[j] += i[j]
KeyError: 'Apr'
[2023-03-24 09:56:27,330] [basehttp.py:154] [basehttp:log_message] [ERROR]- "POST /PersonalInfo/Summary1/ HTTP/1.1" 500 105741
[2023-03-24 10:03:34,787] [log.py:228] [log:log_response] [ERROR]- Internal Server Error: /PersonalInfo/Summary1/
Traceback (most recent call last):
  File "C:\Python372\mecheck\lib\site-packages\django\core\handlers\exception.py", line 34, in inner
    response = get_response(request)
  File "C:\Python372\mecheck\lib\site-packages\django\core\handlers\base.py", line 126, in _get_response
    response = self.process_exception_by_middleware(e, request)
  File "C:\Python372\mecheck\lib\site-packages\django\core\handlers\base.py", line 124, in _get_response
    response = wrapped_callback(request, *callback_args, **callback_kwargs)
  File "C:\Python372\mecheck\lib\site-packages\django\views\decorators\csrf.py", line 54, in wrapped_view
    return view_func(*args, **kwargs)
  File "C:\djangoproject\Reliability_Row_data\PersonalInfo\views.py", line 4537, in Summary1
    print(i[j])
KeyError: 'Apr'
[2023-03-24 10:03:34,796] [basehttp.py:154] [basehttp:log_message] [ERROR]- "POST /PersonalInfo/Summary1/ HTTP/1.1" 500 91779
[2023-03-24 10:26:43,995] [log.py:228] [log:log_response] [ERROR]- Internal Server Error: /PersonalInfo/Summary1/
Traceback (most recent call last):
  File "C:\Python372\mecheck\lib\site-packages\django\core\handlers\exception.py", line 34, in inner
    response = get_response(request)
  File "C:\Python372\mecheck\lib\site-packages\django\core\handlers\base.py", line 126, in _get_response
    response = self.process_exception_by_middleware(e, request)
  File "C:\Python372\mecheck\lib\site-packages\django\core\handlers\base.py", line 124, in _get_response
    response = wrapped_callback(request, *callback_args, **callback_kwargs)
  File "C:\Python372\mecheck\lib\site-packages\django\views\decorators\csrf.py", line 54, in wrapped_view
    return view_func(*args, **kwargs)
  File "C:\djangoproject\Reliability_Row_data\PersonalInfo\views.py", line 4575, in Summary1
    hang_Sum += i[j]
TypeError: unsupported operand type(s) for +=: 'float' and 'NoneType'
[2023-03-24 10:26:44,002] [basehttp.py:154] [basehttp:log_message] [ERROR]- "POST /PersonalInfo/Summary1/ HTTP/1.1" 500 96118
[2023-03-24 10:40:03,514] [log.py:228] [log:log_response] [ERROR]- Internal Server Error: /PersonalInfo/Summary1/
Traceback (most recent call last):
  File "C:\Python372\mecheck\lib\site-packages\django\core\handlers\exception.py", line 34, in inner
    response = get_response(request)
  File "C:\Python372\mecheck\lib\site-packages\django\core\handlers\base.py", line 137, in _get_response
    "returned None instead." % (callback.__module__, view_name)
ValueError: The view PersonalInfo.views.Summary1 didn't return an HttpResponse object. It returned None instead.
[2023-03-24 10:40:03,515] [basehttp.py:154] [basehttp:log_message] [ERROR]- "POST /PersonalInfo/Summary1/ HTTP/1.1" 500 68406
[2023-03-24 14:33:17,387] [log.py:228] [log:log_response] [ERROR]- Internal Server Error: /PersonalInfo/Summary1/
Traceback (most recent call last):
  File "C:\Python372\mecheck\lib\site-packages\django\core\handlers\exception.py", line 34, in inner
    response = get_response(request)
  File "C:\Python372\mecheck\lib\site-packages\django\core\handlers\base.py", line 126, in _get_response
    response = self.process_exception_by_middleware(e, request)
  File "C:\Python372\mecheck\lib\site-packages\django\core\handlers\base.py", line 124, in _get_response
    response = wrapped_callback(request, *callback_args, **callback_kwargs)
  File "C:\Python372\mecheck\lib\site-packages\django\views\decorators\csrf.py", line 54, in wrapped_view
    return view_func(*args, **kwargs)
  File "C:\djangoproject\Reliability_Row_data\PersonalInfo\views.py", line 4601, in Summary1
    "smooth": true,#平滑曲线
NameError: name 'true' is not defined
[2023-03-24 14:33:17,399] [basehttp.py:154] [basehttp:log_message] [ERROR]- "POST /PersonalInfo/Summary1/ HTTP/1.1" 500 94514
