[2021-12-23 11:08:17,114] [log.py:228] [log:log_response] [ERROR]- Internal Server Error: /AutoResult/AutoResult_search/
Traceback (most recent call last):
  File "C:\Python372\mecheck\lib\site-packages\django\core\handlers\exception.py", line 34, in inner
    response = get_response(request)
  File "C:\Python372\mecheck\lib\site-packages\django\core\handlers\base.py", line 126, in _get_response
    response = self.process_exception_by_middleware(e, request)
  File "C:\Python372\mecheck\lib\site-packages\django\core\handlers\base.py", line 124, in _get_response
    response = wrapped_callback(request, *callback_args, **callback_kwargs)
  File "C:\Python372\mecheck\lib\site-packages\django\views\decorators\csrf.py", line 54, in wrapped_view
    return view_func(*args, **kwargs)
  File "C:\djangoproject\Reliability_Row_data\AutoResult\views.py", line 724, in AutoResult_search
    if i["Project"] == k["Project"]:
TypeError: string indices must be integers
[2021-12-23 11:08:17,116] [UserIP.py:89] [UserIP:process_response] [CRITICAL]- 系统错误
[2021-12-23 11:08:17,116] [basehttp.py:154] [basehttp:log_message] [ERROR]- "POST /AutoResult/AutoResult_search/ HTTP/1.1" 500 94220
[2021-12-23 11:11:54,723] [log.py:228] [log:log_response] [ERROR]- Internal Server Error: /AutoResult/AutoResult_search/
Traceback (most recent call last):
  File "C:\Python372\mecheck\lib\site-packages\django\core\handlers\exception.py", line 34, in inner
    response = get_response(request)
  File "C:\Python372\mecheck\lib\site-packages\django\core\handlers\base.py", line 126, in _get_response
    response = self.process_exception_by_middleware(e, request)
  File "C:\Python372\mecheck\lib\site-packages\django\core\handlers\base.py", line 124, in _get_response
    response = wrapped_callback(request, *callback_args, **callback_kwargs)
  File "C:\Python372\mecheck\lib\site-packages\django\views\decorators\csrf.py", line 54, in wrapped_view
    return view_func(*args, **kwargs)
  File "C:\djangoproject\Reliability_Row_data\AutoResult\views.py", line 725, in AutoResult_search
    if i["Project"] == k["Project"]:
TypeError: string indices must be integers
[2021-12-23 11:11:54,725] [UserIP.py:89] [UserIP:process_response] [CRITICAL]- 系统错误
[2021-12-23 11:11:54,725] [basehttp.py:154] [basehttp:log_message] [ERROR]- "POST /AutoResult/AutoResult_search/ HTTP/1.1" 500 94220
[2021-12-23 11:14:14,594] [log.py:228] [log:log_response] [ERROR]- Internal Server Error: /AutoResult/AutoResult_search/
Traceback (most recent call last):
  File "C:\Python372\mecheck\lib\site-packages\django\core\handlers\exception.py", line 34, in inner
    response = get_response(request)
  File "C:\Python372\mecheck\lib\site-packages\django\core\handlers\base.py", line 126, in _get_response
    response = self.process_exception_by_middleware(e, request)
  File "C:\Python372\mecheck\lib\site-packages\django\core\handlers\base.py", line 124, in _get_response
    response = wrapped_callback(request, *callback_args, **callback_kwargs)
  File "C:\Python372\mecheck\lib\site-packages\django\views\decorators\csrf.py", line 54, in wrapped_view
    return view_func(*args, **kwargs)
  File "C:\djangoproject\Reliability_Row_data\AutoResult\views.py", line 721, in AutoResult_search
    for j, value in selectCustomerYear:
ValueError: too many values to unpack (expected 2)
[2021-12-23 11:14:14,596] [UserIP.py:89] [UserIP:process_response] [CRITICAL]- 系统错误
[2021-12-23 11:14:14,596] [basehttp.py:154] [basehttp:log_message] [ERROR]- "POST /AutoResult/AutoResult_search/ HTTP/1.1" 500 94138
[2021-12-23 12:40:21,197] [UserIP.py:89] [UserIP:process_response] [CRITICAL]- 系统错误
[2021-12-23 12:45:29,755] [log.py:228] [log:log_response] [ERROR]- Internal Server Error: /AutoResult/AutoResult_search/
Traceback (most recent call last):
  File "C:\Python372\mecheck\lib\site-packages\django\core\handlers\exception.py", line 34, in inner
    response = get_response(request)
  File "C:\Python372\mecheck\lib\site-packages\django\core\handlers\base.py", line 126, in _get_response
    response = self.process_exception_by_middleware(e, request)
  File "C:\Python372\mecheck\lib\site-packages\django\core\handlers\base.py", line 124, in _get_response
    response = wrapped_callback(request, *callback_args, **callback_kwargs)
  File "C:\Python372\mecheck\lib\site-packages\django\views\decorators\csrf.py", line 54, in wrapped_view
    return view_func(*args, **kwargs)
  File "C:\djangoproject\Reliability_Row_data\AutoResult\views.py", line 841, in AutoResult_search
    if j["projectName"] not in AutoProject.objects.filter(Customer=i['Customer']).values('Project').distinct().order_by('Project'):
TypeError: 'AutoItems' object is not subscriptable
[2021-12-23 12:45:29,757] [UserIP.py:89] [UserIP:process_response] [CRITICAL]- 系统错误
[2021-12-23 12:45:29,758] [basehttp.py:154] [basehttp:log_message] [ERROR]- "POST /AutoResult/AutoResult_search/ HTTP/1.1" 500 99172
[2021-12-23 12:46:12,275] [log.py:228] [log:log_response] [ERROR]- Internal Server Error: /AutoResult/AutoResult_search/
Traceback (most recent call last):
  File "C:\Python372\mecheck\lib\site-packages\django\core\handlers\exception.py", line 34, in inner
    response = get_response(request)
  File "C:\Python372\mecheck\lib\site-packages\django\core\handlers\base.py", line 126, in _get_response
    response = self.process_exception_by_middleware(e, request)
  File "C:\Python372\mecheck\lib\site-packages\django\core\handlers\base.py", line 124, in _get_response
    response = wrapped_callback(request, *callback_args, **callback_kwargs)
  File "C:\Python372\mecheck\lib\site-packages\django\views\decorators\csrf.py", line 54, in wrapped_view
    return view_func(*args, **kwargs)
  File "C:\djangoproject\Reliability_Row_data\AutoResult\views.py", line 841, in AutoResult_search
    if j["projectName"] not in list(AutoProject.objects.filter(Customer=i['Customer']).values('Project').distinct().order_by('Project')):
TypeError: 'AutoItems' object is not subscriptable
[2021-12-23 12:46:12,276] [UserIP.py:89] [UserIP:process_response] [CRITICAL]- 系统错误
[2021-12-23 12:46:12,277] [basehttp.py:154] [basehttp:log_message] [ERROR]- "POST /AutoResult/AutoResult_search/ HTTP/1.1" 500 99184
[2021-12-23 12:47:31,669] [log.py:228] [log:log_response] [ERROR]- Internal Server Error: /AutoResult/AutoResult_search/
Traceback (most recent call last):
  File "C:\Python372\mecheck\lib\site-packages\django\core\handlers\exception.py", line 34, in inner
    response = get_response(request)
  File "C:\Python372\mecheck\lib\site-packages\django\core\handlers\base.py", line 126, in _get_response
    response = self.process_exception_by_middleware(e, request)
  File "C:\Python372\mecheck\lib\site-packages\django\core\handlers\base.py", line 124, in _get_response
    response = wrapped_callback(request, *callback_args, **callback_kwargs)
  File "C:\Python372\mecheck\lib\site-packages\django\views\decorators\csrf.py", line 54, in wrapped_view
    return view_func(*args, **kwargs)
  File "C:\djangoproject\Reliability_Row_data\AutoResult\views.py", line 841, in AutoResult_search
    for m in list(AutoProject.objects.filter(Customer=i['Customer']).values('Project').distinct().order_by('Project')):
TypeError: 'AutoItems' object is not subscriptable
[2021-12-23 12:47:31,670] [UserIP.py:89] [UserIP:process_response] [CRITICAL]- 系统错误
[2021-12-23 12:47:31,671] [basehttp.py:154] [basehttp:log_message] [ERROR]- "POST /AutoResult/AutoResult_search/ HTTP/1.1" 500 99026
[2021-12-23 12:48:51,329] [log.py:228] [log:log_response] [ERROR]- Internal Server Error: /AutoResult/AutoResult_search/
Traceback (most recent call last):
  File "C:\Python372\mecheck\lib\site-packages\django\core\handlers\exception.py", line 34, in inner
    response = get_response(request)
  File "C:\Python372\mecheck\lib\site-packages\django\core\handlers\base.py", line 126, in _get_response
    response = self.process_exception_by_middleware(e, request)
  File "C:\Python372\mecheck\lib\site-packages\django\core\handlers\base.py", line 124, in _get_response
    response = wrapped_callback(request, *callback_args, **callback_kwargs)
  File "C:\Python372\mecheck\lib\site-packages\django\views\decorators\csrf.py", line 54, in wrapped_view
    return view_func(*args, **kwargs)
  File "C:\djangoproject\Reliability_Row_data\AutoResult\views.py", line 844, in AutoResult_search
    SummaryBenfit = SummaryProject * i.BaseIncome
TypeError: can't multiply sequence by non-int of type 'float'
[2021-12-23 12:48:51,330] [UserIP.py:89] [UserIP:process_response] [CRITICAL]- 系统错误
[2021-12-23 12:48:51,331] [basehttp.py:154] [basehttp:log_message] [ERROR]- "POST /AutoResult/AutoResult_search/ HTTP/1.1" 500 99249
[2021-12-23 12:49:16,797] [log.py:228] [log:log_response] [ERROR]- Internal Server Error: /AutoResult/AutoResult_search/
Traceback (most recent call last):
  File "C:\Python372\mecheck\lib\site-packages\django\core\handlers\exception.py", line 34, in inner
    response = get_response(request)
  File "C:\Python372\mecheck\lib\site-packages\django\core\handlers\base.py", line 126, in _get_response
    response = self.process_exception_by_middleware(e, request)
  File "C:\Python372\mecheck\lib\site-packages\django\core\handlers\base.py", line 124, in _get_response
    response = wrapped_callback(request, *callback_args, **callback_kwargs)
  File "C:\Python372\mecheck\lib\site-packages\django\views\decorators\csrf.py", line 54, in wrapped_view
    return view_func(*args, **kwargs)
  File "C:\djangoproject\Reliability_Row_data\AutoResult\views.py", line 844, in AutoResult_search
    SummaryBenfit = SummaryProject * i.BaseIncome
TypeError: can't multiply sequence by non-int of type 'float'
[2021-12-23 12:49:16,798] [UserIP.py:89] [UserIP:process_response] [CRITICAL]- 系统错误
[2021-12-23 12:49:16,799] [basehttp.py:154] [basehttp:log_message] [ERROR]- "POST /AutoResult/AutoResult_search/ HTTP/1.1" 500 99150
[2021-12-23 12:51:15,331] [UserIP.py:89] [UserIP:process_response] [CRITICAL]- 系统错误
[2021-12-24 10:21:17,551] [UserIP.py:89] [UserIP:process_response] [CRITICAL]- 系统错误
[2021-12-27 09:36:50,233] [UserIP.py:89] [UserIP:process_response] [CRITICAL]- 系统错误
[2021-12-27 16:02:37,546] [basehttp.py:154] [basehttp:log_message] [ERROR]- "POST /AutoResult/AutoResult_search/ HTTP/1.1" 500 59
[2021-12-28 08:34:09,835] [UserIP.py:89] [UserIP:process_response] [CRITICAL]- 系统错误
