[2023-02-03 09:13:31,567] [log.py:228] [log:log_response] [ERROR]- Internal Server Error: /PersonalInfo/PersonalInfo-search/
Traceback (most recent call last):
  File "C:\Python372\mecheck\lib\site-packages\django\core\handlers\exception.py", line 34, in inner
    response = get_response(request)
  File "C:\Python372\mecheck\lib\site-packages\django\core\handlers\base.py", line 126, in _get_response
    response = self.process_exception_by_middleware(e, request)
  File "C:\Python372\mecheck\lib\site-packages\django\core\handlers\base.py", line 124, in _get_response
    response = wrapped_callback(request, *callback_args, **callback_kwargs)
  File "C:\Python372\mecheck\lib\site-packages\django\views\decorators\csrf.py", line 54, in wrapped_view
    return view_func(*args, **kwargs)
  File "C:\djangoproject\Reliability_Row_data\PersonalInfo\views.py", line 781, in PersonalInfo_search
    return HttpResponse(json.dumps(data), content_type="application/json")
  File "C:\Python372\lib\json\__init__.py", line 231, in dumps
    return _default_encoder.encode(obj)
  File "C:\Python372\lib\json\encoder.py", line 199, in encode
    chunks = self.iterencode(o, _one_shot=True)
  File "C:\Python372\lib\json\encoder.py", line 257, in iterencode
    return _iterencode(o, 0)
  File "C:\Python372\lib\json\encoder.py", line 179, in default
    raise TypeError(f'Object of type {o.__class__.__name__} '
TypeError: Object of type date is not JSON serializable
[2023-02-03 09:13:31,578] [basehttp.py:154] [basehttp:log_message] [ERROR]- "POST /PersonalInfo/PersonalInfo-search/ HTTP/1.1" 500 139025
[2023-02-03 09:14:09,047] [log.py:228] [log:log_response] [ERROR]- Internal Server Error: /PersonalInfo/PersonalInfo-search/
Traceback (most recent call last):
  File "C:\Python372\mecheck\lib\site-packages\django\core\handlers\exception.py", line 34, in inner
    response = get_response(request)
  File "C:\Python372\mecheck\lib\site-packages\django\core\handlers\base.py", line 126, in _get_response
    response = self.process_exception_by_middleware(e, request)
  File "C:\Python372\mecheck\lib\site-packages\django\core\handlers\base.py", line 124, in _get_response
    response = wrapped_callback(request, *callback_args, **callback_kwargs)
  File "C:\Python372\mecheck\lib\site-packages\django\views\decorators\csrf.py", line 54, in wrapped_view
    return view_func(*args, **kwargs)
  File "C:\djangoproject\Reliability_Row_data\PersonalInfo\views.py", line 781, in PersonalInfo_search
    return HttpResponse(json.dumps(data), content_type="application/json")
  File "C:\Python372\lib\json\__init__.py", line 231, in dumps
    return _default_encoder.encode(obj)
  File "C:\Python372\lib\json\encoder.py", line 199, in encode
    chunks = self.iterencode(o, _one_shot=True)
  File "C:\Python372\lib\json\encoder.py", line 257, in iterencode
    return _iterencode(o, 0)
  File "C:\Python372\lib\json\encoder.py", line 179, in default
    raise TypeError(f'Object of type {o.__class__.__name__} '
TypeError: Object of type date is not JSON serializable
[2023-02-03 09:14:09,056] [basehttp.py:154] [basehttp:log_message] [ERROR]- "POST /PersonalInfo/PersonalInfo-search/ HTTP/1.1" 500 139025
[2023-02-03 09:14:16,187] [log.py:228] [log:log_response] [ERROR]- Internal Server Error: /PersonalInfo/PersonalInfo-search/
Traceback (most recent call last):
  File "C:\Python372\mecheck\lib\site-packages\django\core\handlers\exception.py", line 34, in inner
    response = get_response(request)
  File "C:\Python372\mecheck\lib\site-packages\django\core\handlers\base.py", line 126, in _get_response
    response = self.process_exception_by_middleware(e, request)
  File "C:\Python372\mecheck\lib\site-packages\django\core\handlers\base.py", line 124, in _get_response
    response = wrapped_callback(request, *callback_args, **callback_kwargs)
  File "C:\Python372\mecheck\lib\site-packages\django\views\decorators\csrf.py", line 54, in wrapped_view
    return view_func(*args, **kwargs)
  File "C:\djangoproject\Reliability_Row_data\PersonalInfo\views.py", line 781, in PersonalInfo_search
    return HttpResponse(json.dumps(data), content_type="application/json")
  File "C:\Python372\lib\json\__init__.py", line 231, in dumps
    return _default_encoder.encode(obj)
  File "C:\Python372\lib\json\encoder.py", line 199, in encode
    chunks = self.iterencode(o, _one_shot=True)
  File "C:\Python372\lib\json\encoder.py", line 257, in iterencode
    return _iterencode(o, 0)
  File "C:\Python372\lib\json\encoder.py", line 179, in default
    raise TypeError(f'Object of type {o.__class__.__name__} '
TypeError: Object of type date is not JSON serializable
[2023-02-03 09:14:16,197] [basehttp.py:154] [basehttp:log_message] [ERROR]- "POST /PersonalInfo/PersonalInfo-search/ HTTP/1.1" 500 138915
[2023-02-03 09:15:38,840] [log.py:228] [log:log_response] [ERROR]- Internal Server Error: /PersonalInfo/PersonalInfo-search/
Traceback (most recent call last):
  File "C:\Python372\mecheck\lib\site-packages\django\core\handlers\exception.py", line 34, in inner
    response = get_response(request)
  File "C:\Python372\mecheck\lib\site-packages\django\core\handlers\base.py", line 126, in _get_response
    response = self.process_exception_by_middleware(e, request)
  File "C:\Python372\mecheck\lib\site-packages\django\core\handlers\base.py", line 124, in _get_response
    response = wrapped_callback(request, *callback_args, **callback_kwargs)
  File "C:\Python372\mecheck\lib\site-packages\django\views\decorators\csrf.py", line 54, in wrapped_view
    return view_func(*args, **kwargs)
  File "C:\djangoproject\Reliability_Row_data\PersonalInfo\views.py", line 782, in PersonalInfo_search
    return HttpResponse(json.dumps(data), content_type="application/json")
  File "C:\Python372\lib\json\__init__.py", line 231, in dumps
    return _default_encoder.encode(obj)
  File "C:\Python372\lib\json\encoder.py", line 199, in encode
    chunks = self.iterencode(o, _one_shot=True)
  File "C:\Python372\lib\json\encoder.py", line 257, in iterencode
    return _iterencode(o, 0)
  File "C:\Python372\lib\json\encoder.py", line 179, in default
    raise TypeError(f'Object of type {o.__class__.__name__} '
TypeError: Object of type date is not JSON serializable
[2023-02-03 09:15:38,846] [basehttp.py:154] [basehttp:log_message] [ERROR]- "POST /PersonalInfo/PersonalInfo-search/ HTTP/1.1" 500 139025
[2023-02-03 09:25:00,646] [log.py:228] [log:log_response] [ERROR]- Internal Server Error: /PersonalInfo/PersonalInfo-search/
Traceback (most recent call last):
  File "C:\Python372\mecheck\lib\site-packages\django\core\handlers\exception.py", line 34, in inner
    response = get_response(request)
  File "C:\Python372\mecheck\lib\site-packages\django\core\handlers\base.py", line 126, in _get_response
    response = self.process_exception_by_middleware(e, request)
  File "C:\Python372\mecheck\lib\site-packages\django\core\handlers\base.py", line 124, in _get_response
    response = wrapped_callback(request, *callback_args, **callback_kwargs)
  File "C:\Python372\mecheck\lib\site-packages\django\views\decorators\csrf.py", line 54, in wrapped_view
    return view_func(*args, **kwargs)
  File "C:\djangoproject\Reliability_Row_data\PersonalInfo\views.py", line 764, in PersonalInfo_search
    float(str((i["LastPromotionData"] - LastLastPromotionData)).split(' ')[0]) / 365, 1),
TypeError: unsupported operand type(s) for -: 'NoneType' and 'datetime.date'
[2023-02-03 09:25:00,658] [basehttp.py:154] [basehttp:log_message] [ERROR]- "POST /PersonalInfo/PersonalInfo-search/ HTTP/1.1" 500 94416
[2023-02-03 09:28:34,304] [log.py:228] [log:log_response] [ERROR]- Internal Server Error: /PersonalInfo/PersonalInfo-search/
Traceback (most recent call last):
  File "C:\Python372\mecheck\lib\site-packages\django\core\handlers\exception.py", line 34, in inner
    response = get_response(request)
  File "C:\Python372\mecheck\lib\site-packages\django\core\handlers\base.py", line 126, in _get_response
    response = self.process_exception_by_middleware(e, request)
  File "C:\Python372\mecheck\lib\site-packages\django\core\handlers\base.py", line 124, in _get_response
    response = wrapped_callback(request, *callback_args, **callback_kwargs)
  File "C:\Python372\mecheck\lib\site-packages\django\views\decorators\csrf.py", line 54, in wrapped_view
    return view_func(*args, **kwargs)
  File "C:\djangoproject\Reliability_Row_data\PersonalInfo\views.py", line 764, in PersonalInfo_search
    float(str((i["LastPromotionData"] - LastLastPromotionData)).split(' ')[0]) / 365, 1),
TypeError: unsupported operand type(s) for -: 'NoneType' and 'datetime.date'
[2023-02-03 09:28:34,306] [basehttp.py:154] [basehttp:log_message] [ERROR]- "POST /PersonalInfo/PersonalInfo-search/ HTTP/1.1" 500 94418
[2023-02-03 10:57:47,966] [log.py:228] [log:log_response] [ERROR]- Internal Server Error: /PersonalInfo/PersonalInfo-search/
Traceback (most recent call last):
  File "C:\Python372\mecheck\lib\site-packages\django\core\handlers\exception.py", line 34, in inner
    response = get_response(request)
  File "C:\Python372\mecheck\lib\site-packages\django\core\handlers\base.py", line 126, in _get_response
    response = self.process_exception_by_middleware(e, request)
  File "C:\Python372\mecheck\lib\site-packages\django\core\handlers\base.py", line 124, in _get_response
    response = wrapped_callback(request, *callback_args, **callback_kwargs)
  File "C:\Python372\mecheck\lib\site-packages\django\views\decorators\csrf.py", line 54, in wrapped_view
    return view_func(*args, **kwargs)
  File "C:\djangoproject\Reliability_Row_data\PersonalInfo\views.py", line 764, in PersonalInfo_search
    float(str((i["LastPromotionData"] - LastLastPromotionData)).split(' ')[0]) / 365, 1),
TypeError: unsupported operand type(s) for -: 'NoneType' and 'datetime.date'
[2023-02-03 10:57:47,967] [basehttp.py:154] [basehttp:log_message] [ERROR]- "POST /PersonalInfo/PersonalInfo-search/ HTTP/1.1" 500 94416
[2023-02-03 13:25:44,207] [log.py:228] [log:log_response] [ERROR]- Internal Server Error: /PersonalInfo/PersonalInfo-search/
Traceback (most recent call last):
  File "C:\Python372\mecheck\lib\site-packages\django\core\handlers\exception.py", line 34, in inner
    response = get_response(request)
  File "C:\Python372\mecheck\lib\site-packages\django\core\handlers\base.py", line 126, in _get_response
    response = self.process_exception_by_middleware(e, request)
  File "C:\Python372\mecheck\lib\site-packages\django\core\handlers\base.py", line 124, in _get_response
    response = wrapped_callback(request, *callback_args, **callback_kwargs)
  File "C:\Python372\mecheck\lib\site-packages\django\views\decorators\csrf.py", line 54, in wrapped_view
    return view_func(*args, **kwargs)
  File "C:\djangoproject\Reliability_Row_data\PersonalInfo\views.py", line 764, in PersonalInfo_search
    float(str((i["LastPromotionData"] - LastLastPromotionData)).split(' ')[0]) / 365, 1),
TypeError: unsupported operand type(s) for -: 'NoneType' and 'datetime.date'
[2023-02-03 13:25:44,209] [basehttp.py:154] [basehttp:log_message] [ERROR]- "POST /PersonalInfo/PersonalInfo-search/ HTTP/1.1" 500 94416
[2023-02-03 13:43:25,276] [log.py:228] [log:log_response] [ERROR]- Internal Server Error: /PersonalInfo/PersonalInfo-search/
Traceback (most recent call last):
  File "C:\Python372\mecheck\lib\site-packages\django\core\handlers\exception.py", line 34, in inner
    response = get_response(request)
  File "C:\Python372\mecheck\lib\site-packages\django\core\handlers\base.py", line 126, in _get_response
    response = self.process_exception_by_middleware(e, request)
  File "C:\Python372\mecheck\lib\site-packages\django\core\handlers\base.py", line 124, in _get_response
    response = wrapped_callback(request, *callback_args, **callback_kwargs)
  File "C:\Python372\mecheck\lib\site-packages\django\views\decorators\csrf.py", line 54, in wrapped_view
    return view_func(*args, **kwargs)
  File "C:\djangoproject\Reliability_Row_data\PersonalInfo\views.py", line 764, in PersonalInfo_search
    float(str((i["LastPromotionData"] - LastLastPromotionData)).split(' ')[0]) / 365, 1),
TypeError: unsupported operand type(s) for -: 'NoneType' and 'datetime.date'
[2023-02-03 13:43:25,286] [basehttp.py:154] [basehttp:log_message] [ERROR]- "POST /PersonalInfo/PersonalInfo-search/ HTTP/1.1" 500 94416
[2023-02-03 14:03:17,538] [log.py:228] [log:log_response] [ERROR]- Internal Server Error: /PersonalInfo/PersonalInfo-search/
Traceback (most recent call last):
  File "C:\Python372\mecheck\lib\site-packages\django\core\handlers\exception.py", line 34, in inner
    response = get_response(request)
  File "C:\Python372\mecheck\lib\site-packages\django\core\handlers\base.py", line 126, in _get_response
    response = self.process_exception_by_middleware(e, request)
  File "C:\Python372\mecheck\lib\site-packages\django\core\handlers\base.py", line 124, in _get_response
    response = wrapped_callback(request, *callback_args, **callback_kwargs)
  File "C:\Python372\mecheck\lib\site-packages\django\views\decorators\csrf.py", line 54, in wrapped_view
    return view_func(*args, **kwargs)
  File "C:\djangoproject\Reliability_Row_data\PersonalInfo\views.py", line 764, in PersonalInfo_search
    float(str((i["LastPromotionData"] - LastLastPromotionData)).split(' ')[0]) / 365, 1),
TypeError: unsupported operand type(s) for -: 'NoneType' and 'datetime.date'
[2023-02-03 14:03:17,543] [basehttp.py:154] [basehttp:log_message] [ERROR]- "POST /PersonalInfo/PersonalInfo-search/ HTTP/1.1" 500 94416
[2023-02-03 15:42:32,704] [log.py:228] [log:log_response] [ERROR]- Internal Server Error: /PersonalInfo/PersonalInfo-search/
Traceback (most recent call last):
  File "C:\Python372\mecheck\lib\site-packages\django\core\handlers\exception.py", line 34, in inner
    response = get_response(request)
  File "C:\Python372\mecheck\lib\site-packages\django\core\handlers\base.py", line 126, in _get_response
    response = self.process_exception_by_middleware(e, request)
  File "C:\Python372\mecheck\lib\site-packages\django\core\handlers\base.py", line 124, in _get_response
    response = wrapped_callback(request, *callback_args, **callback_kwargs)
  File "C:\Python372\mecheck\lib\site-packages\django\views\decorators\csrf.py", line 54, in wrapped_view
    return view_func(*args, **kwargs)
  File "C:\djangoproject\Reliability_Row_data\PersonalInfo\views.py", line 764, in PersonalInfo_search
    float(str((i["LastPromotionData"] - LastLastPromotionData)).split(' ')[0]) / 365, 1),
TypeError: unsupported operand type(s) for -: 'NoneType' and 'datetime.date'
[2023-02-03 15:42:32,706] [basehttp.py:154] [basehttp:log_message] [ERROR]- "POST /PersonalInfo/PersonalInfo-search/ HTTP/1.1" 500 94406
[2023-02-03 16:49:07,909] [log.py:228] [log:log_response] [ERROR]- Internal Server Error: /PersonalInfo/PersonalInfo-search/
Traceback (most recent call last):
  File "C:\Python372\mecheck\lib\site-packages\django\core\handlers\exception.py", line 34, in inner
    response = get_response(request)
  File "C:\Python372\mecheck\lib\site-packages\django\core\handlers\base.py", line 126, in _get_response
    response = self.process_exception_by_middleware(e, request)
  File "C:\Python372\mecheck\lib\site-packages\django\core\handlers\base.py", line 124, in _get_response
    response = wrapped_callback(request, *callback_args, **callback_kwargs)
  File "C:\Python372\mecheck\lib\site-packages\django\views\decorators\csrf.py", line 54, in wrapped_view
    return view_func(*args, **kwargs)
  File "C:\djangoproject\Reliability_Row_data\PersonalInfo\views.py", line 764, in PersonalInfo_search
    float(str((i["LastPromotionData"] - LastLastPromotionData)).split(' ')[0]) / 365, 1),
TypeError: unsupported operand type(s) for -: 'NoneType' and 'datetime.date'
[2023-02-03 16:49:07,911] [basehttp.py:154] [basehttp:log_message] [ERROR]- "POST /PersonalInfo/PersonalInfo-search/ HTTP/1.1" 500 94406
[2023-02-03 16:59:43,672] [log.py:228] [log:log_response] [ERROR]- Internal Server Error: /PersonalInfo/PersonalInfo-search/
Traceback (most recent call last):
  File "C:\Python372\mecheck\lib\site-packages\django\core\handlers\exception.py", line 34, in inner
    response = get_response(request)
  File "C:\Python372\mecheck\lib\site-packages\django\core\handlers\base.py", line 126, in _get_response
    response = self.process_exception_by_middleware(e, request)
  File "C:\Python372\mecheck\lib\site-packages\django\core\handlers\base.py", line 124, in _get_response
    response = wrapped_callback(request, *callback_args, **callback_kwargs)
  File "C:\Python372\mecheck\lib\site-packages\django\views\decorators\csrf.py", line 54, in wrapped_view
    return view_func(*args, **kwargs)
  File "C:\djangoproject\Reliability_Row_data\PersonalInfo\views.py", line 764, in PersonalInfo_search
    float(str((i["LastPromotionData"] - LastLastPromotionData)).split(' ')[0]) / 365, 1),
TypeError: unsupported operand type(s) for -: 'NoneType' and 'datetime.date'
[2023-02-03 16:59:43,675] [basehttp.py:154] [basehttp:log_message] [ERROR]- "POST /PersonalInfo/PersonalInfo-search/ HTTP/1.1" 500 94406
[2023-02-06 12:56:06,677] [log.py:228] [log:log_response] [ERROR]- Internal Server Error: /PersonalInfo/PersonalInfo-search/
Traceback (most recent call last):
  File "C:\Python372\mecheck\lib\site-packages\django\core\handlers\exception.py", line 34, in inner
    response = get_response(request)
  File "C:\Python372\mecheck\lib\site-packages\django\core\handlers\base.py", line 126, in _get_response
    response = self.process_exception_by_middleware(e, request)
  File "C:\Python372\mecheck\lib\site-packages\django\core\handlers\base.py", line 124, in _get_response
    response = wrapped_callback(request, *callback_args, **callback_kwargs)
  File "C:\Python372\mecheck\lib\site-packages\django\views\decorators\csrf.py", line 54, in wrapped_view
    return view_func(*args, **kwargs)
  File "C:\djangoproject\Reliability_Row_data\PersonalInfo\views.py", line 764, in PersonalInfo_search
    float(str((i["LastPromotionData"] - LastLastPromotionData)).split(' ')[0]) / 365, 1),
TypeError: unsupported operand type(s) for -: 'NoneType' and 'datetime.date'
[2023-02-06 12:56:06,688] [basehttp.py:154] [basehttp:log_message] [ERROR]- "POST /PersonalInfo/PersonalInfo-search/ HTTP/1.1" 500 94418
[2023-02-06 12:59:41,512] [log.py:228] [log:log_response] [ERROR]- Internal Server Error: /PersonalInfo/PersonalInfo-search/
Traceback (most recent call last):
  File "C:\Python372\mecheck\lib\site-packages\django\core\handlers\exception.py", line 34, in inner
    response = get_response(request)
  File "C:\Python372\mecheck\lib\site-packages\django\core\handlers\base.py", line 126, in _get_response
    response = self.process_exception_by_middleware(e, request)
  File "C:\Python372\mecheck\lib\site-packages\django\core\handlers\base.py", line 124, in _get_response
    response = wrapped_callback(request, *callback_args, **callback_kwargs)
  File "C:\Python372\mecheck\lib\site-packages\django\views\decorators\csrf.py", line 54, in wrapped_view
    return view_func(*args, **kwargs)
  File "C:\djangoproject\Reliability_Row_data\PersonalInfo\views.py", line 764, in PersonalInfo_search
    float(str((i["LastPromotionData"] - LastLastPromotionData)).split(' ')[0]) / 365, 1),
TypeError: unsupported operand type(s) for -: 'NoneType' and 'datetime.date'
[2023-02-06 12:59:41,518] [basehttp.py:154] [basehttp:log_message] [ERROR]- "POST /PersonalInfo/PersonalInfo-search/ HTTP/1.1" 500 94416
[2023-02-06 13:27:06,683] [log.py:228] [log:log_response] [ERROR]- Internal Server Error: /PersonalInfo/PersonalInfo-search/
Traceback (most recent call last):
  File "C:\Python372\mecheck\lib\site-packages\django\core\handlers\exception.py", line 34, in inner
    response = get_response(request)
  File "C:\Python372\mecheck\lib\site-packages\django\core\handlers\base.py", line 126, in _get_response
    response = self.process_exception_by_middleware(e, request)
  File "C:\Python372\mecheck\lib\site-packages\django\core\handlers\base.py", line 124, in _get_response
    response = wrapped_callback(request, *callback_args, **callback_kwargs)
  File "C:\Python372\mecheck\lib\site-packages\django\views\decorators\csrf.py", line 54, in wrapped_view
    return view_func(*args, **kwargs)
  File "C:\djangoproject\Reliability_Row_data\PersonalInfo\views.py", line 764, in PersonalInfo_search
    float(str((i["LastPromotionData"] - LastLastPromotionData)).split(' ')[0]) / 365, 1),
TypeError: unsupported operand type(s) for -: 'NoneType' and 'datetime.date'
[2023-02-06 13:27:06,687] [basehttp.py:154] [basehttp:log_message] [ERROR]- "POST /PersonalInfo/PersonalInfo-search/ HTTP/1.1" 500 94416
[2023-02-06 13:28:57,446] [log.py:228] [log:log_response] [ERROR]- Internal Server Error: /PersonalInfo/PersonalInfo-search/
Traceback (most recent call last):
  File "C:\Python372\mecheck\lib\site-packages\django\core\handlers\exception.py", line 34, in inner
    response = get_response(request)
  File "C:\Python372\mecheck\lib\site-packages\django\core\handlers\base.py", line 126, in _get_response
    response = self.process_exception_by_middleware(e, request)
  File "C:\Python372\mecheck\lib\site-packages\django\core\handlers\base.py", line 124, in _get_response
    response = wrapped_callback(request, *callback_args, **callback_kwargs)
  File "C:\Python372\mecheck\lib\site-packages\django\views\decorators\csrf.py", line 54, in wrapped_view
    return view_func(*args, **kwargs)
  File "C:\djangoproject\Reliability_Row_data\PersonalInfo\views.py", line 764, in PersonalInfo_search
    float(str((i["LastPromotionData"] - LastLastPromotionData)).split(' ')[0]) / 365, 1),
TypeError: unsupported operand type(s) for -: 'NoneType' and 'datetime.date'
[2023-02-06 13:28:57,450] [basehttp.py:154] [basehttp:log_message] [ERROR]- "POST /PersonalInfo/PersonalInfo-search/ HTTP/1.1" 500 94416
