[2021-03-03 09:40:33,480] [log.py:228] [log:log_response] [ERROR]- Internal Server Error: /PersonalInfo/Summary2/
Traceback (most recent call last):
  File "C:\Python372\mecheck\lib\site-packages\django\core\handlers\exception.py", line 34, in inner
    response = get_response(request)
  File "C:\Python372\mecheck\lib\site-packages\django\core\handlers\base.py", line 126, in _get_response
    response = self.process_exception_by_middleware(e, request)
  File "C:\Python372\mecheck\lib\site-packages\django\core\handlers\base.py", line 124, in _get_response
    response = wrapped_callback(request, *callback_args, **callback_kwargs)
  File "C:\Python372\mecheck\lib\site-packages\django\views\decorators\csrf.py", line 54, in wrapped_view
    return view_func(*args, **kwargs)
  File "C:\djangoproject\Reliability_Row_data\PersonalInfo\views.py", line 4187, in Summary2
    Positionlist = sorted(Positionlist, key=lambda x: (x['PositionNow'].split('_')[0], -x['PositionNow'].split('_')[1]))
  File "C:\djangoproject\Reliability_Row_data\PersonalInfo\views.py", line 4187, in <lambda>
    Positionlist = sorted(Positionlist, key=lambda x: (x['PositionNow'].split('_')[0], -x['PositionNow'].split('_')[1]))
TypeError: bad operand type for unary -: 'str'
[2021-03-03 09:40:33,487] [basehttp.py:154] [basehttp:log_message] [ERROR]- "POST /PersonalInfo/Summary2/ HTTP/1.1" 500 97190
[2021-03-03 09:50:03,110] [log.py:228] [log:log_response] [ERROR]- Internal Server Error: /PersonalInfo/Summary2/
Traceback (most recent call last):
  File "C:\Python372\mecheck\lib\site-packages\django\core\handlers\exception.py", line 34, in inner
    response = get_response(request)
  File "C:\Python372\mecheck\lib\site-packages\django\core\handlers\base.py", line 126, in _get_response
    response = self.process_exception_by_middleware(e, request)
  File "C:\Python372\mecheck\lib\site-packages\django\core\handlers\base.py", line 124, in _get_response
    response = wrapped_callback(request, *callback_args, **callback_kwargs)
  File "C:\Python372\mecheck\lib\site-packages\django\views\decorators\csrf.py", line 54, in wrapped_view
    return view_func(*args, **kwargs)
  File "C:\djangoproject\Reliability_Row_data\PersonalInfo\views.py", line 4187, in Summary2
    Positionlist = sorted(Positionlist, key=lambda x: (x['PositionNow'].split('_')[0], x['PositionNow'].split('_')[1]))
  File "C:\djangoproject\Reliability_Row_data\PersonalInfo\views.py", line 4187, in <lambda>
    Positionlist = sorted(Positionlist, key=lambda x: (x['PositionNow'].split('_')[0], x['PositionNow'].split('_')[1]))
IndexError: list index out of range
[2021-03-03 09:50:03,119] [basehttp.py:154] [basehttp:log_message] [ERROR]- "POST /PersonalInfo/Summary2/ HTTP/1.1" 500 97105
[2021-03-03 10:38:35,175] [log.py:228] [log:log_response] [ERROR]- Internal Server Error: /PersonalInfo/Summary2/
Traceback (most recent call last):
  File "C:\Python372\mecheck\lib\site-packages\django\db\models\sql\query.py", line 1735, in add_fields
    join_info = self.setup_joins(name.split(LOOKUP_SEP), opts, alias, allow_many=allow_m2m)
  File "C:\Python372\mecheck\lib\site-packages\django\db\models\sql\query.py", line 1473, in setup_joins
    names[:pivot], opts, allow_many, fail_on_missing=True,
  File "C:\Python372\mecheck\lib\site-packages\django\db\models\sql\query.py", line 1389, in names_to_path
    "Choices are: %s" % (name, ", ".join(available)))
django.core.exceptions.FieldError: Cannot resolve keyword 'Grade' into field. Choices are: Aalary, CNName, Customer, Department, DepartmentCode, ENLevel, Education, EngName, Experience, GraduationYear, GroupNum, IdCard, LastAchievements, LastPromotionData, Major, MajorAscription, MobileNum, NativeCity, NativeCounty, NativeProvince, NewCompany, PlanQuitDate, Portrait, PositionNow, PositionTimes, QuitDate, QuitDetail, QuitReason, RegistPosition, RegistrationDate, ResidenceCity, ResidenceCounty, ResidenceProvince, SAPNum, School, Sex, Status, Whereabouts, id, personalinfohisbyper

During handling of the above exception, another exception occurred:

Traceback (most recent call last):
  File "C:\Python372\mecheck\lib\site-packages\django\core\handlers\exception.py", line 34, in inner
    response = get_response(request)
  File "C:\Python372\mecheck\lib\site-packages\django\core\handlers\base.py", line 126, in _get_response
    response = self.process_exception_by_middleware(e, request)
  File "C:\Python372\mecheck\lib\site-packages\django\core\handlers\base.py", line 124, in _get_response
    response = wrapped_callback(request, *callback_args, **callback_kwargs)
  File "C:\Python372\mecheck\lib\site-packages\django\views\decorators\csrf.py", line 54, in wrapped_view
    return view_func(*args, **kwargs)
  File "C:\djangoproject\Reliability_Row_data\PersonalInfo\views.py", line 4181, in Summary2
    for i in PersonalInfo.objects.filter(Status="在職").values("Grade","PositionNow").distinct().order_by(
  File "C:\Python372\mecheck\lib\site-packages\django\db\models\query.py", line 750, in values
    clone = self._values(*fields, **expressions)
  File "C:\Python372\mecheck\lib\site-packages\django\db\models\query.py", line 745, in _values
    clone.query.set_values(fields)
  File "C:\Python372\mecheck\lib\site-packages\django\db\models\sql\query.py", line 1987, in set_values
    self.add_fields(field_names, True)
  File "C:\Python372\mecheck\lib\site-packages\django\db\models\sql\query.py", line 1758, in add_fields
    "Choices are: %s" % (name, ", ".join(names)))
django.core.exceptions.FieldError: Cannot resolve keyword 'Grade' into field. Choices are: Aalary, CNName, Customer, Department, DepartmentCode, ENLevel, Education, EngName, Experience, GraduationYear, GroupNum, IdCard, LastAchievements, LastPromotionData, Major, MajorAscription, MobileNum, NativeCity, NativeCounty, NativeProvince, NewCompany, PlanQuitDate, Portrait, PositionNow, PositionTimes, QuitDate, QuitDetail, QuitReason, RegistPosition, RegistrationDate, ResidenceCity, ResidenceCounty, ResidenceProvince, SAPNum, School, Sex, Status, Whereabouts, id, personalinfohisbyper
[2021-03-03 10:38:35,184] [basehttp.py:154] [basehttp:log_message] [ERROR]- "POST /PersonalInfo/Summary2/ HTTP/1.1" 500 136952
[2021-03-03 11:08:14,420] [log.py:228] [log:log_response] [ERROR]- Internal Server Error: /PersonalInfo/Summary2/
Traceback (most recent call last):
  File "C:\Python372\mecheck\lib\site-packages\django\core\handlers\exception.py", line 34, in inner
    response = get_response(request)
  File "C:\Python372\mecheck\lib\site-packages\django\core\handlers\base.py", line 126, in _get_response
    response = self.process_exception_by_middleware(e, request)
  File "C:\Python372\mecheck\lib\site-packages\django\core\handlers\base.py", line 124, in _get_response
    response = wrapped_callback(request, *callback_args, **callback_kwargs)
  File "C:\Python372\mecheck\lib\site-packages\django\views\decorators\csrf.py", line 54, in wrapped_view
    return view_func(*args, **kwargs)
  File "C:\djangoproject\Reliability_Row_data\PersonalInfo\views.py", line 4182, in Summary2
    "PositionNow").annotate(entry_Grade=lambda x: Positions.objects.filter(Item=x['PositionNow']).first().Grade)
  File "C:\Python372\mecheck\lib\site-packages\django\db\models\query.py", line 979, in annotate
    self._validate_values_are_expressions(args + tuple(kwargs.values()), method_name='annotate')
  File "C:\Python372\mecheck\lib\site-packages\django\db\models\query.py", line 1254, in _validate_values_are_expressions
    ', '.join(invalid_args),
TypeError: QuerySet.annotate() received non-expression(s): <function Summary2.<locals>.<lambda> at 0x000001BF86D090D0>.
[2021-03-03 11:08:14,435] [basehttp.py:154] [basehttp:log_message] [ERROR]- "POST /PersonalInfo/Summary2/ HTTP/1.1" 500 101014
[2021-03-03 11:19:08,983] [log.py:228] [log:log_response] [ERROR]- Internal Server Error: /PersonalInfo/Summary2/
Traceback (most recent call last):
  File "C:\Python372\mecheck\lib\site-packages\django\core\handlers\exception.py", line 34, in inner
    response = get_response(request)
  File "C:\Python372\mecheck\lib\site-packages\django\core\handlers\base.py", line 126, in _get_response
    response = self.process_exception_by_middleware(e, request)
  File "C:\Python372\mecheck\lib\site-packages\django\core\handlers\base.py", line 124, in _get_response
    response = wrapped_callback(request, *callback_args, **callback_kwargs)
  File "C:\Python372\mecheck\lib\site-packages\django\views\decorators\csrf.py", line 54, in wrapped_view
    return view_func(*args, **kwargs)
  File "C:\djangoproject\Reliability_Row_data\PersonalInfo\views.py", line 4182, in Summary2
    "PositionNow").annotate(entry_Grade=Value('', CharField()))
NameError: name 'Value' is not defined
[2021-03-03 11:19:08,990] [basehttp.py:154] [basehttp:log_message] [ERROR]- "POST /PersonalInfo/Summary2/ HTTP/1.1" 500 91791
[2021-03-03 11:21:14,724] [log.py:228] [log:log_response] [ERROR]- Internal Server Error: /PersonalInfo/Summary2/
Traceback (most recent call last):
  File "C:\Python372\mecheck\lib\site-packages\django\core\handlers\exception.py", line 34, in inner
    response = get_response(request)
  File "C:\Python372\mecheck\lib\site-packages\django\core\handlers\base.py", line 126, in _get_response
    response = self.process_exception_by_middleware(e, request)
  File "C:\Python372\mecheck\lib\site-packages\django\core\handlers\base.py", line 124, in _get_response
    response = wrapped_callback(request, *callback_args, **callback_kwargs)
  File "C:\Python372\mecheck\lib\site-packages\django\views\decorators\csrf.py", line 54, in wrapped_view
    return view_func(*args, **kwargs)
  File "C:\djangoproject\Reliability_Row_data\PersonalInfo\views.py", line 4181, in Summary2
    "PositionNow").annotate(entry_Grade=Value('', CharField()))
NameError: name 'CharField' is not defined
[2021-03-03 11:21:14,734] [basehttp.py:154] [basehttp:log_message] [ERROR]- "POST /PersonalInfo/Summary2/ HTTP/1.1" 500 91807
[2021-03-03 11:35:38,089] [log.py:228] [log:log_response] [ERROR]- Internal Server Error: /PersonalInfo/Summary2/
Traceback (most recent call last):
  File "C:\Python372\mecheck\lib\site-packages\django\core\handlers\exception.py", line 34, in inner
    response = get_response(request)
  File "C:\Python372\mecheck\lib\site-packages\django\core\handlers\base.py", line 126, in _get_response
    response = self.process_exception_by_middleware(e, request)
  File "C:\Python372\mecheck\lib\site-packages\django\core\handlers\base.py", line 124, in _get_response
    response = wrapped_callback(request, *callback_args, **callback_kwargs)
  File "C:\Python372\mecheck\lib\site-packages\django\views\decorators\csrf.py", line 54, in wrapped_view
    return view_func(*args, **kwargs)
  File "C:\djangoproject\Reliability_Row_data\PersonalInfo\views.py", line 4183, in Summary2
    i.entry_Grade = Positions.objects.filter(Item=i["PositionNow"]).first().Grade
AttributeError: 'dict' object has no attribute 'entry_Grade'
[2021-03-03 11:35:38,096] [basehttp.py:154] [basehttp:log_message] [ERROR]- "POST /PersonalInfo/Summary2/ HTTP/1.1" 500 92924
[2021-03-03 11:36:42,271] [log.py:228] [log:log_response] [ERROR]- Internal Server Error: /PersonalInfo/Summary2/
Traceback (most recent call last):
  File "C:\Python372\mecheck\lib\site-packages\django\core\handlers\exception.py", line 34, in inner
    response = get_response(request)
  File "C:\Python372\mecheck\lib\site-packages\django\core\handlers\base.py", line 126, in _get_response
    response = self.process_exception_by_middleware(e, request)
  File "C:\Python372\mecheck\lib\site-packages\django\core\handlers\base.py", line 124, in _get_response
    response = wrapped_callback(request, *callback_args, **callback_kwargs)
  File "C:\Python372\mecheck\lib\site-packages\django\views\decorators\csrf.py", line 54, in wrapped_view
    return view_func(*args, **kwargs)
  File "C:\djangoproject\Reliability_Row_data\PersonalInfo\views.py", line 4182, in Summary2
    i.entry_Grade = Positions.objects.filter(Item=i["PositionNow"]).first().Grade
AttributeError: 'dict' object has no attribute 'entry_Grade'
[2021-03-03 11:36:42,278] [basehttp.py:154] [basehttp:log_message] [ERROR]- "POST /PersonalInfo/Summary2/ HTTP/1.1" 500 92471
[2021-03-03 11:56:16,554] [log.py:228] [log:log_response] [ERROR]- Internal Server Error: /PersonalInfo/Summary2/
Traceback (most recent call last):
  File "C:\Python372\mecheck\lib\site-packages\django\core\handlers\exception.py", line 34, in inner
    response = get_response(request)
  File "C:\Python372\mecheck\lib\site-packages\django\core\handlers\base.py", line 126, in _get_response
    response = self.process_exception_by_middleware(e, request)
  File "C:\Python372\mecheck\lib\site-packages\django\core\handlers\base.py", line 124, in _get_response
    response = wrapped_callback(request, *callback_args, **callback_kwargs)
  File "C:\Python372\mecheck\lib\site-packages\django\views\decorators\csrf.py", line 54, in wrapped_view
    return view_func(*args, **kwargs)
  File "C:\djangoproject\Reliability_Row_data\PersonalInfo\views.py", line 4188, in Summary2
    print(Positionlist_n._result_cache.sort(key=attrgetter("entry_Grade", "-PositionNow")))
AttributeError: 'dict' object has no attribute 'entry_Grade'
[2021-03-03 11:56:16,561] [basehttp.py:154] [basehttp:log_message] [ERROR]- "POST /PersonalInfo/Summary2/ HTTP/1.1" 500 93895
[2021-03-03 11:59:06,158] [log.py:228] [log:log_response] [ERROR]- Internal Server Error: /PersonalInfo/Summary2/
Traceback (most recent call last):
  File "C:\Python372\mecheck\lib\site-packages\django\core\handlers\exception.py", line 34, in inner
    response = get_response(request)
  File "C:\Python372\mecheck\lib\site-packages\django\core\handlers\base.py", line 126, in _get_response
    response = self.process_exception_by_middleware(e, request)
  File "C:\Python372\mecheck\lib\site-packages\django\core\handlers\base.py", line 124, in _get_response
    response = wrapped_callback(request, *callback_args, **callback_kwargs)
  File "C:\Python372\mecheck\lib\site-packages\django\views\decorators\csrf.py", line 54, in wrapped_view
    return view_func(*args, **kwargs)
  File "C:\djangoproject\Reliability_Row_data\PersonalInfo\views.py", line 4185, in Summary2
    print(list(Positionlist_n))
NameError: name 'Positionlist_n' is not defined
[2021-03-03 11:59:06,178] [basehttp.py:154] [basehttp:log_message] [ERROR]- "POST /PersonalInfo/Summary2/ HTTP/1.1" 500 92713
[2021-03-03 12:03:42,807] [log.py:228] [log:log_response] [ERROR]- Internal Server Error: /PersonalInfo/Summary2/
Traceback (most recent call last):
  File "C:\Python372\mecheck\lib\site-packages\django\core\handlers\exception.py", line 34, in inner
    response = get_response(request)
  File "C:\Python372\mecheck\lib\site-packages\django\core\handlers\base.py", line 126, in _get_response
    response = self.process_exception_by_middleware(e, request)
  File "C:\Python372\mecheck\lib\site-packages\django\core\handlers\base.py", line 124, in _get_response
    response = wrapped_callback(request, *callback_args, **callback_kwargs)
  File "C:\Python372\mecheck\lib\site-packages\django\views\decorators\csrf.py", line 54, in wrapped_view
    return view_func(*args, **kwargs)
  File "C:\djangoproject\Reliability_Row_data\PersonalInfo\views.py", line 4188, in Summary2
    Positionlist = sorted(Positionlist, key=attrgetter('entry_Grade', '-PositionNow'))
AttributeError: 'dict' object has no attribute 'entry_Grade'
[2021-03-03 12:03:43,119] [basehttp.py:154] [basehttp:log_message] [ERROR]- "POST /PersonalInfo/Summary2/ HTTP/1.1" 500 93894
[2021-03-03 12:09:49,311] [log.py:228] [log:log_response] [ERROR]- Internal Server Error: /PersonalInfo/Summary2/
Traceback (most recent call last):
  File "C:\Python372\mecheck\lib\site-packages\django\core\handlers\exception.py", line 34, in inner
    response = get_response(request)
  File "C:\Python372\mecheck\lib\site-packages\django\core\handlers\base.py", line 126, in _get_response
    response = self.process_exception_by_middleware(e, request)
  File "C:\Python372\mecheck\lib\site-packages\django\core\handlers\base.py", line 124, in _get_response
    response = wrapped_callback(request, *callback_args, **callback_kwargs)
  File "C:\Python372\mecheck\lib\site-packages\django\views\decorators\csrf.py", line 54, in wrapped_view
    return view_func(*args, **kwargs)
  File "C:\djangoproject\Reliability_Row_data\PersonalInfo\views.py", line 4188, in Summary2
    Positionlist = sorted(Positionlist, key=lambda x: (x["entry_Grade"], -x["PositionNow"]))
  File "C:\djangoproject\Reliability_Row_data\PersonalInfo\views.py", line 4188, in <lambda>
    Positionlist = sorted(Positionlist, key=lambda x: (x["entry_Grade"], -x["PositionNow"]))
TypeError: bad operand type for unary -: 'str'
[2021-03-03 12:09:49,320] [basehttp.py:154] [basehttp:log_message] [ERROR]- "POST /PersonalInfo/Summary2/ HTTP/1.1" 500 98133
[2021-03-03 13:44:44,223] [log.py:228] [log:log_response] [ERROR]- Internal Server Error: /PersonalInfo/Summary2/
Traceback (most recent call last):
  File "C:\Python372\mecheck\lib\site-packages\django\core\handlers\exception.py", line 34, in inner
    response = get_response(request)
  File "C:\Python372\mecheck\lib\site-packages\django\core\handlers\base.py", line 126, in _get_response
    response = self.process_exception_by_middleware(e, request)
  File "C:\Python372\mecheck\lib\site-packages\django\core\handlers\base.py", line 124, in _get_response
    response = wrapped_callback(request, *callback_args, **callback_kwargs)
  File "C:\Python372\mecheck\lib\site-packages\django\views\decorators\csrf.py", line 54, in wrapped_view
    return view_func(*args, **kwargs)
  File "C:\djangoproject\Reliability_Row_data\PersonalInfo\views.py", line 4197, in Summary2
    for i in Positionlist.order_by("entry_Grade", "-PositionNow"):
AttributeError: 'list' object has no attribute 'order_by'
[2021-03-03 13:44:44,230] [basehttp.py:154] [basehttp:log_message] [ERROR]- "POST /PersonalInfo/Summary2/ HTTP/1.1" 500 93722
[2021-03-03 14:11:08,228] [log.py:228] [log:log_response] [ERROR]- Internal Server Error: /PersonalInfo/Infos-upload/
Traceback (most recent call last):
  File "C:\Python372\mecheck\lib\site-packages\django\core\handlers\exception.py", line 34, in inner
    response = get_response(request)
  File "C:\Python372\mecheck\lib\site-packages\django\core\handlers\base.py", line 126, in _get_response
    response = self.process_exception_by_middleware(e, request)
  File "C:\Python372\mecheck\lib\site-packages\django\core\handlers\base.py", line 124, in _get_response
    response = wrapped_callback(request, *callback_args, **callback_kwargs)
  File "C:\Python372\mecheck\lib\site-packages\django\views\decorators\csrf.py", line 54, in wrapped_view
    return view_func(*args, **kwargs)
  File "C:\djangoproject\Reliability_Row_data\PersonalInfo\views.py", line 151, in Infos_upload
    modeldata[headermodel_Positions[key]] = value
KeyError: '狀態'
[2021-03-03 14:11:08,237] [basehttp.py:154] [basehttp:log_message] [ERROR]- "POST /PersonalInfo/Infos-upload/ HTTP/1.1" 500 389132
[2021-03-03 15:38:45,064] [log.py:228] [log:log_response] [ERROR]- Internal Server Error: /PersonalInfo/Summary2/
Traceback (most recent call last):
  File "C:\Python372\mecheck\lib\site-packages\django\core\handlers\exception.py", line 34, in inner
    response = get_response(request)
  File "C:\Python372\mecheck\lib\site-packages\django\core\handlers\base.py", line 126, in _get_response
    response = self.process_exception_by_middleware(e, request)
  File "C:\Python372\mecheck\lib\site-packages\django\core\handlers\base.py", line 124, in _get_response
    response = wrapped_callback(request, *callback_args, **callback_kwargs)
  File "C:\Python372\mecheck\lib\site-packages\django\views\decorators\csrf.py", line 54, in wrapped_view
    return view_func(*args, **kwargs)
  File "C:\djangoproject\Reliability_Row_data\PersonalInfo\views.py", line 5077, in Summary2
    if MajorIfo.objects.filter(Education__contains=i["Education"],
TypeError: string indices must be integers
[2021-03-03 15:38:45,080] [basehttp.py:154] [basehttp:log_message] [ERROR]- "POST /PersonalInfo/Summary2/ HTTP/1.1" 500 93260
[2021-03-03 15:38:45,185] [log.py:228] [log:log_response] [ERROR]- Internal Server Error: /PersonalInfo/Summary2/
Traceback (most recent call last):
  File "C:\Python372\mecheck\lib\site-packages\django\core\handlers\exception.py", line 34, in inner
    response = get_response(request)
  File "C:\Python372\mecheck\lib\site-packages\django\core\handlers\base.py", line 126, in _get_response
    response = self.process_exception_by_middleware(e, request)
  File "C:\Python372\mecheck\lib\site-packages\django\core\handlers\base.py", line 124, in _get_response
    response = wrapped_callback(request, *callback_args, **callback_kwargs)
  File "C:\Python372\mecheck\lib\site-packages\django\views\decorators\csrf.py", line 54, in wrapped_view
    return view_func(*args, **kwargs)
  File "C:\djangoproject\Reliability_Row_data\PersonalInfo\views.py", line 5077, in Summary2
    if MajorIfo.objects.filter(Education__contains=i["Education"],
TypeError: string indices must be integers
[2021-03-03 15:38:45,187] [basehttp.py:154] [basehttp:log_message] [ERROR]- "POST /PersonalInfo/Summary2/ HTTP/1.1" 500 93260
[2021-03-03 15:41:37,615] [log.py:228] [log:log_response] [ERROR]- Internal Server Error: /PersonalInfo/Summary3/
Traceback (most recent call last):
  File "C:\Python372\mecheck\lib\site-packages\django\core\handlers\exception.py", line 34, in inner
    response = get_response(request)
  File "C:\Python372\mecheck\lib\site-packages\django\core\handlers\base.py", line 126, in _get_response
    response = self.process_exception_by_middleware(e, request)
  File "C:\Python372\mecheck\lib\site-packages\django\core\handlers\base.py", line 124, in _get_response
    response = wrapped_callback(request, *callback_args, **callback_kwargs)
  File "C:\Python372\mecheck\lib\site-packages\django\views\decorators\csrf.py", line 54, in wrapped_view
    return view_func(*args, **kwargs)
  File "C:\djangoproject\Reliability_Row_data\PersonalInfo\views.py", line 6683, in Summary3
    LIZHIBI_seniorityDiagramData1.append(i["seniorityDeparture"])
KeyError: 'seniorityDeparture'
[2021-03-03 15:41:37,623] [basehttp.py:154] [basehttp:log_message] [ERROR]- "POST /PersonalInfo/Summary3/ HTTP/1.1" 500 90933
[2021-03-03 15:43:47,561] [log.py:228] [log:log_response] [ERROR]- Internal Server Error: /PersonalInfo/Summary3/
Traceback (most recent call last):
  File "C:\Python372\mecheck\lib\site-packages\django\core\handlers\exception.py", line 34, in inner
    response = get_response(request)
  File "C:\Python372\mecheck\lib\site-packages\django\core\handlers\base.py", line 126, in _get_response
    response = self.process_exception_by_middleware(e, request)
  File "C:\Python372\mecheck\lib\site-packages\django\core\handlers\base.py", line 124, in _get_response
    response = wrapped_callback(request, *callback_args, **callback_kwargs)
  File "C:\Python372\mecheck\lib\site-packages\django\views\decorators\csrf.py", line 54, in wrapped_view
    return view_func(*args, **kwargs)
  File "C:\djangoproject\Reliability_Row_data\PersonalInfo\views.py", line 6823, in Summary3
    if MajorIfo.objects.filter(Education__contains=i["Education"],
KeyError: 'Education'
[2021-03-03 15:43:47,569] [basehttp.py:154] [basehttp:log_message] [ERROR]- "POST /PersonalInfo/Summary3/ HTTP/1.1" 500 93344
[2021-03-03 15:44:13,673] [log.py:228] [log:log_response] [ERROR]- Internal Server Error: /PersonalInfo/Summary3/
Traceback (most recent call last):
  File "C:\Python372\mecheck\lib\site-packages\django\core\handlers\exception.py", line 34, in inner
    response = get_response(request)
  File "C:\Python372\mecheck\lib\site-packages\django\core\handlers\base.py", line 126, in _get_response
    response = self.process_exception_by_middleware(e, request)
  File "C:\Python372\mecheck\lib\site-packages\django\core\handlers\base.py", line 124, in _get_response
    response = wrapped_callback(request, *callback_args, **callback_kwargs)
  File "C:\Python372\mecheck\lib\site-packages\django\views\decorators\csrf.py", line 54, in wrapped_view
    return view_func(*args, **kwargs)
  File "C:\djangoproject\Reliability_Row_data\PersonalInfo\views.py", line 6823, in Summary3
    if MajorIfo.objects.filter(Education__contains=i["Education"],
KeyError: 'Education'
[2021-03-03 15:44:13,681] [basehttp.py:154] [basehttp:log_message] [ERROR]- "POST /PersonalInfo/Summary3/ HTTP/1.1" 500 93344
