[2024-01-26 15:30:18,963] [log.py:228] [log:log_response] [ERROR]- Internal Server Error: /PersonalExperience/NPI-upload/
Traceback (most recent call last):
  File "C:\Python372\mecheck\lib\site-packages\django\core\handlers\exception.py", line 34, in inner
    response = get_response(request)
  File "C:\Python372\mecheck\lib\site-packages\django\core\handlers\base.py", line 126, in _get_response
    response = self.process_exception_by_middleware(e, request)
  File "C:\Python372\mecheck\lib\site-packages\django\core\handlers\base.py", line 124, in _get_response
    response = wrapped_callback(request, *callback_args, **callback_kwargs)
  File "C:\Python372\mecheck\lib\site-packages\django\views\decorators\csrf.py", line 54, in wrapped_view
    return view_func(*args, **kwargs)
  File "C:\djangoproject\Reliability_Row_data\PersonalExperience\views.py", line 43, in NPI_upload
    consumers.send_group_msg('Reliability_Row_data', {'content': '正在安装系统', 'level': 2})
  File "C:\djangoproject\Reliability_Row_data\app01\consumers.py", line 130, in send_group_msg
    "message": message,
  File "C:\Python372\mecheck\lib\site-packages\asgiref\sync.py", line 223, in __call__
    return call_result.result()
  File "C:\Python372\lib\concurrent\futures\_base.py", line 425, in result
    return self.__get_result()
  File "C:\Python372\lib\concurrent\futures\_base.py", line 384, in __get_result
    raise self._exception
  File "C:\Python372\mecheck\lib\site-packages\asgiref\sync.py", line 292, in main_wrap
    result = await self.awaitable(*args, **kwargs)
  File "C:\Python372\mecheck\lib\site-packages\channels_redis\core.py", line 614, in group_send
    async with self.connection(self.consistent_hash(group)) as connection:
  File "C:\Python372\mecheck\lib\site-packages\channels_redis\core.py", line 835, in __aenter__
    self.conn = await self.pool.pop()
  File "C:\Python372\mecheck\lib\site-packages\channels_redis\core.py", line 73, in pop
    conns.append(await aioredis.create_redis(**self.host, loop=loop))
  File "C:\Python372\mecheck\lib\site-packages\aioredis\commands\__init__.py", line 175, in create_redis
    loop=loop)
  File "C:\Python372\mecheck\lib\site-packages\aioredis\connection.py", line 133, in create_connection
    await conn.auth(password)
  File "C:\Python372\mecheck\lib\site-packages\aioredis\util.py", line 52, in wait_ok
    res = await fut
aioredis.errors.AuthError: ERR invalid password
[2024-01-26 15:30:18,966] [runserver.py:154] [runserver:log_action] [ERROR]- HTTP POST /PersonalExperience/NPI-upload/ 500 [0.13, 127.0.0.1:61346]
