[2020-08-18 11:25:50,545] [log.py:228] [log:log_response] [ERROR]- Internal Server Error: /LessonProjectME/Lesson_ProjectResult/
Traceback (most recent call last):
  File "C:\Python372\mecheck\lib\site-packages\django\core\handlers\exception.py", line 34, in inner
    response = get_response(request)
  File "C:\Python372\mecheck\lib\site-packages\django\core\handlers\base.py", line 126, in _get_response
    response = self.process_exception_by_middleware(e, request)
  File "C:\Python372\mecheck\lib\site-packages\django\core\handlers\base.py", line 124, in _get_response
    response = wrapped_callback(request, *callback_args, **callback_kwargs)
  File "C:\djangoproject\Reliability_Row_data\LessonProjectME\views.py", line 113, in Lesson_project
    for i in Projectinfos.Owner.all():
AttributeError: 'NoneType' object has no attribute 'Owner'
[2020-08-18 11:25:50,547] [basehttp.py:154] [basehttp:log_message] [ERROR]- "GET /LessonProjectME/Lesson_ProjectResult/?action=search&customer=undefined&project=undefined&Category=&csrfmiddlewaretoken=TYZvIQ4QH4LT5WzKvtnAdfuSdUv5ezuENCBmvwbigrXHSIgbUyeqsbuVu0769ZFM HTTP/1.1" 500 82359
[2020-08-18 11:25:50,582] [log.py:228] [log:log_response] [ERROR]- Internal Server Error: /LessonProjectME/Lesson_ProjectResult/
Traceback (most recent call last):
  File "C:\Python372\mecheck\lib\site-packages\django\core\handlers\exception.py", line 34, in inner
    response = get_response(request)
  File "C:\Python372\mecheck\lib\site-packages\django\core\handlers\base.py", line 126, in _get_response
    response = self.process_exception_by_middleware(e, request)
  File "C:\Python372\mecheck\lib\site-packages\django\core\handlers\base.py", line 124, in _get_response
    response = wrapped_callback(request, *callback_args, **callback_kwargs)
  File "C:\djangoproject\Reliability_Row_data\LessonProjectME\views.py", line 113, in Lesson_project
    for i in Projectinfos.Owner.all():
AttributeError: 'NoneType' object has no attribute 'Owner'
[2020-08-18 11:25:50,583] [basehttp.py:154] [basehttp:log_message] [ERROR]- "GET /LessonProjectME/Lesson_ProjectResult/?action=search&customer=undefined&project=undefined&Category=&csrfmiddlewaretoken=TYZvIQ4QH4LT5WzKvtnAdfuSdUv5ezuENCBmvwbigrXHSIgbUyeqsbuVu0769ZFM HTTP/1.1" 500 82359
