[2023-03-08 16:06:00,581] [log.py:228] [log:log_response] [ERROR]- Internal Server Error: /PersonalInfo/Summary2/
Traceback (most recent call last):
  File "C:\Python372\mecheck\lib\site-packages\django\core\handlers\exception.py", line 34, in inner
    response = get_response(request)
  File "C:\Python372\mecheck\lib\site-packages\django\core\handlers\base.py", line 126, in _get_response
    response = self.process_exception_by_middleware(e, request)
  File "C:\Python372\mecheck\lib\site-packages\django\core\handlers\base.py", line 124, in _get_response
    response = wrapped_callback(request, *callback_args, **callback_kwargs)
  File "C:\Python372\mecheck\lib\site-packages\django\views\decorators\csrf.py", line 54, in wrapped_view
    return view_func(*args, **kwargs)
  File "C:\djangoproject\Reliability_Row_data\PersonalInfo\views.py", line 4238, in Summary2
    monthSummaryValue += i[j[0]]
TypeError: unsupported operand type(s) for +=: 'int' and 'str'
[2023-03-08 16:06:00,585] [basehttp.py:154] [basehttp:log_message] [ERROR]- "POST /PersonalInfo/Summary2/ HTTP/1.1" 500 92246
[2023-03-08 16:21:12,839] [log.py:228] [log:log_response] [ERROR]- Internal Server Error: /PersonalInfo/Summary2/
Traceback (most recent call last):
  File "C:\Python372\mecheck\lib\site-packages\django\core\handlers\exception.py", line 34, in inner
    response = get_response(request)
  File "C:\Python372\mecheck\lib\site-packages\django\core\handlers\base.py", line 126, in _get_response
    response = self.process_exception_by_middleware(e, request)
  File "C:\Python372\mecheck\lib\site-packages\django\core\handlers\base.py", line 124, in _get_response
    response = wrapped_callback(request, *callback_args, **callback_kwargs)
  File "C:\Python372\mecheck\lib\site-packages\django\views\decorators\csrf.py", line 54, in wrapped_view
    return view_func(*args, **kwargs)
  File "C:\djangoproject\Reliability_Row_data\PersonalInfo\views.py", line 4308, in Summary2
    monthDiagram2Data_LIZHILV.append(float(i[j[0]]))
ValueError: could not convert string to float: '1.48%'
[2023-03-08 16:21:12,845] [basehttp.py:154] [basehttp:log_message] [ERROR]- "POST /PersonalInfo/Summary2/ HTTP/1.1" 500 94991
[2023-03-08 17:08:34,353] [log.py:228] [log:log_response] [ERROR]- Internal Server Error: /PersonalInfo/Summary2/
Traceback (most recent call last):
  File "C:\Python372\mecheck\lib\site-packages\django\core\handlers\exception.py", line 34, in inner
    response = get_response(request)
  File "C:\Python372\mecheck\lib\site-packages\django\core\handlers\base.py", line 126, in _get_response
    response = self.process_exception_by_middleware(e, request)
  File "C:\Python372\mecheck\lib\site-packages\django\core\handlers\base.py", line 124, in _get_response
    response = wrapped_callback(request, *callback_args, **callback_kwargs)
  File "C:\Python372\mecheck\lib\site-packages\django\views\decorators\csrf.py", line 54, in wrapped_view
    return view_func(*args, **kwargs)
  File "C:\djangoproject\Reliability_Row_data\PersonalInfo\views.py", line 5012, in Summary2
    monthDiagram2Data_LIZHILV.append(float(i[j[0]]))
ValueError: could not convert string to float: '2.80%'
[2023-03-08 17:08:34,404] [basehttp.py:154] [basehttp:log_message] [ERROR]- "POST /PersonalInfo/Summary2/ HTTP/1.1" 500 100945
