[2024-06-18 15:00:16,210] [log.py:228] [log:log_response] [ERROR]- Internal Server Error: /TestPlanSW/TestPlanSW-search/
Traceback (most recent call last):
  File "C:\Python372\mecheck\lib\site-packages\django\core\handlers\exception.py", line 34, in inner
    response = get_response(request)
  File "C:\Python372\mecheck\lib\site-packages\django\core\handlers\base.py", line 126, in _get_response
    response = self.process_exception_by_middleware(e, request)
  File "C:\Python372\mecheck\lib\site-packages\django\core\handlers\base.py", line 124, in _get_response
    response = wrapped_callback(request, *callback_args, **callback_kwargs)
  File "C:\Python372\mecheck\lib\site-packages\django\views\decorators\csrf.py", line 54, in wrapped_view
    return view_func(*args, **kwargs)
  File "C:\djangoproject\Reliability_Row_data\TestPlanSW\views.py", line 5032, in TestPlanSW_search
    Phase = phase_list[Phase]
TypeError: list indices must be integers or slices, not str
[2024-06-18 15:00:16,228] [runserver.py:154] [runserver:log_action] [ERROR]- HTTP GET /TestPlanSW/TestPlanSW-search/?action=getCategory&customer=C38(NB)&project=GLMS1&phase=0 500 [0.98, 127.0.0.1:51708]
[2024-06-18 15:00:16,545] [log.py:228] [log:log_response] [ERROR]- Internal Server Error: /TestPlanSW/TestPlanSW-search/
Traceback (most recent call last):
  File "C:\Python372\mecheck\lib\site-packages\django\core\handlers\exception.py", line 34, in inner
    response = get_response(request)
  File "C:\Python372\mecheck\lib\site-packages\django\core\handlers\base.py", line 126, in _get_response
    response = self.process_exception_by_middleware(e, request)
  File "C:\Python372\mecheck\lib\site-packages\django\core\handlers\base.py", line 124, in _get_response
    response = wrapped_callback(request, *callback_args, **callback_kwargs)
  File "C:\Python372\mecheck\lib\site-packages\django\views\decorators\csrf.py", line 54, in wrapped_view
    return view_func(*args, **kwargs)
  File "C:\djangoproject\Reliability_Row_data\TestPlanSW\views.py", line 5128, in TestPlanSW_search
    Phase = phase_list[Phase]
TypeError: list indices must be integers or slices, not str
[2024-06-18 15:00:16,552] [runserver.py:154] [runserver:log_action] [ERROR]- HTTP GET /TestPlanSW/TestPlanSW-search/?action=getContent&customer=C38(NB)&project=GLMS1&phase=0&category= 500 [0.18, 127.0.0.1:51708]
[2024-06-18 15:01:49,169] [log.py:228] [log:log_response] [ERROR]- Internal Server Error: /TestPlanSW/TestPlanSW-search/
Traceback (most recent call last):
  File "C:\Python372\mecheck\lib\site-packages\django\core\handlers\exception.py", line 34, in inner
    response = get_response(request)
  File "C:\Python372\mecheck\lib\site-packages\django\core\handlers\base.py", line 126, in _get_response
    response = self.process_exception_by_middleware(e, request)
  File "C:\Python372\mecheck\lib\site-packages\django\core\handlers\base.py", line 124, in _get_response
    response = wrapped_callback(request, *callback_args, **callback_kwargs)
  File "C:\Python372\mecheck\lib\site-packages\django\views\decorators\csrf.py", line 54, in wrapped_view
    return view_func(*args, **kwargs)
  File "C:\djangoproject\Reliability_Row_data\TestPlanSW\views.py", line 5032, in TestPlanSW_search
    Phase = phase_list[Phase]
TypeError: list indices must be integers or slices, not str
[2024-06-18 15:01:49,191] [runserver.py:154] [runserver:log_action] [ERROR]- HTTP GET /TestPlanSW/TestPlanSW-search/?action=getCategory&customer=C38(NB)&project=GLMS1&phase=0 500 [0.87, 127.0.0.1:51792]
[2024-06-18 15:02:19,330] [runserver.py:154] [runserver:log_action] [ERROR]- HTTP GET /TestPlanSW/TestPlanSW-search/ 500 [0.96, 127.0.0.1:51792]
[2024-06-18 15:02:20,338] [runserver.py:154] [runserver:log_action] [ERROR]- HTTP GET /favicon.ico 500 [0.99, 127.0.0.1:51792]
[2024-06-18 15:02:38,460] [runserver.py:154] [runserver:log_action] [ERROR]- HTTP GET /TestPlanSW/TestPlanSW-search/ 500 [0.63, 127.0.0.1:51792]
[2024-06-18 15:02:39,477] [runserver.py:154] [runserver:log_action] [ERROR]- HTTP GET /favicon.ico 500 [1.00, 127.0.0.1:51792]
[2024-06-18 15:08:00,820] [log.py:228] [log:log_response] [ERROR]- Internal Server Error: /TestPlanSW/TestPlanSW-search/
Traceback (most recent call last):
  File "C:\Python372\mecheck\lib\site-packages\django\core\handlers\exception.py", line 34, in inner
    response = get_response(request)
  File "C:\Python372\mecheck\lib\site-packages\django\core\handlers\base.py", line 126, in _get_response
    response = self.process_exception_by_middleware(e, request)
  File "C:\Python372\mecheck\lib\site-packages\django\core\handlers\base.py", line 124, in _get_response
    response = wrapped_callback(request, *callback_args, **callback_kwargs)
  File "C:\Python372\mecheck\lib\site-packages\django\views\decorators\csrf.py", line 54, in wrapped_view
    return view_func(*args, **kwargs)
  File "C:\djangoproject\Reliability_Row_data\TestPlanSW\views.py", line 5628, in TestPlanSW_search
    Phase = phase_list[Phase]
TypeError: list indices must be integers or slices, not str
[2024-06-18 15:08:00,830] [runserver.py:154] [runserver:log_action] [ERROR]- HTTP POST /TestPlanSW/TestPlanSW-search/ 500 [1.01, 127.0.0.1:52301]
