[2020-09-28 14:23:01,631] [log.py:228] [log:log_response] [ERROR]- Internal Server Error: /INVGantt/INVGantt-top/
Traceback (most recent call last):
  File "C:\Python372\mecheck\lib\site-packages\django\core\handlers\exception.py", line 34, in inner
    response = get_response(request)
  File "C:\Python372\mecheck\lib\site-packages\django\core\handlers\base.py", line 126, in _get_response
    response = self.process_exception_by_middleware(e, request)
  File "C:\Python372\mecheck\lib\site-packages\django\core\handlers\base.py", line 124, in _get_response
    response = wrapped_callback(request, *callback_args, **callback_kwargs)
  File "C:\Python372\mecheck\lib\site-packages\django\views\decorators\csrf.py", line 54, in wrapped_view
    return view_func(*args, **kwargs)
  File "C:\djangoproject\Reliability_Row_data\INVGantt\views.py", line 1868, in INVGantt_top
    yearlist1 = INVGantt.objects.all().annotate(Year=ExtractYear("Test_End"))
  File "C:\Python372\mecheck\lib\site-packages\django\db\models\query.py", line 1004, in annotate
    "the model." % alias)
ValueError: The annotation 'Year' conflicts with a field on the model.
[2020-09-28 14:23:01,634] [basehttp.py:154] [basehttp:log_message] [ERROR]- "POST /INVGantt/INVGantt-top/ HTTP/1.1" 500 88351
[2020-09-28 14:47:38,598] [log.py:228] [log:log_response] [ERROR]- Internal Server Error: /INVGantt/INVGantt-top/
Traceback (most recent call last):
  File "C:\Python372\mecheck\lib\site-packages\django\core\handlers\exception.py", line 34, in inner
    response = get_response(request)
  File "C:\Python372\mecheck\lib\site-packages\django\core\handlers\base.py", line 126, in _get_response
    response = self.process_exception_by_middleware(e, request)
  File "C:\Python372\mecheck\lib\site-packages\django\core\handlers\base.py", line 124, in _get_response
    response = wrapped_callback(request, *callback_args, **callback_kwargs)
  File "C:\Python372\mecheck\lib\site-packages\django\views\decorators\csrf.py", line 54, in wrapped_view
    return view_func(*args, **kwargs)
  File "C:\djangoproject\Reliability_Row_data\INVGantt\views.py", line 1878, in INVGantt_top
    Test_Endperiod = [i + "-01-01", Year + "-12-31"]
TypeError: unsupported operand type(s) for +: 'int' and 'str'
[2020-09-28 14:47:38,600] [basehttp.py:154] [basehttp:log_message] [ERROR]- "POST /INVGantt/INVGantt-top/ HTTP/1.1" 500 82754
[2020-09-28 14:48:13,762] [log.py:228] [log:log_response] [ERROR]- Internal Server Error: /INVGantt/INVGantt-top/
Traceback (most recent call last):
  File "C:\Python372\mecheck\lib\site-packages\django\core\handlers\exception.py", line 34, in inner
    response = get_response(request)
  File "C:\Python372\mecheck\lib\site-packages\django\core\handlers\base.py", line 126, in _get_response
    response = self.process_exception_by_middleware(e, request)
  File "C:\Python372\mecheck\lib\site-packages\django\core\handlers\base.py", line 124, in _get_response
    response = wrapped_callback(request, *callback_args, **callback_kwargs)
  File "C:\Python372\mecheck\lib\site-packages\django\views\decorators\csrf.py", line 54, in wrapped_view
    return view_func(*args, **kwargs)
  File "C:\djangoproject\Reliability_Row_data\INVGantt\views.py", line 1881, in INVGantt_top
    mock_data5.append({"Year": "Y" + i, "PASS": PassNo, "FAIL": FailNo, "Total": PassNo + FailNo, "Failure": format(round(PassNo / FailNo, 2), '.2%')})
TypeError: can only concatenate str (not "int") to str
[2020-09-28 14:48:13,765] [basehttp.py:154] [basehttp:log_message] [ERROR]- "POST /INVGantt/INVGantt-top/ HTTP/1.1" 500 83184
[2020-09-28 15:12:51,860] [log.py:228] [log:log_response] [ERROR]- Internal Server Error: /INVGantt/INVGantt-top/
Traceback (most recent call last):
  File "C:\Python372\mecheck\lib\site-packages\django\core\handlers\exception.py", line 34, in inner
    response = get_response(request)
  File "C:\Python372\mecheck\lib\site-packages\django\core\handlers\base.py", line 126, in _get_response
    response = self.process_exception_by_middleware(e, request)
  File "C:\Python372\mecheck\lib\site-packages\django\core\handlers\base.py", line 124, in _get_response
    response = wrapped_callback(request, *callback_args, **callback_kwargs)
  File "C:\Python372\mecheck\lib\site-packages\django\views\decorators\csrf.py", line 54, in wrapped_view
    return view_func(*args, **kwargs)
  File "C:\djangoproject\Reliability_Row_data\INVGantt\views.py", line 1878, in INVGantt_top
    Test_Endperiod = [str(i) + "-01-01", Year + "-12-31"]
TypeError: unsupported operand type(s) for +: 'NoneType' and 'str'
[2020-09-28 15:12:51,862] [basehttp.py:154] [basehttp:log_message] [ERROR]- "POST /INVGantt/INVGantt-top/ HTTP/1.1" 500 82736
[2020-09-28 15:13:51,117] [log.py:228] [log:log_response] [ERROR]- Internal Server Error: /INVGantt/INVGantt-top/
Traceback (most recent call last):
  File "C:\Python372\mecheck\lib\site-packages\django\core\handlers\exception.py", line 34, in inner
    response = get_response(request)
  File "C:\Python372\mecheck\lib\site-packages\django\core\handlers\base.py", line 126, in _get_response
    response = self.process_exception_by_middleware(e, request)
  File "C:\Python372\mecheck\lib\site-packages\django\core\handlers\base.py", line 124, in _get_response
    response = wrapped_callback(request, *callback_args, **callback_kwargs)
  File "C:\Python372\mecheck\lib\site-packages\django\views\decorators\csrf.py", line 54, in wrapped_view
    return view_func(*args, **kwargs)
  File "C:\djangoproject\Reliability_Row_data\INVGantt\views.py", line 1879, in INVGantt_top
    Test_Endperiod = [str(i) + "-01-01", Year + "-12-31"]
TypeError: unsupported operand type(s) for +: 'NoneType' and 'str'
[2020-09-28 15:13:51,120] [basehttp.py:154] [basehttp:log_message] [ERROR]- "POST /INVGantt/INVGantt-top/ HTTP/1.1" 500 82713
[2020-09-28 15:37:41,086] [log.py:228] [log:log_response] [ERROR]- Internal Server Error: /INVGantt/INVGantt-top/
Traceback (most recent call last):
  File "C:\Python372\mecheck\lib\site-packages\django\core\handlers\exception.py", line 34, in inner
    response = get_response(request)
  File "C:\Python372\mecheck\lib\site-packages\django\core\handlers\base.py", line 126, in _get_response
    response = self.process_exception_by_middleware(e, request)
  File "C:\Python372\mecheck\lib\site-packages\django\core\handlers\base.py", line 124, in _get_response
    response = wrapped_callback(request, *callback_args, **callback_kwargs)
  File "C:\Python372\mecheck\lib\site-packages\django\views\decorators\csrf.py", line 54, in wrapped_view
    return view_func(*args, **kwargs)
  File "C:\djangoproject\Reliability_Row_data\INVGantt\views.py", line 1707, in INVGantt_top
    datalist.append(k[i])
KeyError: 'Pass'
[2020-09-28 15:37:41,089] [basehttp.py:154] [basehttp:log_message] [ERROR]- "POST /INVGantt/INVGantt-top/ HTTP/1.1" 500 112282
