[2024-03-27 13:49:45,258] [log.py:228] [log:log_response] [ERROR]- Internal Server Error: /ABODriverTool/ABOToolList_upload/
Traceback (most recent call last):
  File "C:\Python372\mecheck\lib\site-packages\django\core\handlers\exception.py", line 34, in inner
    response = get_response(request)
  File "C:\Python372\mecheck\lib\site-packages\django\core\handlers\base.py", line 126, in _get_response
    response = self.process_exception_by_middleware(e, request)
  File "C:\Python372\mecheck\lib\site-packages\django\core\handlers\base.py", line 124, in _get_response
    response = wrapped_callback(request, *callback_args, **callback_kwargs)
  File "C:\Python372\mecheck\lib\site-packages\django\views\decorators\csrf.py", line 54, in wrapped_view
    return view_func(*args, **kwargs)
  File "C:\djangoproject\Reliability_Row_data\ABODriverTool\views.py", line 700, in ABOToolList_upload
    return render(request, 'DriverTool/ABOToolList_upload.html', locals())
  File "C:\Python372\mecheck\lib\site-packages\django\shortcuts.py", line 36, in render
    content = loader.render_to_string(template_name, context, request, using=using)
  File "C:\Python372\mecheck\lib\site-packages\django\template\loader.py", line 61, in render_to_string
    template = get_template(template_name, using=using)
  File "C:\Python372\mecheck\lib\site-packages\django\template\loader.py", line 19, in get_template
    raise TemplateDoesNotExist(template_name, chain=chain)
django.template.exceptions.TemplateDoesNotExist: DriverTool/ABOToolList_upload.html
[2024-03-27 13:49:45,272] [runserver.py:154] [runserver:log_action] [ERROR]- HTTP GET /ABODriverTool/ABOToolList_upload/ 500 [0.10, 127.0.0.1:61569]
