[2021-12-30 09:53:09,932] [basehttp.py:154] [basehttp:log_message] [INFO]- "GET / HTTP/1.1" 302 0
[2021-12-30 09:53:09,967] [basehttp.py:154] [basehttp:log_message] [INFO]- "GET /login/ HTTP/1.1" 200 4823
[2021-12-30 09:53:10,066] [basehttp.py:154] [basehttp:log_message] [INFO]- "GET /favicon.ico HTTP/1.1" 302 0
[2021-12-30 09:53:10,069] [basehttp.py:154] [basehttp:log_message] [INFO]- "GET /login/ HTTP/1.1" 200 4823
[2021-12-30 09:53:12,808] [UserIP.py:89] [UserIP:process_response] [CRITICAL]- 系统错误
[2021-12-30 09:53:12,833] [basehttp.py:154] [basehttp:log_message] [INFO]- "POST /login/ HTTP/1.1" 302 0
[2021-12-30 09:53:12,867] [basehttp.py:154] [basehttp:log_message] [INFO]- "GET /index/ HTTP/1.1" 200 24981
[2021-12-30 09:53:12,893] [basehttp.py:154] [basehttp:log_message] [INFO]- "GET /static/js/lib/menubar/sidebar.js HTTP/1.1" 304 0
[2021-12-30 09:53:12,901] [basehttp.py:154] [basehttp:log_message] [INFO]- "GET /static/js/date.js HTTP/1.1" 304 0
[2021-12-30 09:53:12,974] [basehttp.py:154] [basehttp:log_message] [INFO]- "GET /index/ HTTP/1.1" 200 24981
[2021-12-30 09:53:13,281] [UserIP.py:87] [UserIP:process_response] [INFO]- 2021-12-30 09:53:13 C1010S3>cao. edwin None>LAPTOP-VA9VPAO8>417 127.0.0.1 127.0.0.1 /index/ POST
[2021-12-30 09:53:13,289] [basehttp.py:154] [basehttp:log_message] [INFO]- "GET /favicon.ico HTTP/1.1" 200 15905
[2021-12-30 09:53:13,294] [basehttp.py:154] [basehttp:log_message] [INFO]- "POST /index/ HTTP/1.1" 200 1360
[2021-12-30 09:53:13,338] [basehttp.py:154] [basehttp:log_message] [INFO]- "GET /media/img/UserInfo/u2393454652578938553fm26gp0.jpg HTTP/1.1" 200 34852
[2021-12-30 09:53:14,902] [basehttp.py:154] [basehttp:log_message] [INFO]- "GET /admin/ HTTP/1.1" 302 0
[2021-12-30 09:53:15,020] [basehttp.py:154] [basehttp:log_message] [INFO]- "GET /admin/login/?next=/admin/ HTTP/1.1" 200 1821
[2021-12-30 09:53:15,082] [basehttp.py:154] [basehttp:log_message] [INFO]- "GET /favicon.ico HTTP/1.1" 200 15905
[2021-12-30 09:53:18,020] [UserIP.py:89] [UserIP:process_response] [CRITICAL]- 系统错误
[2021-12-30 09:53:18,027] [basehttp.py:154] [basehttp:log_message] [INFO]- "POST /admin/login/?next=/admin/ HTTP/1.1" 302 0
[2021-12-30 09:53:18,079] [basehttp.py:154] [basehttp:log_message] [INFO]- "GET /admin/ HTTP/1.1" 200 21591
[2021-12-30 09:53:18,142] [basehttp.py:154] [basehttp:log_message] [INFO]- "GET /favicon.ico HTTP/1.1" 200 15905
[2021-12-30 10:12:39,058] [basehttp.py:154] [basehttp:log_message] [INFO]- "GET /admin/app01/menu/ HTTP/1.1" 200 9642
[2021-12-30 10:12:39,086] [basehttp.py:154] [basehttp:log_message] [INFO]- "GET /admin/jsi18n/ HTTP/1.1" 200 7684
[2021-12-30 10:12:39,158] [basehttp.py:154] [basehttp:log_message] [INFO]- "GET /favicon.ico HTTP/1.1" 200 15905
[2021-12-30 10:15:27,637] [basehttp.py:154] [basehttp:log_message] [INFO]- "GET /admin/app01/menu/18/change/ HTTP/1.1" 200 6403
[2021-12-30 10:15:27,662] [basehttp.py:154] [basehttp:log_message] [INFO]- "GET /admin/jsi18n/ HTTP/1.1" 200 7684
[2021-12-30 10:15:27,694] [basehttp.py:154] [basehttp:log_message] [INFO]- "GET /favicon.ico HTTP/1.1" 200 15905
[2021-12-30 10:15:29,583] [basehttp.py:154] [basehttp:log_message] [INFO]- "GET /admin/app01/menu/ HTTP/1.1" 200 9642
[2021-12-30 10:15:29,622] [basehttp.py:154] [basehttp:log_message] [INFO]- "GET /favicon.ico HTTP/1.1" 200 15905
[2021-12-30 10:15:41,025] [basehttp.py:154] [basehttp:log_message] [INFO]- "GET /admin/app01/menu/add/ HTTP/1.1" 200 6171
[2021-12-30 10:15:41,063] [basehttp.py:154] [basehttp:log_message] [INFO]- "GET /admin/jsi18n/ HTTP/1.1" 200 7684
[2021-12-30 10:15:41,096] [basehttp.py:154] [basehttp:log_message] [INFO]- "GET /favicon.ico HTTP/1.1" 200 15905
[2021-12-30 10:15:43,447] [basehttp.py:154] [basehttp:log_message] [INFO]- "GET /admin/app01/menu/ HTTP/1.1" 200 9642
[2021-12-30 10:15:43,488] [basehttp.py:154] [basehttp:log_message] [INFO]- "GET /favicon.ico HTTP/1.1" 200 15905
[2021-12-30 10:16:01,578] [basehttp.py:154] [basehttp:log_message] [INFO]- "GET /admin/app01/menu/add/ HTTP/1.1" 200 6171
[2021-12-30 10:16:01,601] [basehttp.py:154] [basehttp:log_message] [INFO]- "GET /admin/jsi18n/ HTTP/1.1" 200 7684
[2021-12-30 10:16:01,629] [basehttp.py:154] [basehttp:log_message] [INFO]- "GET /favicon.ico HTTP/1.1" 200 15905
[2021-12-30 10:16:14,118] [basehttp.py:154] [basehttp:log_message] [INFO]- "GET /admin/app01/menu/ HTTP/1.1" 200 9642
[2021-12-30 10:16:14,159] [basehttp.py:154] [basehttp:log_message] [INFO]- "GET /favicon.ico HTTP/1.1" 200 15905
[2021-12-30 10:16:35,197] [basehttp.py:154] [basehttp:log_message] [INFO]- "GET /admin/app01/menu/add/ HTTP/1.1" 200 6171
[2021-12-30 10:16:35,218] [basehttp.py:154] [basehttp:log_message] [INFO]- "GET /admin/jsi18n/ HTTP/1.1" 200 7684
[2021-12-30 10:16:35,247] [basehttp.py:154] [basehttp:log_message] [INFO]- "GET /favicon.ico HTTP/1.1" 200 15905
[2021-12-30 10:16:59,059] [basehttp.py:154] [basehttp:log_message] [INFO]- "GET /admin/app01/menu/ HTTP/1.1" 200 9642
[2021-12-30 10:16:59,107] [basehttp.py:154] [basehttp:log_message] [INFO]- "GET /favicon.ico HTTP/1.1" 200 15905
[2021-12-30 10:17:08,195] [basehttp.py:154] [basehttp:log_message] [INFO]- "GET /admin/app01/menu/add/ HTTP/1.1" 200 6171
[2021-12-30 10:17:08,250] [basehttp.py:154] [basehttp:log_message] [INFO]- "GET /admin/jsi18n/ HTTP/1.1" 200 7684
[2021-12-30 10:17:08,327] [basehttp.py:154] [basehttp:log_message] [INFO]- "GET /favicon.ico HTTP/1.1" 200 15905
[2021-12-30 10:17:47,236] [UserIP.py:89] [UserIP:process_response] [CRITICAL]- 系统错误
[2021-12-30 10:17:47,244] [basehttp.py:154] [basehttp:log_message] [INFO]- "POST /admin/app01/menu/add/ HTTP/1.1" 302 0
[2021-12-30 10:17:47,309] [basehttp.py:154] [basehttp:log_message] [INFO]- "GET /admin/app01/menu/ HTTP/1.1" 200 10129
[2021-12-30 10:17:47,331] [basehttp.py:154] [basehttp:log_message] [INFO]- "GET /admin/jsi18n/ HTTP/1.1" 200 7684
[2021-12-30 10:17:47,370] [basehttp.py:154] [basehttp:log_message] [INFO]- "GET /favicon.ico HTTP/1.1" 200 15905
[2021-12-30 10:18:17,328] [basehttp.py:154] [basehttp:log_message] [INFO]- "GET /admin/app01/menu/add/ HTTP/1.1" 200 6217
[2021-12-30 10:18:17,351] [basehttp.py:154] [basehttp:log_message] [INFO]- "GET /admin/jsi18n/ HTTP/1.1" 200 7684
[2021-12-30 10:18:17,398] [basehttp.py:154] [basehttp:log_message] [INFO]- "GET /favicon.ico HTTP/1.1" 200 15905
[2021-12-30 10:18:37,163] [UserIP.py:89] [UserIP:process_response] [CRITICAL]- 系统错误
[2021-12-30 10:18:37,170] [basehttp.py:154] [basehttp:log_message] [INFO]- "POST /admin/app01/menu/add/ HTTP/1.1" 302 0
[2021-12-30 10:18:37,226] [basehttp.py:154] [basehttp:log_message] [INFO]- "GET /admin/app01/menu/ HTTP/1.1" 200 10516
[2021-12-30 10:18:37,249] [basehttp.py:154] [basehttp:log_message] [INFO]- "GET /admin/jsi18n/ HTTP/1.1" 200 7684
[2021-12-30 10:18:37,295] [basehttp.py:154] [basehttp:log_message] [INFO]- "GET /favicon.ico HTTP/1.1" 200 15905
[2021-12-30 10:18:41,009] [basehttp.py:154] [basehttp:log_message] [INFO]- "GET /admin/app01/menu/add/ HTTP/1.1" 200 6283
[2021-12-30 10:18:41,031] [basehttp.py:154] [basehttp:log_message] [INFO]- "GET /admin/jsi18n/ HTTP/1.1" 200 7684
[2021-12-30 10:18:41,061] [basehttp.py:154] [basehttp:log_message] [INFO]- "GET /favicon.ico HTTP/1.1" 200 15905
[2021-12-30 10:19:05,795] [UserIP.py:89] [UserIP:process_response] [CRITICAL]- 系统错误
[2021-12-30 10:19:05,806] [basehttp.py:154] [basehttp:log_message] [INFO]- "POST /admin/app01/menu/add/ HTTP/1.1" 302 0
[2021-12-30 10:19:05,870] [basehttp.py:154] [basehttp:log_message] [INFO]- "GET /admin/app01/menu/ HTTP/1.1" 200 10883
[2021-12-30 10:19:05,892] [basehttp.py:154] [basehttp:log_message] [INFO]- "GET /admin/jsi18n/ HTTP/1.1" 200 7684
[2021-12-30 10:19:05,971] [basehttp.py:154] [basehttp:log_message] [INFO]- "GET /favicon.ico HTTP/1.1" 200 15905
[2021-12-30 10:19:11,850] [basehttp.py:154] [basehttp:log_message] [INFO]- "GET /admin/app01/menu/add/ HTTP/1.1" 200 6349
[2021-12-30 10:19:11,871] [basehttp.py:154] [basehttp:log_message] [INFO]- "GET /admin/jsi18n/ HTTP/1.1" 200 7684
[2021-12-30 10:19:11,915] [basehttp.py:154] [basehttp:log_message] [INFO]- "GET /favicon.ico HTTP/1.1" 200 15905
[2021-12-30 10:19:31,419] [UserIP.py:89] [UserIP:process_response] [CRITICAL]- 系统错误
[2021-12-30 10:19:31,426] [basehttp.py:154] [basehttp:log_message] [INFO]- "POST /admin/app01/menu/add/ HTTP/1.1" 302 0
[2021-12-30 10:19:31,491] [basehttp.py:154] [basehttp:log_message] [INFO]- "GET /admin/app01/menu/ HTTP/1.1" 200 11229
[2021-12-30 10:19:31,515] [basehttp.py:154] [basehttp:log_message] [INFO]- "GET /admin/jsi18n/ HTTP/1.1" 200 7684
[2021-12-30 10:19:31,616] [basehttp.py:154] [basehttp:log_message] [INFO]- "GET /favicon.ico HTTP/1.1" 200 15905
[2021-12-30 10:19:32,616] [basehttp.py:154] [basehttp:log_message] [INFO]- "GET /admin/app01/menu/add/ HTTP/1.1" 200 6412
[2021-12-30 10:19:32,639] [basehttp.py:154] [basehttp:log_message] [INFO]- "GET /admin/jsi18n/ HTTP/1.1" 200 7684
[2021-12-30 10:19:32,693] [basehttp.py:154] [basehttp:log_message] [INFO]- "GET /favicon.ico HTTP/1.1" 200 15905
[2021-12-30 10:19:50,648] [UserIP.py:89] [UserIP:process_response] [CRITICAL]- 系统错误
[2021-12-30 10:19:50,656] [basehttp.py:154] [basehttp:log_message] [INFO]- "POST /admin/app01/menu/add/ HTTP/1.1" 302 0
[2021-12-30 10:19:50,703] [basehttp.py:154] [basehttp:log_message] [INFO]- "GET /admin/app01/menu/ HTTP/1.1" 200 11557
[2021-12-30 10:19:50,723] [basehttp.py:154] [basehttp:log_message] [INFO]- "GET /admin/jsi18n/ HTTP/1.1" 200 7684
[2021-12-30 10:19:50,765] [basehttp.py:154] [basehttp:log_message] [INFO]- "GET /favicon.ico HTTP/1.1" 200 15905
[2021-12-30 10:19:53,296] [basehttp.py:154] [basehttp:log_message] [INFO]- "GET /admin/app01/menu/add/ HTTP/1.1" 200 6472
[2021-12-30 10:19:53,346] [basehttp.py:154] [basehttp:log_message] [INFO]- "GET /admin/jsi18n/ HTTP/1.1" 200 7684
[2021-12-30 10:19:53,383] [basehttp.py:154] [basehttp:log_message] [INFO]- "GET /favicon.ico HTTP/1.1" 200 15905
[2021-12-30 10:20:32,241] [UserIP.py:89] [UserIP:process_response] [CRITICAL]- 系统错误
[2021-12-30 10:20:32,248] [basehttp.py:154] [basehttp:log_message] [INFO]- "POST /admin/app01/menu/add/ HTTP/1.1" 302 0
[2021-12-30 10:20:32,309] [basehttp.py:154] [basehttp:log_message] [INFO]- "GET /admin/app01/menu/ HTTP/1.1" 200 11852
[2021-12-30 10:20:32,332] [basehttp.py:154] [basehttp:log_message] [INFO]- "GET /admin/jsi18n/ HTTP/1.1" 200 7684
[2021-12-30 10:20:32,398] [basehttp.py:154] [basehttp:log_message] [INFO]- "GET /favicon.ico HTTP/1.1" 200 15905
[2021-12-30 10:20:35,350] [basehttp.py:154] [basehttp:log_message] [INFO]- "GET /admin/app01/menu/26/change/ HTTP/1.1" 200 6746
[2021-12-30 10:20:35,393] [basehttp.py:154] [basehttp:log_message] [INFO]- "GET /admin/jsi18n/ HTTP/1.1" 200 7684
[2021-12-30 10:20:35,424] [basehttp.py:154] [basehttp:log_message] [INFO]- "GET /favicon.ico HTTP/1.1" 200 15905
[2021-12-30 10:20:54,061] [UserIP.py:89] [UserIP:process_response] [CRITICAL]- 系统错误
[2021-12-30 10:20:54,068] [basehttp.py:154] [basehttp:log_message] [INFO]- "POST /admin/app01/menu/26/change/ HTTP/1.1" 302 0
[2021-12-30 10:20:54,133] [basehttp.py:154] [basehttp:log_message] [INFO]- "GET /admin/app01/menu/ HTTP/1.1" 200 11869
[2021-12-30 10:20:54,155] [basehttp.py:154] [basehttp:log_message] [INFO]- "GET /admin/jsi18n/ HTTP/1.1" 200 7684
[2021-12-30 10:20:54,236] [basehttp.py:154] [basehttp:log_message] [INFO]- "GET /favicon.ico HTTP/1.1" 200 15905
[2021-12-30 10:20:55,545] [basehttp.py:154] [basehttp:log_message] [INFO]- "GET /admin/app01/menu/add/ HTTP/1.1" 200 6509
[2021-12-30 10:20:55,577] [basehttp.py:154] [basehttp:log_message] [INFO]- "GET /admin/jsi18n/ HTTP/1.1" 200 7684
[2021-12-30 10:20:55,608] [basehttp.py:154] [basehttp:log_message] [INFO]- "GET /favicon.ico HTTP/1.1" 200 15905
[2021-12-30 10:21:31,882] [UserIP.py:89] [UserIP:process_response] [CRITICAL]- 系统错误
[2021-12-30 10:21:31,889] [basehttp.py:154] [basehttp:log_message] [INFO]- "POST /admin/app01/menu/add/ HTTP/1.1" 302 0
[2021-12-30 10:21:31,954] [basehttp.py:154] [basehttp:log_message] [INFO]- "GET /admin/app01/menu/ HTTP/1.1" 200 12232
[2021-12-30 10:21:31,992] [basehttp.py:154] [basehttp:log_message] [INFO]- "GET /admin/jsi18n/ HTTP/1.1" 200 7684
[2021-12-30 10:21:32,083] [basehttp.py:154] [basehttp:log_message] [INFO]- "GET /favicon.ico HTTP/1.1" 200 15905
[2021-12-30 10:21:38,545] [basehttp.py:154] [basehttp:log_message] [INFO]- "GET /admin/app01/menu/add/ HTTP/1.1" 200 6568
[2021-12-30 10:21:38,567] [basehttp.py:154] [basehttp:log_message] [INFO]- "GET /admin/jsi18n/ HTTP/1.1" 200 7684
[2021-12-30 10:21:38,625] [basehttp.py:154] [basehttp:log_message] [INFO]- "GET /favicon.ico HTTP/1.1" 200 15905
[2021-12-30 10:22:01,721] [UserIP.py:89] [UserIP:process_response] [CRITICAL]- 系统错误
[2021-12-30 10:22:01,729] [basehttp.py:154] [basehttp:log_message] [INFO]- "POST /admin/app01/menu/add/ HTTP/1.1" 302 0
[2021-12-30 10:22:01,798] [basehttp.py:154] [basehttp:log_message] [INFO]- "GET /admin/app01/menu/ HTTP/1.1" 200 12602
[2021-12-30 10:22:01,822] [basehttp.py:154] [basehttp:log_message] [INFO]- "GET /admin/jsi18n/ HTTP/1.1" 200 7684
[2021-12-30 10:22:01,863] [basehttp.py:154] [basehttp:log_message] [INFO]- "GET /favicon.ico HTTP/1.1" 200 15905
[2021-12-30 10:22:07,579] [basehttp.py:154] [basehttp:log_message] [INFO]- "GET /admin/app01/menu/add/ HTTP/1.1" 200 6630
[2021-12-30 10:22:07,617] [basehttp.py:154] [basehttp:log_message] [INFO]- "GET /admin/jsi18n/ HTTP/1.1" 200 7684
[2021-12-30 10:22:07,651] [basehttp.py:154] [basehttp:log_message] [INFO]- "GET /favicon.ico HTTP/1.1" 200 15905
[2021-12-30 10:22:26,931] [UserIP.py:89] [UserIP:process_response] [CRITICAL]- 系统错误
[2021-12-30 10:22:26,938] [basehttp.py:154] [basehttp:log_message] [INFO]- "POST /admin/app01/menu/add/ HTTP/1.1" 302 0
[2021-12-30 10:22:27,007] [basehttp.py:154] [basehttp:log_message] [INFO]- "GET /admin/app01/menu/ HTTP/1.1" 200 12948
[2021-12-30 10:22:27,028] [basehttp.py:154] [basehttp:log_message] [INFO]- "GET /admin/jsi18n/ HTTP/1.1" 200 7684
[2021-12-30 10:22:27,071] [basehttp.py:154] [basehttp:log_message] [INFO]- "GET /favicon.ico HTTP/1.1" 200 15905
[2021-12-30 10:22:27,994] [basehttp.py:154] [basehttp:log_message] [INFO]- "GET /admin/app01/menu/add/ HTTP/1.1" 200 6689
[2021-12-30 10:22:28,019] [basehttp.py:154] [basehttp:log_message] [INFO]- "GET /admin/jsi18n/ HTTP/1.1" 200 7684
[2021-12-30 10:22:28,052] [basehttp.py:154] [basehttp:log_message] [INFO]- "GET /favicon.ico HTTP/1.1" 200 15905
[2021-12-30 10:22:50,219] [UserIP.py:89] [UserIP:process_response] [CRITICAL]- 系统错误
[2021-12-30 10:22:50,228] [basehttp.py:154] [basehttp:log_message] [INFO]- "POST /admin/app01/menu/add/ HTTP/1.1" 302 0
[2021-12-30 10:22:50,287] [basehttp.py:154] [basehttp:log_message] [INFO]- "GET /admin/app01/menu/ HTTP/1.1" 200 13276
[2021-12-30 10:22:50,310] [basehttp.py:154] [basehttp:log_message] [INFO]- "GET /admin/jsi18n/ HTTP/1.1" 200 7684
[2021-12-30 10:22:50,390] [basehttp.py:154] [basehttp:log_message] [INFO]- "GET /favicon.ico HTTP/1.1" 200 15905
[2021-12-30 10:23:11,150] [basehttp.py:154] [basehttp:log_message] [INFO]- "GET /admin/app01/ HTTP/1.1" 200 3731
[2021-12-30 10:23:11,187] [basehttp.py:154] [basehttp:log_message] [INFO]- "GET /favicon.ico HTTP/1.1" 200 15905
[2021-12-30 10:23:12,692] [basehttp.py:154] [basehttp:log_message] [INFO]- "GET /admin/app01/permission/ HTTP/1.1" 200 23364
[2021-12-30 10:23:12,734] [basehttp.py:154] [basehttp:log_message] [INFO]- "GET /admin/jsi18n/ HTTP/1.1" 200 7684
[2021-12-30 10:23:12,776] [basehttp.py:154] [basehttp:log_message] [INFO]- "GET /favicon.ico HTTP/1.1" 200 15905
[2021-12-30 10:23:32,981] [basehttp.py:154] [basehttp:log_message] [INFO]- "GET /admin/app01/permission/add/ HTTP/1.1" 200 7270
[2021-12-30 10:23:33,005] [basehttp.py:154] [basehttp:log_message] [INFO]- "GET /admin/jsi18n/ HTTP/1.1" 200 7684
[2021-12-30 10:23:33,061] [basehttp.py:154] [basehttp:log_message] [INFO]- "GET /favicon.ico HTTP/1.1" 200 15905
[2021-12-30 10:24:09,465] [basehttp.py:154] [basehttp:log_message] [INFO]- "GET / HTTP/1.1" 200 15905
[2021-12-30 10:24:09,694] [basehttp.py:154] [basehttp:log_message] [INFO]- "GET /favicon.ico HTTP/1.1" 200 15905
[2021-12-30 10:25:15,349] [UserIP.py:89] [UserIP:process_response] [CRITICAL]- 系统错误
[2021-12-30 10:25:15,356] [basehttp.py:154] [basehttp:log_message] [INFO]- "POST /admin/app01/permission/add/ HTTP/1.1" 302 0
[2021-12-30 10:25:15,438] [basehttp.py:154] [basehttp:log_message] [INFO]- "GET /admin/app01/permission/ HTTP/1.1" 200 24217
[2021-12-30 10:25:15,459] [basehttp.py:154] [basehttp:log_message] [INFO]- "GET /admin/jsi18n/ HTTP/1.1" 200 7684
[2021-12-30 10:25:15,542] [basehttp.py:154] [basehttp:log_message] [INFO]- "GET /favicon.ico HTTP/1.1" 200 15905
[2021-12-30 10:25:16,868] [basehttp.py:154] [basehttp:log_message] [INFO]- "GET /admin/app01/permission/add/ HTTP/1.1" 200 7270
[2021-12-30 10:25:16,910] [basehttp.py:154] [basehttp:log_message] [INFO]- "GET /admin/jsi18n/ HTTP/1.1" 200 7684
[2021-12-30 10:25:16,955] [basehttp.py:154] [basehttp:log_message] [INFO]- "GET /favicon.ico HTTP/1.1" 200 15905
[2021-12-30 10:28:53,016] [UserIP.py:89] [UserIP:process_response] [CRITICAL]- 系统错误
[2021-12-30 10:28:53,023] [basehttp.py:154] [basehttp:log_message] [INFO]- "POST /admin/app01/permission/add/ HTTP/1.1" 302 0
[2021-12-30 10:28:53,099] [basehttp.py:154] [basehttp:log_message] [INFO]- "GET /admin/app01/permission/ HTTP/1.1" 200 24823
[2021-12-30 10:28:53,142] [basehttp.py:154] [basehttp:log_message] [INFO]- "GET /admin/jsi18n/ HTTP/1.1" 200 7684
[2021-12-30 10:28:53,194] [basehttp.py:154] [basehttp:log_message] [INFO]- "GET /favicon.ico HTTP/1.1" 200 15905
[2021-12-30 10:34:16,744] [basehttp.py:154] [basehttp:log_message] [INFO]- "GET /admin/app01/permission/add/ HTTP/1.1" 200 7270
[2021-12-30 10:34:16,780] [basehttp.py:154] [basehttp:log_message] [INFO]- "GET /admin/jsi18n/ HTTP/1.1" 200 7684
[2021-12-30 10:34:16,833] [basehttp.py:154] [basehttp:log_message] [INFO]- "GET /favicon.ico HTTP/1.1" 200 15905
[2021-12-30 10:35:25,271] [UserIP.py:89] [UserIP:process_response] [CRITICAL]- 系统错误
[2021-12-30 10:35:25,278] [basehttp.py:154] [basehttp:log_message] [INFO]- "POST /admin/app01/permission/add/ HTTP/1.1" 302 0
[2021-12-30 10:35:25,364] [basehttp.py:154] [basehttp:log_message] [INFO]- "GET /admin/app01/permission/ HTTP/1.1" 200 25383
[2021-12-30 10:35:25,388] [basehttp.py:154] [basehttp:log_message] [INFO]- "GET /admin/jsi18n/ HTTP/1.1" 200 7684
[2021-12-30 10:35:25,436] [basehttp.py:154] [basehttp:log_message] [INFO]- "GET /favicon.ico HTTP/1.1" 200 15905
[2021-12-30 10:35:26,736] [basehttp.py:154] [basehttp:log_message] [INFO]- "GET /admin/app01/permission/add/ HTTP/1.1" 200 7270
[2021-12-30 10:35:26,760] [basehttp.py:154] [basehttp:log_message] [INFO]- "GET /admin/jsi18n/ HTTP/1.1" 200 7684
[2021-12-30 10:35:26,794] [basehttp.py:154] [basehttp:log_message] [INFO]- "GET /favicon.ico HTTP/1.1" 200 15905
[2021-12-30 10:36:55,532] [UserIP.py:89] [UserIP:process_response] [CRITICAL]- 系统错误
[2021-12-30 10:36:55,538] [basehttp.py:154] [basehttp:log_message] [INFO]- "POST /admin/app01/permission/add/ HTTP/1.1" 302 0
[2021-12-30 10:36:55,625] [basehttp.py:154] [basehttp:log_message] [INFO]- "GET /admin/app01/permission/ HTTP/1.1" 200 25945
[2021-12-30 10:36:55,663] [basehttp.py:154] [basehttp:log_message] [INFO]- "GET /admin/jsi18n/ HTTP/1.1" 200 7684
[2021-12-30 10:36:55,712] [basehttp.py:154] [basehttp:log_message] [INFO]- "GET /favicon.ico HTTP/1.1" 200 15905
[2021-12-30 10:36:56,989] [basehttp.py:154] [basehttp:log_message] [INFO]- "GET /admin/app01/permission/add/ HTTP/1.1" 200 7270
[2021-12-30 10:36:57,012] [basehttp.py:154] [basehttp:log_message] [INFO]- "GET /admin/jsi18n/ HTTP/1.1" 200 7684
[2021-12-30 10:36:57,045] [basehttp.py:154] [basehttp:log_message] [INFO]- "GET /favicon.ico HTTP/1.1" 200 15905
[2021-12-30 10:37:43,147] [UserIP.py:89] [UserIP:process_response] [CRITICAL]- 系统错误
[2021-12-30 10:37:43,156] [basehttp.py:154] [basehttp:log_message] [INFO]- "POST /admin/app01/permission/add/ HTTP/1.1" 302 0
[2021-12-30 10:37:43,250] [basehttp.py:154] [basehttp:log_message] [INFO]- "GET /admin/app01/permission/ HTTP/1.1" 200 26515
[2021-12-30 10:37:43,271] [basehttp.py:154] [basehttp:log_message] [INFO]- "GET /admin/jsi18n/ HTTP/1.1" 200 7684
[2021-12-30 10:37:43,379] [basehttp.py:154] [basehttp:log_message] [INFO]- "GET /favicon.ico HTTP/1.1" 200 15905
[2021-12-30 10:37:50,996] [basehttp.py:154] [basehttp:log_message] [INFO]- "GET /admin/app01/permission/add/ HTTP/1.1" 200 7270
[2021-12-30 10:37:51,023] [basehttp.py:154] [basehttp:log_message] [INFO]- "GET /admin/jsi18n/ HTTP/1.1" 200 7684
[2021-12-30 10:37:51,060] [basehttp.py:154] [basehttp:log_message] [INFO]- "GET /favicon.ico HTTP/1.1" 200 15905
[2021-12-30 10:38:40,037] [UserIP.py:89] [UserIP:process_response] [CRITICAL]- 系统错误
[2021-12-30 10:38:40,043] [basehttp.py:154] [basehttp:log_message] [INFO]- "POST /admin/app01/permission/add/ HTTP/1.1" 302 0
[2021-12-30 10:38:40,126] [basehttp.py:154] [basehttp:log_message] [INFO]- "GET /admin/app01/permission/ HTTP/1.1" 200 27078
[2021-12-30 10:38:40,160] [basehttp.py:154] [basehttp:log_message] [INFO]- "GET /admin/jsi18n/ HTTP/1.1" 200 7684
[2021-12-30 10:38:40,243] [basehttp.py:154] [basehttp:log_message] [INFO]- "GET /favicon.ico HTTP/1.1" 200 15905
[2021-12-30 10:42:39,110] [basehttp.py:154] [basehttp:log_message] [INFO]- "GET /admin/app01/permission/add/ HTTP/1.1" 200 7270
[2021-12-30 10:42:39,135] [basehttp.py:154] [basehttp:log_message] [INFO]- "GET /admin/jsi18n/ HTTP/1.1" 200 7684
[2021-12-30 10:42:39,184] [basehttp.py:154] [basehttp:log_message] [INFO]- "GET /favicon.ico HTTP/1.1" 200 15905
[2021-12-30 10:44:03,412] [UserIP.py:89] [UserIP:process_response] [CRITICAL]- 系统错误
[2021-12-30 10:44:03,421] [basehttp.py:154] [basehttp:log_message] [INFO]- "POST /admin/app01/permission/add/ HTTP/1.1" 302 0
[2021-12-30 10:44:03,492] [basehttp.py:154] [basehttp:log_message] [INFO]- "GET /admin/app01/permission/ HTTP/1.1" 200 27671
[2021-12-30 10:44:03,515] [basehttp.py:154] [basehttp:log_message] [INFO]- "GET /admin/jsi18n/ HTTP/1.1" 200 7684
[2021-12-30 10:44:03,563] [basehttp.py:154] [basehttp:log_message] [INFO]- "GET /favicon.ico HTTP/1.1" 200 15905
[2021-12-30 10:44:04,693] [basehttp.py:154] [basehttp:log_message] [INFO]- "GET /admin/app01/permission/add/ HTTP/1.1" 200 7270
[2021-12-30 10:44:04,719] [basehttp.py:154] [basehttp:log_message] [INFO]- "GET /admin/jsi18n/ HTTP/1.1" 200 7684
[2021-12-30 10:44:04,774] [basehttp.py:154] [basehttp:log_message] [INFO]- "GET /favicon.ico HTTP/1.1" 200 15905
[2021-12-30 10:45:20,370] [UserIP.py:89] [UserIP:process_response] [CRITICAL]- 系统错误
[2021-12-30 10:45:20,377] [basehttp.py:154] [basehttp:log_message] [INFO]- "POST /admin/app01/permission/add/ HTTP/1.1" 302 0
[2021-12-30 10:45:20,468] [basehttp.py:154] [basehttp:log_message] [INFO]- "GET /admin/app01/permission/ HTTP/1.1" 200 28248
[2021-12-30 10:45:20,503] [basehttp.py:154] [basehttp:log_message] [INFO]- "GET /admin/jsi18n/ HTTP/1.1" 200 7684
[2021-12-30 10:45:20,595] [basehttp.py:154] [basehttp:log_message] [INFO]- "GET /favicon.ico HTTP/1.1" 200 15905
[2021-12-30 10:47:39,134] [basehttp.py:154] [basehttp:log_message] [INFO]- "GET /admin/app01/permission/add/ HTTP/1.1" 200 7270
[2021-12-30 10:47:39,157] [basehttp.py:154] [basehttp:log_message] [INFO]- "GET /admin/jsi18n/ HTTP/1.1" 200 7684
[2021-12-30 10:47:39,193] [basehttp.py:154] [basehttp:log_message] [INFO]- "GET /favicon.ico HTTP/1.1" 200 15905
[2021-12-30 10:48:07,604] [UserIP.py:89] [UserIP:process_response] [CRITICAL]- 系统错误
[2021-12-30 10:48:07,612] [basehttp.py:154] [basehttp:log_message] [INFO]- "POST /admin/app01/permission/add/ HTTP/1.1" 302 0
[2021-12-30 10:48:07,711] [basehttp.py:154] [basehttp:log_message] [INFO]- "GET /admin/app01/permission/ HTTP/1.1" 200 28829
[2021-12-30 10:48:07,731] [basehttp.py:154] [basehttp:log_message] [INFO]- "GET /admin/jsi18n/ HTTP/1.1" 200 7684
[2021-12-30 10:48:07,782] [basehttp.py:154] [basehttp:log_message] [INFO]- "GET /favicon.ico HTTP/1.1" 200 15905
[2021-12-30 10:49:03,330] [basehttp.py:154] [basehttp:log_message] [INFO]- "GET /admin/app01/permission/?Menu_title=CoL_%E6%AD%B8%E9%82%84%E7%A2%BA%E8%AA%8D HTTP/1.1" 200 18494
[2021-12-30 10:49:03,357] [basehttp.py:154] [basehttp:log_message] [INFO]- "GET /admin/jsi18n/ HTTP/1.1" 200 7684
[2021-12-30 10:49:03,413] [basehttp.py:154] [basehttp:log_message] [INFO]- "GET /favicon.ico HTTP/1.1" 200 15905
[2021-12-30 10:49:06,010] [basehttp.py:154] [basehttp:log_message] [INFO]- "GET /admin/app01/permission/ HTTP/1.1" 200 28614
[2021-12-30 10:49:06,084] [basehttp.py:154] [basehttp:log_message] [INFO]- "GET /favicon.ico HTTP/1.1" 200 15905
[2021-12-30 10:49:16,327] [basehttp.py:154] [basehttp:log_message] [INFO]- "GET /admin/app01/permission/add/ HTTP/1.1" 200 7270
[2021-12-30 10:49:16,353] [basehttp.py:154] [basehttp:log_message] [INFO]- "GET /admin/jsi18n/ HTTP/1.1" 200 7684
[2021-12-30 10:49:16,392] [basehttp.py:154] [basehttp:log_message] [INFO]- "GET /favicon.ico HTTP/1.1" 200 15905
[2021-12-30 10:50:10,250] [UserIP.py:89] [UserIP:process_response] [CRITICAL]- 系统错误
[2021-12-30 10:50:10,258] [basehttp.py:154] [basehttp:log_message] [INFO]- "POST /admin/app01/permission/add/ HTTP/1.1" 302 0
[2021-12-30 10:50:10,353] [basehttp.py:154] [basehttp:log_message] [INFO]- "GET /admin/app01/permission/ HTTP/1.1" 200 29416
[2021-12-30 10:50:10,379] [basehttp.py:154] [basehttp:log_message] [INFO]- "GET /admin/jsi18n/ HTTP/1.1" 200 7684
[2021-12-30 10:50:10,468] [basehttp.py:154] [basehttp:log_message] [INFO]- "GET /favicon.ico HTTP/1.1" 200 15905
[2021-12-30 10:55:29,410] [basehttp.py:154] [basehttp:log_message] [INFO]- "GET /admin/app01/permission/add/ HTTP/1.1" 200 7270
[2021-12-30 10:55:29,434] [basehttp.py:154] [basehttp:log_message] [INFO]- "GET /admin/jsi18n/ HTTP/1.1" 200 7684
[2021-12-30 10:55:29,475] [basehttp.py:154] [basehttp:log_message] [INFO]- "GET /favicon.ico HTTP/1.1" 200 15905
[2021-12-30 10:56:44,347] [UserIP.py:89] [UserIP:process_response] [CRITICAL]- 系统错误
[2021-12-30 10:56:44,356] [basehttp.py:154] [basehttp:log_message] [INFO]- "POST /admin/app01/permission/add/ HTTP/1.1" 302 0
[2021-12-30 10:56:44,451] [basehttp.py:154] [basehttp:log_message] [INFO]- "GET /admin/app01/permission/ HTTP/1.1" 200 30060
[2021-12-30 10:56:44,475] [basehttp.py:154] [basehttp:log_message] [INFO]- "GET /admin/jsi18n/ HTTP/1.1" 200 7684
[2021-12-30 10:56:44,525] [basehttp.py:154] [basehttp:log_message] [INFO]- "GET /favicon.ico HTTP/1.1" 200 15905
[2021-12-30 10:56:45,491] [basehttp.py:154] [basehttp:log_message] [INFO]- "GET /admin/app01/permission/add/ HTTP/1.1" 200 7270
[2021-12-30 10:56:45,526] [basehttp.py:154] [basehttp:log_message] [INFO]- "GET /admin/jsi18n/ HTTP/1.1" 200 7684
[2021-12-30 10:56:45,560] [basehttp.py:154] [basehttp:log_message] [INFO]- "GET /favicon.ico HTTP/1.1" 200 15905
[2021-12-30 10:57:56,899] [UserIP.py:89] [UserIP:process_response] [CRITICAL]- 系统错误
[2021-12-30 10:57:56,905] [basehttp.py:154] [basehttp:log_message] [INFO]- "POST /admin/app01/permission/add/ HTTP/1.1" 302 0
[2021-12-30 10:57:56,992] [basehttp.py:154] [basehttp:log_message] [INFO]- "GET /admin/app01/permission/ HTTP/1.1" 200 30664
[2021-12-30 10:57:57,017] [basehttp.py:154] [basehttp:log_message] [INFO]- "GET /admin/jsi18n/ HTTP/1.1" 200 7684
[2021-12-30 10:57:57,068] [basehttp.py:154] [basehttp:log_message] [INFO]- "GET /favicon.ico HTTP/1.1" 200 15905
[2021-12-30 10:58:01,184] [basehttp.py:154] [basehttp:log_message] [INFO]- "GET /admin/app01/permission/47/change/ HTTP/1.1" 200 7582
[2021-12-30 10:58:01,207] [basehttp.py:154] [basehttp:log_message] [INFO]- "GET /admin/jsi18n/ HTTP/1.1" 200 7684
[2021-12-30 10:58:01,241] [basehttp.py:154] [basehttp:log_message] [INFO]- "GET /favicon.ico HTTP/1.1" 200 15905
[2021-12-30 10:58:03,346] [basehttp.py:154] [basehttp:log_message] [INFO]- "GET /admin/app01/permission/ HTTP/1.1" 200 30450
[2021-12-30 10:58:03,395] [basehttp.py:154] [basehttp:log_message] [INFO]- "GET /favicon.ico HTTP/1.1" 200 15905
[2021-12-30 11:05:08,633] [basehttp.py:154] [basehttp:log_message] [INFO]- "GET /admin/app01/permission/add/ HTTP/1.1" 200 7270
[2021-12-30 11:05:08,659] [basehttp.py:154] [basehttp:log_message] [INFO]- "GET /admin/jsi18n/ HTTP/1.1" 200 7684
[2021-12-30 11:05:08,711] [basehttp.py:154] [basehttp:log_message] [INFO]- "GET /favicon.ico HTTP/1.1" 200 15905
[2021-12-30 11:06:05,962] [UserIP.py:89] [UserIP:process_response] [CRITICAL]- 系统错误
[2021-12-30 11:06:05,969] [basehttp.py:154] [basehttp:log_message] [INFO]- "POST /admin/app01/permission/add/ HTTP/1.1" 302 0
[2021-12-30 11:06:06,046] [basehttp.py:154] [basehttp:log_message] [INFO]- "GET /admin/app01/permission/ HTTP/1.1" 200 31249
[2021-12-30 11:06:06,071] [basehttp.py:154] [basehttp:log_message] [INFO]- "GET /admin/jsi18n/ HTTP/1.1" 200 7684
[2021-12-30 11:06:06,123] [basehttp.py:154] [basehttp:log_message] [INFO]- "GET /favicon.ico HTTP/1.1" 200 15905
[2021-12-30 11:06:07,330] [basehttp.py:154] [basehttp:log_message] [INFO]- "GET /admin/app01/permission/add/ HTTP/1.1" 200 7270
[2021-12-30 11:06:07,354] [basehttp.py:154] [basehttp:log_message] [INFO]- "GET /admin/jsi18n/ HTTP/1.1" 200 7684
[2021-12-30 11:06:07,404] [basehttp.py:154] [basehttp:log_message] [INFO]- "GET /favicon.ico HTTP/1.1" 200 15905
[2021-12-30 11:06:57,551] [UserIP.py:89] [UserIP:process_response] [CRITICAL]- 系统错误
[2021-12-30 11:06:57,562] [basehttp.py:154] [basehttp:log_message] [INFO]- "POST /admin/app01/permission/add/ HTTP/1.1" 302 0
[2021-12-30 11:06:57,651] [basehttp.py:154] [basehttp:log_message] [INFO]- "GET /admin/app01/permission/ HTTP/1.1" 200 31824
[2021-12-30 11:06:57,675] [basehttp.py:154] [basehttp:log_message] [INFO]- "GET /admin/jsi18n/ HTTP/1.1" 200 7684
[2021-12-30 11:06:57,764] [basehttp.py:154] [basehttp:log_message] [INFO]- "GET /favicon.ico HTTP/1.1" 200 15905
[2021-12-30 11:06:58,593] [basehttp.py:154] [basehttp:log_message] [INFO]- "GET /admin/app01/permission/add/ HTTP/1.1" 200 7270
[2021-12-30 11:06:58,615] [basehttp.py:154] [basehttp:log_message] [INFO]- "GET /admin/jsi18n/ HTTP/1.1" 200 7684
[2021-12-30 11:06:58,661] [basehttp.py:154] [basehttp:log_message] [INFO]- "GET /favicon.ico HTTP/1.1" 200 15905
[2021-12-30 11:07:35,241] [UserIP.py:89] [UserIP:process_response] [CRITICAL]- 系统错误
[2021-12-30 11:07:35,249] [basehttp.py:154] [basehttp:log_message] [INFO]- "POST /admin/app01/permission/add/ HTTP/1.1" 302 0
[2021-12-30 11:07:35,349] [basehttp.py:154] [basehttp:log_message] [INFO]- "GET /admin/app01/permission/ HTTP/1.1" 200 32410
[2021-12-30 11:07:35,371] [basehttp.py:154] [basehttp:log_message] [INFO]- "GET /admin/jsi18n/ HTTP/1.1" 200 7684
[2021-12-30 11:07:35,443] [basehttp.py:154] [basehttp:log_message] [INFO]- "GET /favicon.ico HTTP/1.1" 200 15905
[2021-12-30 11:07:36,358] [basehttp.py:154] [basehttp:log_message] [INFO]- "GET /admin/app01/permission/add/ HTTP/1.1" 200 7270
[2021-12-30 11:07:36,393] [basehttp.py:154] [basehttp:log_message] [INFO]- "GET /admin/jsi18n/ HTTP/1.1" 200 7684
[2021-12-30 11:07:36,424] [basehttp.py:154] [basehttp:log_message] [INFO]- "GET /favicon.ico HTTP/1.1" 200 15905
[2021-12-30 11:08:16,226] [UserIP.py:89] [UserIP:process_response] [CRITICAL]- 系统错误
[2021-12-30 11:08:16,235] [basehttp.py:154] [basehttp:log_message] [INFO]- "POST /admin/app01/permission/add/ HTTP/1.1" 302 0
[2021-12-30 11:08:16,314] [basehttp.py:154] [basehttp:log_message] [INFO]- "GET /admin/app01/permission/ HTTP/1.1" 200 32989
[2021-12-30 11:08:16,347] [basehttp.py:154] [basehttp:log_message] [INFO]- "GET /admin/jsi18n/ HTTP/1.1" 200 7684
[2021-12-30 11:08:16,395] [basehttp.py:154] [basehttp:log_message] [INFO]- "GET /favicon.ico HTTP/1.1" 200 15905
[2021-12-30 11:08:17,728] [basehttp.py:154] [basehttp:log_message] [INFO]- "GET /admin/app01/permission/add/ HTTP/1.1" 200 7270
[2021-12-30 11:08:17,749] [basehttp.py:154] [basehttp:log_message] [INFO]- "GET /admin/jsi18n/ HTTP/1.1" 200 7684
[2021-12-30 11:08:17,780] [basehttp.py:154] [basehttp:log_message] [INFO]- "GET /favicon.ico HTTP/1.1" 200 15905
[2021-12-30 11:08:57,114] [UserIP.py:89] [UserIP:process_response] [CRITICAL]- 系统错误
[2021-12-30 11:08:57,124] [basehttp.py:154] [basehttp:log_message] [INFO]- "POST /admin/app01/permission/add/ HTTP/1.1" 302 0
[2021-12-30 11:08:57,204] [basehttp.py:154] [basehttp:log_message] [INFO]- "GET /admin/app01/permission/ HTTP/1.1" 200 33577
[2021-12-30 11:08:57,226] [basehttp.py:154] [basehttp:log_message] [INFO]- "GET /admin/jsi18n/ HTTP/1.1" 200 7684
[2021-12-30 11:08:57,282] [basehttp.py:154] [basehttp:log_message] [INFO]- "GET /favicon.ico HTTP/1.1" 200 15905
[2021-12-30 11:08:58,129] [basehttp.py:154] [basehttp:log_message] [INFO]- "GET /admin/app01/permission/add/ HTTP/1.1" 200 7270
[2021-12-30 11:08:58,149] [basehttp.py:154] [basehttp:log_message] [INFO]- "GET /admin/jsi18n/ HTTP/1.1" 200 7684
[2021-12-30 11:08:58,193] [basehttp.py:154] [basehttp:log_message] [INFO]- "GET /favicon.ico HTTP/1.1" 200 15905
[2021-12-30 11:09:43,323] [UserIP.py:89] [UserIP:process_response] [CRITICAL]- 系统错误
[2021-12-30 11:09:43,330] [basehttp.py:154] [basehttp:log_message] [INFO]- "POST /admin/app01/permission/add/ HTTP/1.1" 302 0
[2021-12-30 11:09:43,453] [basehttp.py:154] [basehttp:log_message] [INFO]- "GET /admin/app01/permission/ HTTP/1.1" 200 34168
[2021-12-30 11:09:43,486] [basehttp.py:154] [basehttp:log_message] [INFO]- "GET /admin/jsi18n/ HTTP/1.1" 200 7684
[2021-12-30 11:09:43,539] [basehttp.py:154] [basehttp:log_message] [INFO]- "GET /favicon.ico HTTP/1.1" 200 15905
[2021-12-30 11:09:45,973] [basehttp.py:154] [basehttp:log_message] [INFO]- "GET /admin/app01/permission/add/ HTTP/1.1" 200 7270
[2021-12-30 11:09:45,994] [basehttp.py:154] [basehttp:log_message] [INFO]- "GET /admin/jsi18n/ HTTP/1.1" 200 7684
[2021-12-30 11:09:46,033] [basehttp.py:154] [basehttp:log_message] [INFO]- "GET /favicon.ico HTTP/1.1" 200 15905
[2021-12-30 11:10:50,315] [UserIP.py:89] [UserIP:process_response] [CRITICAL]- 系统错误
[2021-12-30 11:10:50,325] [basehttp.py:154] [basehttp:log_message] [INFO]- "POST /admin/app01/permission/add/ HTTP/1.1" 302 0
[2021-12-30 11:10:50,424] [basehttp.py:154] [basehttp:log_message] [INFO]- "GET /admin/app01/permission/ HTTP/1.1" 200 34765
[2021-12-30 11:10:50,446] [basehttp.py:154] [basehttp:log_message] [INFO]- "GET /admin/jsi18n/ HTTP/1.1" 200 7684
[2021-12-30 11:10:50,548] [basehttp.py:154] [basehttp:log_message] [INFO]- "GET /favicon.ico HTTP/1.1" 200 15905
[2021-12-30 11:10:51,314] [basehttp.py:154] [basehttp:log_message] [INFO]- "GET /admin/app01/permission/add/ HTTP/1.1" 200 7270
[2021-12-30 11:10:51,340] [basehttp.py:154] [basehttp:log_message] [INFO]- "GET /admin/jsi18n/ HTTP/1.1" 200 7684
[2021-12-30 11:10:51,394] [basehttp.py:154] [basehttp:log_message] [INFO]- "GET /favicon.ico HTTP/1.1" 200 15905
[2021-12-30 11:11:23,133] [UserIP.py:89] [UserIP:process_response] [CRITICAL]- 系统错误
[2021-12-30 11:11:23,141] [basehttp.py:154] [basehttp:log_message] [INFO]- "POST /admin/app01/permission/add/ HTTP/1.1" 302 0
[2021-12-30 11:11:23,237] [basehttp.py:154] [basehttp:log_message] [INFO]- "GET /admin/app01/permission/ HTTP/1.1" 200 35369
[2021-12-30 11:11:23,260] [basehttp.py:154] [basehttp:log_message] [INFO]- "GET /admin/jsi18n/ HTTP/1.1" 200 7684
[2021-12-30 11:11:23,318] [basehttp.py:154] [basehttp:log_message] [INFO]- "GET /favicon.ico HTTP/1.1" 200 15905
[2021-12-30 11:11:26,812] [basehttp.py:154] [basehttp:log_message] [INFO]- "GET /admin/app01/ HTTP/1.1" 200 3731
[2021-12-30 11:11:26,843] [basehttp.py:154] [basehttp:log_message] [INFO]- "GET /favicon.ico HTTP/1.1" 200 15905
[2021-12-30 11:11:28,668] [basehttp.py:154] [basehttp:log_message] [INFO]- "GET /admin/app01/menu/ HTTP/1.1" 200 13096
[2021-12-30 11:11:28,705] [basehttp.py:154] [basehttp:log_message] [INFO]- "GET /admin/jsi18n/ HTTP/1.1" 200 7684
[2021-12-30 11:11:28,742] [basehttp.py:154] [basehttp:log_message] [INFO]- "GET /favicon.ico HTTP/1.1" 200 15905
[2021-12-30 11:11:37,189] [basehttp.py:154] [basehttp:log_message] [INFO]- "GET /admin/app01/menu/add/ HTTP/1.1" 200 6745
[2021-12-30 11:11:37,216] [basehttp.py:154] [basehttp:log_message] [INFO]- "GET /admin/jsi18n/ HTTP/1.1" 200 7684
[2021-12-30 11:11:37,252] [basehttp.py:154] [basehttp:log_message] [INFO]- "GET /favicon.ico HTTP/1.1" 200 15905
[2021-12-30 11:12:23,887] [UserIP.py:89] [UserIP:process_response] [CRITICAL]- 系统错误
[2021-12-30 11:12:23,894] [basehttp.py:154] [basehttp:log_message] [INFO]- "POST /admin/app01/menu/add/ HTTP/1.1" 302 0
[2021-12-30 11:12:23,962] [basehttp.py:154] [basehttp:log_message] [INFO]- "GET /admin/app01/menu/ HTTP/1.1" 200 13652
[2021-12-30 11:12:24,000] [basehttp.py:154] [basehttp:log_message] [INFO]- "GET /admin/jsi18n/ HTTP/1.1" 200 7684
[2021-12-30 11:12:24,043] [basehttp.py:154] [basehttp:log_message] [INFO]- "GET /favicon.ico HTTP/1.1" 200 15905
[2021-12-30 11:12:31,606] [basehttp.py:154] [basehttp:log_message] [INFO]- "GET /admin/app01/ HTTP/1.1" 200 3731
[2021-12-30 11:12:31,651] [basehttp.py:154] [basehttp:log_message] [INFO]- "GET /favicon.ico HTTP/1.1" 200 15905
[2021-12-30 11:12:32,917] [basehttp.py:154] [basehttp:log_message] [INFO]- "GET /admin/app01/permission/ HTTP/1.1" 200 35158
[2021-12-30 11:12:32,941] [basehttp.py:154] [basehttp:log_message] [INFO]- "GET /admin/jsi18n/ HTTP/1.1" 200 7684
[2021-12-30 11:12:32,995] [basehttp.py:154] [basehttp:log_message] [INFO]- "GET /favicon.ico HTTP/1.1" 200 15905
[2021-12-30 11:12:35,444] [basehttp.py:154] [basehttp:log_message] [INFO]- "GET /admin/app01/permission/add/ HTTP/1.1" 200 7325
[2021-12-30 11:12:35,502] [basehttp.py:154] [basehttp:log_message] [INFO]- "GET /admin/jsi18n/ HTTP/1.1" 200 7684
[2021-12-30 11:12:35,535] [basehttp.py:154] [basehttp:log_message] [INFO]- "GET /favicon.ico HTTP/1.1" 200 15905
[2021-12-30 11:13:40,759] [UserIP.py:89] [UserIP:process_response] [CRITICAL]- 系统错误
[2021-12-30 11:13:40,768] [basehttp.py:154] [basehttp:log_message] [INFO]- "POST /admin/app01/permission/add/ HTTP/1.1" 302 0
[2021-12-30 11:13:40,881] [basehttp.py:154] [basehttp:log_message] [INFO]- "GET /admin/app01/permission/ HTTP/1.1" 200 35849
[2021-12-30 11:13:40,904] [basehttp.py:154] [basehttp:log_message] [INFO]- "GET /admin/jsi18n/ HTTP/1.1" 200 7684
[2021-12-30 11:13:40,961] [basehttp.py:154] [basehttp:log_message] [INFO]- "GET /favicon.ico HTTP/1.1" 200 15905
[2021-12-30 11:13:43,909] [basehttp.py:154] [basehttp:log_message] [INFO]- "GET /admin/app01/ HTTP/1.1" 200 3731
[2021-12-30 11:13:43,934] [basehttp.py:154] [basehttp:log_message] [INFO]- "GET /favicon.ico HTTP/1.1" 200 15905
[2021-12-30 11:13:45,500] [basehttp.py:154] [basehttp:log_message] [INFO]- "GET /admin/app01/role/ HTTP/1.1" 200 7201
[2021-12-30 11:13:45,525] [basehttp.py:154] [basehttp:log_message] [INFO]- "GET /admin/jsi18n/ HTTP/1.1" 200 7684
[2021-12-30 11:13:45,575] [basehttp.py:154] [basehttp:log_message] [INFO]- "GET /favicon.ico HTTP/1.1" 200 15905
[2021-12-30 11:13:46,832] [basehttp.py:154] [basehttp:log_message] [INFO]- "GET /admin/app01/role/1/change/ HTTP/1.1" 200 9659
[2021-12-30 11:13:46,876] [basehttp.py:154] [basehttp:log_message] [INFO]- "GET /admin/jsi18n/ HTTP/1.1" 200 7684
[2021-12-30 11:13:46,908] [basehttp.py:154] [basehttp:log_message] [INFO]- "GET /favicon.ico HTTP/1.1" 200 15905
[2021-12-30 11:13:55,058] [UserIP.py:89] [UserIP:process_response] [CRITICAL]- 系统错误
[2021-12-30 11:13:55,067] [basehttp.py:154] [basehttp:log_message] [INFO]- "POST /admin/app01/role/1/change/ HTTP/1.1" 302 0
[2021-12-30 11:13:55,128] [basehttp.py:154] [basehttp:log_message] [INFO]- "GET /admin/app01/role/ HTTP/1.1" 200 7365
[2021-12-30 11:13:55,151] [basehttp.py:154] [basehttp:log_message] [INFO]- "GET /admin/jsi18n/ HTTP/1.1" 200 7684
[2021-12-30 11:13:55,196] [basehttp.py:154] [basehttp:log_message] [INFO]- "GET /favicon.ico HTTP/1.1" 200 15905
[2021-12-30 11:14:01,488] [basehttp.py:154] [basehttp:log_message] [INFO]- "GET /admin/app01/role/add/ HTTP/1.1" 200 9160
[2021-12-30 11:14:01,511] [basehttp.py:154] [basehttp:log_message] [INFO]- "GET /admin/jsi18n/ HTTP/1.1" 200 7684
[2021-12-30 11:14:01,546] [basehttp.py:154] [basehttp:log_message] [INFO]- "GET /favicon.ico HTTP/1.1" 200 15905
[2021-12-30 11:14:26,736] [basehttp.py:154] [basehttp:log_message] [INFO]- "GET /admin/app01/role/ HTTP/1.1" 200 7201
[2021-12-30 11:14:26,802] [basehttp.py:154] [basehttp:log_message] [INFO]- "GET /favicon.ico HTTP/1.1" 200 15905
[2021-12-30 11:14:29,673] [basehttp.py:154] [basehttp:log_message] [INFO]- "GET /admin/app01/role/5/change/ HTTP/1.1" 200 9439
[2021-12-30 11:14:29,718] [basehttp.py:154] [basehttp:log_message] [INFO]- "GET /admin/jsi18n/ HTTP/1.1" 200 7684
[2021-12-30 11:14:29,763] [basehttp.py:154] [basehttp:log_message] [INFO]- "GET /favicon.ico HTTP/1.1" 200 15905
[2021-12-30 11:14:32,224] [basehttp.py:154] [basehttp:log_message] [INFO]- "GET /admin/app01/role/ HTTP/1.1" 200 7201
[2021-12-30 11:14:32,266] [basehttp.py:154] [basehttp:log_message] [INFO]- "GET /favicon.ico HTTP/1.1" 200 15905
[2021-12-30 11:14:33,304] [basehttp.py:154] [basehttp:log_message] [INFO]- "GET /admin/app01/role/add/ HTTP/1.1" 200 9160
[2021-12-30 11:14:33,326] [basehttp.py:154] [basehttp:log_message] [INFO]- "GET /admin/jsi18n/ HTTP/1.1" 200 7684
[2021-12-30 11:14:33,360] [basehttp.py:154] [basehttp:log_message] [INFO]- "GET /favicon.ico HTTP/1.1" 200 15905
[2021-12-30 11:14:44,568] [UserIP.py:89] [UserIP:process_response] [CRITICAL]- 系统错误
[2021-12-30 11:14:44,577] [basehttp.py:154] [basehttp:log_message] [INFO]- "POST /admin/app01/role/add/ HTTP/1.1" 200 9325
[2021-12-30 11:14:44,615] [basehttp.py:154] [basehttp:log_message] [INFO]- "GET /admin/jsi18n/ HTTP/1.1" 200 7684
[2021-12-30 11:14:44,654] [basehttp.py:154] [basehttp:log_message] [INFO]- "GET /favicon.ico HTTP/1.1" 200 15905
[2021-12-30 11:15:15,766] [UserIP.py:89] [UserIP:process_response] [CRITICAL]- 系统错误
[2021-12-30 11:15:15,774] [basehttp.py:154] [basehttp:log_message] [INFO]- "POST /admin/app01/role/add/ HTTP/1.1" 302 0
[2021-12-30 11:15:15,835] [basehttp.py:154] [basehttp:log_message] [INFO]- "GET /admin/app01/role/ HTTP/1.1" 200 7708
[2021-12-30 11:15:15,858] [basehttp.py:154] [basehttp:log_message] [INFO]- "GET /admin/jsi18n/ HTTP/1.1" 200 7684
[2021-12-30 11:15:15,899] [basehttp.py:154] [basehttp:log_message] [INFO]- "GET /favicon.ico HTTP/1.1" 200 15905
[2021-12-30 11:15:18,804] [basehttp.py:154] [basehttp:log_message] [INFO]- "GET /admin/app01/role/add/ HTTP/1.1" 200 9160
[2021-12-30 11:15:18,847] [basehttp.py:154] [basehttp:log_message] [INFO]- "GET /admin/jsi18n/ HTTP/1.1" 200 7684
[2021-12-30 11:15:18,885] [basehttp.py:154] [basehttp:log_message] [INFO]- "GET /favicon.ico HTTP/1.1" 200 15905
[2021-12-30 11:16:53,251] [UserIP.py:89] [UserIP:process_response] [CRITICAL]- 系统错误
[2021-12-30 11:16:53,259] [basehttp.py:154] [basehttp:log_message] [INFO]- "POST /admin/app01/role/add/ HTTP/1.1" 302 0
[2021-12-30 11:16:53,300] [basehttp.py:154] [basehttp:log_message] [INFO]- "GET /admin/app01/role/ HTTP/1.1" 200 8061
[2021-12-30 11:16:53,323] [basehttp.py:154] [basehttp:log_message] [INFO]- "GET /admin/jsi18n/ HTTP/1.1" 200 7684
[2021-12-30 11:16:53,363] [basehttp.py:154] [basehttp:log_message] [INFO]- "GET /favicon.ico HTTP/1.1" 200 15905
[2021-12-30 11:17:02,424] [basehttp.py:154] [basehttp:log_message] [INFO]- "GET /admin/app01/role/8/change/ HTTP/1.1" 200 9490
[2021-12-30 11:17:02,447] [basehttp.py:154] [basehttp:log_message] [INFO]- "GET /admin/jsi18n/ HTTP/1.1" 200 7684
[2021-12-30 11:17:02,501] [basehttp.py:154] [basehttp:log_message] [INFO]- "GET /favicon.ico HTTP/1.1" 200 15905
[2021-12-30 11:17:15,524] [UserIP.py:89] [UserIP:process_response] [CRITICAL]- 系统错误
[2021-12-30 11:17:15,531] [basehttp.py:154] [basehttp:log_message] [INFO]- "POST /admin/app01/role/8/change/ HTTP/1.1" 302 0
[2021-12-30 11:17:15,575] [basehttp.py:154] [basehttp:log_message] [INFO]- "GET /admin/app01/role/ HTTP/1.1" 200 8057
[2021-12-30 11:17:15,621] [basehttp.py:154] [basehttp:log_message] [INFO]- "GET /admin/jsi18n/ HTTP/1.1" 200 7684
[2021-12-30 11:17:15,668] [basehttp.py:154] [basehttp:log_message] [INFO]- "GET /favicon.ico HTTP/1.1" 200 15905
[2021-12-30 11:17:17,182] [basehttp.py:154] [basehttp:log_message] [INFO]- "GET /admin/app01/role/add/ HTTP/1.1" 200 9160
[2021-12-30 11:17:17,223] [basehttp.py:154] [basehttp:log_message] [INFO]- "GET /admin/jsi18n/ HTTP/1.1" 200 7684
[2021-12-30 11:17:17,255] [basehttp.py:154] [basehttp:log_message] [INFO]- "GET /favicon.ico HTTP/1.1" 200 15905
[2021-12-30 11:17:46,023] [UserIP.py:89] [UserIP:process_response] [CRITICAL]- 系统错误
[2021-12-30 11:17:46,031] [basehttp.py:154] [basehttp:log_message] [INFO]- "POST /admin/app01/role/add/ HTTP/1.1" 302 0
[2021-12-30 11:17:46,082] [basehttp.py:154] [basehttp:log_message] [INFO]- "GET /admin/app01/role/ HTTP/1.1" 200 8401
[2021-12-30 11:17:46,109] [basehttp.py:154] [basehttp:log_message] [INFO]- "GET /admin/jsi18n/ HTTP/1.1" 200 7684
[2021-12-30 11:17:46,160] [basehttp.py:154] [basehttp:log_message] [INFO]- "GET /favicon.ico HTTP/1.1" 200 15905
[2021-12-30 11:17:47,312] [basehttp.py:154] [basehttp:log_message] [INFO]- "GET /admin/app01/role/add/ HTTP/1.1" 200 9160
[2021-12-30 11:17:47,349] [basehttp.py:154] [basehttp:log_message] [INFO]- "GET /admin/jsi18n/ HTTP/1.1" 200 7684
[2021-12-30 11:17:47,397] [basehttp.py:154] [basehttp:log_message] [INFO]- "GET /favicon.ico HTTP/1.1" 200 15905
[2021-12-30 11:18:19,495] [UserIP.py:89] [UserIP:process_response] [CRITICAL]- 系统错误
[2021-12-30 11:18:19,501] [basehttp.py:154] [basehttp:log_message] [INFO]- "POST /admin/app01/role/add/ HTTP/1.1" 302 0
[2021-12-30 11:18:19,558] [basehttp.py:154] [basehttp:log_message] [INFO]- "GET /admin/app01/role/ HTTP/1.1" 200 8760
[2021-12-30 11:18:19,581] [basehttp.py:154] [basehttp:log_message] [INFO]- "GET /admin/jsi18n/ HTTP/1.1" 200 7684
[2021-12-30 11:18:19,623] [basehttp.py:154] [basehttp:log_message] [INFO]- "GET /favicon.ico HTTP/1.1" 200 15905
[2021-12-30 11:18:21,982] [basehttp.py:154] [basehttp:log_message] [INFO]- "GET /admin/app01/ HTTP/1.1" 200 3731
[2021-12-30 11:18:22,010] [basehttp.py:154] [basehttp:log_message] [INFO]- "GET /favicon.ico HTTP/1.1" 200 15905
[2021-12-30 11:18:24,039] [basehttp.py:154] [basehttp:log_message] [INFO]- "GET /admin/app01/permission/ HTTP/1.1" 200 35644
[2021-12-30 11:18:24,060] [basehttp.py:154] [basehttp:log_message] [INFO]- "GET /admin/jsi18n/ HTTP/1.1" 200 7684
[2021-12-30 11:18:24,111] [basehttp.py:154] [basehttp:log_message] [INFO]- "GET /favicon.ico HTTP/1.1" 200 15905
[2021-12-30 11:18:30,984] [basehttp.py:154] [basehttp:log_message] [INFO]- "GET /admin/app01/permission/49/change/ HTTP/1.1" 200 7626
[2021-12-30 11:18:31,021] [basehttp.py:154] [basehttp:log_message] [INFO]- "GET /admin/jsi18n/ HTTP/1.1" 200 7684
[2021-12-30 11:18:31,056] [basehttp.py:154] [basehttp:log_message] [INFO]- "GET /favicon.ico HTTP/1.1" 200 15905
[2021-12-30 11:18:41,794] [UserIP.py:89] [UserIP:process_response] [CRITICAL]- 系统错误
[2021-12-30 11:18:41,801] [basehttp.py:154] [basehttp:log_message] [INFO]- "POST /admin/app01/permission/49/change/ HTTP/1.1" 302 0
[2021-12-30 11:18:41,903] [basehttp.py:154] [basehttp:log_message] [INFO]- "GET /admin/app01/permission/ HTTP/1.1" 200 35858
[2021-12-30 11:18:41,926] [basehttp.py:154] [basehttp:log_message] [INFO]- "GET /admin/jsi18n/ HTTP/1.1" 200 7684
[2021-12-30 11:18:42,014] [basehttp.py:154] [basehttp:log_message] [INFO]- "GET /favicon.ico HTTP/1.1" 200 15905
[2021-12-30 11:18:47,006] [basehttp.py:154] [basehttp:log_message] [INFO]- "GET /admin/app01/permission/39/change/ HTTP/1.1" 200 7622
[2021-12-30 11:18:47,039] [basehttp.py:154] [basehttp:log_message] [INFO]- "GET /admin/jsi18n/ HTTP/1.1" 200 7684
[2021-12-30 11:18:47,070] [basehttp.py:154] [basehttp:log_message] [INFO]- "GET /favicon.ico HTTP/1.1" 200 15905
[2021-12-30 11:18:51,923] [basehttp.py:154] [basehttp:log_message] [INFO]- "GET /admin/app01/permission/ HTTP/1.1" 200 35644
[2021-12-30 11:18:52,002] [basehttp.py:154] [basehttp:log_message] [INFO]- "GET /favicon.ico HTTP/1.1" 200 15905
[2021-12-30 11:18:56,096] [basehttp.py:154] [basehttp:log_message] [INFO]- "GET /admin/app01/ HTTP/1.1" 200 3731
[2021-12-30 11:18:56,125] [basehttp.py:154] [basehttp:log_message] [INFO]- "GET /favicon.ico HTTP/1.1" 200 15905
[2021-12-30 11:18:57,224] [basehttp.py:154] [basehttp:log_message] [INFO]- "GET /admin/app01/role/ HTTP/1.1" 200 8580
[2021-12-30 11:18:57,246] [basehttp.py:154] [basehttp:log_message] [INFO]- "GET /admin/jsi18n/ HTTP/1.1" 200 7684
[2021-12-30 11:18:57,281] [basehttp.py:154] [basehttp:log_message] [INFO]- "GET /favicon.ico HTTP/1.1" 200 15905
[2021-12-30 11:19:03,110] [basehttp.py:154] [basehttp:log_message] [INFO]- "GET /admin/app01/role/10/change/ HTTP/1.1" 200 9491
[2021-12-30 11:19:03,132] [basehttp.py:154] [basehttp:log_message] [INFO]- "GET /admin/jsi18n/ HTTP/1.1" 200 7684
[2021-12-30 11:19:03,163] [basehttp.py:154] [basehttp:log_message] [INFO]- "GET /favicon.ico HTTP/1.1" 200 15905
[2021-12-30 11:19:07,810] [basehttp.py:154] [basehttp:log_message] [INFO]- "GET /admin/app01/role/ HTTP/1.1" 200 8580
[2021-12-30 11:19:07,848] [basehttp.py:154] [basehttp:log_message] [INFO]- "GET /favicon.ico HTTP/1.1" 200 15905
[2021-12-30 11:19:08,468] [basehttp.py:154] [basehttp:log_message] [INFO]- "GET /admin/app01/ HTTP/1.1" 200 3731
[2021-12-30 11:19:08,517] [basehttp.py:154] [basehttp:log_message] [INFO]- "GET /favicon.ico HTTP/1.1" 200 15905
[2021-12-30 11:19:09,681] [basehttp.py:154] [basehttp:log_message] [INFO]- "GET /admin/app01/permission/ HTTP/1.1" 200 35644
[2021-12-30 11:19:09,735] [basehttp.py:154] [basehttp:log_message] [INFO]- "GET /favicon.ico HTTP/1.1" 200 15905
[2021-12-30 11:19:18,015] [basehttp.py:154] [basehttp:log_message] [INFO]- "GET /admin/app01/permission/45/change/ HTTP/1.1" 200 7622
[2021-12-30 11:19:18,039] [basehttp.py:154] [basehttp:log_message] [INFO]- "GET /admin/jsi18n/ HTTP/1.1" 200 7684
[2021-12-30 11:19:18,076] [basehttp.py:154] [basehttp:log_message] [INFO]- "GET /favicon.ico HTTP/1.1" 200 15905
[2021-12-30 11:19:38,454] [UserIP.py:89] [UserIP:process_response] [CRITICAL]- 系统错误
[2021-12-30 11:19:38,460] [basehttp.py:154] [basehttp:log_message] [INFO]- "POST /admin/app01/permission/45/change/ HTTP/1.1" 302 0
[2021-12-30 11:19:38,542] [basehttp.py:154] [basehttp:log_message] [INFO]- "GET /admin/app01/permission/ HTTP/1.1" 200 35858
[2021-12-30 11:19:38,566] [basehttp.py:154] [basehttp:log_message] [INFO]- "GET /admin/jsi18n/ HTTP/1.1" 200 7684
[2021-12-30 11:19:38,617] [basehttp.py:154] [basehttp:log_message] [INFO]- "GET /favicon.ico HTTP/1.1" 200 15905
[2021-12-30 11:19:45,735] [basehttp.py:154] [basehttp:log_message] [INFO]- "GET /admin/app01/ HTTP/1.1" 200 3731
[2021-12-30 11:19:45,786] [basehttp.py:154] [basehttp:log_message] [INFO]- "GET /favicon.ico HTTP/1.1" 200 15905
[2021-12-30 11:22:16,054] [basehttp.py:154] [basehttp:log_message] [INFO]- "GET /admin/app01/menu/ HTTP/1.1" 200 13473
[2021-12-30 11:22:16,079] [basehttp.py:154] [basehttp:log_message] [INFO]- "GET /admin/jsi18n/ HTTP/1.1" 200 7684
[2021-12-30 11:22:16,128] [basehttp.py:154] [basehttp:log_message] [INFO]- "GET /favicon.ico HTTP/1.1" 200 15905
[2021-12-30 11:33:16,802] [basehttp.py:154] [basehttp:log_message] [INFO]- "GET /logout/ HTTP/1.1" 302 0
[2021-12-30 11:33:16,807] [basehttp.py:154] [basehttp:log_message] [INFO]- "GET /login/ HTTP/1.1" 200 4823
[2021-12-30 11:33:16,874] [basehttp.py:154] [basehttp:log_message] [INFO]- "GET /favicon.ico HTTP/1.1" 302 0
[2021-12-30 11:33:16,897] [basehttp.py:154] [basehttp:log_message] [INFO]- "GET /login/ HTTP/1.1" 200 4823
[2021-12-30 11:33:19,912] [UserIP.py:89] [UserIP:process_response] [CRITICAL]- 系统错误
[2021-12-30 11:33:19,924] [basehttp.py:154] [basehttp:log_message] [INFO]- "POST /login/ HTTP/1.1" 302 0
[2021-12-30 11:33:19,979] [basehttp.py:154] [basehttp:log_message] [INFO]- "GET /index/ HTTP/1.1" 200 29030
[2021-12-30 11:33:20,077] [basehttp.py:154] [basehttp:log_message] [INFO]- "GET /index/ HTTP/1.1" 200 29030
[2021-12-30 11:33:20,392] [UserIP.py:87] [UserIP:process_response] [INFO]- 2021-12-30 11:33:20 C1010S3>cao. edwin None>LAPTOP-VA9VPAO8>417 127.0.0.1 127.0.0.1 /index/ POST
[2021-12-30 11:33:20,401] [basehttp.py:154] [basehttp:log_message] [INFO]- "POST /index/ HTTP/1.1" 200 1360
[2021-12-30 11:33:20,410] [basehttp.py:154] [basehttp:log_message] [INFO]- "GET /favicon.ico HTTP/1.1" 200 19954
[2021-12-30 11:33:20,441] [basehttp.py:154] [basehttp:log_message] [INFO]- "GET /media/img/UserInfo/u2393454652578938553fm26gp0.jpg HTTP/1.1" 200 34852
[2021-12-30 11:33:45,767] [basehttp.py:154] [basehttp:log_message] [INFO]- "GET /Summary/ HTTP/1.1" 200 23257
[2021-12-30 11:33:45,787] [basehttp.py:154] [basehttp:log_message] [INFO]- "GET /static/src/kiwi.jpg HTTP/1.1" 200 83786
[2021-12-30 11:33:45,788] [basehttp.py:154] [basehttp:log_message] [INFO]- "GET /static/src/chrome.jpg HTTP/1.1" 200 57817
[2021-12-30 11:33:45,789] [basehttp.py:154] [basehttp:log_message] [INFO]- "GET /static/src/ocean.jpg HTTP/1.1" 200 128450
[2021-12-30 11:33:45,793] [basehttp.py:154] [basehttp:log_message] [INFO]- "GET /static/src/sunny.jpg HTTP/1.1" 200 136474
[2021-12-30 11:33:45,977] [basehttp.py:154] [basehttp:log_message] [INFO]- "GET /favicon.ico HTTP/1.1" 200 19954
[2021-12-30 11:33:49,539] [basehttp.py:154] [basehttp:log_message] [INFO]- "GET /index/ HTTP/1.1" 200 29030
[2021-12-30 11:33:49,755] [UserIP.py:87] [UserIP:process_response] [INFO]- 2021-12-30 11:33:49 C1010S3>cao. edwin None>LAPTOP-VA9VPAO8>417 127.0.0.1 127.0.0.1 /index/ POST
[2021-12-30 11:33:49,765] [basehttp.py:154] [basehttp:log_message] [INFO]- "POST /index/ HTTP/1.1" 200 1360
[2021-12-30 11:33:49,773] [basehttp.py:154] [basehttp:log_message] [INFO]- "GET /favicon.ico HTTP/1.1" 200 19954
[2021-12-30 11:40:20,357] [basehttp.py:154] [basehttp:log_message] [INFO]- "GET /index/ HTTP/1.1" 200 29050
[2021-12-30 11:40:20,446] [basehttp.py:154] [basehttp:log_message] [INFO]- "GET /index/ HTTP/1.1" 200 29050
[2021-12-30 11:40:20,769] [UserIP.py:87] [UserIP:process_response] [INFO]- 2021-12-30 11:40:20 C1010S3>cao. edwin None>LAPTOP-VA9VPAO8>417 127.0.0.1 127.0.0.1 /index/ POST
[2021-12-30 11:40:20,781] [basehttp.py:154] [basehttp:log_message] [INFO]- "POST /index/ HTTP/1.1" 200 1360
[2021-12-30 11:40:20,806] [basehttp.py:154] [basehttp:log_message] [INFO]- "GET /favicon.ico HTTP/1.1" 200 19974
[2021-12-30 11:50:57,716] [basehttp.py:154] [basehttp:log_message] [INFO]- "GET /index/ HTTP/1.1" 200 29052
[2021-12-30 11:50:57,801] [basehttp.py:154] [basehttp:log_message] [INFO]- "GET /index/ HTTP/1.1" 200 29052
[2021-12-30 11:50:58,068] [basehttp.py:154] [basehttp:log_message] [INFO]- "GET /favicon.ico HTTP/1.1" 200 19976
[2021-12-30 11:50:58,071] [UserIP.py:87] [UserIP:process_response] [INFO]- 2021-12-30 11:50:58 C1010S3>cao. edwin None>LAPTOP-VA9VPAO8>417 127.0.0.1 127.0.0.1 /index/ POST
[2021-12-30 11:50:58,078] [basehttp.py:154] [basehttp:log_message] [INFO]- "POST /index/ HTTP/1.1" 200 1360
[2021-12-30 11:51:36,624] [basehttp.py:154] [basehttp:log_message] [INFO]- "GET /index/ HTTP/1.1" 200 29055
[2021-12-30 11:51:36,718] [basehttp.py:154] [basehttp:log_message] [INFO]- "GET /index/ HTTP/1.1" 200 29055
[2021-12-30 11:51:36,986] [UserIP.py:87] [UserIP:process_response] [INFO]- 2021-12-30 11:51:36 C1010S3>cao. edwin None>LAPTOP-VA9VPAO8>417 127.0.0.1 127.0.0.1 /index/ POST
[2021-12-30 11:51:36,995] [basehttp.py:154] [basehttp:log_message] [INFO]- "POST /index/ HTTP/1.1" 200 1360
[2021-12-30 11:51:37,004] [basehttp.py:154] [basehttp:log_message] [INFO]- "GET /favicon.ico HTTP/1.1" 200 19979
[2021-12-30 11:57:05,216] [basehttp.py:154] [basehttp:log_message] [INFO]- "GET /index/ HTTP/1.1" 200 29123
[2021-12-30 11:57:05,235] [basehttp.py:154] [basehttp:log_message] [INFO]- "GET /static/css/bootstrap.minv513.css HTTP/1.1" 200 163878
[2021-12-30 11:57:05,298] [basehttp.py:154] [basehttp:log_message] [INFO]- "GET /index/ HTTP/1.1" 200 29123
[2021-12-30 11:57:05,463] [UserIP.py:87] [UserIP:process_response] [INFO]- 2021-12-30 11:57:05 C1010S3>cao. edwin None>LAPTOP-VA9VPAO8>417 127.0.0.1 127.0.0.1 /index/ POST
[2021-12-30 11:57:05,473] [basehttp.py:154] [basehttp:log_message] [INFO]- "POST /index/ HTTP/1.1" 200 1360
[2021-12-30 11:57:05,484] [basehttp.py:154] [basehttp:log_message] [INFO]- "GET /favicon.ico HTTP/1.1" 200 20047
[2021-12-30 11:58:23,175] [basehttp.py:154] [basehttp:log_message] [INFO]- "GET /index/ HTTP/1.1" 200 29129
[2021-12-30 11:58:23,190] [basehttp.py:154] [basehttp:log_message] [INFO]- "GET /static/css/bootstrap.minv513.css HTTP/1.1" 304 0
[2021-12-30 11:58:23,252] [basehttp.py:154] [basehttp:log_message] [INFO]- "GET /index/ HTTP/1.1" 200 29129
[2021-12-30 11:58:23,463] [UserIP.py:87] [UserIP:process_response] [INFO]- 2021-12-30 11:58:23 C1010S3>cao. edwin None>LAPTOP-VA9VPAO8>417 127.0.0.1 127.0.0.1 /index/ POST
[2021-12-30 11:58:23,464] [basehttp.py:154] [basehttp:log_message] [INFO]- "GET /favicon.ico HTTP/1.1" 200 20053
[2021-12-30 11:58:23,474] [basehttp.py:154] [basehttp:log_message] [INFO]- "POST /index/ HTTP/1.1" 200 1360
[2021-12-30 11:58:24,642] [basehttp.py:154] [basehttp:log_message] [INFO]- "GET /index/ HTTP/1.1" 200 29129
[2021-12-30 11:58:24,717] [basehttp.py:154] [basehttp:log_message] [INFO]- "GET /index/ HTTP/1.1" 200 29129
[2021-12-30 11:58:24,880] [basehttp.py:154] [basehttp:log_message] [INFO]- "GET /favicon.ico HTTP/1.1" 200 20053
[2021-12-30 11:58:24,887] [UserIP.py:87] [UserIP:process_response] [INFO]- 2021-12-30 11:58:24 C1010S3>cao. edwin None>LAPTOP-VA9VPAO8>417 127.0.0.1 127.0.0.1 /index/ POST
[2021-12-30 11:58:24,894] [basehttp.py:154] [basehttp:log_message] [INFO]- "POST /index/ HTTP/1.1" 200 1360
[2021-12-30 12:11:07,830] [basehttp.py:154] [basehttp:log_message] [INFO]- "GET /index/ HTTP/1.1" 200 29050
[2021-12-30 12:11:07,911] [basehttp.py:154] [basehttp:log_message] [INFO]- "GET /index/ HTTP/1.1" 200 29050
[2021-12-30 12:11:08,208] [UserIP.py:87] [UserIP:process_response] [INFO]- 2021-12-30 12:11:08 C1010S3>cao. edwin None>LAPTOP-VA9VPAO8>417 127.0.0.1 127.0.0.1 /index/ POST
[2021-12-30 12:11:08,218] [basehttp.py:154] [basehttp:log_message] [INFO]- "POST /index/ HTTP/1.1" 200 1360
[2021-12-30 12:11:08,227] [basehttp.py:154] [basehttp:log_message] [INFO]- "GET /favicon.ico HTTP/1.1" 200 19974
[2021-12-30 12:11:23,594] [log.py:228] [log:log_response] [ERROR]- Internal Server Error: /ComputerMS/R_Borrowed/
Traceback (most recent call last):
  File "C:\Python372\mecheck\lib\site-packages\django\core\handlers\exception.py", line 34, in inner
    response = get_response(request)
  File "C:\Python372\mecheck\lib\site-packages\django\core\handlers\base.py", line 126, in _get_response
    response = self.process_exception_by_middleware(e, request)
  File "C:\Python372\mecheck\lib\site-packages\django\core\handlers\base.py", line 124, in _get_response
    response = wrapped_callback(request, *callback_args, **callback_kwargs)
  File "C:\Python372\mecheck\lib\site-packages\django\views\decorators\csrf.py", line 54, in wrapped_view
    return view_func(*args, **kwargs)
  File "C:\djangoproject\DMS\ComputerMS\views.py", line 590, in R_Borrowed
    if DeviceIntfCtgryList.objects.all():
NameError: name 'DeviceIntfCtgryList' is not defined
[2021-12-30 12:11:23,596] [basehttp.py:154] [basehttp:log_message] [ERROR]- "GET /ComputerMS/R_Borrowed/ HTTP/1.1" 500 80007
[2021-12-30 12:11:23,680] [basehttp.py:154] [basehttp:log_message] [INFO]- "GET /favicon.ico HTTP/1.1" 200 19974
[2021-12-30 12:11:25,138] [basehttp.py:154] [basehttp:log_message] [INFO]- "GET /index/ HTTP/1.1" 200 29050
[2021-12-30 12:11:25,511] [UserIP.py:87] [UserIP:process_response] [INFO]- 2021-12-30 12:11:25 C1010S3>cao. edwin None>LAPTOP-VA9VPAO8>417 127.0.0.1 127.0.0.1 /index/ POST
[2021-12-30 12:11:25,519] [basehttp.py:154] [basehttp:log_message] [INFO]- "POST /index/ HTTP/1.1" 200 1360
[2021-12-30 12:11:25,527] [basehttp.py:154] [basehttp:log_message] [INFO]- "GET /favicon.ico HTTP/1.1" 200 19974
[2021-12-30 12:12:45,935] [log.py:228] [log:log_response] [ERROR]- Internal Server Error: /ChairCabinetMS/R_Borrowed/
Traceback (most recent call last):
  File "C:\Python372\mecheck\lib\site-packages\django\core\handlers\exception.py", line 34, in inner
    response = get_response(request)
  File "C:\Python372\mecheck\lib\site-packages\django\core\handlers\base.py", line 126, in _get_response
    response = self.process_exception_by_middleware(e, request)
  File "C:\Python372\mecheck\lib\site-packages\django\core\handlers\base.py", line 124, in _get_response
    response = wrapped_callback(request, *callback_args, **callback_kwargs)
  File "C:\Python372\mecheck\lib\site-packages\django\views\decorators\csrf.py", line 54, in wrapped_view
    return view_func(*args, **kwargs)
  File "C:\djangoproject\DMS\ChairCabinetMS\views.py", line 592, in R_Borrowed
    if DeviceIntfCtgryList.objects.all():
NameError: name 'DeviceIntfCtgryList' is not defined
[2021-12-30 12:12:45,938] [basehttp.py:154] [basehttp:log_message] [ERROR]- "GET /ChairCabinetMS/R_Borrowed/ HTTP/1.1" 500 80091
[2021-12-30 12:12:45,989] [basehttp.py:154] [basehttp:log_message] [INFO]- "GET /favicon.ico HTTP/1.1" 200 19974
[2021-12-30 12:12:51,425] [basehttp.py:154] [basehttp:log_message] [INFO]- "GET /index/ HTTP/1.1" 200 29050
[2021-12-30 12:12:51,643] [UserIP.py:87] [UserIP:process_response] [INFO]- 2021-12-30 12:12:51 C1010S3>cao. edwin None>LAPTOP-VA9VPAO8>417 127.0.0.1 127.0.0.1 /index/ POST
[2021-12-30 12:12:51,653] [basehttp.py:154] [basehttp:log_message] [INFO]- "POST /index/ HTTP/1.1" 200 1360
[2021-12-30 12:12:51,659] [basehttp.py:154] [basehttp:log_message] [INFO]- "GET /favicon.ico HTTP/1.1" 200 19974
[2021-12-30 13:59:07,157] [basehttp.py:154] [basehttp:log_message] [INFO]- "GET /SysAdmin/UserInfo-edit/ HTTP/1.1" 200 36256
[2021-12-30 13:59:07,221] [basehttp.py:154] [basehttp:log_message] [INFO]- "GET /SysAdmin/UserInfo-edit/ HTTP/1.1" 200 36256
[2021-12-30 13:59:07,432] [UserIP.py:87] [UserIP:process_response] [INFO]- 2021-12-30 13:59:07 C1010S3>cao. edwin None>LAPTOP-VA9VPAO8>417 127.0.0.1 127.0.0.1 /SysAdmin/UserInfo-edit/ POST
[2021-12-30 13:59:07,441] [basehttp.py:154] [basehttp:log_message] [INFO]- "POST /SysAdmin/UserInfo-edit/ HTTP/1.1" 200 1001
[2021-12-30 13:59:07,482] [basehttp.py:154] [basehttp:log_message] [INFO]- "GET /favicon.ico HTTP/1.1" 200 19974
[2021-12-30 13:59:23,199] [basehttp.py:154] [basehttp:log_message] [INFO]- "GET /admin/app01/menu/36/change/ HTTP/1.1" 302 0
[2021-12-30 13:59:23,273] [basehttp.py:154] [basehttp:log_message] [INFO]- "GET /admin/login/?next=/admin/app01/menu/36/change/ HTTP/1.1" 200 1863
[2021-12-30 13:59:23,322] [basehttp.py:154] [basehttp:log_message] [INFO]- "GET /favicon.ico HTTP/1.1" 200 19958
[2021-12-30 13:59:26,778] [UserIP.py:89] [UserIP:process_response] [CRITICAL]- 系统错误
[2021-12-30 13:59:26,786] [basehttp.py:154] [basehttp:log_message] [INFO]- "POST /admin/login/?next=/admin/app01/menu/36/change/ HTTP/1.1" 302 0
[2021-12-30 13:59:26,835] [basehttp.py:154] [basehttp:log_message] [INFO]- "GET /admin/app01/menu/36/change/ HTTP/1.1" 200 7050
[2021-12-30 13:59:26,859] [basehttp.py:154] [basehttp:log_message] [INFO]- "GET /admin/jsi18n/ HTTP/1.1" 200 7684
[2021-12-30 13:59:26,900] [basehttp.py:154] [basehttp:log_message] [INFO]- "GET /favicon.ico HTTP/1.1" 200 19958
[2021-12-30 13:59:37,692] [log.py:228] [log:log_response] [ERROR]- Internal Server Error: /admin/app01/menu/36/delete/
Traceback (most recent call last):
  File "C:\Python372\mecheck\lib\site-packages\django\core\handlers\exception.py", line 34, in inner
    response = get_response(request)
  File "C:\Python372\mecheck\lib\site-packages\django\core\handlers\base.py", line 126, in _get_response
    response = self.process_exception_by_middleware(e, request)
  File "C:\Python372\mecheck\lib\site-packages\django\core\handlers\base.py", line 124, in _get_response
    response = wrapped_callback(request, *callback_args, **callback_kwargs)
  File "C:\Python372\mecheck\lib\site-packages\django\contrib\admin\options.py", line 604, in wrapper
    return self.admin_site.admin_view(view)(*args, **kwargs)
  File "C:\Python372\mecheck\lib\site-packages\django\utils\decorators.py", line 142, in _wrapped_view
    response = view_func(request, *args, **kwargs)
  File "C:\Python372\mecheck\lib\site-packages\django\views\decorators\cache.py", line 44, in _wrapped_view_func
    response = view_func(request, *args, **kwargs)
  File "C:\Python372\mecheck\lib\site-packages\django\contrib\admin\sites.py", line 223, in inner
    return view(request, *args, **kwargs)
  File "C:\Python372\mecheck\lib\site-packages\django\utils\decorators.py", line 45, in _wrapper
    return bound_method(*args, **kwargs)
  File "C:\Python372\mecheck\lib\site-packages\django\utils\decorators.py", line 142, in _wrapped_view
    response = view_func(request, *args, **kwargs)
  File "C:\Python372\mecheck\lib\site-packages\django\contrib\admin\options.py", line 1828, in delete_view
    return self._delete_view(request, object_id, extra_context)
  File "C:\Python372\mecheck\lib\site-packages\django\contrib\admin\options.py", line 1849, in _delete_view
    deleted_objects, model_count, perms_needed, protected = self.get_deleted_objects([obj], request)
  File "C:\Python372\mecheck\lib\site-packages\django\contrib\admin\options.py", line 1823, in get_deleted_objects
    return get_deleted_objects(objs, request, self.admin_site)
  File "C:\Python372\mecheck\lib\site-packages\django\contrib\admin\utils.py", line 134, in get_deleted_objects
    collector.collect(objs)
  File "C:\Python372\mecheck\lib\site-packages\django\contrib\admin\utils.py", line 197, in collect
    return super().collect(objs, source_attr=source_attr, **kwargs)
  File "C:\Python372\mecheck\lib\site-packages\django\db\models\deletion.py", line 221, in collect
    field.remote_field.on_delete(self, field, sub_objs, self.using)
TypeError: 'bool' object is not callable
[2021-12-30 13:59:37,694] [basehttp.py:154] [basehttp:log_message] [ERROR]- "GET /admin/app01/menu/36/delete/ HTTP/1.1" 500 128864
[2021-12-30 13:59:37,793] [basehttp.py:154] [basehttp:log_message] [INFO]- "GET /favicon.ico HTTP/1.1" 200 19958
[2021-12-30 13:59:42,929] [basehttp.py:154] [basehttp:log_message] [INFO]- "GET /admin/app01/menu/36/change/ HTTP/1.1" 200 7050
[2021-12-30 13:59:42,987] [basehttp.py:154] [basehttp:log_message] [INFO]- "GET /favicon.ico HTTP/1.1" 200 19958
[2021-12-30 13:59:43,316] [basehttp.py:154] [basehttp:log_message] [INFO]- "GET /admin/login/?next=/admin/app01/menu/36/change/ HTTP/1.1" 302 0
[2021-12-30 13:59:43,370] [basehttp.py:154] [basehttp:log_message] [INFO]- "GET /admin/ HTTP/1.1" 200 21811
[2021-12-30 13:59:43,401] [basehttp.py:154] [basehttp:log_message] [INFO]- "GET /favicon.ico HTTP/1.1" 200 19958
[2021-12-30 13:59:46,167] [basehttp.py:154] [basehttp:log_message] [INFO]- "GET /admin/app01/permission/ HTTP/1.1" 200 35644
[2021-12-30 13:59:46,190] [basehttp.py:154] [basehttp:log_message] [INFO]- "GET /admin/jsi18n/ HTTP/1.1" 200 7684
[2021-12-30 13:59:46,254] [basehttp.py:154] [basehttp:log_message] [INFO]- "GET /favicon.ico HTTP/1.1" 200 19958
[2021-12-30 13:59:48,788] [basehttp.py:154] [basehttp:log_message] [INFO]- "GET /admin/app01/permission/57/change/ HTTP/1.1" 200 7595
[2021-12-30 13:59:48,820] [basehttp.py:154] [basehttp:log_message] [INFO]- "GET /admin/jsi18n/ HTTP/1.1" 200 7684
[2021-12-30 13:59:48,851] [basehttp.py:154] [basehttp:log_message] [INFO]- "GET /favicon.ico HTTP/1.1" 200 19958
[2021-12-30 15:23:22,266] [basehttp.py:154] [basehttp:log_message] [INFO]- "GET / HTTP/1.1" 302 0
[2021-12-30 15:23:22,274] [basehttp.py:154] [basehttp:log_message] [INFO]- "GET /login/ HTTP/1.1" 200 4823
[2021-12-30 15:23:22,378] [basehttp.py:154] [basehttp:log_message] [INFO]- "GET /favicon.ico HTTP/1.1" 302 0
[2021-12-30 15:23:22,381] [basehttp.py:154] [basehttp:log_message] [INFO]- "GET /login/ HTTP/1.1" 200 4823
[2021-12-30 15:23:25,295] [UserIP.py:89] [UserIP:process_response] [CRITICAL]- 系统错误
[2021-12-30 15:23:25,306] [basehttp.py:154] [basehttp:log_message] [INFO]- "POST /login/ HTTP/1.1" 302 0
[2021-12-30 15:23:25,338] [basehttp.py:154] [basehttp:log_message] [INFO]- "GET /index/ HTTP/1.1" 200 29151
[2021-12-30 15:23:25,352] [basehttp.py:154] [basehttp:log_message] [INFO]- "GET /static/node_modules/bootstrap-icons/font/bootstrap-icons.css HTTP/1.1" 200 73271
[2021-12-30 15:23:25,445] [basehttp.py:154] [basehttp:log_message] [INFO]- "GET /index/ HTTP/1.1" 200 29151
[2021-12-30 15:23:25,646] [UserIP.py:87] [UserIP:process_response] [INFO]- 2021-12-30 15:23:25 C1010S3>cao. edwin None>LAPTOP-VA9VPAO8>417 127.0.0.1 127.0.0.1 /index/ POST
[2021-12-30 15:23:25,665] [basehttp.py:154] [basehttp:log_message] [INFO]- "POST /index/ HTTP/1.1" 200 1360
[2021-12-30 15:23:25,701] [basehttp.py:154] [basehttp:log_message] [INFO]- "GET /favicon.ico HTTP/1.1" 200 20075
[2021-12-30 15:23:25,701] [basehttp.py:154] [basehttp:log_message] [INFO]- "GET /media/img/UserInfo/u2393454652578938553fm26gp0.jpg HTTP/1.1" 200 34852
[2021-12-30 15:24:11,412] [basehttp.py:154] [basehttp:log_message] [INFO]- "GET /index/ HTTP/1.1" 200 29151
[2021-12-30 15:24:11,483] [basehttp.py:154] [basehttp:log_message] [INFO]- "GET /index/ HTTP/1.1" 200 29151
[2021-12-30 15:24:11,628] [basehttp.py:154] [basehttp:log_message] [INFO]- "GET /static/node_modules/bootstrap-icons/font/fonts/bootstrap-icons.woff2?30af91bf14e37666a085fb8a161ff36d HTTP/1.1" 200 92064
[2021-12-30 15:24:11,640] [UserIP.py:87] [UserIP:process_response] [INFO]- 2021-12-30 15:24:11 C1010S3>cao. edwin None>LAPTOP-VA9VPAO8>417 127.0.0.1 127.0.0.1 /index/ POST
[2021-12-30 15:24:11,649] [basehttp.py:154] [basehttp:log_message] [INFO]- "POST /index/ HTTP/1.1" 200 1360
[2021-12-30 15:24:11,711] [basehttp.py:154] [basehttp:log_message] [INFO]- "GET /favicon.ico HTTP/1.1" 200 20075
