[2020-06-01 11:12:24,145] [basehttp.py:154] [basehttp:log_message] [INFO]- "GET /admin/TestPlanSW/retestitemsw/5/change/ HTTP/1.1" 302 0
[2020-06-01 11:12:28,736] [basehttp.py:154] [basehttp:log_message] [INFO]- "GET /admin/login/?next=/admin/TestPlanSW/retestitemsw/5/change/ HTTP/1.1" 200 1887
[2020-06-01 11:12:28,753] [basehttp.py:154] [basehttp:log_message] [INFO]- "GET /static/admin/css/login.css HTTP/1.1" 200 1203
[2020-06-01 11:12:28,754] [basehttp.py:154] [basehttp:log_message] [INFO]- "GET /static/admin/css/responsive.css HTTP/1.1" 200 17976
[2020-06-01 11:12:28,755] [basehttp.py:154] [basehttp:log_message] [INFO]- "GET /static/admin/css/base.css HTTP/1.1" 200 16225
[2020-06-01 11:12:28,806] [basehttp.py:154] [basehttp:log_message] [INFO]- "GET /static/admin/fonts/Roboto-Light-webfont.woff HTTP/1.1" 200 81348
[2020-06-01 11:12:28,808] [basehttp.py:154] [basehttp:log_message] [INFO]- "GET /static/admin/fonts/Roboto-Regular-webfont.woff HTTP/1.1" 200 80304
[2020-06-01 11:12:31,993] [basehttp.py:154] [basehttp:log_message] [INFO]- "POST /admin/login/?next=/admin/TestPlanSW/retestitemsw/5/change/ HTTP/1.1" 302 0
[2020-06-01 11:12:32,556] [basehttp.py:154] [basehttp:log_message] [INFO]- "GET /admin/TestPlanSW/retestitemsw/5/change/ HTTP/1.1" 200 43966
[2020-06-01 11:12:32,578] [basehttp.py:154] [basehttp:log_message] [INFO]- "GET /static/admin/css/forms.css HTTP/1.1" 200 8505
[2020-06-01 11:12:32,591] [basehttp.py:154] [basehttp:log_message] [INFO]- "GET /static/admin/js/actions.js HTTP/1.1" 200 6538
[2020-06-01 11:12:32,591] [basehttp.py:154] [basehttp:log_message] [INFO]- "GET /static/admin/js/admin/RelatedObjectLookups.js HTTP/1.1" 200 6918
[2020-06-01 11:12:32,592] [basehttp.py:154] [basehttp:log_message] [INFO]- "GET /static/admin/js/urlify.js HTTP/1.1" 200 8972
[2020-06-01 11:12:32,596] [basehttp.py:154] [basehttp:log_message] [INFO]- "GET /admin/jsi18n/ HTTP/1.1" 200 7684
[2020-06-01 11:12:32,607] [basehttp.py:154] [basehttp:log_message] [INFO]- "GET /static/admin/js/core.js HTTP/1.1" 200 7135
[2020-06-01 11:12:32,615] [basehttp.py:154] [basehttp:log_message] [INFO]- "GET /static/admin/img/icon-deletelink.svg HTTP/1.1" 200 392
[2020-06-01 11:12:32,616] [basehttp.py:154] [basehttp:log_message] [INFO]- "GET /static/admin/img/icon-changelink.svg HTTP/1.1" 200 380
[2020-06-01 11:12:32,620] [basehttp.py:154] [basehttp:log_message] [INFO]- "GET /static/admin/js/jquery.init.js HTTP/1.1" 200 363
[2020-06-01 11:12:32,620] [basehttp.py:154] [basehttp:log_message] [INFO]- "GET /static/admin/js/prepopulate.js HTTP/1.1" 200 1530
[2020-06-01 11:12:32,623] [basehttp.py:154] [basehttp:log_message] [INFO]- "GET /static/admin/js/change_form.js HTTP/1.1" 200 712
[2020-06-01 11:12:32,627] [basehttp.py:154] [basehttp:log_message] [INFO]- "GET /static/admin/img/icon-addlink.svg HTTP/1.1" 200 331
[2020-06-01 11:12:32,632] [basehttp.py:154] [basehttp:log_message] [INFO]- "GET /static/admin/css/widgets.css HTTP/1.1" 200 10340
[2020-06-01 11:12:32,633] [basehttp.py:154] [basehttp:log_message] [INFO]- "GET /static/admin/js/prepopulate_init.js HTTP/1.1" 200 495
[2020-06-01 11:12:32,647] [basehttp.py:154] [basehttp:log_message] [INFO]- "GET /static/admin/js/vendor/xregexp/xregexp.js HTTP/1.1" 200 128820
[2020-06-01 11:12:32,650] [basehttp.py:154] [basehttp:log_message] [INFO]- "GET /static/admin/js/vendor/jquery/jquery.js HTTP/1.1" 200 271751
[2020-06-01 11:12:32,740] [basehttp.py:154] [basehttp:log_message] [INFO]- "GET /static/admin/fonts/Roboto-Bold-webfont.woff HTTP/1.1" 200 82564
[2020-06-01 11:12:44,713] [basehttp.py:154] [basehttp:log_message] [INFO]- "GET /admin/login/?next=/admin/TestPlanSW/retestitemsw/5/change/ HTTP/1.1" 302 0
[2020-06-01 11:12:44,773] [basehttp.py:154] [basehttp:log_message] [INFO]- "GET /admin/ HTTP/1.1" 200 21101
[2020-06-01 11:12:44,786] [basehttp.py:154] [basehttp:log_message] [INFO]- "GET /static/admin/css/dashboard.css HTTP/1.1" 200 412
[2020-06-01 11:12:52,356] [basehttp.py:154] [basehttp:log_message] [INFO]- "GET /admin/TestPlanSW/testplansw/ HTTP/1.1" 200 788805
[2020-06-01 11:12:52,377] [basehttp.py:154] [basehttp:log_message] [INFO]- "GET /static/admin/img/search.svg HTTP/1.1" 200 458
[2020-06-01 11:12:52,378] [basehttp.py:154] [basehttp:log_message] [INFO]- "GET /static/admin/css/changelists.css HTTP/1.1" 200 6170
[2020-06-01 11:12:52,380] [basehttp.py:154] [basehttp:log_message] [INFO]- "GET /admin/jsi18n/ HTTP/1.1" 200 7684
[2020-06-01 11:12:53,301] [basehttp.py:154] [basehttp:log_message] [INFO]- "GET /static/admin/img/tooltag-add.svg HTTP/1.1" 200 331
[2020-06-01 11:12:53,308] [basehttp.py:154] [basehttp:log_message] [INFO]- "GET /static/admin/img/sorting-icons.svg HTTP/1.1" 200 1097
[2020-06-01 11:12:56,161] [basehttp.py:154] [basehttp:log_message] [INFO]- "GET /admin/TestPlanSW/testplansw/10616/change/ HTTP/1.1" 200 284373
[2020-06-01 11:12:56,214] [basehttp.py:154] [basehttp:log_message] [INFO]- "GET /admin/jsi18n/ HTTP/1.1" 200 7684
[2020-06-01 11:13:13,152] [basehttp.py:154] [basehttp:log_message] [INFO]- "GET /admin/TestPlanSW/testplansw/ HTTP/1.1" 200 788805
[2020-06-01 11:13:13,179] [basehttp.py:154] [basehttp:log_message] [INFO]- "GET /admin/jsi18n/ HTTP/1.1" 200 7684
[2020-06-01 11:13:26,390] [basehttp.py:154] [basehttp:log_message] [INFO]- "GET /admin/TestPlanSW/testplansw/ HTTP/1.1" 200 788805
[2020-06-01 11:13:26,402] [basehttp.py:154] [basehttp:log_message] [INFO]- "GET /static/admin/css/changelists.css HTTP/1.1" 304 0
[2020-06-01 11:13:26,404] [basehttp.py:154] [basehttp:log_message] [INFO]- "GET /static/admin/css/base.css HTTP/1.1" 304 0
[2020-06-01 11:13:26,407] [basehttp.py:154] [basehttp:log_message] [INFO]- "GET /static/admin/js/jquery.init.js HTTP/1.1" 304 0
[2020-06-01 11:13:26,408] [basehttp.py:154] [basehttp:log_message] [INFO]- "GET /static/admin/js/actions.js HTTP/1.1" 304 0
[2020-06-01 11:13:26,409] [basehttp.py:154] [basehttp:log_message] [INFO]- "GET /static/admin/js/vendor/xregexp/xregexp.js HTTP/1.1" 304 0
[2020-06-01 11:13:26,412] [basehttp.py:154] [basehttp:log_message] [INFO]- "GET /static/admin/js/vendor/jquery/jquery.js HTTP/1.1" 304 0
[2020-06-01 11:13:26,413] [basehttp.py:154] [basehttp:log_message] [INFO]- "GET /static/admin/js/prepopulate.js HTTP/1.1" 304 0
[2020-06-01 11:13:26,413] [basehttp.py:154] [basehttp:log_message] [INFO]- "GET /static/admin/js/urlify.js HTTP/1.1" 304 0
[2020-06-01 11:13:26,414] [basehttp.py:154] [basehttp:log_message] [INFO]- "GET /static/admin/js/core.js HTTP/1.1" 304 0
[2020-06-01 11:13:26,414] [basehttp.py:154] [basehttp:log_message] [INFO]- "GET /static/admin/css/responsive.css HTTP/1.1" 304 0
[2020-06-01 11:13:26,415] [basehttp.py:154] [basehttp:log_message] [INFO]- "GET /static/admin/js/admin/RelatedObjectLookups.js HTTP/1.1" 304 0
[2020-06-01 11:13:26,416] [basehttp.py:154] [basehttp:log_message] [INFO]- "GET /static/admin/img/search.svg HTTP/1.1" 304 0
[2020-06-01 11:13:26,432] [basehttp.py:154] [basehttp:log_message] [INFO]- "GET /admin/jsi18n/ HTTP/1.1" 200 7684
[2020-06-01 11:13:26,530] [basehttp.py:154] [basehttp:log_message] [INFO]- "GET /static/admin/fonts/Roboto-Regular-webfont.woff HTTP/1.1" 304 0
[2020-06-01 11:13:26,538] [basehttp.py:154] [basehttp:log_message] [INFO]- "GET /static/admin/fonts/Roboto-Bold-webfont.woff HTTP/1.1" 304 0
[2020-06-01 11:13:26,538] [basehttp.py:154] [basehttp:log_message] [INFO]- "GET /static/admin/fonts/Roboto-Light-webfont.woff HTTP/1.1" 304 0
[2020-06-01 11:13:27,211] [basehttp.py:154] [basehttp:log_message] [INFO]- "GET /static/admin/img/tooltag-add.svg HTTP/1.1" 304 0
[2020-06-01 11:13:27,211] [basehttp.py:154] [basehttp:log_message] [INFO]- "GET /static/admin/img/sorting-icons.svg HTTP/1.1" 304 0
[2020-06-01 11:13:30,318] [basehttp.py:154] [basehttp:log_message] [INFO]- "GET /admin/TestPlanSW/testplansw/10617/change/ HTTP/1.1" 200 284345
[2020-06-01 11:13:30,338] [basehttp.py:154] [basehttp:log_message] [INFO]- "GET /admin/jsi18n/ HTTP/1.1" 200 7684
[2020-06-01 11:13:49,750] [basehttp.py:154] [basehttp:log_message] [INFO]- "GET /admin/TestPlanSW/testplansw/10617/change/ HTTP/1.1" 200 284345
[2020-06-01 11:13:49,763] [basehttp.py:154] [basehttp:log_message] [INFO]- "GET /static/admin/css/base.css HTTP/1.1" 304 0
[2020-06-01 11:13:49,768] [basehttp.py:154] [basehttp:log_message] [INFO]- "GET /static/admin/css/forms.css HTTP/1.1" 304 0
[2020-06-01 11:13:49,772] [basehttp.py:154] [basehttp:log_message] [INFO]- "GET /static/admin/js/urlify.js HTTP/1.1" 304 0
[2020-06-01 11:13:49,772] [basehttp.py:154] [basehttp:log_message] [INFO]- "GET /static/admin/js/jquery.init.js HTTP/1.1" 304 0
[2020-06-01 11:13:49,773] [basehttp.py:154] [basehttp:log_message] [INFO]- "GET /static/admin/js/core.js HTTP/1.1" 304 0
[2020-06-01 11:13:49,774] [basehttp.py:154] [basehttp:log_message] [INFO]- "GET /static/admin/js/vendor/jquery/jquery.js HTTP/1.1" 304 0
[2020-06-01 11:13:49,779] [basehttp.py:154] [basehttp:log_message] [INFO]- "GET /static/admin/js/vendor/xregexp/xregexp.js HTTP/1.1" 304 0
[2020-06-01 11:13:49,782] [basehttp.py:154] [basehttp:log_message] [INFO]- "GET /static/admin/js/prepopulate.js HTTP/1.1" 304 0
[2020-06-01 11:13:49,782] [basehttp.py:154] [basehttp:log_message] [INFO]- "GET /static/admin/js/admin/RelatedObjectLookups.js HTTP/1.1" 304 0
[2020-06-01 11:13:49,783] [basehttp.py:154] [basehttp:log_message] [INFO]- "GET /static/admin/js/actions.js HTTP/1.1" 304 0
[2020-06-01 11:13:49,786] [basehttp.py:154] [basehttp:log_message] [INFO]- "GET /static/admin/img/icon-changelink.svg HTTP/1.1" 304 0
[2020-06-01 11:13:49,789] [basehttp.py:154] [basehttp:log_message] [INFO]- "GET /static/admin/img/icon-addlink.svg HTTP/1.1" 304 0
[2020-06-01 11:13:49,790] [basehttp.py:154] [basehttp:log_message] [INFO]- "GET /static/admin/img/icon-deletelink.svg HTTP/1.1" 304 0
[2020-06-01 11:13:49,791] [basehttp.py:154] [basehttp:log_message] [INFO]- "GET /static/admin/css/responsive.css HTTP/1.1" 304 0
[2020-06-01 11:13:49,793] [basehttp.py:154] [basehttp:log_message] [INFO]- "GET /static/admin/js/change_form.js HTTP/1.1" 304 0
[2020-06-01 11:13:49,794] [basehttp.py:154] [basehttp:log_message] [INFO]- "GET /static/admin/js/prepopulate_init.js HTTP/1.1" 304 0
[2020-06-01 11:13:49,798] [basehttp.py:154] [basehttp:log_message] [INFO]- "GET /admin/jsi18n/ HTTP/1.1" 200 7684
[2020-06-01 11:13:49,851] [basehttp.py:154] [basehttp:log_message] [INFO]- "GET /static/admin/fonts/Roboto-Regular-webfont.woff HTTP/1.1" 304 0
[2020-06-01 11:13:49,852] [basehttp.py:154] [basehttp:log_message] [INFO]- "GET /static/admin/fonts/Roboto-Bold-webfont.woff HTTP/1.1" 304 0
[2020-06-01 11:13:49,852] [basehttp.py:154] [basehttp:log_message] [INFO]- "GET /static/admin/fonts/Roboto-Light-webfont.woff HTTP/1.1" 304 0
[2020-06-01 11:13:58,077] [basehttp.py:154] [basehttp:log_message] [INFO]- "GET /admin/TestPlanSW/testplansw/ HTTP/1.1" 200 788805
[2020-06-01 11:13:58,097] [basehttp.py:154] [basehttp:log_message] [INFO]- "GET /admin/jsi18n/ HTTP/1.1" 200 7684
[2020-06-01 11:14:02,437] [basehttp.py:154] [basehttp:log_message] [INFO]- "GET /admin/TestPlanSW/testplansw/10612/change/ HTTP/1.1" 200 284321
[2020-06-01 11:14:02,457] [basehttp.py:154] [basehttp:log_message] [INFO]- "GET /admin/jsi18n/ HTTP/1.1" 200 7684
[2020-06-01 11:14:09,479] [basehttp.py:154] [basehttp:log_message] [INFO]- "GET /admin/TestPlanSW/testplansw/ HTTP/1.1" 200 788805
[2020-06-01 11:14:09,499] [basehttp.py:154] [basehttp:log_message] [INFO]- "GET /admin/jsi18n/ HTTP/1.1" 200 7684
[2020-06-02 12:03:09,165] [basehttp.py:154] [basehttp:log_message] [INFO]- "GET /FilesDownload/ HTTP/1.1" 302 0
[2020-06-02 12:03:09,252] [basehttp.py:154] [basehttp:log_message] [INFO]- "GET /login/ HTTP/1.1" 200 4677
[2020-06-02 12:03:09,358] [basehttp.py:154] [basehttp:log_message] [INFO]- "GET /static/css/bootstrap.min.css HTTP/1.1" 304 0
[2020-06-02 12:03:09,502] [basehttp.py:154] [basehttp:log_message] [INFO]- "GET /favicon.ico HTTP/1.1" 302 0
[2020-06-02 12:03:09,509] [basehttp.py:154] [basehttp:log_message] [INFO]- "GET /login/ HTTP/1.1" 200 4677
[2020-06-02 12:03:11,263] [basehttp.py:154] [basehttp:log_message] [INFO]- "POST /login/ HTTP/1.1" 302 0
[2020-06-02 12:03:11,422] [basehttp.py:154] [basehttp:log_message] [INFO]- "GET /index/ HTTP/1.1" 200 34725
[2020-06-02 12:03:11,505] [basehttp.py:154] [basehttp:log_message] [INFO]- "GET /static/css/home_menu.css HTTP/1.1" 304 0
[2020-06-02 12:03:11,505] [basehttp.py:154] [basehttp:log_message] [INFO]- "GET /static/css/home_zerogrid.css HTTP/1.1" 304 0
[2020-06-02 12:03:11,506] [basehttp.py:154] [basehttp:log_message] [INFO]- "GET /static/css/home_style.css HTTP/1.1" 304 0
[2020-06-02 12:03:11,578] [basehttp.py:154] [basehttp:log_message] [INFO]- "GET /static/js/xlsx/xlsx.js HTTP/1.1" 304 0
[2020-06-02 12:03:11,655] [basehttp.py:154] [basehttp:log_message] [INFO]- "GET /static/src/3.jpg HTTP/1.1" 304 0
[2020-06-02 12:03:11,655] [basehttp.py:154] [basehttp:log_message] [INFO]- "GET /static/src/index.jpg HTTP/1.1" 304 0
[2020-06-02 12:03:11,663] [basehttp.py:154] [basehttp:log_message] [INFO]- "GET /static/src/4.jpg HTTP/1.1" 304 0
[2020-06-02 12:03:11,666] [basehttp.py:154] [basehttp:log_message] [INFO]- "GET /static/src/5.jpg HTTP/1.1" 304 0
[2020-06-02 12:03:11,672] [basehttp.py:154] [basehttp:log_message] [INFO]- "GET /static/src/6.jpg HTTP/1.1" 304 0
[2020-06-02 12:03:11,675] [basehttp.py:154] [basehttp:log_message] [INFO]- "GET /static/src/2.jpg HTTP/1.1" 304 0
[2020-06-02 12:03:11,679] [basehttp.py:154] [basehttp:log_message] [INFO]- "GET /static/src/8.jpg HTTP/1.1" 304 0
[2020-06-02 12:03:11,685] [basehttp.py:154] [basehttp:log_message] [INFO]- "GET /static/src/1.jpg HTTP/1.1" 304 0
[2020-06-02 12:03:11,689] [basehttp.py:154] [basehttp:log_message] [INFO]- "GET /static/src/7.jpg HTTP/1.1" 304 0
[2020-06-02 12:03:11,700] [basehttp.py:154] [basehttp:log_message] [INFO]- "GET /static/src/9.jfif HTTP/1.1" 304 0
[2020-06-02 12:03:11,704] [basehttp.py:154] [basehttp:log_message] [INFO]- "GET /static/src/10.jpg HTTP/1.1" 304 0
[2020-06-02 12:03:11,772] [basehttp.py:154] [basehttp:log_message] [INFO]- "GET /index/ HTTP/1.1" 200 34725
[2020-06-02 12:03:12,600] [basehttp.py:154] [basehttp:log_message] [INFO]- "GET /favicon.ico HTTP/1.1" 200 16795
[2020-06-02 12:03:17,457] [basehttp.py:154] [basehttp:log_message] [INFO]- "GET /FilesDownload/ HTTP/1.1" 200 22591
[2020-06-02 12:03:17,492] [basehttp.py:154] [basehttp:log_message] [INFO]- "GET /static/css/down_base.css HTTP/1.1" 304 0
[2020-06-02 12:03:17,492] [basehttp.py:154] [basehttp:log_message] [INFO]- "GET /static/css/down_index.css HTTP/1.1" 304 0
[2020-06-02 12:03:17,543] [basehttp.py:154] [basehttp:log_message] [INFO]- "GET /static/js/Element/pagination.js HTTP/1.1" 304 0
[2020-06-02 12:03:17,544] [basehttp.py:154] [basehttp:log_message] [INFO]- "GET /static/src/gallery_02.jpg HTTP/1.1" 304 0
[2020-06-02 12:03:17,544] [basehttp.py:154] [basehttp:log_message] [INFO]- "GET /static/js/Element/message.js HTTP/1.1" 304 0
[2020-06-02 12:03:17,545] [basehttp.py:154] [basehttp:log_message] [INFO]- "GET /static/src/gallery_01.jpg HTTP/1.1" 304 0
[2020-06-02 12:03:17,546] [basehttp.py:154] [basehttp:log_message] [INFO]- "GET /static/src/gallery_03.jpg HTTP/1.1" 304 0
[2020-06-02 12:03:17,547] [basehttp.py:154] [basehttp:log_message] [INFO]- "GET /static/src/gallery_04.jpg HTTP/1.1" 304 0
[2020-06-02 12:03:17,560] [basehttp.py:154] [basehttp:log_message] [INFO]- "GET /static/src/gallery_05.jpg HTTP/1.1" 304 0
[2020-06-02 12:03:17,560] [basehttp.py:154] [basehttp:log_message] [INFO]- "GET /static/src/gallery_06.jpg HTTP/1.1" 304 0
[2020-06-02 12:03:17,561] [basehttp.py:154] [basehttp:log_message] [INFO]- "GET /static/src/gallery_07.jpg HTTP/1.1" 304 0
[2020-06-02 12:03:17,561] [basehttp.py:154] [basehttp:log_message] [INFO]- "GET /static/src/gallery_08.jpg HTTP/1.1" 304 0
[2020-06-02 12:03:17,561] [basehttp.py:154] [basehttp:log_message] [INFO]- "GET /static/src/gallery_09.jpg HTTP/1.1" 304 0
[2020-06-02 12:03:18,304] [basehttp.py:154] [basehttp:log_message] [INFO]- "GET /favicon.ico HTTP/1.1" 200 16795
[2020-06-02 12:03:23,382] [basehttp.py:154] [basehttp:log_message] [INFO]- "GET /static/src/modelfiles/MQM.xlsx HTTP/1.1" 200 20854
[2020-06-02 12:13:12,696] [basehttp.py:154] [basehttp:log_message] [INFO]- "GET /TestPlanME/TestPlanME-search/ HTTP/1.1" 200 58657
[2020-06-02 12:13:13,878] [basehttp.py:154] [basehttp:log_message] [INFO]- "GET /TestPlanME/TestPlanME-search/?action=get HTTP/1.1" 200 803
[2020-06-02 12:13:13,945] [basehttp.py:154] [basehttp:log_message] [INFO]- "GET /favicon.ico HTTP/1.1" 200 16795
[2020-06-02 12:13:22,577] [basehttp.py:154] [basehttp:log_message] [WARNING]- "GET /static/js/lib/bootstrap.min.js.map HTTP/1.1" 404 1806
[2020-06-02 12:13:22,578] [basehttp.py:154] [basehttp:log_message] [WARNING]- "GET /static/js/axios.min.map HTTP/1.1" 404 1773
[2020-06-02 12:13:22,578] [basehttp.py:154] [basehttp:log_message] [WARNING]- "GET /static/js/xlsx/FileSaver.min.js.map HTTP/1.1" 404 1809
[2020-06-02 12:13:23,000] [basehttp.py:154] [basehttp:log_message] [WARNING]- "GET /static/css/bootstrap.min.css.map HTTP/1.1" 404 1800
[2020-06-02 12:13:28,275] [basehttp.py:154] [basehttp:log_message] [INFO]- "GET /TestPlanME/TestPlanME-search/?action=search&customer=C38(NB)&project=EL334&phase=0 HTTP/1.1" 200 20091
[2020-06-02 16:38:29,755] [basehttp.py:154] [basehttp:log_message] [INFO]- "GET / HTTP/1.1" 302 0
[2020-06-02 16:38:29,767] [basehttp.py:154] [basehttp:log_message] [INFO]- "GET /login/ HTTP/1.1" 200 4677
[2020-06-02 16:38:29,800] [basehttp.py:154] [basehttp:log_message] [INFO]- "GET /static/css/bootstrap.min.css HTTP/1.1" 304 0
