[2020-10-27 08:51:11,793] [basehttp.py:154] [basehttp:log_message] [INFO]- "GET /Lesson_edit/ HTTP/1.1" 302 0
[2020-10-27 08:51:11,816] [basehttp.py:154] [basehttp:log_message] [INFO]- "GET /login/ HTTP/1.1" 200 4677
[2020-10-27 08:51:12,042] [basehttp.py:154] [basehttp:log_message] [INFO]- "GET /favicon.ico HTTP/1.1" 302 0
[2020-10-27 08:51:12,048] [basehttp.py:154] [basehttp:log_message] [INFO]- "GET /login/ HTTP/1.1" 200 4677
[2020-10-27 08:51:20,219] [basehttp.py:154] [basehttp:log_message] [INFO]- "POST /login/ HTTP/1.1" 302 0
[2020-10-27 08:51:20,359] [basehttp.py:154] [basehttp:log_message] [INFO]- "GET /index/ HTTP/1.1" 200 41181
[2020-10-27 08:51:20,438] [basehttp.py:154] [basehttp:log_message] [INFO]- "GET /static/js/date.js HTTP/1.1" 304 0
[2020-10-27 08:51:20,671] [basehttp.py:154] [basehttp:log_message] [INFO]- "GET /index/ HTTP/1.1" 200 41181
[2020-10-27 08:51:21,257] [basehttp.py:154] [basehttp:log_message] [INFO]- "GET /favicon.ico HTTP/1.1" 200 18298
[2020-10-27 08:51:40,099] [basehttp.py:154] [basehttp:log_message] [INFO]- "GET /Issue_Notes/Issue_Notes-edit/ HTTP/1.1" 200 36031
[2020-10-27 08:51:40,854] [basehttp.py:154] [basehttp:log_message] [INFO]- "POST /Issue_Notes/Issue_Notes-edit/ HTTP/1.1" 200 101
[2020-10-27 08:51:40,940] [basehttp.py:154] [basehttp:log_message] [INFO]- "GET /favicon.ico HTTP/1.1" 200 18298
[2020-10-27 15:48:04,759] [basehttp.py:154] [basehttp:log_message] [INFO]- "GET /TestPlanSW/TestPlanSW-edit/ HTTP/1.1" 200 100648
[2020-10-27 15:48:05,640] [basehttp.py:154] [basehttp:log_message] [INFO]- "GET /TestPlanSW/TestPlanSW-edit/?action=first HTTP/1.1" 200 682
[2020-10-27 15:48:05,796] [basehttp.py:154] [basehttp:log_message] [INFO]- "GET /favicon.ico HTTP/1.1" 200 18298
[2020-10-27 15:48:12,258] [basehttp.py:154] [basehttp:log_message] [INFO]- "GET /TestPlanSW/TestPlanSW-edit/?action=getCategory&customer=C38(NB)&project=FLAT4&phase=0 HTTP/1.1" 200 757
[2020-10-27 15:48:15,167] [basehttp.py:154] [basehttp:log_message] [INFO]- "GET /TestPlanSW/TestPlanSW-edit/?action=getContent&customer=C38(NB)&project=FLAT4&phase=0&category=Accessories%20for%20compatibility%20test%20 HTTP/1.1" 200 11212
[2020-10-27 16:00:24,599] [basehttp.py:154] [basehttp:log_message] [INFO]- "GET /TestPlanSW/TestPlanSW-edit/?action=getContent&customer=C38(NB)&project=FLAT4&phase=0&category=Accessories%20for%20compatibility%20test%20 HTTP/1.1" 200 11212
[2020-10-27 16:09:40,685] [basehttp.py:154] [basehttp:log_message] [INFO]- "GET /TestPlanSW/TestPlanSW-edit/ HTTP/1.1" 200 100648
[2020-10-27 16:09:42,046] [basehttp.py:154] [basehttp:log_message] [INFO]- "GET /TestPlanSW/TestPlanSW-edit/?action=first HTTP/1.1" 200 682
[2020-10-27 16:09:42,254] [basehttp.py:154] [basehttp:log_message] [INFO]- "GET /favicon.ico HTTP/1.1" 200 18298
[2020-10-27 16:09:47,566] [basehttp.py:154] [basehttp:log_message] [INFO]- "GET /TestPlanSW/TestPlanSW-edit/?action=getCategory&customer=C38(NB)&project=FLAT4&phase=1 HTTP/1.1" 200 757
[2020-10-27 16:09:50,344] [basehttp.py:154] [basehttp:log_message] [INFO]- "GET /TestPlanSW/TestPlanSW-edit/?action=getContent&customer=C38(NB)&project=FLAT4&phase=1&category=Accessories%20for%20compatibility%20test%20 HTTP/1.1" 200 11221
[2020-10-27 16:10:15,282] [log.py:228] [log:log_response] [ERROR]- Internal Server Error: /TestPlanSW/TestPlanSW-edit/
Traceback (most recent call last):
  File "C:\Python372\mecheck\lib\site-packages\django\core\handlers\exception.py", line 34, in inner
    response = get_response(request)
  File "C:\Python372\mecheck\lib\site-packages\django\core\handlers\base.py", line 126, in _get_response
    response = self.process_exception_by_middleware(e, request)
  File "C:\Python372\mecheck\lib\site-packages\django\core\handlers\base.py", line 124, in _get_response
    response = wrapped_callback(request, *callback_args, **callback_kwargs)
  File "C:\djangoproject\Reliability_Row_data\TestPlanSW\views.py", line 3894, in TestPlanSW_Edit
    updatedic["BaseTime"] = float(i['BaseTime'])
ValueError: could not convert string to float: '1900/1/4'
[2020-10-27 16:10:15,288] [basehttp.py:154] [basehttp:log_message] [ERROR]- "POST /TestPlanSW/TestPlanSW-edit/ HTTP/1.1" 500 98701
[2020-10-27 16:15:29,140] [basehttp.py:154] [basehttp:log_message] [INFO]- "GET /TestPlanSW/TestPlanSW-edit/ HTTP/1.1" 200 100648
[2020-10-27 16:15:30,304] [basehttp.py:154] [basehttp:log_message] [INFO]- "GET /TestPlanSW/TestPlanSW-edit/?action=first HTTP/1.1" 200 682
[2020-10-27 16:15:30,447] [basehttp.py:154] [basehttp:log_message] [INFO]- "GET /favicon.ico HTTP/1.1" 200 18298
[2020-10-27 16:15:36,884] [basehttp.py:154] [basehttp:log_message] [INFO]- "GET /TestPlanSW/TestPlanSW-edit/?action=getCategory&customer=C38(NB)&project=FLAT4&phase=0 HTTP/1.1" 200 757
[2020-10-27 16:15:39,021] [basehttp.py:154] [basehttp:log_message] [INFO]- "GET /TestPlanSW/TestPlanSW-edit/?action=getContent&customer=C38(NB)&project=FLAT4&phase=0&category=%20NA%20 HTTP/1.1" 200 64363
[2020-10-27 16:15:55,498] [log.py:228] [log:log_response] [ERROR]- Internal Server Error: /TestPlanSW/TestPlanSW-edit/
Traceback (most recent call last):
  File "C:\Python372\mecheck\lib\site-packages\django\core\handlers\exception.py", line 34, in inner
    response = get_response(request)
  File "C:\Python372\mecheck\lib\site-packages\django\core\handlers\base.py", line 126, in _get_response
    response = self.process_exception_by_middleware(e, request)
  File "C:\Python372\mecheck\lib\site-packages\django\core\handlers\base.py", line 124, in _get_response
    response = wrapped_callback(request, *callback_args, **callback_kwargs)
  File "C:\djangoproject\Reliability_Row_data\TestPlanSW\views.py", line 3894, in TestPlanSW_Edit
    updatedic["BaseTime"] = float(i['BaseTime'])
ValueError: could not convert string to float: '1900-1-4'
[2020-10-27 16:15:55,500] [basehttp.py:154] [basehttp:log_message] [ERROR]- "POST /TestPlanSW/TestPlanSW-edit/ HTTP/1.1" 500 98701
[2020-10-27 16:16:44,117] [basehttp.py:154] [basehttp:log_message] [INFO]- "GET /TestPlanSW/TestPlanSW-edit/ HTTP/1.1" 200 100648
[2020-10-27 16:16:46,101] [basehttp.py:154] [basehttp:log_message] [INFO]- "GET /TestPlanSW/TestPlanSW-edit/?action=first HTTP/1.1" 200 682
[2020-10-27 16:16:46,684] [basehttp.py:154] [basehttp:log_message] [INFO]- "GET /TestPlanSW/TestPlanSW-edit/ HTTP/1.1" 200 100648
[2020-10-27 16:16:47,614] [basehttp.py:154] [basehttp:log_message] [INFO]- "GET /TestPlanSW/TestPlanSW-edit/?action=first HTTP/1.1" 200 682
[2020-10-27 16:16:47,893] [basehttp.py:154] [basehttp:log_message] [INFO]- "GET /favicon.ico HTTP/1.1" 200 18298
[2020-10-27 16:16:51,760] [basehttp.py:154] [basehttp:log_message] [INFO]- "GET /TestPlanSW/TestPlanSW-edit/?action=getCategory&customer=C38(NB)&project=FLAT4&phase=0 HTTP/1.1" 200 757
[2020-10-27 16:16:54,510] [basehttp.py:154] [basehttp:log_message] [INFO]- "GET /TestPlanSW/TestPlanSW-edit/?action=getContent&customer=C38(NB)&project=FLAT4&phase=0&category=Accessories%20for%20compatibility%20test%20 HTTP/1.1" 200 11212
[2020-10-27 16:17:03,768] [log.py:228] [log:log_response] [ERROR]- Internal Server Error: /TestPlanSW/TestPlanSW-edit/
Traceback (most recent call last):
  File "C:\Python372\mecheck\lib\site-packages\django\core\handlers\exception.py", line 34, in inner
    response = get_response(request)
  File "C:\Python372\mecheck\lib\site-packages\django\core\handlers\base.py", line 126, in _get_response
    response = self.process_exception_by_middleware(e, request)
  File "C:\Python372\mecheck\lib\site-packages\django\core\handlers\base.py", line 124, in _get_response
    response = wrapped_callback(request, *callback_args, **callback_kwargs)
  File "C:\djangoproject\Reliability_Row_data\TestPlanSW\views.py", line 3894, in TestPlanSW_Edit
    updatedic["BaseTime"] = float(i['BaseTime'])
ValueError: could not convert string to float: '1900.1.4'
[2020-10-27 16:17:03,770] [basehttp.py:154] [basehttp:log_message] [ERROR]- "POST /TestPlanSW/TestPlanSW-edit/ HTTP/1.1" 500 98701
