[2021-10-08 08:13:49,705] [basehttp.py:154] [basehttp:log_message] [INFO]- "GET / HTTP/1.1" 302 0
[2021-10-08 08:13:49,712] [basehttp.py:154] [basehttp:log_message] [INFO]- "GET /login/ HTTP/1.1" 200 4823
[2021-10-08 08:13:49,862] [basehttp.py:154] [basehttp:log_message] [INFO]- "GET /static/css/test1.css HTTP/1.1" 304 0
[2021-10-08 08:13:49,944] [basehttp.py:154] [basehttp:log_message] [INFO]- "GET /favicon.ico HTTP/1.1" 302 0
[2021-10-08 08:13:49,946] [basehttp.py:154] [basehttp:log_message] [INFO]- "GET /login/ HTTP/1.1" 200 4823
[2021-10-08 09:30:05,721] [UserIP.py:89] [UserIP:process_response] [CRITICAL]- 系统错误
[2021-10-08 09:30:05,734] [basehttp.py:154] [basehttp:log_message] [INFO]- "POST /login/ HTTP/1.1" 302 0
[2021-10-08 09:30:05,791] [basehttp.py:154] [basehttp:log_message] [INFO]- "GET /index/ HTTP/1.1" 200 24980
[2021-10-08 09:30:05,813] [basehttp.py:154] [basehttp:log_message] [INFO]- "GET /static/css/style.css HTTP/1.1" 304 0
[2021-10-08 09:30:05,814] [basehttp.py:154] [basehttp:log_message] [INFO]- "GET /static/css/lib/menubar/sidebar.css HTTP/1.1" 304 0
[2021-10-08 09:30:05,815] [basehttp.py:154] [basehttp:log_message] [INFO]- "GET /static/css/home_menu.css HTTP/1.1" 304 0
[2021-10-08 09:30:05,826] [basehttp.py:154] [basehttp:log_message] [INFO]- "GET /static/js/lib/menubar/sidebar.js HTTP/1.1" 304 0
[2021-10-08 09:30:05,940] [basehttp.py:154] [basehttp:log_message] [INFO]- "GET /index/ HTTP/1.1" 200 24980
[2021-10-08 09:30:06,209] [basehttp.py:154] [basehttp:log_message] [INFO]- "GET /static/src/lu.jpg HTTP/1.1" 304 0
[2021-10-08 09:30:06,211] [basehttp.py:154] [basehttp:log_message] [INFO]- "GET /static/src/qiu1.jpg HTTP/1.1" 304 0
[2021-10-08 09:30:06,211] [basehttp.py:154] [basehttp:log_message] [INFO]- "GET /static/src/jinqiu5.jpg HTTP/1.1" 304 0
[2021-10-08 09:30:06,226] [UserIP.py:87] [UserIP:process_response] [INFO]- 2021-10-08 09:30:06 C1010S3>cao. edwin None>LAPTOP-VA9VPAO8>417 127.0.0.1 127.0.0.1 /index/ POST
[2021-10-08 09:30:06,239] [basehttp.py:154] [basehttp:log_message] [INFO]- "POST /index/ HTTP/1.1" 200 1360
[2021-10-08 09:30:06,254] [basehttp.py:154] [basehttp:log_message] [INFO]- "GET /favicon.ico HTTP/1.1" 200 15904
[2021-10-08 09:30:06,274] [basehttp.py:154] [basehttp:log_message] [INFO]- "GET /media/img/UserInfo/u2393454652578938553fm26gp0.jpg HTTP/1.1" 200 34852
[2021-10-11 10:52:40,033] [basehttp.py:154] [basehttp:log_message] [INFO]- "GET /AdapterPowerCode/M_Borrow/ HTTP/1.1" 302 0
[2021-10-11 10:52:40,043] [basehttp.py:154] [basehttp:log_message] [INFO]- "GET /login/ HTTP/1.1" 200 4823
[2021-10-11 10:52:40,095] [basehttp.py:154] [basehttp:log_message] [INFO]- "GET /favicon.ico HTTP/1.1" 302 0
[2021-10-11 10:52:40,097] [basehttp.py:154] [basehttp:log_message] [INFO]- "GET /login/ HTTP/1.1" 200 4823
[2021-10-11 10:52:42,350] [UserIP.py:89] [UserIP:process_response] [CRITICAL]- 系统错误
[2021-10-11 10:52:42,362] [basehttp.py:154] [basehttp:log_message] [INFO]- "POST /login/ HTTP/1.1" 302 0
[2021-10-11 10:52:42,402] [basehttp.py:154] [basehttp:log_message] [INFO]- "GET /index/ HTTP/1.1" 200 24980
[2021-10-11 10:52:42,424] [basehttp.py:154] [basehttp:log_message] [INFO]- "GET /static/js/lib/menubar/sidebar.js HTTP/1.1" 304 0
[2021-10-11 10:52:42,487] [basehttp.py:154] [basehttp:log_message] [INFO]- "GET /index/ HTTP/1.1" 200 24980
[2021-10-11 10:52:42,806] [UserIP.py:87] [UserIP:process_response] [INFO]- 2021-10-11 10:52:42 C1010S3>cao. edwin None>LAPTOP-VA9VPAO8>417 127.0.0.1 127.0.0.1 /index/ POST
[2021-10-11 10:52:42,814] [basehttp.py:154] [basehttp:log_message] [INFO]- "POST /index/ HTTP/1.1" 200 1360
[2021-10-11 10:52:42,845] [basehttp.py:154] [basehttp:log_message] [INFO]- "GET /favicon.ico HTTP/1.1" 200 15904
[2021-10-11 10:52:48,395] [basehttp.py:154] [basehttp:log_message] [INFO]- "GET /AdapterPowerCode/R_Borrowed/ HTTP/1.1" 200 32834
[2021-10-11 10:52:48,475] [basehttp.py:154] [basehttp:log_message] [INFO]- "GET /AdapterPowerCode/R_Borrowed/ HTTP/1.1" 200 32834
[2021-10-11 10:52:48,686] [UserIP.py:87] [UserIP:process_response] [INFO]- 2021-10-11 10:52:48 C1010S3>cao. edwin None>LAPTOP-VA9VPAO8>417 127.0.0.1 127.0.0.1 /AdapterPowerCode/R_Borrowed/ POST
[2021-10-11 10:52:48,687] [basehttp.py:154] [basehttp:log_message] [INFO]- "GET /favicon.ico HTTP/1.1" 200 15904
[2021-10-11 10:52:48,694] [basehttp.py:154] [basehttp:log_message] [INFO]- "POST /AdapterPowerCode/R_Borrowed/ HTTP/1.1" 200 1209
[2021-10-11 10:52:58,517] [basehttp.py:154] [basehttp:log_message] [WARNING]- "GET /static/js/lib/bootstrap.min.js.map HTTP/1.1" 404 1806
[2021-10-11 10:52:58,519] [basehttp.py:154] [basehttp:log_message] [WARNING]- "GET /static/js/axios.min.map HTTP/1.1" 404 1773
[2021-10-11 10:52:58,550] [basehttp.py:154] [basehttp:log_message] [WARNING]- "GET /static/css/bootstrap.min.css.map HTTP/1.1" 404 1800
[2021-10-11 10:53:03,766] [basehttp.py:154] [basehttp:log_message] [INFO]- "GET /AdapterPowerCode/R_Borrowed/ HTTP/1.1" 200 32834
[2021-10-11 10:53:03,865] [basehttp.py:154] [basehttp:log_message] [WARNING]- "GET /static/css/bootstrap.min.css.map HTTP/1.1" 404 1800
[2021-10-11 10:53:03,871] [basehttp.py:154] [basehttp:log_message] [WARNING]- "GET /static/js/lib/bootstrap.min.js.map HTTP/1.1" 404 1806
[2021-10-11 10:53:03,884] [basehttp.py:154] [basehttp:log_message] [INFO]- "GET /AdapterPowerCode/R_Borrowed/ HTTP/1.1" 200 32834
[2021-10-11 10:53:03,968] [basehttp.py:154] [basehttp:log_message] [WARNING]- "GET /static/js/axios.min.map HTTP/1.1" 404 1773
[2021-10-11 10:53:04,133] [basehttp.py:154] [basehttp:log_message] [INFO]- "GET /favicon.ico HTTP/1.1" 200 15904
[2021-10-11 10:53:04,138] [UserIP.py:87] [UserIP:process_response] [INFO]- 2021-10-11 10:53:04 C1010S3>cao. edwin None>LAPTOP-VA9VPAO8>417 127.0.0.1 127.0.0.1 /AdapterPowerCode/R_Borrowed/ POST
[2021-10-11 10:53:04,145] [basehttp.py:154] [basehttp:log_message] [INFO]- "POST /AdapterPowerCode/R_Borrowed/ HTTP/1.1" 200 1209
[2021-10-11 10:53:49,318] [basehttp.py:154] [basehttp:log_message] [INFO]- "GET /AdapterPowerCode/R_Borrowed/ HTTP/1.1" 200 32834
[2021-10-11 10:53:49,407] [basehttp.py:154] [basehttp:log_message] [INFO]- "GET /AdapterPowerCode/R_Borrowed/ HTTP/1.1" 200 32834
[2021-10-11 10:53:49,418] [basehttp.py:154] [basehttp:log_message] [WARNING]- "GET /static/css/bootstrap.min.css.map HTTP/1.1" 404 1800
[2021-10-11 10:53:49,423] [basehttp.py:154] [basehttp:log_message] [WARNING]- "GET /static/js/lib/bootstrap.min.js.map HTTP/1.1" 404 1806
[2021-10-11 10:53:49,541] [basehttp.py:154] [basehttp:log_message] [WARNING]- "GET /static/js/axios.min.map HTTP/1.1" 404 1773
[2021-10-11 10:53:49,703] [basehttp.py:154] [basehttp:log_message] [INFO]- "GET /favicon.ico HTTP/1.1" 200 15904
[2021-10-11 10:53:49,706] [UserIP.py:87] [UserIP:process_response] [INFO]- 2021-10-11 10:53:49 C1010S3>cao. edwin None>LAPTOP-VA9VPAO8>417 127.0.0.1 127.0.0.1 /AdapterPowerCode/R_Borrowed/ POST
[2021-10-11 10:53:49,715] [basehttp.py:154] [basehttp:log_message] [INFO]- "POST /AdapterPowerCode/R_Borrowed/ HTTP/1.1" 200 1209
