[2022-06-20 09:37:27,436] [basehttp.py:154] [basehttp:log_message] [INFO]- "GET / HTTP/1.1" 302 0
[2022-06-20 09:37:27,484] [basehttp.py:154] [basehttp:log_message] [INFO]- "GET /login/ HTTP/1.1" 200 4823
[2022-06-20 09:37:27,824] [basehttp.py:154] [basehttp:log_message] [INFO]- "GET /favicon.ico HTTP/1.1" 302 0
[2022-06-20 09:37:27,830] [basehttp.py:154] [basehttp:log_message] [INFO]- "GET /login/ HTTP/1.1" 200 4823
[2022-06-20 09:37:29,686] [UserIP.py:89] [UserIP:process_response] [CRITICAL]- 系统错误
[2022-06-20 09:37:29,759] [basehttp.py:154] [basehttp:log_message] [INFO]- "POST /login/ HTTP/1.1" 302 0
[2022-06-20 09:37:29,959] [basehttp.py:154] [basehttp:log_message] [INFO]- "GET /index/ HTTP/1.1" 200 28940
[2022-06-20 09:37:30,329] [basehttp.py:154] [basehttp:log_message] [INFO]- "GET /index/ HTTP/1.1" 200 28940
[2022-06-20 09:37:31,126] [UserIP.py:87] [UserIP:process_response] [INFO]- 2022-06-20 09:37:31 C1010S3>cao. edwin None>LAPTOP-1EJQO0D7>311 127.0.0.1 127.0.0.1 /index/ POST
[2022-06-20 09:37:31,135] [basehttp.py:154] [basehttp:log_message] [INFO]- "POST /index/ HTTP/1.1" 200 1776
[2022-06-20 09:37:31,263] [basehttp.py:154] [basehttp:log_message] [INFO]- "GET /media/img/UserInfo/u2393454652578938553fm26gp0.jpg HTTP/1.1" 200 34852
[2022-06-20 09:37:31,357] [basehttp.py:154] [basehttp:log_message] [INFO]- "GET /favicon.ico HTTP/1.1" 200 19864
[2022-06-20 09:37:41,998] [basehttp.py:154] [basehttp:log_message] [INFO]- "GET /DeviceLNV/BorrowedDeviceLNV/ HTTP/1.1" 200 54204
[2022-06-20 09:37:42,485] [basehttp.py:154] [basehttp:log_message] [INFO]- "GET /DeviceLNV/BorrowedDeviceLNV/ HTTP/1.1" 200 54204
[2022-06-20 09:37:43,102] [basehttp.py:154] [basehttp:log_message] [INFO]- "GET /favicon.ico HTTP/1.1" 200 19864
[2022-06-20 09:37:43,540] [UserIP.py:87] [UserIP:process_response] [INFO]- 2022-06-20 09:37:43 C1010S3>cao. edwin None>LAPTOP-1EJQO0D7>311 127.0.0.1 127.0.0.1 /DeviceLNV/BorrowedDeviceLNV/ POST
[2022-06-20 09:37:43,559] [basehttp.py:154] [basehttp:log_message] [INFO]- "POST /DeviceLNV/BorrowedDeviceLNV/ HTTP/1.1" 200 1448865
[2022-06-20 09:37:44,469] [log.py:228] [log:log_response] [WARNING]- Not Found: /media/DeviceLNV/Device/257.jpg
[2022-06-20 09:37:44,469] [basehttp.py:154] [basehttp:log_message] [WARNING]- "GET /media/DeviceLNV/Device/257.jpg HTTP/1.1" 404 1800
[2022-06-20 09:37:44,483] [basehttp.py:154] [basehttp:log_message] [INFO]- "GET /media/DeviceLNV/Device/2156.jpg HTTP/1.1" 200 201323
[2022-06-20 09:37:44,485] [log.py:228] [log:log_response] [WARNING]- Not Found: /media/DeviceLNV/Device/1515.jpg
[2022-06-20 09:37:44,488] [basehttp.py:154] [basehttp:log_message] [WARNING]- "GET /media/DeviceLNV/Device/1515.jpg HTTP/1.1" 404 1803
[2022-06-20 09:37:44,495] [log.py:228] [log:log_response] [WARNING]- Not Found: /media/DeviceLNV/Device/258.jpg
[2022-06-20 09:37:44,499] [basehttp.py:154] [basehttp:log_message] [WARNING]- "GET /media/DeviceLNV/Device/258.jpg HTTP/1.1" 404 1800
[2022-06-20 09:37:44,505] [log.py:228] [log:log_response] [WARNING]- Not Found: /media/DeviceLNV/Device/111.jpg
[2022-06-20 09:37:44,509] [basehttp.py:154] [basehttp:log_message] [WARNING]- "GET /media/DeviceLNV/Device/111.jpg HTTP/1.1" 404 1800
[2022-06-20 09:37:44,534] [log.py:228] [log:log_response] [WARNING]- Not Found: /media/DeviceLNV/Device/14.jpg
[2022-06-20 09:37:44,539] [log.py:228] [log:log_response] [WARNING]- Not Found: /media/DeviceLNV/Device/2214.jpg
[2022-06-20 09:37:44,540] [basehttp.py:154] [basehttp:log_message] [WARNING]- "GET /media/DeviceLNV/Device/14.jpg HTTP/1.1" 404 1797
[2022-06-20 09:37:44,542] [basehttp.py:154] [basehttp:log_message] [WARNING]- "GET /media/DeviceLNV/Device/2214.jpg HTTP/1.1" 404 1803
[2022-06-20 09:37:44,542] [log.py:228] [log:log_response] [WARNING]- Not Found: /media/DeviceLNV/Device/12.jpg
[2022-06-20 09:37:44,545] [basehttp.py:154] [basehttp:log_message] [WARNING]- "GET /media/DeviceLNV/Device/12.jpg HTTP/1.1" 404 1797
[2022-06-20 09:37:44,546] [log.py:228] [log:log_response] [WARNING]- Not Found: /media/DeviceLNV/Device/244.jpg
[2022-06-20 09:37:44,546] [basehttp.py:154] [basehttp:log_message] [WARNING]- "GET /media/DeviceLNV/Device/244.jpg HTTP/1.1" 404 1800
[2022-06-20 09:37:44,548] [log.py:228] [log:log_response] [WARNING]- Not Found: /media/DeviceLNV/Device/2260.jpg
[2022-06-20 09:37:44,551] [basehttp.py:154] [basehttp:log_message] [WARNING]- "GET /media/DeviceLNV/Device/2260.jpg HTTP/1.1" 404 1803
[2022-06-20 09:37:44,581] [log.py:228] [log:log_response] [WARNING]- Not Found: /media/DeviceLNV/Device/202.jpg
[2022-06-20 09:37:44,581] [log.py:228] [log:log_response] [WARNING]- Not Found: /media/DeviceLNV/Device/1462.jpg
[2022-06-20 09:37:44,591] [basehttp.py:154] [basehttp:log_message] [WARNING]- "GET /media/DeviceLNV/Device/1462.jpg HTTP/1.1" 404 1803
[2022-06-20 09:37:44,596] [log.py:228] [log:log_response] [WARNING]- Not Found: /media/DeviceLNV/Device/261.jpg
[2022-06-20 09:37:44,596] [basehttp.py:154] [basehttp:log_message] [WARNING]- "GET /media/DeviceLNV/Device/202.jpg HTTP/1.1" 404 1800
[2022-06-20 09:37:44,597] [log.py:228] [log:log_response] [WARNING]- Not Found: /media/DeviceLNV/Device/2218.jpg
[2022-06-20 09:37:44,597] [basehttp.py:154] [basehttp:log_message] [WARNING]- "GET /media/DeviceLNV/Device/261.jpg HTTP/1.1" 404 1800
[2022-06-20 09:37:44,598] [basehttp.py:154] [basehttp:log_message] [WARNING]- "GET /media/DeviceLNV/Device/2218.jpg HTTP/1.1" 404 1803
[2022-06-20 09:37:44,661] [log.py:228] [log:log_response] [WARNING]- Not Found: /media/DeviceLNV/Device/1459.jpg
[2022-06-20 09:37:44,662] [basehttp.py:154] [basehttp:log_message] [WARNING]- "GET /media/DeviceLNV/Device/1459.jpg HTTP/1.1" 404 1803
[2022-06-20 09:37:44,672] [log.py:228] [log:log_response] [WARNING]- Not Found: /media/DeviceLNV/Device/253.jpg
[2022-06-20 09:37:44,672] [basehttp.py:154] [basehttp:log_message] [WARNING]- "GET /media/DeviceLNV/Device/253.jpg HTTP/1.1" 404 1800
[2022-06-20 09:37:44,677] [log.py:228] [log:log_response] [WARNING]- Not Found: /media/DeviceLNV/Device/262.jpg
[2022-06-20 09:37:44,677] [basehttp.py:154] [basehttp:log_message] [WARNING]- "GET /media/DeviceLNV/Device/262.jpg HTTP/1.1" 404 1800
[2022-06-20 09:37:44,680] [log.py:228] [log:log_response] [WARNING]- Not Found: /media/DeviceLNV/Device/268.jpg
[2022-06-20 09:37:44,684] [log.py:228] [log:log_response] [WARNING]- Not Found: /media/DeviceLNV/Device/269.jpg
[2022-06-20 09:37:44,695] [log.py:228] [log:log_response] [WARNING]- Not Found: /media/DeviceLNV/Device/266.jpg
[2022-06-20 09:37:44,723] [log.py:228] [log:log_response] [WARNING]- Not Found: /media/DeviceLNV/Device/1292.jpg
[2022-06-20 09:37:44,726] [log.py:228] [log:log_response] [WARNING]- Not Found: /media/DeviceLNV/Device/2098.jpg
[2022-06-20 09:37:44,730] [log.py:228] [log:log_response] [WARNING]- Not Found: /media/DeviceLNV/Device/267.jpg
[2022-06-20 09:37:44,795] [basehttp.py:154] [basehttp:log_message] [WARNING]- "GET /media/DeviceLNV/Device/269.jpg HTTP/1.1" 404 1800
[2022-06-20 09:37:44,795] [basehttp.py:154] [basehttp:log_message] [WARNING]- "GET /media/DeviceLNV/Device/266.jpg HTTP/1.1" 404 1800
[2022-06-20 09:37:44,795] [basehttp.py:154] [basehttp:log_message] [WARNING]- "GET /media/DeviceLNV/Device/268.jpg HTTP/1.1" 404 1800
[2022-06-20 09:37:44,795] [basehttp.py:154] [basehttp:log_message] [WARNING]- "GET /media/DeviceLNV/Device/1292.jpg HTTP/1.1" 404 1803
[2022-06-20 09:37:44,796] [basehttp.py:154] [basehttp:log_message] [WARNING]- "GET /media/DeviceLNV/Device/267.jpg HTTP/1.1" 404 1800
[2022-06-20 09:37:44,797] [basehttp.py:154] [basehttp:log_message] [WARNING]- "GET /media/DeviceLNV/Device/2098.jpg HTTP/1.1" 404 1803
[2022-06-20 09:37:44,847] [log.py:228] [log:log_response] [WARNING]- Not Found: /media/DeviceLNV/Device/209.jpg
[2022-06-20 09:37:44,848] [basehttp.py:154] [basehttp:log_message] [WARNING]- "GET /media/DeviceLNV/Device/209.jpg HTTP/1.1" 404 1800
[2022-06-20 09:37:44,852] [log.py:228] [log:log_response] [WARNING]- Not Found: /media/DeviceLNV/Device/2048.jpg
[2022-06-20 09:37:44,853] [basehttp.py:154] [basehttp:log_message] [WARNING]- "GET /media/DeviceLNV/Device/2048.jpg HTTP/1.1" 404 1803
[2022-06-20 09:37:44,858] [log.py:228] [log:log_response] [WARNING]- Not Found: /media/DeviceLNV/Device/2216.jpg
[2022-06-20 09:37:44,865] [basehttp.py:154] [basehttp:log_message] [WARNING]- "GET /media/DeviceLNV/Device/2216.jpg HTTP/1.1" 404 1803
[2022-06-20 09:37:44,868] [log.py:228] [log:log_response] [WARNING]- Not Found: /media/DeviceLNV/Device/247.jpg
[2022-06-20 09:37:44,870] [log.py:228] [log:log_response] [WARNING]- Not Found: /media/DeviceLNV/Device/265.jpg
[2022-06-20 09:37:44,870] [basehttp.py:154] [basehttp:log_message] [WARNING]- "GET /media/DeviceLNV/Device/247.jpg HTTP/1.1" 404 1800
[2022-06-20 09:37:44,876] [basehttp.py:154] [basehttp:log_message] [WARNING]- "GET /media/DeviceLNV/Device/265.jpg HTTP/1.1" 404 1800
[2022-06-20 09:37:44,877] [log.py:228] [log:log_response] [WARNING]- Not Found: /media/DeviceLNV/Device/264.jpg
[2022-06-20 09:37:44,883] [log.py:228] [log:log_response] [WARNING]- Not Found: /media/DeviceLNV/Device/2217.jpg
[2022-06-20 09:37:44,885] [basehttp.py:154] [basehttp:log_message] [WARNING]- "GET /media/DeviceLNV/Device/264.jpg HTTP/1.1" 404 1800
[2022-06-20 09:37:44,886] [basehttp.py:154] [basehttp:log_message] [WARNING]- "GET /media/DeviceLNV/Device/2217.jpg HTTP/1.1" 404 1803
[2022-06-20 09:37:44,886] [log.py:228] [log:log_response] [WARNING]- Not Found: /media/DeviceLNV/Device/228.jpg
[2022-06-20 09:37:44,895] [basehttp.py:154] [basehttp:log_message] [WARNING]- "GET /media/DeviceLNV/Device/228.jpg HTTP/1.1" 404 1800
[2022-06-20 09:37:44,913] [log.py:228] [log:log_response] [WARNING]- Not Found: /media/DeviceLNV/Device/214.jpg
[2022-06-20 09:37:44,916] [basehttp.py:154] [basehttp:log_message] [WARNING]- "GET /media/DeviceLNV/Device/214.jpg HTTP/1.1" 404 1800
[2022-06-20 09:37:44,918] [log.py:228] [log:log_response] [WARNING]- Not Found: /media/DeviceLNV/Device/2049.jpg
[2022-06-20 09:37:44,929] [log.py:228] [log:log_response] [WARNING]- Not Found: /media/DeviceLNV/Device/1298.jpg
[2022-06-20 09:37:44,930] [log.py:228] [log:log_response] [WARNING]- Not Found: /media/DeviceLNV/Device/2050.jpg
[2022-06-20 09:37:44,931] [basehttp.py:154] [basehttp:log_message] [WARNING]- "GET /media/DeviceLNV/Device/2049.jpg HTTP/1.1" 404 1803
[2022-06-20 09:37:44,934] [basehttp.py:154] [basehttp:log_message] [WARNING]- "GET /media/DeviceLNV/Device/2050.jpg HTTP/1.1" 404 1803
[2022-06-20 09:37:44,934] [basehttp.py:154] [basehttp:log_message] [WARNING]- "GET /media/DeviceLNV/Device/1298.jpg HTTP/1.1" 404 1803
[2022-06-20 09:37:44,948] [log.py:228] [log:log_response] [WARNING]- Not Found: /media/DeviceLNV/Device/1300.jpg
[2022-06-20 09:37:44,958] [log.py:228] [log:log_response] [WARNING]- Not Found: /media/DeviceLNV/Device/1299.jpg
[2022-06-20 09:37:44,963] [log.py:228] [log:log_response] [WARNING]- Not Found: /media/DeviceLNV/Device/1301.jpg
[2022-06-20 09:37:44,966] [log.py:228] [log:log_response] [WARNING]- Not Found: /media/DeviceLNV/Device/227.jpg
[2022-06-20 09:37:44,986] [basehttp.py:154] [basehttp:log_message] [WARNING]- "GET /media/DeviceLNV/Device/1299.jpg HTTP/1.1" 404 1803
[2022-06-20 09:37:44,987] [basehttp.py:154] [basehttp:log_message] [WARNING]- "GET /media/DeviceLNV/Device/227.jpg HTTP/1.1" 404 1800
[2022-06-20 09:37:44,988] [basehttp.py:154] [basehttp:log_message] [WARNING]- "GET /media/DeviceLNV/Device/1301.jpg HTTP/1.1" 404 1803
[2022-06-20 09:37:44,993] [basehttp.py:154] [basehttp:log_message] [WARNING]- "GET /media/DeviceLNV/Device/1300.jpg HTTP/1.1" 404 1803
[2022-06-20 09:37:45,013] [log.py:228] [log:log_response] [WARNING]- Not Found: /media/DeviceLNV/Device/260.jpg
[2022-06-20 09:37:45,014] [basehttp.py:154] [basehttp:log_message] [WARNING]- "GET /media/DeviceLNV/Device/260.jpg HTTP/1.1" 404 1800
[2022-06-20 09:37:45,050] [log.py:228] [log:log_response] [WARNING]- Not Found: /media/DeviceLNV/Device/259.jpg
[2022-06-20 09:37:45,051] [basehttp.py:154] [basehttp:log_message] [WARNING]- "GET /media/DeviceLNV/Device/259.jpg HTTP/1.1" 404 1800
[2022-06-20 09:37:45,052] [log.py:228] [log:log_response] [WARNING]- Not Found: /media/DeviceLNV/Device/1295.jpg
[2022-06-20 09:37:45,052] [basehttp.py:154] [basehttp:log_message] [WARNING]- "GET /media/DeviceLNV/Device/1295.jpg HTTP/1.1" 404 1803
[2022-06-20 09:37:45,071] [log.py:228] [log:log_response] [WARNING]- Not Found: /media/DeviceLNV/Device/1294.jpg
[2022-06-20 09:37:45,076] [basehttp.py:154] [basehttp:log_message] [WARNING]- "GET /media/DeviceLNV/Device/1294.jpg HTTP/1.1" 404 1803
[2022-06-20 09:37:45,082] [log.py:228] [log:log_response] [WARNING]- Not Found: /media/DeviceLNV/Device/1297.jpg
[2022-06-20 09:37:45,092] [log.py:228] [log:log_response] [WARNING]- Not Found: /media/DeviceLNV/Device/1383.jpg
[2022-06-20 09:37:45,093] [basehttp.py:154] [basehttp:log_message] [WARNING]- "GET /media/DeviceLNV/Device/1383.jpg HTTP/1.1" 404 1803
[2022-06-20 09:37:45,099] [basehttp.py:154] [basehttp:log_message] [WARNING]- "GET /media/DeviceLNV/Device/1297.jpg HTTP/1.1" 404 1803
[2022-06-20 09:37:45,099] [log.py:228] [log:log_response] [WARNING]- Not Found: /media/DeviceLNV/Device/1296.jpg
[2022-06-20 09:37:45,105] [basehttp.py:154] [basehttp:log_message] [WARNING]- "GET /media/DeviceLNV/Device/1296.jpg HTTP/1.1" 404 1803
[2022-06-20 09:37:45,117] [log.py:228] [log:log_response] [WARNING]- Not Found: /media/DeviceLNV/Device/223.jpg
[2022-06-20 09:37:45,120] [log.py:228] [log:log_response] [WARNING]- Not Found: /media/DeviceLNV/Device/1302.jpg
[2022-06-20 09:37:45,121] [basehttp.py:154] [basehttp:log_message] [WARNING]- "GET /media/DeviceLNV/Device/223.jpg HTTP/1.1" 404 1800
[2022-06-20 09:37:45,124] [log.py:228] [log:log_response] [WARNING]- Not Found: /media/DeviceLNV/Device/1934.jpg
[2022-06-20 09:37:45,124] [basehttp.py:154] [basehttp:log_message] [WARNING]- "GET /media/DeviceLNV/Device/1302.jpg HTTP/1.1" 404 1803
[2022-06-20 09:37:45,127] [basehttp.py:154] [basehttp:log_message] [WARNING]- "GET /media/DeviceLNV/Device/1934.jpg HTTP/1.1" 404 1803
[2022-06-20 09:37:45,132] [log.py:228] [log:log_response] [WARNING]- Not Found: /media/DeviceLNV/Device/2220.jpg
[2022-06-20 09:37:45,133] [basehttp.py:154] [basehttp:log_message] [WARNING]- "GET /media/DeviceLNV/Device/2220.jpg HTTP/1.1" 404 1803
[2022-06-20 09:37:45,137] [log.py:228] [log:log_response] [WARNING]- Not Found: /media/DeviceLNV/Device/1460.jpg
[2022-06-20 09:37:45,140] [basehttp.py:154] [basehttp:log_message] [WARNING]- "GET /media/DeviceLNV/Device/1460.jpg HTTP/1.1" 404 1803
[2022-06-20 09:37:45,149] [log.py:228] [log:log_response] [WARNING]- Not Found: /media/DeviceLNV/Device/246.jpg
[2022-06-20 09:37:45,161] [basehttp.py:154] [basehttp:log_message] [WARNING]- "GET /media/DeviceLNV/Device/246.jpg HTTP/1.1" 404 1800
[2022-06-20 09:37:45,174] [log.py:228] [log:log_response] [WARNING]- Not Found: /media/DeviceLNV/Device/242.jpg
[2022-06-20 09:37:45,175] [basehttp.py:154] [basehttp:log_message] [WARNING]- "GET /media/DeviceLNV/Device/242.jpg HTTP/1.1" 404 1800
[2022-06-20 09:37:45,185] [log.py:228] [log:log_response] [WARNING]- Not Found: /media/DeviceLNV/Device/251.jpg
[2022-06-20 09:37:45,186] [basehttp.py:154] [basehttp:log_message] [WARNING]- "GET /media/DeviceLNV/Device/251.jpg HTTP/1.1" 404 1800
[2022-06-20 09:37:45,187] [log.py:228] [log:log_response] [WARNING]- Not Found: /media/DeviceLNV/Device/248.jpg
[2022-06-20 09:37:45,199] [log.py:228] [log:log_response] [WARNING]- Not Found: /media/DeviceLNV/Device/252.jpg
[2022-06-20 09:37:45,199] [basehttp.py:154] [basehttp:log_message] [WARNING]- "GET /media/DeviceLNV/Device/248.jpg HTTP/1.1" 404 1800
[2022-06-20 09:37:45,200] [basehttp.py:154] [basehttp:log_message] [WARNING]- "GET /media/DeviceLNV/Device/252.jpg HTTP/1.1" 404 1800
[2022-06-20 09:37:45,209] [log.py:228] [log:log_response] [WARNING]- Not Found: /media/DeviceLNV/Device/243.jpg
[2022-06-20 09:37:45,209] [basehttp.py:154] [basehttp:log_message] [WARNING]- "GET /media/DeviceLNV/Device/243.jpg HTTP/1.1" 404 1800
[2022-06-20 09:37:45,210] [log.py:228] [log:log_response] [WARNING]- Not Found: /media/DeviceLNV/Device/250.jpg
[2022-06-20 09:37:45,216] [log.py:228] [log:log_response] [WARNING]- Not Found: /media/DeviceLNV/Device/254.jpg
[2022-06-20 09:37:45,217] [basehttp.py:154] [basehttp:log_message] [WARNING]- "GET /media/DeviceLNV/Device/250.jpg HTTP/1.1" 404 1800
[2022-06-20 09:37:45,217] [basehttp.py:154] [basehttp:log_message] [WARNING]- "GET /media/DeviceLNV/Device/254.jpg HTTP/1.1" 404 1800
[2022-06-20 09:37:45,222] [log.py:228] [log:log_response] [WARNING]- Not Found: /media/DeviceLNV/Device/1065.jpg
[2022-06-20 09:37:45,229] [basehttp.py:154] [basehttp:log_message] [WARNING]- "GET /media/DeviceLNV/Device/1065.jpg HTTP/1.1" 404 1803
[2022-06-20 09:37:45,244] [log.py:228] [log:log_response] [WARNING]- Not Found: /media/DeviceLNV/Device/334.jpg
[2022-06-20 09:37:45,250] [basehttp.py:154] [basehttp:log_message] [WARNING]- "GET /media/DeviceLNV/Device/334.jpg HTTP/1.1" 404 1800
[2022-06-20 09:37:45,250] [log.py:228] [log:log_response] [WARNING]- Not Found: /media/DeviceLNV/Device/331.jpg
[2022-06-20 09:37:45,253] [basehttp.py:154] [basehttp:log_message] [WARNING]- "GET /media/DeviceLNV/Device/331.jpg HTTP/1.1" 404 1800
[2022-06-20 09:37:45,254] [log.py:228] [log:log_response] [WARNING]- Not Found: /media/DeviceLNV/Device/316.jpg
[2022-06-20 09:37:45,254] [basehttp.py:154] [basehttp:log_message] [WARNING]- "GET /media/DeviceLNV/Device/316.jpg HTTP/1.1" 404 1800
[2022-06-20 09:37:45,265] [log.py:228] [log:log_response] [WARNING]- Not Found: /media/DeviceLNV/Device/1046.jpg
[2022-06-20 09:37:45,268] [log.py:228] [log:log_response] [WARNING]- Not Found: /media/DeviceLNV/Device/1492.jpg
[2022-06-20 09:37:45,268] [basehttp.py:154] [basehttp:log_message] [WARNING]- "GET /media/DeviceLNV/Device/1046.jpg HTTP/1.1" 404 1803
[2022-06-20 09:37:45,273] [log.py:228] [log:log_response] [WARNING]- Not Found: /media/DeviceLNV/Device/317.jpg
[2022-06-20 09:37:45,273] [basehttp.py:154] [basehttp:log_message] [WARNING]- "GET /media/DeviceLNV/Device/1492.jpg HTTP/1.1" 404 1803
[2022-06-20 09:37:45,281] [basehttp.py:154] [basehttp:log_message] [WARNING]- "GET /media/DeviceLNV/Device/317.jpg HTTP/1.1" 404 1800
[2022-06-20 09:37:45,284] [log.py:228] [log:log_response] [WARNING]- Not Found: /media/DeviceLNV/Device/319.jpg
[2022-06-20 09:37:45,286] [basehttp.py:154] [basehttp:log_message] [WARNING]- "GET /media/DeviceLNV/Device/319.jpg HTTP/1.1" 404 1800
[2022-06-20 09:37:45,287] [log.py:228] [log:log_response] [WARNING]- Not Found: /media/DeviceLNV/Device/322.jpg
[2022-06-20 09:37:45,293] [basehttp.py:154] [basehttp:log_message] [WARNING]- "GET /media/DeviceLNV/Device/322.jpg HTTP/1.1" 404 1800
[2022-06-20 09:37:45,309] [log.py:228] [log:log_response] [WARNING]- Not Found: /media/DeviceLNV/Device/345.jpg
[2022-06-20 09:37:45,309] [log.py:228] [log:log_response] [WARNING]- Not Found: /media/DeviceLNV/Device/344.jpg
[2022-06-20 09:37:45,312] [basehttp.py:154] [basehttp:log_message] [WARNING]- "GET /media/DeviceLNV/Device/344.jpg HTTP/1.1" 404 1800
[2022-06-20 09:37:45,312] [basehttp.py:154] [basehttp:log_message] [WARNING]- "GET /media/DeviceLNV/Device/345.jpg HTTP/1.1" 404 1800
[2022-06-20 09:37:45,313] [log.py:228] [log:log_response] [WARNING]- Not Found: /media/DeviceLNV/Device/341.jpg
[2022-06-20 09:37:45,315] [basehttp.py:154] [basehttp:log_message] [WARNING]- "GET /media/DeviceLNV/Device/341.jpg HTTP/1.1" 404 1800
[2022-06-20 09:37:45,315] [log.py:228] [log:log_response] [WARNING]- Not Found: /media/DeviceLNV/Device/337.jpg
[2022-06-20 09:37:45,323] [basehttp.py:154] [basehttp:log_message] [WARNING]- "GET /media/DeviceLNV/Device/337.jpg HTTP/1.1" 404 1800
[2022-06-20 09:37:45,333] [log.py:228] [log:log_response] [WARNING]- Not Found: /media/DeviceLNV/Device/1066.jpg
[2022-06-20 09:37:45,334] [basehttp.py:154] [basehttp:log_message] [WARNING]- "GET /media/DeviceLNV/Device/1066.jpg HTTP/1.1" 404 1803
[2022-06-20 09:37:45,341] [log.py:228] [log:log_response] [WARNING]- Not Found: /media/DeviceLNV/Device/332.jpg
[2022-06-20 09:37:45,343] [basehttp.py:154] [basehttp:log_message] [WARNING]- "GET /media/DeviceLNV/Device/332.jpg HTTP/1.1" 404 1800
[2022-06-20 09:37:45,348] [log.py:228] [log:log_response] [WARNING]- Not Found: /media/DeviceLNV/Device/327.jpg
[2022-06-20 09:37:45,350] [log.py:228] [log:log_response] [WARNING]- Not Found: /media/DeviceLNV/Device/1178.jpg
[2022-06-20 09:37:45,352] [basehttp.py:154] [basehttp:log_message] [WARNING]- "GET /media/DeviceLNV/Device/327.jpg HTTP/1.1" 404 1800
[2022-06-20 09:37:45,356] [basehttp.py:154] [basehttp:log_message] [WARNING]- "GET /media/DeviceLNV/Device/1178.jpg HTTP/1.1" 404 1803
[2022-06-20 09:37:45,364] [log.py:228] [log:log_response] [WARNING]- Not Found: /media/DeviceLNV/Device/326.jpg
[2022-06-20 09:37:45,369] [basehttp.py:154] [basehttp:log_message] [WARNING]- "GET /media/DeviceLNV/Device/326.jpg HTTP/1.1" 404 1800
[2022-06-20 09:37:45,378] [log.py:228] [log:log_response] [WARNING]- Not Found: /media/DeviceLNV/Device/1179.jpg
[2022-06-20 09:37:45,381] [basehttp.py:154] [basehttp:log_message] [WARNING]- "GET /media/DeviceLNV/Device/1179.jpg HTTP/1.1" 404 1803
[2022-06-20 09:37:45,412] [log.py:228] [log:log_response] [WARNING]- Not Found: /media/DeviceLNV/Device/321.jpg
[2022-06-20 09:37:45,413] [basehttp.py:154] [basehttp:log_message] [WARNING]- "GET /media/DeviceLNV/Device/321.jpg HTTP/1.1" 404 1800
[2022-06-20 09:37:45,432] [log.py:228] [log:log_response] [WARNING]- Not Found: /media/DeviceLNV/Device/324.jpg
[2022-06-20 09:37:45,436] [basehttp.py:154] [basehttp:log_message] [WARNING]- "GET /media/DeviceLNV/Device/324.jpg HTTP/1.1" 404 1800
[2022-06-20 09:37:45,437] [log.py:228] [log:log_response] [WARNING]- Not Found: /media/DeviceLNV/Device/283.jpg
[2022-06-20 09:37:45,438] [basehttp.py:154] [basehttp:log_message] [WARNING]- "GET /media/DeviceLNV/Device/283.jpg HTTP/1.1" 404 1800
[2022-06-20 09:37:45,451] [log.py:228] [log:log_response] [WARNING]- Not Found: /media/DeviceLNV/Device/292.jpg
[2022-06-20 09:37:45,452] [basehttp.py:154] [basehttp:log_message] [WARNING]- "GET /media/DeviceLNV/Device/292.jpg HTTP/1.1" 404 1800
[2022-06-20 09:37:45,468] [log.py:228] [log:log_response] [WARNING]- Not Found: /media/DeviceLNV/Device/286.jpg
[2022-06-20 09:37:45,468] [basehttp.py:154] [basehttp:log_message] [WARNING]- "GET /media/DeviceLNV/Device/286.jpg HTTP/1.1" 404 1800
[2022-06-20 09:37:45,472] [log.py:228] [log:log_response] [WARNING]- Not Found: /media/DeviceLNV/Device/294.jpg
[2022-06-20 09:37:45,475] [basehttp.py:154] [basehttp:log_message] [WARNING]- "GET /media/DeviceLNV/Device/294.jpg HTTP/1.1" 404 1800
[2022-06-20 09:37:45,477] [log.py:228] [log:log_response] [WARNING]- Not Found: /media/DeviceLNV/Device/1550.jpg
[2022-06-20 09:37:45,478] [basehttp.py:154] [basehttp:log_message] [WARNING]- "GET /media/DeviceLNV/Device/1550.jpg HTTP/1.1" 404 1803
[2022-06-20 09:37:45,479] [log.py:228] [log:log_response] [WARNING]- Not Found: /media/DeviceLNV/Device/1551.jpg
[2022-06-20 09:37:45,480] [basehttp.py:154] [basehttp:log_message] [WARNING]- "GET /media/DeviceLNV/Device/1551.jpg HTTP/1.1" 404 1803
[2022-06-20 09:37:45,482] [log.py:228] [log:log_response] [WARNING]- Not Found: /media/DeviceLNV/Device/375.jpg
[2022-06-20 09:37:45,483] [basehttp.py:154] [basehttp:log_message] [WARNING]- "GET /media/DeviceLNV/Device/375.jpg HTTP/1.1" 404 1800
[2022-06-20 09:37:45,484] [log.py:228] [log:log_response] [WARNING]- Not Found: /media/DeviceLNV/Device/1553.jpg
[2022-06-20 09:37:45,485] [basehttp.py:154] [basehttp:log_message] [WARNING]- "GET /media/DeviceLNV/Device/1553.jpg HTTP/1.1" 404 1803
[2022-06-20 09:37:45,566] [log.py:228] [log:log_response] [WARNING]- Not Found: /media/DeviceLNV/Device/374.jpg
[2022-06-20 09:37:45,567] [log.py:228] [log:log_response] [WARNING]- Not Found: /media/DeviceLNV/Device/289.jpg
[2022-06-20 09:37:45,568] [basehttp.py:154] [basehttp:log_message] [WARNING]- "GET /media/DeviceLNV/Device/374.jpg HTTP/1.1" 404 1800
[2022-06-20 09:37:45,568] [basehttp.py:154] [basehttp:log_message] [WARNING]- "GET /media/DeviceLNV/Device/289.jpg HTTP/1.1" 404 1800
[2022-06-20 09:37:45,570] [log.py:228] [log:log_response] [WARNING]- Not Found: /media/DeviceLNV/Device/281.jpg
[2022-06-20 09:37:45,570] [basehttp.py:154] [basehttp:log_message] [WARNING]- "GET /media/DeviceLNV/Device/281.jpg HTTP/1.1" 404 1800
[2022-06-20 09:37:45,587] [log.py:228] [log:log_response] [WARNING]- Not Found: /media/DeviceLNV/Device/1044.jpg
[2022-06-20 09:37:45,589] [basehttp.py:154] [basehttp:log_message] [WARNING]- "GET /media/DeviceLNV/Device/1044.jpg HTTP/1.1" 404 1803
[2022-06-20 09:37:45,606] [log.py:228] [log:log_response] [WARNING]- Not Found: /media/DeviceLNV/Device/1512.jpg
[2022-06-20 09:37:45,611] [log.py:228] [log:log_response] [WARNING]- Not Found: /media/DeviceLNV/Device/373.jpg
[2022-06-20 09:37:45,612] [basehttp.py:154] [basehttp:log_message] [WARNING]- "GET /media/DeviceLNV/Device/373.jpg HTTP/1.1" 404 1800
[2022-06-20 09:37:45,614] [basehttp.py:154] [basehttp:log_message] [WARNING]- "GET /media/DeviceLNV/Device/1512.jpg HTTP/1.1" 404 1803
[2022-06-20 09:37:45,615] [log.py:228] [log:log_response] [WARNING]- Not Found: /media/DeviceLNV/Device/2047.jpg
[2022-06-20 09:37:45,619] [basehttp.py:154] [basehttp:log_message] [WARNING]- "GET /media/DeviceLNV/Device/2047.jpg HTTP/1.1" 404 1803
[2022-06-20 09:37:45,653] [log.py:228] [log:log_response] [WARNING]- Not Found: /media/DeviceLNV/Device/1461.jpg
[2022-06-20 09:37:45,654] [basehttp.py:154] [basehttp:log_message] [WARNING]- "GET /media/DeviceLNV/Device/1461.jpg HTTP/1.1" 404 1803
[2022-06-20 09:37:45,656] [log.py:228] [log:log_response] [WARNING]- Not Found: /media/DeviceLNV/Device/339.jpg
[2022-06-20 09:37:45,657] [basehttp.py:154] [basehttp:log_message] [WARNING]- "GET /media/DeviceLNV/Device/339.jpg HTTP/1.1" 404 1800
[2022-06-20 09:37:45,659] [log.py:228] [log:log_response] [WARNING]- Not Found: /media/DeviceLNV/Device/338.jpg
[2022-06-20 09:37:45,659] [basehttp.py:154] [basehttp:log_message] [WARNING]- "GET /media/DeviceLNV/Device/338.jpg HTTP/1.1" 404 1800
[2022-06-20 09:37:45,661] [log.py:228] [log:log_response] [WARNING]- Not Found: /media/DeviceLNV/Device/340.jpg
[2022-06-20 09:37:45,661] [basehttp.py:154] [basehttp:log_message] [WARNING]- "GET /media/DeviceLNV/Device/340.jpg HTTP/1.1" 404 1800
[2022-06-20 09:37:45,663] [log.py:228] [log:log_response] [WARNING]- Not Found: /media/DeviceLNV/Device/1552.jpg
[2022-06-20 09:37:45,664] [basehttp.py:154] [basehttp:log_message] [WARNING]- "GET /media/DeviceLNV/Device/1552.jpg HTTP/1.1" 404 1803
