[2020-06-24 08:34:34,930] [basehttp.py:154] [basehttp:log_message] [INFO]- "GET /TestPlanSW/TestPlanSW-search/ HTTP/1.1" 200 82739
[2020-06-24 08:34:35,134] [basehttp.py:154] [basehttp:log_message] [WARNING]- "GET /static/css/bootstrap.min.css.map HTTP/1.1" 404 1800
[2020-06-24 08:34:35,158] [basehttp.py:154] [basehttp:log_message] [WARNING]- "GET /static/js/lib/bootstrap.min.js.map HTTP/1.1" 404 1806
[2020-06-24 08:34:35,324] [basehttp.py:154] [basehttp:log_message] [WARNING]- "GET /static/js/xlsx/FileSaver.min.js.map HTTP/1.1" 404 1809
[2020-06-24 08:34:35,324] [basehttp.py:154] [basehttp:log_message] [WARNING]- "GET /static/js/axios.min.map HTTP/1.1" 404 1773
[2020-06-24 08:34:35,804] [basehttp.py:154] [basehttp:log_message] [INFO]- "GET /TestPlanSW/TestPlanSW-search/?action=first HTTP/1.1" 200 412
[2020-06-24 08:34:35,807] [basehttp.py:154] [basehttp:log_message] [INFO]- "POST /TestPlanSW/TestPlanSW-search/ HTTP/1.1" 200 129
[2020-06-24 08:34:35,849] [basehttp.py:154] [basehttp:log_message] [INFO]- "GET /favicon.ico HTTP/1.1" 200 16506
[2020-06-24 08:35:05,370] [basehttp.py:154] [basehttp:log_message] [INFO]- "GET /TestPlanSW/TestPlanSW-search/ HTTP/1.1" 200 82738
[2020-06-24 08:35:05,549] [basehttp.py:154] [basehttp:log_message] [WARNING]- "GET /static/css/bootstrap.min.css.map HTTP/1.1" 404 1800
[2020-06-24 08:35:05,574] [basehttp.py:154] [basehttp:log_message] [WARNING]- "GET /static/js/lib/bootstrap.min.js.map HTTP/1.1" 404 1806
[2020-06-24 08:35:05,738] [basehttp.py:154] [basehttp:log_message] [WARNING]- "GET /static/js/xlsx/FileSaver.min.js.map HTTP/1.1" 404 1809
[2020-06-24 08:35:05,738] [basehttp.py:154] [basehttp:log_message] [WARNING]- "GET /static/js/axios.min.map HTTP/1.1" 404 1773
[2020-06-24 08:35:06,172] [basehttp.py:154] [basehttp:log_message] [INFO]- "GET /TestPlanSW/TestPlanSW-search/?action=first HTTP/1.1" 200 412
[2020-06-24 08:35:06,175] [basehttp.py:154] [basehttp:log_message] [INFO]- "POST /TestPlanSW/TestPlanSW-search/ HTTP/1.1" 200 129
[2020-06-24 08:35:06,192] [basehttp.py:154] [basehttp:log_message] [INFO]- "GET /favicon.ico HTTP/1.1" 200 16506
[2020-06-24 08:35:34,890] [basehttp.py:154] [basehttp:log_message] [INFO]- "GET /TestPlanSW/TestPlanSW-search/ HTTP/1.1" 200 82684
[2020-06-24 08:35:35,062] [basehttp.py:154] [basehttp:log_message] [WARNING]- "GET /static/css/bootstrap.min.css.map HTTP/1.1" 404 1800
[2020-06-24 08:35:35,086] [basehttp.py:154] [basehttp:log_message] [WARNING]- "GET /static/js/lib/bootstrap.min.js.map HTTP/1.1" 404 1806
[2020-06-24 08:35:35,231] [basehttp.py:154] [basehttp:log_message] [WARNING]- "GET /static/js/axios.min.map HTTP/1.1" 404 1773
[2020-06-24 08:35:35,231] [basehttp.py:154] [basehttp:log_message] [WARNING]- "GET /static/js/xlsx/FileSaver.min.js.map HTTP/1.1" 404 1809
[2020-06-24 08:35:35,687] [basehttp.py:154] [basehttp:log_message] [INFO]- "GET /TestPlanSW/TestPlanSW-search/?action=first HTTP/1.1" 200 412
[2020-06-24 08:35:35,690] [basehttp.py:154] [basehttp:log_message] [INFO]- "POST /TestPlanSW/TestPlanSW-search/ HTTP/1.1" 200 129
[2020-06-24 08:35:35,720] [basehttp.py:154] [basehttp:log_message] [INFO]- "GET /favicon.ico HTTP/1.1" 200 16506
[2020-06-24 08:39:12,018] [basehttp.py:154] [basehttp:log_message] [INFO]- "POST /TestPlanSW/TestPlanSW-search/ HTTP/1.1" 200 2505
[2020-06-24 08:42:48,207] [basehttp.py:154] [basehttp:log_message] [INFO]- "GET /TestPlanSW/TestPlanSW-search/ HTTP/1.1" 200 82854
[2020-06-24 08:42:48,415] [basehttp.py:154] [basehttp:log_message] [WARNING]- "GET /static/css/bootstrap.min.css.map HTTP/1.1" 404 1800
[2020-06-24 08:42:48,479] [basehttp.py:154] [basehttp:log_message] [WARNING]- "GET /static/js/lib/bootstrap.min.js.map HTTP/1.1" 404 1806
[2020-06-24 08:42:48,859] [basehttp.py:154] [basehttp:log_message] [WARNING]- "GET /static/js/axios.min.map HTTP/1.1" 404 1773
[2020-06-24 08:42:48,859] [basehttp.py:154] [basehttp:log_message] [WARNING]- "GET /static/js/xlsx/FileSaver.min.js.map HTTP/1.1" 404 1809
[2020-06-24 08:42:49,363] [basehttp.py:154] [basehttp:log_message] [INFO]- "POST /TestPlanSW/TestPlanSW-search/ HTTP/1.1" 200 129
[2020-06-24 08:42:49,369] [basehttp.py:154] [basehttp:log_message] [INFO]- "GET /TestPlanSW/TestPlanSW-search/?action=first HTTP/1.1" 200 412
[2020-06-24 08:42:52,480] [basehttp.py:154] [basehttp:log_message] [INFO]- "POST /TestPlanSW/TestPlanSW-search/ HTTP/1.1" 200 2505
[2020-06-24 08:42:57,935] [basehttp.py:154] [basehttp:log_message] [INFO]- "POST /TestPlanSW/TestPlanSW-search/ HTTP/1.1" 200 225
[2020-06-24 08:43:03,555] [basehttp.py:154] [basehttp:log_message] [WARNING]- "GET /static/js/lib/bootstrap.min.js.map HTTP/1.1" 404 1806
[2020-06-24 08:43:03,562] [basehttp.py:154] [basehttp:log_message] [WARNING]- "GET /static/js/axios.min.map HTTP/1.1" 404 1773
[2020-06-24 08:43:03,565] [basehttp.py:154] [basehttp:log_message] [WARNING]- "GET /static/js/xlsx/FileSaver.min.js.map HTTP/1.1" 404 1809
[2020-06-24 08:43:03,612] [basehttp.py:154] [basehttp:log_message] [WARNING]- "GET /static/css/bootstrap.min.css.map HTTP/1.1" 404 1800
[2020-06-24 08:43:03,655] [basehttp.py:154] [basehttp:log_message] [INFO]- "GET /favicon.ico HTTP/1.1" 200 16506
[2020-06-24 08:43:30,170] [basehttp.py:154] [basehttp:log_message] [INFO]- "GET /TestPlanSW/TestPlanSW-search/ HTTP/1.1" 200 82854
[2020-06-24 08:43:30,334] [basehttp.py:154] [basehttp:log_message] [WARNING]- "GET /static/css/bootstrap.min.css.map HTTP/1.1" 404 1800
[2020-06-24 08:43:30,430] [basehttp.py:154] [basehttp:log_message] [WARNING]- "GET /static/js/lib/bootstrap.min.js.map HTTP/1.1" 404 1806
[2020-06-24 08:43:30,777] [basehttp.py:154] [basehttp:log_message] [WARNING]- "GET /static/js/axios.min.map HTTP/1.1" 404 1773
[2020-06-24 08:43:30,777] [basehttp.py:154] [basehttp:log_message] [WARNING]- "GET /static/js/xlsx/FileSaver.min.js.map HTTP/1.1" 404 1809
[2020-06-24 08:43:31,183] [basehttp.py:154] [basehttp:log_message] [INFO]- "GET /TestPlanSW/TestPlanSW-search/?action=first HTTP/1.1" 200 412
[2020-06-24 08:43:31,187] [basehttp.py:154] [basehttp:log_message] [INFO]- "POST /TestPlanSW/TestPlanSW-search/ HTTP/1.1" 200 129
[2020-06-24 08:43:31,242] [basehttp.py:154] [basehttp:log_message] [INFO]- "GET /favicon.ico HTTP/1.1" 200 16506
[2020-06-24 08:43:34,376] [basehttp.py:154] [basehttp:log_message] [INFO]- "POST /TestPlanSW/TestPlanSW-search/ HTTP/1.1" 200 2505
[2020-06-24 08:43:35,151] [basehttp.py:154] [basehttp:log_message] [INFO]- "POST /TestPlanSW/TestPlanSW-search/ HTTP/1.1" 200 225
[2020-06-24 08:43:42,528] [basehttp.py:154] [basehttp:log_message] [INFO]- "POST /TestPlanSW/TestPlanSW-search/ HTTP/1.1" 200 2505
[2020-06-24 08:43:47,000] [basehttp.py:154] [basehttp:log_message] [INFO]- "POST /TestPlanSW/TestPlanSW-search/ HTTP/1.1" 200 202
[2020-06-24 08:44:32,936] [basehttp.py:154] [basehttp:log_message] [INFO]- "GET /TestPlanSW/TestPlanSW-search/?action=getCategory&customer=C38(NB)&project=FLMA0&phase=1 HTTP/1.1" 200 777
[2020-06-24 08:44:34,501] [basehttp.py:154] [basehttp:log_message] [INFO]- "GET /TestPlanSW/TestPlanSW-search/?action=getCategory&customer=C38(NB)&project=FLMA0&phase=14 HTTP/1.1" 200 838
[2020-06-24 08:44:36,159] [basehttp.py:154] [basehttp:log_message] [INFO]- "GET /TestPlanSW/TestPlanSW-search/?action=getCategory&customer=C38(NB)&project=FLMA0&phase=0 HTTP/1.1" 200 777
[2020-06-24 08:44:42,143] [basehttp.py:154] [basehttp:log_message] [INFO]- "GET /TestPlanSW/TestPlanSW-search/?action=getContent&customer=C38(NB)&project=FLMA0&phase=0&category= HTTP/1.1" 200 4383
[2020-06-24 08:44:45,570] [basehttp.py:154] [basehttp:log_message] [INFO]- "GET /TestPlanSW/TestPlanSW-search/ HTTP/1.1" 200 82854
[2020-06-24 08:44:45,756] [basehttp.py:154] [basehttp:log_message] [WARNING]- "GET /static/css/bootstrap.min.css.map HTTP/1.1" 404 1800
[2020-06-24 08:44:45,780] [basehttp.py:154] [basehttp:log_message] [WARNING]- "GET /static/js/lib/bootstrap.min.js.map HTTP/1.1" 404 1806
[2020-06-24 08:44:45,933] [basehttp.py:154] [basehttp:log_message] [WARNING]- "GET /static/js/axios.min.map HTTP/1.1" 404 1773
[2020-06-24 08:44:45,936] [basehttp.py:154] [basehttp:log_message] [WARNING]- "GET /static/js/xlsx/FileSaver.min.js.map HTTP/1.1" 404 1809
[2020-06-24 08:44:46,390] [basehttp.py:154] [basehttp:log_message] [INFO]- "GET /TestPlanSW/TestPlanSW-search/?action=first HTTP/1.1" 200 412
[2020-06-24 08:44:46,395] [basehttp.py:154] [basehttp:log_message] [INFO]- "POST /TestPlanSW/TestPlanSW-search/ HTTP/1.1" 200 129
[2020-06-24 08:44:46,457] [basehttp.py:154] [basehttp:log_message] [INFO]- "GET /favicon.ico HTTP/1.1" 200 16506
[2020-06-24 08:44:48,870] [basehttp.py:154] [basehttp:log_message] [INFO]- "POST /TestPlanSW/TestPlanSW-search/ HTTP/1.1" 200 2505
[2020-06-24 08:44:49,683] [basehttp.py:154] [basehttp:log_message] [INFO]- "POST /TestPlanSW/TestPlanSW-search/ HTTP/1.1" 200 225
[2020-06-24 08:44:53,637] [basehttp.py:154] [basehttp:log_message] [INFO]- "GET /TestPlanSW/TestPlanSW-search/?action=getCategory&customer=C38(NB)&project=FLY5U&phase=1 HTTP/1.1" 200 777
[2020-06-24 08:44:54,645] [basehttp.py:154] [basehttp:log_message] [INFO]- "GET /TestPlanSW/TestPlanSW-search/?action=getContent&customer=C38(NB)&project=FLY5U&phase=1&category= HTTP/1.1" 200 4376
[2020-06-24 08:44:58,473] [basehttp.py:154] [basehttp:log_message] [INFO]- "GET /TestPlanSW/TestPlanSW-search/?action=getCategory&customer=C38(NB)&project=FLY5U&phase=14 HTTP/1.1" 200 838
[2020-06-24 08:45:02,906] [basehttp.py:154] [basehttp:log_message] [INFO]- "GET /TestPlanSW/TestPlanSW-search/?action=getContent&customer=C38(NB)&project=FLY5U&phase=14&category= HTTP/1.1" 200 3544
[2020-06-24 08:45:06,489] [basehttp.py:154] [basehttp:log_message] [WARNING]- "GET /static/js/lib/bootstrap.min.js.map HTTP/1.1" 404 1806
[2020-06-24 08:45:06,496] [basehttp.py:154] [basehttp:log_message] [WARNING]- "GET /static/js/axios.min.map HTTP/1.1" 404 1773
[2020-06-24 08:45:06,509] [basehttp.py:154] [basehttp:log_message] [WARNING]- "GET /static/js/xlsx/FileSaver.min.js.map HTTP/1.1" 404 1809
[2020-06-24 08:45:06,578] [basehttp.py:154] [basehttp:log_message] [WARNING]- "GET /static/css/bootstrap.min.css.map HTTP/1.1" 404 1800
[2020-06-24 08:45:21,856] [basehttp.py:154] [basehttp:log_message] [INFO]- "GET /TestPlanSW/TestPlanSW-search/?action=getCategory&customer=C38(NB)&project=FLV34/35_V350%2014/15&phase=0 HTTP/1.1" 200 777
[2020-06-24 08:45:22,530] [basehttp.py:154] [basehttp:log_message] [INFO]- "GET /TestPlanSW/TestPlanSW-search/?action=getContent&customer=C38(NB)&project=FLV34/35_V350%2014/15&phase=0&category= HTTP/1.1" 200 4527
[2020-06-24 08:48:35,311] [basehttp.py:154] [basehttp:log_message] [INFO]- "GET /TestPlanSW/TestPlanSW-search/ HTTP/1.1" 200 82854
[2020-06-24 08:48:35,458] [basehttp.py:154] [basehttp:log_message] [WARNING]- "GET /static/css/bootstrap.min.css.map HTTP/1.1" 404 1800
[2020-06-24 08:48:35,500] [basehttp.py:154] [basehttp:log_message] [WARNING]- "GET /static/js/lib/bootstrap.min.js.map HTTP/1.1" 404 1806
[2020-06-24 08:48:35,652] [basehttp.py:154] [basehttp:log_message] [WARNING]- "GET /static/js/axios.min.map HTTP/1.1" 404 1773
[2020-06-24 08:48:35,652] [basehttp.py:154] [basehttp:log_message] [WARNING]- "GET /static/js/xlsx/FileSaver.min.js.map HTTP/1.1" 404 1809
[2020-06-24 08:48:36,050] [basehttp.py:154] [basehttp:log_message] [INFO]- "GET /TestPlanSW/TestPlanSW-search/?action=first HTTP/1.1" 200 412
[2020-06-24 08:48:36,053] [basehttp.py:154] [basehttp:log_message] [INFO]- "POST /TestPlanSW/TestPlanSW-search/ HTTP/1.1" 200 129
[2020-06-24 08:48:36,118] [basehttp.py:154] [basehttp:log_message] [INFO]- "GET /favicon.ico HTTP/1.1" 200 16506
[2020-06-24 08:48:40,026] [basehttp.py:154] [basehttp:log_message] [INFO]- "POST /TestPlanSW/TestPlanSW-search/ HTTP/1.1" 200 2505
[2020-06-24 08:48:41,021] [basehttp.py:154] [basehttp:log_message] [INFO]- "POST /TestPlanSW/TestPlanSW-search/ HTTP/1.1" 200 225
[2020-06-24 08:51:29,733] [basehttp.py:154] [basehttp:log_message] [INFO]- "GET /TestPlanSW/TestPlanSW-search/ HTTP/1.1" 200 82854
[2020-06-24 08:51:29,919] [basehttp.py:154] [basehttp:log_message] [WARNING]- "GET /static/css/bootstrap.min.css.map HTTP/1.1" 404 1800
[2020-06-24 08:51:29,949] [basehttp.py:154] [basehttp:log_message] [WARNING]- "GET /static/js/lib/bootstrap.min.js.map HTTP/1.1" 404 1806
[2020-06-24 08:51:30,119] [basehttp.py:154] [basehttp:log_message] [WARNING]- "GET /static/js/axios.min.map HTTP/1.1" 404 1773
[2020-06-24 08:51:30,119] [basehttp.py:154] [basehttp:log_message] [WARNING]- "GET /static/js/xlsx/FileSaver.min.js.map HTTP/1.1" 404 1809
[2020-06-24 08:51:30,533] [basehttp.py:154] [basehttp:log_message] [INFO]- "POST /TestPlanSW/TestPlanSW-search/ HTTP/1.1" 200 129
[2020-06-24 08:51:30,536] [basehttp.py:154] [basehttp:log_message] [INFO]- "GET /TestPlanSW/TestPlanSW-search/?action=first HTTP/1.1" 200 412
[2020-06-24 08:51:30,607] [basehttp.py:154] [basehttp:log_message] [INFO]- "GET /favicon.ico HTTP/1.1" 200 16506
[2020-06-24 08:52:35,374] [basehttp.py:154] [basehttp:log_message] [INFO]- "GET /TestPlanSW/TestPlanSW-search/ HTTP/1.1" 200 82916
[2020-06-24 08:52:35,599] [basehttp.py:154] [basehttp:log_message] [WARNING]- "GET /static/css/bootstrap.min.css.map HTTP/1.1" 404 1800
[2020-06-24 08:52:35,618] [basehttp.py:154] [basehttp:log_message] [WARNING]- "GET /static/js/lib/bootstrap.min.js.map HTTP/1.1" 404 1806
[2020-06-24 08:52:35,763] [basehttp.py:154] [basehttp:log_message] [WARNING]- "GET /static/js/axios.min.map HTTP/1.1" 404 1773
[2020-06-24 08:52:35,765] [basehttp.py:154] [basehttp:log_message] [WARNING]- "GET /static/js/xlsx/FileSaver.min.js.map HTTP/1.1" 404 1809
[2020-06-24 08:52:36,185] [basehttp.py:154] [basehttp:log_message] [INFO]- "GET /TestPlanSW/TestPlanSW-search/?action=first HTTP/1.1" 200 412
[2020-06-24 08:52:36,187] [basehttp.py:154] [basehttp:log_message] [INFO]- "POST /TestPlanSW/TestPlanSW-search/ HTTP/1.1" 200 129
[2020-06-24 08:52:36,213] [basehttp.py:154] [basehttp:log_message] [INFO]- "GET /favicon.ico HTTP/1.1" 200 16506
[2020-06-24 08:52:59,546] [basehttp.py:154] [basehttp:log_message] [INFO]- "GET /TestPlanSW/TestPlanSW-search/ HTTP/1.1" 200 82916
[2020-06-24 08:52:59,723] [basehttp.py:154] [basehttp:log_message] [WARNING]- "GET /static/css/bootstrap.min.css.map HTTP/1.1" 404 1800
[2020-06-24 08:52:59,745] [basehttp.py:154] [basehttp:log_message] [WARNING]- "GET /static/js/lib/bootstrap.min.js.map HTTP/1.1" 404 1806
[2020-06-24 08:52:59,916] [basehttp.py:154] [basehttp:log_message] [WARNING]- "GET /static/js/xlsx/FileSaver.min.js.map HTTP/1.1" 404 1809
[2020-06-24 08:52:59,917] [basehttp.py:154] [basehttp:log_message] [WARNING]- "GET /static/js/axios.min.map HTTP/1.1" 404 1773
[2020-06-24 08:53:00,391] [basehttp.py:154] [basehttp:log_message] [INFO]- "GET /TestPlanSW/TestPlanSW-search/?action=first HTTP/1.1" 200 412
[2020-06-24 08:53:00,394] [basehttp.py:154] [basehttp:log_message] [INFO]- "POST /TestPlanSW/TestPlanSW-search/ HTTP/1.1" 200 129
[2020-06-24 08:53:00,434] [basehttp.py:154] [basehttp:log_message] [INFO]- "GET /favicon.ico HTTP/1.1" 200 16506
[2020-06-24 08:53:09,855] [basehttp.py:154] [basehttp:log_message] [INFO]- "GET /TestPlanSW/TestPlanSW-search/ HTTP/1.1" 200 82916
[2020-06-24 08:53:10,007] [basehttp.py:154] [basehttp:log_message] [WARNING]- "GET /static/css/bootstrap.min.css.map HTTP/1.1" 404 1800
[2020-06-24 08:53:10,047] [basehttp.py:154] [basehttp:log_message] [WARNING]- "GET /static/js/lib/bootstrap.min.js.map HTTP/1.1" 404 1806
[2020-06-24 08:53:10,189] [basehttp.py:154] [basehttp:log_message] [WARNING]- "GET /static/js/axios.min.map HTTP/1.1" 404 1773
[2020-06-24 08:53:10,189] [basehttp.py:154] [basehttp:log_message] [WARNING]- "GET /static/js/xlsx/FileSaver.min.js.map HTTP/1.1" 404 1809
[2020-06-24 08:53:10,585] [basehttp.py:154] [basehttp:log_message] [INFO]- "GET /TestPlanSW/TestPlanSW-search/?action=first HTTP/1.1" 200 412
[2020-06-24 08:53:10,589] [basehttp.py:154] [basehttp:log_message] [INFO]- "POST /TestPlanSW/TestPlanSW-search/ HTTP/1.1" 200 129
[2020-06-24 08:53:10,622] [basehttp.py:154] [basehttp:log_message] [INFO]- "GET /favicon.ico HTTP/1.1" 200 16506
[2020-06-24 08:54:05,632] [basehttp.py:154] [basehttp:log_message] [INFO]- "GET /TestPlanSW/TestPlanSW-search/ HTTP/1.1" 200 82916
[2020-06-24 08:54:05,804] [basehttp.py:154] [basehttp:log_message] [WARNING]- "GET /static/css/bootstrap.min.css.map HTTP/1.1" 404 1800
[2020-06-24 08:54:05,824] [basehttp.py:154] [basehttp:log_message] [WARNING]- "GET /static/js/lib/bootstrap.min.js.map HTTP/1.1" 404 1806
[2020-06-24 08:54:05,986] [basehttp.py:154] [basehttp:log_message] [WARNING]- "GET /static/js/xlsx/FileSaver.min.js.map HTTP/1.1" 404 1809
[2020-06-24 08:54:05,987] [basehttp.py:154] [basehttp:log_message] [WARNING]- "GET /static/js/axios.min.map HTTP/1.1" 404 1773
[2020-06-24 08:54:06,416] [basehttp.py:154] [basehttp:log_message] [INFO]- "GET /TestPlanSW/TestPlanSW-search/?action=first HTTP/1.1" 200 412
[2020-06-24 08:54:06,420] [basehttp.py:154] [basehttp:log_message] [INFO]- "POST /TestPlanSW/TestPlanSW-search/ HTTP/1.1" 200 129
[2020-06-24 08:54:06,482] [basehttp.py:154] [basehttp:log_message] [INFO]- "GET /favicon.ico HTTP/1.1" 200 16506
[2020-06-24 08:54:09,895] [basehttp.py:154] [basehttp:log_message] [INFO]- "POST /TestPlanSW/TestPlanSW-search/ HTTP/1.1" 200 2505
[2020-06-24 08:54:10,881] [basehttp.py:154] [basehttp:log_message] [INFO]- "POST /TestPlanSW/TestPlanSW-search/ HTTP/1.1" 200 225
[2020-06-24 08:55:37,756] [basehttp.py:154] [basehttp:log_message] [INFO]- "GET /TestPlanSW/TestPlanSW-search/ HTTP/1.1" 200 82916
[2020-06-24 08:55:37,934] [basehttp.py:154] [basehttp:log_message] [WARNING]- "GET /static/css/bootstrap.min.css.map HTTP/1.1" 404 1800
[2020-06-24 08:55:37,955] [basehttp.py:154] [basehttp:log_message] [WARNING]- "GET /static/js/lib/bootstrap.min.js.map HTTP/1.1" 404 1806
[2020-06-24 08:55:38,109] [basehttp.py:154] [basehttp:log_message] [WARNING]- "GET /static/js/axios.min.map HTTP/1.1" 404 1773
[2020-06-24 08:55:38,111] [basehttp.py:154] [basehttp:log_message] [WARNING]- "GET /static/js/xlsx/FileSaver.min.js.map HTTP/1.1" 404 1809
[2020-06-24 08:55:38,566] [basehttp.py:154] [basehttp:log_message] [INFO]- "GET /TestPlanSW/TestPlanSW-search/?action=first HTTP/1.1" 200 412
[2020-06-24 08:55:38,568] [basehttp.py:154] [basehttp:log_message] [INFO]- "POST /TestPlanSW/TestPlanSW-search/ HTTP/1.1" 200 129
[2020-06-24 08:55:38,626] [basehttp.py:154] [basehttp:log_message] [INFO]- "GET /favicon.ico HTTP/1.1" 200 16506
[2020-06-24 08:55:49,944] [basehttp.py:154] [basehttp:log_message] [INFO]- "POST /TestPlanSW/TestPlanSW-search/ HTTP/1.1" 200 2505
[2020-06-24 08:55:51,137] [basehttp.py:154] [basehttp:log_message] [INFO]- "POST /TestPlanSW/TestPlanSW-search/ HTTP/1.1" 200 230
[2020-06-24 08:58:48,042] [basehttp.py:154] [basehttp:log_message] [INFO]- "GET /TestPlanSW/TestPlanSW-search/ HTTP/1.1" 200 82970
[2020-06-24 08:58:48,206] [basehttp.py:154] [basehttp:log_message] [WARNING]- "GET /static/css/bootstrap.min.css.map HTTP/1.1" 404 1800
[2020-06-24 08:58:48,240] [basehttp.py:154] [basehttp:log_message] [WARNING]- "GET /static/js/lib/bootstrap.min.js.map HTTP/1.1" 404 1806
[2020-06-24 08:58:48,394] [basehttp.py:154] [basehttp:log_message] [WARNING]- "GET /static/js/xlsx/FileSaver.min.js.map HTTP/1.1" 404 1809
[2020-06-24 08:58:48,394] [basehttp.py:154] [basehttp:log_message] [WARNING]- "GET /static/js/axios.min.map HTTP/1.1" 404 1773
[2020-06-24 08:58:48,829] [basehttp.py:154] [basehttp:log_message] [INFO]- "GET /TestPlanSW/TestPlanSW-search/?action=first HTTP/1.1" 200 412
[2020-06-24 08:58:48,834] [basehttp.py:154] [basehttp:log_message] [INFO]- "POST /TestPlanSW/TestPlanSW-search/ HTTP/1.1" 200 129
[2020-06-24 08:58:48,885] [basehttp.py:154] [basehttp:log_message] [INFO]- "GET /favicon.ico HTTP/1.1" 200 16506
[2020-06-24 08:58:57,682] [basehttp.py:154] [basehttp:log_message] [INFO]- "GET /TestPlanSW/TestPlanSW-search/ HTTP/1.1" 200 82970
[2020-06-24 08:58:57,830] [basehttp.py:154] [basehttp:log_message] [WARNING]- "GET /static/css/bootstrap.min.css.map HTTP/1.1" 404 1800
[2020-06-24 08:58:57,868] [basehttp.py:154] [basehttp:log_message] [WARNING]- "GET /static/js/lib/bootstrap.min.js.map HTTP/1.1" 404 1806
[2020-06-24 08:58:58,015] [basehttp.py:154] [basehttp:log_message] [WARNING]- "GET /static/js/axios.min.map HTTP/1.1" 404 1773
[2020-06-24 08:58:58,015] [basehttp.py:154] [basehttp:log_message] [WARNING]- "GET /static/js/xlsx/FileSaver.min.js.map HTTP/1.1" 404 1809
[2020-06-24 08:58:58,488] [basehttp.py:154] [basehttp:log_message] [INFO]- "GET /TestPlanSW/TestPlanSW-search/?action=first HTTP/1.1" 200 412
[2020-06-24 08:58:58,491] [basehttp.py:154] [basehttp:log_message] [INFO]- "POST /TestPlanSW/TestPlanSW-search/ HTTP/1.1" 200 129
[2020-06-24 08:58:58,770] [basehttp.py:154] [basehttp:log_message] [INFO]- "GET /favicon.ico HTTP/1.1" 200 16506
[2020-06-24 08:59:29,455] [basehttp.py:154] [basehttp:log_message] [INFO]- "GET /TestPlanSW/TestPlanSW-search/ HTTP/1.1" 200 82970
[2020-06-24 08:59:29,637] [basehttp.py:154] [basehttp:log_message] [WARNING]- "GET /static/css/bootstrap.min.css.map HTTP/1.1" 404 1800
[2020-06-24 08:59:29,658] [basehttp.py:154] [basehttp:log_message] [WARNING]- "GET /static/js/lib/bootstrap.min.js.map HTTP/1.1" 404 1806
[2020-06-24 08:59:29,810] [basehttp.py:154] [basehttp:log_message] [WARNING]- "GET /static/js/xlsx/FileSaver.min.js.map HTTP/1.1" 404 1809
[2020-06-24 08:59:29,811] [basehttp.py:154] [basehttp:log_message] [WARNING]- "GET /static/js/axios.min.map HTTP/1.1" 404 1773
[2020-06-24 08:59:30,238] [basehttp.py:154] [basehttp:log_message] [INFO]- "GET /TestPlanSW/TestPlanSW-search/?action=first HTTP/1.1" 200 412
[2020-06-24 08:59:30,244] [basehttp.py:154] [basehttp:log_message] [INFO]- "POST /TestPlanSW/TestPlanSW-search/ HTTP/1.1" 200 129
[2020-06-24 08:59:30,260] [basehttp.py:154] [basehttp:log_message] [INFO]- "GET /favicon.ico HTTP/1.1" 200 16506
[2020-06-24 09:08:45,331] [basehttp.py:154] [basehttp:log_message] [INFO]- "GET /TestPlanSW/TestPlanSW-search/ HTTP/1.1" 200 82974
[2020-06-24 09:08:45,515] [basehttp.py:154] [basehttp:log_message] [WARNING]- "GET /static/css/bootstrap.min.css.map HTTP/1.1" 404 1800
[2020-06-24 09:08:45,565] [basehttp.py:154] [basehttp:log_message] [WARNING]- "GET /static/js/lib/bootstrap.min.js.map HTTP/1.1" 404 1806
[2020-06-24 09:08:45,885] [basehttp.py:154] [basehttp:log_message] [WARNING]- "GET /static/js/axios.min.map HTTP/1.1" 404 1773
[2020-06-24 09:08:45,887] [basehttp.py:154] [basehttp:log_message] [WARNING]- "GET /static/js/xlsx/FileSaver.min.js.map HTTP/1.1" 404 1809
[2020-06-24 09:08:46,297] [basehttp.py:154] [basehttp:log_message] [INFO]- "GET /TestPlanSW/TestPlanSW-search/?action=first HTTP/1.1" 200 412
[2020-06-24 09:08:46,299] [basehttp.py:154] [basehttp:log_message] [INFO]- "POST /TestPlanSW/TestPlanSW-search/ HTTP/1.1" 200 129
[2020-06-24 09:08:47,141] [basehttp.py:154] [basehttp:log_message] [INFO]- "GET /favicon.ico HTTP/1.1" 200 16506
[2020-06-24 09:10:00,014] [basehttp.py:154] [basehttp:log_message] [INFO]- "GET /TestPlanSW/TestPlanSW-search/ HTTP/1.1" 200 82972
[2020-06-24 09:10:00,266] [basehttp.py:154] [basehttp:log_message] [WARNING]- "GET /static/js/lib/bootstrap.min.js.map HTTP/1.1" 404 1806
[2020-06-24 09:10:00,270] [basehttp.py:154] [basehttp:log_message] [WARNING]- "GET /static/css/bootstrap.min.css.map HTTP/1.1" 404 1800
[2020-06-24 09:10:00,578] [basehttp.py:154] [basehttp:log_message] [WARNING]- "GET /static/js/axios.min.map HTTP/1.1" 404 1773
[2020-06-24 09:10:00,578] [basehttp.py:154] [basehttp:log_message] [WARNING]- "GET /static/js/xlsx/FileSaver.min.js.map HTTP/1.1" 404 1809
[2020-06-24 09:10:00,964] [basehttp.py:154] [basehttp:log_message] [INFO]- "GET /TestPlanSW/TestPlanSW-search/?action=first HTTP/1.1" 200 412
[2020-06-24 09:10:00,967] [basehttp.py:154] [basehttp:log_message] [INFO]- "POST /TestPlanSW/TestPlanSW-search/ HTTP/1.1" 200 129
[2020-06-24 09:10:01,009] [basehttp.py:154] [basehttp:log_message] [INFO]- "GET /favicon.ico HTTP/1.1" 200 16506
[2020-06-24 09:11:46,401] [basehttp.py:154] [basehttp:log_message] [INFO]- "POST /TestPlanSW/TestPlanSW-search/ HTTP/1.1" 200 2505
[2020-06-24 09:11:48,027] [basehttp.py:154] [basehttp:log_message] [INFO]- "POST /TestPlanSW/TestPlanSW-search/ HTTP/1.1" 200 230
[2020-06-24 09:11:50,900] [basehttp.py:154] [basehttp:log_message] [INFO]- "GET /TestPlanSW/TestPlanSW-search/?action=getCategory&customer=C38(NB)&project=GLY5U&phase=1 HTTP/1.1" 200 777
[2020-06-24 09:11:51,630] [basehttp.py:154] [basehttp:log_message] [INFO]- "GET /TestPlanSW/TestPlanSW-search/?action=getContent&customer=C38(NB)&project=GLY5U&phase=1&category= HTTP/1.1" 200 4437
[2020-06-24 09:15:17,053] [basehttp.py:154] [basehttp:log_message] [INFO]- "GET /TestPlanSW/TestPlanSW-search/ HTTP/1.1" 200 83049
[2020-06-24 09:15:17,275] [basehttp.py:154] [basehttp:log_message] [WARNING]- "GET /static/js/lib/bootstrap.min.js.map HTTP/1.1" 404 1806
[2020-06-24 09:15:17,282] [basehttp.py:154] [basehttp:log_message] [WARNING]- "GET /static/css/bootstrap.min.css.map HTTP/1.1" 404 1800
[2020-06-24 09:15:17,440] [basehttp.py:154] [basehttp:log_message] [WARNING]- "GET /static/js/axios.min.map HTTP/1.1" 404 1773
[2020-06-24 09:15:17,441] [basehttp.py:154] [basehttp:log_message] [WARNING]- "GET /static/js/xlsx/FileSaver.min.js.map HTTP/1.1" 404 1809
[2020-06-24 09:15:17,872] [basehttp.py:154] [basehttp:log_message] [INFO]- "GET /TestPlanSW/TestPlanSW-search/?action=first HTTP/1.1" 200 412
[2020-06-24 09:15:17,876] [basehttp.py:154] [basehttp:log_message] [INFO]- "POST /TestPlanSW/TestPlanSW-search/ HTTP/1.1" 200 129
[2020-06-24 09:15:17,920] [basehttp.py:154] [basehttp:log_message] [INFO]- "GET /favicon.ico HTTP/1.1" 200 16506
[2020-06-24 09:15:33,832] [basehttp.py:154] [basehttp:log_message] [INFO]- "POST /TestPlanSW/TestPlanSW-search/ HTTP/1.1" 200 2505
[2020-06-24 09:15:35,306] [basehttp.py:154] [basehttp:log_message] [INFO]- "POST /TestPlanSW/TestPlanSW-search/ HTTP/1.1" 200 230
[2020-06-24 09:20:00,606] [basehttp.py:154] [basehttp:log_message] [INFO]- "GET /TestPlanME/TestPlanME-search/ HTTP/1.1" 200 66873
[2020-06-24 09:20:01,510] [basehttp.py:154] [basehttp:log_message] [INFO]- "GET /TestPlanME/TestPlanME-search/?action=get HTTP/1.1" 200 803
[2020-06-24 09:20:01,513] [basehttp.py:154] [basehttp:log_message] [INFO]- "POST /TestPlanME/TestPlanME-search/ HTTP/1.1" 200 893
[2020-06-24 09:20:02,257] [basehttp.py:154] [basehttp:log_message] [INFO]- "GET /favicon.ico HTTP/1.1" 200 16506
[2020-06-24 09:25:49,639] [basehttp.py:154] [basehttp:log_message] [INFO]- "GET /TestPlanME/TestPlanME-search/ HTTP/1.1" 200 67329
[2020-06-24 09:25:50,665] [basehttp.py:154] [basehttp:log_message] [INFO]- "GET /TestPlanME/TestPlanME-search/?action=get HTTP/1.1" 200 803
[2020-06-24 09:25:50,669] [basehttp.py:154] [basehttp:log_message] [INFO]- "POST /TestPlanME/TestPlanME-search/ HTTP/1.1" 200 893
[2020-06-24 09:25:50,727] [basehttp.py:154] [basehttp:log_message] [INFO]- "GET /favicon.ico HTTP/1.1" 200 16506
[2020-06-24 09:25:55,532] [basehttp.py:154] [basehttp:log_message] [INFO]- "POST /TestPlanME/TestPlanME-search/ HTTP/1.1" 200 4902
[2020-06-24 09:25:56,573] [basehttp.py:154] [basehttp:log_message] [INFO]- "POST /TestPlanME/TestPlanME-search/ HTTP/1.1" 200 1450
[2020-06-24 09:26:06,914] [basehttp.py:154] [basehttp:log_message] [INFO]- "POST /TestPlanME/TestPlanME-search/ HTTP/1.1" 200 4902
[2020-06-24 09:26:08,112] [basehttp.py:154] [basehttp:log_message] [INFO]- "POST /TestPlanME/TestPlanME-search/ HTTP/1.1" 200 1470
[2020-06-24 09:27:13,052] [basehttp.py:154] [basehttp:log_message] [INFO]- "GET /TestPlanME/TestPlanME-search/ HTTP/1.1" 200 67328
[2020-06-24 09:27:13,759] [basehttp.py:154] [basehttp:log_message] [INFO]- "GET /TestPlanME/TestPlanME-search/?action=get HTTP/1.1" 200 803
[2020-06-24 09:27:13,762] [basehttp.py:154] [basehttp:log_message] [INFO]- "POST /TestPlanME/TestPlanME-search/ HTTP/1.1" 200 893
[2020-06-24 09:27:13,890] [basehttp.py:154] [basehttp:log_message] [INFO]- "GET /favicon.ico HTTP/1.1" 200 16506
[2020-06-24 09:27:18,956] [basehttp.py:154] [basehttp:log_message] [INFO]- "POST /TestPlanME/TestPlanME-search/ HTTP/1.1" 200 4902
[2020-06-24 09:27:20,385] [basehttp.py:154] [basehttp:log_message] [INFO]- "POST /TestPlanME/TestPlanME-search/ HTTP/1.1" 200 1445
[2020-06-24 09:27:28,720] [basehttp.py:154] [basehttp:log_message] [INFO]- "GET /TestPlanSW/TestPlanSW-search/ HTTP/1.1" 200 82997
[2020-06-24 09:27:29,381] [basehttp.py:154] [basehttp:log_message] [INFO]- "GET /TestPlanSW/TestPlanSW-search/?action=first HTTP/1.1" 200 412
[2020-06-24 09:27:29,386] [basehttp.py:154] [basehttp:log_message] [INFO]- "POST /TestPlanSW/TestPlanSW-search/ HTTP/1.1" 200 129
[2020-06-24 09:27:29,437] [basehttp.py:154] [basehttp:log_message] [INFO]- "GET /favicon.ico HTTP/1.1" 200 16506
[2020-06-24 09:27:32,835] [basehttp.py:154] [basehttp:log_message] [INFO]- "POST /TestPlanSW/TestPlanSW-search/ HTTP/1.1" 200 2505
[2020-06-24 09:27:33,913] [basehttp.py:154] [basehttp:log_message] [INFO]- "POST /TestPlanSW/TestPlanSW-search/ HTTP/1.1" 200 225
[2020-06-24 09:27:45,003] [basehttp.py:154] [basehttp:log_message] [INFO]- "GET /TestPlanME/TestPlanME-search/ HTTP/1.1" 200 67328
[2020-06-24 09:27:45,707] [basehttp.py:154] [basehttp:log_message] [INFO]- "GET /TestPlanME/TestPlanME-search/?action=get HTTP/1.1" 200 803
[2020-06-24 09:27:45,711] [basehttp.py:154] [basehttp:log_message] [INFO]- "POST /TestPlanME/TestPlanME-search/ HTTP/1.1" 200 893
[2020-06-24 09:27:45,813] [basehttp.py:154] [basehttp:log_message] [INFO]- "GET /favicon.ico HTTP/1.1" 200 16506
[2020-06-24 09:27:47,282] [basehttp.py:154] [basehttp:log_message] [WARNING]- "GET /static/js/lib/bootstrap.min.js.map HTTP/1.1" 404 1806
[2020-06-24 09:27:47,292] [basehttp.py:154] [basehttp:log_message] [WARNING]- "GET /static/js/axios.min.map HTTP/1.1" 404 1773
[2020-06-24 09:27:47,295] [basehttp.py:154] [basehttp:log_message] [WARNING]- "GET /static/js/xlsx/FileSaver.min.js.map HTTP/1.1" 404 1809
[2020-06-24 09:27:47,369] [basehttp.py:154] [basehttp:log_message] [WARNING]- "GET /static/css/bootstrap.min.css.map HTTP/1.1" 404 1800
[2020-06-24 09:39:08,035] [basehttp.py:154] [basehttp:log_message] [INFO]- "GET /admin/ HTTP/1.1" 302 0
[2020-06-24 09:39:09,697] [basehttp.py:154] [basehttp:log_message] [INFO]- "GET /admin/login/?next=/admin/ HTTP/1.1" 200 1821
[2020-06-24 09:39:09,739] [basehttp.py:154] [basehttp:log_message] [INFO]- "GET /favicon.ico HTTP/1.1" 200 16506
[2020-06-24 09:39:12,268] [basehttp.py:154] [basehttp:log_message] [INFO]- "POST /admin/login/?next=/admin/ HTTP/1.1" 302 0
[2020-06-24 09:39:12,308] [basehttp.py:154] [basehttp:log_message] [INFO]- "GET /admin/ HTTP/1.1" 200 21903
[2020-06-24 09:39:12,346] [basehttp.py:154] [basehttp:log_message] [INFO]- "GET /favicon.ico HTTP/1.1" 200 16506
[2020-06-24 09:39:14,037] [basehttp.py:154] [basehttp:log_message] [INFO]- "GET /admin/app01/permission/ HTTP/1.1" 200 27477
[2020-06-24 09:39:14,076] [basehttp.py:154] [basehttp:log_message] [INFO]- "GET /admin/jsi18n/ HTTP/1.1" 200 7684
[2020-06-24 09:39:14,188] [basehttp.py:154] [basehttp:log_message] [INFO]- "GET /favicon.ico HTTP/1.1" 200 16506
[2020-06-24 09:50:57,419] [basehttp.py:154] [basehttp:log_message] [INFO]- "GET /TestPlanME/TestPlanME-summary/ HTTP/1.1" 200 48611
[2020-06-24 09:50:58,236] [basehttp.py:154] [basehttp:log_message] [INFO]- "GET /favicon.ico HTTP/1.1" 200 16506
[2020-06-24 09:50:58,342] [basehttp.py:154] [basehttp:log_message] [INFO]- "POST /TestPlanME/TestPlanME-summary/ HTTP/1.1" 200 8299
[2020-06-24 09:51:02,253] [basehttp.py:154] [basehttp:log_message] [INFO]- "POST /TestPlanME/TestPlanME-summary/ HTTP/1.1" 200 8784
[2020-06-24 09:51:05,380] [basehttp.py:154] [basehttp:log_message] [INFO]- "POST /TestPlanME/TestPlanME-summary/ HTTP/1.1" 200 9932
[2020-06-24 10:09:30,940] [basehttp.py:154] [basehttp:log_message] [INFO]- "GET /TestPlanSW/TestPlanSW-search/ HTTP/1.1" 200 82997
[2020-06-24 10:09:31,883] [basehttp.py:154] [basehttp:log_message] [INFO]- "GET /TestPlanSW/TestPlanSW-search/?action=first HTTP/1.1" 200 412
[2020-06-24 10:09:31,887] [basehttp.py:154] [basehttp:log_message] [INFO]- "POST /TestPlanSW/TestPlanSW-search/ HTTP/1.1" 200 129
[2020-06-24 10:09:32,207] [basehttp.py:154] [basehttp:log_message] [INFO]- "GET /favicon.ico HTTP/1.1" 200 16506
[2020-06-24 10:09:34,740] [basehttp.py:154] [basehttp:log_message] [INFO]- "POST /TestPlanSW/TestPlanSW-search/ HTTP/1.1" 200 2505
[2020-06-24 10:09:35,801] [basehttp.py:154] [basehttp:log_message] [INFO]- "POST /TestPlanSW/TestPlanSW-search/ HTTP/1.1" 200 225
[2020-06-24 10:09:40,062] [basehttp.py:154] [basehttp:log_message] [INFO]- "GET /TestPlanSW/TestPlanSW-search/?action=getCategory&customer=C38(NB)&project=FLY5U&phase=1 HTTP/1.1" 200 777
[2020-06-24 10:09:40,981] [basehttp.py:154] [basehttp:log_message] [INFO]- "GET /TestPlanSW/TestPlanSW-search/?action=getContent&customer=C38(NB)&project=FLY5U&phase=1&category= HTTP/1.1" 200 4390
[2020-06-24 10:09:50,632] [basehttp.py:154] [basehttp:log_message] [WARNING]- "GET /static/js/lib/bootstrap.min.js.map HTTP/1.1" 404 1806
[2020-06-24 10:09:50,639] [basehttp.py:154] [basehttp:log_message] [WARNING]- "GET /static/js/axios.min.map HTTP/1.1" 404 1773
[2020-06-24 10:09:50,641] [basehttp.py:154] [basehttp:log_message] [WARNING]- "GET /static/js/xlsx/FileSaver.min.js.map HTTP/1.1" 404 1809
[2020-06-24 10:09:50,712] [basehttp.py:154] [basehttp:log_message] [WARNING]- "GET /static/css/bootstrap.min.css.map HTTP/1.1" 404 1800
[2020-06-24 10:09:54,826] [basehttp.py:154] [basehttp:log_message] [INFO]- "GET /TestPlanSW/TestPlanSW-search/?action=getContent&customer=C38(NB)&project=FLY5U&phase=1&category= HTTP/1.1" 200 4390
[2020-06-24 10:11:06,812] [basehttp.py:154] [basehttp:log_message] [INFO]- "GET /TestPlanSW/TestPlanSW-search/?action=getContent&customer=C38(NB)&project=FLY5U&phase=1&category= HTTP/1.1" 200 4389
[2020-06-24 10:12:01,826] [basehttp.py:154] [basehttp:log_message] [WARNING]- "GET /static/css/bootstrap.min.css.map HTTP/1.1" 404 1800
[2020-06-24 10:12:01,866] [basehttp.py:154] [basehttp:log_message] [WARNING]- "GET /static/js/lib/bootstrap.min.js.map HTTP/1.1" 404 1806
[2020-06-24 10:12:01,879] [basehttp.py:154] [basehttp:log_message] [WARNING]- "GET /static/js/xlsx/FileSaver.min.js.map HTTP/1.1" 404 1809
[2020-06-24 10:12:01,879] [basehttp.py:154] [basehttp:log_message] [WARNING]- "GET /static/js/axios.min.map HTTP/1.1" 404 1773
[2020-06-24 10:13:17,788] [basehttp.py:154] [basehttp:log_message] [INFO]- "GET /TestPlanSW/TestPlanSW-search/?action=getCategory&customer=C38(NB)&project=FLY5U&phase=14 HTTP/1.1" 200 838
[2020-06-24 10:13:18,658] [basehttp.py:154] [basehttp:log_message] [INFO]- "GET /TestPlanSW/TestPlanSW-search/?action=getContent&customer=C38(NB)&project=FLY5U&phase=14&category= HTTP/1.1" 200 3557
[2020-06-24 10:15:40,807] [basehttp.py:154] [basehttp:log_message] [INFO]- "GET /TestPlanME/TestPlanME-summary/ HTTP/1.1" 200 48611
[2020-06-24 10:15:41,461] [basehttp.py:154] [basehttp:log_message] [INFO]- "POST /TestPlanME/TestPlanME-summary/ HTTP/1.1" 200 8299
[2020-06-24 10:15:41,882] [basehttp.py:154] [basehttp:log_message] [INFO]- "GET /favicon.ico HTTP/1.1" 200 16506
[2020-06-24 10:18:16,490] [basehttp.py:154] [basehttp:log_message] [INFO]- "GET /TestPlanSW/TestPlanSW-search/ HTTP/1.1" 200 82808
[2020-06-24 10:18:17,096] [basehttp.py:154] [basehttp:log_message] [INFO]- "GET /TestPlanSW/TestPlanSW-search/?action=first HTTP/1.1" 200 412
[2020-06-24 10:18:17,101] [basehttp.py:154] [basehttp:log_message] [INFO]- "POST /TestPlanSW/TestPlanSW-search/ HTTP/1.1" 200 129
[2020-06-24 10:18:17,451] [basehttp.py:154] [basehttp:log_message] [INFO]- "GET /favicon.ico HTTP/1.1" 200 16506
[2020-06-24 10:18:19,788] [basehttp.py:154] [basehttp:log_message] [WARNING]- "GET /static/js/lib/bootstrap.min.js.map HTTP/1.1" 404 1806
[2020-06-24 10:18:19,802] [basehttp.py:154] [basehttp:log_message] [WARNING]- "GET /static/js/axios.min.map HTTP/1.1" 404 1773
[2020-06-24 10:18:19,805] [basehttp.py:154] [basehttp:log_message] [WARNING]- "GET /static/js/xlsx/FileSaver.min.js.map HTTP/1.1" 404 1809
[2020-06-24 10:18:19,844] [basehttp.py:154] [basehttp:log_message] [WARNING]- "GET /static/css/bootstrap.min.css.map HTTP/1.1" 404 1800
[2020-06-24 10:18:21,582] [basehttp.py:154] [basehttp:log_message] [INFO]- "POST /TestPlanSW/TestPlanSW-search/ HTTP/1.1" 200 2505
[2020-06-24 10:18:22,753] [basehttp.py:154] [basehttp:log_message] [INFO]- "POST /TestPlanSW/TestPlanSW-search/ HTTP/1.1" 200 225
[2020-06-24 10:19:36,452] [basehttp.py:154] [basehttp:log_message] [INFO]- "POST /TestPlanSW/TestPlanSW-search/ HTTP/1.1" 200 2505
[2020-06-24 10:19:38,077] [basehttp.py:154] [basehttp:log_message] [INFO]- "POST /TestPlanSW/TestPlanSW-search/ HTTP/1.1" 200 348
[2020-06-24 10:21:01,053] [basehttp.py:154] [basehttp:log_message] [INFO]- "GET /TestPlanSW/TestPlanSW-search/ HTTP/1.1" 200 82808
[2020-06-24 10:21:01,802] [basehttp.py:154] [basehttp:log_message] [INFO]- "GET /TestPlanSW/TestPlanSW-search/?action=first HTTP/1.1" 200 412
[2020-06-24 10:21:01,808] [basehttp.py:154] [basehttp:log_message] [INFO]- "POST /TestPlanSW/TestPlanSW-search/ HTTP/1.1" 200 129
[2020-06-24 10:21:01,917] [basehttp.py:154] [basehttp:log_message] [INFO]- "GET /favicon.ico HTTP/1.1" 200 16506
[2020-06-24 10:21:05,240] [basehttp.py:154] [basehttp:log_message] [INFO]- "GET /index/ HTTP/1.1" 200 34438
[2020-06-24 10:21:05,375] [basehttp.py:154] [basehttp:log_message] [INFO]- "GET /index/ HTTP/1.1" 200 34438
[2020-06-24 10:21:05,619] [basehttp.py:154] [basehttp:log_message] [INFO]- "GET /favicon.ico HTTP/1.1" 200 16506
[2020-06-24 10:21:11,774] [basehttp.py:154] [basehttp:log_message] [INFO]- "GET /TestPlanME/TestPlanME-summary/ HTTP/1.1" 200 48611
[2020-06-24 10:21:12,462] [basehttp.py:154] [basehttp:log_message] [INFO]- "GET /favicon.ico HTTP/1.1" 200 16506
[2020-06-24 10:21:12,562] [basehttp.py:154] [basehttp:log_message] [INFO]- "POST /TestPlanME/TestPlanME-summary/ HTTP/1.1" 200 8299
[2020-06-24 10:21:31,304] [basehttp.py:154] [basehttp:log_message] [INFO]- "GET /TestPlanSW/TestPlanSW-search/ HTTP/1.1" 200 82808
[2020-06-24 10:21:32,149] [basehttp.py:154] [basehttp:log_message] [INFO]- "POST /TestPlanSW/TestPlanSW-search/ HTTP/1.1" 200 129
[2020-06-24 10:21:32,154] [basehttp.py:154] [basehttp:log_message] [INFO]- "GET /favicon.ico HTTP/1.1" 200 16506
[2020-06-24 13:34:53,557] [basehttp.py:154] [basehttp:log_message] [INFO]- "GET /TestPlanSW/TestPlanSW-search/ HTTP/1.1" 200 82824
[2020-06-24 13:34:54,584] [basehttp.py:154] [basehttp:log_message] [INFO]- "GET /TestPlanSW/TestPlanSW-search/?action=first HTTP/1.1" 200 412
[2020-06-24 13:34:54,592] [basehttp.py:154] [basehttp:log_message] [INFO]- "POST /TestPlanSW/TestPlanSW-search/ HTTP/1.1" 200 129
[2020-06-24 13:34:54,990] [basehttp.py:154] [basehttp:log_message] [INFO]- "GET /favicon.ico HTTP/1.1" 200 16506
[2020-06-24 13:34:57,815] [basehttp.py:154] [basehttp:log_message] [INFO]- "POST /TestPlanSW/TestPlanSW-search/ HTTP/1.1" 200 2505
[2020-06-24 13:35:01,545] [basehttp.py:154] [basehttp:log_message] [INFO]- "POST /TestPlanSW/TestPlanSW-search/ HTTP/1.1" 200 253
[2020-06-24 13:35:05,677] [basehttp.py:154] [basehttp:log_message] [INFO]- "GET /TestPlanSW/TestPlanSW-search/?action=getCategory&customer=C38(NB)&project=FLY00_Peppa&phase=14 HTTP/1.1" 200 838
[2020-06-24 13:35:07,056] [basehttp.py:154] [basehttp:log_message] [INFO]- "GET /TestPlanSW/TestPlanSW-search/?action=getContent&customer=C38(NB)&project=FLY00_Peppa&phase=14&category= HTTP/1.1" 200 3942
[2020-06-24 13:35:39,236] [basehttp.py:154] [basehttp:log_message] [WARNING]- "GET /static/js/lib/bootstrap.min.js.map HTTP/1.1" 404 1806
[2020-06-24 13:35:39,242] [basehttp.py:154] [basehttp:log_message] [WARNING]- "GET /static/js/axios.min.map HTTP/1.1" 404 1773
[2020-06-24 13:35:39,248] [basehttp.py:154] [basehttp:log_message] [WARNING]- "GET /static/js/xlsx/FileSaver.min.js.map HTTP/1.1" 404 1809
[2020-06-24 13:35:39,331] [basehttp.py:154] [basehttp:log_message] [WARNING]- "GET /static/css/bootstrap.min.css.map HTTP/1.1" 404 1800
[2020-06-24 13:35:42,004] [basehttp.py:154] [basehttp:log_message] [INFO]- "POST /TestPlanSW/TestPlanSW-search/ HTTP/1.1" 200 225874
[2020-06-24 13:40:34,533] [basehttp.py:154] [basehttp:log_message] [WARNING]- "GET /static/css/bootstrap.min.css.map HTTP/1.1" 404 1800
[2020-06-24 13:40:34,543] [basehttp.py:154] [basehttp:log_message] [WARNING]- "GET /static/js/lib/bootstrap.min.js.map HTTP/1.1" 404 1806
[2020-06-24 13:40:34,548] [basehttp.py:154] [basehttp:log_message] [WARNING]- "GET /static/js/xlsx/FileSaver.min.js.map HTTP/1.1" 404 1809
[2020-06-24 13:40:34,548] [basehttp.py:154] [basehttp:log_message] [WARNING]- "GET /static/js/axios.min.map HTTP/1.1" 404 1773
[2020-06-24 13:40:39,624] [basehttp.py:154] [basehttp:log_message] [INFO]- "POST /TestPlanSW/TestPlanSW-search/ HTTP/1.1" 200 23904
[2020-06-24 13:46:35,037] [basehttp.py:154] [basehttp:log_message] [INFO]- "GET /TestPlanSW/TestPlanSW-search/ HTTP/1.1" 200 82788
[2020-06-24 13:46:35,500] [basehttp.py:154] [basehttp:log_message] [WARNING]- "GET /static/css/bootstrap.min.css.map HTTP/1.1" 404 1800
[2020-06-24 13:46:35,524] [basehttp.py:154] [basehttp:log_message] [WARNING]- "GET /static/js/lib/bootstrap.min.js.map HTTP/1.1" 404 1806
[2020-06-24 13:46:35,895] [basehttp.py:154] [basehttp:log_message] [WARNING]- "GET /static/js/xlsx/FileSaver.min.js.map HTTP/1.1" 404 1809
[2020-06-24 13:46:35,895] [basehttp.py:154] [basehttp:log_message] [WARNING]- "GET /static/js/axios.min.map HTTP/1.1" 404 1773
[2020-06-24 13:46:36,533] [basehttp.py:154] [basehttp:log_message] [INFO]- "GET /TestPlanSW/TestPlanSW-search/?action=first HTTP/1.1" 200 412
[2020-06-24 13:46:36,539] [basehttp.py:154] [basehttp:log_message] [INFO]- "POST /TestPlanSW/TestPlanSW-search/ HTTP/1.1" 200 129
[2020-06-24 13:46:36,573] [basehttp.py:154] [basehttp:log_message] [INFO]- "GET /favicon.ico HTTP/1.1" 200 16506
[2020-06-24 13:46:45,467] [basehttp.py:154] [basehttp:log_message] [INFO]- "POST /TestPlanSW/TestPlanSW-search/ HTTP/1.1" 200 2505
[2020-06-24 13:46:55,463] [basehttp.py:154] [basehttp:log_message] [INFO]- "POST /TestPlanSW/TestPlanSW-search/ HTTP/1.1" 200 253
[2020-06-24 13:46:59,410] [basehttp.py:154] [basehttp:log_message] [INFO]- "GET /TestPlanSW/TestPlanSW-search/?action=getCategory&customer=C38(NB)&project=FLY00_Peppa&phase=14 HTTP/1.1" 200 838
[2020-06-24 13:47:00,529] [basehttp.py:154] [basehttp:log_message] [INFO]- "GET /TestPlanSW/TestPlanSW-search/?action=getContent&customer=C38(NB)&project=FLY00_Peppa&phase=14&category= HTTP/1.1" 200 3942
[2020-06-24 13:47:03,023] [basehttp.py:154] [basehttp:log_message] [WARNING]- "GET /static/js/lib/bootstrap.min.js.map HTTP/1.1" 404 1806
[2020-06-24 13:47:03,032] [basehttp.py:154] [basehttp:log_message] [WARNING]- "GET /static/js/xlsx/FileSaver.min.js.map HTTP/1.1" 404 1809
[2020-06-24 13:47:03,032] [basehttp.py:154] [basehttp:log_message] [WARNING]- "GET /static/js/axios.min.map HTTP/1.1" 404 1773
[2020-06-24 13:47:03,147] [basehttp.py:154] [basehttp:log_message] [WARNING]- "GET /static/css/bootstrap.min.css.map HTTP/1.1" 404 1800
[2020-06-24 13:47:06,059] [basehttp.py:154] [basehttp:log_message] [INFO]- "POST /TestPlanSW/TestPlanSW-search/ HTTP/1.1" 200 225874
[2020-06-24 13:48:18,841] [basehttp.py:154] [basehttp:log_message] [INFO]- "POST /TestPlanSW/TestPlanSW-search/ HTTP/1.1" 200 13047
[2020-06-24 13:48:54,730] [basehttp.py:154] [basehttp:log_message] [INFO]- "POST /TestPlanSW/TestPlanSW-search/ HTTP/1.1" 200 225874
[2020-06-24 13:50:32,986] [basehttp.py:154] [basehttp:log_message] [INFO]- "POST /TestPlanSW/TestPlanSW-search/ HTTP/1.1" 200 23904
[2020-06-24 13:56:34,797] [basehttp.py:154] [basehttp:log_message] [WARNING]- "GET /static/css/bootstrap.min.css.map HTTP/1.1" 404 1800
[2020-06-24 13:56:34,828] [basehttp.py:154] [basehttp:log_message] [WARNING]- "GET /static/js/lib/bootstrap.min.js.map HTTP/1.1" 404 1806
[2020-06-24 13:56:34,835] [basehttp.py:154] [basehttp:log_message] [WARNING]- "GET /static/js/axios.min.map HTTP/1.1" 404 1773
[2020-06-24 13:56:34,837] [basehttp.py:154] [basehttp:log_message] [WARNING]- "GET /static/js/xlsx/FileSaver.min.js.map HTTP/1.1" 404 1809
[2020-06-24 13:56:36,694] [basehttp.py:154] [basehttp:log_message] [INFO]- "GET /TestPlanSW/TestPlanSW-search/?action=getContent&customer=C38(NB)&project=FLY00_Peppa&phase=14&category= HTTP/1.1" 200 3942
[2020-06-24 14:02:47,998] [basehttp.py:154] [basehttp:log_message] [INFO]- "GET /TestPlanSW/TestPlanSW-search/?action=getContent&customer=C38(NB)&project=FLY00_Peppa&phase=14&category= HTTP/1.1" 200 3942
[2020-06-24 14:06:32,006] [basehttp.py:154] [basehttp:log_message] [INFO]- "GET /TestPlanSW/TestPlanSW-search/?action=getContent&customer=C38(NB)&project=FLY00_Peppa&phase=14&category= HTTP/1.1" 200 3942
[2020-06-24 14:16:18,709] [log.py:228] [log:log_response] [ERROR]- Internal Server Error: /TestPlanSW/TestPlanSW-search/
Traceback (most recent call last):
  File "C:\Python372\mecheck\lib\site-packages\django\core\handlers\exception.py", line 34, in inner
    response = get_response(request)
  File "C:\Python372\mecheck\lib\site-packages\django\core\handlers\base.py", line 126, in _get_response
    response = self.process_exception_by_middleware(e, request)
  File "C:\Python372\mecheck\lib\site-packages\django\core\handlers\base.py", line 124, in _get_response
    response = wrapped_callback(request, *callback_args, **callback_kwargs)
  File "C:\djangoproject\Reliability_Row_data\TestPlanSW\views.py", line 4776, in TestPlanSW_search
    Sum('BaseTime')), 0)
TypeError: type dict doesn't define __round__ method
[2020-06-24 14:16:18,714] [basehttp.py:154] [basehttp:log_message] [ERROR]- "GET /TestPlanSW/TestPlanSW-search/?action=getContent&customer=C38(NB)&project=FLY00_Peppa&phase=14&category= HTTP/1.1" 500 109629
[2020-06-24 14:16:23,918] [log.py:228] [log:log_response] [ERROR]- Internal Server Error: /TestPlanSW/TestPlanSW-search/
Traceback (most recent call last):
  File "C:\Python372\mecheck\lib\site-packages\django\core\handlers\exception.py", line 34, in inner
    response = get_response(request)
  File "C:\Python372\mecheck\lib\site-packages\django\core\handlers\base.py", line 126, in _get_response
    response = self.process_exception_by_middleware(e, request)
  File "C:\Python372\mecheck\lib\site-packages\django\core\handlers\base.py", line 124, in _get_response
    response = wrapped_callback(request, *callback_args, **callback_kwargs)
  File "C:\djangoproject\Reliability_Row_data\TestPlanSW\views.py", line 4776, in TestPlanSW_search
    Sum('BaseTime')), 0)
TypeError: type dict doesn't define __round__ method
[2020-06-24 14:16:23,919] [basehttp.py:154] [basehttp:log_message] [ERROR]- "GET /TestPlanSW/TestPlanSW-search/?action=getContent&customer=C38(NB)&project=FLY00_Peppa&phase=14&category= HTTP/1.1" 500 109629
[2020-06-24 14:19:31,594] [log.py:228] [log:log_response] [ERROR]- Internal Server Error: /TestPlanSW/TestPlanSW-search/
Traceback (most recent call last):
  File "C:\Python372\mecheck\lib\site-packages\django\core\handlers\exception.py", line 34, in inner
    response = get_response(request)
  File "C:\Python372\mecheck\lib\site-packages\django\core\handlers\base.py", line 126, in _get_response
    response = self.process_exception_by_middleware(e, request)
  File "C:\Python372\mecheck\lib\site-packages\django\core\handlers\base.py", line 124, in _get_response
    response = wrapped_callback(request, *callback_args, **callback_kwargs)
  File "C:\djangoproject\Reliability_Row_data\TestPlanSW\views.py", line 4775, in TestPlanSW_search
    basetime_Total = round(TestPlanSW.objects.filter(Projectinfo=ProjectSum).aggregate(Sum('BaseTime'))/60, 0)
TypeError: unsupported operand type(s) for /: 'dict' and 'int'
[2020-06-24 14:19:31,600] [basehttp.py:154] [basehttp:log_message] [ERROR]- "GET /TestPlanSW/TestPlanSW-search/?action=getContent&customer=C38(NB)&project=FLY00_Peppa&phase=14&category= HTTP/1.1" 500 109826
[2020-06-24 14:22:27,752] [log.py:228] [log:log_response] [ERROR]- Internal Server Error: /TestPlanSW/TestPlanSW-search/
Traceback (most recent call last):
  File "C:\Python372\mecheck\lib\site-packages\django\core\handlers\exception.py", line 34, in inner
    response = get_response(request)
  File "C:\Python372\mecheck\lib\site-packages\django\core\handlers\base.py", line 126, in _get_response
    response = self.process_exception_by_middleware(e, request)
  File "C:\Python372\mecheck\lib\site-packages\django\core\handlers\base.py", line 124, in _get_response
    response = wrapped_callback(request, *callback_args, **callback_kwargs)
  File "C:\djangoproject\Reliability_Row_data\TestPlanSW\views.py", line 4783, in TestPlanSW_search
    Sum('ConfigLeverageTime'))['ConfigLeverageTime__sum']/60, 0)
TypeError: unsupported operand type(s) for /: 'NoneType' and 'int'
[2020-06-24 14:22:27,757] [basehttp.py:154] [basehttp:log_message] [ERROR]- "GET /TestPlanSW/TestPlanSW-search/?action=getContent&customer=C38(NB)&project=FLY00_Peppa&phase=14&category= HTTP/1.1" 500 110188
[2020-06-24 14:28:27,950] [basehttp.py:154] [basehttp:log_message] [INFO]- "GET /TestPlanSW/TestPlanSW-search/?action=getContent&customer=C38(NB)&project=FLY00_Peppa&phase=14&category= HTTP/1.1" 200 3938
[2020-06-24 14:29:00,776] [basehttp.py:154] [basehttp:log_message] [INFO]- "GET /TestPlanSW/TestPlanSW-search/?action=getContent&customer=C38(NB)&project=FLY00_Peppa&phase=14&category= HTTP/1.1" 200 3938
[2020-06-24 14:30:26,394] [basehttp.py:154] [basehttp:log_message] [WARNING]- "GET /static/css/bootstrap.min.css.map HTTP/1.1" 404 1800
[2020-06-24 14:30:26,446] [basehttp.py:154] [basehttp:log_message] [WARNING]- "GET /static/js/lib/bootstrap.min.js.map HTTP/1.1" 404 1806
[2020-06-24 14:30:26,462] [basehttp.py:154] [basehttp:log_message] [WARNING]- "GET /static/js/axios.min.map HTTP/1.1" 404 1773
[2020-06-24 14:30:26,462] [basehttp.py:154] [basehttp:log_message] [WARNING]- "GET /static/js/xlsx/FileSaver.min.js.map HTTP/1.1" 404 1809
[2020-06-24 14:30:27,651] [basehttp.py:154] [basehttp:log_message] [INFO]- "POST /TestPlanSW/TestPlanSW-search/ HTTP/1.1" 200 2505
[2020-06-24 14:30:36,945] [basehttp.py:154] [basehttp:log_message] [INFO]- "POST /TestPlanSW/TestPlanSW-search/ HTTP/1.1" 200 253
[2020-06-24 14:37:34,536] [basehttp.py:154] [basehttp:log_message] [INFO]- "POST /TestPlanSW/TestPlanSW-search/ HTTP/1.1" 200 2505
[2020-06-24 14:37:37,711] [log.py:228] [log:log_response] [ERROR]- Internal Server Error: /TestPlanSW/TestPlanSW-search/
Traceback (most recent call last):
  File "C:\Python372\mecheck\lib\site-packages\django\core\handlers\exception.py", line 34, in inner
    response = get_response(request)
  File "C:\Python372\mecheck\lib\site-packages\django\core\handlers\base.py", line 126, in _get_response
    response = self.process_exception_by_middleware(e, request)
  File "C:\Python372\mecheck\lib\site-packages\django\core\handlers\base.py", line 124, in _get_response
    response = wrapped_callback(request, *callback_args, **callback_kwargs)
  File "C:\djangoproject\Reliability_Row_data\TestPlanSW\views.py", line 5335, in TestPlanSW_search
    if ATOsuminre["ConfigRetestTime__sum"]:
KeyError: 'ConfigRetestTime__sum'
[2020-06-24 14:37:37,715] [basehttp.py:154] [basehttp:log_message] [ERROR]- "POST /TestPlanSW/TestPlanSW-search/ HTTP/1.1" 500 82062
[2020-06-24 14:38:26,923] [basehttp.py:154] [basehttp:log_message] [INFO]- "POST /TestPlanSW/TestPlanSW-search/ HTTP/1.1" 200 253
[2020-06-24 14:39:08,143] [basehttp.py:154] [basehttp:log_message] [INFO]- "GET /TestPlanSW/TestPlanSW-search/?action=getContent&customer=C38(NB)&project=FLY00_Peppa&phase=14&category= HTTP/1.1" 200 3938
[2020-06-24 15:02:40,772] [basehttp.py:154] [basehttp:log_message] [INFO]- "GET /TestPlanSW/TestPlanSW-search/?action=getContent&customer=C38(NB)&project=FLY00_Peppa&phase=14&category= HTTP/1.1" 200 3938
[2020-06-24 15:06:02,356] [basehttp.py:154] [basehttp:log_message] [INFO]- "GET /TestPlanSW/TestPlanSW-search/?action=getContent&customer=C38(NB)&project=FLY00_Peppa&phase=14&category= HTTP/1.1" 200 3938
[2020-06-24 15:08:09,202] [basehttp.py:154] [basehttp:log_message] [INFO]- "GET /admin/ HTTP/1.1" 200 21903
[2020-06-24 15:08:09,288] [basehttp.py:154] [basehttp:log_message] [INFO]- "GET /favicon.ico HTTP/1.1" 200 16506
[2020-06-24 15:08:12,715] [basehttp.py:154] [basehttp:log_message] [INFO]- "GET /admin/TestPlanSW/retestitemsw/ HTTP/1.1" 200 13293
[2020-06-24 15:08:12,749] [basehttp.py:154] [basehttp:log_message] [INFO]- "GET /admin/jsi18n/ HTTP/1.1" 200 7684
[2020-06-24 15:08:12,838] [basehttp.py:154] [basehttp:log_message] [INFO]- "GET /favicon.ico HTTP/1.1" 200 16506
[2020-06-24 15:08:15,407] [basehttp.py:154] [basehttp:log_message] [INFO]- "GET /admin/TestPlanSW/retestitemsw/4/change/ HTTP/1.1" 200 43959
[2020-06-24 15:08:15,446] [basehttp.py:154] [basehttp:log_message] [INFO]- "GET /admin/jsi18n/ HTTP/1.1" 200 7684
[2020-06-24 15:08:15,551] [basehttp.py:154] [basehttp:log_message] [INFO]- "GET /favicon.ico HTTP/1.1" 200 16506
[2020-06-24 15:12:34,685] [basehttp.py:154] [basehttp:log_message] [INFO]- "GET /admin/TestPlanSW/retestitemsw/ HTTP/1.1" 200 13293
[2020-06-24 15:12:34,790] [basehttp.py:154] [basehttp:log_message] [INFO]- "GET /favicon.ico HTTP/1.1" 200 16506
[2020-06-26 10:44:50,725] [basehttp.py:154] [basehttp:log_message] [INFO]- "GET /TestPlanSW/TestPlanSW-search/ HTTP/1.1" 302 0
[2020-06-26 10:44:50,761] [basehttp.py:154] [basehttp:log_message] [INFO]- "GET /login/ HTTP/1.1" 200 4677
[2020-06-26 10:44:50,794] [basehttp.py:154] [basehttp:log_message] [INFO]- "GET /static/css/bootstrap.min.css HTTP/1.1" 304 0
[2020-06-26 10:44:50,905] [basehttp.py:154] [basehttp:log_message] [INFO]- "GET /favicon.ico HTTP/1.1" 302 0
[2020-06-26 10:44:50,918] [basehttp.py:154] [basehttp:log_message] [INFO]- "GET /login/ HTTP/1.1" 200 4677
[2020-06-26 10:44:55,432] [basehttp.py:154] [basehttp:log_message] [INFO]- "GET /TestPlanME/TestPlanME-summary/ HTTP/1.1" 302 0
[2020-06-26 10:44:55,546] [basehttp.py:154] [basehttp:log_message] [INFO]- "GET /favicon.ico HTTP/1.1" 302 0
[2020-06-26 10:44:55,551] [basehttp.py:154] [basehttp:log_message] [INFO]- "GET /login/ HTTP/1.1" 200 4677
[2020-06-26 10:44:58,781] [basehttp.py:154] [basehttp:log_message] [INFO]- "POST /login/ HTTP/1.1" 302 0
[2020-06-26 10:44:58,946] [basehttp.py:154] [basehttp:log_message] [INFO]- "GET /index/ HTTP/1.1" 200 34438
[2020-06-26 10:44:58,995] [basehttp.py:154] [basehttp:log_message] [INFO]- "GET /static/css/home_zerogrid.css HTTP/1.1" 304 0
[2020-06-26 10:44:58,995] [basehttp.py:154] [basehttp:log_message] [INFO]- "GET /static/css/home_menu.css HTTP/1.1" 304 0
[2020-06-26 10:44:59,151] [basehttp.py:154] [basehttp:log_message] [INFO]- "GET /static/src/3.jpg HTTP/1.1" 304 0
[2020-06-26 10:44:59,161] [basehttp.py:154] [basehttp:log_message] [INFO]- "GET /static/src/5.jpg HTTP/1.1" 304 0
[2020-06-26 10:44:59,170] [basehttp.py:154] [basehttp:log_message] [INFO]- "GET /static/src/7.jpg HTTP/1.1" 304 0
[2020-06-26 10:44:59,171] [basehttp.py:154] [basehttp:log_message] [INFO]- "GET /static/src/2.jpg HTTP/1.1" 304 0
[2020-06-26 10:44:59,172] [basehttp.py:154] [basehttp:log_message] [INFO]- "GET /static/src/6.jpg HTTP/1.1" 304 0
[2020-06-26 10:44:59,172] [basehttp.py:154] [basehttp:log_message] [INFO]- "GET /static/src/1.jpg HTTP/1.1" 304 0
[2020-06-26 10:44:59,174] [basehttp.py:154] [basehttp:log_message] [INFO]- "GET /static/src/4.jpg HTTP/1.1" 304 0
[2020-06-26 10:44:59,184] [basehttp.py:154] [basehttp:log_message] [INFO]- "GET /static/src/8.jpg HTTP/1.1" 304 0
[2020-06-26 10:44:59,186] [basehttp.py:154] [basehttp:log_message] [INFO]- "GET /static/src/9.jfif HTTP/1.1" 304 0
[2020-06-26 10:44:59,187] [basehttp.py:154] [basehttp:log_message] [INFO]- "GET /static/src/10.jpg HTTP/1.1" 304 0
[2020-06-26 10:44:59,248] [basehttp.py:154] [basehttp:log_message] [INFO]- "GET /index/ HTTP/1.1" 200 34438
[2020-06-26 10:44:59,385] [basehttp.py:154] [basehttp:log_message] [INFO]- "GET /static/js/xlsx/xlsx.js HTTP/1.1" 304 0
[2020-06-26 10:44:59,898] [basehttp.py:154] [basehttp:log_message] [INFO]- "GET /favicon.ico HTTP/1.1" 200 16506
[2020-06-26 10:45:04,667] [basehttp.py:154] [basehttp:log_message] [INFO]- "GET /CQM/CQM_search/ HTTP/1.1" 200 41710
[2020-06-26 10:45:04,717] [basehttp.py:154] [basehttp:log_message] [INFO]- "GET /static/src/cqmspec.png HTTP/1.1" 200 9675
[2020-06-26 10:45:05,531] [basehttp.py:154] [basehttp:log_message] [INFO]- "POST /CQM/CQM_search/ HTTP/1.1" 200 2948
[2020-06-26 10:45:05,729] [basehttp.py:154] [basehttp:log_message] [INFO]- "GET /favicon.ico HTTP/1.1" 200 16506
[2020-06-26 10:45:08,343] [basehttp.py:154] [basehttp:log_message] [WARNING]- "GET /static/js/lib/bootstrap.min.js.map HTTP/1.1" 404 1806
[2020-06-26 10:45:08,343] [basehttp.py:154] [basehttp:log_message] [WARNING]- "GET /static/js/axios.min.map HTTP/1.1" 404 1773
[2020-06-26 10:45:08,344] [basehttp.py:154] [basehttp:log_message] [WARNING]- "GET /static/js/xlsx/FileSaver.min.js.map HTTP/1.1" 404 1809
[2020-06-26 10:45:08,433] [basehttp.py:154] [basehttp:log_message] [WARNING]- "GET /static/css/bootstrap.min.css.map HTTP/1.1" 404 1800
[2020-06-26 10:45:12,172] [basehttp.py:154] [basehttp:log_message] [INFO]- "POST /CQM/CQM_search/ HTTP/1.1" 200 61795
[2020-06-26 10:58:08,302] [basehttp.py:154] [basehttp:log_message] [INFO]- "GET /CQM/CQM_edit/ HTTP/1.1" 200 51974
[2020-06-26 10:58:09,280] [basehttp.py:154] [basehttp:log_message] [INFO]- "POST /CQM/CQM_edit/ HTTP/1.1" 200 135
[2020-06-26 10:58:09,594] [basehttp.py:154] [basehttp:log_message] [INFO]- "GET /favicon.ico HTTP/1.1" 200 16506
[2020-06-26 10:58:11,263] [basehttp.py:154] [basehttp:log_message] [INFO]- "POST /CQM/CQM_edit/ HTTP/1.1" 200 875
