[2023-06-26 14:03:12,816] [basehttp.py:154] [basehttp:log_message] [INFO]- "GET / HTTP/1.1" 302 0
[2023-06-26 14:03:12,830] [basehttp.py:154] [basehttp:log_message] [INFO]- "GET /login/ HTTP/1.1" 200 4823
[2023-06-26 14:03:13,316] [basehttp.py:154] [basehttp:log_message] [INFO]- "GET /favicon.ico HTTP/1.1" 302 0
[2023-06-26 14:03:13,320] [basehttp.py:154] [basehttp:log_message] [INFO]- "GET /login/ HTTP/1.1" 200 4823
[2023-06-26 14:03:26,183] [UserIP.py:89] [UserIP:process_response] [CRITICAL]- 系统错误
[2023-06-26 14:03:26,187] [basehttp.py:154] [basehttp:log_message] [INFO]- "POST /login/ HTTP/1.1" 200 4841
[2023-06-26 14:03:26,417] [basehttp.py:154] [basehttp:log_message] [INFO]- "GET /favicon.ico HTTP/1.1" 302 0
[2023-06-26 14:03:26,421] [basehttp.py:154] [basehttp:log_message] [INFO]- "GET /login/ HTTP/1.1" 200 4823
[2023-06-26 14:03:36,900] [UserIP.py:89] [UserIP:process_response] [CRITICAL]- 系统错误
[2023-06-26 14:03:36,902] [basehttp.py:154] [basehttp:log_message] [INFO]- "POST /login/ HTTP/1.1" 200 4841
[2023-06-26 14:03:37,121] [basehttp.py:154] [basehttp:log_message] [INFO]- "GET /favicon.ico HTTP/1.1" 302 0
[2023-06-26 14:03:37,127] [basehttp.py:154] [basehttp:log_message] [INFO]- "GET /login/ HTTP/1.1" 200 4823
[2023-06-26 14:03:46,287] [UserIP.py:89] [UserIP:process_response] [CRITICAL]- 系统错误
[2023-06-26 14:03:46,310] [basehttp.py:154] [basehttp:log_message] [INFO]- "POST /login/ HTTP/1.1" 302 0
[2023-06-26 14:03:46,433] [basehttp.py:154] [basehttp:log_message] [INFO]- "GET /index/ HTTP/1.1" 200 30779
[2023-06-26 14:03:46,603] [basehttp.py:154] [basehttp:log_message] [INFO]- "GET /index/ HTTP/1.1" 200 30779
[2023-06-26 14:03:46,983] [UserIP.py:87] [UserIP:process_response] [INFO]- 2023-06-26 14:03:46 C1010S3>Cao.Edwin None>LAPTOP-EJP4HNEV>543 127.0.0.1 127.0.0.1 /index/ POST
[2023-06-26 14:03:46,994] [basehttp.py:154] [basehttp:log_message] [INFO]- "POST /index/ HTTP/1.1" 200 1433
[2023-06-26 14:03:47,128] [log.py:228] [log:log_response] [WARNING]- Not Found: /media/img/UserInfo/Jully_Li.jpg
[2023-06-26 14:03:47,130] [basehttp.py:154] [basehttp:log_message] [WARNING]- "GET /media/img/UserInfo/Jully_Li.jpg HTTP/1.1" 404 1803
[2023-06-26 14:03:47,616] [basehttp.py:154] [basehttp:log_message] [INFO]- "GET /favicon.ico HTTP/1.1" 200 21702
[2023-06-26 14:04:05,882] [basehttp.py:154] [basehttp:log_message] [INFO]- "GET /DeviceLNV/BorrowedDeviceLNV/ HTTP/1.1" 200 61648
[2023-06-26 14:04:05,912] [basehttp.py:154] [basehttp:log_message] [INFO]- "GET /static/css/index.css HTTP/1.1" 200 232694
[2023-06-26 14:04:05,916] [basehttp.py:154] [basehttp:log_message] [INFO]- "GET /static/js/Element/image.js HTTP/1.1" 200 26016
[2023-06-26 14:04:06,367] [basehttp.py:154] [basehttp:log_message] [INFO]- "GET /static/css/fonts/element-icons.woff HTTP/1.1" 200 28200
[2023-06-26 14:04:08,125] [basehttp.py:154] [basehttp:log_message] [WARNING]- "GET /static/js/lib/bootstrap.min.js.map HTTP/1.1" 404 1806
[2023-06-26 14:04:08,143] [basehttp.py:154] [basehttp:log_message] [WARNING]- "GET /static/js/xlsx/FileSaver.min.js.map HTTP/1.1" 404 1809
[2023-06-26 14:04:08,144] [basehttp.py:154] [basehttp:log_message] [WARNING]- "GET /static/js/axios.min.map HTTP/1.1" 404 1773
[2023-06-26 14:04:08,273] [basehttp.py:154] [basehttp:log_message] [INFO]- "GET /DeviceLNV/BorrowedDeviceLNV/ HTTP/1.1" 200 61648
[2023-06-26 14:04:08,344] [basehttp.py:154] [basehttp:log_message] [WARNING]- "GET /static/css/bootstrap.min.css.map HTTP/1.1" 404 1800
[2023-06-26 14:04:08,396] [basehttp.py:154] [basehttp:log_message] [INFO]- "GET /favicon.ico HTTP/1.1" 200 21702
[2023-06-26 14:04:09,446] [UserIP.py:87] [UserIP:process_response] [INFO]- 2023-06-26 14:04:09 C1010S3>Cao.Edwin None>LAPTOP-EJP4HNEV>543 127.0.0.1 127.0.0.1 /DeviceLNV/BorrowedDeviceLNV/ POST
[2023-06-26 14:04:09,475] [basehttp.py:154] [basehttp:log_message] [INFO]- "POST /DeviceLNV/BorrowedDeviceLNV/ HTTP/1.1" 200 2145271
[2023-06-26 14:04:10,129] [log.py:228] [log:log_response] [WARNING]- Not Found: /media/DeviceLNV/Device/2260.jpg
[2023-06-26 14:04:10,149] [basehttp.py:154] [basehttp:log_message] [WARNING]- "GET /media/DeviceLNV/Device/2260.jpg HTTP/1.1" 404 1803
[2023-06-26 14:04:10,161] [log.py:228] [log:log_response] [WARNING]- Not Found: /media/DeviceLNV/Device/233.jpg
[2023-06-26 14:04:10,162] [log.py:228] [log:log_response] [WARNING]- Not Found: /media/DeviceLNV/Device/2214.jpg
[2023-06-26 14:04:10,165] [basehttp.py:154] [basehttp:log_message] [WARNING]- "GET /media/DeviceLNV/Device/233.jpg HTTP/1.1" 404 1800
[2023-06-26 14:04:10,166] [basehttp.py:154] [basehttp:log_message] [WARNING]- "GET /media/DeviceLNV/Device/2214.jpg HTTP/1.1" 404 1803
[2023-06-26 14:04:10,169] [log.py:228] [log:log_response] [WARNING]- Not Found: /media/DeviceLNV/Device/244.jpg
[2023-06-26 14:04:10,176] [basehttp.py:154] [basehttp:log_message] [WARNING]- "GET /media/DeviceLNV/Device/244.jpg HTTP/1.1" 404 1800
[2023-06-26 14:04:10,177] [basehttp.py:154] [basehttp:log_message] [INFO]- "GET /media/DeviceLNV/Device/1513.jpg HTTP/1.1" 200 215360
[2023-06-26 14:04:10,198] [basehttp.py:154] [basehttp:log_message] [INFO]- "GET /media/DeviceLNV/Device/2156.jpg HTTP/1.1" 200 201323
[2023-06-26 14:04:10,214] [log.py:228] [log:log_response] [WARNING]- Not Found: /media/DeviceLNV/Device/1462.jpg
[2023-06-26 14:04:10,221] [log.py:228] [log:log_response] [WARNING]- Not Found: /media/DeviceLNV/Device/253.jpg
[2023-06-26 14:04:10,221] [basehttp.py:154] [basehttp:log_message] [WARNING]- "GET /media/DeviceLNV/Device/1462.jpg HTTP/1.1" 404 1803
[2023-06-26 14:04:10,226] [basehttp.py:154] [basehttp:log_message] [WARNING]- "GET /media/DeviceLNV/Device/253.jpg HTTP/1.1" 404 1800
[2023-06-26 14:04:10,237] [log.py:228] [log:log_response] [WARNING]- Not Found: /media/DeviceLNV/Device/262.jpg
[2023-06-26 14:04:10,241] [basehttp.py:154] [basehttp:log_message] [WARNING]- "GET /media/DeviceLNV/Device/262.jpg HTTP/1.1" 404 1800
[2023-06-26 14:04:10,243] [log.py:228] [log:log_response] [WARNING]- Not Found: /media/DeviceLNV/Device/261.jpg
[2023-06-26 14:04:10,250] [log.py:228] [log:log_response] [WARNING]- Not Found: /media/DeviceLNV/Device/2218.jpg
[2023-06-26 14:04:10,250] [basehttp.py:154] [basehttp:log_message] [WARNING]- "GET /media/DeviceLNV/Device/261.jpg HTTP/1.1" 404 1800
[2023-06-26 14:04:10,255] [basehttp.py:154] [basehttp:log_message] [WARNING]- "GET /media/DeviceLNV/Device/2218.jpg HTTP/1.1" 404 1803
[2023-06-26 14:04:10,261] [log.py:228] [log:log_response] [WARNING]- Not Found: /media/DeviceLNV/Device/268.jpg
[2023-06-26 14:04:10,271] [basehttp.py:154] [basehttp:log_message] [WARNING]- "GET /media/DeviceLNV/Device/268.jpg HTTP/1.1" 404 1800
[2023-06-26 14:04:10,290] [log.py:228] [log:log_response] [WARNING]- Not Found: /media/DeviceLNV/Device/266.jpg
[2023-06-26 14:04:10,293] [basehttp.py:154] [basehttp:log_message] [WARNING]- "GET /media/DeviceLNV/Device/266.jpg HTTP/1.1" 404 1800
[2023-06-26 14:04:10,296] [log.py:228] [log:log_response] [WARNING]- Not Found: /media/DeviceLNV/Device/269.jpg
[2023-06-26 14:04:10,309] [log.py:228] [log:log_response] [WARNING]- Not Found: /media/DeviceLNV/Device/267.jpg
[2023-06-26 14:04:10,314] [basehttp.py:154] [basehttp:log_message] [WARNING]- "GET /media/DeviceLNV/Device/269.jpg HTTP/1.1" 404 1800
[2023-06-26 14:04:10,316] [basehttp.py:154] [basehttp:log_message] [WARNING]- "GET /media/DeviceLNV/Device/267.jpg HTTP/1.1" 404 1800
[2023-06-26 14:04:10,332] [log.py:228] [log:log_response] [WARNING]- Not Found: /media/DeviceLNV/Device/2098.jpg
[2023-06-26 14:04:10,336] [log.py:228] [log:log_response] [WARNING]- Not Found: /media/DeviceLNV/Device/1292.jpg
[2023-06-26 14:04:10,340] [basehttp.py:154] [basehttp:log_message] [WARNING]- "GET /media/DeviceLNV/Device/2098.jpg HTTP/1.1" 404 1803
[2023-06-26 14:04:10,340] [basehttp.py:154] [basehttp:log_message] [WARNING]- "GET /media/DeviceLNV/Device/1292.jpg HTTP/1.1" 404 1803
[2023-06-26 14:04:10,347] [log.py:228] [log:log_response] [WARNING]- Not Found: /media/DeviceLNV/Device/209.jpg
[2023-06-26 14:04:10,358] [basehttp.py:154] [basehttp:log_message] [WARNING]- "GET /media/DeviceLNV/Device/209.jpg HTTP/1.1" 404 1800
[2023-06-26 14:04:10,383] [log.py:228] [log:log_response] [WARNING]- Not Found: /media/DeviceLNV/Device/264.jpg
[2023-06-26 14:04:10,389] [basehttp.py:154] [basehttp:log_message] [WARNING]- "GET /media/DeviceLNV/Device/264.jpg HTTP/1.1" 404 1800
[2023-06-26 14:04:10,389] [log.py:228] [log:log_response] [WARNING]- Not Found: /media/DeviceLNV/Device/228.jpg
[2023-06-26 14:04:10,398] [log.py:228] [log:log_response] [WARNING]- Not Found: /media/DeviceLNV/Device/214.jpg
[2023-06-26 14:04:10,399] [basehttp.py:154] [basehttp:log_message] [WARNING]- "GET /media/DeviceLNV/Device/228.jpg HTTP/1.1" 404 1800
[2023-06-26 14:04:10,421] [basehttp.py:154] [basehttp:log_message] [WARNING]- "GET /media/DeviceLNV/Device/214.jpg HTTP/1.1" 404 1800
[2023-06-26 14:04:10,438] [log.py:228] [log:log_response] [WARNING]- Not Found: /media/DeviceLNV/Device/2050.jpg
[2023-06-26 14:04:10,446] [log.py:228] [log:log_response] [WARNING]- Not Found: /media/DeviceLNV/Device/2049.jpg
[2023-06-26 14:04:10,450] [basehttp.py:154] [basehttp:log_message] [WARNING]- "GET /media/DeviceLNV/Device/2050.jpg HTTP/1.1" 404 1803
[2023-06-26 14:04:10,451] [basehttp.py:154] [basehttp:log_message] [WARNING]- "GET /media/DeviceLNV/Device/2049.jpg HTTP/1.1" 404 1803
[2023-06-26 14:04:10,468] [log.py:228] [log:log_response] [WARNING]- Not Found: /media/DeviceLNV/Device/1298.jpg
[2023-06-26 14:04:10,472] [log.py:228] [log:log_response] [WARNING]- Not Found: /media/DeviceLNV/Device/1301.jpg
[2023-06-26 14:04:10,475] [basehttp.py:154] [basehttp:log_message] [WARNING]- "GET /media/DeviceLNV/Device/1298.jpg HTTP/1.1" 404 1803
[2023-06-26 14:04:10,484] [basehttp.py:154] [basehttp:log_message] [WARNING]- "GET /media/DeviceLNV/Device/1301.jpg HTTP/1.1" 404 1803
[2023-06-26 14:04:10,485] [log.py:228] [log:log_response] [WARNING]- Not Found: /media/DeviceLNV/Device/259.jpg
[2023-06-26 14:04:10,508] [basehttp.py:154] [basehttp:log_message] [WARNING]- "GET /media/DeviceLNV/Device/259.jpg HTTP/1.1" 404 1800
[2023-06-26 14:04:10,510] [log.py:228] [log:log_response] [WARNING]- Not Found: /media/DeviceLNV/Device/260.jpg
[2023-06-26 14:04:10,521] [basehttp.py:154] [basehttp:log_message] [WARNING]- "GET /media/DeviceLNV/Device/260.jpg HTTP/1.1" 404 1800
[2023-06-26 14:04:10,532] [log.py:228] [log:log_response] [WARNING]- Not Found: /media/DeviceLNV/Device/1294.jpg
[2023-06-26 14:04:10,535] [log.py:228] [log:log_response] [WARNING]- Not Found: /media/DeviceLNV/Device/1383.jpg
[2023-06-26 14:04:10,546] [basehttp.py:154] [basehttp:log_message] [WARNING]- "GET /media/DeviceLNV/Device/1294.jpg HTTP/1.1" 404 1803
[2023-06-26 14:04:10,549] [basehttp.py:154] [basehttp:log_message] [WARNING]- "GET /media/DeviceLNV/Device/1383.jpg HTTP/1.1" 404 1803
[2023-06-26 14:04:10,565] [log.py:228] [log:log_response] [WARNING]- Not Found: /media/DeviceLNV/Device/1297.jpg
[2023-06-26 14:04:10,572] [basehttp.py:154] [basehttp:log_message] [WARNING]- "GET /media/DeviceLNV/Device/1297.jpg HTTP/1.1" 404 1803
[2023-06-26 14:04:10,579] [log.py:228] [log:log_response] [WARNING]- Not Found: /media/DeviceLNV/Device/1296.jpg
[2023-06-26 14:04:10,595] [basehttp.py:154] [basehttp:log_message] [WARNING]- "GET /media/DeviceLNV/Device/1296.jpg HTTP/1.1" 404 1803
[2023-06-26 14:04:10,624] [log.py:228] [log:log_response] [WARNING]- Not Found: /media/DeviceLNV/Device/1302.jpg
[2023-06-26 14:04:10,642] [basehttp.py:154] [basehttp:log_message] [WARNING]- "GET /media/DeviceLNV/Device/1302.jpg HTTP/1.1" 404 1803
[2023-06-26 14:04:10,642] [log.py:228] [log:log_response] [WARNING]- Not Found: /media/DeviceLNV/Device/1934.jpg
[2023-06-26 14:04:10,652] [basehttp.py:154] [basehttp:log_message] [WARNING]- "GET /media/DeviceLNV/Device/1934.jpg HTTP/1.1" 404 1803
[2023-06-26 14:04:10,655] [log.py:228] [log:log_response] [WARNING]- Not Found: /media/DeviceLNV/Device/223.jpg
[2023-06-26 14:04:10,662] [basehttp.py:154] [basehttp:log_message] [WARNING]- "GET /media/DeviceLNV/Device/223.jpg HTTP/1.1" 404 1800
[2023-06-26 14:04:10,663] [log.py:228] [log:log_response] [WARNING]- Not Found: /media/DeviceLNV/Device/2220.jpg
[2023-06-26 14:04:10,673] [log.py:228] [log:log_response] [WARNING]- Not Found: /media/DeviceLNV/Device/1460.jpg
[2023-06-26 14:04:10,675] [basehttp.py:154] [basehttp:log_message] [WARNING]- "GET /media/DeviceLNV/Device/2220.jpg HTTP/1.1" 404 1803
[2023-06-26 14:04:10,678] [basehttp.py:154] [basehttp:log_message] [WARNING]- "GET /media/DeviceLNV/Device/1460.jpg HTTP/1.1" 404 1803
[2023-06-26 14:04:10,690] [log.py:228] [log:log_response] [WARNING]- Not Found: /media/DeviceLNV/Device/246.jpg
[2023-06-26 14:04:10,713] [basehttp.py:154] [basehttp:log_message] [WARNING]- "GET /media/DeviceLNV/Device/246.jpg HTTP/1.1" 404 1800
[2023-06-26 14:04:10,727] [log.py:228] [log:log_response] [WARNING]- Not Found: /media/DeviceLNV/Device/242.jpg
[2023-06-26 14:04:10,727] [log.py:228] [log:log_response] [WARNING]- Not Found: /media/DeviceLNV/Device/248.jpg
[2023-06-26 14:04:10,733] [basehttp.py:154] [basehttp:log_message] [WARNING]- "GET /media/DeviceLNV/Device/248.jpg HTTP/1.1" 404 1800
[2023-06-26 14:04:10,733] [basehttp.py:154] [basehttp:log_message] [WARNING]- "GET /media/DeviceLNV/Device/242.jpg HTTP/1.1" 404 1800
[2023-06-26 14:04:10,755] [log.py:228] [log:log_response] [WARNING]- Not Found: /media/DeviceLNV/Device/251.jpg
[2023-06-26 14:04:10,766] [log.py:228] [log:log_response] [WARNING]- Not Found: /media/DeviceLNV/Device/252.jpg
[2023-06-26 14:04:10,769] [basehttp.py:154] [basehttp:log_message] [WARNING]- "GET /media/DeviceLNV/Device/251.jpg HTTP/1.1" 404 1800
[2023-06-26 14:04:10,775] [log.py:228] [log:log_response] [WARNING]- Not Found: /media/DeviceLNV/Device/243.jpg
[2023-06-26 14:04:10,775] [basehttp.py:154] [basehttp:log_message] [WARNING]- "GET /media/DeviceLNV/Device/252.jpg HTTP/1.1" 404 1800
[2023-06-26 14:04:10,790] [basehttp.py:154] [basehttp:log_message] [WARNING]- "GET /media/DeviceLNV/Device/243.jpg HTTP/1.1" 404 1800
[2023-06-26 14:04:10,816] [log.py:228] [log:log_response] [WARNING]- Not Found: /media/DeviceLNV/Device/250.jpg
[2023-06-26 14:04:10,829] [log.py:228] [log:log_response] [WARNING]- Not Found: /media/DeviceLNV/Device/254.jpg
[2023-06-26 14:04:10,831] [basehttp.py:154] [basehttp:log_message] [WARNING]- "GET /media/DeviceLNV/Device/250.jpg HTTP/1.1" 404 1800
[2023-06-26 14:04:10,841] [basehttp.py:154] [basehttp:log_message] [WARNING]- "GET /media/DeviceLNV/Device/254.jpg HTTP/1.1" 404 1800
[2023-06-26 14:04:10,855] [log.py:228] [log:log_response] [WARNING]- Not Found: /media/DeviceLNV/Device/1065.jpg
[2023-06-26 14:04:10,865] [basehttp.py:154] [basehttp:log_message] [WARNING]- "GET /media/DeviceLNV/Device/1065.jpg HTTP/1.1" 404 1803
[2023-06-26 14:04:10,875] [log.py:228] [log:log_response] [WARNING]- Not Found: /media/DeviceLNV/Device/334.jpg
[2023-06-26 14:04:10,882] [log.py:228] [log:log_response] [WARNING]- Not Found: /media/DeviceLNV/Device/316.jpg
[2023-06-26 14:04:10,887] [basehttp.py:154] [basehttp:log_message] [WARNING]- "GET /media/DeviceLNV/Device/334.jpg HTTP/1.1" 404 1800
[2023-06-26 14:04:10,890] [basehttp.py:154] [basehttp:log_message] [WARNING]- "GET /media/DeviceLNV/Device/316.jpg HTTP/1.1" 404 1800
[2023-06-26 14:04:10,895] [log.py:228] [log:log_response] [WARNING]- Not Found: /media/DeviceLNV/Device/331.jpg
[2023-06-26 14:04:10,914] [basehttp.py:154] [basehttp:log_message] [WARNING]- "GET /media/DeviceLNV/Device/331.jpg HTTP/1.1" 404 1800
[2023-06-26 14:04:10,927] [log.py:228] [log:log_response] [WARNING]- Not Found: /media/DeviceLNV/Device/1492.jpg
[2023-06-26 14:04:10,945] [basehttp.py:154] [basehttp:log_message] [WARNING]- "GET /media/DeviceLNV/Device/1492.jpg HTTP/1.1" 404 1803
[2023-06-26 14:04:10,948] [log.py:228] [log:log_response] [WARNING]- Not Found: /media/DeviceLNV/Device/1046.jpg
[2023-06-26 14:04:10,959] [basehttp.py:154] [basehttp:log_message] [WARNING]- "GET /media/DeviceLNV/Device/1046.jpg HTTP/1.1" 404 1803
[2023-06-26 14:04:10,967] [log.py:228] [log:log_response] [WARNING]- Not Found: /media/DeviceLNV/Device/317.jpg
[2023-06-26 14:04:10,980] [log.py:228] [log:log_response] [WARNING]- Not Found: /media/DeviceLNV/Device/344.jpg
[2023-06-26 14:04:10,981] [basehttp.py:154] [basehttp:log_message] [WARNING]- "GET /media/DeviceLNV/Device/317.jpg HTTP/1.1" 404 1800
[2023-06-26 14:04:10,991] [basehttp.py:154] [basehttp:log_message] [WARNING]- "GET /media/DeviceLNV/Device/344.jpg HTTP/1.1" 404 1800
[2023-06-26 14:04:11,000] [log.py:228] [log:log_response] [WARNING]- Not Found: /media/DeviceLNV/Device/319.jpg
[2023-06-26 14:04:11,001] [log.py:228] [log:log_response] [WARNING]- Not Found: /media/DeviceLNV/Device/322.jpg
[2023-06-26 14:04:11,005] [basehttp.py:154] [basehttp:log_message] [WARNING]- "GET /media/DeviceLNV/Device/319.jpg HTTP/1.1" 404 1800
[2023-06-26 14:04:11,012] [basehttp.py:154] [basehttp:log_message] [WARNING]- "GET /media/DeviceLNV/Device/322.jpg HTTP/1.1" 404 1800
[2023-06-26 14:04:11,030] [log.py:228] [log:log_response] [WARNING]- Not Found: /media/DeviceLNV/Device/1066.jpg
[2023-06-26 14:04:11,039] [basehttp.py:154] [basehttp:log_message] [WARNING]- "GET /media/DeviceLNV/Device/1066.jpg HTTP/1.1" 404 1803
[2023-06-26 14:04:11,051] [log.py:228] [log:log_response] [WARNING]- Not Found: /media/DeviceLNV/Device/345.jpg
[2023-06-26 14:04:11,063] [log.py:228] [log:log_response] [WARNING]- Not Found: /media/DeviceLNV/Device/341.jpg
[2023-06-26 14:04:11,065] [basehttp.py:154] [basehttp:log_message] [WARNING]- "GET /media/DeviceLNV/Device/345.jpg HTTP/1.1" 404 1800
[2023-06-26 14:04:11,066] [log.py:228] [log:log_response] [WARNING]- Not Found: /media/DeviceLNV/Device/337.jpg
[2023-06-26 14:04:11,070] [basehttp.py:154] [basehttp:log_message] [WARNING]- "GET /media/DeviceLNV/Device/341.jpg HTTP/1.1" 404 1800
[2023-06-26 14:04:11,071] [log.py:228] [log:log_response] [WARNING]- Not Found: /media/DeviceLNV/Device/332.jpg
[2023-06-26 14:04:11,078] [basehttp.py:154] [basehttp:log_message] [WARNING]- "GET /media/DeviceLNV/Device/337.jpg HTTP/1.1" 404 1800
[2023-06-26 14:04:11,082] [basehttp.py:154] [basehttp:log_message] [WARNING]- "GET /media/DeviceLNV/Device/332.jpg HTTP/1.1" 404 1800
[2023-06-26 14:04:11,083] [log.py:228] [log:log_response] [WARNING]- Not Found: /media/DeviceLNV/Device/1178.jpg
[2023-06-26 14:04:11,093] [basehttp.py:154] [basehttp:log_message] [WARNING]- "GET /media/DeviceLNV/Device/1178.jpg HTTP/1.1" 404 1803
[2023-06-26 14:04:11,121] [log.py:228] [log:log_response] [WARNING]- Not Found: /media/DeviceLNV/Device/326.jpg
[2023-06-26 14:04:11,131] [basehttp.py:154] [basehttp:log_message] [WARNING]- "GET /media/DeviceLNV/Device/326.jpg HTTP/1.1" 404 1800
[2023-06-26 14:04:11,147] [log.py:228] [log:log_response] [WARNING]- Not Found: /media/DeviceLNV/Device/1179.jpg
[2023-06-26 14:04:11,148] [log.py:228] [log:log_response] [WARNING]- Not Found: /media/DeviceLNV/Device/327.jpg
[2023-06-26 14:04:11,157] [basehttp.py:154] [basehttp:log_message] [WARNING]- "GET /media/DeviceLNV/Device/1179.jpg HTTP/1.1" 404 1803
[2023-06-26 14:04:11,157] [log.py:228] [log:log_response] [WARNING]- Not Found: /media/DeviceLNV/Device/321.jpg
[2023-06-26 14:04:11,159] [basehttp.py:154] [basehttp:log_message] [WARNING]- "GET /media/DeviceLNV/Device/327.jpg HTTP/1.1" 404 1800
[2023-06-26 14:04:11,167] [basehttp.py:154] [basehttp:log_message] [WARNING]- "GET /media/DeviceLNV/Device/321.jpg HTTP/1.1" 404 1800
[2023-06-26 14:04:11,168] [log.py:228] [log:log_response] [WARNING]- Not Found: /media/DeviceLNV/Device/283.jpg
[2023-06-26 14:04:11,175] [log.py:228] [log:log_response] [WARNING]- Not Found: /media/DeviceLNV/Device/324.jpg
[2023-06-26 14:04:11,185] [basehttp.py:154] [basehttp:log_message] [WARNING]- "GET /media/DeviceLNV/Device/283.jpg HTTP/1.1" 404 1800
[2023-06-26 14:04:11,186] [basehttp.py:154] [basehttp:log_message] [WARNING]- "GET /media/DeviceLNV/Device/324.jpg HTTP/1.1" 404 1800
[2023-06-26 14:04:11,222] [log.py:228] [log:log_response] [WARNING]- Not Found: /media/DeviceLNV/Device/292.jpg
[2023-06-26 14:04:11,239] [basehttp.py:154] [basehttp:log_message] [WARNING]- "GET /media/DeviceLNV/Device/292.jpg HTTP/1.1" 404 1800
[2023-06-26 14:04:11,252] [log.py:228] [log:log_response] [WARNING]- Not Found: /media/DeviceLNV/Device/294.jpg
[2023-06-26 14:04:11,259] [log.py:228] [log:log_response] [WARNING]- Not Found: /media/DeviceLNV/Device/286.jpg
[2023-06-26 14:04:11,264] [basehttp.py:154] [basehttp:log_message] [WARNING]- "GET /media/DeviceLNV/Device/294.jpg HTTP/1.1" 404 1800
[2023-06-26 14:04:11,272] [basehttp.py:154] [basehttp:log_message] [WARNING]- "GET /media/DeviceLNV/Device/286.jpg HTTP/1.1" 404 1800
[2023-06-26 14:04:11,275] [log.py:228] [log:log_response] [WARNING]- Not Found: /media/DeviceLNV/Device/1550.jpg
[2023-06-26 14:04:11,289] [basehttp.py:154] [basehttp:log_message] [WARNING]- "GET /media/DeviceLNV/Device/1550.jpg HTTP/1.1" 404 1803
[2023-06-26 14:04:11,309] [log.py:228] [log:log_response] [WARNING]- Not Found: /media/DeviceLNV/Device/375.jpg
[2023-06-26 14:04:11,312] [log.py:228] [log:log_response] [WARNING]- Not Found: /media/DeviceLNV/Device/1551.jpg
[2023-06-26 14:04:11,318] [basehttp.py:154] [basehttp:log_message] [WARNING]- "GET /media/DeviceLNV/Device/375.jpg HTTP/1.1" 404 1800
[2023-06-26 14:04:11,320] [basehttp.py:154] [basehttp:log_message] [WARNING]- "GET /media/DeviceLNV/Device/1551.jpg HTTP/1.1" 404 1803
[2023-06-26 14:04:11,322] [log.py:228] [log:log_response] [WARNING]- Not Found: /media/DeviceLNV/Device/1553.jpg
[2023-06-26 14:04:11,349] [basehttp.py:154] [basehttp:log_message] [WARNING]- "GET /media/DeviceLNV/Device/1553.jpg HTTP/1.1" 404 1803
[2023-06-26 14:04:11,369] [log.py:228] [log:log_response] [WARNING]- Not Found: /media/DeviceLNV/Device/374.jpg
[2023-06-26 14:04:11,376] [basehttp.py:154] [basehttp:log_message] [WARNING]- "GET /media/DeviceLNV/Device/374.jpg HTTP/1.1" 404 1800
[2023-06-26 14:04:11,387] [log.py:228] [log:log_response] [WARNING]- Not Found: /media/DeviceLNV/Device/281.jpg
[2023-06-26 14:04:11,397] [log.py:228] [log:log_response] [WARNING]- Not Found: /media/DeviceLNV/Device/289.jpg
[2023-06-26 14:04:11,408] [basehttp.py:154] [basehttp:log_message] [WARNING]- "GET /media/DeviceLNV/Device/281.jpg HTTP/1.1" 404 1800
[2023-06-26 14:04:11,413] [basehttp.py:154] [basehttp:log_message] [WARNING]- "GET /media/DeviceLNV/Device/289.jpg HTTP/1.1" 404 1800
[2023-06-26 14:04:11,438] [log.py:228] [log:log_response] [WARNING]- Not Found: /media/DeviceLNV/Device/373.jpg
[2023-06-26 14:04:11,449] [log.py:228] [log:log_response] [WARNING]- Not Found: /media/DeviceLNV/Device/1044.jpg
[2023-06-26 14:04:11,450] [basehttp.py:154] [basehttp:log_message] [WARNING]- "GET /media/DeviceLNV/Device/373.jpg HTTP/1.1" 404 1800
[2023-06-26 14:04:11,451] [log.py:228] [log:log_response] [WARNING]- Not Found: /media/DeviceLNV/Device/1512.jpg
[2023-06-26 14:04:11,452] [basehttp.py:154] [basehttp:log_message] [WARNING]- "GET /media/DeviceLNV/Device/1044.jpg HTTP/1.1" 404 1803
[2023-06-26 14:04:11,455] [log.py:228] [log:log_response] [WARNING]- Not Found: /media/DeviceLNV/Device/1461.jpg
[2023-06-26 14:04:11,458] [basehttp.py:154] [basehttp:log_message] [WARNING]- "GET /media/DeviceLNV/Device/1512.jpg HTTP/1.1" 404 1803
[2023-06-26 14:04:11,471] [basehttp.py:154] [basehttp:log_message] [WARNING]- "GET /media/DeviceLNV/Device/1461.jpg HTTP/1.1" 404 1803
[2023-06-26 14:04:11,498] [log.py:228] [log:log_response] [WARNING]- Not Found: /media/DeviceLNV/Device/338.jpg
[2023-06-26 14:04:11,506] [basehttp.py:154] [basehttp:log_message] [WARNING]- "GET /media/DeviceLNV/Device/338.jpg HTTP/1.1" 404 1800
[2023-06-26 14:04:11,512] [log.py:228] [log:log_response] [WARNING]- Not Found: /media/DeviceLNV/Device/2047.jpg
[2023-06-26 14:04:11,541] [log.py:228] [log:log_response] [WARNING]- Not Found: /media/DeviceLNV/Device/339.jpg
[2023-06-26 14:04:11,542] [basehttp.py:154] [basehttp:log_message] [WARNING]- "GET /media/DeviceLNV/Device/2047.jpg HTTP/1.1" 404 1803
[2023-06-26 14:04:11,552] [basehttp.py:154] [basehttp:log_message] [WARNING]- "GET /media/DeviceLNV/Device/339.jpg HTTP/1.1" 404 1800
[2023-06-26 14:04:11,553] [log.py:228] [log:log_response] [WARNING]- Not Found: /media/DeviceLNV/Device/1552.jpg
[2023-06-26 14:04:11,567] [log.py:228] [log:log_response] [WARNING]- Not Found: /media/DeviceLNV/Device/340.jpg
[2023-06-26 14:04:11,579] [log.py:228] [log:log_response] [WARNING]- Not Found: /media/DeviceLNV/Device/282.jpg
[2023-06-26 14:04:11,580] [basehttp.py:154] [basehttp:log_message] [WARNING]- "GET /media/DeviceLNV/Device/1552.jpg HTTP/1.1" 404 1803
[2023-06-26 14:04:11,581] [basehttp.py:154] [basehttp:log_message] [WARNING]- "GET /media/DeviceLNV/Device/340.jpg HTTP/1.1" 404 1800
[2023-06-26 14:04:11,585] [basehttp.py:154] [basehttp:log_message] [WARNING]- "GET /media/DeviceLNV/Device/282.jpg HTTP/1.1" 404 1800
[2023-06-26 14:04:11,631] [log.py:228] [log:log_response] [WARNING]- Not Found: /media/DeviceLNV/Device/304.jpg
[2023-06-26 14:04:11,646] [log.py:228] [log:log_response] [WARNING]- Not Found: /media/DeviceLNV/Device/307.jpg
[2023-06-26 14:04:11,650] [basehttp.py:154] [basehttp:log_message] [WARNING]- "GET /media/DeviceLNV/Device/304.jpg HTTP/1.1" 404 1800
[2023-06-26 14:04:11,662] [basehttp.py:154] [basehttp:log_message] [WARNING]- "GET /media/DeviceLNV/Device/307.jpg HTTP/1.1" 404 1800
[2023-06-26 14:04:11,677] [log.py:228] [log:log_response] [WARNING]- Not Found: /media/DeviceLNV/Device/299.jpg
[2023-06-26 14:04:11,689] [basehttp.py:154] [basehttp:log_message] [WARNING]- "GET /media/DeviceLNV/Device/299.jpg HTTP/1.1" 404 1800
[2023-06-26 14:04:11,696] [log.py:228] [log:log_response] [WARNING]- Not Found: /media/DeviceLNV/Device/370.jpg
[2023-06-26 14:04:11,700] [log.py:228] [log:log_response] [WARNING]- Not Found: /media/DeviceLNV/Device/291.jpg
[2023-06-26 14:04:11,703] [basehttp.py:154] [basehttp:log_message] [WARNING]- "GET /media/DeviceLNV/Device/370.jpg HTTP/1.1" 404 1800
[2023-06-26 14:04:11,705] [log.py:228] [log:log_response] [WARNING]- Not Found: /media/DeviceLNV/Device/290.jpg
[2023-06-26 14:04:11,707] [basehttp.py:154] [basehttp:log_message] [WARNING]- "GET /media/DeviceLNV/Device/291.jpg HTTP/1.1" 404 1800
[2023-06-26 14:04:11,725] [basehttp.py:154] [basehttp:log_message] [WARNING]- "GET /media/DeviceLNV/Device/290.jpg HTTP/1.1" 404 1800
[2023-06-26 14:04:11,745] [log.py:228] [log:log_response] [WARNING]- Not Found: /media/DeviceLNV/Device/296.jpg
[2023-06-26 14:04:11,755] [basehttp.py:154] [basehttp:log_message] [WARNING]- "GET /media/DeviceLNV/Device/296.jpg HTTP/1.1" 404 1800
[2023-06-26 14:04:11,759] [log.py:228] [log:log_response] [WARNING]- Not Found: /media/DeviceLNV/Device/1177.jpg
[2023-06-26 14:04:11,795] [log.py:228] [log:log_response] [WARNING]- Not Found: /media/DeviceLNV/Device/305.jpg
[2023-06-26 14:04:11,796] [basehttp.py:154] [basehttp:log_message] [WARNING]- "GET /media/DeviceLNV/Device/1177.jpg HTTP/1.1" 404 1803
[2023-06-26 14:04:11,799] [log.py:228] [log:log_response] [WARNING]- Not Found: /media/DeviceLNV/Device/288.jpg
[2023-06-26 14:04:11,803] [basehttp.py:154] [basehttp:log_message] [WARNING]- "GET /media/DeviceLNV/Device/305.jpg HTTP/1.1" 404 1800
[2023-06-26 14:04:11,808] [log.py:228] [log:log_response] [WARNING]- Not Found: /media/DeviceLNV/Device/2129.jpg
[2023-06-26 14:04:11,811] [basehttp.py:154] [basehttp:log_message] [WARNING]- "GET /media/DeviceLNV/Device/288.jpg HTTP/1.1" 404 1800
[2023-06-26 14:04:11,812] [log.py:228] [log:log_response] [WARNING]- Not Found: /media/DeviceLNV/Device/2128.jpg
[2023-06-26 14:04:11,813] [basehttp.py:154] [basehttp:log_message] [WARNING]- "GET /media/DeviceLNV/Device/2129.jpg HTTP/1.1" 404 1803
[2023-06-26 14:04:11,820] [basehttp.py:154] [basehttp:log_message] [WARNING]- "GET /media/DeviceLNV/Device/2128.jpg HTTP/1.1" 404 1803
[2023-06-26 14:04:11,839] [log.py:228] [log:log_response] [WARNING]- Not Found: /media/DeviceLNV/Device/287.jpg
[2023-06-26 14:04:11,841] [basehttp.py:154] [basehttp:log_message] [WARNING]- "GET /media/DeviceLNV/Device/287.jpg HTTP/1.1" 404 1800
[2023-06-26 14:04:11,845] [log.py:228] [log:log_response] [WARNING]- Not Found: /media/DeviceLNV/Device/295.jpg
[2023-06-26 14:04:11,846] [basehttp.py:154] [basehttp:log_message] [WARNING]- "GET /media/DeviceLNV/Device/295.jpg HTTP/1.1" 404 1800
[2023-06-26 14:04:32,089] [basehttp.py:154] [basehttp:log_message] [INFO]- "GET /DeviceLNV/BorrowedDeviceLNV/ HTTP/1.1" 200 61648
[2023-06-26 14:04:32,205] [basehttp.py:154] [basehttp:log_message] [WARNING]- "GET /static/css/bootstrap.min.css.map HTTP/1.1" 404 1800
[2023-06-26 14:04:32,241] [basehttp.py:154] [basehttp:log_message] [WARNING]- "GET /static/js/lib/bootstrap.min.js.map HTTP/1.1" 404 1806
[2023-06-26 14:04:32,347] [basehttp.py:154] [basehttp:log_message] [WARNING]- "GET /static/js/xlsx/FileSaver.min.js.map HTTP/1.1" 404 1809
[2023-06-26 14:04:32,349] [basehttp.py:154] [basehttp:log_message] [WARNING]- "GET /static/js/axios.min.map HTTP/1.1" 404 1773
[2023-06-26 14:04:34,332] [basehttp.py:154] [basehttp:log_message] [INFO]- "GET /DeviceLNV/BorrowedDeviceLNV/ HTTP/1.1" 200 61648
[2023-06-26 14:04:34,481] [basehttp.py:154] [basehttp:log_message] [INFO]- "GET /favicon.ico HTTP/1.1" 200 21702
[2023-06-26 14:04:35,960] [UserIP.py:87] [UserIP:process_response] [INFO]- 2023-06-26 14:04:35 C1010S3>Cao.Edwin None>LAPTOP-EJP4HNEV>543 127.0.0.1 127.0.0.1 /DeviceLNV/BorrowedDeviceLNV/ POST
[2023-06-26 14:04:35,988] [basehttp.py:154] [basehttp:log_message] [INFO]- "POST /DeviceLNV/BorrowedDeviceLNV/ HTTP/1.1" 200 2145271
[2023-06-26 14:04:36,627] [log.py:228] [log:log_response] [WARNING]- Not Found: /media/DeviceLNV/Device/233.jpg
[2023-06-26 14:04:36,639] [basehttp.py:154] [basehttp:log_message] [WARNING]- "GET /media/DeviceLNV/Device/233.jpg HTTP/1.1" 404 1800
[2023-06-26 14:04:36,639] [log.py:228] [log:log_response] [WARNING]- Not Found: /media/DeviceLNV/Device/2260.jpg
[2023-06-26 14:04:36,656] [basehttp.py:154] [basehttp:log_message] [WARNING]- "GET /media/DeviceLNV/Device/2260.jpg HTTP/1.1" 404 1803
[2023-06-26 14:04:36,657] [log.py:228] [log:log_response] [WARNING]- Not Found: /media/DeviceLNV/Device/2214.jpg
[2023-06-26 14:04:36,667] [log.py:228] [log:log_response] [WARNING]- Not Found: /media/DeviceLNV/Device/1462.jpg
[2023-06-26 14:04:36,668] [basehttp.py:154] [basehttp:log_message] [WARNING]- "GET /media/DeviceLNV/Device/2214.jpg HTTP/1.1" 404 1803
[2023-06-26 14:04:36,678] [log.py:228] [log:log_response] [WARNING]- Not Found: /media/DeviceLNV/Device/2218.jpg
[2023-06-26 14:04:36,678] [basehttp.py:154] [basehttp:log_message] [WARNING]- "GET /media/DeviceLNV/Device/1462.jpg HTTP/1.1" 404 1803
[2023-06-26 14:04:36,691] [basehttp.py:154] [basehttp:log_message] [WARNING]- "GET /media/DeviceLNV/Device/2218.jpg HTTP/1.1" 404 1803
[2023-06-26 14:04:36,699] [log.py:228] [log:log_response] [WARNING]- Not Found: /media/DeviceLNV/Device/244.jpg
[2023-06-26 14:04:36,707] [basehttp.py:154] [basehttp:log_message] [WARNING]- "GET /media/DeviceLNV/Device/244.jpg HTTP/1.1" 404 1800
[2023-06-26 14:04:36,723] [log.py:228] [log:log_response] [WARNING]- Not Found: /media/DeviceLNV/Device/253.jpg
[2023-06-26 14:04:36,737] [basehttp.py:154] [basehttp:log_message] [WARNING]- "GET /media/DeviceLNV/Device/253.jpg HTTP/1.1" 404 1800
[2023-06-26 14:04:36,740] [log.py:228] [log:log_response] [WARNING]- Not Found: /media/DeviceLNV/Device/261.jpg
[2023-06-26 14:04:36,750] [log.py:228] [log:log_response] [WARNING]- Not Found: /media/DeviceLNV/Device/268.jpg
[2023-06-26 14:04:36,753] [basehttp.py:154] [basehttp:log_message] [WARNING]- "GET /media/DeviceLNV/Device/261.jpg HTTP/1.1" 404 1800
[2023-06-26 14:04:36,760] [basehttp.py:154] [basehttp:log_message] [WARNING]- "GET /media/DeviceLNV/Device/268.jpg HTTP/1.1" 404 1800
[2023-06-26 14:04:36,770] [log.py:228] [log:log_response] [WARNING]- Not Found: /media/DeviceLNV/Device/262.jpg
[2023-06-26 14:04:36,775] [log.py:228] [log:log_response] [WARNING]- Not Found: /media/DeviceLNV/Device/266.jpg
[2023-06-26 14:04:36,781] [basehttp.py:154] [basehttp:log_message] [WARNING]- "GET /media/DeviceLNV/Device/266.jpg HTTP/1.1" 404 1800
[2023-06-26 14:04:36,782] [basehttp.py:154] [basehttp:log_message] [WARNING]- "GET /media/DeviceLNV/Device/262.jpg HTTP/1.1" 404 1800
[2023-06-26 14:04:36,783] [log.py:228] [log:log_response] [WARNING]- Not Found: /media/DeviceLNV/Device/269.jpg
[2023-06-26 14:04:36,812] [basehttp.py:154] [basehttp:log_message] [WARNING]- "GET /media/DeviceLNV/Device/269.jpg HTTP/1.1" 404 1800
[2023-06-26 14:04:36,814] [log.py:228] [log:log_response] [WARNING]- Not Found: /media/DeviceLNV/Device/267.jpg
[2023-06-26 14:04:36,824] [log.py:228] [log:log_response] [WARNING]- Not Found: /media/DeviceLNV/Device/2098.jpg
[2023-06-26 14:04:36,833] [basehttp.py:154] [basehttp:log_message] [WARNING]- "GET /media/DeviceLNV/Device/267.jpg HTTP/1.1" 404 1800
[2023-06-26 14:04:36,840] [basehttp.py:154] [basehttp:log_message] [WARNING]- "GET /media/DeviceLNV/Device/2098.jpg HTTP/1.1" 404 1803
[2023-06-26 14:04:36,858] [log.py:228] [log:log_response] [WARNING]- Not Found: /media/DeviceLNV/Device/1292.jpg
[2023-06-26 14:04:36,870] [log.py:228] [log:log_response] [WARNING]- Not Found: /media/DeviceLNV/Device/209.jpg
[2023-06-26 14:04:36,870] [basehttp.py:154] [basehttp:log_message] [WARNING]- "GET /media/DeviceLNV/Device/1292.jpg HTTP/1.1" 404 1803
[2023-06-26 14:04:36,873] [log.py:228] [log:log_response] [WARNING]- Not Found: /media/DeviceLNV/Device/264.jpg
[2023-06-26 14:04:36,885] [basehttp.py:154] [basehttp:log_message] [WARNING]- "GET /media/DeviceLNV/Device/209.jpg HTTP/1.1" 404 1800
[2023-06-26 14:04:36,885] [basehttp.py:154] [basehttp:log_message] [WARNING]- "GET /media/DeviceLNV/Device/264.jpg HTTP/1.1" 404 1800
[2023-06-26 14:04:36,913] [log.py:228] [log:log_response] [WARNING]- Not Found: /media/DeviceLNV/Device/228.jpg
[2023-06-26 14:04:36,922] [log.py:228] [log:log_response] [WARNING]- Not Found: /media/DeviceLNV/Device/2049.jpg
[2023-06-26 14:04:36,926] [basehttp.py:154] [basehttp:log_message] [WARNING]- "GET /media/DeviceLNV/Device/228.jpg HTTP/1.1" 404 1800
[2023-06-26 14:04:36,931] [basehttp.py:154] [basehttp:log_message] [WARNING]- "GET /media/DeviceLNV/Device/2049.jpg HTTP/1.1" 404 1803
[2023-06-26 14:04:36,956] [log.py:228] [log:log_response] [WARNING]- Not Found: /media/DeviceLNV/Device/214.jpg
[2023-06-26 14:04:36,967] [log.py:228] [log:log_response] [WARNING]- Not Found: /media/DeviceLNV/Device/2050.jpg
[2023-06-26 14:04:36,973] [basehttp.py:154] [basehttp:log_message] [WARNING]- "GET /media/DeviceLNV/Device/214.jpg HTTP/1.1" 404 1800
[2023-06-26 14:04:36,974] [log.py:228] [log:log_response] [WARNING]- Not Found: /media/DeviceLNV/Device/1301.jpg
[2023-06-26 14:04:36,975] [basehttp.py:154] [basehttp:log_message] [WARNING]- "GET /media/DeviceLNV/Device/2050.jpg HTTP/1.1" 404 1803
[2023-06-26 14:04:36,981] [basehttp.py:154] [basehttp:log_message] [WARNING]- "GET /media/DeviceLNV/Device/1301.jpg HTTP/1.1" 404 1803
[2023-06-26 14:04:36,985] [log.py:228] [log:log_response] [WARNING]- Not Found: /media/DeviceLNV/Device/1298.jpg
[2023-06-26 14:04:36,998] [basehttp.py:154] [basehttp:log_message] [WARNING]- "GET /media/DeviceLNV/Device/1298.jpg HTTP/1.1" 404 1803
[2023-06-26 14:04:37,006] [log.py:228] [log:log_response] [WARNING]- Not Found: /media/DeviceLNV/Device/259.jpg
[2023-06-26 14:04:37,009] [basehttp.py:154] [basehttp:log_message] [WARNING]- "GET /media/DeviceLNV/Device/259.jpg HTTP/1.1" 404 1800
[2023-06-26 14:04:37,037] [log.py:228] [log:log_response] [WARNING]- Not Found: /media/DeviceLNV/Device/260.jpg
[2023-06-26 14:04:37,053] [basehttp.py:154] [basehttp:log_message] [WARNING]- "GET /media/DeviceLNV/Device/260.jpg HTTP/1.1" 404 1800
[2023-06-26 14:04:37,069] [log.py:228] [log:log_response] [WARNING]- Not Found: /media/DeviceLNV/Device/1294.jpg
[2023-06-26 14:04:37,072] [log.py:228] [log:log_response] [WARNING]- Not Found: /media/DeviceLNV/Device/1296.jpg
[2023-06-26 14:04:37,073] [basehttp.py:154] [basehttp:log_message] [WARNING]- "GET /media/DeviceLNV/Device/1294.jpg HTTP/1.1" 404 1803
[2023-06-26 14:04:37,078] [basehttp.py:154] [basehttp:log_message] [WARNING]- "GET /media/DeviceLNV/Device/1296.jpg HTTP/1.1" 404 1803
[2023-06-26 14:04:37,080] [log.py:228] [log:log_response] [WARNING]- Not Found: /media/DeviceLNV/Device/1383.jpg
[2023-06-26 14:04:37,096] [basehttp.py:154] [basehttp:log_message] [WARNING]- "GET /media/DeviceLNV/Device/1383.jpg HTTP/1.1" 404 1803
[2023-06-26 14:04:37,096] [log.py:228] [log:log_response] [WARNING]- Not Found: /media/DeviceLNV/Device/1297.jpg
[2023-06-26 14:04:37,110] [basehttp.py:154] [basehttp:log_message] [WARNING]- "GET /media/DeviceLNV/Device/1297.jpg HTTP/1.1" 404 1803
[2023-06-26 14:04:37,111] [log.py:228] [log:log_response] [WARNING]- Not Found: /media/DeviceLNV/Device/1302.jpg
[2023-06-26 14:04:37,132] [basehttp.py:154] [basehttp:log_message] [WARNING]- "GET /media/DeviceLNV/Device/1302.jpg HTTP/1.1" 404 1803
[2023-06-26 14:04:37,142] [log.py:228] [log:log_response] [WARNING]- Not Found: /media/DeviceLNV/Device/223.jpg
[2023-06-26 14:04:37,151] [log.py:228] [log:log_response] [WARNING]- Not Found: /media/DeviceLNV/Device/1934.jpg
[2023-06-26 14:04:37,157] [basehttp.py:154] [basehttp:log_message] [WARNING]- "GET /media/DeviceLNV/Device/223.jpg HTTP/1.1" 404 1800
[2023-06-26 14:04:37,159] [log.py:228] [log:log_response] [WARNING]- Not Found: /media/DeviceLNV/Device/2220.jpg
[2023-06-26 14:04:37,170] [basehttp.py:154] [basehttp:log_message] [WARNING]- "GET /media/DeviceLNV/Device/1934.jpg HTTP/1.1" 404 1803
[2023-06-26 14:04:37,188] [basehttp.py:154] [basehttp:log_message] [WARNING]- "GET /media/DeviceLNV/Device/2220.jpg HTTP/1.1" 404 1803
[2023-06-26 14:04:37,195] [log.py:228] [log:log_response] [WARNING]- Not Found: /media/DeviceLNV/Device/246.jpg
[2023-06-26 14:04:37,200] [log.py:228] [log:log_response] [WARNING]- Not Found: /media/DeviceLNV/Device/1460.jpg
[2023-06-26 14:04:37,207] [basehttp.py:154] [basehttp:log_message] [WARNING]- "GET /media/DeviceLNV/Device/1460.jpg HTTP/1.1" 404 1803
[2023-06-26 14:04:37,207] [basehttp.py:154] [basehttp:log_message] [WARNING]- "GET /media/DeviceLNV/Device/246.jpg HTTP/1.1" 404 1800
[2023-06-26 14:04:37,216] [log.py:228] [log:log_response] [WARNING]- Not Found: /media/DeviceLNV/Device/242.jpg
[2023-06-26 14:04:37,230] [basehttp.py:154] [basehttp:log_message] [WARNING]- "GET /media/DeviceLNV/Device/242.jpg HTTP/1.1" 404 1800
[2023-06-26 14:04:37,250] [log.py:228] [log:log_response] [WARNING]- Not Found: /media/DeviceLNV/Device/248.jpg
[2023-06-26 14:04:37,255] [basehttp.py:154] [basehttp:log_message] [WARNING]- "GET /media/DeviceLNV/Device/248.jpg HTTP/1.1" 404 1800
[2023-06-26 14:04:37,276] [log.py:228] [log:log_response] [WARNING]- Not Found: /media/DeviceLNV/Device/251.jpg
[2023-06-26 14:04:37,277] [log.py:228] [log:log_response] [WARNING]- Not Found: /media/DeviceLNV/Device/252.jpg
[2023-06-26 14:04:37,286] [basehttp.py:154] [basehttp:log_message] [WARNING]- "GET /media/DeviceLNV/Device/251.jpg HTTP/1.1" 404 1800
[2023-06-26 14:04:37,297] [basehttp.py:154] [basehttp:log_message] [WARNING]- "GET /media/DeviceLNV/Device/252.jpg HTTP/1.1" 404 1800
[2023-06-26 14:04:37,310] [log.py:228] [log:log_response] [WARNING]- Not Found: /media/DeviceLNV/Device/243.jpg
[2023-06-26 14:04:37,317] [basehttp.py:154] [basehttp:log_message] [WARNING]- "GET /media/DeviceLNV/Device/243.jpg HTTP/1.1" 404 1800
[2023-06-26 14:04:37,318] [log.py:228] [log:log_response] [WARNING]- Not Found: /media/DeviceLNV/Device/250.jpg
[2023-06-26 14:04:37,325] [basehttp.py:154] [basehttp:log_message] [WARNING]- "GET /media/DeviceLNV/Device/250.jpg HTTP/1.1" 404 1800
[2023-06-26 14:04:37,327] [log.py:228] [log:log_response] [WARNING]- Not Found: /media/DeviceLNV/Device/254.jpg
[2023-06-26 14:04:37,336] [log.py:228] [log:log_response] [WARNING]- Not Found: /media/DeviceLNV/Device/1065.jpg
[2023-06-26 14:04:37,342] [basehttp.py:154] [basehttp:log_message] [WARNING]- "GET /media/DeviceLNV/Device/254.jpg HTTP/1.1" 404 1800
[2023-06-26 14:04:37,350] [basehttp.py:154] [basehttp:log_message] [WARNING]- "GET /media/DeviceLNV/Device/1065.jpg HTTP/1.1" 404 1803
[2023-06-26 14:04:37,358] [log.py:228] [log:log_response] [WARNING]- Not Found: /media/DeviceLNV/Device/316.jpg
[2023-06-26 14:04:37,363] [log.py:228] [log:log_response] [WARNING]- Not Found: /media/DeviceLNV/Device/334.jpg
[2023-06-26 14:04:37,368] [basehttp.py:154] [basehttp:log_message] [WARNING]- "GET /media/DeviceLNV/Device/316.jpg HTTP/1.1" 404 1800
[2023-06-26 14:04:37,368] [basehttp.py:154] [basehttp:log_message] [WARNING]- "GET /media/DeviceLNV/Device/334.jpg HTTP/1.1" 404 1800
[2023-06-26 14:04:37,383] [log.py:228] [log:log_response] [WARNING]- Not Found: /media/DeviceLNV/Device/331.jpg
[2023-06-26 14:04:37,388] [basehttp.py:154] [basehttp:log_message] [WARNING]- "GET /media/DeviceLNV/Device/331.jpg HTTP/1.1" 404 1800
[2023-06-26 14:04:37,397] [log.py:228] [log:log_response] [WARNING]- Not Found: /media/DeviceLNV/Device/1046.jpg
[2023-06-26 14:04:37,413] [basehttp.py:154] [basehttp:log_message] [WARNING]- "GET /media/DeviceLNV/Device/1046.jpg HTTP/1.1" 404 1803
[2023-06-26 14:04:37,424] [log.py:228] [log:log_response] [WARNING]- Not Found: /media/DeviceLNV/Device/1492.jpg
[2023-06-26 14:04:37,425] [log.py:228] [log:log_response] [WARNING]- Not Found: /media/DeviceLNV/Device/317.jpg
[2023-06-26 14:04:37,429] [basehttp.py:154] [basehttp:log_message] [WARNING]- "GET /media/DeviceLNV/Device/1492.jpg HTTP/1.1" 404 1803
[2023-06-26 14:04:37,432] [basehttp.py:154] [basehttp:log_message] [WARNING]- "GET /media/DeviceLNV/Device/317.jpg HTTP/1.1" 404 1800
[2023-06-26 14:04:37,443] [log.py:228] [log:log_response] [WARNING]- Not Found: /media/DeviceLNV/Device/344.jpg
[2023-06-26 14:04:37,448] [log.py:228] [log:log_response] [WARNING]- Not Found: /media/DeviceLNV/Device/319.jpg
[2023-06-26 14:04:37,451] [basehttp.py:154] [basehttp:log_message] [WARNING]- "GET /media/DeviceLNV/Device/344.jpg HTTP/1.1" 404 1800
[2023-06-26 14:04:37,460] [basehttp.py:154] [basehttp:log_message] [WARNING]- "GET /media/DeviceLNV/Device/319.jpg HTTP/1.1" 404 1800
[2023-06-26 14:04:37,467] [log.py:228] [log:log_response] [WARNING]- Not Found: /media/DeviceLNV/Device/322.jpg
[2023-06-26 14:04:37,476] [log.py:228] [log:log_response] [WARNING]- Not Found: /media/DeviceLNV/Device/1066.jpg
[2023-06-26 14:04:37,477] [basehttp.py:154] [basehttp:log_message] [WARNING]- "GET /media/DeviceLNV/Device/322.jpg HTTP/1.1" 404 1800
[2023-06-26 14:04:37,498] [basehttp.py:154] [basehttp:log_message] [WARNING]- "GET /media/DeviceLNV/Device/1066.jpg HTTP/1.1" 404 1803
[2023-06-26 14:04:37,503] [log.py:228] [log:log_response] [WARNING]- Not Found: /media/DeviceLNV/Device/345.jpg
[2023-06-26 14:04:37,515] [basehttp.py:154] [basehttp:log_message] [WARNING]- "GET /media/DeviceLNV/Device/345.jpg HTTP/1.1" 404 1800
[2023-06-26 14:04:37,516] [log.py:228] [log:log_response] [WARNING]- Not Found: /media/DeviceLNV/Device/341.jpg
[2023-06-26 14:04:37,518] [log.py:228] [log:log_response] [WARNING]- Not Found: /media/DeviceLNV/Device/337.jpg
[2023-06-26 14:04:37,525] [basehttp.py:154] [basehttp:log_message] [WARNING]- "GET /media/DeviceLNV/Device/341.jpg HTTP/1.1" 404 1800
[2023-06-26 14:04:37,543] [log.py:228] [log:log_response] [WARNING]- Not Found: /media/DeviceLNV/Device/332.jpg
[2023-06-26 14:04:37,543] [basehttp.py:154] [basehttp:log_message] [WARNING]- "GET /media/DeviceLNV/Device/337.jpg HTTP/1.1" 404 1800
[2023-06-26 14:04:37,550] [basehttp.py:154] [basehttp:log_message] [WARNING]- "GET /media/DeviceLNV/Device/332.jpg HTTP/1.1" 404 1800
[2023-06-26 14:04:37,552] [log.py:228] [log:log_response] [WARNING]- Not Found: /media/DeviceLNV/Device/1178.jpg
[2023-06-26 14:04:37,567] [log.py:228] [log:log_response] [WARNING]- Not Found: /media/DeviceLNV/Device/326.jpg
[2023-06-26 14:04:37,568] [basehttp.py:154] [basehttp:log_message] [WARNING]- "GET /media/DeviceLNV/Device/1178.jpg HTTP/1.1" 404 1803
[2023-06-26 14:04:37,573] [basehttp.py:154] [basehttp:log_message] [WARNING]- "GET /media/DeviceLNV/Device/326.jpg HTTP/1.1" 404 1800
[2023-06-26 14:04:37,580] [log.py:228] [log:log_response] [WARNING]- Not Found: /media/DeviceLNV/Device/327.jpg
[2023-06-26 14:04:37,596] [basehttp.py:154] [basehttp:log_message] [WARNING]- "GET /media/DeviceLNV/Device/327.jpg HTTP/1.1" 404 1800
[2023-06-26 14:04:37,631] [log.py:228] [log:log_response] [WARNING]- Not Found: /media/DeviceLNV/Device/324.jpg
[2023-06-26 14:04:37,648] [basehttp.py:154] [basehttp:log_message] [WARNING]- "GET /media/DeviceLNV/Device/324.jpg HTTP/1.1" 404 1800
[2023-06-26 14:04:37,650] [log.py:228] [log:log_response] [WARNING]- Not Found: /media/DeviceLNV/Device/1179.jpg
[2023-06-26 14:04:37,661] [log.py:228] [log:log_response] [WARNING]- Not Found: /media/DeviceLNV/Device/321.jpg
[2023-06-26 14:04:37,667] [basehttp.py:154] [basehttp:log_message] [WARNING]- "GET /media/DeviceLNV/Device/1179.jpg HTTP/1.1" 404 1803
[2023-06-26 14:04:37,669] [basehttp.py:154] [basehttp:log_message] [WARNING]- "GET /media/DeviceLNV/Device/321.jpg HTTP/1.1" 404 1800
[2023-06-26 14:04:37,669] [log.py:228] [log:log_response] [WARNING]- Not Found: /media/DeviceLNV/Device/283.jpg
[2023-06-26 14:04:37,688] [basehttp.py:154] [basehttp:log_message] [WARNING]- "GET /media/DeviceLNV/Device/283.jpg HTTP/1.1" 404 1800
[2023-06-26 14:04:37,690] [log.py:228] [log:log_response] [WARNING]- Not Found: /media/DeviceLNV/Device/292.jpg
[2023-06-26 14:04:37,695] [log.py:228] [log:log_response] [WARNING]- Not Found: /media/DeviceLNV/Device/294.jpg
[2023-06-26 14:04:37,703] [basehttp.py:154] [basehttp:log_message] [WARNING]- "GET /media/DeviceLNV/Device/292.jpg HTTP/1.1" 404 1800
[2023-06-26 14:04:37,703] [basehttp.py:154] [basehttp:log_message] [WARNING]- "GET /media/DeviceLNV/Device/294.jpg HTTP/1.1" 404 1800
[2023-06-26 14:04:37,735] [log.py:228] [log:log_response] [WARNING]- Not Found: /media/DeviceLNV/Device/286.jpg
[2023-06-26 14:04:37,753] [basehttp.py:154] [basehttp:log_message] [WARNING]- "GET /media/DeviceLNV/Device/286.jpg HTTP/1.1" 404 1800
[2023-06-26 14:04:37,778] [log.py:228] [log:log_response] [WARNING]- Not Found: /media/DeviceLNV/Device/1551.jpg
[2023-06-26 14:04:37,785] [log.py:228] [log:log_response] [WARNING]- Not Found: /media/DeviceLNV/Device/1550.jpg
[2023-06-26 14:04:37,792] [log.py:228] [log:log_response] [WARNING]- Not Found: /media/DeviceLNV/Device/375.jpg
[2023-06-26 14:04:37,795] [basehttp.py:154] [basehttp:log_message] [WARNING]- "GET /media/DeviceLNV/Device/1550.jpg HTTP/1.1" 404 1803
[2023-06-26 14:04:37,797] [basehttp.py:154] [basehttp:log_message] [WARNING]- "GET /media/DeviceLNV/Device/1551.jpg HTTP/1.1" 404 1803
[2023-06-26 14:04:37,797] [basehttp.py:154] [basehttp:log_message] [WARNING]- "GET /media/DeviceLNV/Device/375.jpg HTTP/1.1" 404 1800
[2023-06-26 14:04:37,802] [log.py:228] [log:log_response] [WARNING]- Not Found: /media/DeviceLNV/Device/1553.jpg
[2023-06-26 14:04:37,812] [log.py:228] [log:log_response] [WARNING]- Not Found: /media/DeviceLNV/Device/374.jpg
[2023-06-26 14:04:37,814] [basehttp.py:154] [basehttp:log_message] [WARNING]- "GET /media/DeviceLNV/Device/1553.jpg HTTP/1.1" 404 1803
[2023-06-26 14:04:37,825] [basehttp.py:154] [basehttp:log_message] [WARNING]- "GET /media/DeviceLNV/Device/374.jpg HTTP/1.1" 404 1800
[2023-06-26 14:04:37,833] [log.py:228] [log:log_response] [WARNING]- Not Found: /media/DeviceLNV/Device/281.jpg
[2023-06-26 14:04:37,848] [basehttp.py:154] [basehttp:log_message] [WARNING]- "GET /media/DeviceLNV/Device/281.jpg HTTP/1.1" 404 1800
[2023-06-26 14:04:37,885] [log.py:228] [log:log_response] [WARNING]- Not Found: /media/DeviceLNV/Device/373.jpg
[2023-06-26 14:04:37,915] [log.py:228] [log:log_response] [WARNING]- Not Found: /media/DeviceLNV/Device/1044.jpg
[2023-06-26 14:04:37,916] [log.py:228] [log:log_response] [WARNING]- Not Found: /media/DeviceLNV/Device/289.jpg
[2023-06-26 14:04:37,918] [basehttp.py:154] [basehttp:log_message] [WARNING]- "GET /media/DeviceLNV/Device/373.jpg HTTP/1.1" 404 1800
[2023-06-26 14:04:37,921] [log.py:228] [log:log_response] [WARNING]- Not Found: /media/DeviceLNV/Device/1512.jpg
[2023-06-26 14:04:37,923] [basehttp.py:154] [basehttp:log_message] [WARNING]- "GET /media/DeviceLNV/Device/1044.jpg HTTP/1.1" 404 1803
[2023-06-26 14:04:37,925] [basehttp.py:154] [basehttp:log_message] [WARNING]- "GET /media/DeviceLNV/Device/289.jpg HTTP/1.1" 404 1800
[2023-06-26 14:04:37,929] [basehttp.py:154] [basehttp:log_message] [WARNING]- "GET /media/DeviceLNV/Device/1512.jpg HTTP/1.1" 404 1803
[2023-06-26 14:04:37,933] [log.py:228] [log:log_response] [WARNING]- Not Found: /media/DeviceLNV/Device/1461.jpg
[2023-06-26 14:04:37,953] [basehttp.py:154] [basehttp:log_message] [WARNING]- "GET /media/DeviceLNV/Device/1461.jpg HTTP/1.1" 404 1803
[2023-06-26 14:04:37,956] [log.py:228] [log:log_response] [WARNING]- Not Found: /media/DeviceLNV/Device/2047.jpg
[2023-06-26 14:04:37,965] [basehttp.py:154] [basehttp:log_message] [WARNING]- "GET /media/DeviceLNV/Device/2047.jpg HTTP/1.1" 404 1803
[2023-06-26 14:04:38,014] [log.py:228] [log:log_response] [WARNING]- Not Found: /media/DeviceLNV/Device/338.jpg
[2023-06-26 14:04:38,023] [log.py:228] [log:log_response] [WARNING]- Not Found: /media/DeviceLNV/Device/340.jpg
[2023-06-26 14:04:38,025] [log.py:228] [log:log_response] [WARNING]- Not Found: /media/DeviceLNV/Device/339.jpg
[2023-06-26 14:04:38,026] [basehttp.py:154] [basehttp:log_message] [WARNING]- "GET /media/DeviceLNV/Device/338.jpg HTTP/1.1" 404 1800
[2023-06-26 14:04:38,034] [basehttp.py:154] [basehttp:log_message] [WARNING]- "GET /media/DeviceLNV/Device/340.jpg HTTP/1.1" 404 1800
[2023-06-26 14:04:38,035] [log.py:228] [log:log_response] [WARNING]- Not Found: /media/DeviceLNV/Device/1552.jpg
[2023-06-26 14:04:38,038] [basehttp.py:154] [basehttp:log_message] [WARNING]- "GET /media/DeviceLNV/Device/339.jpg HTTP/1.1" 404 1800
[2023-06-26 14:04:38,058] [basehttp.py:154] [basehttp:log_message] [WARNING]- "GET /media/DeviceLNV/Device/1552.jpg HTTP/1.1" 404 1803
[2023-06-26 14:04:38,058] [log.py:228] [log:log_response] [WARNING]- Not Found: /media/DeviceLNV/Device/282.jpg
[2023-06-26 14:04:38,075] [basehttp.py:154] [basehttp:log_message] [WARNING]- "GET /media/DeviceLNV/Device/282.jpg HTTP/1.1" 404 1800
[2023-06-26 14:04:38,086] [log.py:228] [log:log_response] [WARNING]- Not Found: /media/DeviceLNV/Device/304.jpg
[2023-06-26 14:04:38,098] [basehttp.py:154] [basehttp:log_message] [WARNING]- "GET /media/DeviceLNV/Device/304.jpg HTTP/1.1" 404 1800
[2023-06-26 14:04:38,134] [log.py:228] [log:log_response] [WARNING]- Not Found: /media/DeviceLNV/Device/299.jpg
[2023-06-26 14:04:38,136] [log.py:228] [log:log_response] [WARNING]- Not Found: /media/DeviceLNV/Device/307.jpg
[2023-06-26 14:04:38,143] [basehttp.py:154] [basehttp:log_message] [WARNING]- "GET /media/DeviceLNV/Device/299.jpg HTTP/1.1" 404 1800
[2023-06-26 14:04:38,158] [log.py:228] [log:log_response] [WARNING]- Not Found: /media/DeviceLNV/Device/370.jpg
[2023-06-26 14:04:38,159] [basehttp.py:154] [basehttp:log_message] [WARNING]- "GET /media/DeviceLNV/Device/307.jpg HTTP/1.1" 404 1800
[2023-06-26 14:04:38,170] [basehttp.py:154] [basehttp:log_message] [WARNING]- "GET /media/DeviceLNV/Device/370.jpg HTTP/1.1" 404 1800
[2023-06-26 14:04:38,173] [log.py:228] [log:log_response] [WARNING]- Not Found: /media/DeviceLNV/Device/291.jpg
[2023-06-26 14:04:38,186] [log.py:228] [log:log_response] [WARNING]- Not Found: /media/DeviceLNV/Device/290.jpg
[2023-06-26 14:04:38,187] [basehttp.py:154] [basehttp:log_message] [WARNING]- "GET /media/DeviceLNV/Device/291.jpg HTTP/1.1" 404 1800
[2023-06-26 14:04:38,198] [basehttp.py:154] [basehttp:log_message] [WARNING]- "GET /media/DeviceLNV/Device/290.jpg HTTP/1.1" 404 1800
[2023-06-26 14:04:38,212] [log.py:228] [log:log_response] [WARNING]- Not Found: /media/DeviceLNV/Device/296.jpg
[2023-06-26 14:04:38,229] [log.py:228] [log:log_response] [WARNING]- Not Found: /media/DeviceLNV/Device/305.jpg
[2023-06-26 14:04:38,231] [basehttp.py:154] [basehttp:log_message] [WARNING]- "GET /media/DeviceLNV/Device/296.jpg HTTP/1.1" 404 1800
[2023-06-26 14:04:38,238] [basehttp.py:154] [basehttp:log_message] [WARNING]- "GET /media/DeviceLNV/Device/305.jpg HTTP/1.1" 404 1800
[2023-06-26 14:04:38,241] [log.py:228] [log:log_response] [WARNING]- Not Found: /media/DeviceLNV/Device/1177.jpg
[2023-06-26 14:04:38,256] [log.py:228] [log:log_response] [WARNING]- Not Found: /media/DeviceLNV/Device/288.jpg
[2023-06-26 14:04:38,257] [basehttp.py:154] [basehttp:log_message] [WARNING]- "GET /media/DeviceLNV/Device/1177.jpg HTTP/1.1" 404 1803
[2023-06-26 14:04:38,264] [basehttp.py:154] [basehttp:log_message] [WARNING]- "GET /media/DeviceLNV/Device/288.jpg HTTP/1.1" 404 1800
[2023-06-26 14:04:38,265] [log.py:228] [log:log_response] [WARNING]- Not Found: /media/DeviceLNV/Device/2128.jpg
[2023-06-26 14:04:38,269] [basehttp.py:154] [basehttp:log_message] [WARNING]- "GET /media/DeviceLNV/Device/2128.jpg HTTP/1.1" 404 1803
[2023-06-26 14:04:38,272] [log.py:228] [log:log_response] [WARNING]- Not Found: /media/DeviceLNV/Device/2129.jpg
[2023-06-26 14:04:38,285] [basehttp.py:154] [basehttp:log_message] [WARNING]- "GET /media/DeviceLNV/Device/2129.jpg HTTP/1.1" 404 1803
[2023-06-26 14:04:38,291] [log.py:228] [log:log_response] [WARNING]- Not Found: /media/DeviceLNV/Device/295.jpg
[2023-06-26 14:04:38,293] [basehttp.py:154] [basehttp:log_message] [WARNING]- "GET /media/DeviceLNV/Device/295.jpg HTTP/1.1" 404 1800
[2023-06-26 14:04:38,297] [log.py:228] [log:log_response] [WARNING]- Not Found: /media/DeviceLNV/Device/287.jpg
[2023-06-26 14:04:38,299] [basehttp.py:154] [basehttp:log_message] [WARNING]- "GET /media/DeviceLNV/Device/287.jpg HTTP/1.1" 404 1800
[2023-06-26 14:04:50,523] [basehttp.py:154] [basehttp:log_message] [INFO]- "GET /DeviceLNV/BorrowedDeviceLNV/ HTTP/1.1" 200 61648
[2023-06-26 14:04:52,547] [basehttp.py:154] [basehttp:log_message] [INFO]- "GET /DeviceLNV/BorrowedDeviceLNV/ HTTP/1.1" 200 61648
[2023-06-26 14:04:52,563] [basehttp.py:154] [basehttp:log_message] [ERROR]- "GET /DeviceLNV/BorrowedDeviceLNV/ HTTP/1.1" 500 59
[2023-06-26 14:04:54,403] [UserIP.py:87] [UserIP:process_response] [INFO]- 2023-06-26 14:04:54 C1010S3>Cao.Edwin None>LAPTOP-EJP4HNEV>543 127.0.0.1 127.0.0.1 /DeviceLNV/BorrowedDeviceLNV/ POST
[2023-06-26 14:04:54,436] [basehttp.py:154] [basehttp:log_message] [INFO]- "POST /DeviceLNV/BorrowedDeviceLNV/ HTTP/1.1" 200 2145271
[2023-06-26 14:04:54,439] [basehttp.py:154] [basehttp:log_message] [ERROR]- "POST /DeviceLNV/BorrowedDeviceLNV/ HTTP/1.1" 500 59
[2023-06-26 14:06:05,825] [basehttp.py:154] [basehttp:log_message] [INFO]- "GET /media/DeviceLNV/Baoguan/1513_b.jpg HTTP/1.1" 200 215360
