[2021-11-02 11:07:18,311] [basehttp.py:154] [basehttp:log_message] [INFO]- "GET /DeviceLNV/M_Category/ HTTP/1.1" 302 0
[2021-11-02 11:07:18,319] [basehttp.py:154] [basehttp:log_message] [INFO]- "GET /login/ HTTP/1.1" 200 4823
[2021-11-02 11:07:18,389] [basehttp.py:154] [basehttp:log_message] [INFO]- "GET /static/vendor/bootstrap/js/bootstrap.bundle.min.js.map HTTP/1.1" 200 303386
[2021-11-02 11:07:18,419] [basehttp.py:154] [basehttp:log_message] [WARNING]- "GET /static/css/bootstrap.min.css.map HTTP/1.1" 404 1800
[2021-11-02 11:07:18,429] [basehttp.py:154] [basehttp:log_message] [INFO]- "GET /favicon.ico HTTP/1.1" 302 0
[2021-11-02 11:07:18,435] [basehttp.py:154] [basehttp:log_message] [INFO]- "GET /login/ HTTP/1.1" 200 4823
[2021-11-02 11:07:24,063] [basehttp.py:154] [basehttp:log_message] [INFO]- "GET /signin/ HTTP/1.1" 200 5887
[2021-11-02 11:07:24,104] [basehttp.py:154] [basehttp:log_message] [INFO]- "GET /static/vendor/bootstrap/js/bootstrap.bundle.min.js.map HTTP/1.1" 200 303386
[2021-11-02 11:07:24,127] [basehttp.py:154] [basehttp:log_message] [WARNING]- "GET /static/css/bootstrap.min.css.map HTTP/1.1" 404 1800
[2021-11-02 11:07:24,149] [basehttp.py:154] [basehttp:log_message] [INFO]- "GET /favicon.ico HTTP/1.1" 302 0
[2021-11-02 11:07:24,152] [basehttp.py:154] [basehttp:log_message] [INFO]- "GET /login/ HTTP/1.1" 200 4823
[2021-11-02 11:24:33,754] [basehttp.py:154] [basehttp:log_message] [INFO]- "GET /login/ HTTP/1.1" 200 4823
[2021-11-02 11:24:33,801] [basehttp.py:154] [basehttp:log_message] [INFO]- "GET /static/vendor/bootstrap/js/bootstrap.bundle.min.js.map HTTP/1.1" 200 303386
[2021-11-02 11:24:33,827] [basehttp.py:154] [basehttp:log_message] [WARNING]- "GET /static/css/bootstrap.min.css.map HTTP/1.1" 404 1800
[2021-11-02 11:24:33,835] [basehttp.py:154] [basehttp:log_message] [INFO]- "GET /favicon.ico HTTP/1.1" 302 0
[2021-11-02 11:24:33,838] [basehttp.py:154] [basehttp:log_message] [INFO]- "GET /login/ HTTP/1.1" 200 4823
[2021-11-02 11:24:35,074] [UserIP.py:89] [UserIP:process_response] [CRITICAL]- 系统错误
[2021-11-02 11:24:35,100] [basehttp.py:154] [basehttp:log_message] [INFO]- "POST /login/ HTTP/1.1" 302 0
[2021-11-02 11:24:35,173] [basehttp.py:154] [basehttp:log_message] [INFO]- "GET /index/ HTTP/1.1" 200 24980
[2021-11-02 11:24:35,298] [basehttp.py:154] [basehttp:log_message] [INFO]- "GET /index/ HTTP/1.1" 200 24980
[2021-11-02 11:24:35,335] [basehttp.py:154] [basehttp:log_message] [WARNING]- "GET /static/css/bootstrap.min.css.map HTTP/1.1" 404 1800
[2021-11-02 11:24:35,340] [basehttp.py:154] [basehttp:log_message] [WARNING]- "GET /static/js/lib/bootstrap.min.js.map HTTP/1.1" 404 1806
[2021-11-02 11:24:35,460] [basehttp.py:154] [basehttp:log_message] [WARNING]- "GET /static/js/axios.min.map HTTP/1.1" 404 1773
[2021-11-02 11:24:35,461] [basehttp.py:154] [basehttp:log_message] [WARNING]- "GET /static/js/lib/bootstrap.min.js.map HTTP/1.1" 404 1806
[2021-11-02 11:24:35,465] [basehttp.py:154] [basehttp:log_message] [WARNING]- "GET /static/js/xlsx/FileSaver.min.js.map HTTP/1.1" 404 1809
[2021-11-02 11:24:35,591] [UserIP.py:87] [UserIP:process_response] [INFO]- 2021-11-02 11:24:35 C1010S3>cao. edwin None>LAPTOP-VA9VPAO8>417 127.0.0.1 127.0.0.1 /index/ POST
[2021-11-02 11:24:35,602] [basehttp.py:154] [basehttp:log_message] [INFO]- "POST /index/ HTTP/1.1" 200 1360
[2021-11-02 11:24:35,640] [basehttp.py:154] [basehttp:log_message] [INFO]- "GET /media/img/UserInfo/u2393454652578938553fm26gp0.jpg HTTP/1.1" 200 34852
[2021-11-02 11:24:35,677] [basehttp.py:154] [basehttp:log_message] [INFO]- "GET /favicon.ico HTTP/1.1" 200 15904
[2021-11-02 11:24:38,642] [basehttp.py:154] [basehttp:log_message] [INFO]- "GET /admin/ HTTP/1.1" 302 0
[2021-11-02 11:24:38,723] [basehttp.py:154] [basehttp:log_message] [INFO]- "GET /admin/login/?next=/admin/ HTTP/1.1" 200 1821
[2021-11-02 11:24:38,786] [basehttp.py:154] [basehttp:log_message] [INFO]- "GET /favicon.ico HTTP/1.1" 200 15904
[2021-11-02 11:24:43,233] [UserIP.py:89] [UserIP:process_response] [CRITICAL]- 系统错误
[2021-11-02 11:24:43,239] [basehttp.py:154] [basehttp:log_message] [INFO]- "POST /admin/login/?next=/admin/ HTTP/1.1" 302 0
[2021-11-02 11:24:43,278] [basehttp.py:154] [basehttp:log_message] [INFO]- "GET /admin/ HTTP/1.1" 200 19071
[2021-11-02 11:24:43,344] [basehttp.py:154] [basehttp:log_message] [INFO]- "GET /favicon.ico HTTP/1.1" 200 15904
[2021-11-02 11:24:48,801] [basehttp.py:154] [basehttp:log_message] [INFO]- "GET /admin/AdapterPowerCode/adapterpowercodebr/ HTTP/1.1" 200 1717805
[2021-11-02 11:24:48,838] [basehttp.py:154] [basehttp:log_message] [INFO]- "GET /admin/jsi18n/ HTTP/1.1" 200 7684
[2021-11-02 11:24:49,451] [basehttp.py:154] [basehttp:log_message] [INFO]- "GET /favicon.ico HTTP/1.1" 200 15904
[2021-11-02 11:25:16,438] [basehttp.py:154] [basehttp:log_message] [INFO]- "GET /admin/ HTTP/1.1" 200 19071
[2021-11-02 11:25:16,539] [basehttp.py:154] [basehttp:log_message] [INFO]- "GET /favicon.ico HTTP/1.1" 200 15904
[2021-11-02 11:25:23,961] [basehttp.py:154] [basehttp:log_message] [INFO]- "GET /admin/app01/menu/ HTTP/1.1" 200 9642
[2021-11-02 11:25:23,983] [basehttp.py:154] [basehttp:log_message] [INFO]- "GET /admin/jsi18n/ HTTP/1.1" 200 7684
[2021-11-02 11:25:24,046] [basehttp.py:154] [basehttp:log_message] [INFO]- "GET /favicon.ico HTTP/1.1" 200 15904
[2021-11-02 11:25:25,937] [basehttp.py:154] [basehttp:log_message] [INFO]- "GET /admin/app01/menu/1/change/ HTTP/1.1" 200 6431
[2021-11-02 11:25:25,965] [basehttp.py:154] [basehttp:log_message] [INFO]- "GET /admin/jsi18n/ HTTP/1.1" 200 7684
[2021-11-02 11:25:26,013] [basehttp.py:154] [basehttp:log_message] [INFO]- "GET /favicon.ico HTTP/1.1" 200 15904
[2021-11-02 11:25:33,663] [UserIP.py:89] [UserIP:process_response] [CRITICAL]- 系统错误
[2021-11-02 11:25:33,672] [basehttp.py:154] [basehttp:log_message] [INFO]- "POST /admin/app01/menu/1/change/ HTTP/1.1" 302 0
[2021-11-02 11:25:33,728] [basehttp.py:154] [basehttp:log_message] [INFO]- "GET /admin/app01/menu/ HTTP/1.1" 200 9826
[2021-11-02 11:25:33,752] [basehttp.py:154] [basehttp:log_message] [INFO]- "GET /admin/jsi18n/ HTTP/1.1" 200 7684
[2021-11-02 11:25:33,828] [basehttp.py:154] [basehttp:log_message] [INFO]- "GET /favicon.ico HTTP/1.1" 200 15904
[2021-11-02 11:25:39,144] [basehttp.py:154] [basehttp:log_message] [INFO]- "GET /admin/app01/menu/1/change/ HTTP/1.1" 200 6431
[2021-11-02 11:25:39,226] [basehttp.py:154] [basehttp:log_message] [INFO]- "GET /favicon.ico HTTP/1.1" 200 15904
[2021-11-02 11:25:40,128] [basehttp.py:154] [basehttp:log_message] [INFO]- "GET /admin/app01/menu/ HTTP/1.1" 200 9642
[2021-11-02 11:25:40,181] [basehttp.py:154] [basehttp:log_message] [INFO]- "GET /favicon.ico HTTP/1.1" 200 15904
[2021-11-02 11:25:41,622] [basehttp.py:154] [basehttp:log_message] [INFO]- "GET /admin/ HTTP/1.1" 200 19093
[2021-11-02 11:25:41,663] [basehttp.py:154] [basehttp:log_message] [INFO]- "GET /favicon.ico HTTP/1.1" 200 15904
[2021-11-02 11:25:44,089] [basehttp.py:154] [basehttp:log_message] [INFO]- "GET /admin/app01/permission/ HTTP/1.1" 200 23358
[2021-11-02 11:25:44,113] [basehttp.py:154] [basehttp:log_message] [INFO]- "GET /admin/jsi18n/ HTTP/1.1" 200 7684
[2021-11-02 11:25:44,165] [basehttp.py:154] [basehttp:log_message] [INFO]- "GET /favicon.ico HTTP/1.1" 200 15904
[2021-11-02 11:25:59,011] [basehttp.py:154] [basehttp:log_message] [INFO]- "GET /admin/app01/permission/15/change/ HTTP/1.1" 200 7003
[2021-11-02 11:25:59,037] [basehttp.py:154] [basehttp:log_message] [INFO]- "GET /admin/jsi18n/ HTTP/1.1" 200 7684
[2021-11-02 11:25:59,098] [basehttp.py:154] [basehttp:log_message] [INFO]- "GET /favicon.ico HTTP/1.1" 200 15904
[2021-11-02 11:26:20,880] [basehttp.py:154] [basehttp:log_message] [INFO]- "GET /admin/app01/permission/ HTTP/1.1" 200 23358
[2021-11-02 11:26:20,954] [basehttp.py:154] [basehttp:log_message] [INFO]- "GET /favicon.ico HTTP/1.1" 200 15904
[2021-11-02 11:26:29,700] [basehttp.py:154] [basehttp:log_message] [INFO]- "GET /admin/app01/permission/4/change/ HTTP/1.1" 200 7037
[2021-11-02 11:26:29,727] [basehttp.py:154] [basehttp:log_message] [INFO]- "GET /admin/jsi18n/ HTTP/1.1" 200 7684
[2021-11-02 11:26:29,780] [basehttp.py:154] [basehttp:log_message] [INFO]- "GET /favicon.ico HTTP/1.1" 200 15904
[2021-11-02 11:26:40,116] [UserIP.py:89] [UserIP:process_response] [CRITICAL]- 系统错误
[2021-11-02 11:26:40,124] [basehttp.py:154] [basehttp:log_message] [INFO]- "POST /admin/app01/permission/4/change/ HTTP/1.1" 302 0
[2021-11-02 11:26:40,199] [basehttp.py:154] [basehttp:log_message] [INFO]- "GET /admin/app01/permission/ HTTP/1.1" 200 23596
[2021-11-02 11:26:40,227] [basehttp.py:154] [basehttp:log_message] [INFO]- "GET /admin/jsi18n/ HTTP/1.1" 200 7684
[2021-11-02 11:26:40,302] [basehttp.py:154] [basehttp:log_message] [INFO]- "GET /favicon.ico HTTP/1.1" 200 15904
[2021-11-02 11:26:43,341] [basehttp.py:154] [basehttp:log_message] [INFO]- "GET /index/ HTTP/1.1" 200 24980
[2021-11-02 11:26:43,430] [basehttp.py:154] [basehttp:log_message] [INFO]- "GET /index/ HTTP/1.1" 200 24980
[2021-11-02 11:26:43,450] [basehttp.py:154] [basehttp:log_message] [WARNING]- "GET /static/css/bootstrap.min.css.map HTTP/1.1" 404 1800
[2021-11-02 11:26:43,473] [basehttp.py:154] [basehttp:log_message] [WARNING]- "GET /static/js/lib/bootstrap.min.js.map HTTP/1.1" 404 1806
[2021-11-02 11:26:43,537] [basehttp.py:154] [basehttp:log_message] [WARNING]- "GET /static/js/lib/bootstrap.min.js.map HTTP/1.1" 404 1806
[2021-11-02 11:26:43,589] [basehttp.py:154] [basehttp:log_message] [WARNING]- "GET /static/js/axios.min.map HTTP/1.1" 404 1773
[2021-11-02 11:26:43,593] [basehttp.py:154] [basehttp:log_message] [WARNING]- "GET /static/js/xlsx/FileSaver.min.js.map HTTP/1.1" 404 1809
[2021-11-02 11:26:43,699] [UserIP.py:87] [UserIP:process_response] [INFO]- 2021-11-02 11:26:43 C1010S3>cao. edwin None>LAPTOP-VA9VPAO8>417 127.0.0.1 127.0.0.1 /index/ POST
[2021-11-02 11:26:43,708] [basehttp.py:154] [basehttp:log_message] [INFO]- "POST /index/ HTTP/1.1" 200 1360
[2021-11-02 11:26:43,736] [basehttp.py:154] [basehttp:log_message] [INFO]- "GET /media/img/UserInfo/u2393454652578938553fm26gp0.jpg HTTP/1.1" 200 34852
[2021-11-02 11:26:43,760] [basehttp.py:154] [basehttp:log_message] [INFO]- "GET /favicon.ico HTTP/1.1" 200 15904
[2021-11-02 11:26:48,982] [basehttp.py:154] [basehttp:log_message] [INFO]- "GET /logout/ HTTP/1.1" 302 0
[2021-11-02 11:26:48,986] [basehttp.py:154] [basehttp:log_message] [INFO]- "GET /login/ HTTP/1.1" 200 4823
[2021-11-02 11:26:49,031] [basehttp.py:154] [basehttp:log_message] [INFO]- "GET /static/vendor/bootstrap/js/bootstrap.bundle.min.js.map HTTP/1.1" 200 303386
[2021-11-02 11:26:49,060] [basehttp.py:154] [basehttp:log_message] [WARNING]- "GET /static/css/bootstrap.min.css.map HTTP/1.1" 404 1800
[2021-11-02 11:26:49,066] [basehttp.py:154] [basehttp:log_message] [INFO]- "GET /favicon.ico HTTP/1.1" 302 0
[2021-11-02 11:26:49,072] [basehttp.py:154] [basehttp:log_message] [INFO]- "GET /login/ HTTP/1.1" 200 4823
[2021-11-02 11:26:53,892] [UserIP.py:89] [UserIP:process_response] [CRITICAL]- 系统错误
[2021-11-02 11:26:53,901] [basehttp.py:154] [basehttp:log_message] [INFO]- "POST /login/ HTTP/1.1" 302 0
[2021-11-02 11:26:53,930] [basehttp.py:154] [basehttp:log_message] [INFO]- "GET /index/ HTTP/1.1" 200 24973
[2021-11-02 11:26:54,024] [basehttp.py:154] [basehttp:log_message] [INFO]- "GET /index/ HTTP/1.1" 200 24973
[2021-11-02 11:26:54,052] [basehttp.py:154] [basehttp:log_message] [WARNING]- "GET /static/css/bootstrap.min.css.map HTTP/1.1" 404 1800
[2021-11-02 11:26:54,055] [basehttp.py:154] [basehttp:log_message] [WARNING]- "GET /static/js/lib/bootstrap.min.js.map HTTP/1.1" 404 1806
[2021-11-02 11:26:54,167] [basehttp.py:154] [basehttp:log_message] [WARNING]- "GET /static/js/lib/bootstrap.min.js.map HTTP/1.1" 404 1806
[2021-11-02 11:26:54,170] [basehttp.py:154] [basehttp:log_message] [WARNING]- "GET /static/js/axios.min.map HTTP/1.1" 404 1773
[2021-11-02 11:26:54,172] [basehttp.py:154] [basehttp:log_message] [WARNING]- "GET /static/js/xlsx/FileSaver.min.js.map HTTP/1.1" 404 1809
[2021-11-02 11:26:54,249] [UserIP.py:87] [UserIP:process_response] [INFO]- 2021-11-02 11:26:54 C1010S3>cao. edwin None>LAPTOP-VA9VPAO8>417 127.0.0.1 127.0.0.1 /index/ POST
[2021-11-02 11:26:54,267] [basehttp.py:154] [basehttp:log_message] [INFO]- "POST /index/ HTTP/1.1" 200 1360
[2021-11-02 11:26:54,335] [basehttp.py:154] [basehttp:log_message] [INFO]- "GET /favicon.ico HTTP/1.1" 200 15897
[2021-11-02 11:27:41,953] [basehttp.py:154] [basehttp:log_message] [INFO]- "GET /index/ HTTP/1.1" 200 24980
[2021-11-02 11:27:42,040] [basehttp.py:154] [basehttp:log_message] [INFO]- "GET /index/ HTTP/1.1" 200 24980
[2021-11-02 11:27:42,067] [basehttp.py:154] [basehttp:log_message] [WARNING]- "GET /static/css/bootstrap.min.css.map HTTP/1.1" 404 1800
[2021-11-02 11:27:42,077] [basehttp.py:154] [basehttp:log_message] [WARNING]- "GET /static/js/lib/bootstrap.min.js.map HTTP/1.1" 404 1806
[2021-11-02 11:27:42,196] [basehttp.py:154] [basehttp:log_message] [WARNING]- "GET /static/js/lib/bootstrap.min.js.map HTTP/1.1" 404 1806
[2021-11-02 11:27:42,196] [basehttp.py:154] [basehttp:log_message] [WARNING]- "GET /static/js/axios.min.map HTTP/1.1" 404 1773
[2021-11-02 11:27:42,198] [basehttp.py:154] [basehttp:log_message] [WARNING]- "GET /static/js/xlsx/FileSaver.min.js.map HTTP/1.1" 404 1809
[2021-11-02 11:27:42,273] [UserIP.py:87] [UserIP:process_response] [INFO]- 2021-11-02 11:27:42 C1010S3>cao. edwin None>LAPTOP-VA9VPAO8>417 127.0.0.1 127.0.0.1 /index/ POST
[2021-11-02 11:27:42,283] [basehttp.py:154] [basehttp:log_message] [INFO]- "POST /index/ HTTP/1.1" 200 1360
[2021-11-02 11:27:42,321] [basehttp.py:154] [basehttp:log_message] [INFO]- "GET /favicon.ico HTTP/1.1" 200 15904
[2021-11-02 11:45:45,816] [basehttp.py:154] [basehttp:log_message] [INFO]- "GET /admin/ HTTP/1.1" 302 0
[2021-11-02 11:45:45,892] [basehttp.py:154] [basehttp:log_message] [INFO]- "GET /admin/login/?next=/admin/ HTTP/1.1" 200 1821
[2021-11-02 11:45:45,955] [basehttp.py:154] [basehttp:log_message] [INFO]- "GET /favicon.ico HTTP/1.1" 200 15904
[2021-11-02 11:45:50,142] [UserIP.py:89] [UserIP:process_response] [CRITICAL]- 系统错误
[2021-11-02 11:45:50,150] [basehttp.py:154] [basehttp:log_message] [INFO]- "POST /admin/login/?next=/admin/ HTTP/1.1" 302 0
[2021-11-02 11:45:50,200] [basehttp.py:154] [basehttp:log_message] [INFO]- "GET /admin/ HTTP/1.1" 200 19169
[2021-11-02 11:45:50,255] [basehttp.py:154] [basehttp:log_message] [INFO]- "GET /favicon.ico HTTP/1.1" 200 15904
[2021-11-02 11:45:53,759] [basehttp.py:154] [basehttp:log_message] [INFO]- "GET /admin/app01/role/ HTTP/1.1" 200 7201
[2021-11-02 11:45:53,789] [basehttp.py:154] [basehttp:log_message] [INFO]- "GET /admin/jsi18n/ HTTP/1.1" 200 7684
[2021-11-02 11:45:53,849] [basehttp.py:154] [basehttp:log_message] [INFO]- "GET /favicon.ico HTTP/1.1" 200 15904
[2021-11-02 11:45:55,602] [basehttp.py:154] [basehttp:log_message] [INFO]- "GET /admin/app01/role/7/change/ HTTP/1.1" 200 7839
[2021-11-02 11:45:55,630] [basehttp.py:154] [basehttp:log_message] [INFO]- "GET /admin/jsi18n/ HTTP/1.1" 200 7684
[2021-11-02 11:45:55,680] [basehttp.py:154] [basehttp:log_message] [INFO]- "GET /favicon.ico HTTP/1.1" 200 15904
[2021-11-02 11:46:01,410] [UserIP.py:89] [UserIP:process_response] [CRITICAL]- 系统错误
[2021-11-02 11:46:01,417] [basehttp.py:154] [basehttp:log_message] [INFO]- "POST /admin/app01/role/7/change/ HTTP/1.1" 302 0
[2021-11-02 11:46:01,462] [basehttp.py:154] [basehttp:log_message] [INFO]- "GET /admin/app01/role/ HTTP/1.1" 200 7382
[2021-11-02 11:46:01,488] [basehttp.py:154] [basehttp:log_message] [INFO]- "GET /admin/jsi18n/ HTTP/1.1" 200 7684
[2021-11-02 11:46:01,556] [basehttp.py:154] [basehttp:log_message] [INFO]- "GET /favicon.ico HTTP/1.1" 200 15904
[2021-11-02 11:46:02,544] [basehttp.py:154] [basehttp:log_message] [INFO]- "GET /admin/app01/ HTTP/1.1" 200 3731
[2021-11-02 11:46:02,588] [basehttp.py:154] [basehttp:log_message] [INFO]- "GET /favicon.ico HTTP/1.1" 200 15904
[2021-11-02 11:46:04,263] [basehttp.py:154] [basehttp:log_message] [INFO]- "GET /admin/app01/role/ HTTP/1.1" 200 7201
[2021-11-02 11:46:04,295] [basehttp.py:154] [basehttp:log_message] [INFO]- "GET /admin/jsi18n/ HTTP/1.1" 200 7684
[2021-11-02 11:46:04,353] [basehttp.py:154] [basehttp:log_message] [INFO]- "GET /favicon.ico HTTP/1.1" 200 15904
[2021-11-02 11:46:18,964] [basehttp.py:154] [basehttp:log_message] [INFO]- "GET /admin/app01/role/2/change/ HTTP/1.1" 200 7857
[2021-11-02 11:46:18,994] [basehttp.py:154] [basehttp:log_message] [INFO]- "GET /admin/jsi18n/ HTTP/1.1" 200 7684
[2021-11-02 11:46:19,052] [basehttp.py:154] [basehttp:log_message] [INFO]- "GET /favicon.ico HTTP/1.1" 200 15904
[2021-11-02 11:46:35,403] [UserIP.py:89] [UserIP:process_response] [CRITICAL]- 系统错误
[2021-11-02 11:46:35,412] [basehttp.py:154] [basehttp:log_message] [INFO]- "POST /admin/app01/role/2/change/ HTTP/1.1" 302 0
[2021-11-02 11:46:35,463] [basehttp.py:154] [basehttp:log_message] [INFO]- "GET /admin/app01/role/ HTTP/1.1" 200 7382
[2021-11-02 11:46:35,491] [basehttp.py:154] [basehttp:log_message] [INFO]- "GET /admin/jsi18n/ HTTP/1.1" 200 7684
[2021-11-02 11:46:35,552] [basehttp.py:154] [basehttp:log_message] [INFO]- "GET /favicon.ico HTTP/1.1" 200 15904
[2021-11-02 11:47:27,997] [basehttp.py:154] [basehttp:log_message] [INFO]- "GET /index/ HTTP/1.1" 200 24980
[2021-11-02 11:47:28,095] [basehttp.py:154] [basehttp:log_message] [INFO]- "GET /index/ HTTP/1.1" 200 24980
[2021-11-02 11:47:28,128] [basehttp.py:154] [basehttp:log_message] [WARNING]- "GET /static/css/bootstrap.min.css.map HTTP/1.1" 404 1800
[2021-11-02 11:47:28,158] [basehttp.py:154] [basehttp:log_message] [WARNING]- "GET /static/js/lib/bootstrap.min.js.map HTTP/1.1" 404 1806
[2021-11-02 11:47:28,294] [basehttp.py:154] [basehttp:log_message] [WARNING]- "GET /static/js/lib/bootstrap.min.js.map HTTP/1.1" 404 1806
[2021-11-02 11:47:28,294] [basehttp.py:154] [basehttp:log_message] [WARNING]- "GET /static/js/axios.min.map HTTP/1.1" 404 1773
[2021-11-02 11:47:28,296] [basehttp.py:154] [basehttp:log_message] [WARNING]- "GET /static/js/xlsx/FileSaver.min.js.map HTTP/1.1" 404 1809
[2021-11-02 11:47:28,413] [UserIP.py:87] [UserIP:process_response] [INFO]- 2021-11-02 11:47:28 C1010S3>cao. edwin None>LAPTOP-VA9VPAO8>417 127.0.0.1 127.0.0.1 /index/ POST
[2021-11-02 11:47:28,425] [basehttp.py:154] [basehttp:log_message] [INFO]- "POST /index/ HTTP/1.1" 200 1360
[2021-11-02 11:47:28,457] [basehttp.py:154] [basehttp:log_message] [INFO]- "GET /media/img/UserInfo/u2393454652578938553fm26gp0.jpg HTTP/1.1" 200 34852
[2021-11-02 11:47:28,500] [basehttp.py:154] [basehttp:log_message] [INFO]- "GET /favicon.ico HTTP/1.1" 200 15904
[2021-11-02 11:47:45,157] [basehttp.py:154] [basehttp:log_message] [INFO]- "GET /logout/ HTTP/1.1" 302 0
[2021-11-02 11:47:45,159] [basehttp.py:154] [basehttp:log_message] [INFO]- "GET /login/ HTTP/1.1" 200 4823
[2021-11-02 11:47:45,202] [basehttp.py:154] [basehttp:log_message] [INFO]- "GET /static/vendor/bootstrap/js/bootstrap.bundle.min.js.map HTTP/1.1" 200 303386
[2021-11-02 11:47:45,228] [basehttp.py:154] [basehttp:log_message] [WARNING]- "GET /static/css/bootstrap.min.css.map HTTP/1.1" 404 1800
[2021-11-02 11:47:45,239] [basehttp.py:154] [basehttp:log_message] [INFO]- "GET /favicon.ico HTTP/1.1" 302 0
[2021-11-02 11:47:45,257] [basehttp.py:154] [basehttp:log_message] [INFO]- "GET /login/ HTTP/1.1" 200 4823
[2021-11-02 11:47:50,110] [UserIP.py:89] [UserIP:process_response] [CRITICAL]- 系统错误
[2021-11-02 11:47:50,122] [basehttp.py:154] [basehttp:log_message] [INFO]- "POST /login/ HTTP/1.1" 302 0
[2021-11-02 11:47:50,173] [basehttp.py:154] [basehttp:log_message] [INFO]- "GET /index/ HTTP/1.1" 200 24980
[2021-11-02 11:47:50,266] [basehttp.py:154] [basehttp:log_message] [INFO]- "GET /index/ HTTP/1.1" 200 24980
[2021-11-02 11:47:50,292] [basehttp.py:154] [basehttp:log_message] [WARNING]- "GET /static/css/bootstrap.min.css.map HTTP/1.1" 404 1800
[2021-11-02 11:47:50,294] [basehttp.py:154] [basehttp:log_message] [WARNING]- "GET /static/js/lib/bootstrap.min.js.map HTTP/1.1" 404 1806
[2021-11-02 11:47:50,420] [basehttp.py:154] [basehttp:log_message] [WARNING]- "GET /static/js/lib/bootstrap.min.js.map HTTP/1.1" 404 1806
[2021-11-02 11:47:50,421] [basehttp.py:154] [basehttp:log_message] [WARNING]- "GET /static/js/axios.min.map HTTP/1.1" 404 1773
[2021-11-02 11:47:50,423] [basehttp.py:154] [basehttp:log_message] [WARNING]- "GET /static/js/xlsx/FileSaver.min.js.map HTTP/1.1" 404 1809
[2021-11-02 11:47:50,507] [UserIP.py:87] [UserIP:process_response] [INFO]- 2021-11-02 11:47:50 C1010S3>cao. edwin None>LAPTOP-VA9VPAO8>417 127.0.0.1 127.0.0.1 /index/ POST
[2021-11-02 11:47:50,517] [basehttp.py:154] [basehttp:log_message] [INFO]- "POST /index/ HTTP/1.1" 200 1360
[2021-11-02 11:47:50,575] [basehttp.py:154] [basehttp:log_message] [INFO]- "GET /favicon.ico HTTP/1.1" 200 15904
[2021-11-02 12:08:08,185] [basehttp.py:154] [basehttp:log_message] [INFO]- "GET /logout/ HTTP/1.1" 302 0
[2021-11-02 12:08:08,191] [basehttp.py:154] [basehttp:log_message] [INFO]- "GET /login/ HTTP/1.1" 200 4823
[2021-11-02 12:08:08,233] [basehttp.py:154] [basehttp:log_message] [INFO]- "GET /static/vendor/bootstrap/js/bootstrap.bundle.min.js.map HTTP/1.1" 200 303386
[2021-11-02 12:08:08,259] [basehttp.py:154] [basehttp:log_message] [WARNING]- "GET /static/css/bootstrap.min.css.map HTTP/1.1" 404 1800
[2021-11-02 12:08:08,274] [basehttp.py:154] [basehttp:log_message] [INFO]- "GET /favicon.ico HTTP/1.1" 302 0
[2021-11-02 12:08:08,279] [basehttp.py:154] [basehttp:log_message] [INFO]- "GET /login/ HTTP/1.1" 200 4823
[2021-11-02 12:08:10,232] [basehttp.py:154] [basehttp:log_message] [INFO]- "GET /signin/ HTTP/1.1" 200 5910
[2021-11-02 12:08:10,272] [basehttp.py:154] [basehttp:log_message] [INFO]- "GET /static/vendor/bootstrap/js/bootstrap.bundle.min.js.map HTTP/1.1" 200 303386
[2021-11-02 12:08:10,301] [basehttp.py:154] [basehttp:log_message] [WARNING]- "GET /static/css/bootstrap.min.css.map HTTP/1.1" 404 1800
[2021-11-02 12:08:10,307] [basehttp.py:154] [basehttp:log_message] [INFO]- "GET /favicon.ico HTTP/1.1" 302 0
[2021-11-02 12:08:10,315] [basehttp.py:154] [basehttp:log_message] [INFO]- "GET /login/ HTTP/1.1" 200 4823
[2021-11-02 12:09:07,033] [UserIP.py:89] [UserIP:process_response] [CRITICAL]- 系统错误
[2021-11-02 12:09:07,033] [basehttp.py:154] [basehttp:log_message] [INFO]- "POST /signin/ HTTP/1.1" 200 4838
[2021-11-02 12:09:07,065] [basehttp.py:154] [basehttp:log_message] [INFO]- "GET /static/vendor/bootstrap/js/bootstrap.bundle.min.js.map HTTP/1.1" 200 303386
[2021-11-02 12:09:07,128] [basehttp.py:154] [basehttp:log_message] [WARNING]- "GET /static/css/bootstrap.min.css.map HTTP/1.1" 404 1800
[2021-11-02 12:09:07,131] [basehttp.py:154] [basehttp:log_message] [INFO]- "GET /favicon.ico HTTP/1.1" 302 0
[2021-11-02 12:09:07,134] [basehttp.py:154] [basehttp:log_message] [INFO]- "GET /login/ HTTP/1.1" 200 4823
[2021-11-02 13:45:48,681] [UserIP.py:89] [UserIP:process_response] [CRITICAL]- 系统错误
[2021-11-02 13:45:48,697] [basehttp.py:154] [basehttp:log_message] [INFO]- "POST /login/ HTTP/1.1" 302 0
[2021-11-02 13:45:48,762] [basehttp.py:154] [basehttp:log_message] [INFO]- "GET /index/ HTTP/1.1" 200 24980
[2021-11-02 13:45:48,912] [basehttp.py:154] [basehttp:log_message] [INFO]- "GET /index/ HTTP/1.1" 200 24980
[2021-11-02 13:45:48,926] [basehttp.py:154] [basehttp:log_message] [WARNING]- "GET /static/css/bootstrap.min.css.map HTTP/1.1" 404 1800
[2021-11-02 13:45:48,934] [basehttp.py:154] [basehttp:log_message] [WARNING]- "GET /static/js/lib/bootstrap.min.js.map HTTP/1.1" 404 1806
[2021-11-02 13:45:49,049] [basehttp.py:154] [basehttp:log_message] [WARNING]- "GET /static/js/lib/bootstrap.min.js.map HTTP/1.1" 404 1806
[2021-11-02 13:45:49,050] [basehttp.py:154] [basehttp:log_message] [WARNING]- "GET /static/js/axios.min.map HTTP/1.1" 404 1773
[2021-11-02 13:45:49,051] [basehttp.py:154] [basehttp:log_message] [WARNING]- "GET /static/js/xlsx/FileSaver.min.js.map HTTP/1.1" 404 1809
[2021-11-02 13:45:49,165] [UserIP.py:87] [UserIP:process_response] [INFO]- 2021-11-02 13:45:49 C1010S3>cao. edwin None>LAPTOP-VA9VPAO8>417 127.0.0.1 127.0.0.1 /index/ POST
[2021-11-02 13:45:49,175] [basehttp.py:154] [basehttp:log_message] [INFO]- "POST /index/ HTTP/1.1" 200 1360
[2021-11-02 13:45:49,215] [basehttp.py:154] [basehttp:log_message] [INFO]- "GET /media/img/UserInfo/u2393454652578938553fm26gp0.jpg HTTP/1.1" 200 34852
[2021-11-02 13:45:49,241] [basehttp.py:154] [basehttp:log_message] [INFO]- "GET /favicon.ico HTTP/1.1" 200 15904
[2021-11-02 13:46:26,882] [basehttp.py:154] [basehttp:log_message] [INFO]- "GET /DeviceLNV/M_Category/ HTTP/1.1" 200 127358
[2021-11-02 13:46:26,969] [basehttp.py:154] [basehttp:log_message] [INFO]- "GET /DeviceLNV/M_Category/ HTTP/1.1" 200 127358
[2021-11-02 13:46:27,013] [basehttp.py:154] [basehttp:log_message] [WARNING]- "GET /static/css/bootstrap.min.css.map HTTP/1.1" 404 1800
[2021-11-02 13:46:27,017] [basehttp.py:154] [basehttp:log_message] [WARNING]- "GET /static/js/lib/bootstrap.min.js.map HTTP/1.1" 404 1806
[2021-11-02 13:46:27,132] [basehttp.py:154] [basehttp:log_message] [WARNING]- "GET /static/js/axios.min.map HTTP/1.1" 404 1773
[2021-11-02 13:46:27,144] [basehttp.py:154] [basehttp:log_message] [WARNING]- "GET /static/js/xlsx/FileSaver.min.js.map HTTP/1.1" 404 1809
[2021-11-02 13:46:27,541] [UserIP.py:87] [UserIP:process_response] [INFO]- 2021-11-02 13:46:27 C1010S3>cao. edwin None>LAPTOP-VA9VPAO8>417 127.0.0.1 127.0.0.1 /DeviceLNV/M_Category/ POST
[2021-11-02 13:46:27,550] [basehttp.py:154] [basehttp:log_message] [INFO]- "POST /DeviceLNV/M_Category/ HTTP/1.1" 200 1933
[2021-11-02 13:46:27,591] [basehttp.py:154] [basehttp:log_message] [INFO]- "GET /favicon.ico HTTP/1.1" 200 15904
[2021-11-02 13:46:59,080] [basehttp.py:154] [basehttp:log_message] [ERROR]- "POST /DeviceLNV/M_Category/ HTTP/1.1" 500 59
[2021-11-02 13:53:25,153] [UserIP.py:87] [UserIP:process_response] [INFO]- 2021-11-02 13:53:25 C1010S3>cao. edwin None>LAPTOP-VA9VPAO8>417 127.0.0.1 127.0.0.1 /DeviceLNV/M_Category/ POST
[2021-11-02 13:53:25,163] [basehttp.py:154] [basehttp:log_message] [INFO]- "POST /DeviceLNV/M_Category/ HTTP/1.1" 200 330
[2021-11-02 13:54:18,292] [UserIP.py:87] [UserIP:process_response] [INFO]- 2021-11-02 13:54:18 C1010S3>cao. edwin None>LAPTOP-VA9VPAO8>417 127.0.0.1 127.0.0.1 /DeviceLNV/M_Category/ POST
[2021-11-02 13:54:18,299] [basehttp.py:154] [basehttp:log_message] [INFO]- "POST /DeviceLNV/M_Category/ HTTP/1.1" 200 2028
[2021-11-02 13:54:27,813] [basehttp.py:154] [basehttp:log_message] [INFO]- "GET /DeviceLNV/M_Category/ HTTP/1.1" 200 127358
[2021-11-02 13:54:27,900] [basehttp.py:154] [basehttp:log_message] [INFO]- "GET /DeviceLNV/M_Category/ HTTP/1.1" 200 127358
[2021-11-02 13:54:27,956] [basehttp.py:154] [basehttp:log_message] [WARNING]- "GET /static/css/bootstrap.min.css.map HTTP/1.1" 404 1800
[2021-11-02 13:54:27,965] [basehttp.py:154] [basehttp:log_message] [WARNING]- "GET /static/js/lib/bootstrap.min.js.map HTTP/1.1" 404 1806
[2021-11-02 13:54:28,172] [basehttp.py:154] [basehttp:log_message] [WARNING]- "GET /static/js/axios.min.map HTTP/1.1" 404 1773
[2021-11-02 13:54:28,175] [basehttp.py:154] [basehttp:log_message] [WARNING]- "GET /static/js/xlsx/FileSaver.min.js.map HTTP/1.1" 404 1809
[2021-11-02 13:54:28,583] [UserIP.py:87] [UserIP:process_response] [INFO]- 2021-11-02 13:54:28 C1010S3>cao. edwin None>LAPTOP-VA9VPAO8>417 127.0.0.1 127.0.0.1 /DeviceLNV/M_Category/ POST
[2021-11-02 13:54:28,591] [basehttp.py:154] [basehttp:log_message] [INFO]- "POST /DeviceLNV/M_Category/ HTTP/1.1" 200 1933
[2021-11-02 13:54:28,627] [basehttp.py:154] [basehttp:log_message] [INFO]- "GET /favicon.ico HTTP/1.1" 200 15904
[2021-11-02 13:54:32,749] [UserIP.py:87] [UserIP:process_response] [INFO]- 2021-11-02 13:54:32 C1010S3>cao. edwin None>LAPTOP-VA9VPAO8>417 127.0.0.1 127.0.0.1 /DeviceLNV/M_Category/ POST
[2021-11-02 13:54:32,756] [basehttp.py:154] [basehttp:log_message] [INFO]- "POST /DeviceLNV/M_Category/ HTTP/1.1" 200 2028
[2021-11-02 13:54:41,822] [UserIP.py:87] [UserIP:process_response] [INFO]- 2021-11-02 13:54:41 C1010S3>cao. edwin None>LAPTOP-VA9VPAO8>417 127.0.0.1 127.0.0.1 /DeviceLNV/M_Category/ POST
[2021-11-02 13:54:41,832] [basehttp.py:154] [basehttp:log_message] [INFO]- "POST /DeviceLNV/M_Category/ HTTP/1.1" 200 330
[2021-11-02 13:54:46,005] [UserIP.py:87] [UserIP:process_response] [INFO]- 2021-11-02 13:54:46 C1010S3>cao. edwin None>LAPTOP-VA9VPAO8>417 127.0.0.1 127.0.0.1 /DeviceLNV/M_Category/ POST
[2021-11-02 13:54:46,014] [basehttp.py:154] [basehttp:log_message] [INFO]- "POST /DeviceLNV/M_Category/ HTTP/1.1" 200 2028
