[2020-01-04 10:36:00,393] [basehttp.py:154] [basehttp:log_message] [INFO]- "GET / HTTP/1.1" 302 0
[2020-01-04 10:36:00,538] [basehttp.py:154] [basehttp:log_message] [INFO]- "GET /login/ HTTP/1.1" 200 4677
[2020-01-04 10:36:00,813] [basehttp.py:154] [basehttp:log_message] [INFO]- "GET /static/css/bootstrap.min.css HTTP/1.1" 200 144877
[2020-01-04 10:36:01,450] [basehttp.py:154] [basehttp:log_message] [INFO]- "GET /favicon.ico HTTP/1.1" 302 0
[2020-01-04 10:36:01,462] [basehttp.py:154] [basehttp:log_message] [INFO]- "GET /login/ HTTP/1.1" 200 4677
[2020-01-04 10:36:07,632] [basehttp.py:154] [basehttp:log_message] [INFO]- "POST /login/ HTTP/1.1" 302 0
[2020-01-04 10:36:08,139] [basehttp.py:154] [basehttp:log_message] [INFO]- "GET /index/ HTTP/1.1" 200 21900
[2020-01-04 10:36:08,376] [basehttp.py:154] [basehttp:log_message] [INFO]- "GET /static/css/uploadbutton.css HTTP/1.1" 200 175
[2020-01-04 10:36:08,457] [basehttp.py:154] [basehttp:log_message] [INFO]- "GET /static/css/lib/owl.carousel.min.css HTTP/1.1" 200 3011
[2020-01-04 10:36:08,469] [basehttp.py:154] [basehttp:log_message] [INFO]- "GET /static/css/lib/helper.css HTTP/1.1" 200 55773
[2020-01-04 10:36:08,560] [basehttp.py:154] [basehttp:log_message] [INFO]- "GET /static/css/style.css HTTP/1.1" 200 91465
[2020-01-04 10:36:08,603] [basehttp.py:154] [basehttp:log_message] [INFO]- "GET /static/css/lib/calendar2/pignose.calendar.min.css HTTP/1.1" 200 14709
[2020-01-04 10:36:08,635] [basehttp.py:154] [basehttp:log_message] [INFO]- "GET /static/css/lib/font-awesome.min.css HTTP/1.1" 200 38722
[2020-01-04 10:36:08,643] [basehttp.py:154] [basehttp:log_message] [INFO]- "GET /static/css/lib/chartist/chartist.min.css HTTP/1.1" 200 11508
[2020-01-04 10:36:08,700] [basehttp.py:154] [basehttp:log_message] [INFO]- "GET /static/css/lib/owl.theme.default.min.css HTTP/1.1" 200 1003
[2020-01-04 10:36:08,769] [basehttp.py:154] [basehttp:log_message] [INFO]- "GET /static/download_UPK/element-ui@2.12.0/lib/theme-chalk/index.css HTTP/1.1" 200 232694
[2020-01-04 10:36:08,827] [basehttp.py:154] [basehttp:log_message] [INFO]- "GET /static/css/lib/themify-icons.css HTTP/1.1" 200 17551
[2020-01-04 10:36:08,865] [basehttp.py:154] [basehttp:log_message] [INFO]- "GET /static/css/lib/weather-icons.css HTTP/1.1" 200 30752
[2020-01-04 10:36:08,921] [basehttp.py:154] [basehttp:log_message] [INFO]- "GET /static/src/back/mail.png HTTP/1.1" 200 3002
[2020-01-04 10:36:08,934] [basehttp.py:154] [basehttp:log_message] [INFO]- "GET /static/css/lib/menubar/sidebar.css HTTP/1.1" 200 17210
[2020-01-04 10:36:09,305] [basehttp.py:154] [basehttp:log_message] [INFO]- "GET /static/js/date.js HTTP/1.1" 304 0
[2020-01-04 10:36:09,485] [basehttp.py:154] [basehttp:log_message] [INFO]- "GET /static/src/back/call.png HTTP/1.1" 200 1850
[2020-01-04 10:36:09,577] [basehttp.py:154] [basehttp:log_message] [INFO]- "GET /static/js/xlsx/xlsx.js HTTP/1.1" 200 4975
[2020-01-04 10:36:09,649] [basehttp.py:154] [basehttp:log_message] [INFO]- "GET /static/vendor/datatables/jquery.dataTables.js HTTP/1.1" 200 447606
[2020-01-04 10:36:09,804] [basehttp.py:154] [basehttp:log_message] [INFO]- "GET /static/css/admin/assets/fonts/themify.woff?-fvbane HTTP/1.1" 200 0
[2020-01-04 10:36:10,271] [basehttp.py:154] [basehttp:log_message] [INFO]- "GET /static/css/admin/assets/fonts/themify.ttf?-fvbane HTTP/1.1" 200 0
[2020-01-04 10:36:10,523] [basehttp.py:154] [basehttp:log_message] [INFO]- "GET /static/js/xlsx/xlsx.core.min.js HTTP/1.1" 200 480558
[2020-01-04 10:36:11,028] [basehttp.py:154] [basehttp:log_message] [INFO]- "GET /favicon.ico HTTP/1.1" 200 14922
[2020-01-04 10:36:17,276] [basehttp.py:154] [basehttp:log_message] [INFO]- "GET /TestPlanSW/TestPlanSW-search/ HTTP/1.1" 200 44784
[2020-01-04 10:36:17,406] [basehttp.py:154] [basehttp:log_message] [INFO]- "GET /static/css/bouncing_edit.css HTTP/1.1" 200 6053
[2020-01-04 10:36:17,408] [basehttp.py:154] [basehttp:log_message] [INFO]- "GET /static/css/bouncing.css HTTP/1.1" 200 2137
[2020-01-04 10:36:17,438] [basehttp.py:154] [basehttp:log_message] [INFO]- "GET /static/css/ElementUI.css HTTP/1.1" 200 232696
[2020-01-04 10:36:17,814] [basehttp.py:154] [basehttp:log_message] [INFO]- "GET /static/js/axios.min.js HTTP/1.1" 304 0
[2020-01-04 10:36:18,094] [basehttp.py:154] [basehttp:log_message] [INFO]- "GET /static/js/es6/polyfill.min.js HTTP/1.1" 200 97799
[2020-01-04 10:36:18,118] [basehttp.py:154] [basehttp:log_message] [INFO]- "GET /static/js/xlsx/FileSaver.min.js HTTP/1.1" 200 2611
[2020-01-04 10:36:18,263] [basehttp.py:154] [basehttp:log_message] [INFO]- "GET /static/js/qs.js HTTP/1.1" 200 25398
[2020-01-04 10:36:18,337] [basehttp.py:154] [basehttp:log_message] [INFO]- "GET /static/js/vue.min.js HTTP/1.1" 200 93675
[2020-01-04 10:36:18,410] [basehttp.py:154] [basehttp:log_message] [INFO]- "GET /static/js/Element/table.js HTTP/1.1" 200 28389
[2020-01-04 10:36:18,419] [basehttp.py:154] [basehttp:log_message] [INFO]- "GET /static/js/Element/main.js HTTP/1.1" 200 8726
[2020-01-04 10:36:18,428] [basehttp.py:154] [basehttp:log_message] [INFO]- "GET /static/js/Element/input.js HTTP/1.1" 200 29207
[2020-01-04 10:36:18,442] [basehttp.py:154] [basehttp:log_message] [INFO]- "GET /static/js/Element/icon.js HTTP/1.1" 200 8700
[2020-01-04 10:36:18,470] [basehttp.py:154] [basehttp:log_message] [INFO]- "GET /static/js/Element/table-column.js HTTP/1.1" 200 28341
[2020-01-04 10:36:19,123] [basehttp.py:154] [basehttp:log_message] [INFO]- "GET /static/js/es6/babel.min.js HTTP/1.1" 200 791258
[2020-01-04 10:36:19,310] [basehttp.py:154] [basehttp:log_message] [INFO]- "GET /static/js/Element/index.js HTTP/1.1" 200 563790
[2020-01-04 10:36:21,281] [basehttp.py:154] [basehttp:log_message] [INFO]- "GET /TestPlanME/TestPlanME-search/?action=get HTTP/1.1" 200 222
[2020-01-04 10:36:21,404] [basehttp.py:154] [basehttp:log_message] [INFO]- "GET /static/css/fonts/element-icons.ttf HTTP/1.1" 200 55956
[2020-01-04 10:36:21,600] [basehttp.py:154] [basehttp:log_message] [INFO]- "GET /favicon.ico HTTP/1.1" 200 14922
[2020-01-04 10:36:39,334] [basehttp.py:154] [basehttp:log_message] [INFO]- "GET /TestPlanME/TestPlanME-search/?action=search&customer=C38(NB)&project=EL532&phase=0 HTTP/1.1" 200 18965
[2020-01-04 12:14:28,938] [basehttp.py:154] [basehttp:log_message] [INFO]- "GET /TestPlanME/TestPlanME-search/?action=search&customer=C38(NB)&project=EL532&phase=2 HTTP/1.1" 200 19180
[2020-01-04 14:04:32,676] [basehttp.py:154] [basehttp:log_message] [INFO]- "GET /TestPlanSW/TestPlanSW-edit/ HTTP/1.1" 200 78592
[2020-01-04 14:04:33,441] [log.py:228] [log:log_response] [WARNING]- Not Found: /static/js/Element/message-box.js
[2020-01-04 14:04:33,442] [basehttp.py:154] [basehttp:log_message] [WARNING]- "GET /static/js/Element/message-box.js HTTP/1.1" 404 77
[2020-01-04 14:04:33,647] [basehttp.py:154] [basehttp:log_message] [INFO]- "GET /static/js/Element/tooltip.js HTTP/1.1" 200 8439
[2020-01-04 14:04:35,861] [log.py:228] [log:log_response] [WARNING]- Not Found: /static/js/Element/message-box.js
[2020-01-04 14:04:35,862] [basehttp.py:154] [basehttp:log_message] [WARNING]- "GET /static/js/Element/message-box.js HTTP/1.1" 404 77
[2020-01-04 14:04:39,262] [basehttp.py:154] [basehttp:log_message] [INFO]- "GET /TestPlanSW-edit/?action=first HTTP/1.1" 200 14922
[2020-01-04 14:04:39,865] [basehttp.py:154] [basehttp:log_message] [INFO]- "GET /favicon.ico HTTP/1.1" 200 14922
[2020-01-04 14:06:41,310] [basehttp.py:154] [basehttp:log_message] [INFO]- "GET /TestPlanSW/TestPlanSW-edit/ HTTP/1.1" 200 78592
[2020-01-04 14:06:41,461] [log.py:228] [log:log_response] [WARNING]- Not Found: /static/js/Element/message-box.js
[2020-01-04 14:06:41,462] [basehttp.py:154] [basehttp:log_message] [WARNING]- "GET /static/js/Element/message-box.js HTTP/1.1" 404 77
[2020-01-04 14:06:41,567] [basehttp.py:154] [basehttp:log_message] [INFO]- "GET /static/css/bootstrap.min.css HTTP/1.1" 200 144877
[2020-01-04 14:06:43,293] [log.py:228] [log:log_response] [WARNING]- Not Found: /static/js/Element/message-box.js
[2020-01-04 14:06:43,294] [basehttp.py:154] [basehttp:log_message] [WARNING]- "GET /static/js/Element/message-box.js HTTP/1.1" 404 77
[2020-01-04 14:06:46,131] [basehttp.py:154] [basehttp:log_message] [INFO]- "GET /TestPlanSW-edit/?action=first HTTP/1.1" 200 14922
[2020-01-04 14:06:46,649] [basehttp.py:154] [basehttp:log_message] [INFO]- "GET /favicon.ico HTTP/1.1" 200 14922
[2020-01-04 14:06:53,664] [basehttp.py:154] [basehttp:log_message] [INFO]- "GET /TestPlanSW/TestPlanSW-search/ HTTP/1.1" 200 44784
[2020-01-04 14:06:56,095] [basehttp.py:154] [basehttp:log_message] [INFO]- "GET /TestPlanME/TestPlanME-search/?action=get HTTP/1.1" 200 222
[2020-01-04 14:06:56,180] [basehttp.py:154] [basehttp:log_message] [INFO]- "GET /favicon.ico HTTP/1.1" 200 14922
[2020-01-04 14:07:02,164] [basehttp.py:154] [basehttp:log_message] [INFO]- "GET /TestPlanSW/TestPlanSW-edit/ HTTP/1.1" 200 78592
[2020-01-04 14:07:02,330] [log.py:228] [log:log_response] [WARNING]- Not Found: /static/js/Element/message-box.js
[2020-01-04 14:07:02,331] [basehttp.py:154] [basehttp:log_message] [WARNING]- "GET /static/js/Element/message-box.js HTTP/1.1" 404 77
[2020-01-04 14:07:05,600] [basehttp.py:154] [basehttp:log_message] [INFO]- "GET /TestPlanSW-edit/?action=first HTTP/1.1" 200 14922
[2020-01-04 14:07:06,328] [basehttp.py:154] [basehttp:log_message] [INFO]- "GET /favicon.ico HTTP/1.1" 200 14922
