[2022-02-23 13:09:05,551] [basehttp.py:154] [basehttp:log_message] [INFO]- "GET /ComputerMS/R_Borrowed/ HTTP/1.1" 200 35432
[2022-02-23 13:09:05,658] [basehttp.py:154] [basehttp:log_message] [INFO]- "GET /ComputerMS/R_Borrowed/ HTTP/1.1" 200 35432
[2022-02-23 13:09:05,672] [basehttp.py:154] [basehttp:log_message] [WARNING]- "GET /static/css/bootstrap.min.css.map HTTP/1.1" 404 1800
[2022-02-23 13:09:05,701] [basehttp.py:154] [basehttp:log_message] [WARNING]- "GET /static/js/lib/bootstrap.min.js.map HTTP/1.1" 404 1806
[2022-02-23 13:09:05,882] [basehttp.py:154] [basehttp:log_message] [WARNING]- "GET /static/js/axios.min.map HTTP/1.1" 404 1773
[2022-02-23 13:09:06,026] [UserIP.py:87] [UserIP:process_response] [INFO]- 2022-02-23 13:09:06 C1010S3>cao. edwin None>LAPTOP-VA9VPAO8>417 127.0.0.1 127.0.0.1 /ComputerMS/R_Borrowed/ POST
[2022-02-23 13:09:06,039] [basehttp.py:154] [basehttp:log_message] [INFO]- "POST /ComputerMS/R_Borrowed/ HTTP/1.1" 200 1252
[2022-02-23 13:09:06,103] [basehttp.py:154] [basehttp:log_message] [INFO]- "GET /favicon.ico HTTP/1.1" 200 20078
[2022-02-23 13:09:11,540] [basehttp.py:154] [basehttp:log_message] [INFO]- "GET /login/ HTTP/1.1" 302 0
[2022-02-23 13:09:11,597] [basehttp.py:154] [basehttp:log_message] [INFO]- "GET /AdapterPowerCode/BorrowedAdapter/ HTTP/1.1" 200 40672
[2022-02-23 13:09:11,672] [basehttp.py:154] [basehttp:log_message] [INFO]- "GET /AdapterPowerCode/BorrowedAdapter/ HTTP/1.1" 200 40672
[2022-02-23 13:09:11,695] [basehttp.py:154] [basehttp:log_message] [WARNING]- "GET /static/css/bootstrap.min.css.map HTTP/1.1" 404 1800
[2022-02-23 13:09:11,731] [basehttp.py:154] [basehttp:log_message] [WARNING]- "GET /static/js/lib/bootstrap.min.js.map HTTP/1.1" 404 1806
[2022-02-23 13:09:11,917] [basehttp.py:154] [basehttp:log_message] [WARNING]- "GET /static/js/axios.min.map HTTP/1.1" 404 1773
[2022-02-23 13:09:11,919] [basehttp.py:154] [basehttp:log_message] [WARNING]- "GET /static/js/xlsx/FileSaver.min.js.map HTTP/1.1" 404 1809
[2022-02-23 13:09:12,160] [basehttp.py:154] [basehttp:log_message] [INFO]- "GET /favicon.ico HTTP/1.1" 200 20078
[2022-02-23 13:09:12,504] [UserIP.py:87] [UserIP:process_response] [INFO]- 2022-02-23 13:09:12 C1010S3>cao. edwin None>LAPTOP-VA9VPAO8>417 127.0.0.1 127.0.0.1 /AdapterPowerCode/BorrowedAdapter/ POST
[2022-02-23 13:09:12,513] [basehttp.py:154] [basehttp:log_message] [INFO]- "POST /AdapterPowerCode/BorrowedAdapter/ HTTP/1.1" 200 426907
[2022-02-23 13:09:21,847] [basehttp.py:154] [basehttp:log_message] [INFO]- "GET /logout/ HTTP/1.1" 302 0
[2022-02-23 13:09:21,850] [basehttp.py:154] [basehttp:log_message] [INFO]- "GET /login/ HTTP/1.1" 200 4823
[2022-02-23 13:09:21,906] [basehttp.py:154] [basehttp:log_message] [WARNING]- "GET /static/css/bootstrap.min.css.map HTTP/1.1" 404 1800
[2022-02-23 13:09:21,918] [basehttp.py:154] [basehttp:log_message] [INFO]- "GET /static/vendor/bootstrap/js/bootstrap.bundle.min.js.map HTTP/1.1" 200 303386
[2022-02-23 13:09:21,922] [basehttp.py:154] [basehttp:log_message] [INFO]- "GET /favicon.ico HTTP/1.1" 302 0
[2022-02-23 13:09:21,925] [basehttp.py:154] [basehttp:log_message] [INFO]- "GET /login/ HTTP/1.1" 200 4823
[2022-02-23 13:09:24,005] [basehttp.py:154] [basehttp:log_message] [INFO]- "GET /signin HTTP/1.1" 301 0
[2022-02-23 13:09:24,008] [basehttp.py:154] [basehttp:log_message] [INFO]- "GET /signin/ HTTP/1.1" 200 5938
[2022-02-23 13:09:24,053] [basehttp.py:154] [basehttp:log_message] [WARNING]- "GET /static/css/bootstrap.min.css.map HTTP/1.1" 404 1800
[2022-02-23 13:09:24,074] [basehttp.py:154] [basehttp:log_message] [INFO]- "GET /static/vendor/bootstrap/js/bootstrap.bundle.min.js.map HTTP/1.1" 200 303386
[2022-02-23 13:09:24,078] [basehttp.py:154] [basehttp:log_message] [INFO]- "GET /favicon.ico HTTP/1.1" 302 0
[2022-02-23 13:09:24,084] [basehttp.py:154] [basehttp:log_message] [INFO]- "GET /login/ HTTP/1.1" 200 4823
[2022-02-23 13:09:27,632] [basehttp.py:154] [basehttp:log_message] [INFO]- "GET /signin/ HTTP/1.1" 200 5938
[2022-02-23 13:09:27,653] [basehttp.py:154] [basehttp:log_message] [INFO]- "GET /static/vendor/bootstrap/js/bootstrap.bundle.min.js.map HTTP/1.1" 200 303386
[2022-02-23 13:09:27,684] [basehttp.py:154] [basehttp:log_message] [WARNING]- "GET /static/css/bootstrap.min.css.map HTTP/1.1" 404 1800
[2022-02-23 13:09:27,687] [basehttp.py:154] [basehttp:log_message] [INFO]- "GET /favicon.ico HTTP/1.1" 302 0
[2022-02-23 13:09:27,689] [basehttp.py:154] [basehttp:log_message] [INFO]- "GET /login/ HTTP/1.1" 200 4823
[2022-02-23 13:09:43,784] [basehttp.py:154] [basehttp:log_message] [INFO]- "GET /signin/ HTTP/1.1" 200 5893
[2022-02-23 13:09:43,807] [basehttp.py:154] [basehttp:log_message] [INFO]- "GET /static/vendor/bootstrap/js/bootstrap.bundle.min.js.map HTTP/1.1" 200 303386
[2022-02-23 13:09:43,837] [basehttp.py:154] [basehttp:log_message] [WARNING]- "GET /static/css/bootstrap.min.css.map HTTP/1.1" 404 1800
[2022-02-23 13:09:43,840] [basehttp.py:154] [basehttp:log_message] [INFO]- "GET /favicon.ico HTTP/1.1" 302 0
[2022-02-23 13:09:43,843] [basehttp.py:154] [basehttp:log_message] [INFO]- "GET /login/ HTTP/1.1" 200 4823
[2022-02-23 13:09:44,742] [basehttp.py:154] [basehttp:log_message] [INFO]- "GET /signin/ HTTP/1.1" 200 5893
[2022-02-23 13:09:44,759] [basehttp.py:154] [basehttp:log_message] [INFO]- "GET /static/vendor/bootstrap/js/bootstrap.bundle.min.js.map HTTP/1.1" 200 303386
[2022-02-23 13:09:44,781] [basehttp.py:154] [basehttp:log_message] [WARNING]- "GET /static/css/bootstrap.min.css.map HTTP/1.1" 404 1800
[2022-02-23 13:09:44,789] [basehttp.py:154] [basehttp:log_message] [INFO]- "GET /favicon.ico HTTP/1.1" 302 0
[2022-02-23 13:09:44,791] [basehttp.py:154] [basehttp:log_message] [INFO]- "GET /login/ HTTP/1.1" 200 4823
[2022-02-23 13:39:07,689] [basehttp.py:154] [basehttp:log_message] [INFO]- "GET /signin/ HTTP/1.1" 200 5949
[2022-02-23 13:39:07,716] [basehttp.py:154] [basehttp:log_message] [INFO]- "GET /static/vendor/bootstrap/js/bootstrap.bundle.min.js.map HTTP/1.1" 200 303386
[2022-02-23 13:39:07,741] [basehttp.py:154] [basehttp:log_message] [WARNING]- "GET /static/css/bootstrap.min.css.map HTTP/1.1" 404 1800
[2022-02-23 13:39:07,745] [basehttp.py:154] [basehttp:log_message] [INFO]- "GET /favicon.ico HTTP/1.1" 302 0
[2022-02-23 13:39:07,751] [basehttp.py:154] [basehttp:log_message] [INFO]- "GET /login/ HTTP/1.1" 200 4823
[2022-02-23 13:43:21,272] [basehttp.py:154] [basehttp:log_message] [INFO]- "GET /signin/ HTTP/1.1" 200 5949
[2022-02-23 13:43:21,296] [basehttp.py:154] [basehttp:log_message] [INFO]- "GET /static/vendor/bootstrap/js/bootstrap.bundle.min.js.map HTTP/1.1" 200 303386
[2022-02-23 13:43:21,324] [basehttp.py:154] [basehttp:log_message] [WARNING]- "GET /static/css/bootstrap.min.css.map HTTP/1.1" 404 1800
[2022-02-23 13:43:21,331] [basehttp.py:154] [basehttp:log_message] [INFO]- "GET /favicon.ico HTTP/1.1" 302 0
[2022-02-23 13:43:21,334] [basehttp.py:154] [basehttp:log_message] [INFO]- "GET /login/ HTTP/1.1" 200 4823
[2022-02-23 13:43:48,720] [UserIP.py:89] [UserIP:process_response] [CRITICAL]- 系统错误
[2022-02-23 13:43:48,720] [basehttp.py:154] [basehttp:log_message] [INFO]- "POST /signin/ HTTP/1.1" 200 5967
[2022-02-23 13:43:48,739] [basehttp.py:154] [basehttp:log_message] [INFO]- "GET /static/vendor/bootstrap/js/bootstrap.bundle.min.js.map HTTP/1.1" 200 303386
[2022-02-23 13:43:48,768] [basehttp.py:154] [basehttp:log_message] [INFO]- "GET /favicon.ico HTTP/1.1" 302 0
[2022-02-23 13:43:48,769] [basehttp.py:154] [basehttp:log_message] [WARNING]- "GET /static/css/bootstrap.min.css.map HTTP/1.1" 404 1800
[2022-02-23 13:43:48,772] [basehttp.py:154] [basehttp:log_message] [INFO]- "GET /login/ HTTP/1.1" 200 4823
[2022-02-23 13:44:12,463] [UserIP.py:89] [UserIP:process_response] [CRITICAL]- 系统错误
[2022-02-23 13:44:12,465] [basehttp.py:154] [basehttp:log_message] [INFO]- "POST /signin/ HTTP/1.1" 200 4838
[2022-02-23 13:44:12,487] [basehttp.py:154] [basehttp:log_message] [INFO]- "GET /static/vendor/bootstrap/js/bootstrap.bundle.min.js.map HTTP/1.1" 200 303386
[2022-02-23 13:44:12,508] [basehttp.py:154] [basehttp:log_message] [WARNING]- "GET /static/css/bootstrap.min.css.map HTTP/1.1" 404 1800
[2022-02-23 13:44:12,510] [basehttp.py:154] [basehttp:log_message] [INFO]- "GET /favicon.ico HTTP/1.1" 302 0
[2022-02-23 13:44:12,517] [basehttp.py:154] [basehttp:log_message] [INFO]- "GET /login/ HTTP/1.1" 200 4823
[2022-02-23 13:44:25,654] [basehttp.py:154] [basehttp:log_message] [INFO]- "GET /admin/ HTTP/1.1" 302 0
[2022-02-23 13:44:25,752] [basehttp.py:154] [basehttp:log_message] [INFO]- "GET /admin/login/?next=/admin/ HTTP/1.1" 200 1821
[2022-02-23 13:44:25,771] [basehttp.py:154] [basehttp:log_message] [INFO]- "GET /favicon.ico HTTP/1.1" 302 0
[2022-02-23 13:44:25,773] [basehttp.py:154] [basehttp:log_message] [INFO]- "GET /login/ HTTP/1.1" 200 4823
[2022-02-23 13:44:27,833] [UserIP.py:89] [UserIP:process_response] [CRITICAL]- 系统错误
[2022-02-23 13:44:27,844] [basehttp.py:154] [basehttp:log_message] [INFO]- "POST /admin/login/?next=/admin/ HTTP/1.1" 302 0
[2022-02-23 13:44:27,895] [basehttp.py:154] [basehttp:log_message] [INFO]- "GET /admin/ HTTP/1.1" 200 21433
[2022-02-23 13:44:27,946] [basehttp.py:154] [basehttp:log_message] [INFO]- "GET /favicon.ico HTTP/1.1" 302 0
[2022-02-23 13:44:27,978] [basehttp.py:154] [basehttp:log_message] [INFO]- "GET /login/ HTTP/1.1" 200 4823
[2022-02-23 13:44:31,342] [basehttp.py:154] [basehttp:log_message] [INFO]- "GET /admin/app01/userinfo/ HTTP/1.1" 200 13523
[2022-02-23 13:44:31,377] [basehttp.py:154] [basehttp:log_message] [INFO]- "GET /admin/jsi18n/ HTTP/1.1" 200 7684
[2022-02-23 13:44:31,423] [basehttp.py:154] [basehttp:log_message] [INFO]- "GET /favicon.ico HTTP/1.1" 302 0
[2022-02-23 13:44:31,457] [basehttp.py:154] [basehttp:log_message] [INFO]- "GET /login/ HTTP/1.1" 200 4823
[2022-02-23 13:44:51,703] [UserIP.py:89] [UserIP:process_response] [CRITICAL]- 系统错误
[2022-02-23 13:44:51,712] [basehttp.py:154] [basehttp:log_message] [INFO]- "POST /admin/app01/userinfo/ HTTP/1.1" 200 3325
[2022-02-23 13:44:51,775] [basehttp.py:154] [basehttp:log_message] [INFO]- "GET /favicon.ico HTTP/1.1" 302 0
[2022-02-23 13:44:51,803] [basehttp.py:154] [basehttp:log_message] [INFO]- "GET /login/ HTTP/1.1" 200 4823
[2022-02-23 13:44:52,728] [UserIP.py:89] [UserIP:process_response] [CRITICAL]- 系统错误
[2022-02-23 13:44:52,737] [basehttp.py:154] [basehttp:log_message] [INFO]- "POST /admin/app01/userinfo/ HTTP/1.1" 302 0
[2022-02-23 13:44:52,800] [basehttp.py:154] [basehttp:log_message] [INFO]- "GET /admin/app01/userinfo/ HTTP/1.1" 200 12705
[2022-02-23 13:44:52,819] [basehttp.py:154] [basehttp:log_message] [INFO]- "GET /admin/jsi18n/ HTTP/1.1" 200 7684
[2022-02-23 13:44:52,850] [basehttp.py:154] [basehttp:log_message] [INFO]- "GET /favicon.ico HTTP/1.1" 302 0
[2022-02-23 13:44:52,875] [basehttp.py:154] [basehttp:log_message] [INFO]- "GET /login/ HTTP/1.1" 200 4823
[2022-02-23 13:45:07,846] [basehttp.py:154] [basehttp:log_message] [INFO]- "GET /admin/app01/userinfo/6/change/ HTTP/1.1" 200 9710
[2022-02-23 13:45:07,866] [basehttp.py:154] [basehttp:log_message] [INFO]- "GET /admin/jsi18n/ HTTP/1.1" 200 7684
[2022-02-23 13:45:07,912] [basehttp.py:154] [basehttp:log_message] [INFO]- "GET /favicon.ico HTTP/1.1" 302 0
[2022-02-23 13:45:07,923] [basehttp.py:154] [basehttp:log_message] [INFO]- "GET /login/ HTTP/1.1" 200 4823
[2022-02-23 13:45:14,944] [basehttp.py:154] [basehttp:log_message] [INFO]- "GET /admin/app01/userinfo/ HTTP/1.1" 200 12583
[2022-02-23 13:45:14,977] [basehttp.py:154] [basehttp:log_message] [INFO]- "GET /favicon.ico HTTP/1.1" 302 0
[2022-02-23 13:45:14,989] [basehttp.py:154] [basehttp:log_message] [INFO]- "GET /login/ HTTP/1.1" 200 4823
[2022-02-23 13:45:18,438] [basehttp.py:154] [basehttp:log_message] [INFO]- "GET /signin/ HTTP/1.1" 200 5949
[2022-02-23 13:45:18,517] [basehttp.py:154] [basehttp:log_message] [WARNING]- "GET /static/css/bootstrap.min.css.map HTTP/1.1" 404 1800
[2022-02-23 13:45:18,553] [basehttp.py:154] [basehttp:log_message] [INFO]- "GET /static/vendor/bootstrap/js/bootstrap.bundle.min.js.map HTTP/1.1" 200 303386
[2022-02-23 13:45:18,564] [basehttp.py:154] [basehttp:log_message] [INFO]- "GET /favicon.ico HTTP/1.1" 302 0
[2022-02-23 13:45:18,590] [basehttp.py:154] [basehttp:log_message] [INFO]- "GET /login/ HTTP/1.1" 200 4823
[2022-02-23 13:47:59,222] [UserIP.py:89] [UserIP:process_response] [CRITICAL]- 系统错误
[2022-02-23 13:47:59,230] [basehttp.py:154] [basehttp:log_message] [INFO]- "POST /admin/app01/userinfo/ HTTP/1.1" 200 3449
[2022-02-23 13:47:59,281] [basehttp.py:154] [basehttp:log_message] [INFO]- "GET /favicon.ico HTTP/1.1" 302 0
[2022-02-23 13:47:59,312] [basehttp.py:154] [basehttp:log_message] [INFO]- "GET /login/ HTTP/1.1" 200 4823
[2022-02-23 13:48:00,495] [UserIP.py:89] [UserIP:process_response] [CRITICAL]- 系统错误
[2022-02-23 13:48:00,502] [basehttp.py:154] [basehttp:log_message] [INFO]- "POST /admin/app01/userinfo/ HTTP/1.1" 302 0
[2022-02-23 13:48:00,558] [basehttp.py:154] [basehttp:log_message] [INFO]- "GET /admin/app01/userinfo/ HTTP/1.1" 200 11661
[2022-02-23 13:48:00,575] [basehttp.py:154] [basehttp:log_message] [INFO]- "GET /admin/jsi18n/ HTTP/1.1" 200 7684
[2022-02-23 13:48:00,608] [basehttp.py:154] [basehttp:log_message] [INFO]- "GET /favicon.ico HTTP/1.1" 302 0
[2022-02-23 13:48:00,620] [basehttp.py:154] [basehttp:log_message] [INFO]- "GET /login/ HTTP/1.1" 200 4823
[2022-02-23 13:48:04,611] [UserIP.py:89] [UserIP:process_response] [CRITICAL]- 系统错误
[2022-02-23 13:48:04,620] [basehttp.py:154] [basehttp:log_message] [INFO]- "POST /signin/ HTTP/1.1" 200 5967
[2022-02-23 13:48:04,669] [basehttp.py:154] [basehttp:log_message] [INFO]- "GET /static/vendor/bootstrap/js/bootstrap.bundle.min.js.map HTTP/1.1" 200 303386
[2022-02-23 13:48:04,690] [basehttp.py:154] [basehttp:log_message] [WARNING]- "GET /static/css/bootstrap.min.css.map HTTP/1.1" 404 1800
[2022-02-23 13:48:04,701] [basehttp.py:154] [basehttp:log_message] [INFO]- "GET /favicon.ico HTTP/1.1" 302 0
[2022-02-23 13:48:04,717] [basehttp.py:154] [basehttp:log_message] [INFO]- "GET /login/ HTTP/1.1" 200 4823
[2022-02-23 13:55:17,802] [basehttp.py:154] [basehttp:log_message] [INFO]- "GET /admin/app01/userinfo/ HTTP/1.1" 200 11539
[2022-02-23 13:55:17,821] [basehttp.py:154] [basehttp:log_message] [INFO]- "GET /admin/jsi18n/ HTTP/1.1" 200 7684
[2022-02-23 13:55:17,861] [basehttp.py:154] [basehttp:log_message] [INFO]- "GET /favicon.ico HTTP/1.1" 302 0
[2022-02-23 13:55:17,890] [basehttp.py:154] [basehttp:log_message] [INFO]- "GET /login/ HTTP/1.1" 200 4823
[2022-02-23 13:55:33,528] [UserIP.py:89] [UserIP:process_response] [CRITICAL]- 系统错误
[2022-02-23 13:55:33,537] [basehttp.py:154] [basehttp:log_message] [INFO]- "POST /signin/ HTTP/1.1" 200 5964
[2022-02-23 13:55:33,591] [basehttp.py:154] [basehttp:log_message] [WARNING]- "GET /static/css/bootstrap.min.css.map HTTP/1.1" 404 1800
[2022-02-23 13:55:33,596] [basehttp.py:154] [basehttp:log_message] [INFO]- "GET /static/vendor/bootstrap/js/bootstrap.bundle.min.js.map HTTP/1.1" 200 303386
[2022-02-23 13:55:33,618] [basehttp.py:154] [basehttp:log_message] [INFO]- "GET /favicon.ico HTTP/1.1" 302 0
[2022-02-23 13:55:33,632] [basehttp.py:154] [basehttp:log_message] [INFO]- "GET /login/ HTTP/1.1" 200 4823
[2022-02-23 13:55:38,275] [basehttp.py:154] [basehttp:log_message] [INFO]- "GET /admin/app01/userinfo/ HTTP/1.1" 200 12583
[2022-02-23 13:55:38,294] [basehttp.py:154] [basehttp:log_message] [INFO]- "GET /admin/jsi18n/ HTTP/1.1" 200 7684
[2022-02-23 13:55:38,343] [basehttp.py:154] [basehttp:log_message] [INFO]- "GET /favicon.ico HTTP/1.1" 302 0
[2022-02-23 13:55:38,355] [basehttp.py:154] [basehttp:log_message] [INFO]- "GET /login/ HTTP/1.1" 200 4823
[2022-02-23 13:57:50,979] [basehttp.py:154] [basehttp:log_message] [INFO]- "GET /admin/app01/userinfo/7/change/ HTTP/1.1" 200 9719
[2022-02-23 13:57:51,000] [basehttp.py:154] [basehttp:log_message] [INFO]- "GET /admin/jsi18n/ HTTP/1.1" 200 7684
[2022-02-23 13:57:51,064] [basehttp.py:154] [basehttp:log_message] [INFO]- "GET /favicon.ico HTTP/1.1" 302 0
[2022-02-23 13:57:51,097] [basehttp.py:154] [basehttp:log_message] [INFO]- "GET /login/ HTTP/1.1" 200 4823
[2022-02-23 13:58:59,052] [basehttp.py:154] [basehttp:log_message] [INFO]- "GET /admin/app01/userinfo/7/delete/ HTTP/1.1" 200 3377
[2022-02-23 13:58:59,102] [basehttp.py:154] [basehttp:log_message] [INFO]- "GET /favicon.ico HTTP/1.1" 302 0
[2022-02-23 13:58:59,113] [basehttp.py:154] [basehttp:log_message] [INFO]- "GET /login/ HTTP/1.1" 200 4823
[2022-02-23 13:59:01,070] [UserIP.py:89] [UserIP:process_response] [CRITICAL]- 系统错误
[2022-02-23 13:59:01,080] [basehttp.py:154] [basehttp:log_message] [INFO]- "POST /admin/app01/userinfo/7/delete/ HTTP/1.1" 302 0
[2022-02-23 13:59:01,122] [basehttp.py:154] [basehttp:log_message] [INFO]- "GET /admin/app01/userinfo/ HTTP/1.1" 200 11678
[2022-02-23 13:59:01,141] [basehttp.py:154] [basehttp:log_message] [INFO]- "GET /admin/jsi18n/ HTTP/1.1" 200 7684
[2022-02-23 13:59:01,191] [basehttp.py:154] [basehttp:log_message] [INFO]- "GET /favicon.ico HTTP/1.1" 302 0
[2022-02-23 13:59:01,222] [basehttp.py:154] [basehttp:log_message] [INFO]- "GET /login/ HTTP/1.1" 200 4823
[2022-02-23 13:59:16,125] [UserIP.py:89] [UserIP:process_response] [CRITICAL]- 系统错误
[2022-02-23 13:59:16,132] [basehttp.py:154] [basehttp:log_message] [INFO]- "POST /signin/ HTTP/1.1" 200 4838
[2022-02-23 13:59:16,186] [basehttp.py:154] [basehttp:log_message] [WARNING]- "GET /static/css/bootstrap.min.css.map HTTP/1.1" 404 1800
[2022-02-23 13:59:16,191] [basehttp.py:154] [basehttp:log_message] [INFO]- "GET /static/vendor/bootstrap/js/bootstrap.bundle.min.js.map HTTP/1.1" 200 303386
[2022-02-23 13:59:16,210] [basehttp.py:154] [basehttp:log_message] [INFO]- "GET /favicon.ico HTTP/1.1" 302 0
[2022-02-23 13:59:16,228] [basehttp.py:154] [basehttp:log_message] [INFO]- "GET /login/ HTTP/1.1" 200 4823
[2022-02-23 13:59:19,840] [basehttp.py:154] [basehttp:log_message] [INFO]- "GET /admin/app01/userinfo/ HTTP/1.1" 200 12583
[2022-02-23 13:59:19,862] [basehttp.py:154] [basehttp:log_message] [INFO]- "GET /admin/jsi18n/ HTTP/1.1" 200 7684
[2022-02-23 13:59:19,892] [basehttp.py:154] [basehttp:log_message] [INFO]- "GET /favicon.ico HTTP/1.1" 302 0
[2022-02-23 13:59:19,925] [basehttp.py:154] [basehttp:log_message] [INFO]- "GET /login/ HTTP/1.1" 200 4823
[2022-02-23 13:59:25,404] [UserIP.py:89] [UserIP:process_response] [CRITICAL]- 系统错误
[2022-02-23 13:59:25,412] [basehttp.py:154] [basehttp:log_message] [INFO]- "POST /admin/app01/userinfo/ HTTP/1.1" 200 3507
[2022-02-23 13:59:25,461] [basehttp.py:154] [basehttp:log_message] [INFO]- "GET /favicon.ico HTTP/1.1" 302 0
[2022-02-23 13:59:25,491] [basehttp.py:154] [basehttp:log_message] [INFO]- "GET /login/ HTTP/1.1" 200 4823
[2022-02-23 13:59:26,441] [UserIP.py:89] [UserIP:process_response] [CRITICAL]- 系统错误
[2022-02-23 13:59:26,448] [basehttp.py:154] [basehttp:log_message] [INFO]- "POST /admin/app01/userinfo/ HTTP/1.1" 302 0
[2022-02-23 13:59:26,503] [basehttp.py:154] [basehttp:log_message] [INFO]- "GET /admin/app01/userinfo/ HTTP/1.1" 200 11661
[2022-02-23 13:59:26,521] [basehttp.py:154] [basehttp:log_message] [INFO]- "GET /admin/jsi18n/ HTTP/1.1" 200 7684
[2022-02-23 13:59:26,549] [basehttp.py:154] [basehttp:log_message] [INFO]- "GET /favicon.ico HTTP/1.1" 302 0
[2022-02-23 13:59:26,584] [basehttp.py:154] [basehttp:log_message] [INFO]- "GET /login/ HTTP/1.1" 200 4823
[2022-02-23 13:59:26,856] [basehttp.py:154] [basehttp:log_message] [INFO]- "GET /admin/app01/userinfo/2/change/ HTTP/1.1" 200 9779
[2022-02-23 13:59:26,872] [basehttp.py:154] [basehttp:log_message] [INFO]- "GET /admin/jsi18n/ HTTP/1.1" 200 7684
[2022-02-23 13:59:26,913] [basehttp.py:154] [basehttp:log_message] [INFO]- "GET /favicon.ico HTTP/1.1" 302 0
[2022-02-23 13:59:26,942] [basehttp.py:154] [basehttp:log_message] [INFO]- "GET /login/ HTTP/1.1" 200 4823
[2022-02-23 13:59:28,226] [basehttp.py:154] [basehttp:log_message] [INFO]- "GET /admin/app01/userinfo/ HTTP/1.1" 200 11539
[2022-02-23 13:59:28,284] [basehttp.py:154] [basehttp:log_message] [INFO]- "GET /favicon.ico HTTP/1.1" 302 0
[2022-02-23 13:59:28,318] [basehttp.py:154] [basehttp:log_message] [INFO]- "GET /login/ HTTP/1.1" 200 4823
[2022-02-23 13:59:30,230] [basehttp.py:154] [basehttp:log_message] [WARNING]- "GET /static/css/bootstrap.min.css.map HTTP/1.1" 404 1800
[2022-02-23 13:59:30,247] [basehttp.py:154] [basehttp:log_message] [INFO]- "GET /static/vendor/bootstrap/js/bootstrap.bundle.min.js.map HTTP/1.1" 200 303386
[2022-02-23 13:59:30,273] [basehttp.py:154] [basehttp:log_message] [INFO]- "GET /favicon.ico HTTP/1.1" 302 0
[2022-02-23 13:59:30,286] [basehttp.py:154] [basehttp:log_message] [INFO]- "GET /login/ HTTP/1.1" 200 4823
[2022-02-23 13:59:46,480] [UserIP.py:89] [UserIP:process_response] [CRITICAL]- 系统错误
[2022-02-23 13:59:46,487] [basehttp.py:154] [basehttp:log_message] [INFO]- "POST /signin/ HTTP/1.1" 200 4838
[2022-02-23 13:59:46,516] [basehttp.py:154] [basehttp:log_message] [INFO]- "GET /static/vendor/bootstrap/js/bootstrap.bundle.min.js.map HTTP/1.1" 200 303386
[2022-02-23 13:59:46,548] [basehttp.py:154] [basehttp:log_message] [WARNING]- "GET /static/css/bootstrap.min.css.map HTTP/1.1" 404 1800
[2022-02-23 13:59:46,559] [basehttp.py:154] [basehttp:log_message] [INFO]- "GET /favicon.ico HTTP/1.1" 302 0
[2022-02-23 13:59:46,577] [basehttp.py:154] [basehttp:log_message] [INFO]- "GET /login/ HTTP/1.1" 200 4823
[2022-02-23 13:59:49,684] [basehttp.py:154] [basehttp:log_message] [INFO]- "GET /static/vendor/bootstrap/js/bootstrap.bundle.min.js.map HTTP/1.1" 200 303386
[2022-02-23 13:59:49,712] [basehttp.py:154] [basehttp:log_message] [WARNING]- "GET /static/css/bootstrap.min.css.map HTTP/1.1" 404 1800
[2022-02-23 13:59:49,730] [basehttp.py:154] [basehttp:log_message] [INFO]- "GET /favicon.ico HTTP/1.1" 302 0
[2022-02-23 13:59:49,768] [basehttp.py:154] [basehttp:log_message] [INFO]- "GET /login/ HTTP/1.1" 200 4823
[2022-02-23 13:59:52,520] [basehttp.py:154] [basehttp:log_message] [INFO]- "GET /admin/app01/userinfo/ HTTP/1.1" 200 12583
[2022-02-23 13:59:52,538] [basehttp.py:154] [basehttp:log_message] [INFO]- "GET /admin/jsi18n/ HTTP/1.1" 200 7684
[2022-02-23 13:59:52,597] [basehttp.py:154] [basehttp:log_message] [INFO]- "GET /favicon.ico HTTP/1.1" 302 0
[2022-02-23 13:59:52,626] [basehttp.py:154] [basehttp:log_message] [INFO]- "GET /login/ HTTP/1.1" 200 4823
[2022-02-23 14:00:07,566] [UserIP.py:89] [UserIP:process_response] [CRITICAL]- 系统错误
[2022-02-23 14:00:07,575] [basehttp.py:154] [basehttp:log_message] [INFO]- "POST /admin/app01/userinfo/ HTTP/1.1" 200 3507
[2022-02-23 14:00:07,601] [basehttp.py:154] [basehttp:log_message] [INFO]- "GET /favicon.ico HTTP/1.1" 302 0
[2022-02-23 14:00:07,614] [basehttp.py:154] [basehttp:log_message] [INFO]- "GET /login/ HTTP/1.1" 200 4823
[2022-02-23 14:00:08,777] [UserIP.py:89] [UserIP:process_response] [CRITICAL]- 系统错误
[2022-02-23 14:00:08,788] [basehttp.py:154] [basehttp:log_message] [INFO]- "POST /admin/app01/userinfo/ HTTP/1.1" 302 0
[2022-02-23 14:00:08,844] [basehttp.py:154] [basehttp:log_message] [INFO]- "GET /admin/app01/userinfo/ HTTP/1.1" 200 11661
[2022-02-23 14:00:08,876] [basehttp.py:154] [basehttp:log_message] [INFO]- "GET /admin/jsi18n/ HTTP/1.1" 200 7684
[2022-02-23 14:00:08,903] [basehttp.py:154] [basehttp:log_message] [INFO]- "GET /favicon.ico HTTP/1.1" 302 0
[2022-02-23 14:00:08,937] [basehttp.py:154] [basehttp:log_message] [INFO]- "GET /login/ HTTP/1.1" 200 4823
[2022-02-23 14:00:14,782] [basehttp.py:154] [basehttp:log_message] [INFO]- "GET /signin/ HTTP/1.1" 200 6023
[2022-02-23 14:00:14,801] [basehttp.py:154] [basehttp:log_message] [INFO]- "GET /static/vendor/bootstrap/js/bootstrap.bundle.min.js.map HTTP/1.1" 200 303386
[2022-02-23 14:00:14,829] [basehttp.py:154] [basehttp:log_message] [WARNING]- "GET /static/css/bootstrap.min.css.map HTTP/1.1" 404 1800
[2022-02-23 14:00:14,850] [basehttp.py:154] [basehttp:log_message] [INFO]- "GET /favicon.ico HTTP/1.1" 302 0
[2022-02-23 14:00:14,866] [basehttp.py:154] [basehttp:log_message] [INFO]- "GET /login/ HTTP/1.1" 200 4823
[2022-02-23 14:00:21,358] [UserIP.py:89] [UserIP:process_response] [CRITICAL]- 系统错误
[2022-02-23 14:00:21,366] [basehttp.py:154] [basehttp:log_message] [INFO]- "POST /signin/ HTTP/1.1" 200 4838
[2022-02-23 14:00:21,396] [basehttp.py:154] [basehttp:log_message] [INFO]- "GET /static/vendor/bootstrap/js/bootstrap.bundle.min.js.map HTTP/1.1" 200 303386
[2022-02-23 14:00:21,444] [basehttp.py:154] [basehttp:log_message] [WARNING]- "GET /static/css/bootstrap.min.css.map HTTP/1.1" 404 1800
[2022-02-23 14:00:21,457] [basehttp.py:154] [basehttp:log_message] [INFO]- "GET /favicon.ico HTTP/1.1" 302 0
[2022-02-23 14:00:21,494] [basehttp.py:154] [basehttp:log_message] [INFO]- "GET /login/ HTTP/1.1" 200 4823
[2022-02-23 14:00:28,336] [basehttp.py:154] [basehttp:log_message] [INFO]- "GET /admin/app01/userinfo/ HTTP/1.1" 200 12589
[2022-02-23 14:00:28,356] [basehttp.py:154] [basehttp:log_message] [INFO]- "GET /admin/jsi18n/ HTTP/1.1" 200 7684
[2022-02-23 14:00:28,384] [basehttp.py:154] [basehttp:log_message] [INFO]- "GET /favicon.ico HTTP/1.1" 302 0
[2022-02-23 14:00:28,408] [basehttp.py:154] [basehttp:log_message] [INFO]- "GET /login/ HTTP/1.1" 200 4823
[2022-02-23 14:00:31,575] [basehttp.py:154] [basehttp:log_message] [INFO]- "GET /admin/app01/userinfo/10/change/ HTTP/1.1" 200 9721
[2022-02-23 14:00:31,593] [basehttp.py:154] [basehttp:log_message] [INFO]- "GET /admin/jsi18n/ HTTP/1.1" 200 7684
[2022-02-23 14:00:31,630] [basehttp.py:154] [basehttp:log_message] [INFO]- "GET /favicon.ico HTTP/1.1" 302 0
[2022-02-23 14:00:31,642] [basehttp.py:154] [basehttp:log_message] [INFO]- "GET /login/ HTTP/1.1" 200 4823
[2022-02-23 14:01:08,426] [basehttp.py:154] [basehttp:log_message] [INFO]- "GET /admin/app01/userinfo/10/delete/ HTTP/1.1" 200 3379
[2022-02-23 14:01:08,453] [basehttp.py:154] [basehttp:log_message] [INFO]- "GET /favicon.ico HTTP/1.1" 302 0
[2022-02-23 14:01:08,485] [basehttp.py:154] [basehttp:log_message] [INFO]- "GET /login/ HTTP/1.1" 200 4823
[2022-02-23 14:01:10,554] [UserIP.py:89] [UserIP:process_response] [CRITICAL]- 系统错误
[2022-02-23 14:01:10,563] [basehttp.py:154] [basehttp:log_message] [INFO]- "POST /admin/app01/userinfo/10/delete/ HTTP/1.1" 302 0
[2022-02-23 14:01:10,623] [basehttp.py:154] [basehttp:log_message] [INFO]- "GET /admin/app01/userinfo/ HTTP/1.1" 200 11678
[2022-02-23 14:01:10,656] [basehttp.py:154] [basehttp:log_message] [INFO]- "GET /admin/jsi18n/ HTTP/1.1" 200 7684
[2022-02-23 14:01:10,701] [basehttp.py:154] [basehttp:log_message] [INFO]- "GET /favicon.ico HTTP/1.1" 302 0
[2022-02-23 14:01:10,712] [basehttp.py:154] [basehttp:log_message] [INFO]- "GET /login/ HTTP/1.1" 200 4823
[2022-02-23 14:01:12,864] [basehttp.py:154] [basehttp:log_message] [INFO]- "GET /signin/ HTTP/1.1" 200 6022
[2022-02-23 14:01:12,884] [basehttp.py:154] [basehttp:log_message] [INFO]- "GET /static/vendor/bootstrap/js/bootstrap.bundle.min.js.map HTTP/1.1" 200 303386
[2022-02-23 14:01:12,913] [basehttp.py:154] [basehttp:log_message] [WARNING]- "GET /static/css/bootstrap.min.css.map HTTP/1.1" 404 1800
[2022-02-23 14:01:12,930] [basehttp.py:154] [basehttp:log_message] [INFO]- "GET /favicon.ico HTTP/1.1" 302 0
[2022-02-23 14:01:12,943] [basehttp.py:154] [basehttp:log_message] [INFO]- "GET /login/ HTTP/1.1" 200 4823
[2022-02-23 14:01:17,293] [UserIP.py:89] [UserIP:process_response] [CRITICAL]- 系统错误
[2022-02-23 14:01:17,302] [basehttp.py:154] [basehttp:log_message] [INFO]- "POST /signin/ HTTP/1.1" 200 6064
[2022-02-23 14:01:17,320] [basehttp.py:154] [basehttp:log_message] [INFO]- "GET /static/vendor/bootstrap/js/bootstrap.bundle.min.js.map HTTP/1.1" 200 303386
[2022-02-23 14:01:17,346] [basehttp.py:154] [basehttp:log_message] [WARNING]- "GET /static/css/bootstrap.min.css.map HTTP/1.1" 404 1800
[2022-02-23 14:01:17,362] [basehttp.py:154] [basehttp:log_message] [INFO]- "GET /favicon.ico HTTP/1.1" 302 0
[2022-02-23 14:01:17,400] [basehttp.py:154] [basehttp:log_message] [INFO]- "GET /login/ HTTP/1.1" 200 4823
[2022-02-23 14:10:03,696] [basehttp.py:154] [basehttp:log_message] [INFO]- "GET /admin/app01/ HTTP/1.1" 200 3731
[2022-02-23 14:10:03,744] [basehttp.py:154] [basehttp:log_message] [INFO]- "GET /favicon.ico HTTP/1.1" 302 0
[2022-02-23 14:10:03,775] [basehttp.py:154] [basehttp:log_message] [INFO]- "GET /login/ HTTP/1.1" 200 4823
[2022-02-23 14:10:05,529] [basehttp.py:154] [basehttp:log_message] [INFO]- "GET /admin/app01/role/ HTTP/1.1" 200 8628
[2022-02-23 14:10:05,546] [basehttp.py:154] [basehttp:log_message] [INFO]- "GET /admin/jsi18n/ HTTP/1.1" 200 7684
[2022-02-23 14:10:05,590] [basehttp.py:154] [basehttp:log_message] [INFO]- "GET /favicon.ico HTTP/1.1" 302 0
[2022-02-23 14:10:05,613] [basehttp.py:154] [basehttp:log_message] [INFO]- "GET /login/ HTTP/1.1" 200 4823
[2022-02-23 14:10:24,115] [basehttp.py:154] [basehttp:log_message] [INFO]- "GET /admin/app01/role/8/change/ HTTP/1.1" 200 9674
[2022-02-23 14:10:24,134] [basehttp.py:154] [basehttp:log_message] [INFO]- "GET /admin/jsi18n/ HTTP/1.1" 200 7684
[2022-02-23 14:10:24,191] [basehttp.py:154] [basehttp:log_message] [INFO]- "GET /favicon.ico HTTP/1.1" 302 0
[2022-02-23 14:10:24,202] [basehttp.py:154] [basehttp:log_message] [INFO]- "GET /login/ HTTP/1.1" 200 4823
[2022-02-23 14:10:27,822] [UserIP.py:89] [UserIP:process_response] [CRITICAL]- 系统错误
[2022-02-23 14:10:27,829] [basehttp.py:154] [basehttp:log_message] [INFO]- "POST /admin/app01/role/8/change/ HTTP/1.1" 302 0
[2022-02-23 14:10:27,870] [basehttp.py:154] [basehttp:log_message] [INFO]- "GET /admin/app01/role/ HTTP/1.1" 200 8806
[2022-02-23 14:10:27,895] [basehttp.py:154] [basehttp:log_message] [INFO]- "GET /admin/jsi18n/ HTTP/1.1" 200 7684
[2022-02-23 14:10:27,923] [basehttp.py:154] [basehttp:log_message] [INFO]- "GET /favicon.ico HTTP/1.1" 302 0
[2022-02-23 14:10:27,952] [basehttp.py:154] [basehttp:log_message] [INFO]- "GET /login/ HTTP/1.1" 200 4823
[2022-02-23 14:10:29,423] [basehttp.py:154] [basehttp:log_message] [INFO]- "GET /admin/app01/role/9/change/ HTTP/1.1" 200 9682
[2022-02-23 14:10:29,440] [basehttp.py:154] [basehttp:log_message] [INFO]- "GET /admin/jsi18n/ HTTP/1.1" 200 7684
[2022-02-23 14:10:29,474] [basehttp.py:154] [basehttp:log_message] [INFO]- "GET /favicon.ico HTTP/1.1" 302 0
[2022-02-23 14:10:29,503] [basehttp.py:154] [basehttp:log_message] [INFO]- "GET /login/ HTTP/1.1" 200 4823
[2022-02-23 14:10:31,986] [UserIP.py:89] [UserIP:process_response] [CRITICAL]- 系统错误
[2022-02-23 14:10:31,993] [basehttp.py:154] [basehttp:log_message] [INFO]- "POST /admin/app01/role/9/change/ HTTP/1.1" 302 0
[2022-02-23 14:10:32,061] [basehttp.py:154] [basehttp:log_message] [INFO]- "GET /admin/app01/role/ HTTP/1.1" 200 8813
[2022-02-23 14:10:32,080] [basehttp.py:154] [basehttp:log_message] [INFO]- "GET /admin/jsi18n/ HTTP/1.1" 200 7684
[2022-02-23 14:10:32,111] [basehttp.py:154] [basehttp:log_message] [INFO]- "GET /favicon.ico HTTP/1.1" 302 0
[2022-02-23 14:10:32,124] [basehttp.py:154] [basehttp:log_message] [INFO]- "GET /login/ HTTP/1.1" 200 4823
[2022-02-23 14:12:24,661] [basehttp.py:154] [basehttp:log_message] [INFO]- "GET /signin/ HTTP/1.1" 200 5949
[2022-02-23 14:12:24,693] [basehttp.py:154] [basehttp:log_message] [INFO]- "GET /static/vendor/bootstrap/js/bootstrap.bundle.min.js.map HTTP/1.1" 200 303386
[2022-02-23 14:12:24,719] [basehttp.py:154] [basehttp:log_message] [WARNING]- "GET /static/css/bootstrap.min.css.map HTTP/1.1" 404 1800
[2022-02-23 14:12:24,784] [basehttp.py:154] [basehttp:log_message] [INFO]- "GET /favicon.ico HTTP/1.1" 302 0
[2022-02-23 14:12:24,797] [basehttp.py:154] [basehttp:log_message] [INFO]- "GET /login/ HTTP/1.1" 200 4823
[2022-02-23 15:39:14,532] [basehttp.py:154] [basehttp:log_message] [INFO]- "GET /signin/ HTTP/1.1" 200 5807
[2022-02-23 15:39:14,569] [basehttp.py:154] [basehttp:log_message] [INFO]- "GET /static/vendor/bootstrap/js/bootstrap.bundle.min.js.map HTTP/1.1" 200 303386
[2022-02-23 15:39:14,594] [basehttp.py:154] [basehttp:log_message] [WARNING]- "GET /static/css/bootstrap.min.css.map HTTP/1.1" 404 1800
[2022-02-23 15:39:14,652] [basehttp.py:154] [basehttp:log_message] [INFO]- "GET /favicon.ico HTTP/1.1" 302 0
[2022-02-23 15:39:14,667] [basehttp.py:154] [basehttp:log_message] [INFO]- "GET /login/ HTTP/1.1" 200 4823
[2022-02-23 15:40:02,192] [basehttp.py:154] [basehttp:log_message] [INFO]- "GET /signin/ HTTP/1.1" 200 5807
[2022-02-23 15:40:02,245] [basehttp.py:154] [basehttp:log_message] [WARNING]- "GET /static/css/bootstrap.min.css.map HTTP/1.1" 404 1800
[2022-02-23 15:40:02,249] [basehttp.py:154] [basehttp:log_message] [INFO]- "GET /static/vendor/bootstrap/js/bootstrap.bundle.min.js.map HTTP/1.1" 200 303386
[2022-02-23 15:40:02,271] [basehttp.py:154] [basehttp:log_message] [INFO]- "GET /favicon.ico HTTP/1.1" 302 0
[2022-02-23 15:40:02,286] [basehttp.py:154] [basehttp:log_message] [INFO]- "GET /login/ HTTP/1.1" 200 4823
[2022-02-23 15:40:29,920] [basehttp.py:154] [basehttp:log_message] [INFO]- "GET /signin/ HTTP/1.1" 200 6376
[2022-02-23 15:40:29,962] [basehttp.py:154] [basehttp:log_message] [INFO]- "GET /static/vendor/bootstrap/js/bootstrap.bundle.min.js.map HTTP/1.1" 200 303386
[2022-02-23 15:40:29,980] [basehttp.py:154] [basehttp:log_message] [WARNING]- "GET /static/css/bootstrap.min.css.map HTTP/1.1" 404 1800
[2022-02-23 15:40:29,989] [basehttp.py:154] [basehttp:log_message] [INFO]- "GET /favicon.ico HTTP/1.1" 302 0
[2022-02-23 15:40:30,008] [basehttp.py:154] [basehttp:log_message] [INFO]- "GET /login/ HTTP/1.1" 200 4823
[2022-02-23 15:40:38,979] [basehttp.py:154] [basehttp:log_message] [INFO]- "GET /signin/ HTTP/1.1" 200 6376
[2022-02-23 15:40:39,007] [basehttp.py:154] [basehttp:log_message] [WARNING]- "GET /static/css/bootstrap.min.css.map HTTP/1.1" 404 1800
[2022-02-23 15:40:39,041] [basehttp.py:154] [basehttp:log_message] [INFO]- "GET /static/vendor/bootstrap/js/bootstrap.bundle.min.js.map HTTP/1.1" 200 303386
[2022-02-23 15:40:39,054] [basehttp.py:154] [basehttp:log_message] [INFO]- "GET /favicon.ico HTTP/1.1" 302 0
[2022-02-23 15:40:39,081] [basehttp.py:154] [basehttp:log_message] [INFO]- "GET /login/ HTTP/1.1" 200 4823
[2022-02-23 15:40:45,521] [basehttp.py:154] [basehttp:log_message] [INFO]- "GET /signin/ HTTP/1.1" 200 6376
[2022-02-23 15:40:45,547] [basehttp.py:154] [basehttp:log_message] [INFO]- "GET /static/vendor/bootstrap/js/bootstrap.bundle.min.js.map HTTP/1.1" 200 303386
[2022-02-23 15:40:45,576] [basehttp.py:154] [basehttp:log_message] [WARNING]- "GET /static/css/bootstrap.min.css.map HTTP/1.1" 404 1800
[2022-02-23 15:40:45,594] [basehttp.py:154] [basehttp:log_message] [INFO]- "GET /favicon.ico HTTP/1.1" 302 0
[2022-02-23 15:40:45,607] [basehttp.py:154] [basehttp:log_message] [INFO]- "GET /login/ HTTP/1.1" 200 4823
[2022-02-23 15:40:51,987] [basehttp.py:154] [basehttp:log_message] [INFO]- "GET /admin/app01/ HTTP/1.1" 200 3731
[2022-02-23 15:40:52,012] [basehttp.py:154] [basehttp:log_message] [INFO]- "GET /favicon.ico HTTP/1.1" 302 0
[2022-02-23 15:40:52,046] [basehttp.py:154] [basehttp:log_message] [INFO]- "GET /login/ HTTP/1.1" 200 4823
[2022-02-23 15:40:53,507] [basehttp.py:154] [basehttp:log_message] [INFO]- "GET /admin/app01/userinfo/ HTTP/1.1" 200 11539
[2022-02-23 15:40:53,527] [basehttp.py:154] [basehttp:log_message] [INFO]- "GET /admin/jsi18n/ HTTP/1.1" 200 7684
[2022-02-23 15:40:53,582] [basehttp.py:154] [basehttp:log_message] [INFO]- "GET /favicon.ico HTTP/1.1" 302 0
[2022-02-23 15:40:53,613] [basehttp.py:154] [basehttp:log_message] [INFO]- "GET /login/ HTTP/1.1" 200 4823
[2022-02-23 15:41:06,016] [UserIP.py:89] [UserIP:process_response] [CRITICAL]- 系统错误
[2022-02-23 15:41:06,027] [basehttp.py:154] [basehttp:log_message] [INFO]- "POST /signin/ HTTP/1.1" 200 4838
[2022-02-23 15:41:06,049] [basehttp.py:154] [basehttp:log_message] [INFO]- "GET /static/vendor/bootstrap/js/bootstrap.bundle.min.js.map HTTP/1.1" 200 303386
[2022-02-23 15:41:06,078] [basehttp.py:154] [basehttp:log_message] [WARNING]- "GET /static/css/bootstrap.min.css.map HTTP/1.1" 404 1800
[2022-02-23 15:41:06,095] [basehttp.py:154] [basehttp:log_message] [INFO]- "GET /favicon.ico HTTP/1.1" 302 0
[2022-02-23 15:41:06,130] [basehttp.py:154] [basehttp:log_message] [INFO]- "GET /login/ HTTP/1.1" 200 4823
[2022-02-23 15:41:09,446] [basehttp.py:154] [basehttp:log_message] [INFO]- "GET /admin/app01/userinfo/ HTTP/1.1" 200 12589
[2022-02-23 15:41:09,467] [basehttp.py:154] [basehttp:log_message] [INFO]- "GET /admin/jsi18n/ HTTP/1.1" 200 7684
[2022-02-23 15:41:09,526] [basehttp.py:154] [basehttp:log_message] [INFO]- "GET /favicon.ico HTTP/1.1" 302 0
[2022-02-23 15:41:09,556] [basehttp.py:154] [basehttp:log_message] [INFO]- "GET /login/ HTTP/1.1" 200 4823
[2022-02-23 15:41:11,383] [basehttp.py:154] [basehttp:log_message] [INFO]- "GET /admin/app01/userinfo/11/change/ HTTP/1.1" 200 9750
[2022-02-23 15:41:11,404] [basehttp.py:154] [basehttp:log_message] [INFO]- "GET /admin/jsi18n/ HTTP/1.1" 200 7684
[2022-02-23 15:41:11,445] [basehttp.py:154] [basehttp:log_message] [INFO]- "GET /favicon.ico HTTP/1.1" 302 0
[2022-02-23 15:41:11,477] [basehttp.py:154] [basehttp:log_message] [INFO]- "GET /login/ HTTP/1.1" 200 4823
[2022-02-23 15:41:22,935] [basehttp.py:154] [basehttp:log_message] [INFO]- "GET /signin/ HTTP/1.1" 200 6376
[2022-02-23 15:41:22,953] [basehttp.py:154] [basehttp:log_message] [INFO]- "GET /static/vendor/bootstrap/js/bootstrap.bundle.min.js.map HTTP/1.1" 200 303386
[2022-02-23 15:41:22,978] [basehttp.py:154] [basehttp:log_message] [WARNING]- "GET /static/css/bootstrap.min.css.map HTTP/1.1" 404 1800
[2022-02-23 15:41:22,996] [basehttp.py:154] [basehttp:log_message] [INFO]- "GET /favicon.ico HTTP/1.1" 302 0
[2022-02-23 15:41:23,008] [basehttp.py:154] [basehttp:log_message] [INFO]- "GET /login/ HTTP/1.1" 200 4823
[2022-02-23 15:41:28,897] [basehttp.py:154] [basehttp:log_message] [INFO]- "GET /admin/app01/userinfo/11/delete/ HTTP/1.1" 200 3553
[2022-02-23 15:41:28,926] [basehttp.py:154] [basehttp:log_message] [INFO]- "GET /favicon.ico HTTP/1.1" 302 0
[2022-02-23 15:41:28,965] [basehttp.py:154] [basehttp:log_message] [INFO]- "GET /login/ HTTP/1.1" 200 4823
[2022-02-23 15:41:30,240] [UserIP.py:89] [UserIP:process_response] [CRITICAL]- 系统错误
[2022-02-23 15:41:30,247] [basehttp.py:154] [basehttp:log_message] [INFO]- "POST /admin/app01/userinfo/11/delete/ HTTP/1.1" 302 0
[2022-02-23 15:41:30,289] [basehttp.py:154] [basehttp:log_message] [INFO]- "GET /admin/app01/userinfo/ HTTP/1.1" 200 11678
[2022-02-23 15:41:30,327] [basehttp.py:154] [basehttp:log_message] [INFO]- "GET /admin/jsi18n/ HTTP/1.1" 200 7684
[2022-02-23 15:41:30,371] [basehttp.py:154] [basehttp:log_message] [INFO]- "GET /favicon.ico HTTP/1.1" 302 0
[2022-02-23 15:41:30,404] [basehttp.py:154] [basehttp:log_message] [INFO]- "GET /login/ HTTP/1.1" 200 4823
[2022-02-23 15:42:00,658] [basehttp.py:154] [basehttp:log_message] [INFO]- "GET /signin/ HTTP/1.1" 200 6336
[2022-02-23 15:42:00,681] [basehttp.py:154] [basehttp:log_message] [INFO]- "GET /static/vendor/bootstrap/js/bootstrap.bundle.min.js.map HTTP/1.1" 200 303386
[2022-02-23 15:42:00,704] [basehttp.py:154] [basehttp:log_message] [WARNING]- "GET /static/css/bootstrap.min.css.map HTTP/1.1" 404 1800
[2022-02-23 15:42:00,719] [basehttp.py:154] [basehttp:log_message] [INFO]- "GET /favicon.ico HTTP/1.1" 302 0
[2022-02-23 15:42:00,743] [basehttp.py:154] [basehttp:log_message] [INFO]- "GET /login/ HTTP/1.1" 200 4823
[2022-02-23 15:42:27,915] [UserIP.py:89] [UserIP:process_response] [CRITICAL]- 系统错误
[2022-02-23 15:42:27,923] [basehttp.py:154] [basehttp:log_message] [INFO]- "POST /signin/ HTTP/1.1" 200 4838
[2022-02-23 15:42:27,943] [basehttp.py:154] [basehttp:log_message] [INFO]- "GET /static/vendor/bootstrap/js/bootstrap.bundle.min.js.map HTTP/1.1" 200 303386
[2022-02-23 15:42:27,968] [basehttp.py:154] [basehttp:log_message] [WARNING]- "GET /static/css/bootstrap.min.css.map HTTP/1.1" 404 1800
[2022-02-23 15:42:27,981] [basehttp.py:154] [basehttp:log_message] [INFO]- "GET /favicon.ico HTTP/1.1" 302 0
[2022-02-23 15:42:27,998] [basehttp.py:154] [basehttp:log_message] [INFO]- "GET /login/ HTTP/1.1" 200 4823
[2022-02-23 15:42:30,711] [basehttp.py:154] [basehttp:log_message] [INFO]- "GET /admin/app01/userinfo/ HTTP/1.1" 200 12589
[2022-02-23 15:42:30,731] [basehttp.py:154] [basehttp:log_message] [INFO]- "GET /admin/jsi18n/ HTTP/1.1" 200 7684
[2022-02-23 15:42:30,779] [basehttp.py:154] [basehttp:log_message] [INFO]- "GET /favicon.ico HTTP/1.1" 302 0
[2022-02-23 15:42:30,790] [basehttp.py:154] [basehttp:log_message] [INFO]- "GET /login/ HTTP/1.1" 200 4823
[2022-02-23 15:42:38,902] [basehttp.py:154] [basehttp:log_message] [INFO]- "GET /admin/app01/userinfo/12/change/ HTTP/1.1" 200 9723
[2022-02-23 15:42:38,924] [basehttp.py:154] [basehttp:log_message] [INFO]- "GET /admin/jsi18n/ HTTP/1.1" 200 7684
[2022-02-23 15:42:38,963] [basehttp.py:154] [basehttp:log_message] [INFO]- "GET /favicon.ico HTTP/1.1" 302 0
[2022-02-23 15:42:38,989] [basehttp.py:154] [basehttp:log_message] [INFO]- "GET /login/ HTTP/1.1" 200 4823
[2022-02-23 15:42:41,395] [basehttp.py:154] [basehttp:log_message] [INFO]- "GET /admin/app01/userinfo/ HTTP/1.1" 200 12589
[2022-02-23 15:42:41,452] [basehttp.py:154] [basehttp:log_message] [INFO]- "GET /favicon.ico HTTP/1.1" 302 0
[2022-02-23 15:42:41,486] [basehttp.py:154] [basehttp:log_message] [INFO]- "GET /login/ HTTP/1.1" 200 4823
[2022-02-23 15:42:50,410] [basehttp.py:154] [basehttp:log_message] [INFO]- "GET /signin/ HTTP/1.1" 200 6336
[2022-02-23 15:42:50,430] [basehttp.py:154] [basehttp:log_message] [INFO]- "GET /static/vendor/bootstrap/js/bootstrap.bundle.min.js.map HTTP/1.1" 200 303386
[2022-02-23 15:42:50,460] [basehttp.py:154] [basehttp:log_message] [WARNING]- "GET /static/css/bootstrap.min.css.map HTTP/1.1" 404 1800
[2022-02-23 15:42:50,473] [basehttp.py:154] [basehttp:log_message] [INFO]- "GET /favicon.ico HTTP/1.1" 302 0
[2022-02-23 15:42:50,487] [basehttp.py:154] [basehttp:log_message] [INFO]- "GET /login/ HTTP/1.1" 200 4823
[2022-02-23 15:42:53,842] [UserIP.py:89] [UserIP:process_response] [CRITICAL]- 系统错误
[2022-02-23 15:42:53,851] [basehttp.py:154] [basehttp:log_message] [INFO]- "POST /signin/ HTTP/1.1" 200 6354
[2022-02-23 15:42:53,872] [basehttp.py:154] [basehttp:log_message] [INFO]- "GET /static/vendor/bootstrap/js/bootstrap.bundle.min.js.map HTTP/1.1" 200 303386
[2022-02-23 15:42:53,897] [basehttp.py:154] [basehttp:log_message] [WARNING]- "GET /static/css/bootstrap.min.css.map HTTP/1.1" 404 1800
[2022-02-23 15:42:53,910] [basehttp.py:154] [basehttp:log_message] [INFO]- "GET /favicon.ico HTTP/1.1" 302 0
[2022-02-23 15:42:53,941] [basehttp.py:154] [basehttp:log_message] [INFO]- "GET /login/ HTTP/1.1" 200 4823
[2022-02-23 16:03:12,157] [basehttp.py:154] [basehttp:log_message] [INFO]- "GET /signin/ HTTP/1.1" 200 7158
[2022-02-23 16:03:12,183] [basehttp.py:154] [basehttp:log_message] [INFO]- "GET /static/vendor/bootstrap/js/bootstrap.bundle.min.js.map HTTP/1.1" 200 303386
[2022-02-23 16:03:12,207] [basehttp.py:154] [basehttp:log_message] [WARNING]- "GET /static/css/bootstrap.min.css.map HTTP/1.1" 404 1800
[2022-02-23 16:03:12,266] [basehttp.py:154] [basehttp:log_message] [INFO]- "GET /favicon.ico HTTP/1.1" 302 0
[2022-02-23 16:03:12,283] [basehttp.py:154] [basehttp:log_message] [INFO]- "GET /login/ HTTP/1.1" 200 4823
[2022-02-23 16:03:14,016] [basehttp.py:154] [basehttp:log_message] [INFO]- "GET /signin/ HTTP/1.1" 200 7158
[2022-02-23 16:03:14,034] [basehttp.py:154] [basehttp:log_message] [INFO]- "GET /static/vendor/bootstrap/js/bootstrap.bundle.min.js.map HTTP/1.1" 200 303386
[2022-02-23 16:03:14,062] [basehttp.py:154] [basehttp:log_message] [WARNING]- "GET /static/css/bootstrap.min.css.map HTTP/1.1" 404 1800
[2022-02-23 16:03:14,080] [basehttp.py:154] [basehttp:log_message] [INFO]- "GET /favicon.ico HTTP/1.1" 302 0
[2022-02-23 16:03:14,095] [basehttp.py:154] [basehttp:log_message] [INFO]- "GET /login/ HTTP/1.1" 200 4823
[2022-02-23 16:03:53,265] [basehttp.py:154] [basehttp:log_message] [INFO]- "GET /signin/ HTTP/1.1" 200 6704
[2022-02-23 16:03:53,289] [basehttp.py:154] [basehttp:log_message] [INFO]- "GET /static/vendor/bootstrap/js/bootstrap.bundle.min.js.map HTTP/1.1" 200 303386
[2022-02-23 16:03:53,312] [basehttp.py:154] [basehttp:log_message] [WARNING]- "GET /static/css/bootstrap.min.css.map HTTP/1.1" 404 1800
[2022-02-23 16:03:53,327] [basehttp.py:154] [basehttp:log_message] [INFO]- "GET /favicon.ico HTTP/1.1" 302 0
[2022-02-23 16:03:53,344] [basehttp.py:154] [basehttp:log_message] [INFO]- "GET /login/ HTTP/1.1" 200 4823
[2022-02-23 16:06:44,290] [UserIP.py:89] [UserIP:process_response] [CRITICAL]- 系统错误
[2022-02-23 16:06:44,300] [basehttp.py:154] [basehttp:log_message] [INFO]- "POST /signin/ HTTP/1.1" 200 6672
[2022-02-23 16:06:44,324] [basehttp.py:154] [basehttp:log_message] [INFO]- "GET /static/vendor/bootstrap/js/bootstrap.bundle.min.js.map HTTP/1.1" 200 303386
[2022-02-23 16:06:44,353] [basehttp.py:154] [basehttp:log_message] [WARNING]- "GET /static/css/bootstrap.min.css.map HTTP/1.1" 404 1800
[2022-02-23 16:06:44,369] [basehttp.py:154] [basehttp:log_message] [INFO]- "GET /favicon.ico HTTP/1.1" 302 0
[2022-02-23 16:06:44,403] [basehttp.py:154] [basehttp:log_message] [INFO]- "GET /login/ HTTP/1.1" 200 4823
[2022-02-23 16:06:50,411] [UserIP.py:89] [UserIP:process_response] [CRITICAL]- 系统错误
[2022-02-23 16:06:50,419] [basehttp.py:154] [basehttp:log_message] [INFO]- "POST /admin/app01/userinfo/ HTTP/1.1" 200 3509
[2022-02-23 16:06:50,482] [basehttp.py:154] [basehttp:log_message] [INFO]- "GET /favicon.ico HTTP/1.1" 302 0
[2022-02-23 16:06:50,515] [basehttp.py:154] [basehttp:log_message] [INFO]- "GET /login/ HTTP/1.1" 200 4823
[2022-02-23 16:06:51,451] [UserIP.py:89] [UserIP:process_response] [CRITICAL]- 系统错误
[2022-02-23 16:06:51,459] [basehttp.py:154] [basehttp:log_message] [INFO]- "POST /admin/app01/userinfo/ HTTP/1.1" 302 0
[2022-02-23 16:06:51,526] [basehttp.py:154] [basehttp:log_message] [INFO]- "GET /admin/app01/userinfo/ HTTP/1.1" 200 11661
[2022-02-23 16:06:51,546] [basehttp.py:154] [basehttp:log_message] [INFO]- "GET /admin/jsi18n/ HTTP/1.1" 200 7684
[2022-02-23 16:06:51,584] [basehttp.py:154] [basehttp:log_message] [INFO]- "GET /favicon.ico HTTP/1.1" 302 0
[2022-02-23 16:06:51,617] [basehttp.py:154] [basehttp:log_message] [INFO]- "GET /login/ HTTP/1.1" 200 4823
[2022-02-23 16:06:53,675] [UserIP.py:89] [UserIP:process_response] [CRITICAL]- 系统错误
[2022-02-23 16:06:53,683] [basehttp.py:154] [basehttp:log_message] [INFO]- "POST /signin/ HTTP/1.1" 200 4838
[2022-02-23 16:06:53,702] [basehttp.py:154] [basehttp:log_message] [INFO]- "GET /static/vendor/bootstrap/js/bootstrap.bundle.min.js.map HTTP/1.1" 200 303386
[2022-02-23 16:06:53,724] [basehttp.py:154] [basehttp:log_message] [WARNING]- "GET /static/css/bootstrap.min.css.map HTTP/1.1" 404 1800
[2022-02-23 16:06:53,739] [basehttp.py:154] [basehttp:log_message] [INFO]- "GET /favicon.ico HTTP/1.1" 302 0
[2022-02-23 16:06:53,778] [basehttp.py:154] [basehttp:log_message] [INFO]- "GET /login/ HTTP/1.1" 200 4823
[2022-02-23 16:06:56,389] [basehttp.py:154] [basehttp:log_message] [INFO]- "GET /admin/app01/userinfo/ HTTP/1.1" 200 12589
[2022-02-23 16:06:56,407] [basehttp.py:154] [basehttp:log_message] [INFO]- "GET /admin/jsi18n/ HTTP/1.1" 200 7684
[2022-02-23 16:06:56,434] [basehttp.py:154] [basehttp:log_message] [INFO]- "GET /favicon.ico HTTP/1.1" 302 0
[2022-02-23 16:06:56,466] [basehttp.py:154] [basehttp:log_message] [INFO]- "GET /login/ HTTP/1.1" 200 4823
[2022-02-23 16:06:57,814] [basehttp.py:154] [basehttp:log_message] [INFO]- "GET /admin/app01/userinfo/13/change/ HTTP/1.1" 200 9750
[2022-02-23 16:06:57,834] [basehttp.py:154] [basehttp:log_message] [INFO]- "GET /admin/jsi18n/ HTTP/1.1" 200 7684
[2022-02-23 16:06:57,874] [basehttp.py:154] [basehttp:log_message] [INFO]- "GET /favicon.ico HTTP/1.1" 302 0
[2022-02-23 16:06:57,907] [basehttp.py:154] [basehttp:log_message] [INFO]- "GET /login/ HTTP/1.1" 200 4823
[2022-02-23 16:08:40,560] [basehttp.py:154] [basehttp:log_message] [INFO]- "GET /signin/ HTTP/1.1" 200 7853
[2022-02-23 16:08:40,581] [basehttp.py:154] [basehttp:log_message] [INFO]- "GET /static/vendor/bootstrap/js/bootstrap.bundle.min.js.map HTTP/1.1" 200 303386
[2022-02-23 16:08:40,604] [basehttp.py:154] [basehttp:log_message] [WARNING]- "GET /static/css/bootstrap.min.css.map HTTP/1.1" 404 1800
[2022-02-23 16:08:40,623] [basehttp.py:154] [basehttp:log_message] [INFO]- "GET /favicon.ico HTTP/1.1" 302 0
[2022-02-23 16:08:40,638] [basehttp.py:154] [basehttp:log_message] [INFO]- "GET /login/ HTTP/1.1" 200 4823
[2022-02-23 16:09:15,961] [basehttp.py:154] [basehttp:log_message] [INFO]- "GET /signin/ HTTP/1.1" 200 7703
[2022-02-23 16:09:15,985] [basehttp.py:154] [basehttp:log_message] [INFO]- "GET /static/vendor/bootstrap/js/bootstrap.bundle.min.js.map HTTP/1.1" 200 303386
[2022-02-23 16:09:16,011] [basehttp.py:154] [basehttp:log_message] [WARNING]- "GET /static/css/bootstrap.min.css.map HTTP/1.1" 404 1800
[2022-02-23 16:09:16,027] [basehttp.py:154] [basehttp:log_message] [INFO]- "GET /favicon.ico HTTP/1.1" 302 0
[2022-02-23 16:09:16,043] [basehttp.py:154] [basehttp:log_message] [INFO]- "GET /login/ HTTP/1.1" 200 4823
[2022-02-23 16:15:47,939] [basehttp.py:154] [basehttp:log_message] [INFO]- "GET /signin/ HTTP/1.1" 200 7058
[2022-02-23 16:15:48,002] [basehttp.py:154] [basehttp:log_message] [WARNING]- "GET /static/css/bootstrap.min.css.map HTTP/1.1" 404 1800
[2022-02-23 16:15:48,002] [basehttp.py:154] [basehttp:log_message] [INFO]- "GET /static/vendor/bootstrap/js/bootstrap.bundle.min.js.map HTTP/1.1" 200 303386
[2022-02-23 16:15:48,006] [basehttp.py:154] [basehttp:log_message] [INFO]- "GET /favicon.ico HTTP/1.1" 302 0
[2022-02-23 16:15:48,039] [basehttp.py:154] [basehttp:log_message] [INFO]- "GET /login/ HTTP/1.1" 200 4823
[2022-02-23 16:27:08,329] [basehttp.py:154] [basehttp:log_message] [INFO]- "GET /signin/ HTTP/1.1" 200 6654
[2022-02-23 16:27:08,352] [basehttp.py:154] [basehttp:log_message] [INFO]- "GET /static/vendor/bootstrap/js/bootstrap.bundle.min.js.map HTTP/1.1" 200 303386
[2022-02-23 16:27:08,375] [basehttp.py:154] [basehttp:log_message] [WARNING]- "GET /static/css/bootstrap.min.css.map HTTP/1.1" 404 1800
[2022-02-23 16:27:08,392] [basehttp.py:154] [basehttp:log_message] [INFO]- "GET /favicon.ico HTTP/1.1" 302 0
[2022-02-23 16:27:08,411] [basehttp.py:154] [basehttp:log_message] [INFO]- "GET /login/ HTTP/1.1" 200 4823
[2022-02-23 16:32:40,243] [basehttp.py:154] [basehttp:log_message] [INFO]- "GET /signin/ HTTP/1.1" 200 6784
[2022-02-23 16:32:40,277] [basehttp.py:154] [basehttp:log_message] [INFO]- "GET /static/vendor/bootstrap/js/bootstrap.bundle.min.js.map HTTP/1.1" 200 303386
[2022-02-23 16:32:40,306] [basehttp.py:154] [basehttp:log_message] [WARNING]- "GET /static/css/bootstrap.min.css.map HTTP/1.1" 404 1800
[2022-02-23 16:32:40,326] [basehttp.py:154] [basehttp:log_message] [INFO]- "GET /favicon.ico HTTP/1.1" 302 0
[2022-02-23 16:32:40,338] [basehttp.py:154] [basehttp:log_message] [INFO]- "GET /login/ HTTP/1.1" 200 4823
[2022-02-23 16:35:17,929] [basehttp.py:154] [basehttp:log_message] [INFO]- "GET /signin/ HTTP/1.1" 200 6784
[2022-02-23 16:35:17,984] [basehttp.py:154] [basehttp:log_message] [WARNING]- "GET /static/css/bootstrap.min.css.map HTTP/1.1" 404 1800
[2022-02-23 16:35:17,990] [basehttp.py:154] [basehttp:log_message] [INFO]- "GET /static/vendor/bootstrap/js/bootstrap.bundle.min.js.map HTTP/1.1" 200 303386
[2022-02-23 16:35:18,013] [basehttp.py:154] [basehttp:log_message] [INFO]- "GET /favicon.ico HTTP/1.1" 302 0
[2022-02-23 16:35:18,026] [basehttp.py:154] [basehttp:log_message] [INFO]- "GET /login/ HTTP/1.1" 200 4823
[2022-02-23 16:40:49,823] [basehttp.py:154] [basehttp:log_message] [INFO]- "GET /signin/ HTTP/1.1" 200 7807
[2022-02-23 16:40:49,891] [basehttp.py:154] [basehttp:log_message] [WARNING]- "GET /static/css/bootstrap.min.css.map HTTP/1.1" 404 1800
[2022-02-23 16:40:49,896] [basehttp.py:154] [basehttp:log_message] [INFO]- "GET /static/vendor/bootstrap/js/bootstrap.bundle.min.js.map HTTP/1.1" 200 303386
[2022-02-23 16:40:49,923] [basehttp.py:154] [basehttp:log_message] [INFO]- "GET /favicon.ico HTTP/1.1" 302 0
[2022-02-23 16:40:49,939] [basehttp.py:154] [basehttp:log_message] [INFO]- "GET /login/ HTTP/1.1" 200 4823
[2022-02-23 16:47:43,900] [basehttp.py:154] [basehttp:log_message] [INFO]- "GET /signin/ HTTP/1.1" 200 7807
[2022-02-23 16:47:43,956] [basehttp.py:154] [basehttp:log_message] [WARNING]- "GET /static/css/bootstrap.min.css.map HTTP/1.1" 404 1800
[2022-02-23 16:47:43,972] [basehttp.py:154] [basehttp:log_message] [INFO]- "GET /static/vendor/bootstrap/js/bootstrap.bundle.min.js.map HTTP/1.1" 200 303386
[2022-02-23 16:47:44,016] [basehttp.py:154] [basehttp:log_message] [INFO]- "GET /favicon.ico HTTP/1.1" 302 0
[2022-02-23 16:47:44,036] [basehttp.py:154] [basehttp:log_message] [INFO]- "GET /login/ HTTP/1.1" 200 4823
[2022-02-23 16:56:26,188] [basehttp.py:154] [basehttp:log_message] [INFO]- "GET /signin/ HTTP/1.1" 200 6784
[2022-02-23 16:56:26,245] [basehttp.py:154] [basehttp:log_message] [WARNING]- "GET /static/css/bootstrap.min.css.map HTTP/1.1" 404 1800
[2022-02-23 16:56:26,253] [basehttp.py:154] [basehttp:log_message] [INFO]- "GET /static/vendor/bootstrap/js/bootstrap.bundle.min.js.map HTTP/1.1" 200 303386
[2022-02-23 16:56:26,282] [basehttp.py:154] [basehttp:log_message] [INFO]- "GET /favicon.ico HTTP/1.1" 302 0
[2022-02-23 16:56:26,305] [basehttp.py:154] [basehttp:log_message] [INFO]- "GET /login/ HTTP/1.1" 200 4823
[2022-02-23 16:57:33,244] [basehttp.py:154] [basehttp:log_message] [INFO]- "GET /signin/ HTTP/1.1" 200 6814
[2022-02-23 16:57:33,309] [basehttp.py:154] [basehttp:log_message] [WARNING]- "GET /static/css/bootstrap.min.css.map HTTP/1.1" 404 1800
[2022-02-23 16:57:33,316] [basehttp.py:154] [basehttp:log_message] [INFO]- "GET /static/vendor/bootstrap/js/bootstrap.bundle.min.js.map HTTP/1.1" 200 303386
[2022-02-23 16:57:33,342] [basehttp.py:154] [basehttp:log_message] [INFO]- "GET /favicon.ico HTTP/1.1" 302 0
[2022-02-23 16:57:33,359] [basehttp.py:154] [basehttp:log_message] [INFO]- "GET /login/ HTTP/1.1" 200 4823
[2022-02-23 16:58:20,095] [basehttp.py:154] [basehttp:log_message] [INFO]- "GET /signin/ HTTP/1.1" 200 6819
[2022-02-23 16:58:20,135] [basehttp.py:154] [basehttp:log_message] [INFO]- "GET /static/vendor/bootstrap/js/bootstrap.bundle.min.js.map HTTP/1.1" 200 303386
[2022-02-23 16:58:20,153] [basehttp.py:154] [basehttp:log_message] [WARNING]- "GET /static/css/bootstrap.min.css.map HTTP/1.1" 404 1800
[2022-02-23 16:58:20,166] [basehttp.py:154] [basehttp:log_message] [INFO]- "GET /favicon.ico HTTP/1.1" 302 0
[2022-02-23 16:58:20,185] [basehttp.py:154] [basehttp:log_message] [INFO]- "GET /login/ HTTP/1.1" 200 4823
[2022-02-23 16:58:52,745] [basehttp.py:154] [basehttp:log_message] [INFO]- "GET /signin/ HTTP/1.1" 200 6789
[2022-02-23 16:58:52,791] [basehttp.py:154] [basehttp:log_message] [INFO]- "GET /static/vendor/bootstrap/js/bootstrap.bundle.min.js.map HTTP/1.1" 200 303386
[2022-02-23 16:58:52,825] [basehttp.py:154] [basehttp:log_message] [WARNING]- "GET /static/css/bootstrap.min.css.map HTTP/1.1" 404 1800
[2022-02-23 16:58:52,837] [basehttp.py:154] [basehttp:log_message] [INFO]- "GET /favicon.ico HTTP/1.1" 302 0
[2022-02-23 16:58:52,859] [basehttp.py:154] [basehttp:log_message] [INFO]- "GET /login/ HTTP/1.1" 200 4823
[2022-02-23 16:58:54,481] [basehttp.py:154] [basehttp:log_message] [INFO]- "GET /signin/ HTTP/1.1" 200 6789
[2022-02-23 16:58:54,505] [basehttp.py:154] [basehttp:log_message] [INFO]- "GET /static/vendor/bootstrap/js/bootstrap.bundle.min.js.map HTTP/1.1" 200 303386
[2022-02-23 16:58:54,528] [basehttp.py:154] [basehttp:log_message] [WARNING]- "GET /static/css/bootstrap.min.css.map HTTP/1.1" 404 1800
[2022-02-23 16:58:54,552] [basehttp.py:154] [basehttp:log_message] [INFO]- "GET /favicon.ico HTTP/1.1" 302 0
[2022-02-23 16:58:54,567] [basehttp.py:154] [basehttp:log_message] [INFO]- "GET /login/ HTTP/1.1" 200 4823
[2022-02-25 11:33:07,484] [basehttp.py:154] [basehttp:log_message] [INFO]- "GET /signin/ HTTP/1.1" 200 6789
[2022-02-25 11:33:07,561] [basehttp.py:154] [basehttp:log_message] [INFO]- "GET /static/vendor/bootstrap/js/bootstrap.bundle.min.js.map HTTP/1.1" 200 303386
[2022-02-25 11:33:07,567] [basehttp.py:154] [basehttp:log_message] [INFO]- "GET /favicon.ico HTTP/1.1" 302 0
[2022-02-25 11:33:07,576] [basehttp.py:154] [basehttp:log_message] [INFO]- "GET /login/ HTTP/1.1" 200 4823
[2022-02-25 11:33:07,582] [basehttp.py:154] [basehttp:log_message] [WARNING]- "GET /static/css/bootstrap.min.css.map HTTP/1.1" 404 1800
[2022-02-25 11:33:10,809] [basehttp.py:154] [basehttp:log_message] [INFO]- "GET /admin/app01/userinfo/13/change/ HTTP/1.1" 302 0
[2022-02-25 11:33:10,827] [basehttp.py:154] [basehttp:log_message] [INFO]- "GET /admin/login/?next=/admin/app01/userinfo/13/change/ HTTP/1.1" 200 1871
[2022-02-25 11:33:10,847] [basehttp.py:154] [basehttp:log_message] [INFO]- "GET /favicon.ico HTTP/1.1" 302 0
[2022-02-25 11:33:10,849] [basehttp.py:154] [basehttp:log_message] [INFO]- "GET /login/ HTTP/1.1" 200 4823
[2022-02-25 11:33:14,425] [UserIP.py:89] [UserIP:process_response] [CRITICAL]- 系统错误
[2022-02-25 11:33:14,433] [basehttp.py:154] [basehttp:log_message] [INFO]- "POST /admin/login/?next=/admin/app01/userinfo/13/change/ HTTP/1.1" 302 0
[2022-02-25 11:33:14,509] [basehttp.py:154] [basehttp:log_message] [INFO]- "GET /admin/app01/userinfo/13/change/ HTTP/1.1" 200 9750
[2022-02-25 11:33:14,530] [basehttp.py:154] [basehttp:log_message] [INFO]- "GET /admin/jsi18n/ HTTP/1.1" 200 7684
[2022-02-25 11:33:14,606] [basehttp.py:154] [basehttp:log_message] [INFO]- "GET /favicon.ico HTTP/1.1" 302 0
[2022-02-25 11:33:14,638] [basehttp.py:154] [basehttp:log_message] [INFO]- "GET /login/ HTTP/1.1" 200 4823
