[2022-01-07 14:45:10,795] [basehttp.py:154] [basehttp:log_message] [INFO]- "GET / HTTP/1.1" 302 0
[2022-01-07 14:45:10,802] [basehttp.py:154] [basehttp:log_message] [INFO]- "GET /login/ HTTP/1.1" 200 4823
[2022-01-07 14:45:10,817] [basehttp.py:154] [basehttp:log_message] [INFO]- "GET /static/css/sb-admin.css HTTP/1.1" 200 214832
[2022-01-07 14:45:10,818] [basehttp.py:154] [basehttp:log_message] [INFO]- "GET /static/vendor/fontawesome-free/css/all.min.css HTTP/1.1" 200 54641
[2022-01-07 14:45:10,821] [basehttp.py:154] [basehttp:log_message] [INFO]- "GET /static/vendor/jquery-easing/jquery.easing.min.js HTTP/1.1" 200 2532
[2022-01-07 14:45:10,822] [basehttp.py:154] [basehttp:log_message] [INFO]- "GET /static/css/test1.css HTTP/1.1" 200 29532
[2022-01-07 14:45:10,822] [basehttp.py:154] [basehttp:log_message] [INFO]- "GET /static/vendor/jquery/jquery.min.js HTTP/1.1" 200 86927
[2022-01-07 14:45:10,823] [basehttp.py:154] [basehttp:log_message] [INFO]- "GET /static/vendor/bootstrap/js/bootstrap.bundle.min.js HTTP/1.1" 200 76308
[2022-01-07 14:45:10,823] [basehttp.py:154] [basehttp:log_message] [INFO]- "GET /static/css/bootstrap.min.css HTTP/1.1" 200 144877
[2022-01-07 14:45:10,861] [basehttp.py:154] [basehttp:log_message] [INFO]- "GET /static/src/yellow.jpg HTTP/1.1" 200 81394
[2022-01-07 14:45:10,931] [basehttp.py:154] [basehttp:log_message] [INFO]- "GET /favicon.ico HTTP/1.1" 302 0
[2022-01-07 14:45:10,937] [basehttp.py:154] [basehttp:log_message] [INFO]- "GET /login/ HTTP/1.1" 200 4823
[2022-01-07 14:45:17,989] [UserIP.py:89] [UserIP:process_response] [CRITICAL]- 系统错误
[2022-01-07 14:45:18,013] [basehttp.py:154] [basehttp:log_message] [INFO]- "POST /login/ HTTP/1.1" 302 0
[2022-01-07 14:45:18,047] [basehttp.py:154] [basehttp:log_message] [INFO]- "GET /index/ HTTP/1.1" 200 29154
[2022-01-07 14:45:18,060] [basehttp.py:154] [basehttp:log_message] [INFO]- "GET /static/css/lib/owl.carousel.min.css HTTP/1.1" 200 3011
[2022-01-07 14:45:18,061] [basehttp.py:154] [basehttp:log_message] [INFO]- "GET /static/css/lib/font-awesome.min.css HTTP/1.1" 200 38722
[2022-01-07 14:45:18,061] [basehttp.py:154] [basehttp:log_message] [INFO]- "GET /static/css/lib/calendar2/pignose.calendar.min.css HTTP/1.1" 200 14709
[2022-01-07 14:45:18,061] [basehttp.py:154] [basehttp:log_message] [INFO]- "GET /static/css/lib/themify-icons.css HTTP/1.1" 200 17551
[2022-01-07 14:45:18,062] [basehttp.py:154] [basehttp:log_message] [INFO]- "GET /static/css/lib/chartist/chartist.min.css HTTP/1.1" 200 11508
[2022-01-07 14:45:18,068] [basehttp.py:154] [basehttp:log_message] [INFO]- "GET /static/css/lib/owl.theme.default.min.css HTTP/1.1" 200 1003
[2022-01-07 14:45:18,068] [basehttp.py:154] [basehttp:log_message] [INFO]- "GET /static/css/lib/weather-icons.css HTTP/1.1" 200 30752
[2022-01-07 14:45:18,069] [basehttp.py:154] [basehttp:log_message] [INFO]- "GET /static/css/lib/menubar/sidebar.css HTTP/1.1" 200 17496
[2022-01-07 14:45:18,069] [basehttp.py:154] [basehttp:log_message] [INFO]- "GET /static/css/lib/helper.css HTTP/1.1" 200 55773
[2022-01-07 14:45:18,070] [basehttp.py:154] [basehttp:log_message] [INFO]- "GET /static/node_modules/bootstrap-icons/font/bootstrap-icons.css HTTP/1.1" 200 73271
[2022-01-07 14:45:18,072] [basehttp.py:154] [basehttp:log_message] [INFO]- "GET /static/download_UPK/element-ui@2.12.0/lib/theme-chalk/index.css HTTP/1.1" 200 232694
[2022-01-07 14:45:18,073] [basehttp.py:154] [basehttp:log_message] [INFO]- "GET /static/css/style.css HTTP/1.1" 200 91486
[2022-01-07 14:45:18,080] [basehttp.py:154] [basehttp:log_message] [INFO]- "GET /static/css/uploadbutton.css HTTP/1.1" 200 175
[2022-01-07 14:45:18,082] [basehttp.py:154] [basehttp:log_message] [INFO]- "GET /static/css/home_style.css HTTP/1.1" 200 23905
[2022-01-07 14:45:18,082] [basehttp.py:154] [basehttp:log_message] [INFO]- "GET /static/css/home_zerogrid.css HTTP/1.1" 200 4828
[2022-01-07 14:45:18,083] [basehttp.py:154] [basehttp:log_message] [INFO]- "GET /static/css/home_menu.css HTTP/1.1" 200 8215
[2022-01-07 14:45:18,083] [basehttp.py:154] [basehttp:log_message] [INFO]- "GET /static/css/ElementUI.css HTTP/1.1" 200 232696
[2022-01-07 14:45:18,090] [basehttp.py:154] [basehttp:log_message] [INFO]- "GET /static/js/lib/jquery.nanoscroller.min.js HTTP/1.1" 200 12394
[2022-01-07 14:45:18,091] [basehttp.py:154] [basehttp:log_message] [INFO]- "GET /static/js/lib/menubar/sidebar.js HTTP/1.1" 200 7379
[2022-01-07 14:45:18,091] [basehttp.py:154] [basehttp:log_message] [INFO]- "GET /static/js/lib/preloader/pace.min.js HTTP/1.1" 200 26566
[2022-01-07 14:45:18,092] [basehttp.py:154] [basehttp:log_message] [INFO]- "GET /static/js/scripts.js HTTP/1.1" 200 1906
[2022-01-07 14:45:18,092] [basehttp.py:154] [basehttp:log_message] [INFO]- "GET /static/js/lib/bootstrap.min.js HTTP/1.1" 200 69782
[2022-01-07 14:45:18,093] [basehttp.py:154] [basehttp:log_message] [INFO]- "GET /static/js/lib/jquery.min.js HTTP/1.1" 200 97362
[2022-01-07 14:45:18,094] [basehttp.py:154] [basehttp:log_message] [INFO]- "GET /static/js/lib/calendar-2/moment.latest.min.js HTTP/1.1" 200 61317
[2022-01-07 14:45:18,096] [basehttp.py:154] [basehttp:log_message] [INFO]- "GET /static/js/lib/calendar-2/pignose.calendar.min.js HTTP/1.1" 200 24265
[2022-01-07 14:45:18,097] [basehttp.py:154] [basehttp:log_message] [INFO]- "GET /static/js/lib/calendar-2/pignose.init.js HTTP/1.1" 200 258
[2022-01-07 14:45:18,099] [basehttp.py:154] [basehttp:log_message] [INFO]- "GET /static/js/lib/circle-progress/circle-progress.min.js HTTP/1.1" 200 4453
[2022-01-07 14:45:18,100] [basehttp.py:154] [basehttp:log_message] [INFO]- "GET /static/js/lib/circle-progress/circle-progress-init.js HTTP/1.1" 200 1252
[2022-01-07 14:45:18,101] [basehttp.py:154] [basehttp:log_message] [INFO]- "GET /static/js/lib/sparklinechart/jquery.sparkline.min.js HTTP/1.1" 200 43247
[2022-01-07 14:45:18,101] [basehttp.py:154] [basehttp:log_message] [INFO]- "GET /static/js/lib/sparklinechart/sparkline.init.js HTTP/1.1" 200 9974
[2022-01-07 14:45:18,105] [basehttp.py:154] [basehttp:log_message] [INFO]- "GET /static/js/lib/owl-carousel/owl.carousel-init.js HTTP/1.1" 200 1044
[2022-01-07 14:45:18,106] [basehttp.py:154] [basehttp:log_message] [INFO]- "GET /static/js/date.js HTTP/1.1" 200 764
[2022-01-07 14:45:18,106] [basehttp.py:154] [basehttp:log_message] [INFO]- "GET /static/js/datapicker.js HTTP/1.1" 200 11813
[2022-01-07 14:45:18,107] [basehttp.py:154] [basehttp:log_message] [INFO]- "GET /static/js/lib/owl-carousel/owl.carousel.min.js HTTP/1.1" 200 42854
[2022-01-07 14:45:18,109] [basehttp.py:154] [basehttp:log_message] [INFO]- "GET /static/js/lib/calendar-2/prism.min.js HTTP/1.1" 200 8822
[2022-01-07 14:45:18,112] [basehttp.py:154] [basehttp:log_message] [INFO]- "GET /static/js/qs.js HTTP/1.1" 200 25398
[2022-01-07 14:45:18,114] [basehttp.py:154] [basehttp:log_message] [INFO]- "GET /static/js/vue-router.min.js HTTP/1.1" 200 27792
[2022-01-07 14:45:18,115] [basehttp.py:154] [basehttp:log_message] [INFO]- "GET /static/js/lib/calendar-2/semantic.ui.min.js HTTP/1.1" 200 287763
[2022-01-07 14:45:18,117] [basehttp.py:154] [basehttp:log_message] [INFO]- "GET /static/js/es6/polyfill.min.js HTTP/1.1" 200 97799
[2022-01-07 14:45:18,117] [basehttp.py:154] [basehttp:log_message] [INFO]- "GET /static/vendor/datatables/jquery.dataTables.js HTTP/1.1" 200 447606
[2022-01-07 14:45:18,119] [basehttp.py:154] [basehttp:log_message] [INFO]- "GET /static/js/xlsx/xlsx.core.min.js HTTP/1.1" 200 480558
[2022-01-07 14:45:18,120] [basehttp.py:154] [basehttp:log_message] [INFO]- "GET /static/js/axios.min.js HTTP/1.1" 200 13696
[2022-01-07 14:45:18,121] [basehttp.py:154] [basehttp:log_message] [INFO]- "GET /static/js/vue.min.js HTTP/1.1" 200 93675
[2022-01-07 14:45:18,123] [basehttp.py:154] [basehttp:log_message] [INFO]- "GET /static/js/es6/babel.min.js HTTP/1.1" 200 791258
[2022-01-07 14:45:18,124] [basehttp.py:154] [basehttp:log_message] [INFO]- "GET /static/js/xlsx/FileSaver.min.js HTTP/1.1" 200 2611
[2022-01-07 14:45:18,125] [basehttp.py:154] [basehttp:log_message] [INFO]- "GET /static/js/Element/table.js HTTP/1.1" 200 28389
[2022-01-07 14:45:18,130] [basehttp.py:154] [basehttp:log_message] [INFO]- "GET /static/js/Element/main.js HTTP/1.1" 200 8726
[2022-01-07 14:45:18,133] [basehttp.py:154] [basehttp:log_message] [INFO]- "GET /static/js/Element/input.js HTTP/1.1" 200 29207
[2022-01-07 14:45:18,134] [basehttp.py:154] [basehttp:log_message] [INFO]- "GET /static/js/Element/table-column.js HTTP/1.1" 200 28341
[2022-01-07 14:45:18,135] [basehttp.py:154] [basehttp:log_message] [INFO]- "GET /static/js/Element/icon.js HTTP/1.1" 200 8700
[2022-01-07 14:45:18,138] [basehttp.py:154] [basehttp:log_message] [INFO]- "GET /static/js/Element/dialog.js HTTP/1.1" 200 11942
[2022-01-07 14:45:18,140] [basehttp.py:154] [basehttp:log_message] [INFO]- "GET /static/js/Element/form.js HTTP/1.1" 200 10145
[2022-01-07 14:45:18,140] [basehttp.py:154] [basehttp:log_message] [INFO]- "GET /static/js/Element/message.js HTTP/1.1" 200 11022
[2022-01-07 14:45:18,142] [basehttp.py:154] [basehttp:log_message] [INFO]- "GET /static/js/Element/tooltip.js HTTP/1.1" 200 8439
[2022-01-07 14:45:18,143] [basehttp.py:154] [basehttp:log_message] [INFO]- "GET /static/js/Element/date-picker.js HTTP/1.1" 200 186049
[2022-01-07 14:45:18,144] [basehttp.py:154] [basehttp:log_message] [INFO]- "GET /static/js/Element/pagination.js HTTP/1.1" 200 22168
[2022-01-07 14:45:18,144] [basehttp.py:154] [basehttp:log_message] [INFO]- "GET /static/js/xlsx/xlsx.js HTTP/1.1" 200 5900
[2022-01-07 14:45:18,145] [basehttp.py:154] [basehttp:log_message] [INFO]- "GET /static/src/back/001.png HTTP/1.1" 200 2015
[2022-01-07 14:45:18,147] [basehttp.py:154] [basehttp:log_message] [INFO]- "GET /static/js/Element/index.js HTTP/1.1" 200 563790
[2022-01-07 14:45:18,149] [basehttp.py:154] [basehttp:log_message] [INFO]- "GET /static/src/back/mail.png HTTP/1.1" 200 3002
[2022-01-07 14:45:18,151] [basehttp.py:154] [basehttp:log_message] [INFO]- "GET /static/src/back/call.png HTTP/1.1" 200 1850
[2022-01-07 14:45:18,173] [basehttp.py:154] [basehttp:log_message] [INFO]- "GET /index/ HTTP/1.1" 200 29154
[2022-01-07 14:45:18,254] [basehttp.py:154] [basehttp:log_message] [INFO]- "GET /static/css/admin/assets/fonts/themify.woff?-fvbane HTTP/1.1" 200 0
[2022-01-07 14:45:18,254] [basehttp.py:154] [basehttp:log_message] [INFO]- "GET /static/node_modules/bootstrap-icons/font/fonts/bootstrap-icons.woff2?30af91bf14e37666a085fb8a161ff36d HTTP/1.1" 200 92064
[2022-01-07 14:45:18,456] [basehttp.py:154] [basehttp:log_message] [INFO]- "GET /static/src/jinqiu5.jpg HTTP/1.1" 200 76515
[2022-01-07 14:45:18,463] [basehttp.py:154] [basehttp:log_message] [INFO]- "GET /static/src/qiu1.jpg HTTP/1.1" 200 611283
[2022-01-07 14:45:18,466] [basehttp.py:154] [basehttp:log_message] [INFO]- "GET /static/src/lu.jpg HTTP/1.1" 200 680519
[2022-01-07 14:45:18,471] [basehttp.py:154] [basehttp:log_message] [INFO]- "GET /static/css/admin/assets/fonts/themify.ttf?-fvbane HTTP/1.1" 200 0
[2022-01-07 14:45:18,475] [UserIP.py:87] [UserIP:process_response] [INFO]- 2022-01-07 14:45:18 C1010S3>cao. edwin None>LAPTOP-VA9VPAO8>417 127.0.0.1 127.0.0.1 /index/ POST
[2022-01-07 14:45:18,480] [basehttp.py:154] [basehttp:log_message] [INFO]- "GET /static/css/fonts/element-icons.ttf HTTP/1.1" 200 55956
[2022-01-07 14:45:18,487] [basehttp.py:154] [basehttp:log_message] [INFO]- "POST /index/ HTTP/1.1" 200 1360
[2022-01-07 14:45:18,489] [basehttp.py:154] [basehttp:log_message] [INFO]- "GET /static/fonts/themify.woff?-fvbane HTTP/1.1" 200 56108
[2022-01-07 14:45:18,535] [basehttp.py:154] [basehttp:log_message] [INFO]- "GET /media/img/UserInfo/u2393454652578938553fm26gp0.jpg HTTP/1.1" 200 34852
[2022-01-07 14:45:18,557] [basehttp.py:154] [basehttp:log_message] [INFO]- "GET /favicon.ico HTTP/1.1" 200 20078
[2022-01-07 14:45:29,805] [log.py:228] [log:log_response] [WARNING]- Not Found: /index/http://127.0.0.1:8000/index/
[2022-01-07 14:45:29,805] [basehttp.py:154] [basehttp:log_message] [WARNING]- "GET /index/http://127.0.0.1:8000/index/ HTTP/1.1" 404 3971
[2022-01-07 14:45:29,899] [basehttp.py:154] [basehttp:log_message] [INFO]- "GET /favicon.ico HTTP/1.1" 200 20078
[2022-01-07 14:45:35,485] [basehttp.py:154] [basehttp:log_message] [INFO]- "GET /index/ HTTP/1.1" 200 29154
[2022-01-07 14:45:35,596] [basehttp.py:154] [basehttp:log_message] [INFO]- "GET /index/ HTTP/1.1" 200 29154
[2022-01-07 14:45:35,933] [UserIP.py:87] [UserIP:process_response] [INFO]- 2022-01-07 14:45:35 C1010S3>cao. edwin None>LAPTOP-VA9VPAO8>417 127.0.0.1 127.0.0.1 /index/ POST
[2022-01-07 14:45:35,943] [basehttp.py:154] [basehttp:log_message] [INFO]- "POST /index/ HTTP/1.1" 200 1360
[2022-01-07 14:45:35,949] [basehttp.py:154] [basehttp:log_message] [INFO]- "GET /favicon.ico HTTP/1.1" 200 20078
[2022-01-07 14:45:41,337] [basehttp.py:154] [basehttp:log_message] [INFO]- "GET /admin/ HTTP/1.1" 302 0
[2022-01-07 14:45:41,416] [basehttp.py:154] [basehttp:log_message] [INFO]- "GET /admin/login/?next=/admin/ HTTP/1.1" 200 1821
[2022-01-07 14:45:41,430] [basehttp.py:154] [basehttp:log_message] [INFO]- "GET /static/admin/css/base.css HTTP/1.1" 200 16225
[2022-01-07 14:45:41,430] [basehttp.py:154] [basehttp:log_message] [INFO]- "GET /static/admin/css/login.css HTTP/1.1" 200 1203
[2022-01-07 14:45:41,431] [basehttp.py:154] [basehttp:log_message] [INFO]- "GET /static/admin/css/responsive.css HTTP/1.1" 200 17976
[2022-01-07 14:45:41,432] [basehttp.py:154] [basehttp:log_message] [INFO]- "GET /static/admin/css/fonts.css HTTP/1.1" 200 423
[2022-01-07 14:45:41,450] [basehttp.py:154] [basehttp:log_message] [INFO]- "GET /static/admin/fonts/Roboto-Light-webfont.woff HTTP/1.1" 200 81348
[2022-01-07 14:45:41,451] [basehttp.py:154] [basehttp:log_message] [INFO]- "GET /static/admin/fonts/Roboto-Regular-webfont.woff HTTP/1.1" 200 80304
[2022-01-07 14:45:41,461] [basehttp.py:154] [basehttp:log_message] [INFO]- "GET /favicon.ico HTTP/1.1" 200 20078
[2022-01-07 14:45:44,965] [UserIP.py:89] [UserIP:process_response] [CRITICAL]- 系统错误
[2022-01-07 14:45:44,971] [basehttp.py:154] [basehttp:log_message] [INFO]- "POST /admin/login/?next=/admin/ HTTP/1.1" 302 0
[2022-01-07 14:45:45,040] [basehttp.py:154] [basehttp:log_message] [INFO]- "GET /admin/ HTTP/1.1" 200 21846
[2022-01-07 14:45:45,048] [basehttp.py:154] [basehttp:log_message] [INFO]- "GET /static/admin/css/dashboard.css HTTP/1.1" 200 412
[2022-01-07 14:45:45,051] [basehttp.py:154] [basehttp:log_message] [INFO]- "GET /static/admin/img/icon-changelink.svg HTTP/1.1" 200 380
[2022-01-07 14:45:45,051] [basehttp.py:154] [basehttp:log_message] [INFO]- "GET /static/admin/img/icon-addlink.svg HTTP/1.1" 200 331
[2022-01-07 14:45:45,075] [basehttp.py:154] [basehttp:log_message] [INFO]- "GET /static/admin/fonts/Roboto-Bold-webfont.woff HTTP/1.1" 200 82564
[2022-01-07 14:45:45,088] [basehttp.py:154] [basehttp:log_message] [INFO]- "GET /favicon.ico HTTP/1.1" 200 20078
[2022-01-07 14:46:44,302] [basehttp.py:154] [basehttp:log_message] [INFO]- "GET /admin/app01/menu/ HTTP/1.1" 200 13473
[2022-01-07 14:46:44,316] [basehttp.py:154] [basehttp:log_message] [INFO]- "GET /static/admin/js/jquery.init.js HTTP/1.1" 200 363
[2022-01-07 14:46:44,317] [basehttp.py:154] [basehttp:log_message] [INFO]- "GET /static/admin/js/admin/RelatedObjectLookups.js HTTP/1.1" 200 6918
[2022-01-07 14:46:44,317] [basehttp.py:154] [basehttp:log_message] [INFO]- "GET /static/admin/css/changelists.css HTTP/1.1" 200 6170
[2022-01-07 14:46:44,318] [basehttp.py:154] [basehttp:log_message] [INFO]- "GET /static/admin/js/core.js HTTP/1.1" 200 7135
[2022-01-07 14:46:44,322] [basehttp.py:154] [basehttp:log_message] [INFO]- "GET /static/admin/js/actions.js HTTP/1.1" 200 6538
[2022-01-07 14:46:44,325] [basehttp.py:154] [basehttp:log_message] [INFO]- "GET /static/admin/js/urlify.js HTTP/1.1" 200 8972
[2022-01-07 14:46:44,325] [basehttp.py:154] [basehttp:log_message] [INFO]- "GET /static/admin/js/prepopulate.js HTTP/1.1" 200 1530
[2022-01-07 14:46:44,327] [basehttp.py:154] [basehttp:log_message] [INFO]- "GET /static/admin/js/vendor/jquery/jquery.js HTTP/1.1" 200 271751
[2022-01-07 14:46:44,328] [basehttp.py:154] [basehttp:log_message] [INFO]- "GET /static/admin/js/vendor/xregexp/xregexp.js HTTP/1.1" 200 128820
[2022-01-07 14:46:44,335] [basehttp.py:154] [basehttp:log_message] [INFO]- "GET /admin/jsi18n/ HTTP/1.1" 200 7684
[2022-01-07 14:46:44,339] [basehttp.py:154] [basehttp:log_message] [INFO]- "GET /static/admin/img/search.svg HTTP/1.1" 200 458
[2022-01-07 14:46:44,355] [basehttp.py:154] [basehttp:log_message] [INFO]- "GET /static/admin/img/tooltag-add.svg HTTP/1.1" 200 331
[2022-01-07 14:46:44,356] [basehttp.py:154] [basehttp:log_message] [INFO]- "GET /static/admin/img/sorting-icons.svg HTTP/1.1" 200 1097
[2022-01-07 14:46:44,396] [basehttp.py:154] [basehttp:log_message] [INFO]- "GET /favicon.ico HTTP/1.1" 200 20078
[2022-01-07 14:47:11,453] [basehttp.py:154] [basehttp:log_message] [INFO]- "GET /admin/app01/menu/26/change/ HTTP/1.1" 200 7030
[2022-01-07 14:47:11,462] [basehttp.py:154] [basehttp:log_message] [INFO]- "GET /static/admin/css/forms.css HTTP/1.1" 200 8505
[2022-01-07 14:47:11,466] [basehttp.py:154] [basehttp:log_message] [INFO]- "GET /static/admin/css/widgets.css HTTP/1.1" 200 10340
[2022-01-07 14:47:11,467] [basehttp.py:154] [basehttp:log_message] [INFO]- "GET /static/admin/js/change_form.js HTTP/1.1" 200 712
[2022-01-07 14:47:11,470] [basehttp.py:154] [basehttp:log_message] [INFO]- "GET /static/admin/js/prepopulate_init.js HTTP/1.1" 200 495
[2022-01-07 14:47:11,474] [basehttp.py:154] [basehttp:log_message] [INFO]- "GET /static/admin/img/icon-deletelink.svg HTTP/1.1" 200 392
[2022-01-07 14:47:11,490] [basehttp.py:154] [basehttp:log_message] [INFO]- "GET /admin/jsi18n/ HTTP/1.1" 200 7684
[2022-01-07 14:47:11,554] [basehttp.py:154] [basehttp:log_message] [INFO]- "GET /favicon.ico HTTP/1.1" 200 20078
[2022-01-07 14:47:13,585] [basehttp.py:154] [basehttp:log_message] [INFO]- "GET /admin/app01/menu/ HTTP/1.1" 200 13473
[2022-01-07 14:47:13,629] [basehttp.py:154] [basehttp:log_message] [INFO]- "GET /favicon.ico HTTP/1.1" 200 20078
[2022-01-07 14:47:17,144] [basehttp.py:154] [basehttp:log_message] [INFO]- "GET /admin/app01/menu/30/change/ HTTP/1.1" 200 7044
[2022-01-07 14:47:17,178] [basehttp.py:154] [basehttp:log_message] [INFO]- "GET /admin/jsi18n/ HTTP/1.1" 200 7684
[2022-01-07 14:47:17,213] [basehttp.py:154] [basehttp:log_message] [INFO]- "GET /favicon.ico HTTP/1.1" 200 20078
[2022-01-07 14:47:19,516] [basehttp.py:154] [basehttp:log_message] [INFO]- "GET /admin/app01/menu/ HTTP/1.1" 200 13473
[2022-01-07 14:47:19,570] [basehttp.py:154] [basehttp:log_message] [INFO]- "GET /favicon.ico HTTP/1.1" 200 20078
[2022-01-07 14:47:20,710] [basehttp.py:154] [basehttp:log_message] [INFO]- "GET /admin/app01/menu/26/change/ HTTP/1.1" 200 7030
[2022-01-07 14:47:20,733] [basehttp.py:154] [basehttp:log_message] [INFO]- "GET /admin/jsi18n/ HTTP/1.1" 200 7684
[2022-01-07 14:47:20,760] [basehttp.py:154] [basehttp:log_message] [INFO]- "GET /favicon.ico HTTP/1.1" 200 20078
[2022-01-07 14:47:48,141] [basehttp.py:154] [basehttp:log_message] [INFO]- "GET /admin/app01/menu/ HTTP/1.1" 200 13473
[2022-01-07 14:47:48,191] [basehttp.py:154] [basehttp:log_message] [INFO]- "GET /favicon.ico HTTP/1.1" 200 20078
[2022-01-07 14:47:51,719] [basehttp.py:154] [basehttp:log_message] [INFO]- "GET /admin/app01/menu/30/change/ HTTP/1.1" 200 7044
[2022-01-07 14:47:51,763] [basehttp.py:154] [basehttp:log_message] [INFO]- "GET /admin/jsi18n/ HTTP/1.1" 200 7684
[2022-01-07 14:47:51,812] [basehttp.py:154] [basehttp:log_message] [INFO]- "GET /favicon.ico HTTP/1.1" 200 20078
[2022-01-07 14:48:01,239] [basehttp.py:154] [basehttp:log_message] [INFO]- "GET /admin/app01/menu/ HTTP/1.1" 200 13473
[2022-01-07 14:48:01,290] [basehttp.py:154] [basehttp:log_message] [INFO]- "GET /favicon.ico HTTP/1.1" 200 20078
[2022-01-07 14:48:02,721] [basehttp.py:154] [basehttp:log_message] [INFO]- "GET /admin/app01/menu/29/change/ HTTP/1.1" 200 7050
[2022-01-07 14:48:02,766] [basehttp.py:154] [basehttp:log_message] [INFO]- "GET /admin/jsi18n/ HTTP/1.1" 200 7684
[2022-01-07 14:48:02,795] [basehttp.py:154] [basehttp:log_message] [INFO]- "GET /favicon.ico HTTP/1.1" 200 20078
[2022-01-07 14:48:11,681] [basehttp.py:154] [basehttp:log_message] [INFO]- "GET /admin/app01/menu/ HTTP/1.1" 200 13473
[2022-01-07 14:48:11,748] [basehttp.py:154] [basehttp:log_message] [INFO]- "GET /favicon.ico HTTP/1.1" 200 20078
[2022-01-07 14:48:22,712] [basehttp.py:154] [basehttp:log_message] [INFO]- "GET /admin/app01/menu/28/change/ HTTP/1.1" 200 7056
[2022-01-07 14:48:22,751] [basehttp.py:154] [basehttp:log_message] [INFO]- "GET /admin/jsi18n/ HTTP/1.1" 200 7684
[2022-01-07 14:48:22,777] [basehttp.py:154] [basehttp:log_message] [INFO]- "GET /favicon.ico HTTP/1.1" 200 20078
[2022-01-07 14:48:31,252] [basehttp.py:154] [basehttp:log_message] [INFO]- "GET /admin/app01/menu/ HTTP/1.1" 200 13473
[2022-01-07 14:48:31,310] [basehttp.py:154] [basehttp:log_message] [INFO]- "GET /favicon.ico HTTP/1.1" 200 20078
[2022-01-07 14:48:34,384] [basehttp.py:154] [basehttp:log_message] [INFO]- "GET /admin/app01/menu/27/change/ HTTP/1.1" 200 7056
[2022-01-07 14:48:34,404] [basehttp.py:154] [basehttp:log_message] [INFO]- "GET /admin/jsi18n/ HTTP/1.1" 200 7684
[2022-01-07 14:48:34,434] [basehttp.py:154] [basehttp:log_message] [INFO]- "GET /favicon.ico HTTP/1.1" 200 20078
[2022-01-07 14:48:51,029] [basehttp.py:154] [basehttp:log_message] [INFO]- "GET /admin/app01/menu/ HTTP/1.1" 200 13473
[2022-01-07 14:48:51,081] [basehttp.py:154] [basehttp:log_message] [INFO]- "GET /favicon.ico HTTP/1.1" 200 20078
[2022-01-07 14:49:19,500] [basehttp.py:154] [basehttp:log_message] [INFO]- "GET /admin/app01/menu/32/change/ HTTP/1.1" 200 7047
[2022-01-07 14:49:19,521] [basehttp.py:154] [basehttp:log_message] [INFO]- "GET /admin/jsi18n/ HTTP/1.1" 200 7684
[2022-01-07 14:49:19,547] [basehttp.py:154] [basehttp:log_message] [INFO]- "GET /favicon.ico HTTP/1.1" 200 20078
[2022-01-07 14:49:21,182] [basehttp.py:154] [basehttp:log_message] [INFO]- "GET /admin/app01/menu/ HTTP/1.1" 200 13473
[2022-01-07 14:49:21,226] [basehttp.py:154] [basehttp:log_message] [INFO]- "GET /favicon.ico HTTP/1.1" 200 20078
[2022-01-07 14:49:23,934] [basehttp.py:154] [basehttp:log_message] [INFO]- "GET /admin/app01/menu/31/change/ HTTP/1.1" 200 7024
[2022-01-07 14:49:23,956] [basehttp.py:154] [basehttp:log_message] [INFO]- "GET /admin/jsi18n/ HTTP/1.1" 200 7684
[2022-01-07 14:49:23,989] [basehttp.py:154] [basehttp:log_message] [INFO]- "GET /favicon.ico HTTP/1.1" 200 20078
[2022-01-07 14:49:32,138] [basehttp.py:154] [basehttp:log_message] [INFO]- "GET /admin/app01/menu/ HTTP/1.1" 200 13473
[2022-01-07 14:49:32,200] [basehttp.py:154] [basehttp:log_message] [INFO]- "GET /favicon.ico HTTP/1.1" 200 20078
[2022-01-07 14:49:35,622] [basehttp.py:154] [basehttp:log_message] [INFO]- "GET /admin/app01/menu/35/change/ HTTP/1.1" 200 7041
[2022-01-07 14:49:35,644] [basehttp.py:154] [basehttp:log_message] [INFO]- "GET /admin/jsi18n/ HTTP/1.1" 200 7684
[2022-01-07 14:49:35,674] [basehttp.py:154] [basehttp:log_message] [INFO]- "GET /favicon.ico HTTP/1.1" 200 20078
[2022-01-07 14:49:47,536] [basehttp.py:154] [basehttp:log_message] [INFO]- "GET /admin/app01/menu/ HTTP/1.1" 200 13473
[2022-01-07 14:49:47,589] [basehttp.py:154] [basehttp:log_message] [INFO]- "GET /favicon.ico HTTP/1.1" 200 20078
[2022-01-07 14:49:52,352] [basehttp.py:154] [basehttp:log_message] [INFO]- "GET /admin/app01/menu/32/change/ HTTP/1.1" 200 7047
[2022-01-07 14:49:52,374] [basehttp.py:154] [basehttp:log_message] [INFO]- "GET /admin/jsi18n/ HTTP/1.1" 200 7684
[2022-01-07 14:49:52,408] [basehttp.py:154] [basehttp:log_message] [INFO]- "GET /favicon.ico HTTP/1.1" 200 20078
[2022-01-07 14:50:02,716] [basehttp.py:154] [basehttp:log_message] [INFO]- "GET /admin/app01/menu/ HTTP/1.1" 200 13473
[2022-01-07 14:50:02,770] [basehttp.py:154] [basehttp:log_message] [INFO]- "GET /favicon.ico HTTP/1.1" 200 20078
[2022-01-07 14:50:08,282] [basehttp.py:154] [basehttp:log_message] [INFO]- "GET /admin/app01/menu/34/change/ HTTP/1.1" 200 7047
[2022-01-07 14:50:08,318] [basehttp.py:154] [basehttp:log_message] [INFO]- "GET /admin/jsi18n/ HTTP/1.1" 200 7684
[2022-01-07 14:50:08,350] [basehttp.py:154] [basehttp:log_message] [INFO]- "GET /favicon.ico HTTP/1.1" 200 20078
[2022-01-07 14:50:20,960] [basehttp.py:154] [basehttp:log_message] [INFO]- "GET /admin/app01/menu/ HTTP/1.1" 200 13473
[2022-01-07 14:50:21,011] [basehttp.py:154] [basehttp:log_message] [INFO]- "GET /favicon.ico HTTP/1.1" 200 20078
[2022-01-07 14:50:29,848] [basehttp.py:154] [basehttp:log_message] [INFO]- "GET /admin/app01/menu/34/change/ HTTP/1.1" 200 7047
[2022-01-07 14:50:29,872] [basehttp.py:154] [basehttp:log_message] [INFO]- "GET /admin/jsi18n/ HTTP/1.1" 200 7684
[2022-01-07 14:50:29,908] [basehttp.py:154] [basehttp:log_message] [INFO]- "GET /favicon.ico HTTP/1.1" 200 20078
[2022-01-07 14:50:37,714] [basehttp.py:154] [basehttp:log_message] [INFO]- "GET /admin/app01/menu/ HTTP/1.1" 200 13473
[2022-01-07 14:50:37,759] [basehttp.py:154] [basehttp:log_message] [INFO]- "GET /favicon.ico HTTP/1.1" 200 20078
[2022-01-07 14:50:42,360] [basehttp.py:154] [basehttp:log_message] [INFO]- "GET /admin/app01/menu/33/change/ HTTP/1.1" 200 7053
[2022-01-07 14:50:42,391] [basehttp.py:154] [basehttp:log_message] [INFO]- "GET /admin/jsi18n/ HTTP/1.1" 200 7684
[2022-01-07 14:50:42,440] [basehttp.py:154] [basehttp:log_message] [INFO]- "GET /favicon.ico HTTP/1.1" 200 20078
[2022-01-07 14:50:54,827] [basehttp.py:154] [basehttp:log_message] [INFO]- "GET /admin/app01/menu/ HTTP/1.1" 200 13473
[2022-01-07 14:50:54,897] [basehttp.py:154] [basehttp:log_message] [INFO]- "GET /favicon.ico HTTP/1.1" 200 20078
[2022-01-07 14:50:57,135] [basehttp.py:154] [basehttp:log_message] [INFO]- "GET /admin/ HTTP/1.1" 200 21846
[2022-01-07 14:50:57,166] [basehttp.py:154] [basehttp:log_message] [INFO]- "GET /favicon.ico HTTP/1.1" 200 20078
[2022-01-07 14:50:59,717] [basehttp.py:154] [basehttp:log_message] [INFO]- "GET /admin/app01/permission/ HTTP/1.1" 200 35648
[2022-01-07 14:50:59,761] [basehttp.py:154] [basehttp:log_message] [INFO]- "GET /admin/jsi18n/ HTTP/1.1" 200 7684
[2022-01-07 14:50:59,810] [basehttp.py:154] [basehttp:log_message] [INFO]- "GET /favicon.ico HTTP/1.1" 200 20078
[2022-01-07 14:51:12,572] [basehttp.py:154] [basehttp:log_message] [INFO]- "GET /admin/app01/permission/41/change/ HTTP/1.1" 200 7623
[2022-01-07 14:51:12,614] [basehttp.py:154] [basehttp:log_message] [INFO]- "GET /admin/jsi18n/ HTTP/1.1" 200 7684
[2022-01-07 14:51:12,648] [basehttp.py:154] [basehttp:log_message] [INFO]- "GET /favicon.ico HTTP/1.1" 200 20078
[2022-01-07 14:51:37,929] [basehttp.py:154] [basehttp:log_message] [INFO]- "GET /admin/app01/permission/ HTTP/1.1" 200 35648
[2022-01-07 14:51:37,998] [basehttp.py:154] [basehttp:log_message] [INFO]- "GET /favicon.ico HTTP/1.1" 200 20078
[2022-01-07 14:51:43,838] [basehttp.py:154] [basehttp:log_message] [INFO]- "GET /admin/app01/permission/40/change/ HTTP/1.1" 200 7621
[2022-01-07 14:51:43,860] [basehttp.py:154] [basehttp:log_message] [INFO]- "GET /admin/jsi18n/ HTTP/1.1" 200 7684
[2022-01-07 14:51:43,894] [basehttp.py:154] [basehttp:log_message] [INFO]- "GET /favicon.ico HTTP/1.1" 200 20078
[2022-01-07 14:52:11,268] [basehttp.py:154] [basehttp:log_message] [INFO]- "GET /admin/app01/permission/ HTTP/1.1" 200 35648
[2022-01-07 14:52:11,332] [basehttp.py:154] [basehttp:log_message] [INFO]- "GET /favicon.ico HTTP/1.1" 200 20078
[2022-01-07 14:52:20,211] [basehttp.py:154] [basehttp:log_message] [INFO]- "GET /admin/app01/permission/42/change/ HTTP/1.1" 200 7619
[2022-01-07 14:52:20,246] [basehttp.py:154] [basehttp:log_message] [INFO]- "GET /admin/jsi18n/ HTTP/1.1" 200 7684
[2022-01-07 14:52:20,287] [basehttp.py:154] [basehttp:log_message] [INFO]- "GET /favicon.ico HTTP/1.1" 200 20078
[2022-01-07 14:52:44,672] [basehttp.py:154] [basehttp:log_message] [INFO]- "GET /admin/app01/permission/ HTTP/1.1" 200 35648
[2022-01-07 14:52:44,767] [basehttp.py:154] [basehttp:log_message] [INFO]- "GET /favicon.ico HTTP/1.1" 200 20078
[2022-01-07 14:52:49,217] [basehttp.py:154] [basehttp:log_message] [INFO]- "GET /admin/app01/permission/39/change/ HTTP/1.1" 200 7622
[2022-01-07 14:52:49,241] [basehttp.py:154] [basehttp:log_message] [INFO]- "GET /admin/jsi18n/ HTTP/1.1" 200 7684
[2022-01-07 14:52:49,275] [basehttp.py:154] [basehttp:log_message] [INFO]- "GET /favicon.ico HTTP/1.1" 200 20078
[2022-01-07 14:53:08,891] [basehttp.py:154] [basehttp:log_message] [INFO]- "GET /admin/app01/permission/ HTTP/1.1" 200 35648
[2022-01-07 14:53:08,952] [basehttp.py:154] [basehttp:log_message] [INFO]- "GET /favicon.ico HTTP/1.1" 200 20078
[2022-01-07 14:53:14,609] [basehttp.py:154] [basehttp:log_message] [INFO]- "GET /admin/app01/permission/38/change/ HTTP/1.1" 200 7635
[2022-01-07 14:53:14,642] [basehttp.py:154] [basehttp:log_message] [INFO]- "GET /admin/jsi18n/ HTTP/1.1" 200 7684
[2022-01-07 14:53:14,675] [basehttp.py:154] [basehttp:log_message] [INFO]- "GET /favicon.ico HTTP/1.1" 200 20078
[2022-01-07 14:53:34,496] [basehttp.py:154] [basehttp:log_message] [INFO]- "GET /admin/app01/permission/ HTTP/1.1" 200 35648
[2022-01-07 14:53:34,578] [basehttp.py:154] [basehttp:log_message] [INFO]- "GET /favicon.ico HTTP/1.1" 200 20078
[2022-01-07 14:53:40,536] [basehttp.py:154] [basehttp:log_message] [INFO]- "GET /admin/app01/permission/46/change/ HTTP/1.1" 200 7623
[2022-01-07 14:53:40,572] [basehttp.py:154] [basehttp:log_message] [INFO]- "GET /admin/jsi18n/ HTTP/1.1" 200 7684
[2022-01-07 14:53:40,619] [basehttp.py:154] [basehttp:log_message] [INFO]- "GET /favicon.ico HTTP/1.1" 200 20078
[2022-01-07 14:54:00,415] [basehttp.py:154] [basehttp:log_message] [INFO]- "GET /admin/app01/permission/ HTTP/1.1" 200 35648
[2022-01-07 14:54:00,482] [basehttp.py:154] [basehttp:log_message] [INFO]- "GET /favicon.ico HTTP/1.1" 200 20078
[2022-01-07 14:54:06,187] [basehttp.py:154] [basehttp:log_message] [INFO]- "GET /admin/app01/permission/45/change/ HTTP/1.1" 200 7621
[2022-01-07 14:54:06,211] [basehttp.py:154] [basehttp:log_message] [INFO]- "GET /admin/jsi18n/ HTTP/1.1" 200 7684
[2022-01-07 14:54:06,271] [basehttp.py:154] [basehttp:log_message] [INFO]- "GET /favicon.ico HTTP/1.1" 200 20078
[2022-01-07 14:54:21,383] [basehttp.py:154] [basehttp:log_message] [INFO]- "GET /admin/app01/permission/ HTTP/1.1" 200 35648
[2022-01-07 14:54:21,472] [basehttp.py:154] [basehttp:log_message] [INFO]- "GET /favicon.ico HTTP/1.1" 200 20078
[2022-01-07 14:54:25,834] [basehttp.py:154] [basehttp:log_message] [INFO]- "GET /admin/app01/permission/43/change/ HTTP/1.1" 200 7625
[2022-01-07 14:54:25,855] [basehttp.py:154] [basehttp:log_message] [INFO]- "GET /admin/jsi18n/ HTTP/1.1" 200 7684
[2022-01-07 14:54:25,894] [basehttp.py:154] [basehttp:log_message] [INFO]- "GET /favicon.ico HTTP/1.1" 200 20078
[2022-01-07 14:54:49,203] [basehttp.py:154] [basehttp:log_message] [INFO]- "GET /admin/app01/permission/ HTTP/1.1" 200 35648
[2022-01-07 14:54:49,268] [basehttp.py:154] [basehttp:log_message] [INFO]- "GET /favicon.ico HTTP/1.1" 200 20078
[2022-01-07 14:54:56,272] [basehttp.py:154] [basehttp:log_message] [INFO]- "GET /admin/app01/permission/44/change/ HTTP/1.1" 200 7621
[2022-01-07 14:54:56,312] [basehttp.py:154] [basehttp:log_message] [INFO]- "GET /admin/jsi18n/ HTTP/1.1" 200 7684
[2022-01-07 14:54:56,360] [basehttp.py:154] [basehttp:log_message] [INFO]- "GET /favicon.ico HTTP/1.1" 200 20078
[2022-01-07 14:55:12,700] [basehttp.py:154] [basehttp:log_message] [INFO]- "GET /admin/app01/permission/ HTTP/1.1" 200 35648
[2022-01-07 14:55:12,793] [basehttp.py:154] [basehttp:log_message] [INFO]- "GET /favicon.ico HTTP/1.1" 200 20078
[2022-01-07 14:55:20,099] [basehttp.py:154] [basehttp:log_message] [INFO]- "GET /admin/app01/permission/37/change/ HTTP/1.1" 200 7641
[2022-01-07 14:55:20,120] [basehttp.py:154] [basehttp:log_message] [INFO]- "GET /admin/jsi18n/ HTTP/1.1" 200 7684
[2022-01-07 14:55:20,160] [basehttp.py:154] [basehttp:log_message] [INFO]- "GET /favicon.ico HTTP/1.1" 200 20078
[2022-01-07 14:55:40,501] [basehttp.py:154] [basehttp:log_message] [INFO]- "GET /admin/app01/permission/ HTTP/1.1" 200 35648
[2022-01-07 14:55:40,562] [basehttp.py:154] [basehttp:log_message] [INFO]- "GET /favicon.ico HTTP/1.1" 200 20078
[2022-01-07 14:56:00,721] [basehttp.py:154] [basehttp:log_message] [INFO]- "GET /admin/app01/permission/51/change/ HTTP/1.1" 200 7624
[2022-01-07 14:56:00,744] [basehttp.py:154] [basehttp:log_message] [INFO]- "GET /admin/jsi18n/ HTTP/1.1" 200 7684
[2022-01-07 14:56:00,780] [basehttp.py:154] [basehttp:log_message] [INFO]- "GET /favicon.ico HTTP/1.1" 200 20078
[2022-01-07 14:56:17,969] [basehttp.py:154] [basehttp:log_message] [INFO]- "GET /admin/app01/permission/ HTTP/1.1" 200 35648
[2022-01-07 14:56:18,044] [basehttp.py:154] [basehttp:log_message] [INFO]- "GET /favicon.ico HTTP/1.1" 200 20078
[2022-01-07 14:56:22,563] [basehttp.py:154] [basehttp:log_message] [INFO]- "GET /admin/app01/permission/50/change/ HTTP/1.1" 200 7622
[2022-01-07 14:56:22,604] [basehttp.py:154] [basehttp:log_message] [INFO]- "GET /admin/jsi18n/ HTTP/1.1" 200 7684
[2022-01-07 14:56:22,652] [basehttp.py:154] [basehttp:log_message] [INFO]- "GET /favicon.ico HTTP/1.1" 200 20078
[2022-01-07 14:56:41,365] [basehttp.py:154] [basehttp:log_message] [INFO]- "GET /admin/app01/permission/ HTTP/1.1" 200 35648
[2022-01-07 14:56:41,435] [basehttp.py:154] [basehttp:log_message] [INFO]- "GET /favicon.ico HTTP/1.1" 200 20078
[2022-01-07 14:56:46,771] [basehttp.py:154] [basehttp:log_message] [INFO]- "GET /admin/app01/permission/52/change/ HTTP/1.1" 200 7620
[2022-01-07 14:56:46,812] [basehttp.py:154] [basehttp:log_message] [INFO]- "GET /admin/jsi18n/ HTTP/1.1" 200 7684
[2022-01-07 14:56:46,860] [basehttp.py:154] [basehttp:log_message] [INFO]- "GET /favicon.ico HTTP/1.1" 200 20078
[2022-01-07 14:57:02,195] [basehttp.py:154] [basehttp:log_message] [INFO]- "GET /admin/app01/permission/ HTTP/1.1" 200 35648
[2022-01-07 14:57:02,274] [basehttp.py:154] [basehttp:log_message] [INFO]- "GET /favicon.ico HTTP/1.1" 200 20078
[2022-01-07 14:57:05,754] [basehttp.py:154] [basehttp:log_message] [INFO]- "GET /admin/app01/permission/49/change/ HTTP/1.1" 200 7623
[2022-01-07 14:57:05,787] [basehttp.py:154] [basehttp:log_message] [INFO]- "GET /admin/jsi18n/ HTTP/1.1" 200 7684
[2022-01-07 14:57:05,834] [basehttp.py:154] [basehttp:log_message] [INFO]- "GET /favicon.ico HTTP/1.1" 200 20078
[2022-01-07 14:57:21,771] [basehttp.py:154] [basehttp:log_message] [INFO]- "GET /admin/app01/permission/ HTTP/1.1" 200 35648
[2022-01-07 14:57:21,849] [basehttp.py:154] [basehttp:log_message] [INFO]- "GET /favicon.ico HTTP/1.1" 200 20078
[2022-01-07 14:57:27,533] [basehttp.py:154] [basehttp:log_message] [INFO]- "GET /admin/app01/permission/48/change/ HTTP/1.1" 200 7627
[2022-01-07 14:57:27,554] [basehttp.py:154] [basehttp:log_message] [INFO]- "GET /admin/jsi18n/ HTTP/1.1" 200 7684
[2022-01-07 14:57:27,596] [basehttp.py:154] [basehttp:log_message] [INFO]- "GET /favicon.ico HTTP/1.1" 200 20078
[2022-01-07 14:57:48,245] [basehttp.py:154] [basehttp:log_message] [INFO]- "GET /admin/app01/permission/ HTTP/1.1" 200 35648
[2022-01-07 14:57:48,311] [basehttp.py:154] [basehttp:log_message] [INFO]- "GET /favicon.ico HTTP/1.1" 200 20078
[2022-01-07 14:57:53,239] [basehttp.py:154] [basehttp:log_message] [INFO]- "GET /admin/app01/permission/56/change/ HTTP/1.1" 200 7624
[2022-01-07 14:57:53,261] [basehttp.py:154] [basehttp:log_message] [INFO]- "GET /admin/jsi18n/ HTTP/1.1" 200 7684
[2022-01-07 14:57:53,317] [basehttp.py:154] [basehttp:log_message] [INFO]- "GET /favicon.ico HTTP/1.1" 200 20078
[2022-01-07 14:58:10,009] [basehttp.py:154] [basehttp:log_message] [INFO]- "GET /admin/app01/permission/ HTTP/1.1" 200 35648
[2022-01-07 14:58:10,079] [basehttp.py:154] [basehttp:log_message] [INFO]- "GET /favicon.ico HTTP/1.1" 200 20078
[2022-01-07 14:58:13,972] [basehttp.py:154] [basehttp:log_message] [INFO]- "GET /admin/app01/permission/55/change/ HTTP/1.1" 200 7622
[2022-01-07 14:58:14,015] [basehttp.py:154] [basehttp:log_message] [INFO]- "GET /admin/jsi18n/ HTTP/1.1" 200 7684
[2022-01-07 14:58:14,063] [basehttp.py:154] [basehttp:log_message] [INFO]- "GET /favicon.ico HTTP/1.1" 200 20078
[2022-01-07 14:58:40,659] [basehttp.py:154] [basehttp:log_message] [INFO]- "GET /admin/app01/permission/ HTTP/1.1" 200 35648
[2022-01-07 14:58:40,745] [basehttp.py:154] [basehttp:log_message] [INFO]- "GET /favicon.ico HTTP/1.1" 200 20078
[2022-01-07 14:58:45,395] [basehttp.py:154] [basehttp:log_message] [INFO]- "GET /admin/app01/permission/53/change/ HTTP/1.1" 200 7620
[2022-01-07 14:58:45,419] [basehttp.py:154] [basehttp:log_message] [INFO]- "GET /admin/jsi18n/ HTTP/1.1" 200 7684
[2022-01-07 14:58:45,455] [basehttp.py:154] [basehttp:log_message] [INFO]- "GET /favicon.ico HTTP/1.1" 200 20078
[2022-01-07 14:59:11,823] [basehttp.py:154] [basehttp:log_message] [INFO]- "GET /admin/app01/permission/ HTTP/1.1" 200 35648
[2022-01-07 14:59:11,906] [basehttp.py:154] [basehttp:log_message] [INFO]- "GET /favicon.ico HTTP/1.1" 200 20078
[2022-01-07 14:59:15,344] [basehttp.py:154] [basehttp:log_message] [INFO]- "GET /admin/app01/permission/54/change/ HTTP/1.1" 200 7622
[2022-01-07 14:59:15,366] [basehttp.py:154] [basehttp:log_message] [INFO]- "GET /admin/jsi18n/ HTTP/1.1" 200 7684
[2022-01-07 14:59:15,421] [basehttp.py:154] [basehttp:log_message] [INFO]- "GET /favicon.ico HTTP/1.1" 200 20078
[2022-01-07 14:59:30,084] [basehttp.py:154] [basehttp:log_message] [INFO]- "GET /admin/app01/permission/ HTTP/1.1" 200 35648
[2022-01-07 14:59:30,147] [basehttp.py:154] [basehttp:log_message] [INFO]- "GET /favicon.ico HTTP/1.1" 200 20078
[2022-01-07 14:59:33,976] [basehttp.py:154] [basehttp:log_message] [INFO]- "GET /admin/app01/permission/47/change/ HTTP/1.1" 200 7637
[2022-01-07 14:59:34,019] [basehttp.py:154] [basehttp:log_message] [INFO]- "GET /admin/jsi18n/ HTTP/1.1" 200 7684
[2022-01-07 14:59:34,052] [basehttp.py:154] [basehttp:log_message] [INFO]- "GET /favicon.ico HTTP/1.1" 200 20078
[2022-01-07 15:00:12,903] [basehttp.py:154] [basehttp:log_message] [INFO]- "GET /admin/app01/permission/ HTTP/1.1" 200 35648
[2022-01-07 15:00:12,975] [basehttp.py:154] [basehttp:log_message] [INFO]- "GET /favicon.ico HTTP/1.1" 200 20078
[2022-01-07 15:00:16,257] [basehttp.py:154] [basehttp:log_message] [INFO]- "GET /admin/app01/permission/57/change/ HTTP/1.1" 200 7595
[2022-01-07 15:00:16,294] [basehttp.py:154] [basehttp:log_message] [INFO]- "GET /admin/jsi18n/ HTTP/1.1" 200 7684
[2022-01-07 15:00:16,342] [basehttp.py:154] [basehttp:log_message] [INFO]- "GET /favicon.ico HTTP/1.1" 200 20078
[2022-01-07 15:00:24,621] [basehttp.py:154] [basehttp:log_message] [INFO]- "GET /admin/app01/permission/ HTTP/1.1" 200 35648
[2022-01-07 15:00:24,693] [basehttp.py:154] [basehttp:log_message] [INFO]- "GET /favicon.ico HTTP/1.1" 200 20078
[2022-01-07 15:00:28,972] [basehttp.py:154] [basehttp:log_message] [INFO]- "GET /admin/ HTTP/1.1" 200 21846
[2022-01-07 15:00:29,013] [basehttp.py:154] [basehttp:log_message] [INFO]- "GET /favicon.ico HTTP/1.1" 200 20078
[2022-01-07 15:00:30,969] [basehttp.py:154] [basehttp:log_message] [INFO]- "GET /admin/app01/menu/ HTTP/1.1" 200 13473
[2022-01-07 15:00:30,991] [basehttp.py:154] [basehttp:log_message] [INFO]- "GET /admin/jsi18n/ HTTP/1.1" 200 7684
[2022-01-07 15:00:31,029] [basehttp.py:154] [basehttp:log_message] [INFO]- "GET /favicon.ico HTTP/1.1" 200 20078
[2022-01-07 15:00:32,070] [basehttp.py:154] [basehttp:log_message] [INFO]- "GET /admin/app01/menu/36/change/ HTTP/1.1" 200 7050
[2022-01-07 15:00:32,103] [basehttp.py:154] [basehttp:log_message] [INFO]- "GET /admin/jsi18n/ HTTP/1.1" 200 7684
[2022-01-07 15:00:32,135] [basehttp.py:154] [basehttp:log_message] [INFO]- "GET /favicon.ico HTTP/1.1" 200 20078
[2022-01-07 15:00:44,463] [basehttp.py:154] [basehttp:log_message] [INFO]- "GET /admin/app01/menu/ HTTP/1.1" 200 13473
[2022-01-07 15:00:44,524] [basehttp.py:154] [basehttp:log_message] [INFO]- "GET /favicon.ico HTTP/1.1" 200 20078
[2022-01-07 15:00:48,634] [basehttp.py:154] [basehttp:log_message] [INFO]- "GET /admin/app01/ HTTP/1.1" 200 3731
[2022-01-07 15:00:48,682] [basehttp.py:154] [basehttp:log_message] [INFO]- "GET /favicon.ico HTTP/1.1" 200 20078
[2022-01-07 15:00:50,381] [basehttp.py:154] [basehttp:log_message] [INFO]- "GET /admin/app01/permission/ HTTP/1.1" 200 35648
[2022-01-07 15:00:50,404] [basehttp.py:154] [basehttp:log_message] [INFO]- "GET /admin/jsi18n/ HTTP/1.1" 200 7684
[2022-01-07 15:00:50,449] [basehttp.py:154] [basehttp:log_message] [INFO]- "GET /favicon.ico HTTP/1.1" 200 20078
[2022-01-07 15:00:51,694] [basehttp.py:154] [basehttp:log_message] [INFO]- "GET /admin/app01/permission/57/change/ HTTP/1.1" 200 7595
[2022-01-07 15:00:51,736] [basehttp.py:154] [basehttp:log_message] [INFO]- "GET /admin/jsi18n/ HTTP/1.1" 200 7684
[2022-01-07 15:00:51,767] [basehttp.py:154] [basehttp:log_message] [INFO]- "GET /favicon.ico HTTP/1.1" 200 20078
[2022-01-07 15:01:12,276] [basehttp.py:154] [basehttp:log_message] [INFO]- "GET /admin/app01/permission/ HTTP/1.1" 200 35648
[2022-01-07 15:01:12,337] [basehttp.py:154] [basehttp:log_message] [INFO]- "GET /favicon.ico HTTP/1.1" 200 20078
[2022-01-07 15:11:28,903] [basehttp.py:154] [basehttp:log_message] [INFO]- "GET /index/ HTTP/1.1" 200 29154
[2022-01-07 15:11:28,982] [basehttp.py:154] [basehttp:log_message] [INFO]- "GET /index/ HTTP/1.1" 200 29154
[2022-01-07 15:11:29,282] [basehttp.py:154] [basehttp:log_message] [INFO]- "GET /favicon.ico HTTP/1.1" 200 20078
[2022-01-07 15:11:29,293] [UserIP.py:87] [UserIP:process_response] [INFO]- 2022-01-07 15:11:29 C1010S3>cao. edwin None>LAPTOP-VA9VPAO8>417 127.0.0.1 127.0.0.1 /index/ POST
[2022-01-07 15:11:29,302] [basehttp.py:154] [basehttp:log_message] [INFO]- "POST /index/ HTTP/1.1" 200 1360
