[2021-04-01 08:34:14,888] [basehttp.py:154] [basehttp:log_message] [INFO]- "GET / HTTP/1.1" 302 0
[2021-04-01 08:34:14,898] [basehttp.py:154] [basehttp:log_message] [INFO]- "GET /login/ HTTP/1.1" 200 4676
[2021-04-01 08:34:15,056] [basehttp.py:154] [basehttp:log_message] [INFO]- "GET /favicon.ico HTTP/1.1" 302 0
[2021-04-01 08:34:15,060] [basehttp.py:154] [basehttp:log_message] [INFO]- "GET /login/ HTTP/1.1" 200 4676
[2021-04-01 08:34:17,692] [basehttp.py:154] [basehttp:log_message] [INFO]- "POST /login/ HTTP/1.1" 302 0
[2021-04-01 08:34:17,736] [basehttp.py:154] [basehttp:log_message] [INFO]- "GET /index/ HTTP/1.1" 200 21075
[2021-04-01 08:34:17,912] [basehttp.py:154] [basehttp:log_message] [INFO]- "GET /index/ HTTP/1.1" 200 21075
[2021-04-01 08:34:18,521] [basehttp.py:154] [basehttp:log_message] [INFO]- "POST /index/ HTTP/1.1" 200 824
[2021-04-01 08:34:18,586] [basehttp.py:154] [basehttp:log_message] [INFO]- "GET /media/img/UserInfo/u2393454652578938553fm26gp0.jpg HTTP/1.1" 200 34852
[2021-04-01 08:34:18,626] [basehttp.py:154] [basehttp:log_message] [INFO]- "GET /favicon.ico HTTP/1.1" 200 12414
[2021-04-01 08:34:30,521] [basehttp.py:154] [basehttp:log_message] [INFO]- "GET /AdapterPowerCode/BorrowedAdapter/ HTTP/1.1" 200 27050
[2021-04-01 08:34:30,541] [basehttp.py:154] [basehttp:log_message] [INFO]- "GET /static/css/index.css HTTP/1.1" 200 232694
[2021-04-01 08:34:30,596] [basehttp.py:154] [basehttp:log_message] [INFO]- "GET /AdapterPowerCode/BorrowedAdapter/ HTTP/1.1" 200 27050
[2021-04-01 08:34:30,765] [basehttp.py:154] [basehttp:log_message] [INFO]- "GET /static/css/fonts/element-icons.woff HTTP/1.1" 200 28200
[2021-04-01 08:34:30,811] [basehttp.py:154] [basehttp:log_message] [INFO]- "GET /favicon.ico HTTP/1.1" 200 12414
[2021-04-01 08:34:31,352] [basehttp.py:154] [basehttp:log_message] [INFO]- "POST /AdapterPowerCode/BorrowedAdapter/ HTTP/1.1" 200 441318
[2021-04-01 08:34:43,382] [basehttp.py:154] [basehttp:log_message] [INFO]- "GET /AdapterPowerCode/M_edit/ HTTP/1.1" 200 62397
[2021-04-01 08:34:43,430] [basehttp.py:154] [basehttp:log_message] [INFO]- "GET /static/js/Element/image.js HTTP/1.1" 200 25055
[2021-04-01 08:34:43,430] [basehttp.py:154] [basehttp:log_message] [INFO]- "GET /static/src/back/document_save_2_24px_539656_easyicon.net.png HTTP/1.1" 200 2187
[2021-04-01 08:34:43,476] [basehttp.py:154] [basehttp:log_message] [INFO]- "GET /AdapterPowerCode/M_edit/ HTTP/1.1" 200 62397
[2021-04-01 08:34:43,852] [basehttp.py:154] [basehttp:log_message] [INFO]- "GET /favicon.ico HTTP/1.1" 200 12414
[2021-04-01 08:34:44,361] [basehttp.py:154] [basehttp:log_message] [INFO]- "POST /AdapterPowerCode/M_edit/ HTTP/1.1" 200 441725
[2021-04-01 08:36:49,469] [basehttp.py:154] [basehttp:log_message] [INFO]- "POST /AdapterPowerCode/M_edit/ HTTP/1.1" 200 441725
[2021-04-01 08:59:03,232] [basehttp.py:154] [basehttp:log_message] [INFO]- "GET /AdapterPowerCode/M_edit/ HTTP/1.1" 302 0
[2021-04-01 08:59:03,235] [basehttp.py:154] [basehttp:log_message] [INFO]- "GET /login/ HTTP/1.1" 200 4676
[2021-04-01 08:59:03,271] [basehttp.py:154] [basehttp:log_message] [INFO]- "GET /static/css/test1.css HTTP/1.1" 200 29532
[2021-04-01 08:59:03,272] [basehttp.py:154] [basehttp:log_message] [INFO]- "GET /static/vendor/bootstrap/js/bootstrap.bundle.min.js HTTP/1.1" 200 76308
[2021-04-01 08:59:03,272] [basehttp.py:154] [basehttp:log_message] [INFO]- "GET /static/vendor/fontawesome-free/css/all.min.css HTTP/1.1" 200 54641
[2021-04-01 08:59:03,273] [basehttp.py:154] [basehttp:log_message] [INFO]- "GET /static/vendor/jquery/jquery.min.js HTTP/1.1" 200 86927
[2021-04-01 08:59:03,273] [basehttp.py:154] [basehttp:log_message] [INFO]- "GET /static/css/bootstrap.min.css HTTP/1.1" 200 144877
[2021-04-01 08:59:03,274] [basehttp.py:154] [basehttp:log_message] [INFO]- "GET /static/vendor/jquery-easing/jquery.easing.min.js HTTP/1.1" 200 2532
[2021-04-01 08:59:03,275] [basehttp.py:154] [basehttp:log_message] [INFO]- "GET /static/css/sb-admin.css HTTP/1.1" 200 214832
[2021-04-01 08:59:03,301] [basehttp.py:154] [basehttp:log_message] [INFO]- "GET /static/src/yellow.jpg HTTP/1.1" 200 81394
[2021-04-01 08:59:03,359] [basehttp.py:154] [basehttp:log_message] [INFO]- "GET /favicon.ico HTTP/1.1" 302 0
[2021-04-01 08:59:03,362] [basehttp.py:154] [basehttp:log_message] [INFO]- "GET /login/ HTTP/1.1" 200 4676
[2021-04-01 08:59:12,871] [basehttp.py:154] [basehttp:log_message] [INFO]- "POST /login/ HTTP/1.1" 302 0
[2021-04-01 08:59:12,912] [basehttp.py:154] [basehttp:log_message] [INFO]- "GET /index/ HTTP/1.1" 200 21075
[2021-04-01 08:59:12,927] [basehttp.py:154] [basehttp:log_message] [INFO]- "GET /static/css/lib/calendar2/pignose.calendar.min.css HTTP/1.1" 200 14709
[2021-04-01 08:59:12,927] [basehttp.py:154] [basehttp:log_message] [INFO]- "GET /static/css/lib/chartist/chartist.min.css HTTP/1.1" 200 11508
[2021-04-01 08:59:12,928] [basehttp.py:154] [basehttp:log_message] [INFO]- "GET /static/css/lib/owl.carousel.min.css HTTP/1.1" 200 3011
[2021-04-01 08:59:12,928] [basehttp.py:154] [basehttp:log_message] [INFO]- "GET /static/css/lib/themify-icons.css HTTP/1.1" 200 17551
[2021-04-01 08:59:12,929] [basehttp.py:154] [basehttp:log_message] [INFO]- "GET /static/css/lib/font-awesome.min.css HTTP/1.1" 200 38722
[2021-04-01 08:59:12,932] [basehttp.py:154] [basehttp:log_message] [INFO]- "GET /static/css/lib/weather-icons.css HTTP/1.1" 200 30752
[2021-04-01 08:59:12,933] [basehttp.py:154] [basehttp:log_message] [INFO]- "GET /static/css/lib/owl.theme.default.min.css HTTP/1.1" 200 1003
[2021-04-01 08:59:12,934] [basehttp.py:154] [basehttp:log_message] [INFO]- "GET /static/css/lib/helper.css HTTP/1.1" 200 55773
[2021-04-01 08:59:12,934] [basehttp.py:154] [basehttp:log_message] [INFO]- "GET /static/css/lib/menubar/sidebar.css HTTP/1.1" 200 17496
[2021-04-01 08:59:12,936] [basehttp.py:154] [basehttp:log_message] [INFO]- "GET /static/css/uploadbutton.css HTTP/1.1" 200 175
[2021-04-01 08:59:12,937] [basehttp.py:154] [basehttp:log_message] [INFO]- "GET /static/download_UPK/element-ui@2.12.0/lib/theme-chalk/index.css HTTP/1.1" 200 232694
[2021-04-01 08:59:12,937] [basehttp.py:154] [basehttp:log_message] [INFO]- "GET /static/css/style.css HTTP/1.1" 200 91482
[2021-04-01 08:59:12,939] [basehttp.py:154] [basehttp:log_message] [INFO]- "GET /static/css/home_menu.css HTTP/1.1" 200 8211
[2021-04-01 08:59:12,939] [basehttp.py:154] [basehttp:log_message] [INFO]- "GET /static/css/home_zerogrid.css HTTP/1.1" 200 4828
[2021-04-01 08:59:12,940] [basehttp.py:154] [basehttp:log_message] [INFO]- "GET /static/css/home_style.css HTTP/1.1" 200 23905
[2021-04-01 08:59:12,941] [basehttp.py:154] [basehttp:log_message] [INFO]- "GET /static/css/ElementUI.css HTTP/1.1" 200 232696
[2021-04-01 08:59:12,941] [basehttp.py:154] [basehttp:log_message] [INFO]- "GET /static/jquery-3.2.1.js HTTP/1.1" 200 268039
[2021-04-01 08:59:12,955] [basehttp.py:154] [basehttp:log_message] [INFO]- "GET /static/js/lib/jquery.min.js HTTP/1.1" 200 97362
[2021-04-01 08:59:12,960] [basehttp.py:154] [basehttp:log_message] [INFO]- "GET /static/js/lib/jquery.nanoscroller.min.js HTTP/1.1" 200 12394
[2021-04-01 08:59:12,963] [basehttp.py:154] [basehttp:log_message] [INFO]- "GET /static/js/lib/menubar/sidebar.js HTTP/1.1" 200 7278
[2021-04-01 08:59:12,966] [basehttp.py:154] [basehttp:log_message] [INFO]- "GET /static/js/lib/preloader/pace.min.js HTTP/1.1" 200 26566
[2021-04-01 08:59:12,971] [basehttp.py:154] [basehttp:log_message] [INFO]- "GET /static/js/lib/bootstrap.min.js HTTP/1.1" 200 69782
[2021-04-01 08:59:12,975] [basehttp.py:154] [basehttp:log_message] [INFO]- "GET /static/js/scripts.js HTTP/1.1" 200 1906
[2021-04-01 08:59:12,977] [basehttp.py:154] [basehttp:log_message] [INFO]- "GET /static/js/lib/calendar-2/moment.latest.min.js HTTP/1.1" 200 61317
[2021-04-01 08:59:12,980] [basehttp.py:154] [basehttp:log_message] [INFO]- "GET /static/js/lib/calendar-2/pignose.calendar.min.js HTTP/1.1" 200 24265
[2021-04-01 08:59:12,985] [basehttp.py:154] [basehttp:log_message] [INFO]- "GET /static/js/lib/calendar-2/pignose.init.js HTTP/1.1" 200 258
[2021-04-01 08:59:12,987] [basehttp.py:154] [basehttp:log_message] [INFO]- "GET /static/js/lib/circle-progress/circle-progress.min.js HTTP/1.1" 200 4453
[2021-04-01 08:59:12,989] [basehttp.py:154] [basehttp:log_message] [INFO]- "GET /static/js/lib/circle-progress/circle-progress-init.js HTTP/1.1" 200 1252
[2021-04-01 08:59:12,991] [basehttp.py:154] [basehttp:log_message] [INFO]- "GET /static/js/lib/sparklinechart/jquery.sparkline.min.js HTTP/1.1" 200 43247
[2021-04-01 08:59:12,994] [basehttp.py:154] [basehttp:log_message] [INFO]- "GET /static/js/lib/sparklinechart/sparkline.init.js HTTP/1.1" 200 9974
[2021-04-01 08:59:12,996] [basehttp.py:154] [basehttp:log_message] [INFO]- "GET /static/js/lib/owl-carousel/owl.carousel.min.js HTTP/1.1" 200 42854
[2021-04-01 08:59:13,000] [basehttp.py:154] [basehttp:log_message] [INFO]- "GET /static/js/lib/owl-carousel/owl.carousel-init.js HTTP/1.1" 200 1044
[2021-04-01 08:59:13,003] [basehttp.py:154] [basehttp:log_message] [INFO]- "GET /static/js/date.js HTTP/1.1" 200 764
[2021-04-01 08:59:13,007] [basehttp.py:154] [basehttp:log_message] [INFO]- "GET /static/vendor/datatables/jquery.dataTables.js HTTP/1.1" 200 447606
[2021-04-01 08:59:13,011] [basehttp.py:154] [basehttp:log_message] [INFO]- "GET /static/js/datapicker.js HTTP/1.1" 200 11813
[2021-04-01 08:59:13,015] [basehttp.py:154] [basehttp:log_message] [INFO]- "GET /static/js/xlsx/xlsx.core.min.js HTTP/1.1" 200 480558
[2021-04-01 08:59:13,029] [basehttp.py:154] [basehttp:log_message] [INFO]- "GET /static/js/lib/calendar-2/semantic.ui.min.js HTTP/1.1" 200 287763
[2021-04-01 08:59:13,038] [basehttp.py:154] [basehttp:log_message] [INFO]- "GET /static/js/lib/calendar-2/prism.min.js HTTP/1.1" 200 8822
[2021-04-01 08:59:13,041] [basehttp.py:154] [basehttp:log_message] [INFO]- "GET /static/js/qs.js HTTP/1.1" 200 25398
[2021-04-01 08:59:13,043] [basehttp.py:154] [basehttp:log_message] [INFO]- "GET /static/js/vue-router.min.js HTTP/1.1" 200 27792
[2021-04-01 08:59:13,046] [basehttp.py:154] [basehttp:log_message] [INFO]- "GET /static/js/es6/polyfill.min.js HTTP/1.1" 200 97799
[2021-04-01 08:59:13,054] [basehttp.py:154] [basehttp:log_message] [INFO]- "GET /static/js/es6/babel.min.js HTTP/1.1" 200 791258
[2021-04-01 08:59:13,074] [basehttp.py:154] [basehttp:log_message] [INFO]- "GET /static/js/axios.min.js HTTP/1.1" 200 13696
[2021-04-01 08:59:13,076] [basehttp.py:154] [basehttp:log_message] [INFO]- "GET /static/js/vue.min.js HTTP/1.1" 200 93675
[2021-04-01 08:59:13,081] [basehttp.py:154] [basehttp:log_message] [INFO]- "GET /static/js/xlsx/FileSaver.min.js HTTP/1.1" 200 2611
[2021-04-01 08:59:13,085] [basehttp.py:154] [basehttp:log_message] [INFO]- "GET /static/js/Element/table.js HTTP/1.1" 200 28389
[2021-04-01 08:59:13,088] [basehttp.py:154] [basehttp:log_message] [INFO]- "GET /static/js/Element/main.js HTTP/1.1" 200 8726
[2021-04-01 08:59:13,091] [basehttp.py:154] [basehttp:log_message] [INFO]- "GET /static/js/Element/input.js HTTP/1.1" 200 29207
[2021-04-01 08:59:13,094] [basehttp.py:154] [basehttp:log_message] [INFO]- "GET /static/js/Element/table-column.js HTTP/1.1" 200 28341
[2021-04-01 08:59:13,096] [basehttp.py:154] [basehttp:log_message] [INFO]- "GET /static/js/Element/icon.js HTTP/1.1" 200 8700
[2021-04-01 08:59:13,099] [basehttp.py:154] [basehttp:log_message] [INFO]- "GET /static/js/Element/date-picker.js HTTP/1.1" 200 186049
[2021-04-01 08:59:13,105] [basehttp.py:154] [basehttp:log_message] [INFO]- "GET /static/js/Element/dialog.js HTTP/1.1" 200 11942
[2021-04-01 08:59:13,107] [basehttp.py:154] [basehttp:log_message] [INFO]- "GET /static/js/Element/form.js HTTP/1.1" 200 10145
[2021-04-01 08:59:13,110] [basehttp.py:154] [basehttp:log_message] [INFO]- "GET /static/js/Element/message.js HTTP/1.1" 200 11022
[2021-04-01 08:59:13,112] [basehttp.py:154] [basehttp:log_message] [INFO]- "GET /static/js/Element/tooltip.js HTTP/1.1" 200 8439
[2021-04-01 08:59:13,116] [basehttp.py:154] [basehttp:log_message] [INFO]- "GET /static/js/Element/index.js HTTP/1.1" 200 563790
[2021-04-01 08:59:13,129] [basehttp.py:154] [basehttp:log_message] [INFO]- "GET /static/js/Element/pagination.js HTTP/1.1" 200 22168
[2021-04-01 08:59:13,133] [basehttp.py:154] [basehttp:log_message] [INFO]- "GET /static/js/xlsx/xlsx.js HTTP/1.1" 200 5900
[2021-04-01 08:59:13,136] [basehttp.py:154] [basehttp:log_message] [INFO]- "GET /static/src/back/001.png HTTP/1.1" 200 2015
[2021-04-01 08:59:13,139] [basehttp.py:154] [basehttp:log_message] [INFO]- "GET /static/src/back/mail.png HTTP/1.1" 200 3002
[2021-04-01 08:59:13,141] [basehttp.py:154] [basehttp:log_message] [INFO]- "GET /static/src/back/call.png HTTP/1.1" 200 1850
[2021-04-01 08:59:13,282] [basehttp.py:154] [basehttp:log_message] [INFO]- "GET /index/ HTTP/1.1" 200 21075
[2021-04-01 08:59:13,549] [basehttp.py:154] [basehttp:log_message] [INFO]- "GET /static/src/jinqiu5.jpg HTTP/1.1" 200 76515
[2021-04-01 08:59:13,557] [basehttp.py:154] [basehttp:log_message] [INFO]- "GET /static/css/admin/assets/fonts/themify.woff?-fvbane HTTP/1.1" 200 0
[2021-04-01 08:59:13,560] [basehttp.py:154] [basehttp:log_message] [INFO]- "GET /static/css/fonts/element-icons.ttf HTTP/1.1" 200 55956
[2021-04-01 08:59:13,561] [basehttp.py:154] [basehttp:log_message] [INFO]- "GET /static/src/qiu1.jpg HTTP/1.1" 200 611283
[2021-04-01 08:59:13,562] [basehttp.py:154] [basehttp:log_message] [INFO]- "GET /static/src/lu.jpg HTTP/1.1" 200 680519
[2021-04-01 08:59:13,565] [basehttp.py:154] [basehttp:log_message] [INFO]- "POST /index/ HTTP/1.1" 200 824
[2021-04-01 08:59:13,566] [basehttp.py:154] [basehttp:log_message] [INFO]- "GET /static/css/admin/assets/fonts/themify.ttf?-fvbane HTTP/1.1" 200 0
[2021-04-01 08:59:13,596] [basehttp.py:154] [basehttp:log_message] [INFO]- "GET /static/fonts/themify.woff?-fvbane HTTP/1.1" 200 56108
[2021-04-01 08:59:13,598] [basehttp.py:154] [basehttp:log_message] [INFO]- "GET /media/img/UserInfo/u2393454652578938553fm26gp0.jpg HTTP/1.1" 200 34852
[2021-04-01 08:59:13,729] [basehttp.py:154] [basehttp:log_message] [INFO]- "GET /favicon.ico HTTP/1.1" 200 12414
[2021-04-01 08:59:23,362] [basehttp.py:154] [basehttp:log_message] [INFO]- "GET /AdapterPowerCode/M_edit/ HTTP/1.1" 200 62397
[2021-04-01 08:59:23,374] [basehttp.py:154] [basehttp:log_message] [INFO]- "GET /static/css/index.css HTTP/1.1" 200 232694
[2021-04-01 08:59:23,387] [basehttp.py:154] [basehttp:log_message] [INFO]- "GET /static/js/Element/image.js HTTP/1.1" 200 25055
[2021-04-01 08:59:23,400] [basehttp.py:154] [basehttp:log_message] [INFO]- "GET /static/src/back/document_save_2_24px_539656_easyicon.net.png HTTP/1.1" 200 2187
[2021-04-01 08:59:23,454] [basehttp.py:154] [basehttp:log_message] [INFO]- "GET /AdapterPowerCode/M_edit/ HTTP/1.1" 200 62397
[2021-04-01 08:59:24,011] [basehttp.py:154] [basehttp:log_message] [INFO]- "GET /static/css/fonts/element-icons.woff HTTP/1.1" 200 28200
[2021-04-01 08:59:24,096] [basehttp.py:154] [basehttp:log_message] [INFO]- "GET /favicon.ico HTTP/1.1" 200 12414
[2021-04-01 08:59:24,517] [basehttp.py:154] [basehttp:log_message] [INFO]- "POST /AdapterPowerCode/M_edit/ HTTP/1.1" 200 441725
[2021-04-01 08:59:59,349] [basehttp.py:154] [basehttp:log_message] [WARNING]- "GET /static/js/lib/bootstrap.min.js.map HTTP/1.1" 404 1806
[2021-04-01 08:59:59,353] [basehttp.py:154] [basehttp:log_message] [WARNING]- "GET /static/js/xlsx/FileSaver.min.js.map HTTP/1.1" 404 1809
[2021-04-01 08:59:59,353] [basehttp.py:154] [basehttp:log_message] [WARNING]- "GET /static/js/axios.min.map HTTP/1.1" 404 1773
[2021-04-01 08:59:59,394] [basehttp.py:154] [basehttp:log_message] [WARNING]- "GET /static/css/bootstrap.min.css.map HTTP/1.1" 404 1800
[2021-04-01 09:00:14,158] [basehttp.py:154] [basehttp:log_message] [INFO]- "POST /AdapterPowerCode/M_edit/ HTTP/1.1" 200 441725
[2021-04-01 09:54:38,521] [basehttp.py:154] [basehttp:log_message] [INFO]- "GET /AdapterPowerCode/M_edit/ HTTP/1.1" 200 62397
[2021-04-01 09:54:38,652] [basehttp.py:154] [basehttp:log_message] [INFO]- "GET /AdapterPowerCode/M_edit/ HTTP/1.1" 200 62397
[2021-04-01 09:54:38,680] [basehttp.py:154] [basehttp:log_message] [WARNING]- "GET /static/css/bootstrap.min.css.map HTTP/1.1" 404 1800
[2021-04-01 09:54:38,738] [basehttp.py:154] [basehttp:log_message] [WARNING]- "GET /static/js/lib/bootstrap.min.js.map HTTP/1.1" 404 1806
[2021-04-01 09:54:38,908] [basehttp.py:154] [basehttp:log_message] [WARNING]- "GET /static/js/xlsx/FileSaver.min.js.map HTTP/1.1" 404 1809
[2021-04-01 09:54:38,909] [basehttp.py:154] [basehttp:log_message] [WARNING]- "GET /static/js/axios.min.map HTTP/1.1" 404 1773
[2021-04-01 09:54:39,252] [basehttp.py:154] [basehttp:log_message] [INFO]- "GET /favicon.ico HTTP/1.1" 200 12414
[2021-04-01 09:54:39,749] [basehttp.py:154] [basehttp:log_message] [INFO]- "POST /AdapterPowerCode/M_edit/ HTTP/1.1" 200 484397
[2021-04-01 09:54:45,547] [basehttp.py:154] [basehttp:log_message] [INFO]- "GET /admin/ HTTP/1.1" 302 0
[2021-04-01 09:54:45,631] [basehttp.py:154] [basehttp:log_message] [INFO]- "GET /admin/login/?next=/admin/ HTTP/1.1" 200 1821
[2021-04-01 09:54:45,666] [basehttp.py:154] [basehttp:log_message] [INFO]- "GET /static/admin/css/base.css HTTP/1.1" 200 16225
[2021-04-01 09:54:45,666] [basehttp.py:154] [basehttp:log_message] [INFO]- "GET /static/admin/css/login.css HTTP/1.1" 200 1203
[2021-04-01 09:54:45,667] [basehttp.py:154] [basehttp:log_message] [INFO]- "GET /static/admin/css/responsive.css HTTP/1.1" 200 17976
[2021-04-01 09:54:45,669] [basehttp.py:154] [basehttp:log_message] [INFO]- "GET /static/admin/css/fonts.css HTTP/1.1" 200 423
[2021-04-01 09:54:45,687] [basehttp.py:154] [basehttp:log_message] [INFO]- "GET /static/admin/fonts/Roboto-Regular-webfont.woff HTTP/1.1" 200 80304
[2021-04-01 09:54:45,689] [basehttp.py:154] [basehttp:log_message] [INFO]- "GET /static/admin/fonts/Roboto-Light-webfont.woff HTTP/1.1" 200 81348
[2021-04-01 09:54:45,701] [basehttp.py:154] [basehttp:log_message] [INFO]- "GET /favicon.ico HTTP/1.1" 200 12414
[2021-04-01 09:54:57,054] [basehttp.py:154] [basehttp:log_message] [INFO]- "POST /admin/login/?next=/admin/ HTTP/1.1" 302 0
[2021-04-01 09:54:57,099] [basehttp.py:154] [basehttp:log_message] [INFO]- "GET /admin/ HTTP/1.1" 200 11769
[2021-04-01 09:54:57,108] [basehttp.py:154] [basehttp:log_message] [INFO]- "GET /static/admin/css/dashboard.css HTTP/1.1" 200 412
[2021-04-01 09:54:57,113] [basehttp.py:154] [basehttp:log_message] [INFO]- "GET /static/admin/img/icon-addlink.svg HTTP/1.1" 200 331
[2021-04-01 09:54:57,113] [basehttp.py:154] [basehttp:log_message] [INFO]- "GET /static/admin/img/icon-changelink.svg HTTP/1.1" 200 380
[2021-04-01 09:54:57,132] [basehttp.py:154] [basehttp:log_message] [INFO]- "GET /static/admin/fonts/Roboto-Bold-webfont.woff HTTP/1.1" 200 82564
[2021-04-01 09:54:57,165] [basehttp.py:154] [basehttp:log_message] [INFO]- "GET /favicon.ico HTTP/1.1" 200 12414
[2021-04-01 09:55:03,076] [basehttp.py:154] [basehttp:log_message] [INFO]- "GET /admin/AdapterPowerCode/adapterpowercodebr/ HTTP/1.1" 200 1291164
[2021-04-01 09:55:03,093] [basehttp.py:154] [basehttp:log_message] [INFO]- "GET /static/admin/css/changelists.css HTTP/1.1" 200 6170
[2021-04-01 09:55:03,098] [basehttp.py:154] [basehttp:log_message] [INFO]- "GET /static/admin/js/jquery.init.js HTTP/1.1" 200 363
[2021-04-01 09:55:03,099] [basehttp.py:154] [basehttp:log_message] [INFO]- "GET /static/admin/js/core.js HTTP/1.1" 200 7135
[2021-04-01 09:55:03,099] [basehttp.py:154] [basehttp:log_message] [INFO]- "GET /static/admin/js/actions.js HTTP/1.1" 200 6538
[2021-04-01 09:55:03,100] [basehttp.py:154] [basehttp:log_message] [INFO]- "GET /static/admin/js/admin/RelatedObjectLookups.js HTTP/1.1" 200 6918
[2021-04-01 09:55:03,103] [basehttp.py:154] [basehttp:log_message] [INFO]- "GET /static/admin/js/prepopulate.js HTTP/1.1" 200 1530
[2021-04-01 09:55:03,104] [basehttp.py:154] [basehttp:log_message] [INFO]- "GET /static/admin/js/urlify.js HTTP/1.1" 200 8972
[2021-04-01 09:55:03,104] [basehttp.py:154] [basehttp:log_message] [INFO]- "GET /static/admin/js/vendor/jquery/jquery.js HTTP/1.1" 200 271751
[2021-04-01 09:55:03,105] [basehttp.py:154] [basehttp:log_message] [INFO]- "GET /static/admin/js/vendor/xregexp/xregexp.js HTTP/1.1" 200 128820
[2021-04-01 09:55:03,106] [basehttp.py:154] [basehttp:log_message] [INFO]- "GET /admin/jsi18n/ HTTP/1.1" 200 7684
[2021-04-01 09:55:03,113] [basehttp.py:154] [basehttp:log_message] [INFO]- "GET /static/admin/img/search.svg HTTP/1.1" 200 458
[2021-04-01 09:55:03,132] [basehttp.py:154] [basehttp:log_message] [INFO]- "GET /static/admin/img/tooltag-add.svg HTTP/1.1" 200 331
[2021-04-01 09:55:03,138] [basehttp.py:154] [basehttp:log_message] [INFO]- "GET /static/admin/img/sorting-icons.svg HTTP/1.1" 200 1097
[2021-04-01 09:55:03,617] [basehttp.py:154] [basehttp:log_message] [INFO]- "GET /favicon.ico HTTP/1.1" 200 12414
[2021-04-01 09:55:05,973] [basehttp.py:154] [basehttp:log_message] [INFO]- "POST /admin/AdapterPowerCode/adapterpowercodebr/ HTTP/1.1" 200 103801
[2021-04-01 09:55:06,010] [basehttp.py:154] [basehttp:log_message] [INFO]- "GET /static/admin/js/cancel.js HTTP/1.1" 200 410
[2021-04-01 09:55:06,065] [basehttp.py:154] [basehttp:log_message] [INFO]- "GET /favicon.ico HTTP/1.1" 200 12414
[2021-04-01 09:55:10,844] [basehttp.py:154] [basehttp:log_message] [INFO]- "POST /admin/AdapterPowerCode/adapterpowercodebr/ HTTP/1.1" 302 0
[2021-04-01 09:55:11,642] [basehttp.py:154] [basehttp:log_message] [INFO]- "GET /admin/AdapterPowerCode/adapterpowercodebr/ HTTP/1.1" 200 982475
[2021-04-01 09:55:11,664] [basehttp.py:154] [basehttp:log_message] [INFO]- "GET /admin/jsi18n/ HTTP/1.1" 200 7684
[2021-04-01 09:55:11,681] [basehttp.py:154] [basehttp:log_message] [INFO]- "GET /static/admin/img/icon-yes.svg HTTP/1.1" 200 436
[2021-04-01 09:55:12,053] [basehttp.py:154] [basehttp:log_message] [INFO]- "GET /favicon.ico HTTP/1.1" 200 12414
[2021-04-01 09:55:15,483] [basehttp.py:154] [basehttp:log_message] [INFO]- "POST /admin/AdapterPowerCode/adapterpowercodebr/ HTTP/1.1" 200 81311
[2021-04-01 09:55:15,559] [basehttp.py:154] [basehttp:log_message] [INFO]- "GET /favicon.ico HTTP/1.1" 200 12414
[2021-04-01 09:55:19,298] [basehttp.py:154] [basehttp:log_message] [INFO]- "POST /admin/AdapterPowerCode/adapterpowercodebr/ HTTP/1.1" 302 0
[2021-04-01 09:55:19,349] [basehttp.py:154] [basehttp:log_message] [INFO]- "GET /admin/AdapterPowerCode/adapterpowercodebr/ HTTP/1.1" 200 5257
[2021-04-01 09:55:19,391] [basehttp.py:154] [basehttp:log_message] [INFO]- "GET /admin/jsi18n/ HTTP/1.1" 200 7684
[2021-04-01 09:55:19,439] [basehttp.py:154] [basehttp:log_message] [INFO]- "GET /favicon.ico HTTP/1.1" 200 12414
[2021-04-01 09:55:23,212] [basehttp.py:154] [basehttp:log_message] [INFO]- "GET /index/ HTTP/1.1" 200 21075
[2021-04-01 09:55:23,304] [basehttp.py:154] [basehttp:log_message] [INFO]- "GET /index/ HTTP/1.1" 200 21075
[2021-04-01 09:55:23,640] [basehttp.py:154] [basehttp:log_message] [INFO]- "POST /index/ HTTP/1.1" 200 824
[2021-04-01 09:55:23,699] [basehttp.py:154] [basehttp:log_message] [INFO]- "GET /media/img/UserInfo/u2393454652578938553fm26gp0.jpg HTTP/1.1" 200 34852
[2021-04-01 09:55:23,720] [basehttp.py:154] [basehttp:log_message] [INFO]- "GET /favicon.ico HTTP/1.1" 200 12414
[2021-04-01 09:55:30,846] [basehttp.py:154] [basehttp:log_message] [INFO]- "GET /AdapterPowerCode/M_edit/ HTTP/1.1" 200 62397
[2021-04-01 09:55:30,918] [basehttp.py:154] [basehttp:log_message] [INFO]- "GET /AdapterPowerCode/M_edit/ HTTP/1.1" 200 62397
[2021-04-01 09:55:31,289] [basehttp.py:154] [basehttp:log_message] [INFO]- "POST /AdapterPowerCode/M_edit/ HTTP/1.1" 200 475
[2021-04-01 09:55:31,292] [basehttp.py:154] [basehttp:log_message] [INFO]- "GET /favicon.ico HTTP/1.1" 200 12414
[2021-04-01 09:55:56,815] [basehttp.py:154] [basehttp:log_message] [INFO]- "POST /AdapterPowerCode/M_edit/ HTTP/1.1" 200 501341
[2021-04-01 09:56:29,035] [basehttp.py:154] [basehttp:log_message] [INFO]- "POST /AdapterPowerCode/M_edit/ HTTP/1.1" 200 502370
[2021-04-01 09:56:41,787] [basehttp.py:154] [basehttp:log_message] [INFO]- "POST /AdapterPowerCode/M_edit/ HTTP/1.1" 200 502368
[2021-04-01 09:58:16,671] [basehttp.py:154] [basehttp:log_message] [INFO]- "POST /AdapterPowerCode/M_edit/ HTTP/1.1" 200 502879
[2021-04-01 10:02:57,854] [basehttp.py:154] [basehttp:log_message] [INFO]- "GET /AdapterPowerCode/BorrowedAdapter/ HTTP/1.1" 200 27050
[2021-04-01 10:02:57,957] [basehttp.py:154] [basehttp:log_message] [INFO]- "GET /AdapterPowerCode/BorrowedAdapter/ HTTP/1.1" 200 27050
[2021-04-01 10:02:58,300] [basehttp.py:154] [basehttp:log_message] [INFO]- "GET /favicon.ico HTTP/1.1" 200 12414
[2021-04-01 10:02:58,738] [basehttp.py:154] [basehttp:log_message] [INFO]- "POST /AdapterPowerCode/BorrowedAdapter/ HTTP/1.1" 200 502516
[2021-04-01 10:06:11,057] [basehttp.py:154] [basehttp:log_message] [INFO]- "GET /AdapterPowerCode/M_edit/ HTTP/1.1" 200 62397
[2021-04-01 10:06:11,154] [basehttp.py:154] [basehttp:log_message] [INFO]- "GET /AdapterPowerCode/M_edit/ HTTP/1.1" 200 62397
[2021-04-01 10:06:11,589] [basehttp.py:154] [basehttp:log_message] [INFO]- "GET /favicon.ico HTTP/1.1" 200 12414
[2021-04-01 10:06:12,011] [basehttp.py:154] [basehttp:log_message] [INFO]- "POST /AdapterPowerCode/M_edit/ HTTP/1.1" 200 502923
[2021-04-01 10:06:43,289] [basehttp.py:154] [basehttp:log_message] [INFO]- "GET /SysAdmin/UserInfo-edit/ HTTP/1.1" 200 28696
[2021-04-01 10:06:43,373] [basehttp.py:154] [basehttp:log_message] [INFO]- "GET /SysAdmin/UserInfo-edit/ HTTP/1.1" 200 28696
[2021-04-01 10:06:43,601] [basehttp.py:154] [basehttp:log_message] [INFO]- "POST /SysAdmin/UserInfo-edit/ HTTP/1.1" 200 454
[2021-04-01 10:06:43,641] [basehttp.py:154] [basehttp:log_message] [INFO]- "GET /favicon.ico HTTP/1.1" 200 12414
[2021-04-01 10:08:10,492] [basehttp.py:154] [basehttp:log_message] [INFO]- "GET /SysAdmin/UserInfo-edit/ HTTP/1.1" 200 28696
[2021-04-01 10:08:10,554] [basehttp.py:154] [basehttp:log_message] [INFO]- "GET /SysAdmin/UserInfo-edit/ HTTP/1.1" 200 28696
[2021-04-01 10:08:10,802] [basehttp.py:154] [basehttp:log_message] [INFO]- "POST /SysAdmin/UserInfo-edit/ HTTP/1.1" 200 454
[2021-04-01 10:08:10,805] [basehttp.py:154] [basehttp:log_message] [INFO]- "GET /favicon.ico HTTP/1.1" 200 12414
[2021-04-01 10:08:13,587] [basehttp.py:154] [basehttp:log_message] [INFO]- "GET /SysAdmin/UserInfo-edit/ HTTP/1.1" 200 28696
[2021-04-01 10:08:13,646] [basehttp.py:154] [basehttp:log_message] [INFO]- "GET /SysAdmin/UserInfo-edit/ HTTP/1.1" 200 28696
[2021-04-01 10:08:13,816] [basehttp.py:154] [basehttp:log_message] [INFO]- "POST /SysAdmin/UserInfo-edit/ HTTP/1.1" 200 454
[2021-04-01 10:08:13,849] [basehttp.py:154] [basehttp:log_message] [INFO]- "GET /favicon.ico HTTP/1.1" 200 12414
[2021-04-01 10:08:20,560] [basehttp.py:154] [basehttp:log_message] [INFO]- "GET /AdapterPowerCode/M_edit/ HTTP/1.1" 200 62308
[2021-04-01 10:08:20,636] [basehttp.py:154] [basehttp:log_message] [INFO]- "GET /AdapterPowerCode/M_edit/ HTTP/1.1" 200 62308
[2021-04-01 10:08:20,975] [basehttp.py:154] [basehttp:log_message] [INFO]- "GET /favicon.ico HTTP/1.1" 200 12414
[2021-04-01 10:08:21,412] [basehttp.py:154] [basehttp:log_message] [INFO]- "POST /AdapterPowerCode/M_edit/ HTTP/1.1" 200 503415
[2021-04-01 10:08:23,189] [basehttp.py:154] [basehttp:log_message] [WARNING]- "GET /static/js/lib/bootstrap.min.js.map HTTP/1.1" 404 1806
[2021-04-01 10:08:23,192] [basehttp.py:154] [basehttp:log_message] [WARNING]- "GET /static/js/axios.min.map HTTP/1.1" 404 1773
[2021-04-01 10:08:23,192] [basehttp.py:154] [basehttp:log_message] [WARNING]- "GET /static/js/xlsx/FileSaver.min.js.map HTTP/1.1" 404 1809
[2021-04-01 10:08:23,229] [basehttp.py:154] [basehttp:log_message] [WARNING]- "GET /static/css/bootstrap.min.css.map HTTP/1.1" 404 1800
[2021-04-01 10:08:46,071] [basehttp.py:154] [basehttp:log_message] [INFO]- "POST /AdapterPowerCode/M_edit/ HTTP/1.1" 200 503445
[2021-04-06 07:51:43,905] [basehttp.py:154] [basehttp:log_message] [INFO]- "GET / HTTP/1.1" 302 0
[2021-04-06 07:51:43,914] [basehttp.py:154] [basehttp:log_message] [INFO]- "GET /login/ HTTP/1.1" 200 4676
[2021-04-06 07:51:43,927] [basehttp.py:154] [basehttp:log_message] [INFO]- "GET /static/css/test1.css HTTP/1.1" 304 0
[2021-04-06 07:51:43,988] [basehttp.py:154] [basehttp:log_message] [INFO]- "GET /favicon.ico HTTP/1.1" 302 0
[2021-04-06 07:51:43,992] [basehttp.py:154] [basehttp:log_message] [INFO]- "GET /login/ HTTP/1.1" 200 4676
[2021-04-06 07:51:51,309] [basehttp.py:154] [basehttp:log_message] [INFO]- "POST /login/ HTTP/1.1" 302 0
[2021-04-06 07:51:51,347] [basehttp.py:154] [basehttp:log_message] [INFO]- "GET /index/ HTTP/1.1" 200 21075
[2021-04-06 07:51:51,363] [basehttp.py:154] [basehttp:log_message] [INFO]- "GET /static/css/lib/menubar/sidebar.css HTTP/1.1" 304 0
[2021-04-06 07:51:51,447] [basehttp.py:154] [basehttp:log_message] [INFO]- "GET /index/ HTTP/1.1" 200 21075
[2021-04-06 07:51:51,652] [basehttp.py:154] [basehttp:log_message] [INFO]- "GET /static/src/qiu1.jpg HTTP/1.1" 304 0
[2021-04-06 07:51:51,654] [basehttp.py:154] [basehttp:log_message] [INFO]- "GET /static/src/lu.jpg HTTP/1.1" 304 0
[2021-04-06 07:51:51,654] [basehttp.py:154] [basehttp:log_message] [INFO]- "GET /static/src/jinqiu5.jpg HTTP/1.1" 304 0
[2021-04-06 07:51:51,668] [basehttp.py:154] [basehttp:log_message] [INFO]- "POST /index/ HTTP/1.1" 200 824
[2021-04-06 07:51:51,711] [basehttp.py:154] [basehttp:log_message] [INFO]- "GET /media/img/UserInfo/u2393454652578938553fm26gp0.jpg HTTP/1.1" 200 34852
[2021-04-06 07:51:51,763] [basehttp.py:154] [basehttp:log_message] [INFO]- "GET /favicon.ico HTTP/1.1" 200 12414
[2021-04-06 08:48:32,505] [basehttp.py:154] [basehttp:log_message] [WARNING]- "GET /static/js/lib/bootstrap.min.js.map HTTP/1.1" 404 1806
[2021-04-06 08:48:32,508] [basehttp.py:154] [basehttp:log_message] [WARNING]- "GET /static/js/xlsx/FileSaver.min.js.map HTTP/1.1" 404 1809
[2021-04-06 08:48:32,508] [basehttp.py:154] [basehttp:log_message] [WARNING]- "GET /static/js/axios.min.map HTTP/1.1" 404 1773
[2021-04-06 08:48:32,701] [basehttp.py:154] [basehttp:log_message] [WARNING]- "GET /static/css/bootstrap.min.css.map HTTP/1.1" 404 1800
[2021-04-06 09:02:06,029] [basehttp.py:154] [basehttp:log_message] [INFO]- "GET /AdapterPowerCode/BorrowedAdapter/ HTTP/1.1" 200 27050
[2021-04-06 09:02:06,128] [basehttp.py:154] [basehttp:log_message] [INFO]- "GET /AdapterPowerCode/BorrowedAdapter/ HTTP/1.1" 200 27050
[2021-04-06 09:02:06,160] [basehttp.py:154] [basehttp:log_message] [WARNING]- "GET /static/css/bootstrap.min.css.map HTTP/1.1" 404 1800
[2021-04-06 09:02:06,188] [basehttp.py:154] [basehttp:log_message] [WARNING]- "GET /static/js/lib/bootstrap.min.js.map HTTP/1.1" 404 1806
[2021-04-06 09:02:06,336] [basehttp.py:154] [basehttp:log_message] [WARNING]- "GET /static/js/axios.min.map HTTP/1.1" 404 1773
[2021-04-06 09:02:06,562] [basehttp.py:154] [basehttp:log_message] [INFO]- "GET /favicon.ico HTTP/1.1" 200 12414
[2021-04-06 09:02:07,021] [basehttp.py:154] [basehttp:log_message] [INFO]- "POST /AdapterPowerCode/BorrowedAdapter/ HTTP/1.1" 200 503009
[2021-04-06 10:48:54,137] [basehttp.py:154] [basehttp:log_message] [INFO]- "GET /AdapterPowerCode/M_edit/ HTTP/1.1" 200 62308
[2021-04-06 10:48:54,262] [basehttp.py:154] [basehttp:log_message] [INFO]- "GET /AdapterPowerCode/M_edit/ HTTP/1.1" 200 62308
[2021-04-06 10:48:54,294] [basehttp.py:154] [basehttp:log_message] [WARNING]- "GET /static/css/bootstrap.min.css.map HTTP/1.1" 404 1800
[2021-04-06 10:48:54,325] [basehttp.py:154] [basehttp:log_message] [WARNING]- "GET /static/js/lib/bootstrap.min.js.map HTTP/1.1" 404 1806
[2021-04-06 10:48:54,469] [basehttp.py:154] [basehttp:log_message] [WARNING]- "GET /static/js/axios.min.map HTTP/1.1" 404 1773
[2021-04-06 10:48:54,474] [basehttp.py:154] [basehttp:log_message] [WARNING]- "GET /static/js/xlsx/FileSaver.min.js.map HTTP/1.1" 404 1809
[2021-04-06 10:48:54,843] [basehttp.py:154] [basehttp:log_message] [INFO]- "GET /favicon.ico HTTP/1.1" 200 12414
[2021-04-06 10:48:55,330] [basehttp.py:154] [basehttp:log_message] [INFO]- "POST /AdapterPowerCode/M_edit/ HTTP/1.1" 200 503416
[2021-04-06 11:04:20,379] [basehttp.py:154] [basehttp:log_message] [INFO]- "GET /static/src/modelfiles/DQA%20adapterpower%20cord%E5%BA%AB%E5%AD%98%E7%AE%A1%E7%90%86.xls HTTP/1.1" 200 1717248
[2021-04-06 11:28:46,553] [basehttp.py:154] [basehttp:log_message] [INFO]- "GET /AdapterPowerCode/M_edit/ HTTP/1.1" 200 62308
[2021-04-06 11:28:46,685] [basehttp.py:154] [basehttp:log_message] [INFO]- "GET /AdapterPowerCode/M_edit/ HTTP/1.1" 200 62308
[2021-04-06 11:28:46,712] [basehttp.py:154] [basehttp:log_message] [WARNING]- "GET /static/css/bootstrap.min.css.map HTTP/1.1" 404 1800
[2021-04-06 11:28:46,768] [basehttp.py:154] [basehttp:log_message] [WARNING]- "GET /static/js/lib/bootstrap.min.js.map HTTP/1.1" 404 1806
[2021-04-06 11:28:46,953] [basehttp.py:154] [basehttp:log_message] [WARNING]- "GET /static/js/axios.min.map HTTP/1.1" 404 1773
[2021-04-06 11:28:46,957] [basehttp.py:154] [basehttp:log_message] [WARNING]- "GET /static/js/xlsx/FileSaver.min.js.map HTTP/1.1" 404 1809
[2021-04-06 11:28:47,427] [basehttp.py:154] [basehttp:log_message] [INFO]- "GET /favicon.ico HTTP/1.1" 200 12414
[2021-04-06 11:28:47,885] [basehttp.py:154] [basehttp:log_message] [INFO]- "POST /AdapterPowerCode/M_edit/ HTTP/1.1" 200 503416
[2021-04-06 16:35:09,453] [basehttp.py:154] [basehttp:log_message] [INFO]- "GET /AdapterPowerCode/M_edit/ HTTP/1.1" 200 62308
[2021-04-06 16:35:09,579] [basehttp.py:154] [basehttp:log_message] [INFO]- "GET /AdapterPowerCode/M_edit/ HTTP/1.1" 200 62308
[2021-04-06 16:35:09,605] [basehttp.py:154] [basehttp:log_message] [WARNING]- "GET /static/css/bootstrap.min.css.map HTTP/1.1" 404 1800
[2021-04-06 16:35:09,644] [basehttp.py:154] [basehttp:log_message] [WARNING]- "GET /static/js/lib/bootstrap.min.js.map HTTP/1.1" 404 1806
[2021-04-06 16:35:09,805] [basehttp.py:154] [basehttp:log_message] [WARNING]- "GET /static/js/axios.min.map HTTP/1.1" 404 1773
[2021-04-06 16:35:09,806] [basehttp.py:154] [basehttp:log_message] [WARNING]- "GET /static/js/xlsx/FileSaver.min.js.map HTTP/1.1" 404 1809
[2021-04-06 16:35:10,180] [basehttp.py:154] [basehttp:log_message] [INFO]- "GET /favicon.ico HTTP/1.1" 200 12414
[2021-04-06 16:35:10,587] [basehttp.py:154] [basehttp:log_message] [INFO]- "POST /AdapterPowerCode/M_edit/ HTTP/1.1" 200 503416
