[2023-04-27 10:35:51,526] [basehttp.py:154] [basehttp:log_message] [INFO]- "GET / HTTP/1.1" 302 0
[2023-04-27 10:35:51,629] [basehttp.py:154] [basehttp:log_message] [INFO]- "GET /login/ HTTP/1.1" 200 4823
[2023-04-27 10:35:51,655] [basehttp.py:154] [basehttp:log_message] [INFO]- "GET /static/vendor/fontawesome-free/css/all.min.css HTTP/1.1" 200 54645
[2023-04-27 10:35:51,657] [basehttp.py:154] [basehttp:log_message] [INFO]- "GET /static/css/test1.css HTTP/1.1" 200 29532
[2023-04-27 10:35:51,659] [basehttp.py:154] [basehttp:log_message] [INFO]- "GET /static/vendor/jquery/jquery.min.js HTTP/1.1" 200 86929
[2023-04-27 10:35:51,659] [basehttp.py:154] [basehttp:log_message] [INFO]- "GET /static/vendor/bootstrap/js/bootstrap.bundle.min.js HTTP/1.1" 200 76314
[2023-04-27 10:35:51,660] [basehttp.py:154] [basehttp:log_message] [INFO]- "GET /static/css/bootstrap.min.css HTTP/1.1" 200 144883
[2023-04-27 10:35:51,660] [basehttp.py:154] [basehttp:log_message] [INFO]- "GET /static/vendor/jquery-easing/jquery.easing.min.js HTTP/1.1" 200 2532
[2023-04-27 10:35:51,661] [basehttp.py:154] [basehttp:log_message] [INFO]- "GET /static/css/sb-admin.css HTTP/1.1" 200 225559
[2023-04-27 10:35:51,677] [basehttp.py:154] [basehttp:log_message] [INFO]- "GET /static/src/yellow.jpg HTTP/1.1" 200 81394
[2023-04-27 10:35:51,735] [basehttp.py:154] [basehttp:log_message] [INFO]- "GET /favicon.ico HTTP/1.1" 302 0
[2023-04-27 10:35:51,738] [basehttp.py:154] [basehttp:log_message] [INFO]- "GET /login/ HTTP/1.1" 200 4823
[2023-04-27 10:36:05,971] [basehttp.py:154] [basehttp:log_message] [INFO]- "GET /login/ HTTP/1.1" 200 4823
[2023-04-27 10:36:06,068] [basehttp.py:154] [basehttp:log_message] [INFO]- "GET /favicon.ico HTTP/1.1" 302 0
[2023-04-27 10:36:06,076] [basehttp.py:154] [basehttp:log_message] [INFO]- "GET /login/ HTTP/1.1" 200 4823
[2023-04-27 10:36:07,713] [UserIP.py:89] [UserIP:process_response] [CRITICAL]- 系统错误
[2023-04-27 10:36:07,743] [basehttp.py:154] [basehttp:log_message] [INFO]- "POST /login/ HTTP/1.1" 302 0
[2023-04-27 10:36:07,830] [basehttp.py:154] [basehttp:log_message] [INFO]- "GET /index/ HTTP/1.1" 200 30779
[2023-04-27 10:36:07,992] [basehttp.py:154] [basehttp:log_message] [INFO]- "GET /index/ HTTP/1.1" 200 30779
[2023-04-27 10:36:08,236] [UserIP.py:87] [UserIP:process_response] [INFO]- 2023-04-27 10:36:08 C1010S3>Cao.Edwin None>LAPTOP-EJP4HNEV>543 127.0.0.1 127.0.0.1 /index/ POST
[2023-04-27 10:36:08,238] [basehttp.py:154] [basehttp:log_message] [INFO]- "GET /favicon.ico HTTP/1.1" 200 21702
[2023-04-27 10:36:08,249] [basehttp.py:154] [basehttp:log_message] [INFO]- "POST /index/ HTTP/1.1" 200 1433
[2023-04-27 10:36:08,293] [log.py:228] [log:log_response] [WARNING]- Not Found: /media/img/UserInfo/Jully_Li.jpg
[2023-04-27 10:36:08,296] [basehttp.py:154] [basehttp:log_message] [WARNING]- "GET /media/img/UserInfo/Jully_Li.jpg HTTP/1.1" 404 1803
[2023-04-27 10:36:16,711] [basehttp.py:154] [basehttp:log_message] [INFO]- "GET /admin/ HTTP/1.1" 302 0
[2023-04-27 10:36:16,788] [basehttp.py:154] [basehttp:log_message] [INFO]- "GET /admin/login/?next=/admin/ HTTP/1.1" 200 4026
[2023-04-27 10:36:17,076] [basehttp.py:154] [basehttp:log_message] [INFO]- "GET /favicon.ico HTTP/1.1" 200 21702
[2023-04-27 10:36:20,293] [UserIP.py:89] [UserIP:process_response] [CRITICAL]- 系统错误
[2023-04-27 10:36:20,307] [basehttp.py:154] [basehttp:log_message] [INFO]- "POST /admin/login/?next=/admin/ HTTP/1.1" 302 0
[2023-04-27 10:36:21,137] [basehttp.py:154] [basehttp:log_message] [INFO]- "GET /admin/ HTTP/1.1" 200 32669
[2023-04-27 10:36:21,146] [basehttp.py:154] [basehttp:log_message] [INFO]- "GET /static/admin/simpleui-x/automatic/dicts.js?_=2022.4.9 HTTP/1.1" 304 0
[2023-04-27 10:36:21,147] [basehttp.py:154] [basehttp:log_message] [INFO]- "GET /static/admin/simpleui-x/js/menu.js?_=2022.4.9 HTTP/1.1" 304 0
[2023-04-27 10:36:21,268] [basehttp.py:154] [basehttp:log_message] [INFO]- "GET /favicon.ico HTTP/1.1" 200 21702
[2023-04-27 10:36:27,129] [basehttp.py:154] [basehttp:log_message] [INFO]- "GET /favicon.ico HTTP/1.1" 200 21702
[2023-04-27 10:36:29,594] [basehttp.py:154] [basehttp:log_message] [INFO]- "GET /admin/app01/userinfo/ HTTP/1.1" 200 481375
[2023-04-27 10:36:29,648] [basehttp.py:154] [basehttp:log_message] [INFO]- "GET /admin/jsi18n/ HTTP/1.1" 200 7684
[2023-04-27 10:37:28,640] [basehttp.py:154] [basehttp:log_message] [INFO]- "GET /admin/app01/userinfo/1/change/ HTTP/1.1" 200 23467
[2023-04-27 10:37:28,686] [basehttp.py:154] [basehttp:log_message] [INFO]- "GET /admin/jsi18n/ HTTP/1.1" 200 7684
[2023-04-27 10:37:42,746] [UserIP.py:89] [UserIP:process_response] [CRITICAL]- 系统错误
[2023-04-27 10:37:42,760] [basehttp.py:154] [basehttp:log_message] [INFO]- "POST /admin/app01/userinfo/1/change/ HTTP/1.1" 302 0
[2023-04-27 10:37:45,121] [basehttp.py:154] [basehttp:log_message] [INFO]- "GET /admin/app01/userinfo/ HTTP/1.1" 200 481652
[2023-04-27 10:37:45,155] [basehttp.py:154] [basehttp:log_message] [INFO]- "GET /admin/jsi18n/ HTTP/1.1" 200 7684
[2023-04-27 10:37:59,683] [basehttp.py:154] [basehttp:log_message] [INFO]- "GET /admin/app01/userinfo/3/change/ HTTP/1.1" 200 23465
[2023-04-27 10:37:59,723] [basehttp.py:154] [basehttp:log_message] [INFO]- "GET /admin/jsi18n/ HTTP/1.1" 200 7684
[2023-04-27 10:38:06,465] [UserIP.py:89] [UserIP:process_response] [CRITICAL]- 系统错误
[2023-04-27 10:38:06,477] [basehttp.py:154] [basehttp:log_message] [INFO]- "POST /admin/app01/userinfo/3/change/ HTTP/1.1" 302 0
[2023-04-27 10:38:08,832] [basehttp.py:154] [basehttp:log_message] [INFO]- "GET /admin/app01/userinfo/ HTTP/1.1" 200 481653
[2023-04-27 10:38:08,879] [basehttp.py:154] [basehttp:log_message] [INFO]- "GET /admin/jsi18n/ HTTP/1.1" 200 7684
