[2021-02-24 09:05:10,951] [basehttp.py:154] [basehttp:log_message] [INFO]- "GET /AdapterPowerCode/BorrowedAdapter/ HTTP/1.1" 200 24980
[2021-02-24 09:05:11,472] [basehttp.py:154] [basehttp:log_message] [INFO]- "GET /AdapterPowerCode/BorrowedAdapter/ HTTP/1.1" 200 24980
[2021-02-24 09:05:11,924] [basehttp.py:154] [basehttp:log_message] [INFO]- "POST /AdapterPowerCode/BorrowedAdapter/ HTTP/1.1" 200 3428
[2021-02-24 09:05:29,964] [basehttp.py:154] [basehttp:log_message] [INFO]- "POST /AdapterPowerCode/BorrowedAdapter/ HTTP/1.1" 200 3428
[2021-02-24 09:05:38,729] [basehttp.py:154] [basehttp:log_message] [INFO]- "GET /AdapterPowerCode/BorrowedAdapter/ HTTP/1.1" 200 24980
[2021-02-24 09:05:38,862] [basehttp.py:154] [basehttp:log_message] [INFO]- "GET /AdapterPowerCode/BorrowedAdapter/ HTTP/1.1" 200 24980
[2021-02-24 09:05:39,326] [basehttp.py:154] [basehttp:log_message] [INFO]- "POST /AdapterPowerCode/BorrowedAdapter/ HTTP/1.1" 200 3428
[2021-02-24 09:05:44,664] [basehttp.py:154] [basehttp:log_message] [INFO]- "POST /AdapterPowerCode/BorrowedAdapter/ HTTP/1.1" 200 3428
[2021-02-24 09:05:49,183] [basehttp.py:154] [basehttp:log_message] [INFO]- "GET /AdapterPowerCode/BorrowedAdapter/ HTTP/1.1" 200 24980
[2021-02-24 09:05:49,301] [basehttp.py:154] [basehttp:log_message] [INFO]- "GET /AdapterPowerCode/BorrowedAdapter/ HTTP/1.1" 200 24980
[2021-02-24 09:05:49,568] [basehttp.py:154] [basehttp:log_message] [INFO]- "POST /AdapterPowerCode/BorrowedAdapter/ HTTP/1.1" 200 3428
[2021-02-24 09:05:51,070] [basehttp.py:154] [basehttp:log_message] [INFO]- "POST /AdapterPowerCode/BorrowedAdapter/ HTTP/1.1" 200 3428
[2021-02-24 14:16:19,331] [basehttp.py:154] [basehttp:log_message] [INFO]- "GET /AdapterPowerCode/R_Borrowed/ HTTP/1.1" 200 27030
[2021-02-24 14:16:19,571] [basehttp.py:154] [basehttp:log_message] [INFO]- "GET /AdapterPowerCode/R_Borrowed/ HTTP/1.1" 200 27030
[2021-02-24 14:16:20,238] [basehttp.py:154] [basehttp:log_message] [INFO]- "POST /AdapterPowerCode/R_Borrowed/ HTTP/1.1" 200 3572
[2021-02-24 14:16:32,081] [basehttp.py:154] [basehttp:log_message] [INFO]- "POST /AdapterPowerCode/R_Borrowed/ HTTP/1.1" 200 3572
[2021-02-24 14:16:43,560] [basehttp.py:154] [basehttp:log_message] [INFO]- "GET /AdapterPowerCode/R_Return/ HTTP/1.1" 200 22937
[2021-02-24 14:16:43,742] [basehttp.py:154] [basehttp:log_message] [INFO]- "GET /AdapterPowerCode/R_Return/ HTTP/1.1" 200 22937
[2021-02-24 14:16:44,495] [basehttp.py:154] [basehttp:log_message] [INFO]- "POST /AdapterPowerCode/R_Return/ HTTP/1.1" 200 3508
[2021-02-24 14:16:48,431] [basehttp.py:154] [basehttp:log_message] [INFO]- "POST /AdapterPowerCode/R_Return/ HTTP/1.1" 200 3508
[2021-02-24 14:17:01,259] [basehttp.py:154] [basehttp:log_message] [INFO]- "GET /AdapterPowerCode/R_Keep/ HTTP/1.1" 200 22912
[2021-02-24 14:17:01,383] [basehttp.py:154] [basehttp:log_message] [INFO]- "GET /AdapterPowerCode/R_Keep/ HTTP/1.1" 200 22912
[2021-02-24 14:17:01,826] [basehttp.py:154] [basehttp:log_message] [INFO]- "POST /AdapterPowerCode/R_Keep/ HTTP/1.1" 200 3508
[2021-02-24 14:17:05,163] [basehttp.py:154] [basehttp:log_message] [INFO]- "GET /AdapterPowerCode/R_Destine/ HTTP/1.1" 200 22934
[2021-02-24 14:17:05,394] [basehttp.py:154] [basehttp:log_message] [INFO]- "GET /AdapterPowerCode/R_Destine/ HTTP/1.1" 200 22934
[2021-02-24 14:17:05,658] [basehttp.py:154] [basehttp:log_message] [INFO]- "POST /AdapterPowerCode/R_Destine/ HTTP/1.1" 200 3508
[2021-02-24 14:17:19,555] [basehttp.py:154] [basehttp:log_message] [INFO]- "POST /AdapterPowerCode/R_Destine/ HTTP/1.1" 200 3508
[2021-02-24 14:18:15,178] [basehttp.py:154] [basehttp:log_message] [INFO]- "GET /AdapterPowerCode/M_Keep/ HTTP/1.1" 200 22202
[2021-02-24 14:18:15,309] [basehttp.py:154] [basehttp:log_message] [INFO]- "GET /AdapterPowerCode/M_Keep/ HTTP/1.1" 200 22202
[2021-02-24 14:18:15,679] [basehttp.py:154] [basehttp:log_message] [INFO]- "POST /AdapterPowerCode/M_Keep/ HTTP/1.1" 200 2749
[2021-02-24 14:18:20,944] [basehttp.py:154] [basehttp:log_message] [INFO]- "POST /AdapterPowerCode/M_Keep/ HTTP/1.1" 200 2749
[2021-02-24 14:18:32,382] [basehttp.py:154] [basehttp:log_message] [INFO]- "POST /AdapterPowerCode/M_Keep/ HTTP/1.1" 200 2749
[2021-02-24 14:35:17,678] [basehttp.py:154] [basehttp:log_message] [INFO]- "GET /AdapterPowerCode/R_Borrowed/ HTTP/1.1" 200 27030
[2021-02-24 14:35:17,936] [basehttp.py:154] [basehttp:log_message] [INFO]- "GET /AdapterPowerCode/R_Borrowed/ HTTP/1.1" 200 27030
[2021-02-24 14:35:18,458] [basehttp.py:154] [basehttp:log_message] [INFO]- "POST /AdapterPowerCode/R_Borrowed/ HTTP/1.1" 200 3572
[2021-02-24 14:35:23,627] [basehttp.py:154] [basehttp:log_message] [INFO]- "GET /AdapterPowerCode/BorrowedAdapter/ HTTP/1.1" 200 25040
[2021-02-24 14:35:23,764] [basehttp.py:154] [basehttp:log_message] [INFO]- "GET /AdapterPowerCode/BorrowedAdapter/ HTTP/1.1" 200 25040
[2021-02-24 14:35:24,166] [basehttp.py:154] [basehttp:log_message] [INFO]- "POST /AdapterPowerCode/BorrowedAdapter/ HTTP/1.1" 200 3428
[2021-02-24 14:36:01,787] [basehttp.py:154] [basehttp:log_message] [INFO]- "GET /AdapterPowerCode/R_Borrowed/ HTTP/1.1" 200 27030
[2021-02-24 14:36:01,929] [basehttp.py:154] [basehttp:log_message] [INFO]- "GET /AdapterPowerCode/R_Borrowed/ HTTP/1.1" 200 27030
[2021-02-24 14:36:02,242] [basehttp.py:154] [basehttp:log_message] [INFO]- "POST /AdapterPowerCode/R_Borrowed/ HTTP/1.1" 200 3572
[2021-02-24 14:36:05,960] [basehttp.py:154] [basehttp:log_message] [INFO]- "GET /AdapterPowerCode/BorrowedAdapter/ HTTP/1.1" 200 25040
[2021-02-24 14:36:06,080] [basehttp.py:154] [basehttp:log_message] [INFO]- "GET /AdapterPowerCode/BorrowedAdapter/ HTTP/1.1" 200 25040
[2021-02-24 14:36:06,348] [basehttp.py:154] [basehttp:log_message] [INFO]- "POST /AdapterPowerCode/BorrowedAdapter/ HTTP/1.1" 200 3428
[2021-02-24 14:36:08,523] [basehttp.py:154] [basehttp:log_message] [INFO]- "POST /AdapterPowerCode/BorrowedAdapter/ HTTP/1.1" 200 3428
[2021-02-24 14:36:15,274] [basehttp.py:154] [basehttp:log_message] [INFO]- "GET /AdapterPowerCode/R_Borrowed/ HTTP/1.1" 200 27030
[2021-02-24 14:36:15,414] [basehttp.py:154] [basehttp:log_message] [INFO]- "GET /AdapterPowerCode/R_Borrowed/ HTTP/1.1" 200 27030
[2021-02-24 14:36:15,807] [basehttp.py:154] [basehttp:log_message] [INFO]- "POST /AdapterPowerCode/R_Borrowed/ HTTP/1.1" 200 3572
[2021-02-24 14:36:17,803] [basehttp.py:154] [basehttp:log_message] [INFO]- "POST /AdapterPowerCode/R_Borrowed/ HTTP/1.1" 200 3572
[2021-02-24 15:55:02,118] [basehttp.py:154] [basehttp:log_message] [INFO]- "GET /admin/ HTTP/1.1" 302 0
[2021-02-24 15:55:02,215] [basehttp.py:154] [basehttp:log_message] [INFO]- "GET /admin/login/?next=/admin/ HTTP/1.1" 200 1821
[2021-02-24 15:55:08,216] [basehttp.py:154] [basehttp:log_message] [INFO]- "POST /admin/login/?next=/admin/ HTTP/1.1" 302 0
[2021-02-24 15:55:08,269] [basehttp.py:154] [basehttp:log_message] [INFO]- "GET /admin/ HTTP/1.1" 200 12034
[2021-02-24 15:55:15,249] [basehttp.py:154] [basehttp:log_message] [INFO]- "GET /admin/AdapterPowerCode/pics/ HTTP/1.1" 200 3210
[2021-02-24 15:55:15,283] [basehttp.py:154] [basehttp:log_message] [INFO]- "GET /admin/jsi18n/ HTTP/1.1" 200 7684
[2021-02-24 15:55:16,968] [basehttp.py:154] [basehttp:log_message] [INFO]- "GET /admin/AdapterPowerCode/pics/add/ HTTP/1.1" 200 4497
[2021-02-24 15:55:17,005] [basehttp.py:154] [basehttp:log_message] [INFO]- "GET /admin/jsi18n/ HTTP/1.1" 200 7684
[2021-02-24 15:55:26,448] [basehttp.py:154] [basehttp:log_message] [INFO]- "GET /admin/AdapterPowerCode/pics/ HTTP/1.1" 200 3210
[2021-02-24 15:55:33,573] [basehttp.py:154] [basehttp:log_message] [INFO]- "GET /admin/ HTTP/1.1" 200 12034
[2021-02-24 15:55:34,715] [basehttp.py:154] [basehttp:log_message] [INFO]- "GET /admin/AdapterPowerCode/adapterpowercode/ HTTP/1.1" 200 4838
[2021-02-24 15:55:34,753] [basehttp.py:154] [basehttp:log_message] [INFO]- "GET /admin/jsi18n/ HTTP/1.1" 200 7684
[2021-02-24 15:55:37,945] [basehttp.py:154] [basehttp:log_message] [INFO]- "GET /admin/AdapterPowerCode/adapterpowercode/add/ HTTP/1.1" 200 13346
[2021-02-24 15:55:37,973] [basehttp.py:154] [basehttp:log_message] [INFO]- "GET /static/admin/js/calendar.js HTTP/1.1" 200 7777
[2021-02-24 15:55:37,974] [basehttp.py:154] [basehttp:log_message] [INFO]- "GET /static/admin/js/admin/DateTimeShortcuts.js HTTP/1.1" 200 20281
[2021-02-24 15:55:37,983] [basehttp.py:154] [basehttp:log_message] [INFO]- "GET /admin/jsi18n/ HTTP/1.1" 200 7684
[2021-02-24 15:55:38,039] [basehttp.py:154] [basehttp:log_message] [INFO]- "GET /static/admin/img/icon-calendar.svg HTTP/1.1" 200 1086
[2021-02-24 15:55:59,758] [basehttp.py:154] [basehttp:log_message] [INFO]- "GET /admin/AdapterPowerCode/adapterpowercode/ HTTP/1.1" 200 4838
[2021-02-24 15:57:34,957] [basehttp.py:154] [basehttp:log_message] [INFO]- "GET /admin/AdapterPowerCode/adapterpowercode/ HTTP/1.1" 200 4838
[2021-02-24 15:57:34,992] [basehttp.py:154] [basehttp:log_message] [INFO]- "GET /admin/jsi18n/ HTTP/1.1" 200 7684
[2021-02-24 15:57:38,068] [basehttp.py:154] [basehttp:log_message] [INFO]- "GET /admin/AdapterPowerCode/adapterpowercode/add/ HTTP/1.1" 200 14415
[2021-02-24 15:57:38,096] [basehttp.py:154] [basehttp:log_message] [INFO]- "GET /static/admin/js/collapse.js HTTP/1.1" 200 1157
[2021-02-24 15:57:38,100] [basehttp.py:154] [basehttp:log_message] [INFO]- "GET /admin/jsi18n/ HTTP/1.1" 200 7684
[2021-02-24 15:58:30,000] [basehttp.py:154] [basehttp:log_message] [INFO]- "GET /admin/AdapterPowerCode/adapterpowercode/ HTTP/1.1" 200 4838
[2021-02-24 15:58:31,889] [basehttp.py:154] [basehttp:log_message] [INFO]- "GET /admin/AdapterPowerCode/adapterpowercode/add/ HTTP/1.1" 200 14331
[2021-02-24 15:58:31,924] [basehttp.py:154] [basehttp:log_message] [INFO]- "GET /admin/jsi18n/ HTTP/1.1" 200 7684
[2021-02-24 15:58:45,893] [basehttp.py:154] [basehttp:log_message] [INFO]- "GET /admin/AdapterPowerCode/adapterpowercode/add/ HTTP/1.1" 200 14415
[2021-02-24 15:58:45,937] [basehttp.py:154] [basehttp:log_message] [INFO]- "GET /admin/jsi18n/ HTTP/1.1" 200 7684
[2021-02-24 16:09:22,093] [basehttp.py:154] [basehttp:log_message] [INFO]- "GET /index/ HTTP/1.1" 200 13197
[2021-02-24 16:09:22,326] [basehttp.py:154] [basehttp:log_message] [INFO]- "GET /index/ HTTP/1.1" 200 13197
[2021-02-24 16:09:28,817] [basehttp.py:154] [basehttp:log_message] [INFO]- "GET /AdapterPowerCode/M_edit/ HTTP/1.1" 200 52743
[2021-02-24 16:09:28,871] [basehttp.py:154] [basehttp:log_message] [INFO]- "GET /static/js/xlsx/FileSaver.min.js HTTP/1.1" 200 2611
[2021-02-24 16:09:28,872] [basehttp.py:154] [basehttp:log_message] [INFO]- "GET /static/js/Element/table.js HTTP/1.1" 200 28389
[2021-02-24 16:09:28,873] [basehttp.py:154] [basehttp:log_message] [INFO]- "GET /static/js/Element/main.js HTTP/1.1" 200 8726
[2021-02-24 16:09:28,873] [basehttp.py:154] [basehttp:log_message] [INFO]- "GET /static/js/Element/input.js HTTP/1.1" 200 29207
[2021-02-24 16:09:28,877] [basehttp.py:154] [basehttp:log_message] [INFO]- "GET /static/js/Element/table-column.js HTTP/1.1" 200 28341
[2021-02-24 16:09:28,885] [basehttp.py:154] [basehttp:log_message] [INFO]- "GET /static/js/Element/icon.js HTTP/1.1" 200 8700
[2021-02-24 16:09:28,889] [basehttp.py:154] [basehttp:log_message] [INFO]- "GET /static/js/Element/image.js HTTP/1.1" 200 25055
[2021-02-24 16:09:28,891] [basehttp.py:154] [basehttp:log_message] [INFO]- "GET /static/js/Element/message.js HTTP/1.1" 200 11022
[2021-02-24 16:09:28,919] [basehttp.py:154] [basehttp:log_message] [INFO]- "GET /AdapterPowerCode/M_edit/ HTTP/1.1" 200 52743
[2021-02-24 16:09:29,511] [basehttp.py:154] [basehttp:log_message] [INFO]- "POST /CQM/CQM_edit/ HTTP/1.1" 200 12107
[2021-02-24 16:11:48,694] [basehttp.py:154] [basehttp:log_message] [INFO]- "POST /CQM/CQM_edit/ HTTP/1.1" 200 12107
[2021-02-24 16:11:50,116] [basehttp.py:154] [basehttp:log_message] [INFO]- "POST /CQM/CQM_edit/ HTTP/1.1" 200 12107
[2021-02-24 16:15:26,875] [basehttp.py:154] [basehttp:log_message] [INFO]- "GET /AdapterPowerCode/M_edit/ HTTP/1.1" 200 52809
[2021-02-24 16:15:27,018] [basehttp.py:154] [basehttp:log_message] [INFO]- "GET /AdapterPowerCode/M_edit/ HTTP/1.1" 200 52809
[2021-02-24 16:15:27,932] [basehttp.py:154] [basehttp:log_message] [INFO]- "POST /AdapterPowerCode/M_edit/ HTTP/1.1" 200 2613
[2021-02-24 16:16:29,022] [basehttp.py:154] [basehttp:log_message] [INFO]- "POST /AdapterPowerCode/M_edit/ HTTP/1.1" 200 2613
[2021-02-24 16:27:04,691] [basehttp.py:154] [basehttp:log_message] [INFO]- "GET /AdapterPowerCode/R_Return/ HTTP/1.1" 200 22937
[2021-02-24 16:27:04,937] [basehttp.py:154] [basehttp:log_message] [INFO]- "GET /AdapterPowerCode/R_Return/ HTTP/1.1" 200 22937
[2021-02-24 16:27:05,736] [basehttp.py:154] [basehttp:log_message] [INFO]- "POST /AdapterPowerCode/R_Return/ HTTP/1.1" 200 3508
[2021-02-24 16:27:16,522] [basehttp.py:154] [basehttp:log_message] [WARNING]- "GET /static/js/lib/bootstrap.min.js.map HTTP/1.1" 404 1806
[2021-02-24 16:27:16,524] [basehttp.py:154] [basehttp:log_message] [WARNING]- "GET /static/js/axios.min.map HTTP/1.1" 404 1773
[2021-02-24 16:27:16,556] [basehttp.py:154] [basehttp:log_message] [WARNING]- "GET /static/css/bootstrap.min.css.map HTTP/1.1" 404 1800
[2021-02-24 16:27:21,844] [basehttp.py:154] [basehttp:log_message] [INFO]- "GET /AdapterPowerCode/R_Return/ HTTP/1.1" 200 22937
[2021-02-24 16:27:21,889] [basehttp.py:154] [basehttp:log_message] [INFO]- "GET /static/css/lib/calendar2/pignose.calendar.min.css HTTP/1.1" 200 14709
[2021-02-24 16:27:21,891] [basehttp.py:154] [basehttp:log_message] [INFO]- "GET /static/css/lib/chartist/chartist.min.css HTTP/1.1" 200 11508
[2021-02-24 16:27:21,891] [basehttp.py:154] [basehttp:log_message] [INFO]- "GET /static/css/lib/themify-icons.css HTTP/1.1" 200 17551
[2021-02-24 16:27:21,892] [basehttp.py:154] [basehttp:log_message] [INFO]- "GET /static/css/lib/font-awesome.min.css HTTP/1.1" 200 38722
[2021-02-24 16:27:21,893] [basehttp.py:154] [basehttp:log_message] [INFO]- "GET /static/download_UPK/element-ui@2.12.0/lib/theme-chalk/index.css HTTP/1.1" 200 232694
[2021-02-24 16:27:21,920] [basehttp.py:154] [basehttp:log_message] [INFO]- "GET /static/css/lib/owl.carousel.min.css HTTP/1.1" 200 3011
[2021-02-24 16:27:21,925] [basehttp.py:154] [basehttp:log_message] [INFO]- "GET /static/css/lib/owl.theme.default.min.css HTTP/1.1" 200 1003
[2021-02-24 16:27:21,933] [basehttp.py:154] [basehttp:log_message] [INFO]- "GET /static/css/lib/weather-icons.css HTTP/1.1" 200 30752
[2021-02-24 16:27:21,940] [basehttp.py:154] [basehttp:log_message] [INFO]- "GET /static/css/uploadbutton.css HTTP/1.1" 200 175
[2021-02-24 16:27:21,940] [basehttp.py:154] [basehttp:log_message] [INFO]- "GET /static/css/lib/menubar/sidebar.css HTTP/1.1" 200 17496
[2021-02-24 16:27:21,944] [basehttp.py:154] [basehttp:log_message] [INFO]- "GET /static/css/lib/helper.css HTTP/1.1" 200 55773
[2021-02-24 16:27:21,945] [basehttp.py:154] [basehttp:log_message] [INFO]- "GET /static/css/style.css HTTP/1.1" 200 91482
[2021-02-24 16:27:21,946] [basehttp.py:154] [basehttp:log_message] [INFO]- "GET /static/css/bootstrap.min.css HTTP/1.1" 200 144877
[2021-02-24 16:27:21,948] [basehttp.py:154] [basehttp:log_message] [INFO]- "GET /static/css/index.css HTTP/1.1" 200 232694
[2021-02-24 16:27:21,950] [basehttp.py:154] [basehttp:log_message] [INFO]- "GET /static/jquery-3.2.1.js HTTP/1.1" 200 268039
[2021-02-24 16:27:21,991] [basehttp.py:154] [basehttp:log_message] [INFO]- "GET /static/js/lib/jquery.min.js HTTP/1.1" 200 97362
[2021-02-24 16:27:22,003] [basehttp.py:154] [basehttp:log_message] [INFO]- "GET /static/js/lib/jquery.nanoscroller.min.js HTTP/1.1" 200 12394
[2021-02-24 16:27:22,012] [basehttp.py:154] [basehttp:log_message] [INFO]- "GET /static/js/lib/menubar/sidebar.js HTTP/1.1" 200 7278
[2021-02-24 16:27:22,027] [basehttp.py:154] [basehttp:log_message] [INFO]- "GET /static/js/lib/preloader/pace.min.js HTTP/1.1" 200 26566
[2021-02-24 16:27:22,037] [basehttp.py:154] [basehttp:log_message] [INFO]- "GET /static/js/lib/bootstrap.min.js HTTP/1.1" 200 69782
[2021-02-24 16:27:22,052] [basehttp.py:154] [basehttp:log_message] [INFO]- "GET /static/js/scripts.js HTTP/1.1" 200 1906
[2021-02-24 16:27:22,058] [basehttp.py:154] [basehttp:log_message] [INFO]- "GET /static/js/lib/calendar-2/moment.latest.min.js HTTP/1.1" 200 61317
[2021-02-24 16:27:22,066] [basehttp.py:154] [basehttp:log_message] [INFO]- "GET /static/js/lib/calendar-2/pignose.calendar.min.js HTTP/1.1" 200 24265
[2021-02-24 16:27:22,074] [basehttp.py:154] [basehttp:log_message] [INFO]- "GET /static/js/lib/calendar-2/pignose.init.js HTTP/1.1" 200 258
[2021-02-24 16:27:22,080] [basehttp.py:154] [basehttp:log_message] [INFO]- "GET /static/js/lib/circle-progress/circle-progress.min.js HTTP/1.1" 200 4453
[2021-02-24 16:27:22,115] [basehttp.py:154] [basehttp:log_message] [INFO]- "GET /static/js/lib/circle-progress/circle-progress-init.js HTTP/1.1" 200 1252
[2021-02-24 16:27:22,122] [basehttp.py:154] [basehttp:log_message] [INFO]- "GET /static/js/lib/sparklinechart/jquery.sparkline.min.js HTTP/1.1" 200 43247
[2021-02-24 16:27:22,133] [basehttp.py:154] [basehttp:log_message] [INFO]- "GET /static/js/lib/sparklinechart/sparkline.init.js HTTP/1.1" 200 9974
[2021-02-24 16:27:22,140] [basehttp.py:154] [basehttp:log_message] [INFO]- "GET /static/js/lib/owl-carousel/owl.carousel.min.js HTTP/1.1" 200 42854
[2021-02-24 16:27:22,150] [basehttp.py:154] [basehttp:log_message] [INFO]- "GET /static/js/lib/owl-carousel/owl.carousel-init.js HTTP/1.1" 200 1044
[2021-02-24 16:27:22,156] [basehttp.py:154] [basehttp:log_message] [INFO]- "GET /static/js/date.js HTTP/1.1" 200 764
[2021-02-24 16:27:22,171] [basehttp.py:154] [basehttp:log_message] [INFO]- "GET /static/vendor/datatables/jquery.dataTables.js HTTP/1.1" 200 447606
[2021-02-24 16:27:22,182] [basehttp.py:154] [basehttp:log_message] [INFO]- "GET /static/js/datapicker.js HTTP/1.1" 200 11813
[2021-02-24 16:27:22,191] [basehttp.py:154] [basehttp:log_message] [INFO]- "GET /static/js/xlsx/xlsx.core.min.js HTTP/1.1" 200 480558
[2021-02-24 16:27:22,240] [basehttp.py:154] [basehttp:log_message] [INFO]- "GET /static/js/es6/polyfill.min.js HTTP/1.1" 200 97799
[2021-02-24 16:27:22,259] [basehttp.py:154] [basehttp:log_message] [INFO]- "GET /static/js/es6/babel.min.js HTTP/1.1" 200 791258
[2021-02-24 16:27:22,288] [basehttp.py:154] [basehttp:log_message] [INFO]- "GET /static/js/axios.min.js HTTP/1.1" 200 13696
[2021-02-24 16:27:22,296] [basehttp.py:154] [basehttp:log_message] [INFO]- "GET /static/js/vue.min.js HTTP/1.1" 200 93675
[2021-02-24 16:27:22,329] [basehttp.py:154] [basehttp:log_message] [INFO]- "GET /static/js/qs.js HTTP/1.1" 200 25398
[2021-02-24 16:27:22,341] [basehttp.py:154] [basehttp:log_message] [INFO]- "GET /static/js/Element/index.js HTTP/1.1" 200 563790
[2021-02-24 16:27:22,372] [basehttp.py:154] [basehttp:log_message] [INFO]- "GET /static/js/xlsx/xlsx.js HTTP/1.1" 200 5900
[2021-02-24 16:27:22,382] [basehttp.py:154] [basehttp:log_message] [INFO]- "GET /static/src/back/001.png HTTP/1.1" 200 2015
[2021-02-24 16:27:22,389] [basehttp.py:154] [basehttp:log_message] [INFO]- "GET /static/src/back/mail.png HTTP/1.1" 200 3002
[2021-02-24 16:27:22,399] [basehttp.py:154] [basehttp:log_message] [INFO]- "GET /static/src/back/call.png HTTP/1.1" 200 1850
[2021-02-24 16:27:24,808] [basehttp.py:154] [basehttp:log_message] [WARNING]- "GET /static/css/bootstrap.min.css.map HTTP/1.1" 404 1800
[2021-02-24 16:27:25,767] [basehttp.py:154] [basehttp:log_message] [INFO]- "GET /static/css/admin/assets/fonts/themify.woff?-fvbane HTTP/1.1" 200 0
[2021-02-24 16:27:25,798] [basehttp.py:154] [basehttp:log_message] [INFO]- "GET /static/css/admin/assets/fonts/themify.ttf?-fvbane HTTP/1.1" 200 0
[2021-02-24 16:27:25,800] [basehttp.py:154] [basehttp:log_message] [INFO]- "GET /AdapterPowerCode/R_Return/ HTTP/1.1" 200 22937
[2021-02-24 16:27:25,835] [basehttp.py:154] [basehttp:log_message] [INFO]- "GET /static/fonts/themify.woff?-fvbane HTTP/1.1" 200 56108
[2021-02-24 16:27:25,923] [basehttp.py:154] [basehttp:log_message] [WARNING]- "GET /static/js/lib/bootstrap.min.js.map HTTP/1.1" 404 1806
[2021-02-24 16:27:26,179] [basehttp.py:154] [basehttp:log_message] [WARNING]- "GET /static/js/axios.min.map HTTP/1.1" 404 1773
[2021-02-24 16:27:26,420] [basehttp.py:154] [basehttp:log_message] [INFO]- "GET /static/css/fonts/element-icons.woff HTTP/1.1" 200 28200
[2021-02-24 16:27:26,464] [basehttp.py:154] [basehttp:log_message] [INFO]- "POST /AdapterPowerCode/R_Return/ HTTP/1.1" 200 3508
[2021-02-24 16:32:08,146] [basehttp.py:154] [basehttp:log_message] [INFO]- "GET /AdapterPowerCode/R_Return/ HTTP/1.1" 200 23401
[2021-02-24 16:32:08,264] [basehttp.py:154] [basehttp:log_message] [INFO]- "GET /static/download_UPK/element-ui@2.12.0/lib/theme-chalk/index.css HTTP/1.1" 200 232694
[2021-02-24 16:32:08,306] [basehttp.py:154] [basehttp:log_message] [INFO]- "GET /static/css/lib/calendar2/pignose.calendar.min.css HTTP/1.1" 200 14709
[2021-02-24 16:32:08,306] [basehttp.py:154] [basehttp:log_message] [INFO]- "GET /static/css/lib/font-awesome.min.css HTTP/1.1" 200 38722
[2021-02-24 16:32:08,307] [basehttp.py:154] [basehttp:log_message] [INFO]- "GET /static/css/lib/chartist/chartist.min.css HTTP/1.1" 200 11508
[2021-02-24 16:32:08,324] [basehttp.py:154] [basehttp:log_message] [INFO]- "GET /static/css/lib/themify-icons.css HTTP/1.1" 200 17551
[2021-02-24 16:32:08,324] [basehttp.py:154] [basehttp:log_message] [INFO]- "GET /static/css/lib/owl.carousel.min.css HTTP/1.1" 200 3011
[2021-02-24 16:32:08,324] [basehttp.py:154] [basehttp:log_message] [INFO]- "GET /static/css/lib/menubar/sidebar.css HTTP/1.1" 200 17496
[2021-02-24 16:32:08,325] [basehttp.py:154] [basehttp:log_message] [INFO]- "GET /static/css/lib/owl.theme.default.min.css HTTP/1.1" 200 1003
[2021-02-24 16:32:08,325] [basehttp.py:154] [basehttp:log_message] [INFO]- "GET /static/css/lib/weather-icons.css HTTP/1.1" 200 30752
[2021-02-24 16:32:08,327] [basehttp.py:154] [basehttp:log_message] [INFO]- "GET /static/css/bootstrap.min.css HTTP/1.1" 200 144877
[2021-02-24 16:32:08,350] [basehttp.py:154] [basehttp:log_message] [INFO]- "GET /static/css/uploadbutton.css HTTP/1.1" 200 175
[2021-02-24 16:32:08,352] [basehttp.py:154] [basehttp:log_message] [INFO]- "GET /static/css/lib/helper.css HTTP/1.1" 200 55773
[2021-02-24 16:32:08,353] [basehttp.py:154] [basehttp:log_message] [INFO]- "GET /static/css/style.css HTTP/1.1" 200 91482
[2021-02-24 16:32:08,355] [basehttp.py:154] [basehttp:log_message] [INFO]- "GET /static/css/index.css HTTP/1.1" 200 232694
[2021-02-24 16:32:08,356] [basehttp.py:154] [basehttp:log_message] [INFO]- "GET /static/jquery-3.2.1.js HTTP/1.1" 200 268039
[2021-02-24 16:32:08,401] [basehttp.py:154] [basehttp:log_message] [INFO]- "GET /static/js/lib/jquery.min.js HTTP/1.1" 200 97362
[2021-02-24 16:32:08,412] [basehttp.py:154] [basehttp:log_message] [INFO]- "GET /static/js/lib/jquery.nanoscroller.min.js HTTP/1.1" 200 12394
[2021-02-24 16:32:08,422] [basehttp.py:154] [basehttp:log_message] [INFO]- "GET /static/js/lib/menubar/sidebar.js HTTP/1.1" 200 7278
[2021-02-24 16:32:08,431] [basehttp.py:154] [basehttp:log_message] [INFO]- "GET /static/js/lib/preloader/pace.min.js HTTP/1.1" 200 26566
[2021-02-24 16:32:08,441] [basehttp.py:154] [basehttp:log_message] [INFO]- "GET /static/js/lib/bootstrap.min.js HTTP/1.1" 200 69782
[2021-02-24 16:32:08,482] [basehttp.py:154] [basehttp:log_message] [INFO]- "GET /static/js/scripts.js HTTP/1.1" 200 1906
[2021-02-24 16:32:08,488] [basehttp.py:154] [basehttp:log_message] [INFO]- "GET /static/js/lib/calendar-2/moment.latest.min.js HTTP/1.1" 200 61317
[2021-02-24 16:32:08,516] [basehttp.py:154] [basehttp:log_message] [INFO]- "GET /static/js/lib/calendar-2/pignose.calendar.min.js HTTP/1.1" 200 24265
[2021-02-24 16:32:08,518] [basehttp.py:154] [basehttp:log_message] [INFO]- "GET /static/js/lib/calendar-2/pignose.init.js HTTP/1.1" 200 258
[2021-02-24 16:32:08,518] [basehttp.py:154] [basehttp:log_message] [INFO]- "GET /static/js/lib/circle-progress/circle-progress-init.js HTTP/1.1" 200 1252
[2021-02-24 16:32:08,519] [basehttp.py:154] [basehttp:log_message] [INFO]- "GET /static/js/lib/circle-progress/circle-progress.min.js HTTP/1.1" 200 4453
[2021-02-24 16:32:08,519] [basehttp.py:154] [basehttp:log_message] [INFO]- "GET /static/js/lib/sparklinechart/sparkline.init.js HTTP/1.1" 200 9974
[2021-02-24 16:32:08,519] [basehttp.py:154] [basehttp:log_message] [INFO]- "GET /static/js/lib/sparklinechart/jquery.sparkline.min.js HTTP/1.1" 200 43247
[2021-02-24 16:32:08,521] [basehttp.py:154] [basehttp:log_message] [INFO]- "GET /static/js/lib/owl-carousel/owl.carousel.min.js HTTP/1.1" 200 42854
[2021-02-24 16:32:08,535] [basehttp.py:154] [basehttp:log_message] [INFO]- "GET /static/js/lib/owl-carousel/owl.carousel-init.js HTTP/1.1" 200 1044
[2021-02-24 16:32:08,536] [basehttp.py:154] [basehttp:log_message] [INFO]- "GET /static/js/date.js HTTP/1.1" 200 764
[2021-02-24 16:32:08,536] [basehttp.py:154] [basehttp:log_message] [INFO]- "GET /static/js/datapicker.js HTTP/1.1" 200 11813
[2021-02-24 16:32:08,539] [basehttp.py:154] [basehttp:log_message] [INFO]- "GET /static/js/es6/polyfill.min.js HTTP/1.1" 200 97799
[2021-02-24 16:32:08,542] [basehttp.py:154] [basehttp:log_message] [INFO]- "GET /static/js/xlsx/xlsx.core.min.js HTTP/1.1" 200 480558
[2021-02-24 16:32:08,543] [basehttp.py:154] [basehttp:log_message] [INFO]- "GET /static/vendor/datatables/jquery.dataTables.js HTTP/1.1" 200 447606
[2021-02-24 16:32:08,553] [basehttp.py:154] [basehttp:log_message] [INFO]- "GET /static/css/admin/assets/fonts/themify.woff?-fvbane HTTP/1.1" 200 0
[2021-02-24 16:32:08,574] [basehttp.py:154] [basehttp:log_message] [INFO]- "GET /static/src/back/001.png HTTP/1.1" 200 2015
[2021-02-24 16:32:08,592] [basehttp.py:154] [basehttp:log_message] [INFO]- "GET /static/js/axios.min.js HTTP/1.1" 200 13696
[2021-02-24 16:32:08,594] [basehttp.py:154] [basehttp:log_message] [INFO]- "GET /AdapterPowerCode/R_Return/ HTTP/1.1" 200 23401
[2021-02-24 16:32:08,595] [basehttp.py:154] [basehttp:log_message] [INFO]- "GET /static/js/vue.min.js HTTP/1.1" 200 93675
[2021-02-24 16:32:08,595] [basehttp.py:154] [basehttp:log_message] [INFO]- "GET /static/js/qs.js HTTP/1.1" 200 25398
[2021-02-24 16:32:08,596] [basehttp.py:154] [basehttp:log_message] [INFO]- "GET /static/js/es6/babel.min.js HTTP/1.1" 200 791258
[2021-02-24 16:32:08,600] [basehttp.py:154] [basehttp:log_message] [INFO]- "GET /static/js/xlsx/xlsx.js HTTP/1.1" 200 5900
[2021-02-24 16:32:08,603] [basehttp.py:154] [basehttp:log_message] [INFO]- "GET /static/js/Element/index.js HTTP/1.1" 200 563790
[2021-02-24 16:32:08,611] [basehttp.py:154] [basehttp:log_message] [INFO]- "GET /static/src/back/mail.png HTTP/1.1" 200 3002
[2021-02-24 16:32:08,613] [basehttp.py:154] [basehttp:log_message] [INFO]- "GET /static/src/back/call.png HTTP/1.1" 200 1850
[2021-02-24 16:32:08,692] [basehttp.py:154] [basehttp:log_message] [WARNING]- "GET /static/css/bootstrap.min.css.map HTTP/1.1" 404 1800
[2021-02-24 16:32:08,741] [basehttp.py:154] [basehttp:log_message] [WARNING]- "GET /static/js/lib/bootstrap.min.js.map HTTP/1.1" 404 1806
[2021-02-24 16:32:08,803] [basehttp.py:154] [basehttp:log_message] [INFO]- "GET /static/css/admin/assets/fonts/themify.ttf?-fvbane HTTP/1.1" 200 0
[2021-02-24 16:32:09,130] [basehttp.py:154] [basehttp:log_message] [WARNING]- "GET /static/js/axios.min.map HTTP/1.1" 404 1773
[2021-02-24 16:32:09,130] [basehttp.py:154] [basehttp:log_message] [INFO]- "GET /static/fonts/themify.woff?-fvbane HTTP/1.1" 200 56108
[2021-02-24 16:32:09,305] [basehttp.py:154] [basehttp:log_message] [INFO]- "GET /static/css/fonts/element-icons.woff HTTP/1.1" 200 28200
[2021-02-24 16:32:09,367] [basehttp.py:154] [basehttp:log_message] [INFO]- "POST /AdapterPowerCode/R_Return/ HTTP/1.1" 200 3508
[2021-02-24 16:33:33,876] [basehttp.py:154] [basehttp:log_message] [INFO]- "GET /AdapterPowerCode/R_Return/ HTTP/1.1" 200 23518
[2021-02-24 16:33:33,915] [basehttp.py:154] [basehttp:log_message] [INFO]- "GET /static/css/lib/calendar2/pignose.calendar.min.css HTTP/1.1" 200 14709
[2021-02-24 16:33:33,919] [basehttp.py:154] [basehttp:log_message] [INFO]- "GET /static/css/lib/chartist/chartist.min.css HTTP/1.1" 200 11508
[2021-02-24 16:33:33,923] [basehttp.py:154] [basehttp:log_message] [INFO]- "GET /static/css/lib/owl.carousel.min.css HTTP/1.1" 200 3011
[2021-02-24 16:33:33,923] [basehttp.py:154] [basehttp:log_message] [INFO]- "GET /static/css/lib/font-awesome.min.css HTTP/1.1" 200 38722
[2021-02-24 16:33:33,924] [basehttp.py:154] [basehttp:log_message] [INFO]- "GET /static/css/lib/themify-icons.css HTTP/1.1" 200 17551
[2021-02-24 16:33:33,924] [basehttp.py:154] [basehttp:log_message] [INFO]- "GET /static/css/lib/owl.theme.default.min.css HTTP/1.1" 200 1003
[2021-02-24 16:33:33,928] [basehttp.py:154] [basehttp:log_message] [INFO]- "GET /static/css/lib/weather-icons.css HTTP/1.1" 200 30752
[2021-02-24 16:33:33,935] [basehttp.py:154] [basehttp:log_message] [INFO]- "GET /static/css/lib/menubar/sidebar.css HTTP/1.1" 200 17496
[2021-02-24 16:33:33,935] [basehttp.py:154] [basehttp:log_message] [INFO]- "GET /static/css/uploadbutton.css HTTP/1.1" 200 175
[2021-02-24 16:33:33,937] [basehttp.py:154] [basehttp:log_message] [INFO]- "GET /static/download_UPK/element-ui@2.12.0/lib/theme-chalk/index.css HTTP/1.1" 200 232694
[2021-02-24 16:33:33,938] [basehttp.py:154] [basehttp:log_message] [INFO]- "GET /static/css/lib/helper.css HTTP/1.1" 200 55773
[2021-02-24 16:33:33,940] [basehttp.py:154] [basehttp:log_message] [INFO]- "GET /static/css/style.css HTTP/1.1" 200 91482
[2021-02-24 16:33:33,941] [basehttp.py:154] [basehttp:log_message] [INFO]- "GET /static/css/bootstrap.min.css HTTP/1.1" 200 144877
[2021-02-24 16:33:33,946] [basehttp.py:154] [basehttp:log_message] [INFO]- "GET /static/css/index.css HTTP/1.1" 200 232694
[2021-02-24 16:33:33,948] [basehttp.py:154] [basehttp:log_message] [INFO]- "GET /static/jquery-3.2.1.js HTTP/1.1" 200 268039
[2021-02-24 16:33:34,015] [basehttp.py:154] [basehttp:log_message] [INFO]- "GET /static/js/lib/jquery.min.js HTTP/1.1" 200 97362
[2021-02-24 16:33:34,025] [basehttp.py:154] [basehttp:log_message] [INFO]- "GET /static/js/lib/jquery.nanoscroller.min.js HTTP/1.1" 200 12394
[2021-02-24 16:33:34,037] [basehttp.py:154] [basehttp:log_message] [INFO]- "GET /static/js/lib/menubar/sidebar.js HTTP/1.1" 200 7278
[2021-02-24 16:33:34,042] [basehttp.py:154] [basehttp:log_message] [INFO]- "GET /static/js/lib/preloader/pace.min.js HTTP/1.1" 200 26566
[2021-02-24 16:33:34,047] [basehttp.py:154] [basehttp:log_message] [INFO]- "GET /static/js/lib/bootstrap.min.js HTTP/1.1" 200 69782
[2021-02-24 16:33:34,080] [basehttp.py:154] [basehttp:log_message] [INFO]- "GET /static/js/scripts.js HTTP/1.1" 200 1906
[2021-02-24 16:33:34,081] [basehttp.py:154] [basehttp:log_message] [INFO]- "GET /static/js/lib/calendar-2/moment.latest.min.js HTTP/1.1" 200 61317
[2021-02-24 16:33:34,106] [basehttp.py:154] [basehttp:log_message] [INFO]- "GET /static/js/lib/calendar-2/pignose.calendar.min.js HTTP/1.1" 200 24265
[2021-02-24 16:33:34,107] [basehttp.py:154] [basehttp:log_message] [INFO]- "GET /static/js/lib/calendar-2/pignose.init.js HTTP/1.1" 200 258
[2021-02-24 16:33:34,108] [basehttp.py:154] [basehttp:log_message] [INFO]- "GET /static/js/lib/circle-progress/circle-progress.min.js HTTP/1.1" 200 4453
[2021-02-24 16:33:34,108] [basehttp.py:154] [basehttp:log_message] [INFO]- "GET /static/js/lib/circle-progress/circle-progress-init.js HTTP/1.1" 200 1252
[2021-02-24 16:33:34,108] [basehttp.py:154] [basehttp:log_message] [INFO]- "GET /static/js/lib/sparklinechart/sparkline.init.js HTTP/1.1" 200 9974
[2021-02-24 16:33:34,109] [basehttp.py:154] [basehttp:log_message] [INFO]- "GET /static/js/lib/sparklinechart/jquery.sparkline.min.js HTTP/1.1" 200 43247
[2021-02-24 16:33:34,113] [basehttp.py:154] [basehttp:log_message] [INFO]- "GET /static/js/lib/owl-carousel/owl.carousel.min.js HTTP/1.1" 200 42854
[2021-02-24 16:33:34,129] [basehttp.py:154] [basehttp:log_message] [INFO]- "GET /static/js/datapicker.js HTTP/1.1" 200 11813
[2021-02-24 16:33:34,129] [basehttp.py:154] [basehttp:log_message] [INFO]- "GET /static/js/lib/owl-carousel/owl.carousel-init.js HTTP/1.1" 200 1044
[2021-02-24 16:33:34,129] [basehttp.py:154] [basehttp:log_message] [INFO]- "GET /static/js/date.js HTTP/1.1" 200 764
[2021-02-24 16:33:34,133] [basehttp.py:154] [basehttp:log_message] [INFO]- "GET /static/js/es6/polyfill.min.js HTTP/1.1" 200 97799
[2021-02-24 16:33:34,135] [basehttp.py:154] [basehttp:log_message] [INFO]- "GET /static/js/xlsx/xlsx.core.min.js HTTP/1.1" 200 480558
[2021-02-24 16:33:34,139] [basehttp.py:154] [basehttp:log_message] [INFO]- "GET /static/vendor/datatables/jquery.dataTables.js HTTP/1.1" 200 447606
[2021-02-24 16:33:34,156] [basehttp.py:154] [basehttp:log_message] [INFO]- "GET /static/js/axios.min.js HTTP/1.1" 200 13696
[2021-02-24 16:33:34,165] [basehttp.py:154] [basehttp:log_message] [INFO]- "GET /static/js/vue.min.js HTTP/1.1" 200 93675
[2021-02-24 16:33:34,167] [basehttp.py:154] [basehttp:log_message] [INFO]- "GET /static/js/es6/babel.min.js HTTP/1.1" 200 791258
[2021-02-24 16:33:34,176] [basehttp.py:154] [basehttp:log_message] [INFO]- "GET /static/css/admin/assets/fonts/themify.woff?-fvbane HTTP/1.1" 200 0
[2021-02-24 16:33:34,177] [basehttp.py:154] [basehttp:log_message] [INFO]- "GET /static/src/back/001.png HTTP/1.1" 200 2015
[2021-02-24 16:33:34,195] [basehttp.py:154] [basehttp:log_message] [INFO]- "GET /static/js/qs.js HTTP/1.1" 200 25398
[2021-02-24 16:33:34,197] [basehttp.py:154] [basehttp:log_message] [INFO]- "GET /static/js/xlsx/xlsx.js HTTP/1.1" 200 5900
[2021-02-24 16:33:34,197] [basehttp.py:154] [basehttp:log_message] [INFO]- "GET /static/src/back/mail.png HTTP/1.1" 200 3002
[2021-02-24 16:33:34,200] [basehttp.py:154] [basehttp:log_message] [INFO]- "GET /AdapterPowerCode/R_Return/ HTTP/1.1" 200 23518
[2021-02-24 16:33:34,203] [basehttp.py:154] [basehttp:log_message] [INFO]- "GET /static/src/back/call.png HTTP/1.1" 200 1850
[2021-02-24 16:33:34,205] [basehttp.py:154] [basehttp:log_message] [INFO]- "GET /static/js/Element/index.js HTTP/1.1" 200 563790
[2021-02-24 16:33:34,265] [basehttp.py:154] [basehttp:log_message] [WARNING]- "GET /static/css/bootstrap.min.css.map HTTP/1.1" 404 1800
[2021-02-24 16:33:34,343] [basehttp.py:154] [basehttp:log_message] [WARNING]- "GET /static/js/lib/bootstrap.min.js.map HTTP/1.1" 404 1806
[2021-02-24 16:33:34,440] [basehttp.py:154] [basehttp:log_message] [INFO]- "GET /static/css/admin/assets/fonts/themify.ttf?-fvbane HTTP/1.1" 200 0
[2021-02-24 16:33:34,806] [basehttp.py:154] [basehttp:log_message] [WARNING]- "GET /static/js/axios.min.map HTTP/1.1" 404 1773
[2021-02-24 16:33:34,806] [basehttp.py:154] [basehttp:log_message] [INFO]- "GET /static/fonts/themify.woff?-fvbane HTTP/1.1" 200 56108
[2021-02-24 16:33:35,004] [basehttp.py:154] [basehttp:log_message] [INFO]- "GET /static/css/fonts/element-icons.woff HTTP/1.1" 200 28200
[2021-02-24 16:33:35,036] [basehttp.py:154] [basehttp:log_message] [INFO]- "POST /AdapterPowerCode/R_Return/ HTTP/1.1" 200 3508
[2021-02-24 16:33:48,265] [basehttp.py:154] [basehttp:log_message] [INFO]- "POST /AdapterPowerCode/R_Return/ HTTP/1.1" 200 3508
[2021-02-24 16:37:10,711] [basehttp.py:154] [basehttp:log_message] [INFO]- "POST /AdapterPowerCode/R_Return/ HTTP/1.1" 200 3508
[2021-02-24 16:37:11,935] [basehttp.py:154] [basehttp:log_message] [INFO]- "POST /AdapterPowerCode/R_Return/ HTTP/1.1" 200 3508
[2021-02-24 16:37:24,886] [basehttp.py:154] [basehttp:log_message] [INFO]- "POST /AdapterPowerCode/R_Return/ HTTP/1.1" 200 3508
[2021-02-24 16:39:52,086] [basehttp.py:154] [basehttp:log_message] [INFO]- "GET /AdapterPowerCode/M_edit/ HTTP/1.1" 200 52809
[2021-02-24 16:39:52,156] [basehttp.py:154] [basehttp:log_message] [INFO]- "GET /static/css/lib/chartist/chartist.min.css HTTP/1.1" 200 11508
[2021-02-24 16:39:52,157] [basehttp.py:154] [basehttp:log_message] [INFO]- "GET /static/css/lib/calendar2/pignose.calendar.min.css HTTP/1.1" 200 14709
[2021-02-24 16:39:52,158] [basehttp.py:154] [basehttp:log_message] [INFO]- "GET /static/css/lib/font-awesome.min.css HTTP/1.1" 200 38722
[2021-02-24 16:39:52,163] [basehttp.py:154] [basehttp:log_message] [INFO]- "GET /static/css/lib/owl.carousel.min.css HTTP/1.1" 200 3011
[2021-02-24 16:39:52,164] [basehttp.py:154] [basehttp:log_message] [INFO]- "GET /static/css/lib/themify-icons.css HTTP/1.1" 200 17551
[2021-02-24 16:39:52,167] [basehttp.py:154] [basehttp:log_message] [INFO]- "GET /static/css/lib/owl.theme.default.min.css HTTP/1.1" 200 1003
[2021-02-24 16:39:52,168] [basehttp.py:154] [basehttp:log_message] [INFO]- "GET /static/css/lib/menubar/sidebar.css HTTP/1.1" 200 17496
[2021-02-24 16:39:52,171] [basehttp.py:154] [basehttp:log_message] [INFO]- "GET /static/css/lib/weather-icons.css HTTP/1.1" 200 30752
[2021-02-24 16:39:52,174] [basehttp.py:154] [basehttp:log_message] [INFO]- "GET /static/download_UPK/element-ui@2.12.0/lib/theme-chalk/index.css HTTP/1.1" 200 232694
[2021-02-24 16:39:52,175] [basehttp.py:154] [basehttp:log_message] [INFO]- "GET /static/css/lib/helper.css HTTP/1.1" 200 55773
[2021-02-24 16:39:52,180] [basehttp.py:154] [basehttp:log_message] [INFO]- "GET /static/css/style.css HTTP/1.1" 200 91482
[2021-02-24 16:39:52,184] [basehttp.py:154] [basehttp:log_message] [INFO]- "GET /static/css/uploadbutton.css HTTP/1.1" 200 175
[2021-02-24 16:39:52,186] [basehttp.py:154] [basehttp:log_message] [INFO]- "GET /static/css/bootstrap.min.css HTTP/1.1" 200 144877
[2021-02-24 16:39:52,188] [basehttp.py:154] [basehttp:log_message] [INFO]- "GET /static/jquery-3.2.1.js HTTP/1.1" 200 268039
[2021-02-24 16:39:52,189] [basehttp.py:154] [basehttp:log_message] [INFO]- "GET /static/css/index.css HTTP/1.1" 200 232694
[2021-02-24 16:39:52,296] [basehttp.py:154] [basehttp:log_message] [INFO]- "GET /static/js/lib/jquery.nanoscroller.min.js HTTP/1.1" 200 12394
[2021-02-24 16:39:52,299] [basehttp.py:154] [basehttp:log_message] [INFO]- "GET /static/js/lib/jquery.min.js HTTP/1.1" 200 97362
[2021-02-24 16:39:52,340] [basehttp.py:154] [basehttp:log_message] [INFO]- "GET /static/js/lib/menubar/sidebar.js HTTP/1.1" 200 7278
[2021-02-24 16:39:52,340] [basehttp.py:154] [basehttp:log_message] [INFO]- "GET /static/js/lib/preloader/pace.min.js HTTP/1.1" 200 26566
[2021-02-24 16:39:52,352] [basehttp.py:154] [basehttp:log_message] [INFO]- "GET /static/js/scripts.js HTTP/1.1" 200 1906
[2021-02-24 16:39:52,354] [basehttp.py:154] [basehttp:log_message] [INFO]- "GET /static/js/lib/calendar-2/pignose.calendar.min.js HTTP/1.1" 200 24265
[2021-02-24 16:39:52,355] [basehttp.py:154] [basehttp:log_message] [INFO]- "GET /static/js/lib/calendar-2/moment.latest.min.js HTTP/1.1" 200 61317
[2021-02-24 16:39:52,356] [basehttp.py:154] [basehttp:log_message] [INFO]- "GET /static/js/lib/bootstrap.min.js HTTP/1.1" 200 69782
[2021-02-24 16:39:52,363] [basehttp.py:154] [basehttp:log_message] [INFO]- "GET /static/js/lib/circle-progress/circle-progress.min.js HTTP/1.1" 200 4453
[2021-02-24 16:39:52,363] [basehttp.py:154] [basehttp:log_message] [INFO]- "GET /static/js/lib/calendar-2/pignose.init.js HTTP/1.1" 200 258
[2021-02-24 16:39:52,378] [basehttp.py:154] [basehttp:log_message] [INFO]- "GET /static/js/lib/circle-progress/circle-progress-init.js HTTP/1.1" 200 1252
[2021-02-24 16:39:52,397] [basehttp.py:154] [basehttp:log_message] [INFO]- "GET /static/js/lib/sparklinechart/sparkline.init.js HTTP/1.1" 200 9974
[2021-02-24 16:39:52,398] [basehttp.py:154] [basehttp:log_message] [INFO]- "GET /static/js/lib/sparklinechart/jquery.sparkline.min.js HTTP/1.1" 200 43247
[2021-02-24 16:39:52,399] [basehttp.py:154] [basehttp:log_message] [INFO]- "GET /static/js/date.js HTTP/1.1" 200 764
[2021-02-24 16:39:52,399] [basehttp.py:154] [basehttp:log_message] [INFO]- "GET /static/js/lib/owl-carousel/owl.carousel-init.js HTTP/1.1" 200 1044
[2021-02-24 16:39:52,400] [basehttp.py:154] [basehttp:log_message] [INFO]- "GET /static/js/lib/owl-carousel/owl.carousel.min.js HTTP/1.1" 200 42854
[2021-02-24 16:39:52,403] [basehttp.py:154] [basehttp:log_message] [INFO]- "GET /static/js/datapicker.js HTTP/1.1" 200 11813
[2021-02-24 16:39:52,408] [basehttp.py:154] [basehttp:log_message] [INFO]- "GET /static/vendor/datatables/jquery.dataTables.js HTTP/1.1" 200 447606
[2021-02-24 16:39:52,415] [basehttp.py:154] [basehttp:log_message] [INFO]- "GET /static/js/xlsx/xlsx.core.min.js HTTP/1.1" 200 480558
[2021-02-24 16:39:52,416] [basehttp.py:154] [basehttp:log_message] [INFO]- "GET /static/js/es6/polyfill.min.js HTTP/1.1" 200 97799
[2021-02-24 16:39:52,417] [basehttp.py:154] [basehttp:log_message] [INFO]- "GET /static/js/axios.min.js HTTP/1.1" 200 13696
[2021-02-24 16:39:52,420] [basehttp.py:154] [basehttp:log_message] [INFO]- "GET /static/js/es6/babel.min.js HTTP/1.1" 200 791258
[2021-02-24 16:39:52,430] [basehttp.py:154] [basehttp:log_message] [INFO]- "GET /static/js/vue.min.js HTTP/1.1" 200 93675
[2021-02-24 16:39:52,440] [basehttp.py:154] [basehttp:log_message] [INFO]- "GET /static/js/qs.js HTTP/1.1" 200 25398
[2021-02-24 16:39:52,448] [basehttp.py:154] [basehttp:log_message] [INFO]- "GET /static/js/xlsx/FileSaver.min.js HTTP/1.1" 200 2611
[2021-02-24 16:39:52,449] [basehttp.py:154] [basehttp:log_message] [INFO]- "GET /static/js/Element/table.js HTTP/1.1" 200 28389
[2021-02-24 16:39:52,451] [basehttp.py:154] [basehttp:log_message] [INFO]- "GET /static/js/Element/index.js HTTP/1.1" 200 563790
[2021-02-24 16:39:52,456] [basehttp.py:154] [basehttp:log_message] [INFO]- "GET /static/js/Element/main.js HTTP/1.1" 200 8726
[2021-02-24 16:39:52,456] [basehttp.py:154] [basehttp:log_message] [INFO]- "GET /static/js/Element/input.js HTTP/1.1" 200 29207
[2021-02-24 16:39:52,469] [basehttp.py:154] [basehttp:log_message] [INFO]- "GET /static/js/Element/table-column.js HTTP/1.1" 200 28341
[2021-02-24 16:39:52,469] [basehttp.py:154] [basehttp:log_message] [INFO]- "GET /static/js/Element/icon.js HTTP/1.1" 200 8700
[2021-02-24 16:39:52,486] [basehttp.py:154] [basehttp:log_message] [INFO]- "GET /static/js/Element/message.js HTTP/1.1" 200 11022
[2021-02-24 16:39:52,490] [basehttp.py:154] [basehttp:log_message] [INFO]- "GET /static/js/Element/image.js HTTP/1.1" 200 25055
[2021-02-24 16:39:52,493] [basehttp.py:154] [basehttp:log_message] [INFO]- "GET /static/js/xlsx/xlsx.js HTTP/1.1" 200 5900
[2021-02-24 16:39:52,495] [basehttp.py:154] [basehttp:log_message] [INFO]- "GET /static/src/back/001.png HTTP/1.1" 200 2015
[2021-02-24 16:39:52,504] [basehttp.py:154] [basehttp:log_message] [INFO]- "GET /static/src/back/call.png HTTP/1.1" 200 1850
[2021-02-24 16:39:52,504] [basehttp.py:154] [basehttp:log_message] [INFO]- "GET /static/src/back/mail.png HTTP/1.1" 200 3002
[2021-02-24 16:39:52,540] [basehttp.py:154] [basehttp:log_message] [INFO]- "GET /AdapterPowerCode/M_edit/ HTTP/1.1" 200 52809
[2021-02-24 16:39:52,574] [basehttp.py:154] [basehttp:log_message] [INFO]- "GET /static/css/admin/assets/fonts/themify.woff?-fvbane HTTP/1.1" 200 0
[2021-02-24 16:39:52,647] [basehttp.py:154] [basehttp:log_message] [WARNING]- "GET /static/css/bootstrap.min.css.map HTTP/1.1" 404 1800
[2021-02-24 16:39:52,755] [basehttp.py:154] [basehttp:log_message] [INFO]- "GET /static/css/admin/assets/fonts/themify.ttf?-fvbane HTTP/1.1" 200 0
[2021-02-24 16:39:52,823] [basehttp.py:154] [basehttp:log_message] [WARNING]- "GET /static/js/lib/bootstrap.min.js.map HTTP/1.1" 404 1806
[2021-02-24 16:39:53,104] [basehttp.py:154] [basehttp:log_message] [WARNING]- "GET /static/js/axios.min.map HTTP/1.1" 404 1773
[2021-02-24 16:39:53,206] [basehttp.py:154] [basehttp:log_message] [WARNING]- "GET /static/js/xlsx/FileSaver.min.js.map HTTP/1.1" 404 1809
[2021-02-24 16:39:53,268] [basehttp.py:154] [basehttp:log_message] [INFO]- "GET /static/fonts/themify.woff?-fvbane HTTP/1.1" 200 56108
[2021-02-24 16:39:53,770] [basehttp.py:154] [basehttp:log_message] [INFO]- "GET /static/css/fonts/element-icons.woff HTTP/1.1" 200 28200
[2021-02-24 16:39:53,858] [basehttp.py:154] [basehttp:log_message] [INFO]- "POST /AdapterPowerCode/M_edit/ HTTP/1.1" 200 2613
[2021-02-24 16:44:16,712] [basehttp.py:154] [basehttp:log_message] [INFO]- "POST /AdapterPowerCode/M_edit/ HTTP/1.1" 200 2613
[2021-02-24 16:45:02,773] [basehttp.py:154] [basehttp:log_message] [INFO]- "POST /AdapterPowerCode/M_edit/ HTTP/1.1" 200 2613
[2021-02-24 16:45:26,068] [basehttp.py:154] [basehttp:log_message] [INFO]- "POST /AdapterPowerCode/M_edit/ HTTP/1.1" 200 2613
[2021-02-24 16:56:42,300] [basehttp.py:154] [basehttp:log_message] [INFO]- "GET /AdapterPowerCode/R_Borrowed/ HTTP/1.1" 200 27677
[2021-02-24 16:56:42,350] [basehttp.py:154] [basehttp:log_message] [INFO]- "GET /static/css/lib/calendar2/pignose.calendar.min.css HTTP/1.1" 200 14709
[2021-02-24 16:56:42,351] [basehttp.py:154] [basehttp:log_message] [INFO]- "GET /static/css/lib/chartist/chartist.min.css HTTP/1.1" 200 11508
[2021-02-24 16:56:42,352] [basehttp.py:154] [basehttp:log_message] [INFO]- "GET /static/css/lib/themify-icons.css HTTP/1.1" 200 17551
[2021-02-24 16:56:42,355] [basehttp.py:154] [basehttp:log_message] [INFO]- "GET /static/css/lib/owl.carousel.min.css HTTP/1.1" 200 3011
[2021-02-24 16:56:42,356] [basehttp.py:154] [basehttp:log_message] [INFO]- "GET /static/css/lib/font-awesome.min.css HTTP/1.1" 200 38722
[2021-02-24 16:56:42,362] [basehttp.py:154] [basehttp:log_message] [INFO]- "GET /static/css/lib/owl.theme.default.min.css HTTP/1.1" 200 1003
[2021-02-24 16:56:42,364] [basehttp.py:154] [basehttp:log_message] [INFO]- "GET /static/css/lib/weather-icons.css HTTP/1.1" 200 30752
[2021-02-24 16:56:42,365] [basehttp.py:154] [basehttp:log_message] [INFO]- "GET /static/css/lib/menubar/sidebar.css HTTP/1.1" 200 17496
[2021-02-24 16:56:42,367] [basehttp.py:154] [basehttp:log_message] [INFO]- "GET /static/css/lib/helper.css HTTP/1.1" 200 55773
[2021-02-24 16:56:42,368] [basehttp.py:154] [basehttp:log_message] [INFO]- "GET /static/download_UPK/element-ui@2.12.0/lib/theme-chalk/index.css HTTP/1.1" 200 232694
[2021-02-24 16:56:42,370] [basehttp.py:154] [basehttp:log_message] [INFO]- "GET /static/css/bootstrap.min.css HTTP/1.1" 200 144877
[2021-02-24 16:56:42,370] [basehttp.py:154] [basehttp:log_message] [INFO]- "GET /static/css/uploadbutton.css HTTP/1.1" 200 175
[2021-02-24 16:56:42,371] [basehttp.py:154] [basehttp:log_message] [INFO]- "GET /static/css/style.css HTTP/1.1" 200 91482
[2021-02-24 16:56:42,377] [basehttp.py:154] [basehttp:log_message] [INFO]- "GET /static/css/index.css HTTP/1.1" 200 232694
[2021-02-24 16:56:42,378] [basehttp.py:154] [basehttp:log_message] [INFO]- "GET /static/jquery-3.2.1.js HTTP/1.1" 200 268039
[2021-02-24 16:56:42,495] [basehttp.py:154] [basehttp:log_message] [INFO]- "GET /static/js/lib/jquery.min.js HTTP/1.1" 200 97362
[2021-02-24 16:56:42,503] [basehttp.py:154] [basehttp:log_message] [INFO]- "GET /static/js/lib/jquery.nanoscroller.min.js HTTP/1.1" 200 12394
[2021-02-24 16:56:42,507] [basehttp.py:154] [basehttp:log_message] [INFO]- "GET /static/js/lib/menubar/sidebar.js HTTP/1.1" 200 7278
[2021-02-24 16:56:42,514] [basehttp.py:154] [basehttp:log_message] [INFO]- "GET /static/js/lib/preloader/pace.min.js HTTP/1.1" 200 26566
[2021-02-24 16:56:42,519] [basehttp.py:154] [basehttp:log_message] [INFO]- "GET /static/js/lib/bootstrap.min.js HTTP/1.1" 200 69782
[2021-02-24 16:56:42,525] [basehttp.py:154] [basehttp:log_message] [INFO]- "GET /static/js/scripts.js HTTP/1.1" 200 1906
[2021-02-24 16:56:42,534] [basehttp.py:154] [basehttp:log_message] [INFO]- "GET /static/js/lib/calendar-2/moment.latest.min.js HTTP/1.1" 200 61317
[2021-02-24 16:56:42,539] [basehttp.py:154] [basehttp:log_message] [INFO]- "GET /static/js/lib/calendar-2/pignose.calendar.min.js HTTP/1.1" 200 24265
[2021-02-24 16:56:42,568] [basehttp.py:154] [basehttp:log_message] [INFO]- "GET /static/js/lib/calendar-2/pignose.init.js HTTP/1.1" 200 258
[2021-02-24 16:56:42,569] [basehttp.py:154] [basehttp:log_message] [INFO]- "GET /static/js/lib/circle-progress/circle-progress.min.js HTTP/1.1" 200 4453
[2021-02-24 16:56:42,571] [basehttp.py:154] [basehttp:log_message] [INFO]- "GET /static/js/lib/circle-progress/circle-progress-init.js HTTP/1.1" 200 1252
[2021-02-24 16:56:42,572] [basehttp.py:154] [basehttp:log_message] [INFO]- "GET /static/js/lib/sparklinechart/sparkline.init.js HTTP/1.1" 200 9974
[2021-02-24 16:56:42,572] [basehttp.py:154] [basehttp:log_message] [INFO]- "GET /static/js/lib/owl-carousel/owl.carousel.min.js HTTP/1.1" 200 42854
[2021-02-24 16:56:42,574] [basehttp.py:154] [basehttp:log_message] [INFO]- "GET /static/js/lib/sparklinechart/jquery.sparkline.min.js HTTP/1.1" 200 43247
[2021-02-24 16:56:42,578] [basehttp.py:154] [basehttp:log_message] [INFO]- "GET /static/js/lib/owl-carousel/owl.carousel-init.js HTTP/1.1" 200 1044
[2021-02-24 16:56:42,583] [basehttp.py:154] [basehttp:log_message] [INFO]- "GET /static/js/date.js HTTP/1.1" 200 764
[2021-02-24 16:56:42,592] [basehttp.py:154] [basehttp:log_message] [INFO]- "GET /static/js/datapicker.js HTTP/1.1" 200 11813
[2021-02-24 16:56:42,596] [basehttp.py:154] [basehttp:log_message] [INFO]- "GET /static/js/axios.min.js HTTP/1.1" 200 13696
[2021-02-24 16:56:42,597] [basehttp.py:154] [basehttp:log_message] [INFO]- "GET /static/js/es6/polyfill.min.js HTTP/1.1" 200 97799
[2021-02-24 16:56:42,600] [basehttp.py:154] [basehttp:log_message] [INFO]- "GET /static/vendor/datatables/jquery.dataTables.js HTTP/1.1" 200 447606
[2021-02-24 16:56:42,605] [basehttp.py:154] [basehttp:log_message] [INFO]- "GET /static/css/admin/assets/fonts/themify.woff?-fvbane HTTP/1.1" 200 0
[2021-02-24 16:56:42,606] [basehttp.py:154] [basehttp:log_message] [INFO]- "GET /static/js/xlsx/xlsx.core.min.js HTTP/1.1" 200 480558
[2021-02-24 16:56:42,611] [basehttp.py:154] [basehttp:log_message] [INFO]- "GET /static/js/es6/babel.min.js HTTP/1.1" 200 791258
[2021-02-24 16:56:42,620] [basehttp.py:154] [basehttp:log_message] [INFO]- "GET /static/src/back/call.png HTTP/1.1" 200 1850
[2021-02-24 16:56:42,622] [basehttp.py:154] [basehttp:log_message] [INFO]- "GET /static/src/back/mail.png HTTP/1.1" 200 3002
[2021-02-24 16:56:42,622] [basehttp.py:154] [basehttp:log_message] [INFO]- "GET /static/src/back/001.png HTTP/1.1" 200 2015
[2021-02-24 16:56:42,636] [basehttp.py:154] [basehttp:log_message] [INFO]- "GET /static/js/xlsx/xlsx.js HTTP/1.1" 200 5900
[2021-02-24 16:56:42,637] [basehttp.py:154] [basehttp:log_message] [INFO]- "GET /static/js/qs.js HTTP/1.1" 200 25398
[2021-02-24 16:56:42,638] [basehttp.py:154] [basehttp:log_message] [INFO]- "GET /static/js/vue.min.js HTTP/1.1" 200 93675
[2021-02-24 16:56:42,641] [basehttp.py:154] [basehttp:log_message] [INFO]- "GET /static/js/Element/index.js HTTP/1.1" 200 563790
[2021-02-24 16:56:42,649] [basehttp.py:154] [basehttp:log_message] [INFO]- "GET /AdapterPowerCode/R_Borrowed/ HTTP/1.1" 200 27677
[2021-02-24 16:56:42,701] [basehttp.py:154] [basehttp:log_message] [WARNING]- "GET /static/css/bootstrap.min.css.map HTTP/1.1" 404 1800
[2021-02-24 16:56:42,800] [basehttp.py:154] [basehttp:log_message] [WARNING]- "GET /static/js/lib/bootstrap.min.js.map HTTP/1.1" 404 1806
[2021-02-24 16:56:42,833] [basehttp.py:154] [basehttp:log_message] [INFO]- "GET /static/css/admin/assets/fonts/themify.ttf?-fvbane HTTP/1.1" 200 0
[2021-02-24 16:56:42,968] [basehttp.py:154] [basehttp:log_message] [INFO]- "GET /static/fonts/themify.woff?-fvbane HTTP/1.1" 200 56108
[2021-02-24 16:56:43,144] [basehttp.py:154] [basehttp:log_message] [WARNING]- "GET /static/js/axios.min.map HTTP/1.1" 404 1773
[2021-02-24 16:56:43,334] [basehttp.py:154] [basehttp:log_message] [INFO]- "GET /static/css/fonts/element-icons.woff HTTP/1.1" 200 28200
[2021-02-24 16:56:43,398] [basehttp.py:154] [basehttp:log_message] [INFO]- "POST /AdapterPowerCode/R_Borrowed/ HTTP/1.1" 200 3572
[2021-02-25 08:22:00,438] [basehttp.py:154] [basehttp:log_message] [INFO]- "GET /AdapterPowerCode/R_Borrowed/ HTTP/1.1" 302 0
[2021-02-25 08:22:00,443] [basehttp.py:154] [basehttp:log_message] [INFO]- "GET /login/ HTTP/1.1" 200 4676
[2021-02-25 08:22:00,476] [basehttp.py:154] [basehttp:log_message] [INFO]- "GET /static/css/bootstrap.min.css HTTP/1.1" 200 144877
[2021-02-25 08:22:00,479] [basehttp.py:154] [basehttp:log_message] [INFO]- "GET /static/css/test1.css HTTP/1.1" 200 29532
[2021-02-25 08:22:00,487] [basehttp.py:154] [basehttp:log_message] [INFO]- "GET /static/vendor/jquery-easing/jquery.easing.min.js HTTP/1.1" 200 2532
[2021-02-25 08:22:00,488] [basehttp.py:154] [basehttp:log_message] [INFO]- "GET /static/vendor/fontawesome-free/css/all.min.css HTTP/1.1" 200 54641
[2021-02-25 08:22:00,489] [basehttp.py:154] [basehttp:log_message] [INFO]- "GET /static/vendor/bootstrap/js/bootstrap.bundle.min.js HTTP/1.1" 200 76308
[2021-02-25 08:22:00,489] [basehttp.py:154] [basehttp:log_message] [INFO]- "GET /static/vendor/jquery/jquery.min.js HTTP/1.1" 200 86927
[2021-02-25 08:22:00,490] [basehttp.py:154] [basehttp:log_message] [INFO]- "GET /static/css/sb-admin.css HTTP/1.1" 200 214832
[2021-02-25 08:22:00,540] [basehttp.py:154] [basehttp:log_message] [INFO]- "GET /static/src/yellow.jpg HTTP/1.1" 200 81394
[2021-02-25 08:22:00,564] [basehttp.py:154] [basehttp:log_message] [WARNING]- "GET /static/css/bootstrap.min.css.map HTTP/1.1" 404 1800
[2021-02-25 08:22:00,597] [basehttp.py:154] [basehttp:log_message] [INFO]- "GET /static/vendor/bootstrap/js/bootstrap.bundle.min.js.map HTTP/1.1" 200 303386
[2021-02-25 08:22:04,712] [basehttp.py:154] [basehttp:log_message] [INFO]- "POST /login/ HTTP/1.1" 302 0
[2021-02-25 08:22:04,752] [basehttp.py:154] [basehttp:log_message] [INFO]- "GET /AdapterPowerCode/BorrowedAdapter/ HTTP/1.1" 200 25359
[2021-02-25 08:22:04,777] [basehttp.py:154] [basehttp:log_message] [INFO]- "GET /static/download_UPK/element-ui@2.12.0/lib/theme-chalk/index.css HTTP/1.1" 200 232694
[2021-02-25 08:22:04,788] [basehttp.py:154] [basehttp:log_message] [INFO]- "GET /static/css/lib/chartist/chartist.min.css HTTP/1.1" 200 11508
[2021-02-25 08:22:04,789] [basehttp.py:154] [basehttp:log_message] [INFO]- "GET /static/css/lib/calendar2/pignose.calendar.min.css HTTP/1.1" 200 14709
[2021-02-25 08:22:04,791] [basehttp.py:154] [basehttp:log_message] [INFO]- "GET /static/css/lib/themify-icons.css HTTP/1.1" 200 17551
[2021-02-25 08:22:04,792] [basehttp.py:154] [basehttp:log_message] [INFO]- "GET /static/css/lib/owl.carousel.min.css HTTP/1.1" 200 3011
[2021-02-25 08:22:04,792] [basehttp.py:154] [basehttp:log_message] [INFO]- "GET /static/css/lib/font-awesome.min.css HTTP/1.1" 200 38722
[2021-02-25 08:22:04,796] [basehttp.py:154] [basehttp:log_message] [INFO]- "GET /static/css/lib/owl.theme.default.min.css HTTP/1.1" 200 1003
[2021-02-25 08:22:04,798] [basehttp.py:154] [basehttp:log_message] [INFO]- "GET /static/css/lib/weather-icons.css HTTP/1.1" 200 30752
[2021-02-25 08:22:04,802] [basehttp.py:154] [basehttp:log_message] [INFO]- "GET /static/css/lib/menubar/sidebar.css HTTP/1.1" 200 17496
[2021-02-25 08:22:04,806] [basehttp.py:154] [basehttp:log_message] [INFO]- "GET /static/css/lib/helper.css HTTP/1.1" 200 55773
[2021-02-25 08:22:04,807] [basehttp.py:154] [basehttp:log_message] [INFO]- "GET /static/css/uploadbutton.css HTTP/1.1" 200 175
[2021-02-25 08:22:04,809] [basehttp.py:154] [basehttp:log_message] [INFO]- "GET /static/css/style.css HTTP/1.1" 200 91482
[2021-02-25 08:22:04,809] [basehttp.py:154] [basehttp:log_message] [INFO]- "GET /static/css/bootstrap.min.css HTTP/1.1" 200 144877
[2021-02-25 08:22:04,811] [basehttp.py:154] [basehttp:log_message] [INFO]- "GET /static/css/index.css HTTP/1.1" 200 232694
[2021-02-25 08:22:04,813] [basehttp.py:154] [basehttp:log_message] [INFO]- "GET /static/jquery-3.2.1.js HTTP/1.1" 200 268039
[2021-02-25 08:22:04,913] [basehttp.py:154] [basehttp:log_message] [INFO]- "GET /static/js/lib/jquery.min.js HTTP/1.1" 200 97362
[2021-02-25 08:22:04,920] [basehttp.py:154] [basehttp:log_message] [INFO]- "GET /static/js/lib/jquery.nanoscroller.min.js HTTP/1.1" 200 12394
[2021-02-25 08:22:04,926] [basehttp.py:154] [basehttp:log_message] [INFO]- "GET /static/js/lib/menubar/sidebar.js HTTP/1.1" 200 7278
[2021-02-25 08:22:04,933] [basehttp.py:154] [basehttp:log_message] [INFO]- "GET /static/js/lib/preloader/pace.min.js HTTP/1.1" 200 26566
[2021-02-25 08:22:04,936] [basehttp.py:154] [basehttp:log_message] [INFO]- "GET /static/js/lib/bootstrap.min.js HTTP/1.1" 200 69782
[2021-02-25 08:22:04,962] [basehttp.py:154] [basehttp:log_message] [INFO]- "GET /static/js/scripts.js HTTP/1.1" 200 1906
[2021-02-25 08:22:04,970] [basehttp.py:154] [basehttp:log_message] [INFO]- "GET /static/js/lib/circle-progress/circle-progress-init.js HTTP/1.1" 200 1252
[2021-02-25 08:22:04,970] [basehttp.py:154] [basehttp:log_message] [INFO]- "GET /static/js/lib/circle-progress/circle-progress.min.js HTTP/1.1" 200 4453
[2021-02-25 08:22:04,971] [basehttp.py:154] [basehttp:log_message] [INFO]- "GET /static/js/lib/calendar-2/pignose.calendar.min.js HTTP/1.1" 200 24265
[2021-02-25 08:22:04,972] [basehttp.py:154] [basehttp:log_message] [INFO]- "GET /static/js/lib/calendar-2/pignose.init.js HTTP/1.1" 200 258
[2021-02-25 08:22:04,972] [basehttp.py:154] [basehttp:log_message] [INFO]- "GET /static/js/lib/calendar-2/moment.latest.min.js HTTP/1.1" 200 61317
[2021-02-25 08:22:04,975] [basehttp.py:154] [basehttp:log_message] [INFO]- "GET /static/js/lib/sparklinechart/jquery.sparkline.min.js HTTP/1.1" 200 43247
[2021-02-25 08:22:04,978] [basehttp.py:154] [basehttp:log_message] [INFO]- "GET /static/js/lib/sparklinechart/sparkline.init.js HTTP/1.1" 200 9974
[2021-02-25 08:22:04,982] [basehttp.py:154] [basehttp:log_message] [INFO]- "GET /static/js/lib/owl-carousel/owl.carousel.min.js HTTP/1.1" 200 42854
[2021-02-25 08:22:04,984] [basehttp.py:154] [basehttp:log_message] [INFO]- "GET /static/js/lib/owl-carousel/owl.carousel-init.js HTTP/1.1" 200 1044
[2021-02-25 08:22:04,985] [basehttp.py:154] [basehttp:log_message] [INFO]- "GET /static/js/date.js HTTP/1.1" 200 764
[2021-02-25 08:22:04,990] [basehttp.py:154] [basehttp:log_message] [INFO]- "GET /static/vendor/datatables/jquery.dataTables.js HTTP/1.1" 200 447606
[2021-02-25 08:22:04,991] [basehttp.py:154] [basehttp:log_message] [INFO]- "GET /static/js/datapicker.js HTTP/1.1" 200 11813
[2021-02-25 08:22:04,995] [basehttp.py:154] [basehttp:log_message] [INFO]- "GET /static/js/es6/polyfill.min.js HTTP/1.1" 200 97799
[2021-02-25 08:22:04,996] [basehttp.py:154] [basehttp:log_message] [INFO]- "GET /static/js/xlsx/xlsx.core.min.js HTTP/1.1" 200 480558
[2021-02-25 08:22:05,000] [basehttp.py:154] [basehttp:log_message] [INFO]- "GET /static/js/axios.min.js HTTP/1.1" 200 13696
[2021-02-25 08:22:05,007] [basehttp.py:154] [basehttp:log_message] [INFO]- "GET /static/js/vue.min.js HTTP/1.1" 200 93675
[2021-02-25 08:22:05,008] [basehttp.py:154] [basehttp:log_message] [INFO]- "GET /static/js/es6/babel.min.js HTTP/1.1" 200 791258
[2021-02-25 08:22:05,011] [basehttp.py:154] [basehttp:log_message] [INFO]- "GET /static/js/qs.js HTTP/1.1" 200 25398
[2021-02-25 08:22:05,016] [basehttp.py:154] [basehttp:log_message] [INFO]- "GET /static/js/Element/index.js HTTP/1.1" 200 563790
[2021-02-25 08:22:05,024] [basehttp.py:154] [basehttp:log_message] [INFO]- "GET /static/js/xlsx/xlsx.js HTTP/1.1" 200 5900
[2021-02-25 08:22:05,028] [basehttp.py:154] [basehttp:log_message] [INFO]- "GET /static/src/back/001.png HTTP/1.1" 200 2015
[2021-02-25 08:22:05,029] [basehttp.py:154] [basehttp:log_message] [INFO]- "GET /static/src/back/mail.png HTTP/1.1" 200 3002
[2021-02-25 08:22:05,035] [basehttp.py:154] [basehttp:log_message] [INFO]- "GET /static/src/back/call.png HTTP/1.1" 200 1850
[2021-02-25 08:22:05,038] [basehttp.py:154] [basehttp:log_message] [INFO]- "GET /static/css/admin/assets/fonts/themify.woff?-fvbane HTTP/1.1" 200 0
[2021-02-25 08:22:05,052] [basehttp.py:154] [basehttp:log_message] [INFO]- "GET /AdapterPowerCode/BorrowedAdapter/ HTTP/1.1" 200 25359
[2021-02-25 08:22:05,096] [basehttp.py:154] [basehttp:log_message] [WARNING]- "GET /static/css/bootstrap.min.css.map HTTP/1.1" 404 1800
[2021-02-25 08:22:05,124] [basehttp.py:154] [basehttp:log_message] [WARNING]- "GET /static/js/lib/bootstrap.min.js.map HTTP/1.1" 404 1806
[2021-02-25 08:22:05,260] [basehttp.py:154] [basehttp:log_message] [INFO]- "GET /static/css/admin/assets/fonts/themify.ttf?-fvbane HTTP/1.1" 200 0
[2021-02-25 08:22:05,381] [basehttp.py:154] [basehttp:log_message] [WARNING]- "GET /static/js/axios.min.map HTTP/1.1" 404 1773
[2021-02-25 08:22:05,524] [basehttp.py:154] [basehttp:log_message] [INFO]- "GET /static/css/fonts/element-icons.woff HTTP/1.1" 200 28200
[2021-02-25 08:22:05,562] [basehttp.py:154] [basehttp:log_message] [INFO]- "POST /AdapterPowerCode/BorrowedAdapter/ HTTP/1.1" 200 3428
[2021-02-25 08:22:05,573] [basehttp.py:154] [basehttp:log_message] [INFO]- "GET /static/fonts/themify.woff?-fvbane HTTP/1.1" 200 56108
[2021-02-25 08:22:16,500] [basehttp.py:154] [basehttp:log_message] [INFO]- "GET /AdapterPowerCode/M_edit/ HTTP/1.1" 200 54019
[2021-02-25 08:22:16,539] [basehttp.py:154] [basehttp:log_message] [INFO]- "GET /static/css/lib/calendar2/pignose.calendar.min.css HTTP/1.1" 200 14709
[2021-02-25 08:22:16,547] [basehttp.py:154] [basehttp:log_message] [INFO]- "GET /static/css/lib/themify-icons.css HTTP/1.1" 200 17551
[2021-02-25 08:22:16,547] [basehttp.py:154] [basehttp:log_message] [INFO]- "GET /static/css/lib/chartist/chartist.min.css HTTP/1.1" 200 11508
[2021-02-25 08:22:16,548] [basehttp.py:154] [basehttp:log_message] [INFO]- "GET /static/css/lib/font-awesome.min.css HTTP/1.1" 200 38722
[2021-02-25 08:22:16,548] [basehttp.py:154] [basehttp:log_message] [INFO]- "GET /static/css/lib/owl.theme.default.min.css HTTP/1.1" 200 1003
[2021-02-25 08:22:16,549] [basehttp.py:154] [basehttp:log_message] [INFO]- "GET /static/css/lib/owl.carousel.min.css HTTP/1.1" 200 3011
[2021-02-25 08:22:16,550] [basehttp.py:154] [basehttp:log_message] [INFO]- "GET /static/download_UPK/element-ui@2.12.0/lib/theme-chalk/index.css HTTP/1.1" 200 232694
[2021-02-25 08:22:16,559] [basehttp.py:154] [basehttp:log_message] [INFO]- "GET /static/css/uploadbutton.css HTTP/1.1" 200 175
[2021-02-25 08:22:16,559] [basehttp.py:154] [basehttp:log_message] [INFO]- "GET /static/css/lib/menubar/sidebar.css HTTP/1.1" 200 17496
[2021-02-25 08:22:16,560] [basehttp.py:154] [basehttp:log_message] [INFO]- "GET /static/css/lib/weather-icons.css HTTP/1.1" 200 30752
[2021-02-25 08:22:16,560] [basehttp.py:154] [basehttp:log_message] [INFO]- "GET /static/css/lib/helper.css HTTP/1.1" 200 55773
[2021-02-25 08:22:16,561] [basehttp.py:154] [basehttp:log_message] [INFO]- "GET /static/css/style.css HTTP/1.1" 200 91482
[2021-02-25 08:22:16,561] [basehttp.py:154] [basehttp:log_message] [INFO]- "GET /static/css/bootstrap.min.css HTTP/1.1" 200 144877
[2021-02-25 08:22:16,567] [basehttp.py:154] [basehttp:log_message] [INFO]- "GET /static/css/index.css HTTP/1.1" 200 232694
[2021-02-25 08:22:16,568] [basehttp.py:154] [basehttp:log_message] [INFO]- "GET /static/jquery-3.2.1.js HTTP/1.1" 200 268039
[2021-02-25 08:22:16,598] [basehttp.py:154] [basehttp:log_message] [INFO]- "GET /static/js/lib/jquery.min.js HTTP/1.1" 200 97362
[2021-02-25 08:22:16,618] [basehttp.py:154] [basehttp:log_message] [INFO]- "GET /static/js/lib/jquery.nanoscroller.min.js HTTP/1.1" 200 12394
[2021-02-25 08:22:16,623] [basehttp.py:154] [basehttp:log_message] [INFO]- "GET /static/js/lib/menubar/sidebar.js HTTP/1.1" 200 7278
[2021-02-25 08:22:16,628] [basehttp.py:154] [basehttp:log_message] [INFO]- "GET /static/js/lib/preloader/pace.min.js HTTP/1.1" 200 26566
[2021-02-25 08:22:16,633] [basehttp.py:154] [basehttp:log_message] [INFO]- "GET /static/js/lib/bootstrap.min.js HTTP/1.1" 200 69782
[2021-02-25 08:22:16,639] [basehttp.py:154] [basehttp:log_message] [INFO]- "GET /static/js/scripts.js HTTP/1.1" 200 1906
[2021-02-25 08:22:16,644] [basehttp.py:154] [basehttp:log_message] [INFO]- "GET /static/js/lib/calendar-2/moment.latest.min.js HTTP/1.1" 200 61317
[2021-02-25 08:22:16,650] [basehttp.py:154] [basehttp:log_message] [INFO]- "GET /static/js/lib/calendar-2/pignose.calendar.min.js HTTP/1.1" 200 24265
[2021-02-25 08:22:16,659] [basehttp.py:154] [basehttp:log_message] [INFO]- "GET /static/js/lib/calendar-2/pignose.init.js HTTP/1.1" 200 258
[2021-02-25 08:22:16,664] [basehttp.py:154] [basehttp:log_message] [INFO]- "GET /static/js/lib/circle-progress/circle-progress.min.js HTTP/1.1" 200 4453
[2021-02-25 08:22:16,674] [basehttp.py:154] [basehttp:log_message] [INFO]- "GET /static/js/lib/circle-progress/circle-progress-init.js HTTP/1.1" 200 1252
[2021-02-25 08:22:16,675] [basehttp.py:154] [basehttp:log_message] [INFO]- "GET /static/js/lib/sparklinechart/jquery.sparkline.min.js HTTP/1.1" 200 43247
[2021-02-25 08:22:16,703] [basehttp.py:154] [basehttp:log_message] [INFO]- "GET /static/js/lib/sparklinechart/sparkline.init.js HTTP/1.1" 200 9974
[2021-02-25 08:22:16,708] [basehttp.py:154] [basehttp:log_message] [INFO]- "GET /static/js/lib/owl-carousel/owl.carousel.min.js HTTP/1.1" 200 42854
[2021-02-25 08:22:16,714] [basehttp.py:154] [basehttp:log_message] [INFO]- "GET /static/js/lib/owl-carousel/owl.carousel-init.js HTTP/1.1" 200 1044
[2021-02-25 08:22:16,714] [basehttp.py:154] [basehttp:log_message] [INFO]- "GET /static/js/date.js HTTP/1.1" 200 764
[2021-02-25 08:22:16,715] [basehttp.py:154] [basehttp:log_message] [INFO]- "GET /static/js/datapicker.js HTTP/1.1" 200 11813
[2021-02-25 08:22:16,720] [basehttp.py:154] [basehttp:log_message] [INFO]- "GET /static/vendor/datatables/jquery.dataTables.js HTTP/1.1" 200 447606
[2021-02-25 08:22:16,721] [basehttp.py:154] [basehttp:log_message] [INFO]- "GET /static/js/xlsx/xlsx.core.min.js HTTP/1.1" 200 480558
[2021-02-25 08:22:16,724] [basehttp.py:154] [basehttp:log_message] [INFO]- "GET /static/js/es6/polyfill.min.js HTTP/1.1" 200 97799
[2021-02-25 08:22:16,728] [basehttp.py:154] [basehttp:log_message] [INFO]- "GET /static/js/axios.min.js HTTP/1.1" 200 13696
[2021-02-25 08:22:16,730] [basehttp.py:154] [basehttp:log_message] [INFO]- "GET /static/js/vue.min.js HTTP/1.1" 200 93675
[2021-02-25 08:22:16,732] [basehttp.py:154] [basehttp:log_message] [INFO]- "GET /static/css/admin/assets/fonts/themify.woff?-fvbane HTTP/1.1" 200 0
[2021-02-25 08:22:16,739] [basehttp.py:154] [basehttp:log_message] [INFO]- "GET /static/src/back/001.png HTTP/1.1" 200 2015
[2021-02-25 08:22:16,741] [basehttp.py:154] [basehttp:log_message] [INFO]- "GET /static/js/es6/babel.min.js HTTP/1.1" 200 791258
[2021-02-25 08:22:16,756] [basehttp.py:154] [basehttp:log_message] [INFO]- "GET /static/js/xlsx/FileSaver.min.js HTTP/1.1" 200 2611
[2021-02-25 08:22:16,756] [basehttp.py:154] [basehttp:log_message] [INFO]- "GET /static/js/qs.js HTTP/1.1" 200 25398
[2021-02-25 08:22:16,757] [basehttp.py:154] [basehttp:log_message] [INFO]- "GET /static/js/Element/table.js HTTP/1.1" 200 28389
[2021-02-25 08:22:16,760] [basehttp.py:154] [basehttp:log_message] [INFO]- "GET /static/js/Element/index.js HTTP/1.1" 200 563790
[2021-02-25 08:22:16,764] [basehttp.py:154] [basehttp:log_message] [INFO]- "GET /static/js/Element/main.js HTTP/1.1" 200 8726
[2021-02-25 08:22:16,764] [basehttp.py:154] [basehttp:log_message] [INFO]- "GET /static/js/Element/input.js HTTP/1.1" 200 29207
[2021-02-25 08:22:16,767] [basehttp.py:154] [basehttp:log_message] [INFO]- "GET /static/js/Element/table-column.js HTTP/1.1" 200 28341
[2021-02-25 08:22:16,770] [basehttp.py:154] [basehttp:log_message] [INFO]- "GET /AdapterPowerCode/M_edit/ HTTP/1.1" 200 54019
[2021-02-25 08:22:16,774] [basehttp.py:154] [basehttp:log_message] [INFO]- "GET /static/js/Element/icon.js HTTP/1.1" 200 8700
[2021-02-25 08:22:16,776] [basehttp.py:154] [basehttp:log_message] [INFO]- "GET /static/js/Element/image.js HTTP/1.1" 200 25055
[2021-02-25 08:22:16,783] [basehttp.py:154] [basehttp:log_message] [INFO]- "GET /static/js/xlsx/xlsx.js HTTP/1.1" 200 5900
[2021-02-25 08:22:16,784] [basehttp.py:154] [basehttp:log_message] [INFO]- "GET /static/js/Element/message.js HTTP/1.1" 200 11022
[2021-02-25 08:22:16,787] [basehttp.py:154] [basehttp:log_message] [INFO]- "GET /static/src/back/call.png HTTP/1.1" 200 1850
[2021-02-25 08:22:16,788] [basehttp.py:154] [basehttp:log_message] [INFO]- "GET /static/src/back/mail.png HTTP/1.1" 200 3002
[2021-02-25 08:22:16,810] [basehttp.py:154] [basehttp:log_message] [WARNING]- "GET /static/css/bootstrap.min.css.map HTTP/1.1" 404 1800
[2021-02-25 08:22:16,850] [basehttp.py:154] [basehttp:log_message] [WARNING]- "GET /static/js/lib/bootstrap.min.js.map HTTP/1.1" 404 1806
[2021-02-25 08:22:16,897] [basehttp.py:154] [basehttp:log_message] [INFO]- "GET /static/css/admin/assets/fonts/themify.ttf?-fvbane HTTP/1.1" 200 0
[2021-02-25 08:22:17,110] [basehttp.py:154] [basehttp:log_message] [INFO]- "GET /static/fonts/themify.woff?-fvbane HTTP/1.1" 200 56108
[2021-02-25 08:22:17,115] [basehttp.py:154] [basehttp:log_message] [WARNING]- "GET /static/js/axios.min.map HTTP/1.1" 404 1773
[2021-02-25 08:22:17,117] [basehttp.py:154] [basehttp:log_message] [WARNING]- "GET /static/js/xlsx/FileSaver.min.js.map HTTP/1.1" 404 1809
[2021-02-25 08:22:17,390] [basehttp.py:154] [basehttp:log_message] [INFO]- "GET /static/css/fonts/element-icons.woff HTTP/1.1" 200 28200
[2021-02-25 08:22:17,429] [basehttp.py:154] [basehttp:log_message] [INFO]- "POST /AdapterPowerCode/M_edit/ HTTP/1.1" 200 2613
[2021-02-25 08:40:46,658] [basehttp.py:154] [basehttp:log_message] [INFO]- "POST /AdapterPowerCode/M_edit/ HTTP/1.1" 200 2613
[2021-02-25 08:41:34,028] [basehttp.py:154] [basehttp:log_message] [INFO]- "GET /AdapterPowerCode/M_edit/ HTTP/1.1" 200 54019
[2021-02-25 08:41:34,082] [basehttp.py:154] [basehttp:log_message] [INFO]- "GET /static/download_UPK/element-ui@2.12.0/lib/theme-chalk/index.css HTTP/1.1" 200 232694
[2021-02-25 08:41:34,097] [basehttp.py:154] [basehttp:log_message] [INFO]- "GET /static/css/lib/calendar2/pignose.calendar.min.css HTTP/1.1" 200 14709
[2021-02-25 08:41:34,098] [basehttp.py:154] [basehttp:log_message] [INFO]- "GET /static/css/lib/chartist/chartist.min.css HTTP/1.1" 200 11508
[2021-02-25 08:41:34,098] [basehttp.py:154] [basehttp:log_message] [INFO]- "GET /static/css/lib/font-awesome.min.css HTTP/1.1" 200 38722
[2021-02-25 08:41:34,098] [basehttp.py:154] [basehttp:log_message] [INFO]- "GET /static/css/lib/themify-icons.css HTTP/1.1" 200 17551
[2021-02-25 08:41:34,105] [basehttp.py:154] [basehttp:log_message] [INFO]- "GET /static/css/lib/owl.theme.default.min.css HTTP/1.1" 200 1003
[2021-02-25 08:41:34,106] [basehttp.py:154] [basehttp:log_message] [INFO]- "GET /static/css/lib/owl.carousel.min.css HTTP/1.1" 200 3011
[2021-02-25 08:41:34,109] [basehttp.py:154] [basehttp:log_message] [INFO]- "GET /static/css/lib/weather-icons.css HTTP/1.1" 200 30752
[2021-02-25 08:41:34,109] [basehttp.py:154] [basehttp:log_message] [INFO]- "GET /static/css/lib/menubar/sidebar.css HTTP/1.1" 200 17496
[2021-02-25 08:41:34,112] [basehttp.py:154] [basehttp:log_message] [INFO]- "GET /static/css/uploadbutton.css HTTP/1.1" 200 175
[2021-02-25 08:41:34,114] [basehttp.py:154] [basehttp:log_message] [INFO]- "GET /static/css/lib/helper.css HTTP/1.1" 200 55773
[2021-02-25 08:41:34,116] [basehttp.py:154] [basehttp:log_message] [INFO]- "GET /static/css/style.css HTTP/1.1" 200 91482
[2021-02-25 08:41:34,116] [basehttp.py:154] [basehttp:log_message] [INFO]- "GET /static/css/bootstrap.min.css HTTP/1.1" 200 144877
[2021-02-25 08:41:34,118] [basehttp.py:154] [basehttp:log_message] [INFO]- "GET /static/css/index.css HTTP/1.1" 200 232694
[2021-02-25 08:41:34,119] [basehttp.py:154] [basehttp:log_message] [INFO]- "GET /static/jquery-3.2.1.js HTTP/1.1" 200 268039
[2021-02-25 08:41:34,226] [basehttp.py:154] [basehttp:log_message] [INFO]- "GET /static/js/lib/jquery.min.js HTTP/1.1" 200 97362
[2021-02-25 08:41:34,237] [basehttp.py:154] [basehttp:log_message] [INFO]- "GET /static/js/lib/jquery.nanoscroller.min.js HTTP/1.1" 200 12394
[2021-02-25 08:41:34,250] [basehttp.py:154] [basehttp:log_message] [INFO]- "GET /static/js/lib/menubar/sidebar.js HTTP/1.1" 200 7278
[2021-02-25 08:41:34,254] [basehttp.py:154] [basehttp:log_message] [INFO]- "GET /static/js/lib/preloader/pace.min.js HTTP/1.1" 200 26566
[2021-02-25 08:41:34,258] [basehttp.py:154] [basehttp:log_message] [INFO]- "GET /static/js/lib/bootstrap.min.js HTTP/1.1" 200 69782
[2021-02-25 08:41:34,266] [basehttp.py:154] [basehttp:log_message] [INFO]- "GET /static/js/scripts.js HTTP/1.1" 200 1906
[2021-02-25 08:41:34,272] [basehttp.py:154] [basehttp:log_message] [INFO]- "GET /static/js/lib/calendar-2/moment.latest.min.js HTTP/1.1" 200 61317
[2021-02-25 08:41:34,278] [basehttp.py:154] [basehttp:log_message] [INFO]- "GET /static/js/lib/calendar-2/pignose.calendar.min.js HTTP/1.1" 200 24265
[2021-02-25 08:41:34,285] [basehttp.py:154] [basehttp:log_message] [INFO]- "GET /static/js/lib/circle-progress/circle-progress.min.js HTTP/1.1" 200 4453
[2021-02-25 08:41:34,285] [basehttp.py:154] [basehttp:log_message] [INFO]- "GET /static/js/lib/calendar-2/pignose.init.js HTTP/1.1" 200 258
[2021-02-25 08:41:34,312] [basehttp.py:154] [basehttp:log_message] [INFO]- "GET /static/js/lib/circle-progress/circle-progress-init.js HTTP/1.1" 200 1252
[2021-02-25 08:41:34,315] [basehttp.py:154] [basehttp:log_message] [INFO]- "GET /static/js/date.js HTTP/1.1" 200 764
[2021-02-25 08:41:34,316] [basehttp.py:154] [basehttp:log_message] [INFO]- "GET /static/js/lib/owl-carousel/owl.carousel-init.js HTTP/1.1" 200 1044
[2021-02-25 08:41:34,316] [basehttp.py:154] [basehttp:log_message] [INFO]- "GET /static/js/lib/sparklinechart/sparkline.init.js HTTP/1.1" 200 9974
[2021-02-25 08:41:34,317] [basehttp.py:154] [basehttp:log_message] [INFO]- "GET /static/js/lib/sparklinechart/jquery.sparkline.min.js HTTP/1.1" 200 43247
[2021-02-25 08:41:34,318] [basehttp.py:154] [basehttp:log_message] [INFO]- "GET /static/js/lib/owl-carousel/owl.carousel.min.js HTTP/1.1" 200 42854
[2021-02-25 08:41:34,320] [basehttp.py:154] [basehttp:log_message] [INFO]- "GET /static/js/datapicker.js HTTP/1.1" 200 11813
[2021-02-25 08:41:34,322] [basehttp.py:154] [basehttp:log_message] [INFO]- "GET /static/vendor/datatables/jquery.dataTables.js HTTP/1.1" 200 447606
[2021-02-25 08:41:34,328] [basehttp.py:154] [basehttp:log_message] [INFO]- "GET /static/js/axios.min.js HTTP/1.1" 200 13696
[2021-02-25 08:41:34,329] [basehttp.py:154] [basehttp:log_message] [INFO]- "GET /static/js/es6/polyfill.min.js HTTP/1.1" 200 97799
[2021-02-25 08:41:34,332] [basehttp.py:154] [basehttp:log_message] [INFO]- "GET /static/js/vue.min.js HTTP/1.1" 200 93675
[2021-02-25 08:41:34,335] [basehttp.py:154] [basehttp:log_message] [INFO]- "GET /static/js/xlsx/xlsx.core.min.js HTTP/1.1" 200 480558
[2021-02-25 08:41:34,337] [basehttp.py:154] [basehttp:log_message] [INFO]- "GET /static/js/qs.js HTTP/1.1" 200 25398
[2021-02-25 08:41:34,337] [basehttp.py:154] [basehttp:log_message] [INFO]- "GET /static/css/admin/assets/fonts/themify.woff?-fvbane HTTP/1.1" 200 0
[2021-02-25 08:41:34,338] [basehttp.py:154] [basehttp:log_message] [INFO]- "GET /static/js/es6/babel.min.js HTTP/1.1" 200 791258
[2021-02-25 08:41:34,346] [basehttp.py:154] [basehttp:log_message] [INFO]- "GET /static/src/back/001.png HTTP/1.1" 200 2015
[2021-02-25 08:41:34,356] [basehttp.py:154] [basehttp:log_message] [INFO]- "GET /static/js/xlsx/FileSaver.min.js HTTP/1.1" 200 2611
[2021-02-25 08:41:34,357] [basehttp.py:154] [basehttp:log_message] [INFO]- "GET /static/js/Element/table.js HTTP/1.1" 200 28389
[2021-02-25 08:41:34,357] [basehttp.py:154] [basehttp:log_message] [INFO]- "GET /static/js/Element/main.js HTTP/1.1" 200 8726
[2021-02-25 08:41:34,358] [basehttp.py:154] [basehttp:log_message] [INFO]- "GET /static/js/Element/index.js HTTP/1.1" 200 563790
[2021-02-25 08:41:34,363] [basehttp.py:154] [basehttp:log_message] [INFO]- "GET /static/js/Element/input.js HTTP/1.1" 200 29207
[2021-02-25 08:41:34,363] [basehttp.py:154] [basehttp:log_message] [INFO]- "GET /static/js/Element/table-column.js HTTP/1.1" 200 28341
[2021-02-25 08:41:34,363] [basehttp.py:154] [basehttp:log_message] [INFO]- "GET /static/js/Element/icon.js HTTP/1.1" 200 8700
[2021-02-25 08:41:34,370] [basehttp.py:154] [basehttp:log_message] [INFO]- "GET /AdapterPowerCode/M_edit/ HTTP/1.1" 200 54019
[2021-02-25 08:41:34,372] [basehttp.py:154] [basehttp:log_message] [INFO]- "GET /static/js/xlsx/xlsx.js HTTP/1.1" 200 5900
[2021-02-25 08:41:34,372] [basehttp.py:154] [basehttp:log_message] [INFO]- "GET /static/js/Element/message.js HTTP/1.1" 200 11022
[2021-02-25 08:41:34,372] [basehttp.py:154] [basehttp:log_message] [INFO]- "GET /static/js/Element/image.js HTTP/1.1" 200 25055
[2021-02-25 08:41:34,376] [basehttp.py:154] [basehttp:log_message] [INFO]- "GET /static/src/back/mail.png HTTP/1.1" 200 3002
[2021-02-25 08:41:34,381] [basehttp.py:154] [basehttp:log_message] [INFO]- "GET /static/src/back/call.png HTTP/1.1" 200 1850
[2021-02-25 08:41:34,400] [basehttp.py:154] [basehttp:log_message] [WARNING]- "GET /static/css/bootstrap.min.css.map HTTP/1.1" 404 1800
[2021-02-25 08:41:34,440] [basehttp.py:154] [basehttp:log_message] [WARNING]- "GET /static/js/lib/bootstrap.min.js.map HTTP/1.1" 404 1806
[2021-02-25 08:41:34,483] [basehttp.py:154] [basehttp:log_message] [INFO]- "GET /static/css/admin/assets/fonts/themify.ttf?-fvbane HTTP/1.1" 200 0
[2021-02-25 08:41:34,552] [basehttp.py:154] [basehttp:log_message] [INFO]- "GET /static/fonts/themify.woff?-fvbane HTTP/1.1" 200 56108
[2021-02-25 08:41:34,728] [basehttp.py:154] [basehttp:log_message] [WARNING]- "GET /static/js/xlsx/FileSaver.min.js.map HTTP/1.1" 404 1809
[2021-02-25 08:41:34,728] [basehttp.py:154] [basehttp:log_message] [WARNING]- "GET /static/js/axios.min.map HTTP/1.1" 404 1773
[2021-02-25 08:41:35,031] [basehttp.py:154] [basehttp:log_message] [INFO]- "GET /static/css/fonts/element-icons.woff HTTP/1.1" 200 28200
[2021-02-25 08:41:35,069] [basehttp.py:154] [basehttp:log_message] [INFO]- "POST /AdapterPowerCode/M_edit/ HTTP/1.1" 200 2613
[2021-02-25 08:41:41,057] [basehttp.py:154] [basehttp:log_message] [INFO]- "POST /AdapterPowerCode/M_edit/ HTTP/1.1" 200 2613
[2021-02-25 08:44:56,149] [basehttp.py:154] [basehttp:log_message] [INFO]- "GET /AdapterPowerCode/M_edit/ HTTP/1.1" 200 54015
[2021-02-25 08:44:56,190] [basehttp.py:154] [basehttp:log_message] [INFO]- "GET /static/css/lib/calendar2/pignose.calendar.min.css HTTP/1.1" 200 14709
[2021-02-25 08:44:56,195] [basehttp.py:154] [basehttp:log_message] [INFO]- "GET /static/css/lib/chartist/chartist.min.css HTTP/1.1" 200 11508
[2021-02-25 08:44:56,199] [basehttp.py:154] [basehttp:log_message] [INFO]- "GET /static/css/lib/themify-icons.css HTTP/1.1" 200 17551
[2021-02-25 08:44:56,199] [basehttp.py:154] [basehttp:log_message] [INFO]- "GET /static/css/lib/owl.theme.default.min.css HTTP/1.1" 200 1003
[2021-02-25 08:44:56,200] [basehttp.py:154] [basehttp:log_message] [INFO]- "GET /static/css/lib/font-awesome.min.css HTTP/1.1" 200 38722
[2021-02-25 08:44:56,200] [basehttp.py:154] [basehttp:log_message] [INFO]- "GET /static/css/lib/owl.carousel.min.css HTTP/1.1" 200 3011
[2021-02-25 08:44:56,207] [basehttp.py:154] [basehttp:log_message] [INFO]- "GET /static/css/lib/menubar/sidebar.css HTTP/1.1" 200 17496
[2021-02-25 08:44:56,209] [basehttp.py:154] [basehttp:log_message] [INFO]- "GET /static/css/lib/weather-icons.css HTTP/1.1" 200 30752
[2021-02-25 08:44:56,211] [basehttp.py:154] [basehttp:log_message] [INFO]- "GET /static/download_UPK/element-ui@2.12.0/lib/theme-chalk/index.css HTTP/1.1" 200 232694
[2021-02-25 08:44:56,214] [basehttp.py:154] [basehttp:log_message] [INFO]- "GET /static/css/lib/helper.css HTTP/1.1" 200 55773
[2021-02-25 08:44:56,214] [basehttp.py:154] [basehttp:log_message] [INFO]- "GET /static/css/uploadbutton.css HTTP/1.1" 200 175
[2021-02-25 08:44:56,216] [basehttp.py:154] [basehttp:log_message] [INFO]- "GET /static/css/style.css HTTP/1.1" 200 91482
[2021-02-25 08:44:56,217] [basehttp.py:154] [basehttp:log_message] [INFO]- "GET /static/css/bootstrap.min.css HTTP/1.1" 200 144877
[2021-02-25 08:44:56,219] [basehttp.py:154] [basehttp:log_message] [INFO]- "GET /static/css/index.css HTTP/1.1" 200 232694
[2021-02-25 08:44:56,221] [basehttp.py:154] [basehttp:log_message] [INFO]- "GET /static/jquery-3.2.1.js HTTP/1.1" 200 268039
[2021-02-25 08:44:56,251] [basehttp.py:154] [basehttp:log_message] [INFO]- "GET /static/js/lib/jquery.min.js HTTP/1.1" 200 97362
[2021-02-25 08:44:56,261] [basehttp.py:154] [basehttp:log_message] [INFO]- "GET /static/js/lib/jquery.nanoscroller.min.js HTTP/1.1" 200 12394
[2021-02-25 08:44:56,265] [basehttp.py:154] [basehttp:log_message] [INFO]- "GET /static/js/lib/menubar/sidebar.js HTTP/1.1" 200 7278
[2021-02-25 08:44:56,269] [basehttp.py:154] [basehttp:log_message] [INFO]- "GET /static/js/lib/preloader/pace.min.js HTTP/1.1" 200 26566
[2021-02-25 08:44:56,274] [basehttp.py:154] [basehttp:log_message] [INFO]- "GET /static/js/lib/bootstrap.min.js HTTP/1.1" 200 69782
[2021-02-25 08:44:56,279] [basehttp.py:154] [basehttp:log_message] [INFO]- "GET /static/js/scripts.js HTTP/1.1" 200 1906
[2021-02-25 08:44:56,284] [basehttp.py:154] [basehttp:log_message] [INFO]- "GET /static/js/lib/calendar-2/moment.latest.min.js HTTP/1.1" 200 61317
[2021-02-25 08:44:56,308] [basehttp.py:154] [basehttp:log_message] [INFO]- "GET /static/js/lib/calendar-2/pignose.calendar.min.js HTTP/1.1" 200 24265
[2021-02-25 08:44:56,312] [basehttp.py:154] [basehttp:log_message] [INFO]- "GET /static/js/lib/calendar-2/pignose.init.js HTTP/1.1" 200 258
[2021-02-25 08:44:56,316] [basehttp.py:154] [basehttp:log_message] [INFO]- "GET /static/js/lib/circle-progress/circle-progress.min.js HTTP/1.1" 200 4453
[2021-02-25 08:44:56,320] [basehttp.py:154] [basehttp:log_message] [INFO]- "GET /static/js/lib/circle-progress/circle-progress-init.js HTTP/1.1" 200 1252
[2021-02-25 08:44:56,322] [basehttp.py:154] [basehttp:log_message] [INFO]- "GET /static/js/lib/sparklinechart/jquery.sparkline.min.js HTTP/1.1" 200 43247
[2021-02-25 08:44:56,340] [basehttp.py:154] [basehttp:log_message] [INFO]- "GET /static/js/lib/sparklinechart/sparkline.init.js HTTP/1.1" 200 9974
[2021-02-25 08:44:56,347] [basehttp.py:154] [basehttp:log_message] [INFO]- "GET /static/js/datapicker.js HTTP/1.1" 200 11813
[2021-02-25 08:44:56,347] [basehttp.py:154] [basehttp:log_message] [INFO]- "GET /static/js/lib/owl-carousel/owl.carousel-init.js HTTP/1.1" 200 1044
[2021-02-25 08:44:56,348] [basehttp.py:154] [basehttp:log_message] [INFO]- "GET /static/js/date.js HTTP/1.1" 200 764
[2021-02-25 08:44:56,348] [basehttp.py:154] [basehttp:log_message] [INFO]- "GET /static/js/lib/owl-carousel/owl.carousel.min.js HTTP/1.1" 200 42854
[2021-02-25 08:44:56,352] [basehttp.py:154] [basehttp:log_message] [INFO]- "GET /static/js/xlsx/xlsx.core.min.js HTTP/1.1" 200 480558
[2021-02-25 08:44:56,352] [basehttp.py:154] [basehttp:log_message] [INFO]- "GET /static/vendor/datatables/jquery.dataTables.js HTTP/1.1" 200 447606
[2021-02-25 08:44:56,448] [basehttp.py:154] [basehttp:log_message] [INFO]- "GET /static/js/axios.min.js HTTP/1.1" 200 13696
[2021-02-25 08:44:56,451] [basehttp.py:154] [basehttp:log_message] [INFO]- "GET /static/js/qs.js HTTP/1.1" 200 25398
[2021-02-25 08:44:56,453] [basehttp.py:154] [basehttp:log_message] [INFO]- "GET /static/js/vue.min.js HTTP/1.1" 200 93675
[2021-02-25 08:44:56,453] [basehttp.py:154] [basehttp:log_message] [INFO]- "GET /static/css/admin/assets/fonts/themify.woff?-fvbane HTTP/1.1" 200 0
[2021-02-25 08:44:56,453] [basehttp.py:154] [basehttp:log_message] [INFO]- "GET /static/js/es6/polyfill.min.js HTTP/1.1" 200 97799
[2021-02-25 08:44:56,457] [basehttp.py:154] [basehttp:log_message] [INFO]- "GET /static/js/Element/index.js HTTP/1.1" 200 563790
[2021-02-25 08:44:56,459] [basehttp.py:154] [basehttp:log_message] [INFO]- "GET /static/js/es6/babel.min.js HTTP/1.1" 200 791258
[2021-02-25 08:44:56,478] [basehttp.py:154] [basehttp:log_message] [WARNING]- "GET /static/css/bootstrap.min.css.map HTTP/1.1" 404 1800
[2021-02-25 08:44:56,478] [basehttp.py:154] [basehttp:log_message] [INFO]- "GET /static/src/back/001.png HTTP/1.1" 200 2015
[2021-02-25 08:44:56,478] [basehttp.py:154] [basehttp:log_message] [INFO]- "GET /static/js/xlsx/FileSaver.min.js HTTP/1.1" 200 2611
[2021-02-25 08:44:56,494] [basehttp.py:154] [basehttp:log_message] [INFO]- "GET /static/js/Element/table.js HTTP/1.1" 200 28389
[2021-02-25 08:44:56,495] [basehttp.py:154] [basehttp:log_message] [INFO]- "GET /static/js/Element/input.js HTTP/1.1" 200 29207
[2021-02-25 08:44:56,496] [basehttp.py:154] [basehttp:log_message] [INFO]- "GET /static/js/Element/main.js HTTP/1.1" 200 8726
[2021-02-25 08:44:56,509] [basehttp.py:154] [basehttp:log_message] [INFO]- "GET /AdapterPowerCode/M_edit/ HTTP/1.1" 200 54015
[2021-02-25 08:44:56,510] [basehttp.py:154] [basehttp:log_message] [INFO]- "GET /static/js/Element/icon.js HTTP/1.1" 200 8700
[2021-02-25 08:44:56,511] [basehttp.py:154] [basehttp:log_message] [INFO]- "GET /static/js/Element/table-column.js HTTP/1.1" 200 28341
[2021-02-25 08:44:56,511] [basehttp.py:154] [basehttp:log_message] [INFO]- "GET /static/js/Element/image.js HTTP/1.1" 200 25055
[2021-02-25 08:44:56,525] [basehttp.py:154] [basehttp:log_message] [WARNING]- "GET /static/js/lib/bootstrap.min.js.map HTTP/1.1" 404 1806
[2021-02-25 08:44:56,527] [basehttp.py:154] [basehttp:log_message] [INFO]- "GET /static/src/back/mail.png HTTP/1.1" 200 3002
[2021-02-25 08:44:56,529] [basehttp.py:154] [basehttp:log_message] [INFO]- "GET /static/js/xlsx/xlsx.js HTTP/1.1" 200 5900
[2021-02-25 08:44:56,529] [basehttp.py:154] [basehttp:log_message] [INFO]- "GET /static/js/Element/message.js HTTP/1.1" 200 11022
[2021-02-25 08:44:56,530] [basehttp.py:154] [basehttp:log_message] [INFO]- "GET /static/src/back/call.png HTTP/1.1" 200 1850
[2021-02-25 08:44:56,557] [basehttp.py:154] [basehttp:log_message] [INFO]- "GET /static/css/admin/assets/fonts/themify.ttf?-fvbane HTTP/1.1" 200 0
[2021-02-25 08:44:56,639] [basehttp.py:154] [basehttp:log_message] [INFO]- "GET /static/fonts/themify.woff?-fvbane HTTP/1.1" 200 56108
[2021-02-25 08:44:56,923] [basehttp.py:154] [basehttp:log_message] [WARNING]- "GET /static/js/axios.min.map HTTP/1.1" 404 1773
[2021-02-25 08:44:56,923] [basehttp.py:154] [basehttp:log_message] [WARNING]- "GET /static/js/xlsx/FileSaver.min.js.map HTTP/1.1" 404 1809
[2021-02-25 08:44:57,203] [basehttp.py:154] [basehttp:log_message] [INFO]- "GET /static/css/fonts/element-icons.woff HTTP/1.1" 200 28200
[2021-02-25 08:44:57,277] [basehttp.py:154] [basehttp:log_message] [INFO]- "POST /AdapterPowerCode/M_edit/ HTTP/1.1" 200 2613
