[2023-03-16 16:02:56,733] [basehttp.py:154] [basehttp:log_message] [INFO]- "GET / HTTP/1.1" 302 0
[2023-03-16 16:02:56,739] [basehttp.py:154] [basehttp:log_message] [INFO]- "GET /login/ HTTP/1.1" 200 4823
[2023-03-16 16:02:57,036] [basehttp.py:154] [basehttp:log_message] [INFO]- "GET /favicon.ico HTTP/1.1" 302 0
[2023-03-16 16:02:57,039] [basehttp.py:154] [basehttp:log_message] [INFO]- "GET /login/ HTTP/1.1" 200 4823
[2023-03-16 16:03:07,299] [basehttp.py:154] [basehttp:log_message] [INFO]- "GET /signIn HTTP/1.1" 302 0
[2023-03-16 16:03:07,303] [basehttp.py:154] [basehttp:log_message] [INFO]- "GET /login/ HTTP/1.1" 200 4823
[2023-03-16 16:03:07,326] [basehttp.py:154] [basehttp:log_message] [INFO]- "GET /favicon.ico HTTP/1.1" 302 0
[2023-03-16 16:03:07,333] [basehttp.py:154] [basehttp:log_message] [INFO]- "GET /login/ HTTP/1.1" 200 4823
[2023-03-16 16:03:15,687] [basehttp.py:154] [basehttp:log_message] [INFO]- "GET /signin/ HTTP/1.1" 200 8311
[2023-03-16 16:03:15,795] [basehttp.py:154] [basehttp:log_message] [INFO]- "GET /favicon.ico HTTP/1.1" 302 0
[2023-03-16 16:03:15,800] [basehttp.py:154] [basehttp:log_message] [INFO]- "GET /login/ HTTP/1.1" 200 4823
[2023-03-16 16:10:13,073] [basehttp.py:154] [basehttp:log_message] [INFO]- "GET /signin/ HTTP/1.1" 302 0
[2023-03-16 16:10:13,081] [basehttp.py:154] [basehttp:log_message] [INFO]- "GET /login/ HTTP/1.1" 200 4823
[2023-03-16 16:10:13,228] [basehttp.py:154] [basehttp:log_message] [INFO]- "GET /favicon.ico HTTP/1.1" 302 0
[2023-03-16 16:10:13,230] [basehttp.py:154] [basehttp:log_message] [INFO]- "GET /login/ HTTP/1.1" 200 4823
[2023-03-16 16:10:31,141] [basehttp.py:154] [basehttp:log_message] [INFO]- "GET /signinABO HTTP/1.1" 301 0
[2023-03-16 16:10:31,165] [basehttp.py:154] [basehttp:log_message] [INFO]- "GET /signinABO/ HTTP/1.1" 200 7009
[2023-03-16 16:10:31,336] [basehttp.py:154] [basehttp:log_message] [INFO]- "GET /favicon.ico HTTP/1.1" 302 0
[2023-03-16 16:10:31,342] [basehttp.py:154] [basehttp:log_message] [INFO]- "GET /login/ HTTP/1.1" 200 4823
[2023-03-16 16:10:45,784] [basehttp.py:154] [basehttp:log_message] [INFO]- "GET /signinA31/ HTTP/1.1" 200 6704
[2023-03-16 16:10:45,863] [basehttp.py:154] [basehttp:log_message] [INFO]- "GET /favicon.ico HTTP/1.1" 302 0
[2023-03-16 16:10:45,868] [basehttp.py:154] [basehttp:log_message] [INFO]- "GET /login/ HTTP/1.1" 200 4823
[2023-03-16 16:16:23,610] [basehttp.py:154] [basehttp:log_message] [INFO]- "GET /signinA3 HTTP/1.1" 302 0
[2023-03-16 16:16:23,614] [basehttp.py:154] [basehttp:log_message] [INFO]- "GET /login/ HTTP/1.1" 200 4823
[2023-03-16 16:16:23,647] [basehttp.py:154] [basehttp:log_message] [INFO]- "GET /favicon.ico HTTP/1.1" 302 0
[2023-03-16 16:16:23,650] [basehttp.py:154] [basehttp:log_message] [INFO]- "GET /login/ HTTP/1.1" 200 4823
[2023-03-16 16:16:25,292] [UserIP.py:89] [UserIP:process_response] [CRITICAL]- 系统错误
[2023-03-16 16:16:25,313] [basehttp.py:154] [basehttp:log_message] [INFO]- "POST /login/ HTTP/1.1" 302 0
[2023-03-16 16:16:25,367] [basehttp.py:154] [basehttp:log_message] [INFO]- "GET /index/ HTTP/1.1" 200 29152
[2023-03-16 16:16:25,475] [basehttp.py:154] [basehttp:log_message] [INFO]- "GET /index/ HTTP/1.1" 200 29152
[2023-03-16 16:16:25,734] [UserIP.py:87] [UserIP:process_response] [INFO]- 2023-03-16 16:16:25 C1010S3>Cao.Edwin None>LAPTOP-EJP4HNEV>543 127.0.0.1 127.0.0.1 /index/ POST
[2023-03-16 16:16:25,738] [basehttp.py:154] [basehttp:log_message] [INFO]- "GET /favicon.ico HTTP/1.1" 200 20075
[2023-03-16 16:16:25,743] [basehttp.py:154] [basehttp:log_message] [INFO]- "POST /index/ HTTP/1.1" 200 1433
[2023-03-16 16:16:25,811] [log.py:228] [log:log_response] [WARNING]- Not Found: /media/img/UserInfo/Jully_Li.jpg
[2023-03-16 16:16:25,813] [basehttp.py:154] [basehttp:log_message] [WARNING]- "GET /media/img/UserInfo/Jully_Li.jpg HTTP/1.1" 404 1803
[2023-03-16 16:16:27,780] [basehttp.py:154] [basehttp:log_message] [INFO]- "GET /admin/ HTTP/1.1" 302 0
[2023-03-16 16:16:27,815] [basehttp.py:154] [basehttp:log_message] [INFO]- "GET /admin/login/?next=/admin/ HTTP/1.1" 200 4026
[2023-03-16 16:16:27,923] [basehttp.py:154] [basehttp:log_message] [INFO]- "GET /favicon.ico HTTP/1.1" 200 20075
[2023-03-16 16:16:31,723] [UserIP.py:89] [UserIP:process_response] [CRITICAL]- 系统错误
[2023-03-16 16:16:31,736] [basehttp.py:154] [basehttp:log_message] [INFO]- "POST /admin/login/?next=/admin/ HTTP/1.1" 302 0
[2023-03-16 16:16:32,395] [basehttp.py:154] [basehttp:log_message] [INFO]- "GET /admin/ HTTP/1.1" 200 32728
[2023-03-16 16:16:32,533] [basehttp.py:154] [basehttp:log_message] [INFO]- "GET /favicon.ico HTTP/1.1" 200 20075
[2023-03-16 16:16:36,774] [basehttp.py:154] [basehttp:log_message] [INFO]- "GET /favicon.ico HTTP/1.1" 200 20075
[2023-03-16 16:16:36,911] [basehttp.py:154] [basehttp:log_message] [INFO]- "GET /admin/app01/role/ HTTP/1.1" 200 37001
[2023-03-16 16:16:36,945] [basehttp.py:154] [basehttp:log_message] [INFO]- "GET /admin/jsi18n/ HTTP/1.1" 200 7684
[2023-03-16 16:17:29,741] [basehttp.py:154] [basehttp:log_message] [INFO]- "GET /signinLNV HTTP/1.1" 301 0
[2023-03-16 16:17:29,776] [basehttp.py:154] [basehttp:log_message] [INFO]- "GET /signinLNV/ HTTP/1.1" 200 8006
[2023-03-16 16:17:29,967] [basehttp.py:154] [basehttp:log_message] [INFO]- "GET /favicon.ico HTTP/1.1" 200 20075
[2023-03-16 16:18:34,511] [basehttp.py:154] [basehttp:log_message] [INFO]- "GET /signinLNV/ HTTP/1.1" 200 8009
[2023-03-16 16:18:34,821] [basehttp.py:154] [basehttp:log_message] [INFO]- "GET /favicon.ico HTTP/1.1" 200 20075
[2023-03-16 16:19:51,804] [UserIP.py:89] [UserIP:process_response] [CRITICAL]- 系统错误
[2023-03-16 16:19:51,817] [basehttp.py:154] [basehttp:log_message] [INFO]- "POST /signinLNV/ HTTP/1.1" 200 4838
[2023-03-16 16:19:51,873] [basehttp.py:154] [basehttp:log_message] [INFO]- "GET /favicon.ico HTTP/1.1" 200 20075
[2023-03-16 16:20:04,586] [basehttp.py:154] [basehttp:log_message] [INFO]- "GET /signinABO/ HTTP/1.1" 200 7012
[2023-03-16 16:20:04,700] [basehttp.py:154] [basehttp:log_message] [INFO]- "GET /favicon.ico HTTP/1.1" 200 20075
[2023-03-16 16:20:33,408] [UserIP.py:89] [UserIP:process_response] [CRITICAL]- 系统错误
[2023-03-16 16:20:33,419] [basehttp.py:154] [basehttp:log_message] [INFO]- "POST /signinABO/ HTTP/1.1" 200 4823
[2023-03-16 16:20:33,473] [basehttp.py:154] [basehttp:log_message] [INFO]- "GET /favicon.ico HTTP/1.1" 200 20075
[2023-03-16 16:20:37,505] [basehttp.py:154] [basehttp:log_message] [INFO]- "GET /signinABO/ HTTP/1.1" 200 7012
[2023-03-16 16:20:37,585] [basehttp.py:154] [basehttp:log_message] [INFO]- "GET /favicon.ico HTTP/1.1" 200 20075
[2023-03-16 16:20:37,791] [basehttp.py:154] [basehttp:log_message] [INFO]- "GET /favicon.ico HTTP/1.1" 200 20075
[2023-03-16 16:20:37,991] [basehttp.py:154] [basehttp:log_message] [INFO]- "GET /signinLNV/ HTTP/1.1" 200 8009
[2023-03-16 16:20:38,072] [basehttp.py:154] [basehttp:log_message] [INFO]- "GET /favicon.ico HTTP/1.1" 200 20075
[2023-03-16 16:20:39,554] [basehttp.py:154] [basehttp:log_message] [INFO]- "GET /admin/ HTTP/1.1" 200 32728
[2023-03-16 16:20:39,839] [basehttp.py:154] [basehttp:log_message] [INFO]- "GET /admin/app01/role/ HTTP/1.1" 200 37001
[2023-03-16 16:20:39,982] [basehttp.py:154] [basehttp:log_message] [INFO]- "GET /favicon.ico HTTP/1.1" 200 20075
[2023-03-16 16:20:42,659] [basehttp.py:154] [basehttp:log_message] [INFO]- "GET /favicon.ico HTTP/1.1" 200 20075
[2023-03-16 16:20:44,468] [basehttp.py:154] [basehttp:log_message] [INFO]- "GET /admin/app01/userinfo/ HTTP/1.1" 200 451003
[2023-03-16 16:20:44,512] [basehttp.py:154] [basehttp:log_message] [INFO]- "GET /admin/jsi18n/ HTTP/1.1" 200 7684
[2023-03-16 16:20:49,787] [basehttp.py:154] [basehttp:log_message] [INFO]- "GET /admin/app01/userinfo/332/change/ HTTP/1.1" 200 23474
[2023-03-16 16:20:49,824] [basehttp.py:154] [basehttp:log_message] [INFO]- "GET /admin/jsi18n/ HTTP/1.1" 200 7684
[2023-03-16 16:20:55,734] [basehttp.py:154] [basehttp:log_message] [INFO]- "GET /admin/app01/userinfo/ HTTP/1.1" 200 451003
[2023-03-16 16:21:01,609] [basehttp.py:154] [basehttp:log_message] [INFO]- "GET /admin/app01/userinfo/333/change/ HTTP/1.1" 200 23438
[2023-03-16 16:21:01,649] [basehttp.py:154] [basehttp:log_message] [INFO]- "GET /admin/jsi18n/ HTTP/1.1" 200 7684
[2023-03-16 16:21:27,908] [basehttp.py:154] [basehttp:log_message] [INFO]- "GET /signinABO/ HTTP/1.1" 200 7012
[2023-03-16 16:21:28,057] [basehttp.py:154] [basehttp:log_message] [INFO]- "GET /favicon.ico HTTP/1.1" 200 20075
[2023-03-16 16:22:37,665] [basehttp.py:154] [basehttp:log_message] [INFO]- "GET /signinABO/ HTTP/1.1" 200 6984
[2023-03-16 16:22:38,068] [basehttp.py:154] [basehttp:log_message] [INFO]- "GET /favicon.ico HTTP/1.1" 200 20075
[2023-03-16 16:22:38,861] [basehttp.py:154] [basehttp:log_message] [INFO]- "GET /signinABO/ HTTP/1.1" 200 6984
[2023-03-16 16:22:39,203] [basehttp.py:154] [basehttp:log_message] [INFO]- "GET /favicon.ico HTTP/1.1" 200 20075
[2023-03-16 16:22:39,250] [basehttp.py:154] [basehttp:log_message] [INFO]- "GET /signinABO/ HTTP/1.1" 200 6984
[2023-03-16 16:22:39,559] [basehttp.py:154] [basehttp:log_message] [INFO]- "GET /favicon.ico HTTP/1.1" 200 20075
[2023-03-16 16:22:39,773] [basehttp.py:154] [basehttp:log_message] [INFO]- "GET /signinABO/ HTTP/1.1" 200 6984
[2023-03-16 16:22:40,062] [basehttp.py:154] [basehttp:log_message] [INFO]- "GET /favicon.ico HTTP/1.1" 200 20075
[2023-03-16 16:22:40,114] [basehttp.py:154] [basehttp:log_message] [INFO]- "GET /signinABO/ HTTP/1.1" 200 6984
[2023-03-16 16:22:40,401] [basehttp.py:154] [basehttp:log_message] [INFO]- "GET /favicon.ico HTTP/1.1" 200 20075
[2023-03-16 16:22:40,484] [basehttp.py:154] [basehttp:log_message] [INFO]- "GET /signinABO/ HTTP/1.1" 200 6984
[2023-03-16 16:22:40,820] [basehttp.py:154] [basehttp:log_message] [INFO]- "GET /favicon.ico HTTP/1.1" 200 20075
[2023-03-16 16:23:16,284] [basehttp.py:154] [basehttp:log_message] [INFO]- "GET /signinABO/ HTTP/1.1" 200 6962
[2023-03-16 16:23:16,572] [basehttp.py:154] [basehttp:log_message] [INFO]- "GET /favicon.ico HTTP/1.1" 200 20075
[2023-03-16 16:23:24,906] [basehttp.py:154] [basehttp:log_message] [INFO]- "GET /admin/app01/userinfo/333/delete/ HTTP/1.1" 200 6251
[2023-03-16 16:23:26,011] [UserIP.py:89] [UserIP:process_response] [CRITICAL]- 系统错误
[2023-03-16 16:23:26,021] [basehttp.py:154] [basehttp:log_message] [INFO]- "POST /admin/app01/userinfo/333/delete/ HTTP/1.1" 302 0
[2023-03-16 16:23:27,467] [basehttp.py:154] [basehttp:log_message] [INFO]- "GET /admin/app01/userinfo/ HTTP/1.1" 200 450939
[2023-03-16 16:23:27,497] [basehttp.py:154] [basehttp:log_message] [INFO]- "GET /admin/jsi18n/ HTTP/1.1" 200 7684
[2023-03-16 16:26:34,448] [basehttp.py:154] [basehttp:log_message] [INFO]- "GET /signinABO/ HTTP/1.1" 200 6888
[2023-03-16 16:26:34,796] [basehttp.py:154] [basehttp:log_message] [INFO]- "GET /favicon.ico HTTP/1.1" 200 20075
[2023-03-16 16:27:07,717] [UserIP.py:89] [UserIP:process_response] [CRITICAL]- 系统错误
[2023-03-16 16:27:07,727] [basehttp.py:154] [basehttp:log_message] [INFO]- "POST /signinABO/ HTTP/1.1" 200 4838
[2023-03-16 16:27:07,798] [basehttp.py:154] [basehttp:log_message] [INFO]- "GET /favicon.ico HTTP/1.1" 200 20075
[2023-03-16 16:27:11,277] [basehttp.py:154] [basehttp:log_message] [INFO]- "GET /admin/ HTTP/1.1" 200 32708
[2023-03-16 16:27:11,727] [basehttp.py:154] [basehttp:log_message] [INFO]- "GET /admin/app01/userinfo/ HTTP/1.1" 200 451159
[2023-03-16 16:27:11,761] [basehttp.py:154] [basehttp:log_message] [INFO]- "GET /admin/jsi18n/ HTTP/1.1" 200 7684
[2023-03-16 16:27:12,140] [basehttp.py:154] [basehttp:log_message] [INFO]- "GET /favicon.ico HTTP/1.1" 200 20075
[2023-03-16 16:27:18,582] [basehttp.py:154] [basehttp:log_message] [INFO]- "GET /admin/app01/userinfo/334/change/ HTTP/1.1" 200 23447
[2023-03-16 16:27:18,624] [basehttp.py:154] [basehttp:log_message] [INFO]- "GET /admin/jsi18n/ HTTP/1.1" 200 7684
