[2020-12-31 08:54:04,768] [log.py:228] [log:log_response] [ERROR]- Internal Server Error: /PersonalInfo/Infos-upload/
Traceback (most recent call last):
  File "C:\Python372\mecheck\lib\site-packages\django\core\handlers\exception.py", line 34, in inner
    response = get_response(request)
  File "C:\Python372\mecheck\lib\site-packages\django\core\handlers\base.py", line 126, in _get_response
    response = self.process_exception_by_middleware(e, request)
  File "C:\Python372\mecheck\lib\site-packages\django\core\handlers\base.py", line 124, in _get_response
    response = wrapped_callback(request, *callback_args, **callback_kwargs)
  File "C:\Python372\mecheck\lib\site-packages\django\views\decorators\csrf.py", line 54, in wrapped_view
    return view_func(*args, **kwargs)
  File "C:\djangoproject\Reliability_Row_data\PersonalInfo\views.py", line 198, in Infos_upload
    Check_dic = {"Year": modeldata['Year'],
KeyError: 'Year'
[2020-12-31 08:54:04,773] [basehttp.py:154] [basehttp:log_message] [ERROR]- "POST /PersonalInfo/Infos-upload/ HTTP/1.1" 500 22339
[2020-12-31 08:54:47,123] [basehttp.py:154] [basehttp:log_message] [INFO]- "POST /PersonalInfo/Infos-upload/ HTTP/1.1" 200 193
[2020-12-31 08:55:02,035] [basehttp.py:154] [basehttp:log_message] [INFO]- "POST /PersonalInfo/Infos-upload/ HTTP/1.1" 200 2279
[2020-12-31 08:55:31,341] [basehttp.py:154] [basehttp:log_message] [INFO]- "GET /admin/ HTTP/1.1" 302 0
[2020-12-31 08:55:31,488] [basehttp.py:154] [basehttp:log_message] [INFO]- "GET /admin/login/?next=/admin/ HTTP/1.1" 200 1821
[2020-12-31 08:55:31,529] [basehttp.py:154] [basehttp:log_message] [INFO]- "GET /favicon.ico HTTP/1.1" 200 20075
[2020-12-31 08:55:35,479] [basehttp.py:154] [basehttp:log_message] [INFO]- "POST /admin/login/?next=/admin/ HTTP/1.1" 302 0
[2020-12-31 08:55:35,568] [basehttp.py:154] [basehttp:log_message] [INFO]- "GET /admin/ HTTP/1.1" 200 36434
[2020-12-31 08:55:35,648] [basehttp.py:154] [basehttp:log_message] [INFO]- "GET /favicon.ico HTTP/1.1" 200 20075
[2020-12-31 08:55:40,076] [basehttp.py:154] [basehttp:log_message] [INFO]- "GET /admin/PersonalInfo/positions/ HTTP/1.1" 200 29956
[2020-12-31 08:55:40,111] [basehttp.py:154] [basehttp:log_message] [INFO]- "GET /admin/jsi18n/ HTTP/1.1" 200 7684
[2020-12-31 08:55:40,256] [basehttp.py:154] [basehttp:log_message] [INFO]- "GET /favicon.ico HTTP/1.1" 200 20075
[2020-12-31 08:56:09,356] [basehttp.py:154] [basehttp:log_message] [INFO]- "GET /PersonalInfo/Infos-upload/ HTTP/1.1" 200 25767
[2020-12-31 08:56:09,721] [basehttp.py:154] [basehttp:log_message] [INFO]- "GET /favicon.ico HTTP/1.1" 200 20075
[2020-12-31 08:56:15,088] [basehttp.py:154] [basehttp:log_message] [INFO]- "POST /PersonalInfo/Infos-upload/ HTTP/1.1" 200 345
[2020-12-31 10:23:19,066] [basehttp.py:154] [basehttp:log_message] [INFO]- "POST /PersonalInfo/Infos-upload/ HTTP/1.1" 200 7220
[2020-12-31 10:23:45,653] [basehttp.py:154] [basehttp:log_message] [INFO]- "POST /PersonalInfo/Infos-upload/ HTTP/1.1" 200 185344
[2020-12-31 10:24:12,288] [basehttp.py:154] [basehttp:log_message] [INFO]- "GET /admin/PersonalInfo/ HTTP/1.1" 200 7369
[2020-12-31 10:24:12,326] [basehttp.py:154] [basehttp:log_message] [INFO]- "GET /favicon.ico HTTP/1.1" 200 20075
[2020-12-31 10:24:16,126] [basehttp.py:154] [basehttp:log_message] [INFO]- "GET /admin/PersonalInfo/majorifo/ HTTP/1.1" 200 565557
[2020-12-31 10:24:16,157] [basehttp.py:154] [basehttp:log_message] [INFO]- "GET /admin/jsi18n/ HTTP/1.1" 200 7684
[2020-12-31 10:24:16,599] [basehttp.py:154] [basehttp:log_message] [INFO]- "GET /favicon.ico HTTP/1.1" 200 20075
[2020-12-31 10:25:05,103] [basehttp.py:154] [basehttp:log_message] [INFO]- "POST /admin/PersonalInfo/majorifo/ HTTP/1.1" 200 87394
[2020-12-31 10:25:05,255] [basehttp.py:154] [basehttp:log_message] [INFO]- "GET /favicon.ico HTTP/1.1" 200 20075
[2020-12-31 10:25:10,100] [basehttp.py:154] [basehttp:log_message] [INFO]- "POST /admin/PersonalInfo/majorifo/ HTTP/1.1" 302 0
[2020-12-31 10:25:10,963] [basehttp.py:154] [basehttp:log_message] [INFO]- "GET /admin/PersonalInfo/majorifo/ HTTP/1.1" 200 474073
[2020-12-31 10:25:10,992] [basehttp.py:154] [basehttp:log_message] [INFO]- "GET /admin/jsi18n/ HTTP/1.1" 200 7684
[2020-12-31 10:25:11,291] [basehttp.py:154] [basehttp:log_message] [INFO]- "GET /favicon.ico HTTP/1.1" 200 20075
[2020-12-31 10:25:14,155] [basehttp.py:154] [basehttp:log_message] [INFO]- "POST /admin/PersonalInfo/majorifo/ HTTP/1.1" 200 87094
[2020-12-31 10:25:14,288] [basehttp.py:154] [basehttp:log_message] [INFO]- "GET /favicon.ico HTTP/1.1" 200 20075
[2020-12-31 10:25:18,687] [basehttp.py:154] [basehttp:log_message] [INFO]- "POST /admin/PersonalInfo/majorifo/ HTTP/1.1" 302 0
[2020-12-31 10:25:18,870] [basehttp.py:154] [basehttp:log_message] [INFO]- "GET /admin/PersonalInfo/majorifo/ HTTP/1.1" 200 67556
[2020-12-31 10:25:18,910] [basehttp.py:154] [basehttp:log_message] [INFO]- "GET /admin/jsi18n/ HTTP/1.1" 200 7684
[2020-12-31 10:25:18,995] [basehttp.py:154] [basehttp:log_message] [INFO]- "GET /favicon.ico HTTP/1.1" 200 20075
[2020-12-31 10:25:20,296] [basehttp.py:154] [basehttp:log_message] [INFO]- "GET /admin/PersonalInfo/majorifo/52/change/ HTTP/1.1" 200 6892
[2020-12-31 10:25:20,319] [basehttp.py:154] [basehttp:log_message] [INFO]- "GET /admin/jsi18n/ HTTP/1.1" 200 7684
[2020-12-31 10:25:20,352] [basehttp.py:154] [basehttp:log_message] [INFO]- "GET /favicon.ico HTTP/1.1" 200 20075
[2020-12-31 10:25:23,081] [basehttp.py:154] [basehttp:log_message] [INFO]- "GET /admin/PersonalInfo/majorifo/ HTTP/1.1" 200 67428
[2020-12-31 10:25:23,237] [basehttp.py:154] [basehttp:log_message] [INFO]- "GET /favicon.ico HTTP/1.1" 200 20075
[2020-12-31 10:25:25,979] [basehttp.py:154] [basehttp:log_message] [INFO]- "POST /admin/PersonalInfo/majorifo/ HTTP/1.1" 200 14523
[2020-12-31 10:25:26,079] [basehttp.py:154] [basehttp:log_message] [INFO]- "GET /favicon.ico HTTP/1.1" 200 20075
[2020-12-31 10:25:28,258] [basehttp.py:154] [basehttp:log_message] [INFO]- "POST /admin/PersonalInfo/majorifo/ HTTP/1.1" 302 0
[2020-12-31 10:25:28,311] [basehttp.py:154] [basehttp:log_message] [INFO]- "GET /admin/PersonalInfo/majorifo/ HTTP/1.1" 200 4465
[2020-12-31 10:25:28,338] [basehttp.py:154] [basehttp:log_message] [INFO]- "GET /admin/jsi18n/ HTTP/1.1" 200 7684
[2020-12-31 10:25:28,367] [basehttp.py:154] [basehttp:log_message] [INFO]- "GET /favicon.ico HTTP/1.1" 200 20075
[2020-12-31 10:25:30,983] [basehttp.py:154] [basehttp:log_message] [INFO]- "GET /admin/PersonalInfo/ HTTP/1.1" 200 7369
[2020-12-31 10:25:31,027] [basehttp.py:154] [basehttp:log_message] [INFO]- "GET /favicon.ico HTTP/1.1" 200 20075
[2020-12-31 10:25:43,627] [basehttp.py:154] [basehttp:log_message] [INFO]- "POST /PersonalInfo/Infos-upload/ HTTP/1.1" 200 7220
[2020-12-31 10:27:49,340] [basehttp.py:154] [basehttp:log_message] [INFO]- "GET /admin/PersonalInfo/majorifo/ HTTP/1.1" 200 568686
[2020-12-31 10:27:49,368] [basehttp.py:154] [basehttp:log_message] [INFO]- "GET /admin/jsi18n/ HTTP/1.1" 200 7684
[2020-12-31 10:27:49,702] [basehttp.py:154] [basehttp:log_message] [INFO]- "GET /favicon.ico HTTP/1.1" 200 20075
[2020-12-31 10:28:24,245] [basehttp.py:154] [basehttp:log_message] [INFO]- "POST /admin/PersonalInfo/majorifo/ HTTP/1.1" 200 88735
[2020-12-31 10:28:24,377] [basehttp.py:154] [basehttp:log_message] [INFO]- "GET /favicon.ico HTTP/1.1" 200 20075
[2020-12-31 10:28:28,053] [basehttp.py:154] [basehttp:log_message] [INFO]- "POST /admin/PersonalInfo/majorifo/ HTTP/1.1" 302 0
[2020-12-31 10:28:29,021] [basehttp.py:154] [basehttp:log_message] [INFO]- "GET /admin/PersonalInfo/majorifo/ HTTP/1.1" 200 477902
[2020-12-31 10:28:29,051] [basehttp.py:154] [basehttp:log_message] [INFO]- "GET /admin/jsi18n/ HTTP/1.1" 200 7684
[2020-12-31 10:28:29,337] [basehttp.py:154] [basehttp:log_message] [INFO]- "GET /favicon.ico HTTP/1.1" 200 20075
[2020-12-31 10:28:33,762] [basehttp.py:154] [basehttp:log_message] [INFO]- "POST /admin/PersonalInfo/majorifo/ HTTP/1.1" 200 88735
[2020-12-31 10:28:33,870] [basehttp.py:154] [basehttp:log_message] [INFO]- "GET /favicon.ico HTTP/1.1" 200 20075
[2020-12-31 10:28:38,521] [basehttp.py:154] [basehttp:log_message] [INFO]- "POST /admin/PersonalInfo/majorifo/ HTTP/1.1" 302 0
[2020-12-31 10:28:38,699] [basehttp.py:154] [basehttp:log_message] [INFO]- "GET /admin/PersonalInfo/majorifo/ HTTP/1.1" 200 68347
[2020-12-31 10:28:38,731] [basehttp.py:154] [basehttp:log_message] [INFO]- "GET /admin/jsi18n/ HTTP/1.1" 200 7684
[2020-12-31 10:28:38,833] [basehttp.py:154] [basehttp:log_message] [INFO]- "GET /favicon.ico HTTP/1.1" 200 20075
[2020-12-31 10:28:49,708] [basehttp.py:154] [basehttp:log_message] [INFO]- "POST /admin/PersonalInfo/majorifo/ HTTP/1.1" 200 14862
[2020-12-31 10:28:49,769] [basehttp.py:154] [basehttp:log_message] [INFO]- "GET /favicon.ico HTTP/1.1" 200 20075
[2020-12-31 10:28:52,100] [basehttp.py:154] [basehttp:log_message] [INFO]- "POST /admin/PersonalInfo/majorifo/ HTTP/1.1" 302 0
[2020-12-31 10:28:52,136] [basehttp.py:154] [basehttp:log_message] [INFO]- "GET /admin/PersonalInfo/majorifo/ HTTP/1.1" 200 4465
[2020-12-31 10:28:52,181] [basehttp.py:154] [basehttp:log_message] [INFO]- "GET /admin/jsi18n/ HTTP/1.1" 200 7684
[2020-12-31 10:28:52,250] [basehttp.py:154] [basehttp:log_message] [INFO]- "GET /favicon.ico HTTP/1.1" 200 20075
[2020-12-31 10:29:33,985] [basehttp.py:154] [basehttp:log_message] [INFO]- "POST /PersonalInfo/Infos-upload/ HTTP/1.1" 200 7220
[2020-12-31 10:30:53,909] [basehttp.py:154] [basehttp:log_message] [INFO]- "GET /admin/PersonalInfo/majorifo/ HTTP/1.1" 200 568686
[2020-12-31 10:30:53,941] [basehttp.py:154] [basehttp:log_message] [INFO]- "GET /admin/jsi18n/ HTTP/1.1" 200 7684
[2020-12-31 10:30:54,269] [basehttp.py:154] [basehttp:log_message] [INFO]- "GET /favicon.ico HTTP/1.1" 200 20075
[2020-12-31 10:30:56,849] [basehttp.py:154] [basehttp:log_message] [INFO]- "POST /admin/PersonalInfo/majorifo/ HTTP/1.1" 200 88735
[2020-12-31 10:30:56,976] [basehttp.py:154] [basehttp:log_message] [INFO]- "GET /favicon.ico HTTP/1.1" 200 20075
[2020-12-31 10:31:01,911] [basehttp.py:154] [basehttp:log_message] [INFO]- "POST /admin/PersonalInfo/majorifo/ HTTP/1.1" 302 0
[2020-12-31 10:31:02,800] [basehttp.py:154] [basehttp:log_message] [INFO]- "GET /admin/PersonalInfo/majorifo/ HTTP/1.1" 200 477902
[2020-12-31 10:31:02,836] [basehttp.py:154] [basehttp:log_message] [INFO]- "GET /admin/jsi18n/ HTTP/1.1" 200 7684
[2020-12-31 10:31:03,115] [basehttp.py:154] [basehttp:log_message] [INFO]- "GET /favicon.ico HTTP/1.1" 200 20075
[2020-12-31 10:31:12,666] [basehttp.py:154] [basehttp:log_message] [INFO]- "GET /admin/PersonalInfo/majorifo/?o=1 HTTP/1.1" 200 561407
[2020-12-31 10:31:12,718] [basehttp.py:154] [basehttp:log_message] [INFO]- "GET /admin/jsi18n/ HTTP/1.1" 200 7684
[2020-12-31 10:31:13,029] [basehttp.py:154] [basehttp:log_message] [INFO]- "GET /favicon.ico HTTP/1.1" 200 20075
[2020-12-31 10:31:34,932] [basehttp.py:154] [basehttp:log_message] [INFO]- "POST /admin/PersonalInfo/majorifo/?o=1 HTTP/1.1" 200 88735
[2020-12-31 10:31:35,034] [basehttp.py:154] [basehttp:log_message] [INFO]- "GET /favicon.ico HTTP/1.1" 200 20075
[2020-12-31 10:31:45,211] [basehttp.py:154] [basehttp:log_message] [INFO]- "POST /admin/PersonalInfo/majorifo/?o=1 HTTP/1.1" 302 0
[2020-12-31 10:31:45,452] [basehttp.py:154] [basehttp:log_message] [INFO]- "GET /admin/PersonalInfo/majorifo/?o=1 HTTP/1.1" 200 79546
[2020-12-31 10:31:45,483] [basehttp.py:154] [basehttp:log_message] [INFO]- "GET /admin/jsi18n/ HTTP/1.1" 200 7684
[2020-12-31 10:31:45,592] [basehttp.py:154] [basehttp:log_message] [INFO]- "GET /favicon.ico HTTP/1.1" 200 20075
[2020-12-31 10:31:50,872] [basehttp.py:154] [basehttp:log_message] [INFO]- "POST /admin/PersonalInfo/majorifo/?o=1 HTTP/1.1" 200 14862
[2020-12-31 10:31:50,929] [basehttp.py:154] [basehttp:log_message] [INFO]- "GET /favicon.ico HTTP/1.1" 200 20075
[2020-12-31 10:31:53,842] [basehttp.py:154] [basehttp:log_message] [INFO]- "POST /admin/PersonalInfo/majorifo/?o=1 HTTP/1.1" 302 0
[2020-12-31 10:31:53,880] [basehttp.py:154] [basehttp:log_message] [INFO]- "GET /admin/PersonalInfo/majorifo/?o=1 HTTP/1.1" 200 4555
[2020-12-31 10:31:53,915] [basehttp.py:154] [basehttp:log_message] [INFO]- "GET /admin/jsi18n/ HTTP/1.1" 200 7684
[2020-12-31 10:31:53,968] [basehttp.py:154] [basehttp:log_message] [INFO]- "GET /favicon.ico HTTP/1.1" 200 20075
[2020-12-31 10:31:56,132] [basehttp.py:154] [basehttp:log_message] [INFO]- "GET /admin/PersonalInfo/majorifo/?o=1 HTTP/1.1" 200 4428
[2020-12-31 10:31:56,157] [basehttp.py:154] [basehttp:log_message] [INFO]- "GET /admin/jsi18n/ HTTP/1.1" 200 7684
[2020-12-31 10:31:56,194] [basehttp.py:154] [basehttp:log_message] [INFO]- "GET /favicon.ico HTTP/1.1" 200 20075
[2020-12-31 10:32:02,470] [log.py:228] [log:log_response] [ERROR]- Internal Server Error: /PersonalInfo/Infos-upload/
Traceback (most recent call last):
  File "C:\Python372\mecheck\lib\site-packages\django\core\handlers\exception.py", line 34, in inner
    response = get_response(request)
  File "C:\Python372\mecheck\lib\site-packages\django\core\handlers\base.py", line 126, in _get_response
    response = self.process_exception_by_middleware(e, request)
  File "C:\Python372\mecheck\lib\site-packages\django\core\handlers\base.py", line 124, in _get_response
    response = wrapped_callback(request, *callback_args, **callback_kwargs)
  File "C:\Python372\mecheck\lib\site-packages\django\views\decorators\csrf.py", line 54, in wrapped_view
    return view_func(*args, **kwargs)
  File "C:\djangoproject\Reliability_Row_data\PersonalInfo\views.py", line 297, in Infos_upload
    Check_dics)
NameError: name 'Check_dics' is not defined
[2020-12-31 10:32:02,474] [basehttp.py:154] [basehttp:log_message] [ERROR]- "POST /PersonalInfo/Infos-upload/ HTTP/1.1" 500 206438
[2020-12-31 10:32:33,948] [basehttp.py:154] [basehttp:log_message] [INFO]- "GET /admin/PersonalInfo/majorifo/?o=1 HTTP/1.1" 200 535749
[2020-12-31 10:32:33,985] [basehttp.py:154] [basehttp:log_message] [INFO]- "GET /admin/jsi18n/ HTTP/1.1" 200 7684
[2020-12-31 10:32:34,316] [basehttp.py:154] [basehttp:log_message] [INFO]- "GET /favicon.ico HTTP/1.1" 200 20075
[2020-12-31 10:32:38,329] [basehttp.py:154] [basehttp:log_message] [INFO]- "POST /admin/PersonalInfo/majorifo/?o=1 HTTP/1.1" 200 86683
[2020-12-31 10:32:38,445] [basehttp.py:154] [basehttp:log_message] [INFO]- "GET /favicon.ico HTTP/1.1" 200 20075
[2020-12-31 10:32:44,252] [basehttp.py:154] [basehttp:log_message] [INFO]- "POST /admin/PersonalInfo/majorifo/?o=1 HTTP/1.1" 302 0
[2020-12-31 10:32:44,300] [basehttp.py:154] [basehttp:log_message] [INFO]- "GET /admin/PersonalInfo/majorifo/?o=1 HTTP/1.1" 200 4556
[2020-12-31 10:32:44,332] [basehttp.py:154] [basehttp:log_message] [INFO]- "GET /admin/jsi18n/ HTTP/1.1" 200 7684
[2020-12-31 10:32:44,381] [basehttp.py:154] [basehttp:log_message] [INFO]- "GET /favicon.ico HTTP/1.1" 200 20075
[2020-12-31 10:32:57,066] [basehttp.py:154] [basehttp:log_message] [INFO]- "POST /PersonalInfo/Infos-upload/ HTTP/1.1" 200 10004
[2020-12-31 10:39:57,829] [basehttp.py:154] [basehttp:log_message] [INFO]- "GET /admin/PersonalInfo/majorifo/?o=1 HTTP/1.1" 200 657012
[2020-12-31 10:39:57,874] [basehttp.py:154] [basehttp:log_message] [INFO]- "GET /admin/jsi18n/ HTTP/1.1" 200 7684
[2020-12-31 10:39:58,241] [basehttp.py:154] [basehttp:log_message] [INFO]- "GET /favicon.ico HTTP/1.1" 200 20075
[2020-12-31 10:40:01,483] [basehttp.py:154] [basehttp:log_message] [INFO]- "POST /admin/PersonalInfo/majorifo/?o=1 HTTP/1.1" 200 88735
[2020-12-31 10:40:01,620] [basehttp.py:154] [basehttp:log_message] [INFO]- "GET /favicon.ico HTTP/1.1" 200 20075
[2020-12-31 10:40:06,058] [basehttp.py:154] [basehttp:log_message] [INFO]- "POST /admin/PersonalInfo/majorifo/?o=1 HTTP/1.1" 302 0
[2020-12-31 10:40:07,407] [basehttp.py:154] [basehttp:log_message] [INFO]- "GET /admin/PersonalInfo/majorifo/?o=1 HTTP/1.1" 200 562999
[2020-12-31 10:40:07,436] [basehttp.py:154] [basehttp:log_message] [INFO]- "GET /admin/jsi18n/ HTTP/1.1" 200 7684
[2020-12-31 10:40:07,723] [basehttp.py:154] [basehttp:log_message] [INFO]- "GET /favicon.ico HTTP/1.1" 200 20075
[2020-12-31 10:40:10,780] [basehttp.py:154] [basehttp:log_message] [INFO]- "POST /admin/PersonalInfo/majorifo/?o=1 HTTP/1.1" 200 88735
[2020-12-31 10:40:10,895] [basehttp.py:154] [basehttp:log_message] [INFO]- "GET /favicon.ico HTTP/1.1" 200 20075
[2020-12-31 10:40:14,911] [basehttp.py:154] [basehttp:log_message] [INFO]- "POST /admin/PersonalInfo/majorifo/?o=1 HTTP/1.1" 302 0
[2020-12-31 10:40:15,157] [basehttp.py:154] [basehttp:log_message] [INFO]- "GET /admin/PersonalInfo/majorifo/?o=1 HTTP/1.1" 200 79546
[2020-12-31 10:40:15,187] [basehttp.py:154] [basehttp:log_message] [INFO]- "GET /admin/jsi18n/ HTTP/1.1" 200 7684
[2020-12-31 10:40:15,259] [basehttp.py:154] [basehttp:log_message] [INFO]- "GET /favicon.ico HTTP/1.1" 200 20075
[2020-12-31 10:40:20,610] [basehttp.py:154] [basehttp:log_message] [INFO]- "POST /admin/PersonalInfo/majorifo/?o=1 HTTP/1.1" 200 14862
[2020-12-31 10:40:20,669] [basehttp.py:154] [basehttp:log_message] [INFO]- "GET /favicon.ico HTTP/1.1" 200 20075
[2020-12-31 10:40:38,170] [basehttp.py:154] [basehttp:log_message] [INFO]- "POST /admin/PersonalInfo/majorifo/?o=1 HTTP/1.1" 302 0
[2020-12-31 10:40:38,213] [basehttp.py:154] [basehttp:log_message] [INFO]- "GET /admin/PersonalInfo/majorifo/?o=1 HTTP/1.1" 200 4555
[2020-12-31 10:40:38,240] [basehttp.py:154] [basehttp:log_message] [INFO]- "GET /admin/jsi18n/ HTTP/1.1" 200 7684
[2020-12-31 10:40:38,280] [basehttp.py:154] [basehttp:log_message] [INFO]- "GET /favicon.ico HTTP/1.1" 200 20075
[2020-12-31 10:40:55,851] [basehttp.py:154] [basehttp:log_message] [INFO]- "GET /admin/PersonalInfo/majorifo/?o=1 HTTP/1.1" 200 4428
[2020-12-31 10:40:55,880] [basehttp.py:154] [basehttp:log_message] [INFO]- "GET /admin/jsi18n/ HTTP/1.1" 200 7684
[2020-12-31 10:40:55,918] [basehttp.py:154] [basehttp:log_message] [INFO]- "GET /favicon.ico HTTP/1.1" 200 20075
[2020-12-31 10:41:20,965] [basehttp.py:154] [basehttp:log_message] [INFO]- "GET /admin/PersonalInfo/majorifo/?o=1 HTTP/1.1" 200 4428
[2020-12-31 10:41:21,000] [basehttp.py:154] [basehttp:log_message] [INFO]- "GET /admin/jsi18n/ HTTP/1.1" 200 7684
[2020-12-31 10:41:21,049] [basehttp.py:154] [basehttp:log_message] [INFO]- "GET /favicon.ico HTTP/1.1" 200 20075
[2020-12-31 10:41:22,157] [basehttp.py:154] [basehttp:log_message] [INFO]- "GET /admin/PersonalInfo/majorifo/?o=1 HTTP/1.1" 200 4428
[2020-12-31 10:41:22,179] [basehttp.py:154] [basehttp:log_message] [INFO]- "GET /admin/jsi18n/ HTTP/1.1" 200 7684
[2020-12-31 10:41:22,208] [basehttp.py:154] [basehttp:log_message] [INFO]- "GET /favicon.ico HTTP/1.1" 200 20075
[2020-12-31 10:41:28,188] [basehttp.py:154] [basehttp:log_message] [INFO]- "GET /PersonalInfo/Infos-upload/ HTTP/1.1" 200 25768
[2020-12-31 10:41:28,222] [basehttp.py:154] [basehttp:log_message] [INFO]- "GET /static/js/xlsx/xlsx_pop.js HTTP/1.1" 304 0
[2020-12-31 10:41:28,225] [basehttp.py:154] [basehttp:log_message] [INFO]- "GET /static/js/xlsx/xlsx_pop1.js HTTP/1.1" 304 0
[2020-12-31 10:41:28,230] [basehttp.py:154] [basehttp:log_message] [INFO]- "GET /static/js/xlsx/xlsx_pop2.js HTTP/1.1" 304 0
[2020-12-31 10:41:28,235] [basehttp.py:154] [basehttp:log_message] [INFO]- "GET /static/js/xlsx/xlsx_pop3.js HTTP/1.1" 304 0
[2020-12-31 10:41:28,238] [basehttp.py:154] [basehttp:log_message] [INFO]- "GET /static/js/xlsx/xlsx_pop4.js HTTP/1.1" 304 0
[2020-12-31 10:41:28,614] [basehttp.py:154] [basehttp:log_message] [INFO]- "GET /favicon.ico HTTP/1.1" 200 20075
[2020-12-31 10:41:51,007] [basehttp.py:154] [basehttp:log_message] [INFO]- "POST /PersonalInfo/Infos-upload/ HTTP/1.1" 200 9858
[2020-12-31 10:42:47,194] [log.py:228] [log:log_response] [ERROR]- Internal Server Error: /PersonalInfo/Infos-upload/
Traceback (most recent call last):
  File "C:\Python372\mecheck\lib\site-packages\django\core\handlers\exception.py", line 34, in inner
    response = get_response(request)
  File "C:\Python372\mecheck\lib\site-packages\django\core\handlers\base.py", line 126, in _get_response
    response = self.process_exception_by_middleware(e, request)
  File "C:\Python372\mecheck\lib\site-packages\django\core\handlers\base.py", line 124, in _get_response
    response = wrapped_callback(request, *callback_args, **callback_kwargs)
  File "C:\Python372\mecheck\lib\site-packages\django\views\decorators\csrf.py", line 54, in wrapped_view
    return view_func(*args, **kwargs)
  File "C:\djangoproject\Reliability_Row_data\PersonalInfo\views.py", line 142, in Infos_upload
    modeldata[headermodel_Positions[key]] = value
KeyError: '公司別'
[2020-12-31 10:42:47,198] [basehttp.py:154] [basehttp:log_message] [ERROR]- "POST /PersonalInfo/Infos-upload/ HTTP/1.1" 500 19760
[2020-12-31 10:42:58,130] [basehttp.py:154] [basehttp:log_message] [INFO]- "POST /PersonalInfo/Infos-upload/ HTTP/1.1" 200 2279
[2020-12-31 10:43:02,986] [log.py:228] [log:log_response] [ERROR]- Internal Server Error: /PersonalInfo/Infos-upload/
Traceback (most recent call last):
  File "C:\Python372\mecheck\lib\site-packages\django\core\handlers\exception.py", line 34, in inner
    response = get_response(request)
  File "C:\Python372\mecheck\lib\site-packages\django\core\handlers\base.py", line 126, in _get_response
    response = self.process_exception_by_middleware(e, request)
  File "C:\Python372\mecheck\lib\site-packages\django\core\handlers\base.py", line 124, in _get_response
    response = wrapped_callback(request, *callback_args, **callback_kwargs)
  File "C:\Python372\mecheck\lib\site-packages\django\views\decorators\csrf.py", line 54, in wrapped_view
    return view_func(*args, **kwargs)
  File "C:\djangoproject\Reliability_Row_data\PersonalInfo\views.py", line 233, in Infos_upload
    modeldata[headermodel_MajorIfo[key]] = value
KeyError: '職等'
[2020-12-31 10:43:02,987] [basehttp.py:154] [basehttp:log_message] [ERROR]- "POST /PersonalInfo/Infos-upload/ HTTP/1.1" 500 22340
[2020-12-31 10:43:07,066] [log.py:228] [log:log_response] [ERROR]- Internal Server Error: /PersonalInfo/Infos-upload/
Traceback (most recent call last):
  File "C:\Python372\mecheck\lib\site-packages\django\core\handlers\exception.py", line 34, in inner
    response = get_response(request)
  File "C:\Python372\mecheck\lib\site-packages\django\core\handlers\base.py", line 126, in _get_response
    response = self.process_exception_by_middleware(e, request)
  File "C:\Python372\mecheck\lib\site-packages\django\core\handlers\base.py", line 124, in _get_response
    response = wrapped_callback(request, *callback_args, **callback_kwargs)
  File "C:\Python372\mecheck\lib\site-packages\django\views\decorators\csrf.py", line 54, in wrapped_view
    return view_func(*args, **kwargs)
  File "C:\djangoproject\Reliability_Row_data\PersonalInfo\views.py", line 233, in Infos_upload
    modeldata[headermodel_MajorIfo[key]] = value
KeyError: '職等'
[2020-12-31 10:43:07,067] [basehttp.py:154] [basehttp:log_message] [ERROR]- "POST /PersonalInfo/Infos-upload/ HTTP/1.1" 500 22340
[2020-12-31 10:43:09,278] [basehttp.py:154] [basehttp:log_message] [INFO]- "POST /PersonalInfo/Infos-upload/ HTTP/1.1" 200 2279
[2020-12-31 10:43:21,124] [basehttp.py:154] [basehttp:log_message] [INFO]- "POST /PersonalInfo/Infos-upload/ HTTP/1.1" 200 278575
[2020-12-31 10:43:35,566] [log.py:228] [log:log_response] [ERROR]- Internal Server Error: /PersonalInfo/Infos-upload/
Traceback (most recent call last):
  File "C:\Python372\mecheck\lib\site-packages\django\core\handlers\exception.py", line 34, in inner
    response = get_response(request)
  File "C:\Python372\mecheck\lib\site-packages\django\core\handlers\base.py", line 126, in _get_response
    response = self.process_exception_by_middleware(e, request)
  File "C:\Python372\mecheck\lib\site-packages\django\core\handlers\base.py", line 124, in _get_response
    response = wrapped_callback(request, *callback_args, **callback_kwargs)
  File "C:\Python372\mecheck\lib\site-packages\django\views\decorators\csrf.py", line 54, in wrapped_view
    return view_func(*args, **kwargs)
  File "C:\djangoproject\Reliability_Row_data\PersonalInfo\views.py", line 142, in Infos_upload
    modeldata[headermodel_Positions[key]] = value
KeyError: '學歷'
[2020-12-31 10:43:35,567] [basehttp.py:154] [basehttp:log_message] [ERROR]- "POST /PersonalInfo/Infos-upload/ HTTP/1.1" 500 206510
[2020-12-31 11:04:14,375] [basehttp.py:154] [basehttp:log_message] [INFO]- "POST /PersonalInfo/Infos-upload/ HTTP/1.1" 200 433
[2020-12-31 11:04:23,460] [basehttp.py:154] [basehttp:log_message] [INFO]- "POST /PersonalInfo/Infos-upload/ HTTP/1.1" 200 777
[2020-12-31 11:06:10,909] [basehttp.py:154] [basehttp:log_message] [INFO]- "POST /PersonalInfo/Infos-upload/ HTTP/1.1" 200 461
[2020-12-31 11:06:23,389] [basehttp.py:154] [basehttp:log_message] [INFO]- "GET /admin/PersonalInfo/ HTTP/1.1" 200 7369
[2020-12-31 11:06:23,425] [basehttp.py:154] [basehttp:log_message] [INFO]- "GET /favicon.ico HTTP/1.1" 200 20075
[2020-12-31 11:06:26,263] [basehttp.py:154] [basehttp:log_message] [INFO]- "GET /admin/PersonalInfo/workovertime/ HTTP/1.1" 200 17804
[2020-12-31 11:06:26,296] [basehttp.py:154] [basehttp:log_message] [INFO]- "GET /admin/jsi18n/ HTTP/1.1" 200 7684
[2020-12-31 11:06:26,371] [basehttp.py:154] [basehttp:log_message] [INFO]- "GET /favicon.ico HTTP/1.1" 200 20075
[2020-12-31 11:06:28,768] [basehttp.py:154] [basehttp:log_message] [INFO]- "GET /admin/PersonalInfo/workovertime/4/change/ HTTP/1.1" 200 11052
[2020-12-31 11:06:28,795] [basehttp.py:154] [basehttp:log_message] [INFO]- "GET /admin/jsi18n/ HTTP/1.1" 200 7684
[2020-12-31 11:06:28,854] [basehttp.py:154] [basehttp:log_message] [INFO]- "GET /favicon.ico HTTP/1.1" 200 20075
[2020-12-31 11:06:35,175] [basehttp.py:154] [basehttp:log_message] [INFO]- "GET /admin/PersonalInfo/workovertime/ HTTP/1.1" 200 17804
[2020-12-31 11:06:35,265] [basehttp.py:154] [basehttp:log_message] [INFO]- "GET /favicon.ico HTTP/1.1" 200 20075
[2020-12-31 11:06:55,024] [basehttp.py:154] [basehttp:log_message] [INFO]- "POST /PersonalInfo/Infos-upload/ HTTP/1.1" 200 117
[2020-12-31 11:07:04,605] [basehttp.py:154] [basehttp:log_message] [INFO]- "POST /PersonalInfo/Infos-upload/ HTTP/1.1" 200 233
[2020-12-31 11:07:28,821] [basehttp.py:154] [basehttp:log_message] [INFO]- "POST /PersonalInfo/Infos-upload/ HTTP/1.1" 200 233
[2020-12-31 11:08:12,191] [basehttp.py:154] [basehttp:log_message] [INFO]- "POST /PersonalInfo/Infos-upload/ HTTP/1.1" 200 251
[2020-12-31 11:15:39,855] [basehttp.py:154] [basehttp:log_message] [INFO]- "POST /PersonalInfo/Infos-upload/ HTTP/1.1" 200 258
[2020-12-31 11:16:27,686] [basehttp.py:154] [basehttp:log_message] [INFO]- "POST /PersonalInfo/Infos-upload/ HTTP/1.1" 200 275
[2020-12-31 11:16:49,663] [basehttp.py:154] [basehttp:log_message] [INFO]- "POST /PersonalInfo/Infos-upload/ HTTP/1.1" 200 2238
[2020-12-31 11:17:05,101] [log.py:228] [log:log_response] [ERROR]- Internal Server Error: /PersonalInfo/Infos-upload/
Traceback (most recent call last):
  File "C:\Python372\mecheck\lib\site-packages\django\core\handlers\exception.py", line 34, in inner
    response = get_response(request)
  File "C:\Python372\mecheck\lib\site-packages\django\core\handlers\base.py", line 126, in _get_response
    response = self.process_exception_by_middleware(e, request)
  File "C:\Python372\mecheck\lib\site-packages\django\core\handlers\base.py", line 124, in _get_response
    response = wrapped_callback(request, *callback_args, **callback_kwargs)
  File "C:\Python372\mecheck\lib\site-packages\django\views\decorators\csrf.py", line 54, in wrapped_view
    return view_func(*args, **kwargs)
  File "C:\djangoproject\Reliability_Row_data\PersonalInfo\views.py", line 231, in Infos_upload
    modeldata[headermodel_MajorIfo[key]] = value
KeyError: '職等'
[2020-12-31 11:17:05,104] [basehttp.py:154] [basehttp:log_message] [ERROR]- "POST /PersonalInfo/Infos-upload/ HTTP/1.1" 500 22340
[2020-12-31 11:22:23,816] [basehttp.py:154] [basehttp:log_message] [INFO]- "POST /PersonalInfo/Infos-upload/ HTTP/1.1" 200 2238
[2020-12-31 11:22:57,278] [basehttp.py:154] [basehttp:log_message] [INFO]- "POST /PersonalInfo/Infos-upload/ HTTP/1.1" 200 278624
[2020-12-31 11:23:12,232] [log.py:228] [log:log_response] [ERROR]- Internal Server Error: /PersonalInfo/Infos-upload/
Traceback (most recent call last):
  File "C:\Python372\mecheck\lib\site-packages\django\core\handlers\exception.py", line 34, in inner
    response = get_response(request)
  File "C:\Python372\mecheck\lib\site-packages\django\core\handlers\base.py", line 126, in _get_response
    response = self.process_exception_by_middleware(e, request)
  File "C:\Python372\mecheck\lib\site-packages\django\core\handlers\base.py", line 124, in _get_response
    response = wrapped_callback(request, *callback_args, **callback_kwargs)
  File "C:\Python372\mecheck\lib\site-packages\django\views\decorators\csrf.py", line 54, in wrapped_view
    return view_func(*args, **kwargs)
  File "C:\djangoproject\Reliability_Row_data\PersonalInfo\views.py", line 321, in Infos_upload
    modeldata[headermodel_WorkOvertime[key]] = value
KeyError: '學歷'
[2020-12-31 11:23:12,233] [basehttp.py:154] [basehttp:log_message] [ERROR]- "POST /PersonalInfo/Infos-upload/ HTTP/1.1" 500 206513
[2020-12-31 11:23:20,234] [basehttp.py:154] [basehttp:log_message] [INFO]- "POST /PersonalInfo/Infos-upload/ HTTP/1.1" 200 479
[2020-12-31 11:23:34,958] [log.py:228] [log:log_response] [ERROR]- Internal Server Error: /PersonalInfo/Infos-upload/
Traceback (most recent call last):
  File "C:\Python372\mecheck\lib\site-packages\django\core\handlers\exception.py", line 34, in inner
    response = get_response(request)
  File "C:\Python372\mecheck\lib\site-packages\django\core\handlers\base.py", line 126, in _get_response
    response = self.process_exception_by_middleware(e, request)
  File "C:\Python372\mecheck\lib\site-packages\django\core\handlers\base.py", line 124, in _get_response
    response = wrapped_callback(request, *callback_args, **callback_kwargs)
  File "C:\Python372\mecheck\lib\site-packages\django\views\decorators\csrf.py", line 54, in wrapped_view
    return view_func(*args, **kwargs)
  File "C:\djangoproject\Reliability_Row_data\PersonalInfo\views.py", line 392, in Infos_upload
    modeldata[headermodel_LeaveInfo[key]] = value
KeyError: '計薪區間'
[2020-12-31 11:23:34,958] [basehttp.py:154] [basehttp:log_message] [ERROR]- "POST /PersonalInfo/Infos-upload/ HTTP/1.1" 500 20982
[2020-12-31 11:23:43,697] [basehttp.py:154] [basehttp:log_message] [INFO]- "POST /PersonalInfo/Infos-upload/ HTTP/1.1" 200 251
[2020-12-31 11:30:06,177] [log.py:228] [log:log_response] [ERROR]- Internal Server Error: /PersonalInfo/Infos-upload/
Traceback (most recent call last):
  File "C:\Python372\mecheck\lib\site-packages\django\core\handlers\exception.py", line 34, in inner
    response = get_response(request)
  File "C:\Python372\mecheck\lib\site-packages\django\core\handlers\base.py", line 126, in _get_response
    response = self.process_exception_by_middleware(e, request)
  File "C:\Python372\mecheck\lib\site-packages\django\core\handlers\base.py", line 124, in _get_response
    response = wrapped_callback(request, *callback_args, **callback_kwargs)
  File "C:\Python372\mecheck\lib\site-packages\django\views\decorators\csrf.py", line 54, in wrapped_view
    return view_func(*args, **kwargs)
  File "C:\djangoproject\Reliability_Row_data\PersonalInfo\views.py", line 321, in Infos_upload
    modeldata[headermodel_WorkOvertime[key]] = value
KeyError: '請假人工號'
[2020-12-31 11:30:06,178] [basehttp.py:154] [basehttp:log_message] [ERROR]- "POST /PersonalInfo/Infos-upload/ HTTP/1.1" 500 19982
[2020-12-31 11:30:17,301] [log.py:228] [log:log_response] [ERROR]- Internal Server Error: /PersonalInfo/Infos-upload/
Traceback (most recent call last):
  File "C:\Python372\mecheck\lib\site-packages\django\core\handlers\exception.py", line 34, in inner
    response = get_response(request)
  File "C:\Python372\mecheck\lib\site-packages\django\core\handlers\base.py", line 126, in _get_response
    response = self.process_exception_by_middleware(e, request)
  File "C:\Python372\mecheck\lib\site-packages\django\core\handlers\base.py", line 124, in _get_response
    response = wrapped_callback(request, *callback_args, **callback_kwargs)
  File "C:\Python372\mecheck\lib\site-packages\django\views\decorators\csrf.py", line 54, in wrapped_view
    return view_func(*args, **kwargs)
  File "C:\djangoproject\Reliability_Row_data\PersonalInfo\views.py", line 321, in Infos_upload
    modeldata[headermodel_WorkOvertime[key]] = value
KeyError: '請假人工號'
[2020-12-31 11:30:17,302] [basehttp.py:154] [basehttp:log_message] [ERROR]- "POST /PersonalInfo/Infos-upload/ HTTP/1.1" 500 19982
[2020-12-31 11:30:24,268] [log.py:228] [log:log_response] [ERROR]- Internal Server Error: /PersonalInfo/Infos-upload/
Traceback (most recent call last):
  File "C:\Python372\mecheck\lib\site-packages\django\core\handlers\exception.py", line 34, in inner
    response = get_response(request)
  File "C:\Python372\mecheck\lib\site-packages\django\core\handlers\base.py", line 126, in _get_response
    response = self.process_exception_by_middleware(e, request)
  File "C:\Python372\mecheck\lib\site-packages\django\core\handlers\base.py", line 124, in _get_response
    response = wrapped_callback(request, *callback_args, **callback_kwargs)
  File "C:\Python372\mecheck\lib\site-packages\django\views\decorators\csrf.py", line 54, in wrapped_view
    return view_func(*args, **kwargs)
  File "C:\djangoproject\Reliability_Row_data\PersonalInfo\views.py", line 321, in Infos_upload
    modeldata[headermodel_WorkOvertime[key]] = value
KeyError: '請假人工號'
[2020-12-31 11:30:24,269] [basehttp.py:154] [basehttp:log_message] [ERROR]- "POST /PersonalInfo/Infos-upload/ HTTP/1.1" 500 19982
[2020-12-31 11:30:32,876] [log.py:228] [log:log_response] [ERROR]- Internal Server Error: /PersonalInfo/Infos-upload/
Traceback (most recent call last):
  File "C:\Python372\mecheck\lib\site-packages\django\core\handlers\exception.py", line 34, in inner
    response = get_response(request)
  File "C:\Python372\mecheck\lib\site-packages\django\core\handlers\base.py", line 126, in _get_response
    response = self.process_exception_by_middleware(e, request)
  File "C:\Python372\mecheck\lib\site-packages\django\core\handlers\base.py", line 124, in _get_response
    response = wrapped_callback(request, *callback_args, **callback_kwargs)
  File "C:\Python372\mecheck\lib\site-packages\django\views\decorators\csrf.py", line 54, in wrapped_view
    return view_func(*args, **kwargs)
  File "C:\djangoproject\Reliability_Row_data\PersonalInfo\views.py", line 321, in Infos_upload
    modeldata[headermodel_WorkOvertime[key]] = value
KeyError: '請假人工號'
[2020-12-31 11:30:32,877] [basehttp.py:154] [basehttp:log_message] [ERROR]- "POST /PersonalInfo/Infos-upload/ HTTP/1.1" 500 19982
