[2021-06-22 08:36:36,809] [basehttp.py:154] [basehttp:log_message] [INFO]- "GET /AdapterPowerCode/Summary/ HTTP/1.1" 302 0
[2021-06-22 08:36:36,816] [basehttp.py:154] [basehttp:log_message] [INFO]- "GET /login/ HTTP/1.1" 200 4676
[2021-06-22 08:36:36,907] [basehttp.py:154] [basehttp:log_message] [WARNING]- "GET /static/css/bootstrap.min.css.map HTTP/1.1" 404 1800
[2021-06-22 08:36:36,908] [basehttp.py:154] [basehttp:log_message] [INFO]- "GET /static/vendor/bootstrap/js/bootstrap.bundle.min.js.map HTTP/1.1" 200 303386
[2021-06-22 08:36:40,268] [basehttp.py:154] [basehttp:log_message] [INFO]- "POST /login/ HTTP/1.1" 302 0
[2021-06-22 08:36:40,309] [basehttp.py:154] [basehttp:log_message] [INFO]- "GET /index/ HTTP/1.1" 200 22942
[2021-06-22 08:36:40,334] [basehttp.py:154] [basehttp:log_message] [INFO]- "GET /static/css/lib/menubar/sidebar.css HTTP/1.1" 304 0
[2021-06-22 08:36:40,409] [basehttp.py:154] [basehttp:log_message] [INFO]- "GET /index/ HTTP/1.1" 200 22942
[2021-06-22 08:36:40,436] [basehttp.py:154] [basehttp:log_message] [WARNING]- "GET /static/css/bootstrap.min.css.map HTTP/1.1" 404 1800
[2021-06-22 08:36:40,467] [basehttp.py:154] [basehttp:log_message] [WARNING]- "GET /static/js/lib/bootstrap.min.js.map HTTP/1.1" 404 1806
[2021-06-22 08:36:40,659] [basehttp.py:154] [basehttp:log_message] [WARNING]- "GET /static/js/xlsx/FileSaver.min.js.map HTTP/1.1" 404 1809
[2021-06-22 08:36:40,661] [basehttp.py:154] [basehttp:log_message] [WARNING]- "GET /static/js/lib/bootstrap.min.js.map HTTP/1.1" 404 1806
[2021-06-22 08:36:40,662] [basehttp.py:154] [basehttp:log_message] [WARNING]- "GET /static/js/axios.min.map HTTP/1.1" 404 1773
[2021-06-22 08:36:40,763] [basehttp.py:154] [basehttp:log_message] [INFO]- "POST /index/ HTTP/1.1" 200 824
[2021-06-22 08:36:40,797] [basehttp.py:154] [basehttp:log_message] [INFO]- "GET /media/img/UserInfo/u2393454652578938553fm26gp0.jpg HTTP/1.1" 200 34852
[2021-06-22 08:36:46,394] [basehttp.py:154] [basehttp:log_message] [INFO]- "GET /AdapterPowerCode/Summary/ HTTP/1.1" 200 27675
[2021-06-22 08:36:46,475] [basehttp.py:154] [basehttp:log_message] [INFO]- "GET /AdapterPowerCode/Summary/ HTTP/1.1" 200 27675
[2021-06-22 08:36:46,504] [basehttp.py:154] [basehttp:log_message] [WARNING]- "GET /static/css/bootstrap.min.css.map HTTP/1.1" 404 1800
[2021-06-22 08:36:46,530] [basehttp.py:154] [basehttp:log_message] [WARNING]- "GET /static/js/lib/bootstrap.min.js.map HTTP/1.1" 404 1806
[2021-06-22 08:36:46,697] [basehttp.py:154] [basehttp:log_message] [WARNING]- "GET /static/js/xlsx/FileSaver.min.js.map HTTP/1.1" 404 1809
[2021-06-22 08:36:46,698] [basehttp.py:154] [basehttp:log_message] [WARNING]- "GET /static/js/axios.min.map HTTP/1.1" 404 1773
[2021-06-22 08:36:46,831] [basehttp.py:154] [basehttp:log_message] [INFO]- "POST /AdapterPowerCode/Summary/ HTTP/1.1" 200 869
[2021-06-22 09:12:13,718] [basehttp.py:154] [basehttp:log_message] [INFO]- "GET /AdapterPowerCode/Summary/ HTTP/1.1" 200 27675
[2021-06-22 09:12:13,804] [basehttp.py:154] [basehttp:log_message] [INFO]- "GET /AdapterPowerCode/Summary/ HTTP/1.1" 200 27675
[2021-06-22 09:12:13,839] [basehttp.py:154] [basehttp:log_message] [WARNING]- "GET /static/css/bootstrap.min.css.map HTTP/1.1" 404 1800
[2021-06-22 09:12:13,865] [basehttp.py:154] [basehttp:log_message] [WARNING]- "GET /static/js/lib/bootstrap.min.js.map HTTP/1.1" 404 1806
[2021-06-22 09:12:14,018] [basehttp.py:154] [basehttp:log_message] [WARNING]- "GET /static/js/axios.min.map HTTP/1.1" 404 1773
[2021-06-22 09:12:14,018] [basehttp.py:154] [basehttp:log_message] [WARNING]- "GET /static/js/xlsx/FileSaver.min.js.map HTTP/1.1" 404 1809
[2021-06-22 09:12:14,319] [basehttp.py:154] [basehttp:log_message] [INFO]- "POST /AdapterPowerCode/Summary/ HTTP/1.1" 200 869
[2021-06-22 09:53:06,461] [basehttp.py:154] [basehttp:log_message] [INFO]- "GET /AdapterPowerCode/M_edit/ HTTP/1.1" 200 67899
[2021-06-22 09:53:06,558] [basehttp.py:154] [basehttp:log_message] [INFO]- "GET /AdapterPowerCode/M_edit/ HTTP/1.1" 200 67899
[2021-06-22 09:53:06,571] [basehttp.py:154] [basehttp:log_message] [WARNING]- "GET /static/css/bootstrap.min.css.map HTTP/1.1" 404 1800
[2021-06-22 09:53:06,616] [basehttp.py:154] [basehttp:log_message] [WARNING]- "GET /static/js/lib/bootstrap.min.js.map HTTP/1.1" 404 1806
[2021-06-22 09:53:06,765] [basehttp.py:154] [basehttp:log_message] [WARNING]- "GET /static/js/axios.min.map HTTP/1.1" 404 1773
[2021-06-22 09:53:06,766] [basehttp.py:154] [basehttp:log_message] [WARNING]- "GET /static/js/xlsx/FileSaver.min.js.map HTTP/1.1" 404 1809
[2021-06-22 09:53:07,624] [basehttp.py:154] [basehttp:log_message] [INFO]- "POST /AdapterPowerCode/M_edit/ HTTP/1.1" 200 531453
[2021-06-22 09:53:11,633] [basehttp.py:154] [basehttp:log_message] [INFO]- "GET /static/src/modelfiles/DQA%20adapterpower%20cord%E5%BA%AB%E5%AD%98%E7%AE%A1%E7%90%86.xls HTTP/1.1" 200 1739776
[2021-06-22 11:47:35,487] [basehttp.py:154] [basehttp:log_message] [INFO]- "GET /AdapterPowerCode/Summary/ HTTP/1.1" 200 27675
[2021-06-22 11:47:35,599] [basehttp.py:154] [basehttp:log_message] [INFO]- "GET /AdapterPowerCode/Summary/ HTTP/1.1" 200 27675
[2021-06-22 11:47:35,638] [basehttp.py:154] [basehttp:log_message] [WARNING]- "GET /static/css/bootstrap.min.css.map HTTP/1.1" 404 1800
[2021-06-22 11:47:35,691] [basehttp.py:154] [basehttp:log_message] [WARNING]- "GET /static/js/lib/bootstrap.min.js.map HTTP/1.1" 404 1806
[2021-06-22 11:47:35,838] [basehttp.py:154] [basehttp:log_message] [WARNING]- "GET /static/js/axios.min.map HTTP/1.1" 404 1773
[2021-06-22 11:47:35,838] [basehttp.py:154] [basehttp:log_message] [WARNING]- "GET /static/js/xlsx/FileSaver.min.js.map HTTP/1.1" 404 1809
[2021-06-22 11:47:57,079] [log.py:228] [log:log_response] [ERROR]- Internal Server Error: /AdapterPowerCode/Summary/
Traceback (most recent call last):
  File "C:\Python372\mecheck\lib\site-packages\django\core\handlers\exception.py", line 34, in inner
    response = get_response(request)
  File "C:\Python372\mecheck\lib\site-packages\django\core\handlers\base.py", line 126, in _get_response
    response = self.process_exception_by_middleware(e, request)
  File "C:\Python372\mecheck\lib\site-packages\django\core\handlers\base.py", line 124, in _get_response
    response = wrapped_callback(request, *callback_args, **callback_kwargs)
  File "C:\Python372\mecheck\lib\site-packages\django\views\decorators\csrf.py", line 54, in wrapped_view
    return view_func(*args, **kwargs)
  File "C:\djangoproject\DMS\AdapterPowerCode\views.py", line 3833, in Summary
    "TUM": LNVTUNINfo["Adapter"]["Total"],
TypeError: 'int' object is not subscriptable
[2021-06-22 11:47:57,081] [basehttp.py:154] [basehttp:log_message] [ERROR]- "POST /AdapterPowerCode/Summary/ HTTP/1.1" 500 80504
[2021-06-22 11:50:28,834] [basehttp.py:154] [basehttp:log_message] [INFO]- "GET /AdapterPowerCode/Summary/ HTTP/1.1" 200 27675
[2021-06-22 11:50:28,922] [basehttp.py:154] [basehttp:log_message] [INFO]- "GET /AdapterPowerCode/Summary/ HTTP/1.1" 200 27675
[2021-06-22 11:50:28,957] [basehttp.py:154] [basehttp:log_message] [WARNING]- "GET /static/css/bootstrap.min.css.map HTTP/1.1" 404 1800
[2021-06-22 11:50:28,996] [basehttp.py:154] [basehttp:log_message] [WARNING]- "GET /static/js/lib/bootstrap.min.js.map HTTP/1.1" 404 1806
[2021-06-22 11:50:29,173] [basehttp.py:154] [basehttp:log_message] [WARNING]- "GET /static/js/axios.min.map HTTP/1.1" 404 1773
[2021-06-22 11:50:29,173] [basehttp.py:154] [basehttp:log_message] [WARNING]- "GET /static/js/xlsx/FileSaver.min.js.map HTTP/1.1" 404 1809
[2021-06-22 11:50:50,351] [basehttp.py:154] [basehttp:log_message] [INFO]- "POST /AdapterPowerCode/Summary/ HTTP/1.1" 200 54
[2021-06-22 12:12:42,787] [basehttp.py:154] [basehttp:log_message] [INFO]- "GET /AdapterPowerCode/Summary/ HTTP/1.1" 200 27675
[2021-06-22 12:12:42,879] [basehttp.py:154] [basehttp:log_message] [INFO]- "GET /AdapterPowerCode/Summary/ HTTP/1.1" 200 27675
[2021-06-22 12:12:42,916] [basehttp.py:154] [basehttp:log_message] [WARNING]- "GET /static/css/bootstrap.min.css.map HTTP/1.1" 404 1800
[2021-06-22 12:12:42,947] [basehttp.py:154] [basehttp:log_message] [WARNING]- "GET /static/js/lib/bootstrap.min.js.map HTTP/1.1" 404 1806
[2021-06-22 12:12:43,107] [basehttp.py:154] [basehttp:log_message] [WARNING]- "GET /static/js/axios.min.map HTTP/1.1" 404 1773
[2021-06-22 12:12:43,107] [basehttp.py:154] [basehttp:log_message] [WARNING]- "GET /static/js/xlsx/FileSaver.min.js.map HTTP/1.1" 404 1809
[2021-06-22 12:13:04,404] [log.py:228] [log:log_response] [ERROR]- Internal Server Error: /AdapterPowerCode/Summary/
Traceback (most recent call last):
  File "C:\Python372\mecheck\lib\site-packages\django\core\handlers\exception.py", line 34, in inner
    response = get_response(request)
  File "C:\Python372\mecheck\lib\site-packages\django\core\handlers\base.py", line 126, in _get_response
    response = self.process_exception_by_middleware(e, request)
  File "C:\Python372\mecheck\lib\site-packages\django\core\handlers\base.py", line 124, in _get_response
    response = wrapped_callback(request, *callback_args, **callback_kwargs)
  File "C:\Python372\mecheck\lib\site-packages\django\views\decorators\csrf.py", line 54, in wrapped_view
    return view_func(*args, **kwargs)
  File "C:\djangoproject\DMS\AdapterPowerCode\views.py", line 3850, in Summary
    if LNVTUNINfo["Adapter"]:
TypeError: 'int' object is not subscriptable
[2021-06-22 12:13:04,406] [basehttp.py:154] [basehttp:log_message] [ERROR]- "POST /AdapterPowerCode/Summary/ HTTP/1.1" 500 82200
[2021-06-22 12:38:01,186] [basehttp.py:154] [basehttp:log_message] [INFO]- "GET /AdapterPowerCode/Summary/ HTTP/1.1" 200 27675
[2021-06-22 12:38:01,258] [basehttp.py:154] [basehttp:log_message] [INFO]- "GET /AdapterPowerCode/Summary/ HTTP/1.1" 200 27675
[2021-06-22 12:38:01,307] [basehttp.py:154] [basehttp:log_message] [WARNING]- "GET /static/css/bootstrap.min.css.map HTTP/1.1" 404 1800
[2021-06-22 12:38:01,345] [basehttp.py:154] [basehttp:log_message] [WARNING]- "GET /static/js/lib/bootstrap.min.js.map HTTP/1.1" 404 1806
[2021-06-22 12:38:01,494] [basehttp.py:154] [basehttp:log_message] [WARNING]- "GET /static/js/axios.min.map HTTP/1.1" 404 1773
[2021-06-22 12:38:01,494] [basehttp.py:154] [basehttp:log_message] [WARNING]- "GET /static/js/xlsx/FileSaver.min.js.map HTTP/1.1" 404 1809
[2021-06-22 12:38:22,981] [log.py:228] [log:log_response] [ERROR]- Internal Server Error: /AdapterPowerCode/Summary/
Traceback (most recent call last):
  File "C:\Python372\mecheck\lib\site-packages\django\core\handlers\exception.py", line 34, in inner
    response = get_response(request)
  File "C:\Python372\mecheck\lib\site-packages\django\core\handlers\base.py", line 126, in _get_response
    response = self.process_exception_by_middleware(e, request)
  File "C:\Python372\mecheck\lib\site-packages\django\core\handlers\base.py", line 124, in _get_response
    response = wrapped_callback(request, *callback_args, **callback_kwargs)
  File "C:\Python372\mecheck\lib\site-packages\django\views\decorators\csrf.py", line 54, in wrapped_view
    return view_func(*args, **kwargs)
  File "C:\djangoproject\DMS\AdapterPowerCode\views.py", line 3940, in Summary
    return HttpResponse(json.dumps(data), content_type="application/json")
  File "C:\Python372\lib\json\__init__.py", line 231, in dumps
    return _default_encoder.encode(obj)
  File "C:\Python372\lib\json\encoder.py", line 199, in encode
    chunks = self.iterencode(o, _one_shot=True)
  File "C:\Python372\lib\json\encoder.py", line 257, in iterencode
    return _iterencode(o, 0)
  File "C:\Python372\lib\json\encoder.py", line 179, in default
    raise TypeError(f'Object of type {o.__class__.__name__} '
TypeError: Object of type QuerySet is not JSON serializable
[2021-06-22 12:38:22,984] [basehttp.py:154] [basehttp:log_message] [ERROR]- "POST /AdapterPowerCode/Summary/ HTTP/1.1" 500 141748
[2021-06-22 12:39:26,291] [basehttp.py:154] [basehttp:log_message] [INFO]- "GET /AdapterPowerCode/Summary/ HTTP/1.1" 200 27675
[2021-06-22 12:39:26,378] [basehttp.py:154] [basehttp:log_message] [INFO]- "GET /AdapterPowerCode/Summary/ HTTP/1.1" 200 27675
[2021-06-22 12:39:26,413] [basehttp.py:154] [basehttp:log_message] [WARNING]- "GET /static/css/bootstrap.min.css.map HTTP/1.1" 404 1800
[2021-06-22 12:39:26,451] [basehttp.py:154] [basehttp:log_message] [WARNING]- "GET /static/js/lib/bootstrap.min.js.map HTTP/1.1" 404 1806
[2021-06-22 12:39:26,656] [basehttp.py:154] [basehttp:log_message] [WARNING]- "GET /static/js/xlsx/FileSaver.min.js.map HTTP/1.1" 404 1809
[2021-06-22 12:39:26,656] [basehttp.py:154] [basehttp:log_message] [WARNING]- "GET /static/js/axios.min.map HTTP/1.1" 404 1773
[2021-06-22 12:39:48,158] [log.py:228] [log:log_response] [ERROR]- Internal Server Error: /AdapterPowerCode/Summary/
Traceback (most recent call last):
  File "C:\Python372\mecheck\lib\site-packages\django\core\handlers\exception.py", line 34, in inner
    response = get_response(request)
  File "C:\Python372\mecheck\lib\site-packages\django\core\handlers\base.py", line 126, in _get_response
    response = self.process_exception_by_middleware(e, request)
  File "C:\Python372\mecheck\lib\site-packages\django\core\handlers\base.py", line 124, in _get_response
    response = wrapped_callback(request, *callback_args, **callback_kwargs)
  File "C:\Python372\mecheck\lib\site-packages\django\views\decorators\csrf.py", line 54, in wrapped_view
    return view_func(*args, **kwargs)
  File "C:\djangoproject\DMS\AdapterPowerCode\views.py", line 3941, in Summary
    return HttpResponse(json.dumps(data), content_type="application/json")
  File "C:\Python372\lib\json\__init__.py", line 231, in dumps
    return _default_encoder.encode(obj)
  File "C:\Python372\lib\json\encoder.py", line 199, in encode
    chunks = self.iterencode(o, _one_shot=True)
  File "C:\Python372\lib\json\encoder.py", line 257, in iterencode
    return _iterencode(o, 0)
  File "C:\Python372\lib\json\encoder.py", line 179, in default
    raise TypeError(f'Object of type {o.__class__.__name__} '
TypeError: Object of type QuerySet is not JSON serializable
[2021-06-22 12:39:48,160] [basehttp.py:154] [basehttp:log_message] [ERROR]- "POST /AdapterPowerCode/Summary/ HTTP/1.1" 500 141458
[2021-06-22 13:02:20,958] [basehttp.py:154] [basehttp:log_message] [INFO]- "GET /AdapterPowerCode/Summary/ HTTP/1.1" 200 27675
[2021-06-22 13:02:21,047] [basehttp.py:154] [basehttp:log_message] [INFO]- "GET /AdapterPowerCode/Summary/ HTTP/1.1" 200 27675
[2021-06-22 13:02:21,092] [basehttp.py:154] [basehttp:log_message] [WARNING]- "GET /static/css/bootstrap.min.css.map HTTP/1.1" 404 1800
[2021-06-22 13:02:21,128] [basehttp.py:154] [basehttp:log_message] [WARNING]- "GET /static/js/lib/bootstrap.min.js.map HTTP/1.1" 404 1806
[2021-06-22 13:02:21,312] [basehttp.py:154] [basehttp:log_message] [WARNING]- "GET /static/js/xlsx/FileSaver.min.js.map HTTP/1.1" 404 1809
[2021-06-22 13:02:21,312] [basehttp.py:154] [basehttp:log_message] [WARNING]- "GET /static/js/axios.min.map HTTP/1.1" 404 1773
[2021-06-22 13:02:42,676] [basehttp.py:154] [basehttp:log_message] [INFO]- "POST /AdapterPowerCode/Summary/ HTTP/1.1" 200 4269
[2021-06-22 13:07:14,807] [basehttp.py:154] [basehttp:log_message] [INFO]- "GET /AdapterPowerCode/Summary/ HTTP/1.1" 200 27675
[2021-06-22 13:07:14,909] [basehttp.py:154] [basehttp:log_message] [INFO]- "GET /AdapterPowerCode/Summary/ HTTP/1.1" 200 27675
[2021-06-22 13:07:14,957] [basehttp.py:154] [basehttp:log_message] [WARNING]- "GET /static/css/bootstrap.min.css.map HTTP/1.1" 404 1800
[2021-06-22 13:07:15,015] [basehttp.py:154] [basehttp:log_message] [WARNING]- "GET /static/js/lib/bootstrap.min.js.map HTTP/1.1" 404 1806
[2021-06-22 13:07:15,309] [basehttp.py:154] [basehttp:log_message] [WARNING]- "GET /static/js/xlsx/FileSaver.min.js.map HTTP/1.1" 404 1809
[2021-06-22 13:07:15,309] [basehttp.py:154] [basehttp:log_message] [WARNING]- "GET /static/js/axios.min.map HTTP/1.1" 404 1773
[2021-06-22 13:07:36,682] [basehttp.py:154] [basehttp:log_message] [INFO]- "POST /AdapterPowerCode/Summary/ HTTP/1.1" 200 4326
[2021-06-22 13:15:34,557] [basehttp.py:154] [basehttp:log_message] [INFO]- "GET /AdapterPowerCode/Summary/ HTTP/1.1" 200 27675
[2021-06-22 13:15:34,657] [basehttp.py:154] [basehttp:log_message] [INFO]- "GET /AdapterPowerCode/Summary/ HTTP/1.1" 200 27675
[2021-06-22 13:15:34,690] [basehttp.py:154] [basehttp:log_message] [WARNING]- "GET /static/css/bootstrap.min.css.map HTTP/1.1" 404 1800
[2021-06-22 13:15:34,724] [basehttp.py:154] [basehttp:log_message] [WARNING]- "GET /static/js/lib/bootstrap.min.js.map HTTP/1.1" 404 1806
[2021-06-22 13:15:34,889] [basehttp.py:154] [basehttp:log_message] [WARNING]- "GET /static/js/xlsx/FileSaver.min.js.map HTTP/1.1" 404 1809
[2021-06-22 13:15:34,889] [basehttp.py:154] [basehttp:log_message] [WARNING]- "GET /static/js/axios.min.map HTTP/1.1" 404 1773
[2021-06-22 13:15:56,228] [basehttp.py:154] [basehttp:log_message] [INFO]- "POST /AdapterPowerCode/Summary/ HTTP/1.1" 200 4322
[2021-06-22 14:23:05,254] [basehttp.py:154] [basehttp:log_message] [INFO]- "GET /DeviceLNV/M_edit/ HTTP/1.1" 200 96932
[2021-06-22 14:23:05,348] [basehttp.py:154] [basehttp:log_message] [INFO]- "GET /DeviceLNV/M_edit/ HTTP/1.1" 200 96932
[2021-06-22 14:23:05,390] [basehttp.py:154] [basehttp:log_message] [WARNING]- "GET /static/css/bootstrap.min.css.map HTTP/1.1" 404 1800
[2021-06-22 14:23:05,433] [basehttp.py:154] [basehttp:log_message] [WARNING]- "GET /static/js/lib/bootstrap.min.js.map HTTP/1.1" 404 1806
[2021-06-22 14:23:05,600] [basehttp.py:154] [basehttp:log_message] [WARNING]- "GET /static/js/xlsx/FileSaver.min.js.map HTTP/1.1" 404 1809
[2021-06-22 14:23:05,600] [basehttp.py:154] [basehttp:log_message] [WARNING]- "GET /static/js/axios.min.map HTTP/1.1" 404 1773
[2021-06-22 14:23:06,018] [log.py:228] [log:log_response] [ERROR]- Internal Server Error: /DeviceLNV/M_edit/
Traceback (most recent call last):
  File "C:\Python372\mecheck\lib\site-packages\django\core\handlers\exception.py", line 34, in inner
    response = get_response(request)
  File "C:\Python372\mecheck\lib\site-packages\django\core\handlers\base.py", line 126, in _get_response
    response = self.process_exception_by_middleware(e, request)
  File "C:\Python372\mecheck\lib\site-packages\django\core\handlers\base.py", line 124, in _get_response
    response = wrapped_callback(request, *callback_args, **callback_kwargs)
  File "C:\Python372\mecheck\lib\site-packages\django\views\decorators\csrf.py", line 54, in wrapped_view
    return view_func(*args, **kwargs)
  File "C:\djangoproject\DMS\DeviceLNV\views.py", line 2647, in M_edit
    Lent = mock_datalist.filter(BR_Status="已借出").count()  # 已借出
  File "C:\Python372\mecheck\lib\site-packages\django\db\models\query.py", line 844, in filter
    return self._filter_or_exclude(False, *args, **kwargs)
  File "C:\Python372\mecheck\lib\site-packages\django\db\models\query.py", line 862, in _filter_or_exclude
    clone.query.add_q(Q(*args, **kwargs))
  File "C:\Python372\mecheck\lib\site-packages\django\db\models\sql\query.py", line 1263, in add_q
    clause, _ = self._add_q(q_object, self.used_aliases)
  File "C:\Python372\mecheck\lib\site-packages\django\db\models\sql\query.py", line 1287, in _add_q
    split_subq=split_subq,
  File "C:\Python372\mecheck\lib\site-packages\django\db\models\sql\query.py", line 1164, in build_filter
    lookups, parts, reffed_expression = self.solve_lookup_type(arg)
  File "C:\Python372\mecheck\lib\site-packages\django\db\models\sql\query.py", line 1028, in solve_lookup_type
    _, field, _, lookup_parts = self.names_to_path(lookup_splitted, self.get_meta())
  File "C:\Python372\mecheck\lib\site-packages\django\db\models\sql\query.py", line 1389, in names_to_path
    "Choices are: %s" % (name, ", ".join(available)))
django.core.exceptions.FieldError: Cannot resolve keyword 'BR_Status' into field. Choices are: ApplicationNo, AssetNum, BR_per_code, BrwStatus, Btime, Comment, Customer, Declaration, DeclarationNo, DevCtgry, DevDescription, DevID, DevModel, DevName, DevPrice, DevStatus, DevVendor, Devproperties, Devsize, FWVer, HWVer, IntfCtgry, LSTA, Last_BR_per, Last_BR_per_code, Last_Borrow_date, Last_Predict_return, Last_Return_date, NID, PN, Pchsdate, PckgIncludes, Phase, Photo, Plandate, Plant, ProjectCode, Rtime, Source, UsrTimes, Usrname, addnewdate, addnewname, expirdate, id, uscyc, useday
[2021-06-22 14:23:06,021] [basehttp.py:154] [basehttp:log_message] [ERROR]- "POST /DeviceLNV/M_edit/ HTTP/1.1" 500 125041
[2021-06-22 14:26:41,891] [basehttp.py:154] [basehttp:log_message] [INFO]- "GET /DeviceLNV/M_edit/ HTTP/1.1" 200 96932
[2021-06-22 14:26:41,972] [basehttp.py:154] [basehttp:log_message] [INFO]- "GET /DeviceLNV/M_edit/ HTTP/1.1" 200 96932
[2021-06-22 14:26:42,004] [basehttp.py:154] [basehttp:log_message] [WARNING]- "GET /static/css/bootstrap.min.css.map HTTP/1.1" 404 1800
[2021-06-22 14:26:42,039] [basehttp.py:154] [basehttp:log_message] [WARNING]- "GET /static/js/lib/bootstrap.min.js.map HTTP/1.1" 404 1806
[2021-06-22 14:26:42,193] [basehttp.py:154] [basehttp:log_message] [WARNING]- "GET /static/js/xlsx/FileSaver.min.js.map HTTP/1.1" 404 1809
[2021-06-22 14:26:42,195] [basehttp.py:154] [basehttp:log_message] [WARNING]- "GET /static/js/axios.min.map HTTP/1.1" 404 1773
[2021-06-22 14:26:42,539] [basehttp.py:154] [basehttp:log_message] [INFO]- "POST /DeviceLNV/M_edit/ HTTP/1.1" 200 3389
[2021-06-22 14:26:42,610] [log.py:228] [log:log_response] [WARNING]- Not Found: /media/DeviceLNV/Device/1514.jpg
[2021-06-22 14:26:42,610] [basehttp.py:154] [basehttp:log_message] [WARNING]- "GET /media/DeviceLNV/Device/1514.jpg HTTP/1.1" 404 1803
[2021-06-23 09:16:21,953] [basehttp.py:154] [basehttp:log_message] [INFO]- "GET / HTTP/1.1" 302 0
[2021-06-23 09:16:21,963] [basehttp.py:154] [basehttp:log_message] [INFO]- "GET /login/ HTTP/1.1" 200 4676
[2021-06-23 09:16:22,507] [basehttp.py:154] [basehttp:log_message] [INFO]- "GET /favicon.ico HTTP/1.1" 302 0
[2021-06-23 09:16:22,510] [basehttp.py:154] [basehttp:log_message] [INFO]- "GET /login/ HTTP/1.1" 200 4676
[2021-06-23 09:16:25,831] [basehttp.py:154] [basehttp:log_message] [INFO]- "POST /login/ HTTP/1.1" 302 0
[2021-06-23 09:16:25,876] [basehttp.py:154] [basehttp:log_message] [INFO]- "GET /index/ HTTP/1.1" 200 22942
[2021-06-23 09:16:25,983] [basehttp.py:154] [basehttp:log_message] [INFO]- "GET /index/ HTTP/1.1" 200 22942
[2021-06-23 09:16:26,287] [basehttp.py:154] [basehttp:log_message] [INFO]- "POST /index/ HTTP/1.1" 200 824
[2021-06-23 09:16:26,321] [basehttp.py:154] [basehttp:log_message] [INFO]- "GET /favicon.ico HTTP/1.1" 200 14281
[2021-06-23 09:16:26,337] [basehttp.py:154] [basehttp:log_message] [INFO]- "GET /media/img/UserInfo/u2393454652578938553fm26gp0.jpg HTTP/1.1" 200 34852
[2021-06-23 09:18:01,234] [basehttp.py:154] [basehttp:log_message] [WARNING]- "GET /static/js/lib/bootstrap.min.js.map HTTP/1.1" 404 1806
[2021-06-23 09:18:01,240] [basehttp.py:154] [basehttp:log_message] [WARNING]- "GET /static/js/axios.min.map HTTP/1.1" 404 1773
[2021-06-23 09:18:01,241] [basehttp.py:154] [basehttp:log_message] [WARNING]- "GET /static/js/xlsx/FileSaver.min.js.map HTTP/1.1" 404 1809
[2021-06-23 09:18:01,249] [basehttp.py:154] [basehttp:log_message] [WARNING]- "GET /static/css/bootstrap.min.css.map HTTP/1.1" 404 1800
[2021-06-23 09:18:03,577] [basehttp.py:154] [basehttp:log_message] [INFO]- "GET /index/ HTTP/1.1" 200 22942
[2021-06-23 09:18:03,681] [basehttp.py:154] [basehttp:log_message] [WARNING]- "GET /static/css/bootstrap.min.css.map HTTP/1.1" 404 1800
[2021-06-23 09:18:03,687] [basehttp.py:154] [basehttp:log_message] [INFO]- "GET /index/ HTTP/1.1" 200 22942
[2021-06-23 09:18:03,714] [basehttp.py:154] [basehttp:log_message] [WARNING]- "GET /static/js/lib/bootstrap.min.js.map HTTP/1.1" 404 1806
[2021-06-23 09:18:03,803] [basehttp.py:154] [basehttp:log_message] [WARNING]- "GET /static/js/axios.min.map HTTP/1.1" 404 1773
[2021-06-23 09:18:03,803] [basehttp.py:154] [basehttp:log_message] [WARNING]- "GET /static/js/lib/bootstrap.min.js.map HTTP/1.1" 404 1806
[2021-06-23 09:18:03,807] [basehttp.py:154] [basehttp:log_message] [WARNING]- "GET /static/js/xlsx/FileSaver.min.js.map HTTP/1.1" 404 1809
[2021-06-23 09:18:03,941] [basehttp.py:154] [basehttp:log_message] [INFO]- "GET /favicon.ico HTTP/1.1" 200 14281
[2021-06-23 09:18:03,949] [basehttp.py:154] [basehttp:log_message] [INFO]- "POST /index/ HTTP/1.1" 200 824
[2021-06-23 09:18:59,537] [basehttp.py:154] [basehttp:log_message] [INFO]- "GET /index/ HTTP/1.1" 200 22942
[2021-06-23 09:18:59,628] [basehttp.py:154] [basehttp:log_message] [INFO]- "GET /index/ HTTP/1.1" 200 22942
[2021-06-23 09:18:59,833] [basehttp.py:154] [basehttp:log_message] [INFO]- "POST /index/ HTTP/1.1" 200 824
[2021-06-23 09:18:59,875] [basehttp.py:154] [basehttp:log_message] [INFO]- "GET /favicon.ico HTTP/1.1" 200 14281
[2021-06-23 09:19:01,694] [basehttp.py:154] [basehttp:log_message] [INFO]- "GET /admin/ HTTP/1.1" 302 0
[2021-06-23 09:19:01,793] [basehttp.py:154] [basehttp:log_message] [INFO]- "GET /admin/login/?next=/admin/ HTTP/1.1" 200 1821
[2021-06-23 09:19:01,832] [basehttp.py:154] [basehttp:log_message] [INFO]- "GET /favicon.ico HTTP/1.1" 200 14281
[2021-06-23 09:19:04,338] [basehttp.py:154] [basehttp:log_message] [INFO]- "POST /admin/login/?next=/admin/ HTTP/1.1" 302 0
[2021-06-23 09:19:04,373] [basehttp.py:154] [basehttp:log_message] [INFO]- "GET /admin/ HTTP/1.1" 200 18583
[2021-06-23 09:19:04,424] [basehttp.py:154] [basehttp:log_message] [INFO]- "GET /favicon.ico HTTP/1.1" 200 14281
[2021-06-23 09:19:11,522] [basehttp.py:154] [basehttp:log_message] [INFO]- "GET /admin/app01/role/ HTTP/1.1" 200 7201
[2021-06-23 09:19:11,547] [basehttp.py:154] [basehttp:log_message] [INFO]- "GET /admin/jsi18n/ HTTP/1.1" 200 7684
[2021-06-23 09:19:11,611] [basehttp.py:154] [basehttp:log_message] [INFO]- "GET /favicon.ico HTTP/1.1" 200 14281
