[2022-01-19 09:14:35,026] [basehttp.py:154] [basehttp:log_message] [INFO]- "GET /ComputerMS/M_edit/ HTTP/1.1" 302 0
[2022-01-19 09:14:35,036] [basehttp.py:154] [basehttp:log_message] [INFO]- "GET /login/ HTTP/1.1" 200 4823
[2022-01-19 09:14:35,161] [basehttp.py:154] [basehttp:log_message] [WARNING]- "GET /static/css/bootstrap.min.css.map HTTP/1.1" 404 1800
[2022-01-19 09:14:35,177] [basehttp.py:154] [basehttp:log_message] [INFO]- "GET /static/vendor/bootstrap/js/bootstrap.bundle.min.js.map HTTP/1.1" 200 303386
[2022-01-19 09:14:35,180] [basehttp.py:154] [basehttp:log_message] [INFO]- "GET /favicon.ico HTTP/1.1" 302 0
[2022-01-19 09:14:35,185] [basehttp.py:154] [basehttp:log_message] [INFO]- "GET /login/ HTTP/1.1" 200 4823
[2022-01-19 09:14:36,559] [UserIP.py:89] [UserIP:process_response] [CRITICAL]- 系统错误
[2022-01-19 09:14:36,585] [basehttp.py:154] [basehttp:log_message] [INFO]- "POST /login/ HTTP/1.1" 302 0
[2022-01-19 09:14:36,617] [basehttp.py:154] [basehttp:log_message] [INFO]- "GET /index/ HTTP/1.1" 200 29154
[2022-01-19 09:14:36,637] [basehttp.py:154] [basehttp:log_message] [INFO]- "GET /static/node_modules/bootstrap-icons/font/bootstrap-icons.css HTTP/1.1" 304 0
[2022-01-19 09:14:36,693] [basehttp.py:154] [basehttp:log_message] [INFO]- "GET /static/node_modules/bootstrap-icons/font/fonts/bootstrap-icons.woff2?30af91bf14e37666a085fb8a161ff36d HTTP/1.1" 304 0
[2022-01-19 09:14:36,716] [basehttp.py:154] [basehttp:log_message] [INFO]- "GET /index/ HTTP/1.1" 200 29154
[2022-01-19 09:14:36,740] [basehttp.py:154] [basehttp:log_message] [WARNING]- "GET /static/css/bootstrap.min.css.map HTTP/1.1" 404 1800
[2022-01-19 09:14:36,752] [basehttp.py:154] [basehttp:log_message] [WARNING]- "GET /static/js/lib/bootstrap.min.js.map HTTP/1.1" 404 1806
[2022-01-19 09:14:36,975] [basehttp.py:154] [basehttp:log_message] [WARNING]- "GET /static/js/axios.min.map HTTP/1.1" 404 1773
[2022-01-19 09:14:36,975] [basehttp.py:154] [basehttp:log_message] [WARNING]- "GET /static/js/lib/bootstrap.min.js.map HTTP/1.1" 404 1806
[2022-01-19 09:14:36,977] [basehttp.py:154] [basehttp:log_message] [WARNING]- "GET /static/js/xlsx/FileSaver.min.js.map HTTP/1.1" 404 1809
[2022-01-19 09:14:37,069] [UserIP.py:87] [UserIP:process_response] [INFO]- 2022-01-19 09:14:37 C1010S3>cao. edwin None>LAPTOP-VA9VPAO8>417 127.0.0.1 127.0.0.1 /index/ POST
[2022-01-19 09:14:37,078] [basehttp.py:154] [basehttp:log_message] [INFO]- "POST /index/ HTTP/1.1" 200 1360
[2022-01-19 09:14:37,093] [basehttp.py:154] [basehttp:log_message] [INFO]- "GET /favicon.ico HTTP/1.1" 200 20078
[2022-01-19 09:14:37,115] [basehttp.py:154] [basehttp:log_message] [INFO]- "GET /media/img/UserInfo/u2393454652578938553fm26gp0.jpg HTTP/1.1" 200 34852
[2022-01-19 09:14:44,403] [basehttp.py:154] [basehttp:log_message] [INFO]- "GET /ComputerMS/M_edit/ HTTP/1.1" 200 77414
[2022-01-19 09:14:44,485] [basehttp.py:154] [basehttp:log_message] [INFO]- "GET /ComputerMS/M_edit/ HTTP/1.1" 200 77414
[2022-01-19 09:14:44,512] [basehttp.py:154] [basehttp:log_message] [WARNING]- "GET /static/css/bootstrap.min.css.map HTTP/1.1" 404 1800
[2022-01-19 09:14:44,518] [basehttp.py:154] [basehttp:log_message] [WARNING]- "GET /static/js/lib/bootstrap.min.js.map HTTP/1.1" 404 1806
[2022-01-19 09:14:44,702] [basehttp.py:154] [basehttp:log_message] [WARNING]- "GET /static/js/axios.min.map HTTP/1.1" 404 1773
[2022-01-19 09:14:44,703] [basehttp.py:154] [basehttp:log_message] [WARNING]- "GET /static/js/xlsx/FileSaver.min.js.map HTTP/1.1" 404 1809
[2022-01-19 09:14:44,959] [UserIP.py:87] [UserIP:process_response] [INFO]- 2022-01-19 09:14:44 C1010S3>cao. edwin None>LAPTOP-VA9VPAO8>417 127.0.0.1 127.0.0.1 /ComputerMS/M_edit/ POST
[2022-01-19 09:14:44,968] [basehttp.py:154] [basehttp:log_message] [INFO]- "POST /ComputerMS/M_edit/ HTTP/1.1" 200 7012
[2022-01-19 09:14:45,027] [basehttp.py:154] [basehttp:log_message] [INFO]- "GET /favicon.ico HTTP/1.1" 200 20078
