[2023-02-21 13:43:15,903] [basehttp.py:154] [basehttp:log_message] [INFO]- "GET / HTTP/1.1" 302 0
[2023-02-21 13:43:15,943] [basehttp.py:154] [basehttp:log_message] [INFO]- "GET /login/ HTTP/1.1" 200 4823
[2023-02-21 13:43:16,059] [basehttp.py:154] [basehttp:log_message] [INFO]- "GET /favicon.ico HTTP/1.1" 302 0
[2023-02-21 13:43:16,063] [basehttp.py:154] [basehttp:log_message] [INFO]- "GET /login/ HTTP/1.1" 200 4823
[2023-02-21 13:43:17,850] [UserIP.py:89] [UserIP:process_response] [CRITICAL]- 系统错误
[2023-02-21 13:43:17,864] [basehttp.py:154] [basehttp:log_message] [INFO]- "POST /login/ HTTP/1.1" 302 0
[2023-02-21 13:43:17,923] [basehttp.py:154] [basehttp:log_message] [INFO]- "GET /index/ HTTP/1.1" 200 30562
[2023-02-21 13:43:18,038] [basehttp.py:154] [basehttp:log_message] [INFO]- "GET /index/ HTTP/1.1" 200 30562
[2023-02-21 13:43:18,209] [UserIP.py:87] [UserIP:process_response] [INFO]- 2023-02-21 13:43:18 C1010S3>Cao.Edwin None>LAPTOP-EJP4HNEV>543 127.0.0.1 127.0.0.1 /index/ POST
[2023-02-21 13:43:18,210] [basehttp.py:154] [basehttp:log_message] [INFO]- "GET /favicon.ico HTTP/1.1" 200 21485
[2023-02-21 13:43:18,216] [basehttp.py:154] [basehttp:log_message] [INFO]- "POST /index/ HTTP/1.1" 200 1830
[2023-02-21 13:43:18,259] [log.py:228] [log:log_response] [WARNING]- Not Found: /media/img/UserInfo/Jully_Li.jpg
[2023-02-21 13:43:18,260] [basehttp.py:154] [basehttp:log_message] [WARNING]- "GET /media/img/UserInfo/Jully_Li.jpg HTTP/1.1" 404 1803
[2023-02-21 13:58:46,322] [basehttp.py:154] [basehttp:log_message] [INFO]- "GET /admin/ HTTP/1.1" 302 0
[2023-02-21 13:58:46,406] [basehttp.py:154] [basehttp:log_message] [INFO]- "GET /admin/login/?next=/admin/ HTTP/1.1" 200 4026
[2023-02-21 13:58:46,486] [basehttp.py:154] [basehttp:log_message] [INFO]- "GET /favicon.ico HTTP/1.1" 200 21485
[2023-02-21 13:58:49,766] [UserIP.py:89] [UserIP:process_response] [CRITICAL]- 系统错误
[2023-02-21 13:58:49,777] [basehttp.py:154] [basehttp:log_message] [INFO]- "POST /admin/login/?next=/admin/ HTTP/1.1" 302 0
[2023-02-21 13:58:50,472] [basehttp.py:154] [basehttp:log_message] [INFO]- "GET /admin/ HTTP/1.1" 200 33051
[2023-02-21 13:58:50,643] [basehttp.py:154] [basehttp:log_message] [INFO]- "GET /favicon.ico HTTP/1.1" 200 21485
[2023-02-21 13:58:54,397] [basehttp.py:154] [basehttp:log_message] [INFO]- "GET /favicon.ico HTTP/1.1" 200 21485
[2023-02-21 13:58:54,709] [basehttp.py:154] [basehttp:log_message] [INFO]- "GET /admin/app01/menu/ HTTP/1.1" 200 45197
[2023-02-21 13:58:54,745] [basehttp.py:154] [basehttp:log_message] [INFO]- "GET /admin/jsi18n/ HTTP/1.1" 200 7684
[2023-02-21 13:59:02,012] [basehttp.py:154] [basehttp:log_message] [INFO]- "GET /admin/app01/menu/27/change/ HTTP/1.1" 200 20707
[2023-02-21 13:59:02,047] [basehttp.py:154] [basehttp:log_message] [INFO]- "GET /admin/jsi18n/ HTTP/1.1" 200 7684
[2023-02-21 13:59:40,975] [UserIP.py:89] [UserIP:process_response] [CRITICAL]- 系统错误
[2023-02-21 13:59:40,991] [basehttp.py:154] [basehttp:log_message] [INFO]- "POST /admin/app01/menu/27/change/ HTTP/1.1" 302 0
[2023-02-21 13:59:41,318] [basehttp.py:154] [basehttp:log_message] [INFO]- "GET /admin/app01/menu/ HTTP/1.1" 200 45339
[2023-02-21 13:59:41,352] [basehttp.py:154] [basehttp:log_message] [INFO]- "GET /admin/jsi18n/ HTTP/1.1" 200 7684
[2023-02-21 13:59:45,587] [basehttp.py:154] [basehttp:log_message] [INFO]- "GET /admin/app01/menu/8/change/ HTTP/1.1" 200 20721
[2023-02-21 13:59:45,627] [basehttp.py:154] [basehttp:log_message] [INFO]- "GET /admin/jsi18n/ HTTP/1.1" 200 7684
[2023-02-21 14:00:08,554] [UserIP.py:89] [UserIP:process_response] [CRITICAL]- 系统错误
[2023-02-21 14:00:08,568] [basehttp.py:154] [basehttp:log_message] [INFO]- "POST /admin/app01/menu/8/change/ HTTP/1.1" 302 0
[2023-02-21 14:00:08,936] [basehttp.py:154] [basehttp:log_message] [INFO]- "GET /admin/app01/menu/ HTTP/1.1" 200 45350
[2023-02-21 14:00:08,971] [basehttp.py:154] [basehttp:log_message] [INFO]- "GET /admin/jsi18n/ HTTP/1.1" 200 7684
[2023-02-21 14:00:17,134] [basehttp.py:154] [basehttp:log_message] [INFO]- "GET /favicon.ico HTTP/1.1" 200 21485
[2023-02-21 14:00:17,273] [basehttp.py:154] [basehttp:log_message] [INFO]- "GET /admin/app01/role/ HTTP/1.1" 200 36965
[2023-02-21 14:00:17,324] [basehttp.py:154] [basehttp:log_message] [INFO]- "GET /admin/jsi18n/ HTTP/1.1" 200 7684
[2023-02-21 14:00:23,399] [basehttp.py:154] [basehttp:log_message] [INFO]- "GET /admin/app01/role/2/change/ HTTP/1.1" 200 23909
[2023-02-21 14:00:23,430] [basehttp.py:154] [basehttp:log_message] [INFO]- "GET /admin/jsi18n/ HTTP/1.1" 200 7684
[2023-02-21 14:00:38,050] [basehttp.py:154] [basehttp:log_message] [INFO]- "GET / HTTP/1.1" 200 21485
[2023-02-21 14:00:38,077] [basehttp.py:154] [basehttp:log_message] [INFO]- "GET /static/src/blue.jpg HTTP/1.1" 200 60343
[2023-02-21 14:00:38,144] [basehttp.py:154] [basehttp:log_message] [INFO]- "GET /favicon.ico HTTP/1.1" 200 21485
[2023-02-21 14:00:42,091] [basehttp.py:154] [basehttp:log_message] [INFO]- "GET /logout/ HTTP/1.1" 302 0
[2023-02-21 14:00:42,098] [basehttp.py:154] [basehttp:log_message] [INFO]- "GET /login/ HTTP/1.1" 200 4823
[2023-02-21 14:00:42,136] [basehttp.py:154] [basehttp:log_message] [INFO]- "GET /favicon.ico HTTP/1.1" 302 0
[2023-02-21 14:00:42,146] [basehttp.py:154] [basehttp:log_message] [INFO]- "GET /login/ HTTP/1.1" 200 4823
[2023-02-21 14:00:44,963] [UserIP.py:89] [UserIP:process_response] [CRITICAL]- 系统错误
[2023-02-21 14:00:44,982] [basehttp.py:154] [basehttp:log_message] [INFO]- "POST /login/ HTTP/1.1" 302 0
[2023-02-21 14:00:45,073] [basehttp.py:154] [basehttp:log_message] [INFO]- "GET /index/ HTTP/1.1" 200 30546
[2023-02-21 14:00:45,192] [basehttp.py:154] [basehttp:log_message] [INFO]- "GET /index/ HTTP/1.1" 200 30546
[2023-02-21 14:00:45,338] [UserIP.py:87] [UserIP:process_response] [INFO]- 2023-02-21 14:00:45 C1010S3>Cao.Edwin None>LAPTOP-EJP4HNEV>543 127.0.0.1 127.0.0.1 /index/ POST
[2023-02-21 14:00:45,346] [basehttp.py:154] [basehttp:log_message] [INFO]- "GET /favicon.ico HTTP/1.1" 200 21469
[2023-02-21 14:00:45,351] [basehttp.py:154] [basehttp:log_message] [INFO]- "POST /index/ HTTP/1.1" 200 1830
[2023-02-21 14:00:45,405] [log.py:228] [log:log_response] [WARNING]- Not Found: /media/img/UserInfo/Jully_Li.jpg
[2023-02-21 14:00:45,406] [basehttp.py:154] [basehttp:log_message] [WARNING]- "GET /media/img/UserInfo/Jully_Li.jpg HTTP/1.1" 404 1803
[2023-02-21 14:01:56,329] [basehttp.py:154] [basehttp:log_message] [INFO]- "GET /admin/ HTTP/1.1" 302 0
[2023-02-21 14:01:56,395] [basehttp.py:154] [basehttp:log_message] [INFO]- "GET /admin/login/?next=/admin/ HTTP/1.1" 200 4026
[2023-02-21 14:01:56,448] [basehttp.py:154] [basehttp:log_message] [INFO]- "GET /favicon.ico HTTP/1.1" 200 21469
[2023-02-21 14:02:02,270] [UserIP.py:89] [UserIP:process_response] [CRITICAL]- 系统错误
[2023-02-21 14:02:02,284] [basehttp.py:154] [basehttp:log_message] [INFO]- "POST /admin/login/?next=/admin/ HTTP/1.1" 302 0
[2023-02-21 14:02:02,391] [basehttp.py:154] [basehttp:log_message] [INFO]- "GET /admin/ HTTP/1.1" 200 32977
[2023-02-21 14:02:02,537] [basehttp.py:154] [basehttp:log_message] [INFO]- "GET /favicon.ico HTTP/1.1" 200 21469
[2023-02-21 14:02:12,263] [basehttp.py:154] [basehttp:log_message] [INFO]- "GET /favicon.ico HTTP/1.1" 200 21469
[2023-02-21 14:02:12,598] [basehttp.py:154] [basehttp:log_message] [INFO]- "GET /admin/app01/menu/ HTTP/1.1" 200 45221
[2023-02-21 14:02:12,632] [basehttp.py:154] [basehttp:log_message] [INFO]- "GET /admin/jsi18n/ HTTP/1.1" 200 7684
[2023-02-21 14:02:15,116] [basehttp.py:154] [basehttp:log_message] [INFO]- "GET /admin/app01/menu/8/change/ HTTP/1.1" 200 20741
[2023-02-21 14:02:15,143] [basehttp.py:154] [basehttp:log_message] [INFO]- "GET /admin/jsi18n/ HTTP/1.1" 200 7684
[2023-02-21 14:02:26,901] [UserIP.py:89] [UserIP:process_response] [CRITICAL]- 系统错误
[2023-02-21 14:02:26,918] [basehttp.py:154] [basehttp:log_message] [INFO]- "POST /admin/app01/menu/8/change/ HTTP/1.1" 302 0
[2023-02-21 14:02:27,295] [basehttp.py:154] [basehttp:log_message] [INFO]- "GET /admin/app01/menu/ HTTP/1.1" 200 45350
[2023-02-21 14:02:27,351] [basehttp.py:154] [basehttp:log_message] [INFO]- "GET /admin/jsi18n/ HTTP/1.1" 200 7684
[2023-02-21 14:02:31,556] [basehttp.py:154] [basehttp:log_message] [INFO]- "GET /admin/app01/menu/27/change/ HTTP/1.1" 200 20743
[2023-02-21 14:02:31,590] [basehttp.py:154] [basehttp:log_message] [INFO]- "GET /admin/jsi18n/ HTTP/1.1" 200 7684
[2023-02-21 14:03:05,920] [basehttp.py:154] [basehttp:log_message] [INFO]- "GET /admin/app01/menu/ HTTP/1.1" 200 45221
[2023-02-21 14:03:19,468] [basehttp.py:154] [basehttp:log_message] [INFO]- "GET /admin/app01/menu/8/change/ HTTP/1.1" 200 20741
[2023-02-21 14:03:19,506] [basehttp.py:154] [basehttp:log_message] [INFO]- "GET /admin/jsi18n/ HTTP/1.1" 200 7684
[2023-02-21 14:03:40,532] [UserIP.py:89] [UserIP:process_response] [CRITICAL]- 系统错误
[2023-02-21 14:03:40,548] [basehttp.py:154] [basehttp:log_message] [INFO]- "POST /admin/app01/menu/8/change/ HTTP/1.1" 302 0
[2023-02-21 14:03:40,945] [basehttp.py:154] [basehttp:log_message] [INFO]- "GET /admin/app01/menu/ HTTP/1.1" 200 45350
[2023-02-21 14:03:40,978] [basehttp.py:154] [basehttp:log_message] [INFO]- "GET /admin/jsi18n/ HTTP/1.1" 200 7684
[2023-02-21 14:05:09,460] [basehttp.py:154] [basehttp:log_message] [INFO]- "GET / HTTP/1.1" 200 21493
[2023-02-21 14:05:10,035] [basehttp.py:154] [basehttp:log_message] [INFO]- "GET /favicon.ico HTTP/1.1" 200 21493
[2023-02-21 14:05:13,635] [basehttp.py:154] [basehttp:log_message] [INFO]- "GET /logout/ HTTP/1.1" 302 0
[2023-02-21 14:05:13,643] [basehttp.py:154] [basehttp:log_message] [INFO]- "GET /login/ HTTP/1.1" 200 4823
[2023-02-21 14:05:13,723] [basehttp.py:154] [basehttp:log_message] [INFO]- "GET /favicon.ico HTTP/1.1" 302 0
[2023-02-21 14:05:13,730] [basehttp.py:154] [basehttp:log_message] [INFO]- "GET /login/ HTTP/1.1" 200 4823
[2023-02-21 14:05:18,368] [UserIP.py:89] [UserIP:process_response] [CRITICAL]- 系统错误
[2023-02-21 14:05:18,399] [basehttp.py:154] [basehttp:log_message] [INFO]- "POST /login/ HTTP/1.1" 302 0
[2023-02-21 14:05:18,508] [basehttp.py:154] [basehttp:log_message] [INFO]- "GET /index/ HTTP/1.1" 200 30570
[2023-02-21 14:05:18,624] [basehttp.py:154] [basehttp:log_message] [INFO]- "GET /index/ HTTP/1.1" 200 30570
[2023-02-21 14:05:18,749] [UserIP.py:87] [UserIP:process_response] [INFO]- 2023-02-21 14:05:18 C1010S3>Cao.Edwin None>LAPTOP-EJP4HNEV>543 127.0.0.1 127.0.0.1 /index/ POST
[2023-02-21 14:05:18,769] [basehttp.py:154] [basehttp:log_message] [INFO]- "POST /index/ HTTP/1.1" 200 1830
[2023-02-21 14:05:18,777] [basehttp.py:154] [basehttp:log_message] [INFO]- "GET /favicon.ico HTTP/1.1" 200 21493
[2023-02-21 14:05:18,810] [log.py:228] [log:log_response] [WARNING]- Not Found: /media/img/UserInfo/Jully_Li.jpg
[2023-02-21 14:05:18,812] [basehttp.py:154] [basehttp:log_message] [WARNING]- "GET /media/img/UserInfo/Jully_Li.jpg HTTP/1.1" 404 1803
[2023-02-21 14:06:24,914] [basehttp.py:154] [basehttp:log_message] [INFO]- "GET /index/ HTTP/1.1" 200 30570
[2023-02-21 14:06:25,117] [basehttp.py:154] [basehttp:log_message] [INFO]- "GET /index/ HTTP/1.1" 200 30570
[2023-02-21 14:06:26,124] [UserIP.py:87] [UserIP:process_response] [INFO]- 2023-02-21 14:06:26 C1010S3>Cao.Edwin None>LAPTOP-EJP4HNEV>543 127.0.0.1 127.0.0.1 /index/ POST
[2023-02-21 14:06:26,140] [basehttp.py:154] [basehttp:log_message] [INFO]- "POST /index/ HTTP/1.1" 200 1743
[2023-02-21 14:06:26,183] [basehttp.py:154] [basehttp:log_message] [INFO]- "GET /favicon.ico HTTP/1.1" 200 21493
[2023-02-21 14:06:26,208] [log.py:228] [log:log_response] [WARNING]- Not Found: /media/img/UserInfo/Jully_Li.jpg
[2023-02-21 14:06:26,208] [basehttp.py:154] [basehttp:log_message] [WARNING]- "GET /media/img/UserInfo/Jully_Li.jpg HTTP/1.1" 404 1803
[2023-02-21 14:06:40,286] [basehttp.py:154] [basehttp:log_message] [INFO]- "GET /index/ HTTP/1.1" 200 30570
[2023-02-21 14:06:40,426] [basehttp.py:154] [basehttp:log_message] [INFO]- "GET /index/ HTTP/1.1" 200 30570
[2023-02-21 14:06:40,577] [UserIP.py:87] [UserIP:process_response] [INFO]- 2023-02-21 14:06:40 C1010S3>Cao.Edwin None>LAPTOP-EJP4HNEV>543 127.0.0.1 127.0.0.1 /index/ POST
[2023-02-21 14:06:40,596] [basehttp.py:154] [basehttp:log_message] [INFO]- "POST /index/ HTTP/1.1" 200 1743
[2023-02-21 14:06:40,607] [basehttp.py:154] [basehttp:log_message] [INFO]- "GET /favicon.ico HTTP/1.1" 200 21493
[2023-02-21 14:06:40,675] [log.py:228] [log:log_response] [WARNING]- Not Found: /media/img/UserInfo/Jully_Li.jpg
[2023-02-21 14:06:40,677] [basehttp.py:154] [basehttp:log_message] [WARNING]- "GET /media/img/UserInfo/Jully_Li.jpg HTTP/1.1" 404 1803
[2023-02-21 14:06:44,680] [basehttp.py:154] [basehttp:log_message] [INFO]- "GET /index/ HTTP/1.1" 200 30570
[2023-02-21 14:06:44,828] [basehttp.py:154] [basehttp:log_message] [INFO]- "GET /index/ HTTP/1.1" 200 30570
[2023-02-21 14:06:45,023] [UserIP.py:87] [UserIP:process_response] [INFO]- 2023-02-21 14:06:45 C1010S3>Cao.Edwin None>LAPTOP-EJP4HNEV>543 127.0.0.1 127.0.0.1 /index/ POST
[2023-02-21 14:06:45,027] [basehttp.py:154] [basehttp:log_message] [INFO]- "GET /favicon.ico HTTP/1.1" 200 21493
[2023-02-21 14:06:45,039] [basehttp.py:154] [basehttp:log_message] [INFO]- "POST /index/ HTTP/1.1" 200 1743
[2023-02-21 14:06:45,117] [log.py:228] [log:log_response] [WARNING]- Not Found: /media/img/UserInfo/Jully_Li.jpg
[2023-02-21 14:06:45,119] [basehttp.py:154] [basehttp:log_message] [WARNING]- "GET /media/img/UserInfo/Jully_Li.jpg HTTP/1.1" 404 1803
[2023-02-21 14:06:48,355] [basehttp.py:154] [basehttp:log_message] [INFO]- "GET /index/ HTTP/1.1" 200 30570
[2023-02-21 14:06:48,542] [basehttp.py:154] [basehttp:log_message] [INFO]- "GET /index/ HTTP/1.1" 200 30570
[2023-02-21 14:06:48,679] [UserIP.py:87] [UserIP:process_response] [INFO]- 2023-02-21 14:06:48 C1010S3>Cao.Edwin None>LAPTOP-EJP4HNEV>543 127.0.0.1 127.0.0.1 /index/ POST
[2023-02-21 14:06:48,699] [basehttp.py:154] [basehttp:log_message] [INFO]- "POST /index/ HTTP/1.1" 200 1743
[2023-02-21 14:06:48,704] [basehttp.py:154] [basehttp:log_message] [INFO]- "GET /favicon.ico HTTP/1.1" 200 21493
[2023-02-21 14:06:48,742] [log.py:228] [log:log_response] [WARNING]- Not Found: /media/img/UserInfo/Jully_Li.jpg
[2023-02-21 14:06:48,744] [basehttp.py:154] [basehttp:log_message] [WARNING]- "GET /media/img/UserInfo/Jully_Li.jpg HTTP/1.1" 404 1803
[2023-02-21 14:07:52,306] [basehttp.py:154] [basehttp:log_message] [INFO]- "GET /admin/ HTTP/1.1" 302 0
[2023-02-21 14:07:52,368] [basehttp.py:154] [basehttp:log_message] [INFO]- "GET /admin/login/?next=/admin/ HTTP/1.1" 200 4026
[2023-02-21 14:07:52,482] [basehttp.py:154] [basehttp:log_message] [INFO]- "GET /favicon.ico HTTP/1.1" 200 21493
[2023-02-21 14:07:55,423] [UserIP.py:89] [UserIP:process_response] [CRITICAL]- 系统错误
[2023-02-21 14:07:55,438] [basehttp.py:154] [basehttp:log_message] [INFO]- "POST /admin/login/?next=/admin/ HTTP/1.1" 302 0
[2023-02-21 14:07:56,000] [basehttp.py:154] [basehttp:log_message] [INFO]- "GET /admin/ HTTP/1.1" 200 32906
[2023-02-21 14:07:56,165] [basehttp.py:154] [basehttp:log_message] [INFO]- "GET /favicon.ico HTTP/1.1" 200 21493
[2023-02-21 14:07:58,309] [basehttp.py:154] [basehttp:log_message] [INFO]- "GET /favicon.ico HTTP/1.1" 200 21493
[2023-02-21 14:07:58,533] [basehttp.py:154] [basehttp:log_message] [INFO]- "GET /admin/app01/role/ HTTP/1.1" 200 36965
[2023-02-21 14:07:58,574] [basehttp.py:154] [basehttp:log_message] [INFO]- "GET /admin/jsi18n/ HTTP/1.1" 200 7684
[2023-02-21 14:11:01,986] [basehttp.py:154] [basehttp:log_message] [INFO]- "GET /admin/app01/role/3/change/ HTTP/1.1" 200 23999
[2023-02-21 14:11:02,048] [basehttp.py:154] [basehttp:log_message] [INFO]- "GET /admin/jsi18n/ HTTP/1.1" 200 7684
[2023-02-21 14:11:13,306] [UserIP.py:89] [UserIP:process_response] [CRITICAL]- 系统错误
[2023-02-21 14:11:13,318] [basehttp.py:154] [basehttp:log_message] [INFO]- "POST /admin/app01/role/3/change/ HTTP/1.1" 302 0
[2023-02-21 14:11:13,556] [basehttp.py:154] [basehttp:log_message] [INFO]- "GET /admin/app01/role/ HTTP/1.1" 200 37104
[2023-02-21 14:11:13,602] [basehttp.py:154] [basehttp:log_message] [INFO]- "GET /admin/jsi18n/ HTTP/1.1" 200 7684
[2023-02-21 14:11:37,141] [basehttp.py:154] [basehttp:log_message] [INFO]- "GET /admin/app01/role/2/change/ HTTP/1.1" 200 23909
[2023-02-21 14:11:37,194] [basehttp.py:154] [basehttp:log_message] [INFO]- "GET /admin/jsi18n/ HTTP/1.1" 200 7684
[2023-02-21 14:12:06,917] [UserIP.py:89] [UserIP:process_response] [CRITICAL]- 系统错误
[2023-02-21 14:12:06,932] [basehttp.py:154] [basehttp:log_message] [INFO]- "POST /admin/app01/role/2/change/ HTTP/1.1" 302 0
[2023-02-21 14:12:07,138] [basehttp.py:154] [basehttp:log_message] [INFO]- "GET /admin/app01/role/ HTTP/1.1" 200 37113
[2023-02-21 14:12:07,171] [basehttp.py:154] [basehttp:log_message] [INFO]- "GET /admin/jsi18n/ HTTP/1.1" 200 7684
[2023-02-21 14:12:10,147] [basehttp.py:154] [basehttp:log_message] [INFO]- "GET /admin/app01/role/12/change/ HTTP/1.1" 200 23911
[2023-02-21 14:12:10,183] [basehttp.py:154] [basehttp:log_message] [INFO]- "GET /admin/jsi18n/ HTTP/1.1" 200 7684
[2023-02-21 14:12:15,423] [UserIP.py:89] [UserIP:process_response] [CRITICAL]- 系统错误
[2023-02-21 14:12:15,434] [basehttp.py:154] [basehttp:log_message] [INFO]- "POST /admin/app01/role/12/change/ HTTP/1.1" 302 0
[2023-02-21 14:12:15,646] [basehttp.py:154] [basehttp:log_message] [INFO]- "GET /admin/app01/role/ HTTP/1.1" 200 37123
[2023-02-21 14:12:15,679] [basehttp.py:154] [basehttp:log_message] [INFO]- "GET /admin/jsi18n/ HTTP/1.1" 200 7684
[2023-02-21 14:12:18,672] [basehttp.py:154] [basehttp:log_message] [INFO]- "GET /admin/app01/role/13/change/ HTTP/1.1" 200 23956
[2023-02-21 14:12:18,703] [basehttp.py:154] [basehttp:log_message] [INFO]- "GET /admin/jsi18n/ HTTP/1.1" 200 7684
[2023-02-21 14:12:23,785] [UserIP.py:89] [UserIP:process_response] [CRITICAL]- 系统错误
[2023-02-21 14:12:23,797] [basehttp.py:154] [basehttp:log_message] [INFO]- "POST /admin/app01/role/13/change/ HTTP/1.1" 302 0
[2023-02-21 14:12:24,030] [basehttp.py:154] [basehttp:log_message] [INFO]- "GET /admin/app01/role/ HTTP/1.1" 200 37132
[2023-02-21 14:12:24,062] [basehttp.py:154] [basehttp:log_message] [INFO]- "GET /admin/jsi18n/ HTTP/1.1" 200 7684
[2023-02-21 14:12:41,081] [basehttp.py:154] [basehttp:log_message] [INFO]- "GET /sigin HTTP/1.1" 200 21493
[2023-02-21 14:12:41,224] [basehttp.py:154] [basehttp:log_message] [INFO]- "GET /favicon.ico HTTP/1.1" 200 21493
[2023-02-21 14:12:49,657] [basehttp.py:154] [basehttp:log_message] [INFO]- "GET /siginin HTTP/1.1" 200 21493
[2023-02-21 14:12:49,850] [basehttp.py:154] [basehttp:log_message] [INFO]- "GET /favicon.ico HTTP/1.1" 200 21493
[2023-02-21 14:12:58,709] [basehttp.py:154] [basehttp:log_message] [INFO]- "GET /signin HTTP/1.1" 301 0
[2023-02-21 14:12:58,765] [basehttp.py:154] [basehttp:log_message] [INFO]- "GET /signin/ HTTP/1.1" 200 8630
[2023-02-21 14:12:58,936] [basehttp.py:154] [basehttp:log_message] [INFO]- "GET /favicon.ico HTTP/1.1" 200 21493
[2023-02-21 14:15:30,113] [basehttp.py:154] [basehttp:log_message] [INFO]- "GET /signin/ HTTP/1.1" 200 8311
[2023-02-21 14:15:30,485] [basehttp.py:154] [basehttp:log_message] [INFO]- "GET /favicon.ico HTTP/1.1" 200 21493
[2023-02-21 14:36:55,436] [basehttp.py:154] [basehttp:log_message] [INFO]- "GET / HTTP/1.1" 200 21493
[2023-02-21 14:36:55,543] [basehttp.py:154] [basehttp:log_message] [INFO]- "GET /favicon.ico HTTP/1.1" 200 21493
[2023-02-21 14:36:59,932] [basehttp.py:154] [basehttp:log_message] [INFO]- "GET /admin/ HTTP/1.1" 200 32773
[2023-02-21 14:37:00,119] [basehttp.py:154] [basehttp:log_message] [INFO]- "GET /favicon.ico HTTP/1.1" 200 21493
[2023-02-21 14:37:17,226] [basehttp.py:154] [basehttp:log_message] [INFO]- "GET /favicon.ico HTTP/1.1" 200 21493
[2023-02-21 14:37:17,518] [basehttp.py:154] [basehttp:log_message] [INFO]- "GET /admin/app01/menu/ HTTP/1.1" 200 45221
[2023-02-21 14:37:17,568] [basehttp.py:154] [basehttp:log_message] [INFO]- "GET /admin/jsi18n/ HTTP/1.1" 200 7684
[2023-02-21 14:37:21,956] [basehttp.py:154] [basehttp:log_message] [INFO]- "GET /admin/app01/menu/8/change/ HTTP/1.1" 200 20741
[2023-02-21 14:37:21,984] [basehttp.py:154] [basehttp:log_message] [INFO]- "GET /admin/jsi18n/ HTTP/1.1" 200 7684
[2023-02-21 14:37:35,752] [basehttp.py:154] [basehttp:log_message] [INFO]- "GET /admin/app01/menu/ HTTP/1.1" 200 45221
[2023-02-21 14:37:38,625] [basehttp.py:154] [basehttp:log_message] [INFO]- "GET /admin/app01/menu/27/change/ HTTP/1.1" 200 20743
[2023-02-21 14:37:38,678] [basehttp.py:154] [basehttp:log_message] [INFO]- "GET /admin/jsi18n/ HTTP/1.1" 200 7684
[2023-02-21 14:37:52,461] [basehttp.py:154] [basehttp:log_message] [INFO]- "GET /admin/app01/menu/ HTTP/1.1" 200 45221
[2023-02-21 14:37:59,049] [basehttp.py:154] [basehttp:log_message] [INFO]- "GET /admin/app01/menu/28/change/ HTTP/1.1" 200 20738
[2023-02-21 14:37:59,093] [basehttp.py:154] [basehttp:log_message] [INFO]- "GET /admin/jsi18n/ HTTP/1.1" 200 7684
[2023-02-21 14:38:18,562] [basehttp.py:154] [basehttp:log_message] [INFO]- "GET /admin/app01/menu/ HTTP/1.1" 200 45221
[2023-02-21 14:38:20,676] [basehttp.py:154] [basehttp:log_message] [INFO]- "GET /admin/app01/menu/29/change/ HTTP/1.1" 200 20741
[2023-02-21 14:38:20,713] [basehttp.py:154] [basehttp:log_message] [INFO]- "GET /admin/jsi18n/ HTTP/1.1" 200 7684
[2023-02-21 14:38:36,012] [basehttp.py:154] [basehttp:log_message] [INFO]- "GET /admin/app01/menu/ HTTP/1.1" 200 45221
[2023-02-21 14:38:38,253] [basehttp.py:154] [basehttp:log_message] [INFO]- "GET /admin/app01/menu/30/change/ HTTP/1.1" 200 20738
[2023-02-21 14:38:38,285] [basehttp.py:154] [basehttp:log_message] [INFO]- "GET /admin/jsi18n/ HTTP/1.1" 200 7684
[2023-02-21 14:38:51,076] [basehttp.py:154] [basehttp:log_message] [INFO]- "GET /admin/app01/menu/ HTTP/1.1" 200 45221
[2023-02-21 14:39:28,753] [basehttp.py:154] [basehttp:log_message] [INFO]- "GET /favicon.ico HTTP/1.1" 200 21493
[2023-02-21 14:39:29,211] [basehttp.py:154] [basehttp:log_message] [INFO]- "GET /admin/app01/permission/ HTTP/1.1" 200 82576
[2023-02-21 14:39:29,247] [basehttp.py:154] [basehttp:log_message] [INFO]- "GET /admin/jsi18n/ HTTP/1.1" 200 7684
[2023-02-21 14:39:42,534] [basehttp.py:154] [basehttp:log_message] [INFO]- "GET /admin/app01/permission/54/change/ HTTP/1.1" 200 21301
[2023-02-21 14:39:42,577] [basehttp.py:154] [basehttp:log_message] [INFO]- "GET /admin/jsi18n/ HTTP/1.1" 200 7684
[2023-02-21 14:40:05,629] [basehttp.py:154] [basehttp:log_message] [INFO]- "GET /admin/app01/permission/ HTTP/1.1" 200 82576
[2023-02-21 14:40:06,849] [basehttp.py:154] [basehttp:log_message] [INFO]- "GET /admin/app01/permission/55/change/ HTTP/1.1" 200 21299
[2023-02-21 14:40:06,880] [basehttp.py:154] [basehttp:log_message] [INFO]- "GET /admin/jsi18n/ HTTP/1.1" 200 7684
[2023-02-21 14:40:27,786] [basehttp.py:154] [basehttp:log_message] [INFO]- "GET /admin/app01/permission/ HTTP/1.1" 200 82576
[2023-02-21 14:40:29,829] [basehttp.py:154] [basehttp:log_message] [INFO]- "GET /admin/app01/permission/56/change/ HTTP/1.1" 200 21302
[2023-02-21 14:40:29,862] [basehttp.py:154] [basehttp:log_message] [INFO]- "GET /admin/jsi18n/ HTTP/1.1" 200 7684
[2023-02-21 14:40:47,525] [basehttp.py:154] [basehttp:log_message] [INFO]- "GET /admin/app01/permission/ HTTP/1.1" 200 82576
[2023-02-21 14:40:49,592] [basehttp.py:154] [basehttp:log_message] [INFO]- "GET /admin/app01/permission/57/change/ HTTP/1.1" 200 21303
[2023-02-21 14:40:49,643] [basehttp.py:154] [basehttp:log_message] [INFO]- "GET /admin/jsi18n/ HTTP/1.1" 200 7684
[2023-02-21 14:41:08,197] [basehttp.py:154] [basehttp:log_message] [INFO]- "GET /admin/app01/permission/ HTTP/1.1" 200 82576
[2023-02-21 14:41:11,409] [basehttp.py:154] [basehttp:log_message] [INFO]- "GET /admin/app01/permission/58/change/ HTTP/1.1" 200 21301
[2023-02-21 14:41:11,481] [basehttp.py:154] [basehttp:log_message] [INFO]- "GET /admin/jsi18n/ HTTP/1.1" 200 7684
[2023-02-21 14:41:30,722] [basehttp.py:154] [basehttp:log_message] [INFO]- "GET /admin/app01/permission/ HTTP/1.1" 200 82576
[2023-02-21 14:41:38,176] [basehttp.py:154] [basehttp:log_message] [INFO]- "GET /admin/app01/permission/59/change/ HTTP/1.1" 200 21299
[2023-02-21 14:41:38,213] [basehttp.py:154] [basehttp:log_message] [INFO]- "GET /admin/jsi18n/ HTTP/1.1" 200 7684
[2023-02-21 14:41:56,249] [basehttp.py:154] [basehttp:log_message] [INFO]- "GET /admin/app01/permission/ HTTP/1.1" 200 82576
[2023-02-21 14:42:00,035] [basehttp.py:154] [basehttp:log_message] [INFO]- "GET /admin/app01/permission/60/change/ HTTP/1.1" 200 21299
[2023-02-21 14:42:00,085] [basehttp.py:154] [basehttp:log_message] [INFO]- "GET /admin/jsi18n/ HTTP/1.1" 200 7684
[2023-02-21 14:42:23,620] [basehttp.py:154] [basehttp:log_message] [INFO]- "GET /admin/app01/permission/ HTTP/1.1" 200 82576
[2023-02-21 14:42:25,415] [basehttp.py:154] [basehttp:log_message] [INFO]- "GET /admin/app01/permission/61/change/ HTTP/1.1" 200 21303
[2023-02-21 14:42:25,479] [basehttp.py:154] [basehttp:log_message] [INFO]- "GET /admin/jsi18n/ HTTP/1.1" 200 7684
[2023-02-21 14:42:41,458] [basehttp.py:154] [basehttp:log_message] [INFO]- "GET /admin/app01/permission/ HTTP/1.1" 200 82576
[2023-02-21 14:42:43,425] [basehttp.py:154] [basehttp:log_message] [INFO]- "GET /admin/app01/permission/62/change/ HTTP/1.1" 200 21301
[2023-02-21 14:42:43,456] [basehttp.py:154] [basehttp:log_message] [INFO]- "GET /admin/jsi18n/ HTTP/1.1" 200 7684
[2023-02-21 14:43:00,867] [basehttp.py:154] [basehttp:log_message] [INFO]- "GET /admin/app01/permission/ HTTP/1.1" 200 82576
[2023-02-21 14:43:03,388] [basehttp.py:154] [basehttp:log_message] [INFO]- "GET /admin/app01/permission/63/change/ HTTP/1.1" 200 21307
[2023-02-21 14:43:03,421] [basehttp.py:154] [basehttp:log_message] [INFO]- "GET /admin/jsi18n/ HTTP/1.1" 200 7684
[2023-02-21 14:43:23,205] [basehttp.py:154] [basehttp:log_message] [INFO]- "GET /favicon.ico HTTP/1.1" 200 21493
[2023-02-21 14:43:23,388] [basehttp.py:154] [basehttp:log_message] [INFO]- "GET /admin/app01/role/ HTTP/1.1" 200 37001
[2023-02-21 14:43:23,422] [basehttp.py:154] [basehttp:log_message] [INFO]- "GET /admin/jsi18n/ HTTP/1.1" 200 7684
[2023-02-21 14:43:32,207] [basehttp.py:154] [basehttp:log_message] [INFO]- "GET /admin/app01/role/3/change/ HTTP/1.1" 200 24002
[2023-02-21 14:43:32,240] [basehttp.py:154] [basehttp:log_message] [INFO]- "GET /admin/jsi18n/ HTTP/1.1" 200 7684
[2023-02-21 14:43:53,436] [basehttp.py:154] [basehttp:log_message] [INFO]- "GET /admin/app01/role/ HTTP/1.1" 200 37001
[2023-02-21 14:44:13,105] [basehttp.py:154] [basehttp:log_message] [INFO]- "GET /admin/app01/role/12/change/ HTTP/1.1" 200 23914
[2023-02-21 14:44:13,133] [basehttp.py:154] [basehttp:log_message] [INFO]- "GET /admin/jsi18n/ HTTP/1.1" 200 7684
[2023-02-21 14:49:09,973] [basehttp.py:154] [basehttp:log_message] [INFO]- "GET /admin/app01/role/ HTTP/1.1" 200 37001
[2023-02-21 14:49:10,002] [basehttp.py:154] [basehttp:log_message] [INFO]- "GET /admin/jsi18n/ HTTP/1.1" 200 7684
[2023-02-21 14:57:58,966] [basehttp.py:154] [basehttp:log_message] [INFO]- "GET / HTTP/1.1" 200 21493
[2023-02-21 14:57:59,121] [basehttp.py:154] [basehttp:log_message] [INFO]- "GET /favicon.ico HTTP/1.1" 200 21493
[2023-02-21 14:58:10,234] [basehttp.py:154] [basehttp:log_message] [INFO]- "GET /index/ HTTP/1.1" 200 30570
[2023-02-21 14:58:10,328] [basehttp.py:154] [basehttp:log_message] [INFO]- "GET /index/ HTTP/1.1" 200 30570
[2023-02-21 14:58:10,502] [basehttp.py:154] [basehttp:log_message] [INFO]- "GET /favicon.ico HTTP/1.1" 200 21493
[2023-02-21 14:58:10,524] [UserIP.py:87] [UserIP:process_response] [INFO]- 2023-02-21 14:58:10 C1010S3>Cao.Edwin None>LAPTOP-EJP4HNEV>543 127.0.0.1 127.0.0.1 /index/ POST
[2023-02-21 14:58:10,534] [basehttp.py:154] [basehttp:log_message] [INFO]- "POST /index/ HTTP/1.1" 200 1836
[2023-02-21 14:58:10,588] [log.py:228] [log:log_response] [WARNING]- Not Found: /media/img/UserInfo/Jully_Li.jpg
[2023-02-21 14:58:10,589] [basehttp.py:154] [basehttp:log_message] [WARNING]- "GET /media/img/UserInfo/Jully_Li.jpg HTTP/1.1" 404 1803
[2023-02-21 14:58:16,031] [basehttp.py:154] [basehttp:log_message] [INFO]- "GET /DeviceLNV/BorrowedDeviceLNV/ HTTP/1.1" 200 56443
[2023-02-21 14:58:18,234] [basehttp.py:154] [basehttp:log_message] [INFO]- "GET /DeviceLNV/BorrowedDeviceLNV/ HTTP/1.1" 200 56443
[2023-02-21 14:58:18,369] [basehttp.py:154] [basehttp:log_message] [INFO]- "GET /favicon.ico HTTP/1.1" 200 21493
[2023-02-21 14:58:18,382] [basehttp.py:154] [basehttp:log_message] [ERROR]- "GET /favicon.ico HTTP/1.1" 500 59
[2023-02-21 14:58:19,867] [UserIP.py:87] [UserIP:process_response] [INFO]- 2023-02-21 14:58:19 C1010S3>Cao.Edwin None>LAPTOP-EJP4HNEV>543 127.0.0.1 127.0.0.1 /DeviceLNV/BorrowedDeviceLNV/ POST
[2023-02-21 14:58:19,908] [basehttp.py:154] [basehttp:log_message] [INFO]- "POST /DeviceLNV/BorrowedDeviceLNV/ HTTP/1.1" 200 2104343
[2023-02-21 14:58:19,911] [basehttp.py:154] [basehttp:log_message] [ERROR]- "POST /DeviceLNV/BorrowedDeviceLNV/ HTTP/1.1" 500 59
[2023-02-21 14:58:20,805] [basehttp.py:154] [basehttp:log_message] [INFO]- "GET /DeviceABO/BorrowedDeviceABO/ HTTP/1.1" 200 56443
[2023-02-21 14:58:21,505] [basehttp.py:154] [basehttp:log_message] [INFO]- "GET /DeviceABO/BorrowedDeviceABO/ HTTP/1.1" 200 56443
[2023-02-21 14:58:21,565] [basehttp.py:154] [basehttp:log_message] [INFO]- "GET /favicon.ico HTTP/1.1" 200 21493
[2023-02-21 14:58:22,548] [UserIP.py:87] [UserIP:process_response] [INFO]- 2023-02-21 14:58:22 C1010S3>Cao.Edwin None>LAPTOP-EJP4HNEV>543 127.0.0.1 127.0.0.1 /DeviceABO/BorrowedDeviceABO/ POST
[2023-02-21 14:58:22,583] [basehttp.py:154] [basehttp:log_message] [INFO]- "POST /DeviceABO/BorrowedDeviceABO/ HTTP/1.1" 200 1450445
[2023-02-21 14:58:22,921] [log.py:228] [log:log_response] [WARNING]- Not Found: /media/DeviceABO/Device/1513.jpg
[2023-02-21 14:58:22,945] [basehttp.py:154] [basehttp:log_message] [WARNING]- "GET /media/DeviceABO/Device/1513.jpg HTTP/1.1" 404 1803
[2023-02-21 14:58:22,964] [log.py:228] [log:log_response] [WARNING]- Not Found: /media/DeviceABO/Device/257.jpg
[2023-02-21 14:58:22,966] [basehttp.py:154] [basehttp:log_message] [WARNING]- "GET /media/DeviceABO/Device/257.jpg HTTP/1.1" 404 1800
[2023-02-21 14:58:22,968] [log.py:228] [log:log_response] [WARNING]- Not Found: /media/DeviceABO/Device/233.jpg
[2023-02-21 14:58:22,968] [basehttp.py:154] [basehttp:log_message] [WARNING]- "GET /media/DeviceABO/Device/233.jpg HTTP/1.1" 404 1800
[2023-02-21 14:58:22,980] [log.py:228] [log:log_response] [WARNING]- Not Found: /media/DeviceABO/Device/2156.jpg
[2023-02-21 14:58:22,984] [basehttp.py:154] [basehttp:log_message] [WARNING]- "GET /media/DeviceABO/Device/2156.jpg HTTP/1.1" 404 1803
[2023-02-21 14:58:23,002] [log.py:228] [log:log_response] [WARNING]- Not Found: /media/DeviceABO/Device/258.jpg
[2023-02-21 14:58:23,016] [log.py:228] [log:log_response] [WARNING]- Not Found: /media/DeviceABO/Device/111.jpg
[2023-02-21 14:58:23,018] [basehttp.py:154] [basehttp:log_message] [WARNING]- "GET /media/DeviceABO/Device/258.jpg HTTP/1.1" 404 1800
[2023-02-21 14:58:23,026] [basehttp.py:154] [basehttp:log_message] [WARNING]- "GET /media/DeviceABO/Device/111.jpg HTTP/1.1" 404 1800
[2023-02-21 14:58:23,030] [log.py:228] [log:log_response] [WARNING]- Not Found: /media/DeviceABO/Device/14.jpg
[2023-02-21 14:58:23,037] [log.py:228] [log:log_response] [WARNING]- Not Found: /media/DeviceABO/Device/12.jpg
[2023-02-21 14:58:23,042] [log.py:228] [log:log_response] [WARNING]- Not Found: /media/DeviceABO/Device/2260.jpg
[2023-02-21 14:58:23,044] [basehttp.py:154] [basehttp:log_message] [WARNING]- "GET /media/DeviceABO/Device/12.jpg HTTP/1.1" 404 1797
[2023-02-21 14:58:23,047] [basehttp.py:154] [basehttp:log_message] [WARNING]- "GET /media/DeviceABO/Device/2260.jpg HTTP/1.1" 404 1803
[2023-02-21 14:58:23,047] [basehttp.py:154] [basehttp:log_message] [WARNING]- "GET /media/DeviceABO/Device/14.jpg HTTP/1.1" 404 1797
[2023-02-21 14:58:23,073] [log.py:228] [log:log_response] [WARNING]- Not Found: /media/DeviceABO/Device/2214.jpg
[2023-02-21 14:58:23,082] [basehttp.py:154] [basehttp:log_message] [WARNING]- "GET /media/DeviceABO/Device/2214.jpg HTTP/1.1" 404 1803
[2023-02-21 14:58:23,128] [log.py:228] [log:log_response] [WARNING]- Not Found: /media/DeviceABO/Device/244.jpg
[2023-02-21 14:58:23,134] [log.py:228] [log:log_response] [WARNING]- Not Found: /media/DeviceABO/Device/202.jpg
[2023-02-21 14:58:23,134] [basehttp.py:154] [basehttp:log_message] [WARNING]- "GET /media/DeviceABO/Device/244.jpg HTTP/1.1" 404 1800
[2023-02-21 14:58:23,144] [log.py:228] [log:log_response] [WARNING]- Not Found: /media/DeviceABO/Device/1462.jpg
[2023-02-21 14:58:23,146] [basehttp.py:154] [basehttp:log_message] [WARNING]- "GET /media/DeviceABO/Device/202.jpg HTTP/1.1" 404 1800
[2023-02-21 14:58:23,147] [log.py:228] [log:log_response] [WARNING]- Not Found: /media/DeviceABO/Device/2218.jpg
[2023-02-21 14:58:23,150] [basehttp.py:154] [basehttp:log_message] [WARNING]- "GET /media/DeviceABO/Device/1462.jpg HTTP/1.1" 404 1803
[2023-02-21 14:58:23,151] [basehttp.py:154] [basehttp:log_message] [WARNING]- "GET /media/DeviceABO/Device/2218.jpg HTTP/1.1" 404 1803
[2023-02-21 14:58:23,167] [log.py:228] [log:log_response] [WARNING]- Not Found: /media/DeviceABO/Device/253.jpg
[2023-02-21 14:58:23,174] [log.py:228] [log:log_response] [WARNING]- Not Found: /media/DeviceABO/Device/1459.jpg
[2023-02-21 14:58:23,178] [basehttp.py:154] [basehttp:log_message] [WARNING]- "GET /media/DeviceABO/Device/253.jpg HTTP/1.1" 404 1800
[2023-02-21 14:58:23,181] [basehttp.py:154] [basehttp:log_message] [WARNING]- "GET /media/DeviceABO/Device/1459.jpg HTTP/1.1" 404 1803
[2023-02-21 14:58:23,223] [log.py:228] [log:log_response] [WARNING]- Not Found: /media/DeviceABO/Device/261.jpg
[2023-02-21 14:58:23,236] [log.py:228] [log:log_response] [WARNING]- Not Found: /media/DeviceABO/Device/268.jpg
[2023-02-21 14:58:23,239] [basehttp.py:154] [basehttp:log_message] [WARNING]- "GET /media/DeviceABO/Device/261.jpg HTTP/1.1" 404 1800
[2023-02-21 14:58:23,240] [basehttp.py:154] [basehttp:log_message] [WARNING]- "GET /media/DeviceABO/Device/268.jpg HTTP/1.1" 404 1800
[2023-02-21 14:58:23,245] [log.py:228] [log:log_response] [WARNING]- Not Found: /media/DeviceABO/Device/262.jpg
[2023-02-21 14:58:23,271] [log.py:228] [log:log_response] [WARNING]- Not Found: /media/DeviceABO/Device/266.jpg
[2023-02-21 14:58:23,275] [basehttp.py:154] [basehttp:log_message] [WARNING]- "GET /media/DeviceABO/Device/266.jpg HTTP/1.1" 404 1800
[2023-02-21 14:58:23,276] [basehttp.py:154] [basehttp:log_message] [WARNING]- "GET /media/DeviceABO/Device/262.jpg HTTP/1.1" 404 1800
[2023-02-21 14:58:23,277] [log.py:228] [log:log_response] [WARNING]- Not Found: /media/DeviceABO/Device/269.jpg
[2023-02-21 14:58:23,284] [basehttp.py:154] [basehttp:log_message] [WARNING]- "GET /media/DeviceABO/Device/269.jpg HTTP/1.1" 404 1800
[2023-02-21 14:58:23,286] [log.py:228] [log:log_response] [WARNING]- Not Found: /media/DeviceABO/Device/267.jpg
[2023-02-21 14:58:23,297] [basehttp.py:154] [basehttp:log_message] [WARNING]- "GET /media/DeviceABO/Device/267.jpg HTTP/1.1" 404 1800
[2023-02-21 14:58:23,322] [log.py:228] [log:log_response] [WARNING]- Not Found: /media/DeviceABO/Device/1292.jpg
[2023-02-21 14:58:23,330] [basehttp.py:154] [basehttp:log_message] [WARNING]- "GET /media/DeviceABO/Device/1292.jpg HTTP/1.1" 404 1803
[2023-02-21 14:58:23,347] [log.py:228] [log:log_response] [WARNING]- Not Found: /media/DeviceABO/Device/2098.jpg
[2023-02-21 14:58:23,365] [basehttp.py:154] [basehttp:log_message] [WARNING]- "GET /media/DeviceABO/Device/2098.jpg HTTP/1.1" 404 1803
[2023-02-21 14:58:23,371] [log.py:228] [log:log_response] [WARNING]- Not Found: /media/DeviceABO/Device/2048.jpg
[2023-02-21 14:58:23,376] [basehttp.py:154] [basehttp:log_message] [WARNING]- "GET /media/DeviceABO/Device/2048.jpg HTTP/1.1" 404 1803
[2023-02-21 14:58:23,378] [log.py:228] [log:log_response] [WARNING]- Not Found: /media/DeviceABO/Device/2216.jpg
[2023-02-21 14:58:23,380] [log.py:228] [log:log_response] [WARNING]- Not Found: /media/DeviceABO/Device/209.jpg
[2023-02-21 14:58:23,381] [basehttp.py:154] [basehttp:log_message] [WARNING]- "GET /media/DeviceABO/Device/2216.jpg HTTP/1.1" 404 1803
[2023-02-21 14:58:23,397] [log.py:228] [log:log_response] [WARNING]- Not Found: /media/DeviceABO/Device/247.jpg
[2023-02-21 14:58:23,398] [basehttp.py:154] [basehttp:log_message] [WARNING]- "GET /media/DeviceABO/Device/209.jpg HTTP/1.1" 404 1800
[2023-02-21 14:58:23,402] [basehttp.py:154] [basehttp:log_message] [WARNING]- "GET /media/DeviceABO/Device/247.jpg HTTP/1.1" 404 1800
[2023-02-21 14:58:23,421] [log.py:228] [log:log_response] [WARNING]- Not Found: /media/DeviceABO/Device/264.jpg
[2023-02-21 14:58:23,431] [basehttp.py:154] [basehttp:log_message] [WARNING]- "GET /media/DeviceABO/Device/264.jpg HTTP/1.1" 404 1800
[2023-02-21 14:58:23,453] [log.py:228] [log:log_response] [WARNING]- Not Found: /media/DeviceABO/Device/265.jpg
[2023-02-21 14:58:23,477] [basehttp.py:154] [basehttp:log_message] [WARNING]- "GET /media/DeviceABO/Device/265.jpg HTTP/1.1" 404 1800
[2023-02-21 14:58:23,480] [log.py:228] [log:log_response] [WARNING]- Not Found: /media/DeviceABO/Device/228.jpg
[2023-02-21 14:58:23,482] [basehttp.py:154] [basehttp:log_message] [WARNING]- "GET /media/DeviceABO/Device/228.jpg HTTP/1.1" 404 1800
[2023-02-21 14:58:23,483] [basehttp.py:154] [basehttp:log_message] [ERROR]- "GET /media/DeviceABO/Device/265.jpg HTTP/1.1" 500 59
[2023-02-21 14:58:23,485] [log.py:228] [log:log_response] [WARNING]- Not Found: /media/DeviceABO/Device/2217.jpg
[2023-02-21 14:58:23,486] [basehttp.py:154] [basehttp:log_message] [ERROR]- "GET /media/DeviceABO/Device/228.jpg HTTP/1.1" 500 59
[2023-02-21 14:58:23,490] [basehttp.py:154] [basehttp:log_message] [WARNING]- "GET /media/DeviceABO/Device/2217.jpg HTTP/1.1" 404 1803
[2023-02-21 14:58:23,493] [log.py:228] [log:log_response] [WARNING]- Not Found: /media/DeviceABO/Device/214.jpg
[2023-02-21 14:58:23,494] [basehttp.py:154] [basehttp:log_message] [ERROR]- "GET /media/DeviceABO/Device/2217.jpg HTTP/1.1" 500 59
[2023-02-21 14:58:23,495] [basehttp.py:154] [basehttp:log_message] [WARNING]- "GET /media/DeviceABO/Device/214.jpg HTTP/1.1" 404 1800
[2023-02-21 14:58:23,496] [log.py:228] [log:log_response] [WARNING]- Not Found: /media/DeviceABO/Device/2049.jpg
[2023-02-21 14:58:23,501] [log.py:228] [log:log_response] [WARNING]- Not Found: /media/DeviceABO/Device/2050.jpg
[2023-02-21 14:58:23,504] [basehttp.py:154] [basehttp:log_message] [WARNING]- "GET /media/DeviceABO/Device/2049.jpg HTTP/1.1" 404 1803
[2023-02-21 14:58:23,504] [basehttp.py:154] [basehttp:log_message] [WARNING]- "GET /media/DeviceABO/Device/2050.jpg HTTP/1.1" 404 1803
[2023-02-21 14:58:23,505] [basehttp.py:154] [basehttp:log_message] [ERROR]- "GET /media/DeviceABO/Device/214.jpg HTTP/1.1" 500 59
[2023-02-21 14:58:23,523] [basehttp.py:154] [basehttp:log_message] [ERROR]- "GET /media/DeviceABO/Device/2049.jpg HTTP/1.1" 500 59
[2023-02-21 14:58:23,524] [basehttp.py:154] [basehttp:log_message] [ERROR]- "GET /media/DeviceABO/Device/2050.jpg HTTP/1.1" 500 59
[2023-02-21 14:58:26,228] [basehttp.py:154] [basehttp:log_message] [INFO]- "GET /DeviceA39/BorrowedDeviceA39/ HTTP/1.1" 200 56443
[2023-02-21 14:58:26,329] [basehttp.py:154] [basehttp:log_message] [INFO]- "GET /DeviceA39/BorrowedDeviceA39/ HTTP/1.1" 200 56443
[2023-02-21 14:58:26,547] [UserIP.py:87] [UserIP:process_response] [INFO]- 2023-02-21 14:58:26 C1010S3>Cao.Edwin None>LAPTOP-EJP4HNEV>543 127.0.0.1 127.0.0.1 /DeviceA39/BorrowedDeviceA39/ POST
[2023-02-21 14:58:26,575] [basehttp.py:154] [basehttp:log_message] [INFO]- "POST /DeviceA39/BorrowedDeviceA39/ HTTP/1.1" 200 186
[2023-02-21 14:58:26,582] [basehttp.py:154] [basehttp:log_message] [INFO]- "GET /favicon.ico HTTP/1.1" 200 21493
