[2021-05-28 14:59:04,085] [basehttp.py:154] [basehttp:log_message] [INFO]- "GET /AdapterPowerCode/M_edit/ HTTP/1.1" 200 63501
[2021-05-28 14:59:04,200] [basehttp.py:154] [basehttp:log_message] [INFO]- "GET /AdapterPowerCode/M_edit/ HTTP/1.1" 200 63501
[2021-05-28 14:59:04,211] [basehttp.py:154] [basehttp:log_message] [WARNING]- "GET /static/css/bootstrap.min.css.map HTTP/1.1" 404 1800
[2021-05-28 14:59:04,232] [basehttp.py:154] [basehttp:log_message] [WARNING]- "GET /static/js/lib/bootstrap.min.js.map HTTP/1.1" 404 1806
[2021-05-28 14:59:04,323] [basehttp.py:154] [basehttp:log_message] [WARNING]- "GET /static/js/axios.min.map HTTP/1.1" 404 1773
[2021-05-28 14:59:04,324] [basehttp.py:154] [basehttp:log_message] [WARNING]- "GET /static/js/xlsx/FileSaver.min.js.map HTTP/1.1" 404 1809
[2021-05-28 14:59:04,629] [basehttp.py:154] [basehttp:log_message] [INFO]- "GET /favicon.ico HTTP/1.1" 200 12666
[2021-05-28 14:59:05,164] [basehttp.py:154] [basehttp:log_message] [INFO]- "POST /AdapterPowerCode/M_edit/ HTTP/1.1" 200 531480
[2021-05-28 14:59:15,748] [basehttp.py:154] [basehttp:log_message] [INFO]- "GET /AdapterPowerCode/M_edit/ HTTP/1.1" 302 0
[2021-05-28 14:59:15,752] [basehttp.py:154] [basehttp:log_message] [INFO]- "GET /login/ HTTP/1.1" 200 4676
[2021-05-28 14:59:15,793] [basehttp.py:154] [basehttp:log_message] [INFO]- "GET /static/vendor/fontawesome-free/css/all.min.css HTTP/1.1" 200 54641
[2021-05-28 14:59:15,795] [basehttp.py:154] [basehttp:log_message] [INFO]- "GET /static/css/test1.css HTTP/1.1" 200 29532
[2021-05-28 14:59:15,795] [basehttp.py:154] [basehttp:log_message] [INFO]- "GET /static/vendor/jquery-easing/jquery.easing.min.js HTTP/1.1" 200 2532
[2021-05-28 14:59:15,796] [basehttp.py:154] [basehttp:log_message] [INFO]- "GET /static/css/bootstrap.min.css HTTP/1.1" 200 144877
[2021-05-28 14:59:15,796] [basehttp.py:154] [basehttp:log_message] [INFO]- "GET /static/vendor/bootstrap/js/bootstrap.bundle.min.js HTTP/1.1" 200 76308
[2021-05-28 14:59:15,796] [basehttp.py:154] [basehttp:log_message] [INFO]- "GET /static/vendor/jquery/jquery.min.js HTTP/1.1" 200 86927
[2021-05-28 14:59:15,796] [basehttp.py:154] [basehttp:log_message] [INFO]- "GET /static/css/sb-admin.css HTTP/1.1" 200 214832
[2021-05-28 14:59:15,811] [basehttp.py:154] [basehttp:log_message] [INFO]- "GET /static/src/yellow.jpg HTTP/1.1" 200 81394
[2021-05-28 14:59:15,836] [basehttp.py:154] [basehttp:log_message] [WARNING]- "GET /static/css/bootstrap.min.css.map HTTP/1.1" 404 1800
[2021-05-28 14:59:15,850] [basehttp.py:154] [basehttp:log_message] [INFO]- "GET /static/vendor/bootstrap/js/bootstrap.bundle.min.js.map HTTP/1.1" 200 303386
[2021-05-28 14:59:15,867] [basehttp.py:154] [basehttp:log_message] [INFO]- "GET /favicon.ico HTTP/1.1" 302 0
[2021-05-28 14:59:15,870] [basehttp.py:154] [basehttp:log_message] [INFO]- "GET /login/ HTTP/1.1" 200 4676
[2021-05-28 14:59:17,847] [basehttp.py:154] [basehttp:log_message] [INFO]- "POST /login/ HTTP/1.1" 302 0
[2021-05-28 14:59:17,882] [basehttp.py:154] [basehttp:log_message] [INFO]- "GET /index/ HTTP/1.1" 200 21327
[2021-05-28 14:59:17,896] [basehttp.py:154] [basehttp:log_message] [INFO]- "GET /static/css/lib/calendar2/pignose.calendar.min.css HTTP/1.1" 200 14709
[2021-05-28 14:59:17,898] [basehttp.py:154] [basehttp:log_message] [INFO]- "GET /static/css/lib/themify-icons.css HTTP/1.1" 200 17551
[2021-05-28 14:59:17,901] [basehttp.py:154] [basehttp:log_message] [INFO]- "GET /static/css/lib/font-awesome.min.css HTTP/1.1" 200 38722
[2021-05-28 14:59:17,901] [basehttp.py:154] [basehttp:log_message] [INFO]- "GET /static/css/lib/chartist/chartist.min.css HTTP/1.1" 200 11508
[2021-05-28 14:59:17,901] [basehttp.py:154] [basehttp:log_message] [INFO]- "GET /static/download_UPK/element-ui@2.12.0/lib/theme-chalk/index.css HTTP/1.1" 200 232694
[2021-05-28 14:59:17,903] [basehttp.py:154] [basehttp:log_message] [INFO]- "GET /static/css/lib/owl.carousel.min.css HTTP/1.1" 200 3011
[2021-05-28 14:59:17,916] [basehttp.py:154] [basehttp:log_message] [INFO]- "GET /static/css/lib/owl.theme.default.min.css HTTP/1.1" 200 1003
[2021-05-28 14:59:17,916] [basehttp.py:154] [basehttp:log_message] [INFO]- "GET /static/css/uploadbutton.css HTTP/1.1" 200 175
[2021-05-28 14:59:17,916] [basehttp.py:154] [basehttp:log_message] [INFO]- "GET /static/css/lib/menubar/sidebar.css HTTP/1.1" 200 17496
[2021-05-28 14:59:17,917] [basehttp.py:154] [basehttp:log_message] [INFO]- "GET /static/css/lib/weather-icons.css HTTP/1.1" 200 30752
[2021-05-28 14:59:17,917] [basehttp.py:154] [basehttp:log_message] [INFO]- "GET /static/css/lib/helper.css HTTP/1.1" 200 55773
[2021-05-28 14:59:17,917] [basehttp.py:154] [basehttp:log_message] [INFO]- "GET /static/css/style.css HTTP/1.1" 200 91486
[2021-05-28 14:59:17,924] [basehttp.py:154] [basehttp:log_message] [INFO]- "GET /static/css/home_zerogrid.css HTTP/1.1" 200 4828
[2021-05-28 14:59:17,924] [basehttp.py:154] [basehttp:log_message] [INFO]- "GET /static/css/home_style.css HTTP/1.1" 200 23905
[2021-05-28 14:59:17,924] [basehttp.py:154] [basehttp:log_message] [INFO]- "GET /static/css/home_menu.css HTTP/1.1" 200 8215
[2021-05-28 14:59:17,925] [basehttp.py:154] [basehttp:log_message] [INFO]- "GET /static/js/lib/jquery.min.js HTTP/1.1" 200 97362
[2021-05-28 14:59:17,925] [basehttp.py:154] [basehttp:log_message] [INFO]- "GET /static/css/ElementUI.css HTTP/1.1" 200 232696
[2021-05-28 14:59:17,929] [basehttp.py:154] [basehttp:log_message] [INFO]- "GET /static/js/lib/jquery.nanoscroller.min.js HTTP/1.1" 200 12394
[2021-05-28 14:59:17,937] [basehttp.py:154] [basehttp:log_message] [INFO]- "GET /static/js/lib/menubar/sidebar.js HTTP/1.1" 200 7278
[2021-05-28 14:59:17,937] [basehttp.py:154] [basehttp:log_message] [INFO]- "GET /static/js/scripts.js HTTP/1.1" 200 1906
[2021-05-28 14:59:17,937] [basehttp.py:154] [basehttp:log_message] [INFO]- "GET /static/js/lib/preloader/pace.min.js HTTP/1.1" 200 26566
[2021-05-28 14:59:17,939] [basehttp.py:154] [basehttp:log_message] [INFO]- "GET /static/js/lib/bootstrap.min.js HTTP/1.1" 200 69782
[2021-05-28 14:59:17,939] [basehttp.py:154] [basehttp:log_message] [INFO]- "GET /static/js/lib/calendar-2/pignose.calendar.min.js HTTP/1.1" 200 24265
[2021-05-28 14:59:17,939] [basehttp.py:154] [basehttp:log_message] [INFO]- "GET /static/js/lib/calendar-2/moment.latest.min.js HTTP/1.1" 200 61317
[2021-05-28 14:59:17,943] [basehttp.py:154] [basehttp:log_message] [INFO]- "GET /static/js/lib/calendar-2/pignose.init.js HTTP/1.1" 200 258
[2021-05-28 14:59:17,943] [basehttp.py:154] [basehttp:log_message] [INFO]- "GET /static/js/lib/circle-progress/circle-progress.min.js HTTP/1.1" 200 4453
[2021-05-28 14:59:17,944] [basehttp.py:154] [basehttp:log_message] [INFO]- "GET /static/js/lib/circle-progress/circle-progress-init.js HTTP/1.1" 200 1252
[2021-05-28 14:59:17,945] [basehttp.py:154] [basehttp:log_message] [INFO]- "GET /static/js/lib/sparklinechart/jquery.sparkline.min.js HTTP/1.1" 200 43247
[2021-05-28 14:59:17,947] [basehttp.py:154] [basehttp:log_message] [INFO]- "GET /static/js/lib/sparklinechart/sparkline.init.js HTTP/1.1" 200 9974
[2021-05-28 14:59:17,950] [basehttp.py:154] [basehttp:log_message] [INFO]- "GET /static/js/lib/owl-carousel/owl.carousel.min.js HTTP/1.1" 200 42854
[2021-05-28 14:59:17,956] [basehttp.py:154] [basehttp:log_message] [INFO]- "GET /static/js/lib/owl-carousel/owl.carousel-init.js HTTP/1.1" 200 1044
[2021-05-28 14:59:17,956] [basehttp.py:154] [basehttp:log_message] [INFO]- "GET /static/js/date.js HTTP/1.1" 200 764
[2021-05-28 14:59:17,956] [basehttp.py:154] [basehttp:log_message] [INFO]- "GET /static/js/datapicker.js HTTP/1.1" 200 11813
[2021-05-28 14:59:17,958] [basehttp.py:154] [basehttp:log_message] [INFO]- "GET /static/js/lib/calendar-2/prism.min.js HTTP/1.1" 200 8822
[2021-05-28 14:59:17,961] [basehttp.py:154] [basehttp:log_message] [INFO]- "GET /static/js/qs.js HTTP/1.1" 200 25398
[2021-05-28 14:59:17,961] [basehttp.py:154] [basehttp:log_message] [INFO]- "GET /static/js/vue-router.min.js HTTP/1.1" 200 27792
[2021-05-28 14:59:17,963] [basehttp.py:154] [basehttp:log_message] [INFO]- "GET /static/js/lib/calendar-2/semantic.ui.min.js HTTP/1.1" 200 287763
[2021-05-28 14:59:17,964] [basehttp.py:154] [basehttp:log_message] [INFO]- "GET /static/js/xlsx/xlsx.core.min.js HTTP/1.1" 200 480558
[2021-05-28 14:59:17,966] [basehttp.py:154] [basehttp:log_message] [INFO]- "GET /static/vendor/datatables/jquery.dataTables.js HTTP/1.1" 200 447606
[2021-05-28 14:59:17,966] [basehttp.py:154] [basehttp:log_message] [INFO]- "GET /static/js/es6/polyfill.min.js HTTP/1.1" 200 97799
[2021-05-28 14:59:17,970] [basehttp.py:154] [basehttp:log_message] [INFO]- "GET /static/js/axios.min.js HTTP/1.1" 200 13696
[2021-05-28 14:59:17,972] [basehttp.py:154] [basehttp:log_message] [INFO]- "GET /static/js/vue.min.js HTTP/1.1" 200 93675
[2021-05-28 14:59:17,974] [basehttp.py:154] [basehttp:log_message] [INFO]- "GET /static/js/xlsx/FileSaver.min.js HTTP/1.1" 200 2611
[2021-05-28 14:59:17,974] [basehttp.py:154] [basehttp:log_message] [INFO]- "GET /static/js/es6/babel.min.js HTTP/1.1" 200 791258
[2021-05-28 14:59:17,975] [basehttp.py:154] [basehttp:log_message] [INFO]- "GET /static/js/Element/table.js HTTP/1.1" 200 28389
[2021-05-28 14:59:17,977] [basehttp.py:154] [basehttp:log_message] [INFO]- "GET /static/js/Element/main.js HTTP/1.1" 200 8726
[2021-05-28 14:59:17,978] [basehttp.py:154] [basehttp:log_message] [INFO]- "GET /static/js/Element/input.js HTTP/1.1" 200 29207
[2021-05-28 14:59:17,980] [basehttp.py:154] [basehttp:log_message] [INFO]- "GET /static/js/Element/table-column.js HTTP/1.1" 200 28341
[2021-05-28 14:59:17,982] [basehttp.py:154] [basehttp:log_message] [INFO]- "GET /static/js/Element/icon.js HTTP/1.1" 200 8700
[2021-05-28 14:59:17,983] [basehttp.py:154] [basehttp:log_message] [INFO]- "GET /static/js/Element/date-picker.js HTTP/1.1" 200 186049
[2021-05-28 14:59:17,986] [basehttp.py:154] [basehttp:log_message] [INFO]- "GET /static/js/Element/dialog.js HTTP/1.1" 200 11942
[2021-05-28 14:59:17,987] [basehttp.py:154] [basehttp:log_message] [INFO]- "GET /static/js/Element/form.js HTTP/1.1" 200 10145
[2021-05-28 14:59:17,988] [basehttp.py:154] [basehttp:log_message] [INFO]- "GET /static/js/Element/message.js HTTP/1.1" 200 11022
[2021-05-28 14:59:17,993] [basehttp.py:154] [basehttp:log_message] [INFO]- "GET /static/js/Element/tooltip.js HTTP/1.1" 200 8439
[2021-05-28 14:59:17,995] [basehttp.py:154] [basehttp:log_message] [INFO]- "GET /static/js/xlsx/xlsx.js HTTP/1.1" 200 5900
[2021-05-28 14:59:17,996] [basehttp.py:154] [basehttp:log_message] [INFO]- "GET /static/js/Element/pagination.js HTTP/1.1" 200 22168
[2021-05-28 14:59:18,002] [basehttp.py:154] [basehttp:log_message] [INFO]- "GET /static/src/back/001.png HTTP/1.1" 200 2015
[2021-05-28 14:59:18,003] [basehttp.py:154] [basehttp:log_message] [INFO]- "GET /static/src/back/mail.png HTTP/1.1" 200 3002
[2021-05-28 14:59:18,003] [basehttp.py:154] [basehttp:log_message] [INFO]- "GET /static/src/back/call.png HTTP/1.1" 200 1850
[2021-05-28 14:59:18,007] [basehttp.py:154] [basehttp:log_message] [INFO]- "GET /static/js/Element/index.js HTTP/1.1" 200 563790
[2021-05-28 14:59:18,009] [basehttp.py:154] [basehttp:log_message] [INFO]- "GET /index/ HTTP/1.1" 200 21327
[2021-05-28 14:59:18,036] [basehttp.py:154] [basehttp:log_message] [WARNING]- "GET /static/css/bootstrap.min.css.map HTTP/1.1" 404 1800
[2021-05-28 14:59:18,044] [basehttp.py:154] [basehttp:log_message] [WARNING]- "GET /static/js/lib/bootstrap.min.js.map HTTP/1.1" 404 1806
[2021-05-28 14:59:18,055] [basehttp.py:154] [basehttp:log_message] [INFO]- "GET /static/css/admin/assets/fonts/themify.woff?-fvbane HTTP/1.1" 200 0
[2021-05-28 14:59:18,171] [basehttp.py:154] [basehttp:log_message] [WARNING]- "GET /static/js/lib/bootstrap.min.js.map HTTP/1.1" 404 1806
[2021-05-28 14:59:18,281] [basehttp.py:154] [basehttp:log_message] [WARNING]- "GET /static/js/axios.min.map HTTP/1.1" 404 1773
[2021-05-28 14:59:18,282] [basehttp.py:154] [basehttp:log_message] [WARNING]- "GET /static/js/xlsx/FileSaver.min.js.map HTTP/1.1" 404 1809
[2021-05-28 14:59:18,376] [basehttp.py:154] [basehttp:log_message] [INFO]- "GET /static/src/jinqiu5.jpg HTTP/1.1" 200 76515
[2021-05-28 14:59:18,387] [basehttp.py:154] [basehttp:log_message] [INFO]- "GET /static/css/admin/assets/fonts/themify.ttf?-fvbane HTTP/1.1" 200 0
[2021-05-28 14:59:18,392] [basehttp.py:154] [basehttp:log_message] [INFO]- "GET /static/css/fonts/element-icons.ttf HTTP/1.1" 200 55956
[2021-05-28 14:59:18,393] [basehttp.py:154] [basehttp:log_message] [INFO]- "GET /static/src/lu.jpg HTTP/1.1" 200 680519
[2021-05-28 14:59:18,398] [basehttp.py:154] [basehttp:log_message] [INFO]- "POST /index/ HTTP/1.1" 200 824
[2021-05-28 14:59:18,407] [basehttp.py:154] [basehttp:log_message] [INFO]- "GET /static/fonts/themify.woff?-fvbane HTTP/1.1" 200 56108
[2021-05-28 14:59:18,431] [basehttp.py:154] [basehttp:log_message] [INFO]- "GET /media/img/UserInfo/u2393454652578938553fm26gp0.jpg HTTP/1.1" 200 34852
[2021-05-28 14:59:18,693] [basehttp.py:154] [basehttp:log_message] [INFO]- "GET /static/src/qiu1.jpg HTTP/1.1" 200 611283
[2021-05-28 14:59:18,709] [basehttp.py:154] [basehttp:log_message] [INFO]- "GET /favicon.ico HTTP/1.1" 200 12666
[2021-05-28 14:59:26,431] [basehttp.py:154] [basehttp:log_message] [INFO]- "GET /AdapterPowerCode/M_edit/ HTTP/1.1" 200 63501
[2021-05-28 14:59:26,449] [basehttp.py:154] [basehttp:log_message] [INFO]- "GET /static/css/index.css HTTP/1.1" 200 232694
[2021-05-28 14:59:26,463] [basehttp.py:154] [basehttp:log_message] [INFO]- "GET /static/src/back/document_save_2_24px_539656_easyicon.net.png HTTP/1.1" 200 2187
[2021-05-28 14:59:26,464] [basehttp.py:154] [basehttp:log_message] [INFO]- "GET /static/js/Element/image.js HTTP/1.1" 200 25055
[2021-05-28 14:59:26,537] [basehttp.py:154] [basehttp:log_message] [INFO]- "GET /AdapterPowerCode/M_edit/ HTTP/1.1" 200 63501
[2021-05-28 14:59:26,552] [basehttp.py:154] [basehttp:log_message] [WARNING]- "GET /static/css/bootstrap.min.css.map HTTP/1.1" 404 1800
[2021-05-28 14:59:26,582] [basehttp.py:154] [basehttp:log_message] [WARNING]- "GET /static/js/lib/bootstrap.min.js.map HTTP/1.1" 404 1806
[2021-05-28 14:59:26,754] [basehttp.py:154] [basehttp:log_message] [WARNING]- "GET /static/js/xlsx/FileSaver.min.js.map HTTP/1.1" 404 1809
[2021-05-28 14:59:26,754] [basehttp.py:154] [basehttp:log_message] [WARNING]- "GET /static/js/axios.min.map HTTP/1.1" 404 1773
[2021-05-28 14:59:27,048] [basehttp.py:154] [basehttp:log_message] [INFO]- "GET /static/css/fonts/element-icons.woff HTTP/1.1" 200 28200
[2021-05-28 14:59:27,109] [basehttp.py:154] [basehttp:log_message] [INFO]- "GET /favicon.ico HTTP/1.1" 200 12666
[2021-05-28 14:59:27,618] [basehttp.py:154] [basehttp:log_message] [INFO]- "POST /AdapterPowerCode/M_edit/ HTTP/1.1" 200 531480
[2021-05-28 15:01:36,234] [basehttp.py:154] [basehttp:log_message] [INFO]- "GET /AdapterPowerCode/M_edit/ HTTP/1.1" 200 66268
[2021-05-28 15:01:36,354] [basehttp.py:154] [basehttp:log_message] [INFO]- "GET /AdapterPowerCode/M_edit/ HTTP/1.1" 200 66268
[2021-05-28 15:01:36,371] [basehttp.py:154] [basehttp:log_message] [WARNING]- "GET /static/css/bootstrap.min.css.map HTTP/1.1" 404 1800
[2021-05-28 15:01:36,390] [basehttp.py:154] [basehttp:log_message] [WARNING]- "GET /static/js/lib/bootstrap.min.js.map HTTP/1.1" 404 1806
[2021-05-28 15:01:36,463] [basehttp.py:154] [basehttp:log_message] [WARNING]- "GET /static/js/axios.min.map HTTP/1.1" 404 1773
[2021-05-28 15:01:36,464] [basehttp.py:154] [basehttp:log_message] [WARNING]- "GET /static/js/xlsx/FileSaver.min.js.map HTTP/1.1" 404 1809
[2021-05-28 15:01:36,813] [basehttp.py:154] [basehttp:log_message] [INFO]- "GET /favicon.ico HTTP/1.1" 200 12666
[2021-05-28 15:01:37,334] [basehttp.py:154] [basehttp:log_message] [INFO]- "POST /AdapterPowerCode/M_edit/ HTTP/1.1" 200 531480
[2021-05-28 15:01:42,809] [basehttp.py:154] [basehttp:log_message] [WARNING]- "GET /static/js/lib/bootstrap.min.js.map HTTP/1.1" 404 1806
[2021-05-28 15:01:42,814] [basehttp.py:154] [basehttp:log_message] [WARNING]- "GET /static/js/axios.min.map HTTP/1.1" 404 1773
[2021-05-28 15:01:42,814] [basehttp.py:154] [basehttp:log_message] [WARNING]- "GET /static/js/xlsx/FileSaver.min.js.map HTTP/1.1" 404 1809
[2021-05-28 15:01:42,822] [basehttp.py:154] [basehttp:log_message] [WARNING]- "GET /static/css/bootstrap.min.css.map HTTP/1.1" 404 1800
[2021-05-28 15:02:50,177] [basehttp.py:154] [basehttp:log_message] [INFO]- "GET /AdapterPowerCode/M_edit/ HTTP/1.1" 200 66283
[2021-05-28 15:02:50,714] [basehttp.py:154] [basehttp:log_message] [INFO]- "GET /AdapterPowerCode/M_edit/ HTTP/1.1" 200 66283
[2021-05-28 15:02:50,730] [basehttp.py:154] [basehttp:log_message] [WARNING]- "GET /static/css/bootstrap.min.css.map HTTP/1.1" 404 1800
[2021-05-28 15:02:50,760] [basehttp.py:154] [basehttp:log_message] [WARNING]- "GET /static/js/lib/bootstrap.min.js.map HTTP/1.1" 404 1806
[2021-05-28 15:02:50,854] [basehttp.py:154] [basehttp:log_message] [WARNING]- "GET /static/js/axios.min.map HTTP/1.1" 404 1773
[2021-05-28 15:02:50,856] [basehttp.py:154] [basehttp:log_message] [WARNING]- "GET /static/js/xlsx/FileSaver.min.js.map HTTP/1.1" 404 1809
[2021-05-28 15:02:51,248] [basehttp.py:154] [basehttp:log_message] [INFO]- "GET /favicon.ico HTTP/1.1" 200 12666
[2021-05-28 15:02:51,743] [basehttp.py:154] [basehttp:log_message] [INFO]- "POST /AdapterPowerCode/M_edit/ HTTP/1.1" 200 531480
[2021-05-28 15:24:12,721] [basehttp.py:154] [basehttp:log_message] [INFO]- "GET / HTTP/1.1" 302 0
[2021-05-28 15:24:12,731] [basehttp.py:154] [basehttp:log_message] [INFO]- "GET /login/ HTTP/1.1" 200 4676
[2021-05-28 15:24:12,823] [basehttp.py:154] [basehttp:log_message] [INFO]- "GET /favicon.ico HTTP/1.1" 302 0
[2021-05-28 15:24:12,840] [basehttp.py:154] [basehttp:log_message] [INFO]- "GET /login/ HTTP/1.1" 200 4676
