[2021-04-14 10:57:13,698] [basehttp.py:154] [basehttp:log_message] [INFO]- "GET /admin/ HTTP/1.1" 302 0
[2021-04-14 10:57:13,763] [basehttp.py:154] [basehttp:log_message] [INFO]- "GET /admin/login/?next=/admin/ HTTP/1.1" 200 1821
[2021-04-14 10:57:13,788] [basehttp.py:154] [basehttp:log_message] [INFO]- "GET /favicon.ico HTTP/1.1" 302 0
[2021-04-14 10:57:13,790] [basehttp.py:154] [basehttp:log_message] [INFO]- "GET /login/ HTTP/1.1" 200 4676
[2021-04-14 10:57:16,539] [basehttp.py:154] [basehttp:log_message] [INFO]- "POST /admin/login/?next=/admin/ HTTP/1.1" 302 0
[2021-04-14 10:57:16,604] [basehttp.py:154] [basehttp:log_message] [INFO]- "GET /admin/ HTTP/1.1" 200 14490
[2021-04-14 10:57:16,655] [basehttp.py:154] [basehttp:log_message] [INFO]- "GET /favicon.ico HTTP/1.1" 302 0
[2021-04-14 10:57:16,663] [basehttp.py:154] [basehttp:log_message] [INFO]- "GET /login/ HTTP/1.1" 200 4676
[2021-04-14 11:59:20,504] [basehttp.py:154] [basehttp:log_message] [INFO]- "GET /admin/ HTTP/1.1" 200 14950
[2021-04-14 11:59:20,584] [basehttp.py:154] [basehttp:log_message] [INFO]- "GET /favicon.ico HTTP/1.1" 302 0
[2021-04-14 11:59:20,598] [basehttp.py:154] [basehttp:log_message] [INFO]- "GET /login/ HTTP/1.1" 200 4676
[2021-04-14 11:59:23,645] [basehttp.py:154] [basehttp:log_message] [INFO]- "GET /admin/DeviceLNV/devicelnv/ HTTP/1.1" 200 4791
[2021-04-14 11:59:23,668] [basehttp.py:154] [basehttp:log_message] [INFO]- "GET /admin/jsi18n/ HTTP/1.1" 200 7684
[2021-04-14 11:59:23,702] [basehttp.py:154] [basehttp:log_message] [INFO]- "GET /favicon.ico HTTP/1.1" 302 0
[2021-04-14 11:59:23,713] [basehttp.py:154] [basehttp:log_message] [INFO]- "GET /login/ HTTP/1.1" 200 4676
[2021-04-14 11:59:25,634] [basehttp.py:154] [basehttp:log_message] [INFO]- "GET /admin/DeviceLNV/devicelnv/add/ HTTP/1.1" 200 25687
[2021-04-14 11:59:25,651] [basehttp.py:154] [basehttp:log_message] [INFO]- "GET /static/admin/js/calendar.js HTTP/1.1" 200 7777
[2021-04-14 11:59:25,652] [basehttp.py:154] [basehttp:log_message] [INFO]- "GET /static/admin/js/admin/DateTimeShortcuts.js HTTP/1.1" 200 20281
[2021-04-14 11:59:25,658] [basehttp.py:154] [basehttp:log_message] [INFO]- "GET /admin/jsi18n/ HTTP/1.1" 200 7684
[2021-04-14 11:59:25,696] [basehttp.py:154] [basehttp:log_message] [INFO]- "GET /static/admin/img/icon-calendar.svg HTTP/1.1" 200 1086
[2021-04-14 11:59:25,734] [basehttp.py:154] [basehttp:log_message] [INFO]- "GET /favicon.ico HTTP/1.1" 302 0
[2021-04-14 11:59:25,741] [basehttp.py:154] [basehttp:log_message] [INFO]- "GET /login/ HTTP/1.1" 200 4676
[2021-04-14 12:02:00,326] [basehttp.py:154] [basehttp:log_message] [INFO]- "GET /admin/DeviceLNV/devicelnv/add/ HTTP/1.1" 200 25583
[2021-04-14 12:02:00,349] [basehttp.py:154] [basehttp:log_message] [INFO]- "GET /admin/jsi18n/ HTTP/1.1" 200 7684
[2021-04-14 12:02:00,398] [basehttp.py:154] [basehttp:log_message] [INFO]- "GET /favicon.ico HTTP/1.1" 302 0
[2021-04-14 12:02:00,410] [basehttp.py:154] [basehttp:log_message] [INFO]- "GET /login/ HTTP/1.1" 200 4676
[2021-04-14 12:02:17,462] [basehttp.py:154] [basehttp:log_message] [INFO]- "GET /admin/DeviceLNV/devicelnv/add/ HTTP/1.1" 200 25557
[2021-04-14 12:02:17,483] [basehttp.py:154] [basehttp:log_message] [INFO]- "GET /admin/jsi18n/ HTTP/1.1" 200 7684
[2021-04-14 12:02:17,547] [basehttp.py:154] [basehttp:log_message] [INFO]- "GET /favicon.ico HTTP/1.1" 302 0
[2021-04-14 12:02:17,558] [basehttp.py:154] [basehttp:log_message] [INFO]- "GET /login/ HTTP/1.1" 200 4676
[2021-04-14 12:08:27,171] [basehttp.py:154] [basehttp:log_message] [INFO]- "GET /admin/DeviceLNV/devicelnv/add/ HTTP/1.1" 200 25804
[2021-04-14 12:08:27,193] [basehttp.py:154] [basehttp:log_message] [INFO]- "GET /admin/jsi18n/ HTTP/1.1" 200 7684
[2021-04-14 12:08:27,246] [basehttp.py:154] [basehttp:log_message] [INFO]- "GET /favicon.ico HTTP/1.1" 302 0
[2021-04-14 12:08:27,257] [basehttp.py:154] [basehttp:log_message] [INFO]- "GET /login/ HTTP/1.1" 200 4676
[2021-04-14 12:11:10,143] [basehttp.py:154] [basehttp:log_message] [INFO]- "GET /admin/DeviceLNV/ HTTP/1.1" 200 5052
[2021-04-14 12:11:10,167] [basehttp.py:154] [basehttp:log_message] [INFO]- "GET /favicon.ico HTTP/1.1" 302 0
[2021-04-14 12:11:10,199] [basehttp.py:154] [basehttp:log_message] [INFO]- "GET /login/ HTTP/1.1" 200 4676
[2021-04-14 12:11:14,966] [basehttp.py:154] [basehttp:log_message] [INFO]- "GET /admin/DeviceLNV/devicedevctgrylist/ HTTP/1.1" 200 3847
[2021-04-14 12:11:14,989] [basehttp.py:154] [basehttp:log_message] [INFO]- "GET /admin/jsi18n/ HTTP/1.1" 200 7684
[2021-04-14 12:11:15,023] [basehttp.py:154] [basehttp:log_message] [INFO]- "GET /favicon.ico HTTP/1.1" 302 0
[2021-04-14 12:11:15,033] [basehttp.py:154] [basehttp:log_message] [INFO]- "GET /login/ HTTP/1.1" 200 4676
[2021-04-14 12:11:16,310] [basehttp.py:154] [basehttp:log_message] [INFO]- "GET /admin/DeviceLNV/devicedevctgrylist/add/ HTTP/1.1" 200 5639
[2021-04-14 12:11:16,333] [basehttp.py:154] [basehttp:log_message] [INFO]- "GET /admin/jsi18n/ HTTP/1.1" 200 7684
[2021-04-14 12:11:16,364] [basehttp.py:154] [basehttp:log_message] [INFO]- "GET /favicon.ico HTTP/1.1" 302 0
[2021-04-14 12:11:16,373] [basehttp.py:154] [basehttp:log_message] [INFO]- "GET /login/ HTTP/1.1" 200 4676
[2021-04-14 12:11:17,865] [basehttp.py:154] [basehttp:log_message] [INFO]- "GET /admin/DeviceLNV/devicedevctgrylist/ HTTP/1.1" 200 3847
[2021-04-14 12:11:17,918] [basehttp.py:154] [basehttp:log_message] [INFO]- "GET /favicon.ico HTTP/1.1" 302 0
[2021-04-14 12:11:17,950] [basehttp.py:154] [basehttp:log_message] [INFO]- "GET /login/ HTTP/1.1" 200 4676
[2021-04-14 12:11:19,361] [basehttp.py:154] [basehttp:log_message] [INFO]- "GET /admin/DeviceLNV/ HTTP/1.1" 200 5052
[2021-04-14 12:11:19,401] [basehttp.py:154] [basehttp:log_message] [INFO]- "GET /favicon.ico HTTP/1.1" 302 0
[2021-04-14 12:11:19,407] [basehttp.py:154] [basehttp:log_message] [INFO]- "GET /login/ HTTP/1.1" 200 4676
[2021-04-14 12:15:02,197] [basehttp.py:154] [basehttp:log_message] [INFO]- "GET /admin/DeviceLNV/ HTTP/1.1" 200 4998
[2021-04-14 12:15:02,218] [basehttp.py:154] [basehttp:log_message] [INFO]- "GET /favicon.ico HTTP/1.1" 302 0
[2021-04-14 12:15:02,232] [basehttp.py:154] [basehttp:log_message] [INFO]- "GET /login/ HTTP/1.1" 200 4676
[2021-04-14 12:15:08,441] [basehttp.py:154] [basehttp:log_message] [INFO]- "GET /admin/DeviceLNV/deviceintfctgrylist/ HTTP/1.1" 200 3802
[2021-04-14 12:15:08,464] [basehttp.py:154] [basehttp:log_message] [INFO]- "GET /admin/jsi18n/ HTTP/1.1" 200 7684
[2021-04-14 12:15:08,497] [basehttp.py:154] [basehttp:log_message] [INFO]- "GET /favicon.ico HTTP/1.1" 302 0
[2021-04-14 12:15:08,506] [basehttp.py:154] [basehttp:log_message] [INFO]- "GET /login/ HTTP/1.1" 200 4676
[2021-04-14 12:15:09,833] [basehttp.py:154] [basehttp:log_message] [INFO]- "GET /admin/DeviceLNV/deviceintfctgrylist/add/ HTTP/1.1" 200 4108
[2021-04-14 12:15:09,856] [basehttp.py:154] [basehttp:log_message] [INFO]- "GET /admin/jsi18n/ HTTP/1.1" 200 7684
[2021-04-14 12:15:09,883] [basehttp.py:154] [basehttp:log_message] [INFO]- "GET /favicon.ico HTTP/1.1" 302 0
[2021-04-14 12:15:09,892] [basehttp.py:154] [basehttp:log_message] [INFO]- "GET /login/ HTTP/1.1" 200 4676
[2021-04-14 12:15:17,662] [basehttp.py:154] [basehttp:log_message] [INFO]- "POST /admin/DeviceLNV/deviceintfctgrylist/add/ HTTP/1.1" 302 0
[2021-04-14 12:15:17,716] [basehttp.py:154] [basehttp:log_message] [INFO]- "GET /admin/DeviceLNV/deviceintfctgrylist/ HTTP/1.1" 200 5510
[2021-04-14 12:15:17,739] [basehttp.py:154] [basehttp:log_message] [INFO]- "GET /admin/jsi18n/ HTTP/1.1" 200 7684
[2021-04-14 12:15:17,777] [basehttp.py:154] [basehttp:log_message] [INFO]- "GET /favicon.ico HTTP/1.1" 302 0
[2021-04-14 12:15:17,789] [basehttp.py:154] [basehttp:log_message] [INFO]- "GET /login/ HTTP/1.1" 200 4676
[2021-04-14 13:08:52,994] [basehttp.py:154] [basehttp:log_message] [INFO]- "GET /admin/DeviceLNV/deviceintfctgrylist/1/change/ HTTP/1.1" 200 4335
[2021-04-14 13:08:53,020] [basehttp.py:154] [basehttp:log_message] [INFO]- "GET /admin/jsi18n/ HTTP/1.1" 200 7684
[2021-04-14 13:08:53,084] [basehttp.py:154] [basehttp:log_message] [INFO]- "GET /favicon.ico HTTP/1.1" 302 0
[2021-04-14 13:08:53,095] [basehttp.py:154] [basehttp:log_message] [INFO]- "GET /login/ HTTP/1.1" 200 4676
[2021-04-14 13:08:54,920] [basehttp.py:154] [basehttp:log_message] [INFO]- "GET /admin/DeviceLNV/deviceintfctgrylist/ HTTP/1.1" 200 5323
[2021-04-14 13:08:54,962] [basehttp.py:154] [basehttp:log_message] [INFO]- "GET /favicon.ico HTTP/1.1" 302 0
[2021-04-14 13:08:54,989] [basehttp.py:154] [basehttp:log_message] [INFO]- "GET /login/ HTTP/1.1" 200 4676
[2021-04-14 13:08:58,510] [basehttp.py:154] [basehttp:log_message] [INFO]- "GET /admin/DeviceLNV/ HTTP/1.1" 200 4998
[2021-04-14 13:08:58,538] [basehttp.py:154] [basehttp:log_message] [INFO]- "GET /favicon.ico HTTP/1.1" 302 0
[2021-04-14 13:08:58,551] [basehttp.py:154] [basehttp:log_message] [INFO]- "GET /login/ HTTP/1.1" 200 4676
[2021-04-14 13:11:17,243] [basehttp.py:154] [basehttp:log_message] [INFO]- "GET /admin/DeviceLNV/devicedevpropertieslist/ HTTP/1.1" 200 3810
[2021-04-14 13:11:17,269] [basehttp.py:154] [basehttp:log_message] [INFO]- "GET /admin/jsi18n/ HTTP/1.1" 200 7684
[2021-04-14 13:11:17,320] [basehttp.py:154] [basehttp:log_message] [INFO]- "GET /favicon.ico HTTP/1.1" 302 0
[2021-04-14 13:11:17,328] [basehttp.py:154] [basehttp:log_message] [INFO]- "GET /login/ HTTP/1.1" 200 4676
[2021-04-14 13:11:19,872] [basehttp.py:154] [basehttp:log_message] [INFO]- "GET /admin/DeviceLNV/devicedevpropertieslist/add/ HTTP/1.1" 200 5601
[2021-04-14 13:11:19,894] [basehttp.py:154] [basehttp:log_message] [INFO]- "GET /admin/jsi18n/ HTTP/1.1" 200 7684
[2021-04-14 13:11:19,921] [basehttp.py:154] [basehttp:log_message] [INFO]- "GET /favicon.ico HTTP/1.1" 302 0
[2021-04-14 13:11:19,932] [basehttp.py:154] [basehttp:log_message] [INFO]- "GET /login/ HTTP/1.1" 200 4676
[2021-04-14 13:11:22,305] [basehttp.py:154] [basehttp:log_message] [INFO]- "GET /admin/DeviceLNV/devicedevpropertieslist/ HTTP/1.1" 200 3810
[2021-04-14 13:11:22,339] [basehttp.py:154] [basehttp:log_message] [INFO]- "GET /favicon.ico HTTP/1.1" 302 0
[2021-04-14 13:11:22,364] [basehttp.py:154] [basehttp:log_message] [INFO]- "GET /login/ HTTP/1.1" 200 4676
[2021-04-14 13:11:22,900] [basehttp.py:154] [basehttp:log_message] [INFO]- "GET /admin/DeviceLNV/ HTTP/1.1" 200 4998
[2021-04-14 13:11:22,924] [basehttp.py:154] [basehttp:log_message] [INFO]- "GET /favicon.ico HTTP/1.1" 302 0
[2021-04-14 13:11:22,934] [basehttp.py:154] [basehttp:log_message] [INFO]- "GET /login/ HTTP/1.1" 200 4676
[2021-04-14 13:11:24,849] [basehttp.py:154] [basehttp:log_message] [INFO]- "GET /admin/DeviceLNV/devicedevctgrylist/ HTTP/1.1" 200 3800
[2021-04-14 13:11:24,872] [basehttp.py:154] [basehttp:log_message] [INFO]- "GET /admin/jsi18n/ HTTP/1.1" 200 7684
[2021-04-14 13:11:24,896] [basehttp.py:154] [basehttp:log_message] [INFO]- "GET /favicon.ico HTTP/1.1" 302 0
[2021-04-14 13:11:24,904] [basehttp.py:154] [basehttp:log_message] [INFO]- "GET /login/ HTTP/1.1" 200 4676
[2021-04-14 13:11:26,489] [basehttp.py:154] [basehttp:log_message] [INFO]- "GET /admin/DeviceLNV/devicedevctgrylist/add/ HTTP/1.1" 200 5608
[2021-04-14 13:11:26,517] [basehttp.py:154] [basehttp:log_message] [INFO]- "GET /admin/jsi18n/ HTTP/1.1" 200 7684
[2021-04-14 13:11:26,540] [basehttp.py:154] [basehttp:log_message] [INFO]- "GET /favicon.ico HTTP/1.1" 302 0
[2021-04-14 13:11:26,553] [basehttp.py:154] [basehttp:log_message] [INFO]- "GET /login/ HTTP/1.1" 200 4676
[2021-04-14 13:11:31,644] [basehttp.py:154] [basehttp:log_message] [INFO]- "POST /admin/DeviceLNV/devicedevctgrylist/add/ HTTP/1.1" 302 0
[2021-04-14 13:11:31,678] [basehttp.py:154] [basehttp:log_message] [INFO]- "GET /admin/DeviceLNV/devicedevctgrylist/ HTTP/1.1" 200 5735
[2021-04-14 13:11:31,699] [basehttp.py:154] [basehttp:log_message] [INFO]- "GET /admin/jsi18n/ HTTP/1.1" 200 7684
[2021-04-14 13:11:31,746] [basehttp.py:154] [basehttp:log_message] [INFO]- "GET /favicon.ico HTTP/1.1" 302 0
[2021-04-14 13:11:31,754] [basehttp.py:154] [basehttp:log_message] [INFO]- "GET /login/ HTTP/1.1" 200 4676
[2021-04-14 13:11:33,121] [basehttp.py:154] [basehttp:log_message] [INFO]- "GET /admin/DeviceLNV/devicedevctgrylist/add/ HTTP/1.1" 200 5608
[2021-04-14 13:11:33,144] [basehttp.py:154] [basehttp:log_message] [INFO]- "GET /admin/jsi18n/ HTTP/1.1" 200 7684
[2021-04-14 13:11:33,190] [basehttp.py:154] [basehttp:log_message] [INFO]- "GET /favicon.ico HTTP/1.1" 302 0
[2021-04-14 13:11:33,223] [basehttp.py:154] [basehttp:log_message] [INFO]- "GET /login/ HTTP/1.1" 200 4676
[2021-04-14 13:11:45,605] [basehttp.py:154] [basehttp:log_message] [INFO]- "POST /admin/DeviceLNV/devicedevctgrylist/add/ HTTP/1.1" 302 0
[2021-04-14 13:11:45,640] [basehttp.py:154] [basehttp:log_message] [INFO]- "GET /admin/DeviceLNV/devicedevctgrylist/ HTTP/1.1" 200 6082
[2021-04-14 13:11:45,661] [basehttp.py:154] [basehttp:log_message] [INFO]- "GET /admin/jsi18n/ HTTP/1.1" 200 7684
[2021-04-14 13:11:45,701] [basehttp.py:154] [basehttp:log_message] [INFO]- "GET /favicon.ico HTTP/1.1" 302 0
[2021-04-14 13:11:45,712] [basehttp.py:154] [basehttp:log_message] [INFO]- "GET /login/ HTTP/1.1" 200 4676
[2021-04-14 13:11:48,440] [basehttp.py:154] [basehttp:log_message] [INFO]- "GET /admin/DeviceLNV/ HTTP/1.1" 200 4998
[2021-04-14 13:11:48,463] [basehttp.py:154] [basehttp:log_message] [INFO]- "GET /favicon.ico HTTP/1.1" 302 0
[2021-04-14 13:11:48,474] [basehttp.py:154] [basehttp:log_message] [INFO]- "GET /login/ HTTP/1.1" 200 4676
[2021-04-14 13:12:02,541] [basehttp.py:154] [basehttp:log_message] [INFO]- "GET /admin/DeviceLNV/devicedevpropertieslist/ HTTP/1.1" 200 3810
[2021-04-14 13:12:02,561] [basehttp.py:154] [basehttp:log_message] [INFO]- "GET /admin/jsi18n/ HTTP/1.1" 200 7684
[2021-04-14 13:12:02,589] [basehttp.py:154] [basehttp:log_message] [INFO]- "GET /favicon.ico HTTP/1.1" 302 0
[2021-04-14 13:12:02,598] [basehttp.py:154] [basehttp:log_message] [INFO]- "GET /login/ HTTP/1.1" 200 4676
[2021-04-14 13:12:10,933] [basehttp.py:154] [basehttp:log_message] [INFO]- "GET /admin/DeviceLNV/devicedevpropertieslist/add/ HTTP/1.1" 200 5688
[2021-04-14 13:12:10,957] [basehttp.py:154] [basehttp:log_message] [INFO]- "GET /admin/jsi18n/ HTTP/1.1" 200 7684
[2021-04-14 13:12:10,993] [basehttp.py:154] [basehttp:log_message] [INFO]- "GET /favicon.ico HTTP/1.1" 302 0
[2021-04-14 13:12:11,019] [basehttp.py:154] [basehttp:log_message] [INFO]- "GET /login/ HTTP/1.1" 200 4676
[2021-04-14 13:12:17,452] [basehttp.py:154] [basehttp:log_message] [INFO]- "POST /admin/DeviceLNV/devicedevpropertieslist/add/ HTTP/1.1" 302 0
[2021-04-14 13:12:17,498] [basehttp.py:154] [basehttp:log_message] [INFO]- "GET /admin/DeviceLNV/devicedevpropertieslist/ HTTP/1.1" 200 5769
[2021-04-14 13:12:17,523] [basehttp.py:154] [basehttp:log_message] [INFO]- "GET /admin/jsi18n/ HTTP/1.1" 200 7684
[2021-04-14 13:12:17,561] [basehttp.py:154] [basehttp:log_message] [INFO]- "GET /favicon.ico HTTP/1.1" 302 0
[2021-04-14 13:12:17,572] [basehttp.py:154] [basehttp:log_message] [INFO]- "GET /login/ HTTP/1.1" 200 4676
[2021-04-14 13:12:19,195] [basehttp.py:154] [basehttp:log_message] [INFO]- "GET /admin/DeviceLNV/devicedevpropertieslist/add/ HTTP/1.1" 200 5688
[2021-04-14 13:12:19,217] [basehttp.py:154] [basehttp:log_message] [INFO]- "GET /admin/jsi18n/ HTTP/1.1" 200 7684
[2021-04-14 13:12:19,243] [basehttp.py:154] [basehttp:log_message] [INFO]- "GET /favicon.ico HTTP/1.1" 302 0
[2021-04-14 13:12:19,253] [basehttp.py:154] [basehttp:log_message] [INFO]- "GET /login/ HTTP/1.1" 200 4676
[2021-04-14 13:12:24,795] [basehttp.py:154] [basehttp:log_message] [INFO]- "POST /admin/DeviceLNV/devicedevpropertieslist/add/ HTTP/1.1" 302 0
[2021-04-14 13:12:24,830] [basehttp.py:154] [basehttp:log_message] [INFO]- "GET /admin/DeviceLNV/devicedevpropertieslist/ HTTP/1.1" 200 6143
[2021-04-14 13:12:24,851] [basehttp.py:154] [basehttp:log_message] [INFO]- "GET /admin/jsi18n/ HTTP/1.1" 200 7684
[2021-04-14 13:12:24,895] [basehttp.py:154] [basehttp:log_message] [INFO]- "GET /favicon.ico HTTP/1.1" 302 0
[2021-04-14 13:12:24,923] [basehttp.py:154] [basehttp:log_message] [INFO]- "GET /login/ HTTP/1.1" 200 4676
[2021-04-14 13:12:29,559] [basehttp.py:154] [basehttp:log_message] [INFO]- "GET /admin/DeviceLNV/ HTTP/1.1" 200 4998
[2021-04-14 13:12:29,600] [basehttp.py:154] [basehttp:log_message] [INFO]- "GET /favicon.ico HTTP/1.1" 302 0
[2021-04-14 13:12:29,611] [basehttp.py:154] [basehttp:log_message] [INFO]- "GET /login/ HTTP/1.1" 200 4676
[2021-04-14 13:12:40,975] [basehttp.py:154] [basehttp:log_message] [INFO]- "GET /admin/DeviceLNV/devicedevvendorlist/ HTTP/1.1" 200 3802
[2021-04-14 13:12:41,000] [basehttp.py:154] [basehttp:log_message] [INFO]- "GET /admin/jsi18n/ HTTP/1.1" 200 7684
[2021-04-14 13:12:41,030] [basehttp.py:154] [basehttp:log_message] [INFO]- "GET /favicon.ico HTTP/1.1" 302 0
[2021-04-14 13:12:41,044] [basehttp.py:154] [basehttp:log_message] [INFO]- "GET /login/ HTTP/1.1" 200 4676
[2021-04-14 13:12:42,884] [basehttp.py:154] [basehttp:log_message] [INFO]- "GET /admin/DeviceLNV/devicedevvendorlist/add/ HTTP/1.1" 200 5722
[2021-04-14 13:12:42,906] [basehttp.py:154] [basehttp:log_message] [INFO]- "GET /admin/jsi18n/ HTTP/1.1" 200 7684
[2021-04-14 13:12:42,935] [basehttp.py:154] [basehttp:log_message] [INFO]- "GET /favicon.ico HTTP/1.1" 302 0
[2021-04-14 13:12:42,943] [basehttp.py:154] [basehttp:log_message] [INFO]- "GET /login/ HTTP/1.1" 200 4676
[2021-04-14 13:12:59,134] [basehttp.py:154] [basehttp:log_message] [INFO]- "POST /admin/DeviceLNV/devicedevvendorlist/add/ HTTP/1.1" 302 0
[2021-04-14 13:12:59,189] [basehttp.py:154] [basehttp:log_message] [INFO]- "GET /admin/DeviceLNV/devicedevvendorlist/ HTTP/1.1" 200 5785
[2021-04-14 13:12:59,216] [basehttp.py:154] [basehttp:log_message] [INFO]- "GET /admin/jsi18n/ HTTP/1.1" 200 7684
[2021-04-14 13:12:59,253] [basehttp.py:154] [basehttp:log_message] [INFO]- "GET /favicon.ico HTTP/1.1" 302 0
[2021-04-14 13:12:59,274] [basehttp.py:154] [basehttp:log_message] [INFO]- "GET /login/ HTTP/1.1" 200 4676
[2021-04-14 13:13:06,326] [basehttp.py:154] [basehttp:log_message] [INFO]- "GET /admin/DeviceLNV/devicedevvendorlist/add/ HTTP/1.1" 200 5722
[2021-04-14 13:13:06,347] [basehttp.py:154] [basehttp:log_message] [INFO]- "GET /admin/jsi18n/ HTTP/1.1" 200 7684
[2021-04-14 13:13:06,375] [basehttp.py:154] [basehttp:log_message] [INFO]- "GET /favicon.ico HTTP/1.1" 302 0
[2021-04-14 13:13:06,402] [basehttp.py:154] [basehttp:log_message] [INFO]- "GET /login/ HTTP/1.1" 200 4676
[2021-04-14 13:13:11,908] [basehttp.py:154] [basehttp:log_message] [INFO]- "GET /admin/DeviceLNV/devicedevvendorlist/ HTTP/1.1" 200 5575
[2021-04-14 13:13:11,958] [basehttp.py:154] [basehttp:log_message] [INFO]- "GET /favicon.ico HTTP/1.1" 302 0
[2021-04-14 13:13:11,990] [basehttp.py:154] [basehttp:log_message] [INFO]- "GET /login/ HTTP/1.1" 200 4676
[2021-04-14 13:13:14,567] [basehttp.py:154] [basehttp:log_message] [INFO]- "GET /admin/DeviceLNV/devicedevvendorlist/add/ HTTP/1.1" 200 5722
[2021-04-14 13:13:14,592] [basehttp.py:154] [basehttp:log_message] [INFO]- "GET /admin/jsi18n/ HTTP/1.1" 200 7684
[2021-04-14 13:13:14,618] [basehttp.py:154] [basehttp:log_message] [INFO]- "GET /favicon.ico HTTP/1.1" 302 0
[2021-04-14 13:13:14,629] [basehttp.py:154] [basehttp:log_message] [INFO]- "GET /login/ HTTP/1.1" 200 4676
[2021-04-14 13:13:18,401] [basehttp.py:154] [basehttp:log_message] [INFO]- "POST /admin/DeviceLNV/devicedevvendorlist/add/ HTTP/1.1" 302 0
[2021-04-14 13:13:18,458] [basehttp.py:154] [basehttp:log_message] [INFO]- "GET /admin/DeviceLNV/devicedevvendorlist/ HTTP/1.1" 200 6089
[2021-04-14 13:13:18,477] [basehttp.py:154] [basehttp:log_message] [INFO]- "GET /admin/jsi18n/ HTTP/1.1" 200 7684
[2021-04-14 13:13:18,510] [basehttp.py:154] [basehttp:log_message] [INFO]- "GET /favicon.ico HTTP/1.1" 302 0
[2021-04-14 13:13:18,519] [basehttp.py:154] [basehttp:log_message] [INFO]- "GET /login/ HTTP/1.1" 200 4676
[2021-04-14 13:13:53,512] [basehttp.py:154] [basehttp:log_message] [INFO]- "GET /admin/DeviceLNV/ HTTP/1.1" 200 4998
[2021-04-14 13:13:53,536] [basehttp.py:154] [basehttp:log_message] [INFO]- "GET /favicon.ico HTTP/1.1" 302 0
[2021-04-14 13:13:53,544] [basehttp.py:154] [basehttp:log_message] [INFO]- "GET /login/ HTTP/1.1" 200 4676
[2021-04-14 13:13:55,949] [basehttp.py:154] [basehttp:log_message] [INFO]- "GET /admin/DeviceLNV/devicedevsizelist/ HTTP/1.1" 200 3798
[2021-04-14 13:13:55,967] [basehttp.py:154] [basehttp:log_message] [INFO]- "GET /admin/jsi18n/ HTTP/1.1" 200 7684
[2021-04-14 13:13:55,992] [basehttp.py:154] [basehttp:log_message] [INFO]- "GET /favicon.ico HTTP/1.1" 302 0
[2021-04-14 13:13:56,000] [basehttp.py:154] [basehttp:log_message] [INFO]- "GET /login/ HTTP/1.1" 200 4676
[2021-04-14 13:13:57,685] [basehttp.py:154] [basehttp:log_message] [INFO]- "GET /admin/DeviceLNV/devicedevsizelist/add/ HTTP/1.1" 200 5656
[2021-04-14 13:13:57,709] [basehttp.py:154] [basehttp:log_message] [INFO]- "GET /admin/jsi18n/ HTTP/1.1" 200 7684
[2021-04-14 13:13:57,740] [basehttp.py:154] [basehttp:log_message] [INFO]- "GET /favicon.ico HTTP/1.1" 302 0
[2021-04-14 13:13:57,748] [basehttp.py:154] [basehttp:log_message] [INFO]- "GET /login/ HTTP/1.1" 200 4676
[2021-04-14 13:14:41,542] [basehttp.py:154] [basehttp:log_message] [INFO]- "GET /admin/DeviceLNV/devicedevvendorlist/add/?_to_field=id&_popup=1 HTTP/1.1" 200 4734
[2021-04-14 13:14:41,566] [basehttp.py:154] [basehttp:log_message] [INFO]- "GET /admin/jsi18n/ HTTP/1.1" 200 7684
[2021-04-14 13:14:41,613] [basehttp.py:154] [basehttp:log_message] [INFO]- "GET /favicon.ico HTTP/1.1" 302 0
[2021-04-14 13:14:41,644] [basehttp.py:154] [basehttp:log_message] [INFO]- "GET /login/ HTTP/1.1" 200 4676
[2021-04-14 13:15:56,913] [basehttp.py:154] [basehttp:log_message] [INFO]- "GET /admin/DeviceLNV/devicedevsizelist/add/ HTTP/1.1" 200 5680
[2021-04-14 13:15:56,948] [basehttp.py:154] [basehttp:log_message] [INFO]- "GET /admin/jsi18n/ HTTP/1.1" 200 7684
[2021-04-14 13:15:56,982] [basehttp.py:154] [basehttp:log_message] [INFO]- "GET /favicon.ico HTTP/1.1" 302 0
[2021-04-14 13:15:56,992] [basehttp.py:154] [basehttp:log_message] [INFO]- "GET /login/ HTTP/1.1" 200 4676
[2021-04-14 13:16:33,151] [basehttp.py:154] [basehttp:log_message] [INFO]- "GET /admin/DeviceLNV/devicedevsizelist/add/ HTTP/1.1" 200 5680
[2021-04-14 13:16:33,197] [basehttp.py:154] [basehttp:log_message] [INFO]- "GET /admin/jsi18n/ HTTP/1.1" 200 7684
[2021-04-14 13:16:33,220] [basehttp.py:154] [basehttp:log_message] [INFO]- "GET /favicon.ico HTTP/1.1" 302 0
[2021-04-14 13:16:33,231] [basehttp.py:154] [basehttp:log_message] [INFO]- "GET /login/ HTTP/1.1" 200 4676
[2021-04-14 13:17:07,041] [basehttp.py:154] [basehttp:log_message] [INFO]- "GET /admin/DeviceLNV/devicedevsizelist/add/ HTTP/1.1" 200 5698
[2021-04-14 13:17:07,093] [basehttp.py:154] [basehttp:log_message] [INFO]- "GET /admin/jsi18n/ HTTP/1.1" 200 7684
[2021-04-14 13:17:07,141] [basehttp.py:154] [basehttp:log_message] [INFO]- "GET /favicon.ico HTTP/1.1" 302 0
[2021-04-14 13:17:07,173] [basehttp.py:154] [basehttp:log_message] [INFO]- "GET /login/ HTTP/1.1" 200 4676
[2021-04-14 14:38:49,129] [basehttp.py:154] [basehttp:log_message] [INFO]- "GET /admin/ HTTP/1.1" 200 15150
[2021-04-14 14:38:49,160] [basehttp.py:154] [basehttp:log_message] [INFO]- "GET /favicon.ico HTTP/1.1" 302 0
[2021-04-14 14:38:49,170] [basehttp.py:154] [basehttp:log_message] [INFO]- "GET /login/ HTTP/1.1" 200 4676
[2021-04-14 14:43:08,869] [basehttp.py:154] [basehttp:log_message] [INFO]- "GET /admin/ HTTP/1.1" 200 18378
[2021-04-14 14:43:08,901] [basehttp.py:154] [basehttp:log_message] [INFO]- "GET /favicon.ico HTTP/1.1" 302 0
[2021-04-14 14:43:08,911] [basehttp.py:154] [basehttp:log_message] [INFO]- "GET /login/ HTTP/1.1" 200 4676
[2021-04-14 14:47:57,049] [basehttp.py:154] [basehttp:log_message] [INFO]- "GET /admin/ HTTP/1.1" 200 18376
[2021-04-14 14:47:57,081] [basehttp.py:154] [basehttp:log_message] [INFO]- "GET /favicon.ico HTTP/1.1" 302 0
[2021-04-14 14:47:57,110] [basehttp.py:154] [basehttp:log_message] [INFO]- "GET /login/ HTTP/1.1" 200 4676
[2021-04-14 14:48:13,964] [basehttp.py:154] [basehttp:log_message] [INFO]- "GET /admin/DeviceABO/deviceabo/ HTTP/1.1" 200 5106
[2021-04-14 14:48:13,992] [basehttp.py:154] [basehttp:log_message] [INFO]- "GET /admin/jsi18n/ HTTP/1.1" 200 7684
[2021-04-14 14:48:14,026] [basehttp.py:154] [basehttp:log_message] [INFO]- "GET /favicon.ico HTTP/1.1" 302 0
[2021-04-14 14:48:14,037] [basehttp.py:154] [basehttp:log_message] [INFO]- "GET /login/ HTTP/1.1" 200 4676
[2021-04-14 14:48:17,010] [basehttp.py:154] [basehttp:log_message] [INFO]- "GET /admin/DeviceABO/deviceabo/add/ HTTP/1.1" 200 25667
[2021-04-14 14:48:17,032] [basehttp.py:154] [basehttp:log_message] [INFO]- "GET /admin/jsi18n/ HTTP/1.1" 200 7684
[2021-04-14 14:48:17,094] [basehttp.py:154] [basehttp:log_message] [INFO]- "GET /favicon.ico HTTP/1.1" 302 0
[2021-04-14 14:48:17,127] [basehttp.py:154] [basehttp:log_message] [INFO]- "GET /login/ HTTP/1.1" 200 4676
[2021-04-14 14:48:53,954] [basehttp.py:154] [basehttp:log_message] [INFO]- "GET /admin/DeviceABO/deviceabo/ HTTP/1.1" 200 5106
[2021-04-14 14:48:53,992] [basehttp.py:154] [basehttp:log_message] [INFO]- "GET /favicon.ico HTTP/1.1" 302 0
[2021-04-14 14:48:54,003] [basehttp.py:154] [basehttp:log_message] [INFO]- "GET /login/ HTTP/1.1" 200 4676
[2021-04-14 14:49:30,887] [basehttp.py:154] [basehttp:log_message] [INFO]- "GET /admin/ HTTP/1.1" 200 18376
[2021-04-14 14:49:30,918] [basehttp.py:154] [basehttp:log_message] [INFO]- "GET /favicon.ico HTTP/1.1" 302 0
[2021-04-14 14:49:30,929] [basehttp.py:154] [basehttp:log_message] [INFO]- "GET /login/ HTTP/1.1" 200 4676
[2021-04-14 14:51:17,968] [basehttp.py:154] [basehttp:log_message] [INFO]- "GET /admin/DeviceABO/deviceintfctgrylist/ HTTP/1.1" 200 3802
[2021-04-14 14:51:17,992] [basehttp.py:154] [basehttp:log_message] [INFO]- "GET /admin/jsi18n/ HTTP/1.1" 200 7684
[2021-04-14 14:51:18,025] [basehttp.py:154] [basehttp:log_message] [INFO]- "GET /favicon.ico HTTP/1.1" 302 0
[2021-04-14 14:51:18,048] [basehttp.py:154] [basehttp:log_message] [INFO]- "GET /login/ HTTP/1.1" 200 4676
[2021-04-14 14:51:25,616] [basehttp.py:154] [basehttp:log_message] [INFO]- "GET /admin/ HTTP/1.1" 200 18376
[2021-04-14 14:51:25,644] [basehttp.py:154] [basehttp:log_message] [INFO]- "GET /favicon.ico HTTP/1.1" 302 0
[2021-04-14 14:51:25,653] [basehttp.py:154] [basehttp:log_message] [INFO]- "GET /login/ HTTP/1.1" 200 4676
[2021-04-14 14:51:28,639] [basehttp.py:154] [basehttp:log_message] [INFO]- "GET /admin/DeviceLNV/deviceintfctgrylist/ HTTP/1.1" 200 5323
[2021-04-14 14:51:28,662] [basehttp.py:154] [basehttp:log_message] [INFO]- "GET /admin/jsi18n/ HTTP/1.1" 200 7684
[2021-04-14 14:51:28,704] [basehttp.py:154] [basehttp:log_message] [INFO]- "GET /favicon.ico HTTP/1.1" 302 0
[2021-04-14 14:51:28,728] [basehttp.py:154] [basehttp:log_message] [INFO]- "GET /login/ HTTP/1.1" 200 4676
[2021-04-14 14:58:05,680] [basehttp.py:154] [basehttp:log_message] [INFO]- "GET /admin/DeviceLNV/deviceintfctgrylist/add/ HTTP/1.1" 200 4108
[2021-04-14 14:58:05,703] [basehttp.py:154] [basehttp:log_message] [INFO]- "GET /admin/jsi18n/ HTTP/1.1" 200 7684
[2021-04-14 14:58:05,735] [basehttp.py:154] [basehttp:log_message] [INFO]- "GET /favicon.ico HTTP/1.1" 302 0
[2021-04-14 14:58:05,769] [basehttp.py:154] [basehttp:log_message] [INFO]- "GET /login/ HTTP/1.1" 200 4676
[2021-04-14 14:58:07,479] [basehttp.py:154] [basehttp:log_message] [INFO]- "GET /admin/DeviceLNV/deviceintfctgrylist/ HTTP/1.1" 200 5323
[2021-04-14 14:58:07,519] [basehttp.py:154] [basehttp:log_message] [INFO]- "GET /favicon.ico HTTP/1.1" 302 0
[2021-04-14 14:58:07,531] [basehttp.py:154] [basehttp:log_message] [INFO]- "GET /login/ HTTP/1.1" 200 4676
[2021-04-14 14:58:09,343] [basehttp.py:154] [basehttp:log_message] [INFO]- "GET /admin/DeviceLNV/ HTTP/1.1" 200 4997
[2021-04-14 14:58:09,369] [basehttp.py:154] [basehttp:log_message] [INFO]- "GET /favicon.ico HTTP/1.1" 302 0
[2021-04-14 14:58:09,379] [basehttp.py:154] [basehttp:log_message] [INFO]- "GET /login/ HTTP/1.1" 200 4676
[2021-04-14 14:58:11,384] [basehttp.py:154] [basehttp:log_message] [INFO]- "GET /admin/DeviceLNV/devicedevctgrylist/ HTTP/1.1" 200 5890
[2021-04-14 14:58:11,422] [basehttp.py:154] [basehttp:log_message] [INFO]- "GET /admin/jsi18n/ HTTP/1.1" 200 7684
[2021-04-14 14:58:11,456] [basehttp.py:154] [basehttp:log_message] [INFO]- "GET /favicon.ico HTTP/1.1" 302 0
[2021-04-14 14:58:11,479] [basehttp.py:154] [basehttp:log_message] [INFO]- "GET /login/ HTTP/1.1" 200 4676
[2021-04-14 14:58:13,191] [basehttp.py:154] [basehttp:log_message] [INFO]- "GET /admin/DeviceLNV/devicedevctgrylist/1/change/ HTTP/1.1" 200 5853
[2021-04-14 14:58:13,230] [basehttp.py:154] [basehttp:log_message] [INFO]- "GET /admin/jsi18n/ HTTP/1.1" 200 7684
[2021-04-14 14:58:13,262] [basehttp.py:154] [basehttp:log_message] [INFO]- "GET /favicon.ico HTTP/1.1" 302 0
[2021-04-14 14:58:13,274] [basehttp.py:154] [basehttp:log_message] [INFO]- "GET /login/ HTTP/1.1" 200 4676
[2021-04-14 14:58:16,390] [basehttp.py:154] [basehttp:log_message] [INFO]- "GET /admin/DeviceLNV/devicedevctgrylist/ HTTP/1.1" 200 5890
[2021-04-14 14:58:16,428] [basehttp.py:154] [basehttp:log_message] [INFO]- "GET /favicon.ico HTTP/1.1" 302 0
[2021-04-14 14:58:16,462] [basehttp.py:154] [basehttp:log_message] [INFO]- "GET /login/ HTTP/1.1" 200 4676
[2021-04-14 14:58:17,468] [basehttp.py:154] [basehttp:log_message] [INFO]- "GET /admin/DeviceLNV/ HTTP/1.1" 200 4997
[2021-04-14 14:58:17,507] [basehttp.py:154] [basehttp:log_message] [INFO]- "GET /favicon.ico HTTP/1.1" 302 0
[2021-04-14 14:58:17,519] [basehttp.py:154] [basehttp:log_message] [INFO]- "GET /login/ HTTP/1.1" 200 4676
[2021-04-14 14:58:20,937] [basehttp.py:154] [basehttp:log_message] [INFO]- "GET /admin/DeviceLNV/devicedevsizelist/ HTTP/1.1" 200 3798
[2021-04-14 14:58:20,959] [basehttp.py:154] [basehttp:log_message] [INFO]- "GET /admin/jsi18n/ HTTP/1.1" 200 7684
[2021-04-14 14:58:20,989] [basehttp.py:154] [basehttp:log_message] [INFO]- "GET /favicon.ico HTTP/1.1" 302 0
[2021-04-14 14:58:21,000] [basehttp.py:154] [basehttp:log_message] [INFO]- "GET /login/ HTTP/1.1" 200 4676
[2021-04-14 14:58:23,280] [basehttp.py:154] [basehttp:log_message] [INFO]- "GET /admin/DeviceLNV/devicedevsizelist/add/ HTTP/1.1" 200 5698
[2021-04-14 14:58:23,302] [basehttp.py:154] [basehttp:log_message] [INFO]- "GET /admin/jsi18n/ HTTP/1.1" 200 7684
[2021-04-14 14:58:23,352] [basehttp.py:154] [basehttp:log_message] [INFO]- "GET /favicon.ico HTTP/1.1" 302 0
[2021-04-14 14:58:23,384] [basehttp.py:154] [basehttp:log_message] [INFO]- "GET /login/ HTTP/1.1" 200 4676
[2021-04-14 14:58:48,472] [basehttp.py:154] [basehttp:log_message] [INFO]- "POST /admin/DeviceLNV/devicedevsizelist/add/ HTTP/1.1" 200 5846
[2021-04-14 14:58:48,516] [basehttp.py:154] [basehttp:log_message] [INFO]- "GET /admin/jsi18n/ HTTP/1.1" 200 7684
[2021-04-14 14:58:48,552] [basehttp.py:154] [basehttp:log_message] [INFO]- "GET /favicon.ico HTTP/1.1" 302 0
[2021-04-14 14:58:48,578] [basehttp.py:154] [basehttp:log_message] [INFO]- "GET /login/ HTTP/1.1" 200 4676
[2021-04-14 14:58:57,310] [basehttp.py:154] [basehttp:log_message] [INFO]- "POST /admin/DeviceLNV/devicedevsizelist/add/ HTTP/1.1" 200 5846
[2021-04-14 14:58:57,335] [basehttp.py:154] [basehttp:log_message] [INFO]- "GET /admin/jsi18n/ HTTP/1.1" 200 7684
[2021-04-14 14:58:57,385] [basehttp.py:154] [basehttp:log_message] [INFO]- "GET /favicon.ico HTTP/1.1" 302 0
[2021-04-14 14:58:57,394] [basehttp.py:154] [basehttp:log_message] [INFO]- "GET /login/ HTTP/1.1" 200 4676
[2021-04-14 14:58:57,605] [basehttp.py:154] [basehttp:log_message] [INFO]- "POST /admin/DeviceLNV/devicedevsizelist/add/ HTTP/1.1" 200 5846
[2021-04-14 14:58:57,629] [basehttp.py:154] [basehttp:log_message] [INFO]- "GET /admin/jsi18n/ HTTP/1.1" 200 7684
[2021-04-14 14:58:57,658] [basehttp.py:154] [basehttp:log_message] [INFO]- "GET /favicon.ico HTTP/1.1" 302 0
[2021-04-14 14:58:57,666] [basehttp.py:154] [basehttp:log_message] [INFO]- "GET /login/ HTTP/1.1" 200 4676
[2021-04-14 15:12:42,262] [basehttp.py:154] [basehttp:log_message] [INFO]- "POST /admin/DeviceLNV/devicedevsizelist/add/ HTTP/1.1" 302 0
[2021-04-14 15:12:42,321] [basehttp.py:154] [basehttp:log_message] [INFO]- "GET /admin/DeviceLNV/devicedevsizelist/ HTTP/1.1" 200 5793
[2021-04-14 15:12:42,342] [basehttp.py:154] [basehttp:log_message] [INFO]- "GET /admin/jsi18n/ HTTP/1.1" 200 7684
[2021-04-14 15:12:42,404] [basehttp.py:154] [basehttp:log_message] [INFO]- "GET /favicon.ico HTTP/1.1" 302 0
[2021-04-14 15:12:42,438] [basehttp.py:154] [basehttp:log_message] [INFO]- "GET /login/ HTTP/1.1" 200 4676
[2021-04-14 15:18:14,363] [basehttp.py:154] [basehttp:log_message] [INFO]- "GET /admin/DeviceLNV/devicedevsizelist/1/change/ HTTP/1.1" 200 5974
[2021-04-14 15:18:14,387] [basehttp.py:154] [basehttp:log_message] [INFO]- "GET /admin/jsi18n/ HTTP/1.1" 200 7684
[2021-04-14 15:18:14,412] [basehttp.py:154] [basehttp:log_message] [INFO]- "GET /favicon.ico HTTP/1.1" 302 0
[2021-04-14 15:18:14,423] [basehttp.py:154] [basehttp:log_message] [INFO]- "GET /login/ HTTP/1.1" 200 4676
[2021-04-14 15:18:17,283] [basehttp.py:154] [basehttp:log_message] [INFO]- "GET /admin/DeviceLNV/devicedevsizelist/ HTTP/1.1" 200 5554
[2021-04-14 15:18:17,325] [basehttp.py:154] [basehttp:log_message] [INFO]- "GET /favicon.ico HTTP/1.1" 302 0
[2021-04-14 15:18:17,350] [basehttp.py:154] [basehttp:log_message] [INFO]- "GET /login/ HTTP/1.1" 200 4676
[2021-04-14 15:18:26,710] [basehttp.py:154] [basehttp:log_message] [INFO]- "GET /admin/DeviceLNV/devicedevsizelist/1/change/ HTTP/1.1" 200 5974
[2021-04-14 15:18:26,733] [basehttp.py:154] [basehttp:log_message] [INFO]- "GET /admin/jsi18n/ HTTP/1.1" 200 7684
[2021-04-14 15:18:26,783] [basehttp.py:154] [basehttp:log_message] [INFO]- "GET /favicon.ico HTTP/1.1" 302 0
[2021-04-14 15:18:26,816] [basehttp.py:154] [basehttp:log_message] [INFO]- "GET /login/ HTTP/1.1" 200 4676
[2021-04-14 15:18:28,879] [basehttp.py:154] [basehttp:log_message] [INFO]- "GET /admin/DeviceLNV/devicedevsizelist/ HTTP/1.1" 200 5554
[2021-04-14 15:18:28,918] [basehttp.py:154] [basehttp:log_message] [INFO]- "GET /favicon.ico HTTP/1.1" 302 0
[2021-04-14 15:18:28,945] [basehttp.py:154] [basehttp:log_message] [INFO]- "GET /login/ HTTP/1.1" 200 4676
[2021-04-14 15:32:22,421] [basehttp.py:154] [basehttp:log_message] [INFO]- "GET /admin/DeviceLNV/devicedevsizelist/?Devsize=-- HTTP/1.1" 200 5733
[2021-04-14 15:32:22,462] [basehttp.py:154] [basehttp:log_message] [INFO]- "GET /admin/jsi18n/ HTTP/1.1" 200 7684
[2021-04-14 15:32:22,500] [basehttp.py:154] [basehttp:log_message] [INFO]- "GET /favicon.ico HTTP/1.1" 302 0
[2021-04-14 15:32:22,523] [basehttp.py:154] [basehttp:log_message] [INFO]- "GET /login/ HTTP/1.1" 200 4676
[2021-04-14 15:32:23,606] [basehttp.py:154] [basehttp:log_message] [INFO]- "GET /admin/DeviceLNV/devicedevsizelist/? HTTP/1.1" 200 5554
[2021-04-14 15:32:23,641] [basehttp.py:154] [basehttp:log_message] [INFO]- "GET /admin/jsi18n/ HTTP/1.1" 200 7684
[2021-04-14 15:32:23,674] [basehttp.py:154] [basehttp:log_message] [INFO]- "GET /favicon.ico HTTP/1.1" 302 0
[2021-04-14 15:32:23,684] [basehttp.py:154] [basehttp:log_message] [INFO]- "GET /login/ HTTP/1.1" 200 4676
[2021-04-14 15:32:30,177] [basehttp.py:154] [basehttp:log_message] [INFO]- "GET /admin/DeviceLNV/devicedevsizelist/1/change/ HTTP/1.1" 200 5974
[2021-04-14 15:32:30,200] [basehttp.py:154] [basehttp:log_message] [INFO]- "GET /admin/jsi18n/ HTTP/1.1" 200 7684
[2021-04-14 15:32:30,226] [basehttp.py:154] [basehttp:log_message] [INFO]- "GET /favicon.ico HTTP/1.1" 302 0
[2021-04-14 15:32:30,236] [basehttp.py:154] [basehttp:log_message] [INFO]- "GET /login/ HTTP/1.1" 200 4676
[2021-04-14 15:49:31,576] [basehttp.py:154] [basehttp:log_message] [INFO]- "GET /admin/DeviceLNV/devicedevsizelist/1/history/ HTTP/1.1" 200 2481
[2021-04-14 15:49:31,609] [basehttp.py:154] [basehttp:log_message] [INFO]- "GET /favicon.ico HTTP/1.1" 302 0
[2021-04-14 15:49:31,617] [basehttp.py:154] [basehttp:log_message] [INFO]- "GET /login/ HTTP/1.1" 200 4676
[2021-04-14 15:49:45,031] [basehttp.py:154] [basehttp:log_message] [INFO]- "GET /admin/DeviceLNV/devicedevsizelist/1/change/ HTTP/1.1" 200 5974
[2021-04-14 15:49:45,090] [basehttp.py:154] [basehttp:log_message] [INFO]- "GET /favicon.ico HTTP/1.1" 302 0
[2021-04-14 15:49:45,100] [basehttp.py:154] [basehttp:log_message] [INFO]- "GET /login/ HTTP/1.1" 200 4676
[2021-04-14 15:54:46,146] [basehttp.py:154] [basehttp:log_message] [INFO]- "GET /admin/DeviceLNV/devicedevsizelist/1/history/ HTTP/1.1" 200 2481
[2021-04-14 15:54:46,173] [basehttp.py:154] [basehttp:log_message] [INFO]- "GET /favicon.ico HTTP/1.1" 302 0
[2021-04-14 15:54:46,183] [basehttp.py:154] [basehttp:log_message] [INFO]- "GET /login/ HTTP/1.1" 200 4676
[2021-04-14 15:54:47,981] [basehttp.py:154] [basehttp:log_message] [INFO]- "GET /admin/DeviceLNV/devicedevsizelist/1/change/ HTTP/1.1" 200 5974
[2021-04-14 15:54:48,046] [basehttp.py:154] [basehttp:log_message] [INFO]- "GET /favicon.ico HTTP/1.1" 302 0
[2021-04-14 15:54:48,078] [basehttp.py:154] [basehttp:log_message] [INFO]- "GET /login/ HTTP/1.1" 200 4676
[2021-04-14 15:54:55,391] [basehttp.py:154] [basehttp:log_message] [INFO]- "GET /admin/DeviceLNV/devicedevsizelist/? HTTP/1.1" 200 5554
[2021-04-14 15:54:55,470] [basehttp.py:154] [basehttp:log_message] [INFO]- "GET /favicon.ico HTTP/1.1" 302 0
[2021-04-14 15:54:55,479] [basehttp.py:154] [basehttp:log_message] [INFO]- "GET /login/ HTTP/1.1" 200 4676
[2021-04-14 15:54:56,691] [basehttp.py:154] [basehttp:log_message] [INFO]- "GET /admin/DeviceLNV/devicedevsizelist/add/ HTTP/1.1" 200 5698
[2021-04-14 15:54:56,720] [basehttp.py:154] [basehttp:log_message] [INFO]- "GET /admin/jsi18n/ HTTP/1.1" 200 7684
[2021-04-14 15:54:56,751] [basehttp.py:154] [basehttp:log_message] [INFO]- "GET /favicon.ico HTTP/1.1" 302 0
[2021-04-14 15:54:56,761] [basehttp.py:154] [basehttp:log_message] [INFO]- "GET /login/ HTTP/1.1" 200 4676
[2021-04-14 15:55:03,817] [basehttp.py:154] [basehttp:log_message] [INFO]- "GET /admin/DeviceLNV/devicedevsizelist/? HTTP/1.1" 200 5554
[2021-04-14 15:55:03,869] [basehttp.py:154] [basehttp:log_message] [INFO]- "GET /favicon.ico HTTP/1.1" 302 0
[2021-04-14 15:55:03,883] [basehttp.py:154] [basehttp:log_message] [INFO]- "GET /login/ HTTP/1.1" 200 4676
[2021-04-14 15:55:07,773] [basehttp.py:154] [basehttp:log_message] [INFO]- "GET /admin/DeviceLNV/devicedevsizelist/add/ HTTP/1.1" 200 5698
[2021-04-14 15:55:07,794] [basehttp.py:154] [basehttp:log_message] [INFO]- "GET /admin/jsi18n/ HTTP/1.1" 200 7684
[2021-04-14 15:55:07,846] [basehttp.py:154] [basehttp:log_message] [INFO]- "GET /favicon.ico HTTP/1.1" 302 0
[2021-04-14 15:55:07,879] [basehttp.py:154] [basehttp:log_message] [INFO]- "GET /login/ HTTP/1.1" 200 4676
[2021-04-14 15:55:19,447] [basehttp.py:154] [basehttp:log_message] [INFO]- "POST /admin/DeviceLNV/devicedevsizelist/add/ HTTP/1.1" 302 0
[2021-04-14 15:55:19,482] [basehttp.py:154] [basehttp:log_message] [INFO]- "GET /admin/DeviceLNV/devicedevsizelist/ HTTP/1.1" 200 6113
[2021-04-14 15:55:19,504] [basehttp.py:154] [basehttp:log_message] [INFO]- "GET /admin/jsi18n/ HTTP/1.1" 200 7684
[2021-04-14 15:55:19,547] [basehttp.py:154] [basehttp:log_message] [INFO]- "GET /favicon.ico HTTP/1.1" 302 0
[2021-04-14 15:55:19,557] [basehttp.py:154] [basehttp:log_message] [INFO]- "GET /login/ HTTP/1.1" 200 4676
