[2023-09-22 11:54:00,819] [basehttp.py:154] [basehttp:log_message] [INFO]- "GET / HTTP/1.1" 302 0
[2023-09-22 11:54:00,834] [basehttp.py:154] [basehttp:log_message] [INFO]- "GET /login/ HTTP/1.1" 200 4823
[2023-09-22 11:54:01,544] [basehttp.py:154] [basehttp:log_message] [INFO]- "GET /favicon.ico HTTP/1.1" 302 0
[2023-09-22 11:54:01,548] [basehttp.py:154] [basehttp:log_message] [INFO]- "GET /login/ HTTP/1.1" 200 4823
[2023-09-22 11:54:02,863] [UserIP.py:89] [UserIP:process_response] [CRITICAL]- 系统错误
[2023-09-22 11:54:02,890] [basehttp.py:154] [basehttp:log_message] [INFO]- "POST /login/ HTTP/1.1" 302 0
[2023-09-22 11:54:02,939] [basehttp.py:154] [basehttp:log_message] [INFO]- "GET /index/ HTTP/1.1" 200 31897
[2023-09-22 11:54:03,270] [basehttp.py:154] [basehttp:log_message] [INFO]- "GET /index/ HTTP/1.1" 200 31897
[2023-09-22 11:54:04,434] [UserIP.py:87] [UserIP:process_response] [INFO]- 2023-09-22 11:54:04 C1010S3>Cao.Edwin None>LAPTOP-EJP4HNEV>543 127.0.0.1 127.0.0.1 /index/ POST
[2023-09-22 11:54:04,442] [basehttp.py:154] [basehttp:log_message] [INFO]- "POST /index/ HTTP/1.1" 200 1433
[2023-09-22 11:54:04,769] [log.py:228] [log:log_response] [WARNING]- Not Found: /media/img/UserInfo/Jully_Li.jpg
[2023-09-22 11:54:04,770] [basehttp.py:154] [basehttp:log_message] [WARNING]- "GET /media/img/UserInfo/Jully_Li.jpg HTTP/1.1" 404 1803
[2023-09-22 11:54:05,289] [basehttp.py:154] [basehttp:log_message] [INFO]- "GET /favicon.ico HTTP/1.1" 200 22820
[2023-09-22 11:54:11,352] [basehttp.py:154] [basehttp:log_message] [INFO]- "GET /admin/ HTTP/1.1" 302 0
[2023-09-22 11:54:11,408] [basehttp.py:154] [basehttp:log_message] [INFO]- "GET /admin/login/?next=/admin/ HTTP/1.1" 200 4026
[2023-09-22 11:54:11,604] [basehttp.py:154] [basehttp:log_message] [INFO]- "GET /favicon.ico HTTP/1.1" 200 22820
[2023-09-22 11:54:19,488] [UserIP.py:89] [UserIP:process_response] [CRITICAL]- 系统错误
[2023-09-22 11:54:19,553] [basehttp.py:154] [basehttp:log_message] [INFO]- "POST /admin/login/?next=/admin/ HTTP/1.1" 302 0
[2023-09-22 11:54:20,286] [basehttp.py:154] [basehttp:log_message] [INFO]- "GET /admin/ HTTP/1.1" 200 35088
[2023-09-22 11:54:20,559] [basehttp.py:154] [basehttp:log_message] [INFO]- "GET /favicon.ico HTTP/1.1" 200 22820
[2023-09-22 11:54:37,401] [basehttp.py:154] [basehttp:log_message] [INFO]- "GET /favicon.ico HTTP/1.1" 200 22820
[2023-09-22 11:54:37,618] [basehttp.py:154] [basehttp:log_message] [INFO]- "GET /admin/app01/menu/ HTTP/1.1" 200 47307
[2023-09-22 11:54:37,666] [basehttp.py:154] [basehttp:log_message] [INFO]- "GET /admin/jsi18n/ HTTP/1.1" 200 7684
[2023-09-22 11:54:52,865] [basehttp.py:154] [basehttp:log_message] [INFO]- "GET /admin/app01/menu/add/ HTTP/1.1" 200 20357
[2023-09-22 11:54:52,920] [basehttp.py:154] [basehttp:log_message] [INFO]- "GET /admin/jsi18n/ HTTP/1.1" 200 7684
[2023-09-22 11:54:58,067] [basehttp.py:154] [basehttp:log_message] [INFO]- "GET /admin/app01/menu/ HTTP/1.1" 200 47307
[2023-09-22 11:54:58,134] [basehttp.py:154] [basehttp:log_message] [INFO]- "GET /admin/jsi18n/ HTTP/1.1" 200 7684
[2023-09-22 11:54:59,666] [basehttp.py:154] [basehttp:log_message] [INFO]- "GET /admin/app01/menu/9/change/ HTTP/1.1" 200 20980
[2023-09-22 11:54:59,700] [basehttp.py:154] [basehttp:log_message] [INFO]- "GET /admin/jsi18n/ HTTP/1.1" 200 7684
[2023-09-22 11:55:15,304] [basehttp.py:154] [basehttp:log_message] [INFO]- "GET /admin/app01/menu/ HTTP/1.1" 200 47307
[2023-09-22 11:55:15,393] [basehttp.py:154] [basehttp:log_message] [INFO]- "GET /admin/jsi18n/ HTTP/1.1" 200 7684
[2023-09-22 11:55:16,632] [basehttp.py:154] [basehttp:log_message] [INFO]- "GET /admin/app01/menu/add/ HTTP/1.1" 200 20357
[2023-09-22 11:55:16,704] [basehttp.py:154] [basehttp:log_message] [INFO]- "GET /admin/jsi18n/ HTTP/1.1" 200 7684
[2023-09-22 11:55:33,750] [UserIP.py:89] [UserIP:process_response] [CRITICAL]- 系统错误
[2023-09-22 11:55:33,763] [basehttp.py:154] [basehttp:log_message] [INFO]- "POST /admin/app01/menu/add/ HTTP/1.1" 302 0
[2023-09-22 11:55:34,051] [basehttp.py:154] [basehttp:log_message] [INFO]- "GET /admin/app01/menu/ HTTP/1.1" 200 47950
[2023-09-22 11:55:34,129] [basehttp.py:154] [basehttp:log_message] [INFO]- "GET /admin/jsi18n/ HTTP/1.1" 200 7684
[2023-09-22 11:55:41,717] [basehttp.py:154] [basehttp:log_message] [INFO]- "GET /favicon.ico HTTP/1.1" 200 22820
[2023-09-22 11:55:42,022] [basehttp.py:154] [basehttp:log_message] [INFO]- "GET /admin/app01/permission/ HTTP/1.1" 200 91860
[2023-09-22 11:55:42,053] [basehttp.py:154] [basehttp:log_message] [INFO]- "GET /admin/jsi18n/ HTTP/1.1" 200 7684
[2023-09-22 11:55:43,560] [basehttp.py:154] [basehttp:log_message] [INFO]- "GET /admin/app01/permission/64/change/ HTTP/1.1" 200 21583
[2023-09-22 11:55:43,624] [basehttp.py:154] [basehttp:log_message] [INFO]- "GET /admin/jsi18n/ HTTP/1.1" 200 7684
[2023-09-22 11:55:49,264] [basehttp.py:154] [basehttp:log_message] [INFO]- "GET /admin/app01/permission/ HTTP/1.1" 200 91860
[2023-09-22 11:55:49,349] [basehttp.py:154] [basehttp:log_message] [INFO]- "GET /admin/jsi18n/ HTTP/1.1" 200 7684
[2023-09-22 11:55:50,725] [basehttp.py:154] [basehttp:log_message] [INFO]- "GET /admin/app01/permission/19/change/ HTTP/1.1" 200 21589
[2023-09-22 11:55:50,821] [basehttp.py:154] [basehttp:log_message] [INFO]- "GET /admin/jsi18n/ HTTP/1.1" 200 7684
[2023-09-22 11:55:56,583] [basehttp.py:154] [basehttp:log_message] [INFO]- "GET /favicon.ico HTTP/1.1" 200 22820
[2023-09-22 11:55:57,957] [basehttp.py:154] [basehttp:log_message] [INFO]- "GET /admin/app01/menu/add/ HTTP/1.1" 200 20403
[2023-09-22 11:55:57,998] [basehttp.py:154] [basehttp:log_message] [INFO]- "GET /admin/jsi18n/ HTTP/1.1" 200 7684
[2023-09-22 11:56:00,539] [basehttp.py:154] [basehttp:log_message] [INFO]- "GET /admin/app01/menu/ HTTP/1.1" 200 47824
[2023-09-22 11:56:00,591] [basehttp.py:154] [basehttp:log_message] [INFO]- "GET /admin/jsi18n/ HTTP/1.1" 200 7684
[2023-09-22 11:56:01,627] [basehttp.py:154] [basehttp:log_message] [INFO]- "GET /favicon.ico HTTP/1.1" 200 22820
[2023-09-22 11:56:01,962] [basehttp.py:154] [basehttp:log_message] [INFO]- "GET /admin/app01/permission/ HTTP/1.1" 200 91860
[2023-09-22 11:56:01,995] [basehttp.py:154] [basehttp:log_message] [INFO]- "GET /admin/jsi18n/ HTTP/1.1" 200 7684
[2023-09-22 11:56:03,350] [basehttp.py:154] [basehttp:log_message] [INFO]- "GET /admin/app01/permission/add/ HTTP/1.1" 200 20928
[2023-09-22 11:56:03,390] [basehttp.py:154] [basehttp:log_message] [INFO]- "GET /admin/jsi18n/ HTTP/1.1" 200 7684
[2023-09-22 11:56:52,097] [UserIP.py:89] [UserIP:process_response] [CRITICAL]- 系统错误
[2023-09-22 11:56:52,109] [basehttp.py:154] [basehttp:log_message] [INFO]- "POST /admin/app01/permission/add/ HTTP/1.1" 302 0
[2023-09-22 11:56:52,592] [basehttp.py:154] [basehttp:log_message] [INFO]- "GET /admin/app01/permission/ HTTP/1.1" 200 92877
[2023-09-22 11:56:52,643] [basehttp.py:154] [basehttp:log_message] [INFO]- "GET /admin/jsi18n/ HTTP/1.1" 200 7684
[2023-09-22 12:00:58,334] [basehttp.py:154] [basehttp:log_message] [INFO]- "GET /favicon.ico HTTP/1.1" 200 22820
[2023-09-22 12:00:58,358] [basehttp.py:154] [basehttp:log_message] [INFO]- "GET /admin/app01/role/ HTTP/1.1" 200 38057
[2023-09-22 12:00:58,402] [basehttp.py:154] [basehttp:log_message] [INFO]- "GET /admin/jsi18n/ HTTP/1.1" 200 7684
[2023-09-22 12:01:00,006] [basehttp.py:154] [basehttp:log_message] [INFO]- "GET /admin/app01/role/add/ HTTP/1.1" 200 24233
[2023-09-22 12:01:00,041] [basehttp.py:154] [basehttp:log_message] [INFO]- "GET /admin/jsi18n/ HTTP/1.1" 200 7684
[2023-09-22 12:01:04,486] [basehttp.py:154] [basehttp:log_message] [INFO]- "GET /admin/app01/role/ HTTP/1.1" 200 38057
[2023-09-22 12:01:04,539] [basehttp.py:154] [basehttp:log_message] [INFO]- "GET /admin/jsi18n/ HTTP/1.1" 200 7684
[2023-09-22 12:01:09,656] [basehttp.py:154] [basehttp:log_message] [INFO]- "GET /admin/app01/role/add/ HTTP/1.1" 200 24233
[2023-09-22 12:01:09,706] [basehttp.py:154] [basehttp:log_message] [INFO]- "GET /admin/jsi18n/ HTTP/1.1" 200 7684
[2023-09-22 12:01:35,682] [UserIP.py:89] [UserIP:process_response] [CRITICAL]- 系统错误
[2023-09-22 12:01:35,694] [basehttp.py:154] [basehttp:log_message] [INFO]- "POST /admin/app01/role/add/ HTTP/1.1" 302 0
[2023-09-22 12:01:35,929] [basehttp.py:154] [basehttp:log_message] [INFO]- "GET /admin/app01/role/ HTTP/1.1" 200 38719
[2023-09-22 12:01:35,980] [basehttp.py:154] [basehttp:log_message] [INFO]- "GET /admin/jsi18n/ HTTP/1.1" 200 7684
[2023-09-22 12:01:37,918] [basehttp.py:154] [basehttp:log_message] [INFO]- "GET /admin/app01/role/add/ HTTP/1.1" 200 24233
[2023-09-22 12:01:37,958] [basehttp.py:154] [basehttp:log_message] [INFO]- "GET /admin/jsi18n/ HTTP/1.1" 200 7684
[2023-09-22 12:01:50,039] [UserIP.py:89] [UserIP:process_response] [CRITICAL]- 系统错误
[2023-09-22 12:01:50,048] [basehttp.py:154] [basehttp:log_message] [INFO]- "POST /admin/app01/role/add/ HTTP/1.1" 302 0
[2023-09-22 12:01:50,219] [basehttp.py:154] [basehttp:log_message] [INFO]- "GET /admin/app01/role/ HTTP/1.1" 200 39254
[2023-09-22 12:01:50,274] [basehttp.py:154] [basehttp:log_message] [INFO]- "GET /admin/jsi18n/ HTTP/1.1" 200 7684
[2023-09-22 12:01:55,373] [basehttp.py:154] [basehttp:log_message] [INFO]- "GET /admin/app01/role/1/change/ HTTP/1.1" 200 25500
[2023-09-22 12:01:55,453] [basehttp.py:154] [basehttp:log_message] [INFO]- "GET /admin/jsi18n/ HTTP/1.1" 200 7684
[2023-09-22 12:01:59,663] [UserIP.py:89] [UserIP:process_response] [CRITICAL]- 系统错误
[2023-09-22 12:01:59,680] [basehttp.py:154] [basehttp:log_message] [INFO]- "POST /admin/app01/role/1/change/ HTTP/1.1" 302 0
[2023-09-22 12:01:59,844] [basehttp.py:154] [basehttp:log_message] [INFO]- "GET /admin/app01/role/ HTTP/1.1" 200 39242
[2023-09-22 12:01:59,886] [basehttp.py:154] [basehttp:log_message] [INFO]- "GET /admin/jsi18n/ HTTP/1.1" 200 7684
[2023-09-22 12:02:01,347] [basehttp.py:154] [basehttp:log_message] [INFO]- "GET / HTTP/1.1" 200 22820
[2023-09-22 12:02:01,733] [basehttp.py:154] [basehttp:log_message] [INFO]- "GET /favicon.ico HTTP/1.1" 200 22820
[2023-09-22 12:02:05,669] [basehttp.py:154] [basehttp:log_message] [INFO]- "GET /logout/ HTTP/1.1" 302 0
[2023-09-22 12:02:05,675] [basehttp.py:154] [basehttp:log_message] [INFO]- "GET /login/ HTTP/1.1" 200 4823
[2023-09-22 12:02:05,819] [basehttp.py:154] [basehttp:log_message] [INFO]- "GET /favicon.ico HTTP/1.1" 302 0
[2023-09-22 12:02:05,825] [basehttp.py:154] [basehttp:log_message] [INFO]- "GET /login/ HTTP/1.1" 200 4823
[2023-09-22 12:02:07,625] [UserIP.py:89] [UserIP:process_response] [CRITICAL]- 系统错误
[2023-09-22 12:02:07,649] [basehttp.py:154] [basehttp:log_message] [INFO]- "POST /login/ HTTP/1.1" 302 0
[2023-09-22 12:02:07,731] [basehttp.py:154] [basehttp:log_message] [INFO]- "GET /index/ HTTP/1.1" 200 32190
[2023-09-22 12:02:07,902] [basehttp.py:154] [basehttp:log_message] [INFO]- "GET /index/ HTTP/1.1" 200 32190
[2023-09-22 12:02:08,146] [UserIP.py:87] [UserIP:process_response] [INFO]- 2023-09-22 12:02:08 C1010S3>Cao.Edwin None>LAPTOP-EJP4HNEV>543 127.0.0.1 127.0.0.1 /index/ POST
[2023-09-22 12:02:08,156] [basehttp.py:154] [basehttp:log_message] [INFO]- "POST /index/ HTTP/1.1" 200 1433
[2023-09-22 12:02:08,231] [log.py:228] [log:log_response] [WARNING]- Not Found: /media/img/UserInfo/Jully_Li.jpg
[2023-09-22 12:02:08,233] [basehttp.py:154] [basehttp:log_message] [WARNING]- "GET /media/img/UserInfo/Jully_Li.jpg HTTP/1.1" 404 1803
[2023-09-22 12:02:08,289] [basehttp.py:154] [basehttp:log_message] [INFO]- "GET /favicon.ico HTTP/1.1" 200 23113
[2023-09-22 12:02:11,173] [basehttp.py:154] [basehttp:log_message] [INFO]- "GET /WirelessAP/Borrowed/ HTTP/1.1" 200 128
[2023-09-22 12:02:11,280] [basehttp.py:154] [basehttp:log_message] [INFO]- "GET /favicon.ico HTTP/1.1" 200 23113
[2023-09-22 12:02:13,582] [basehttp.py:154] [basehttp:log_message] [INFO]- "GET /index/ HTTP/1.1" 200 32190
[2023-09-22 12:02:13,814] [UserIP.py:87] [UserIP:process_response] [INFO]- 2023-09-22 12:02:13 C1010S3>Cao.Edwin None>LAPTOP-EJP4HNEV>543 127.0.0.1 127.0.0.1 /index/ POST
[2023-09-22 12:02:13,826] [basehttp.py:154] [basehttp:log_message] [INFO]- "POST /index/ HTTP/1.1" 200 1433
[2023-09-22 12:02:13,937] [basehttp.py:154] [basehttp:log_message] [INFO]- "GET /favicon.ico HTTP/1.1" 200 23113
[2023-09-22 12:08:11,120] [basehttp.py:154] [basehttp:log_message] [INFO]- "GET /logout/ HTTP/1.1" 302 0
[2023-09-22 12:08:11,128] [basehttp.py:154] [basehttp:log_message] [INFO]- "GET /login/ HTTP/1.1" 200 4823
[2023-09-22 12:08:11,336] [basehttp.py:154] [basehttp:log_message] [INFO]- "GET /favicon.ico HTTP/1.1" 302 0
[2023-09-22 12:08:11,342] [basehttp.py:154] [basehttp:log_message] [INFO]- "GET /login/ HTTP/1.1" 200 4823
[2023-09-22 12:08:13,243] [UserIP.py:89] [UserIP:process_response] [CRITICAL]- 系统错误
[2023-09-22 12:08:13,273] [basehttp.py:154] [basehttp:log_message] [INFO]- "POST /login/ HTTP/1.1" 302 0
[2023-09-22 12:08:13,375] [basehttp.py:154] [basehttp:log_message] [INFO]- "GET /index/ HTTP/1.1" 200 32217
[2023-09-22 12:08:13,512] [basehttp.py:154] [basehttp:log_message] [INFO]- "GET /index/ HTTP/1.1" 200 32217
[2023-09-22 12:08:13,656] [UserIP.py:87] [UserIP:process_response] [INFO]- 2023-09-22 12:08:13 C1010S3>Cao.Edwin None>LAPTOP-EJP4HNEV>543 127.0.0.1 127.0.0.1 /index/ POST
[2023-09-22 12:08:13,665] [basehttp.py:154] [basehttp:log_message] [INFO]- "POST /index/ HTTP/1.1" 200 1433
[2023-09-22 12:08:13,748] [log.py:228] [log:log_response] [WARNING]- Not Found: /media/img/UserInfo/Jully_Li.jpg
[2023-09-22 12:08:13,749] [basehttp.py:154] [basehttp:log_message] [WARNING]- "GET /media/img/UserInfo/Jully_Li.jpg HTTP/1.1" 404 1803
[2023-09-22 12:08:13,792] [basehttp.py:154] [basehttp:log_message] [INFO]- "GET /favicon.ico HTTP/1.1" 200 23140
[2023-09-22 12:08:53,502] [basehttp.py:154] [basehttp:log_message] [INFO]- "GET /DeviceCQT88/BorrowedDeviceCQT88/ HTTP/1.1" 200 58116
[2023-09-22 12:08:53,634] [basehttp.py:154] [basehttp:log_message] [INFO]- "GET /DeviceCQT88/BorrowedDeviceCQT88/ HTTP/1.1" 200 58116
[2023-09-22 12:08:53,932] [UserIP.py:87] [UserIP:process_response] [INFO]- 2023-09-22 12:08:53 C1010S3>Cao.Edwin None>LAPTOP-EJP4HNEV>543 127.0.0.1 127.0.0.1 /DeviceCQT88/BorrowedDeviceCQT88/ POST
[2023-09-22 12:08:53,944] [basehttp.py:154] [basehttp:log_message] [INFO]- "POST /DeviceCQT88/BorrowedDeviceCQT88/ HTTP/1.1" 200 186
[2023-09-22 12:08:54,104] [basehttp.py:154] [basehttp:log_message] [INFO]- "GET /favicon.ico HTTP/1.1" 200 23140
[2023-09-22 13:13:40,317] [basehttp.py:154] [basehttp:log_message] [INFO]- "GET /WirelessAP/Borrowed/ HTTP/1.1" 200 128
[2023-09-22 13:13:40,559] [basehttp.py:154] [basehttp:log_message] [INFO]- "GET /favicon.ico HTTP/1.1" 200 23140
[2023-09-22 13:13:42,241] [basehttp.py:154] [basehttp:log_message] [INFO]- "GET /DeviceCQT88/BorrowedDeviceCQT88/ HTTP/1.1" 200 58116
[2023-09-22 13:13:42,640] [UserIP.py:87] [UserIP:process_response] [INFO]- 2023-09-22 13:13:42 C1010S3>Cao.Edwin None>LAPTOP-EJP4HNEV>543 127.0.0.1 127.0.0.1 /DeviceCQT88/BorrowedDeviceCQT88/ POST
[2023-09-22 13:13:42,672] [basehttp.py:154] [basehttp:log_message] [INFO]- "POST /DeviceCQT88/BorrowedDeviceCQT88/ HTTP/1.1" 200 186
[2023-09-22 13:13:42,800] [basehttp.py:154] [basehttp:log_message] [INFO]- "GET /favicon.ico HTTP/1.1" 200 23140
[2023-09-22 13:29:51,907] [basehttp.py:154] [basehttp:log_message] [INFO]- "GET /admin/ HTTP/1.1" 302 0
[2023-09-22 13:29:51,980] [basehttp.py:154] [basehttp:log_message] [INFO]- "GET /admin/login/?next=/admin/ HTTP/1.1" 200 4026
[2023-09-22 13:29:52,454] [basehttp.py:154] [basehttp:log_message] [INFO]- "GET /favicon.ico HTTP/1.1" 200 23140
[2023-09-22 13:29:59,101] [UserIP.py:89] [UserIP:process_response] [CRITICAL]- 系统错误
[2023-09-22 13:29:59,112] [basehttp.py:154] [basehttp:log_message] [INFO]- "POST /admin/login/?next=/admin/ HTTP/1.1" 302 0
[2023-09-22 13:29:59,790] [basehttp.py:154] [basehttp:log_message] [INFO]- "GET /admin/ HTTP/1.1" 200 34938
[2023-09-22 13:30:00,156] [basehttp.py:154] [basehttp:log_message] [INFO]- "GET /favicon.ico HTTP/1.1" 200 23140
[2023-09-22 13:31:14,712] [basehttp.py:154] [basehttp:log_message] [INFO]- "GET /admin/ HTTP/1.1" 200 34938
[2023-09-22 13:31:15,224] [basehttp.py:154] [basehttp:log_message] [INFO]- "GET /favicon.ico HTTP/1.1" 200 23140
[2023-09-22 13:31:25,101] [basehttp.py:154] [basehttp:log_message] [INFO]- "GET /admin/ HTTP/1.1" 200 34938
[2023-09-22 13:31:25,562] [basehttp.py:154] [basehttp:log_message] [INFO]- "GET /favicon.ico HTTP/1.1" 200 23140
[2023-09-22 13:31:31,954] [basehttp.py:154] [basehttp:log_message] [INFO]- "GET /admin/ HTTP/1.1" 200 34938
[2023-09-22 13:31:32,206] [basehttp.py:154] [basehttp:log_message] [INFO]- "GET /favicon.ico HTTP/1.1" 200 23140
[2023-09-22 13:35:59,566] [basehttp.py:154] [basehttp:log_message] [INFO]- "GET /admin/ HTTP/1.1" 200 35276
[2023-09-22 13:36:00,983] [basehttp.py:154] [basehttp:log_message] [INFO]- "GET /favicon.ico HTTP/1.1" 200 23140
[2023-09-22 13:36:02,618] [basehttp.py:154] [basehttp:log_message] [INFO]- "GET /favicon.ico HTTP/1.1" 200 23140
[2023-09-22 13:36:02,760] [basehttp.py:154] [basehttp:log_message] [INFO]- "GET /admin/WirelessAP/wirelessap/ HTTP/1.1" 200 41322
[2023-09-22 13:36:02,806] [basehttp.py:154] [basehttp:log_message] [INFO]- "GET /admin/jsi18n/ HTTP/1.1" 200 7684
[2023-09-22 13:36:05,039] [basehttp.py:154] [basehttp:log_message] [INFO]- "GET /admin/WirelessAP/wirelessap/add/ HTTP/1.1" 200 33818
[2023-09-22 13:36:05,063] [basehttp.py:154] [basehttp:log_message] [INFO]- "GET /static/admin/js/admin/DateTimeShortcuts.js HTTP/1.1" 304 0
[2023-09-22 13:36:05,064] [basehttp.py:154] [basehttp:log_message] [INFO]- "GET /static/admin/js/calendar.js HTTP/1.1" 304 0
[2023-09-22 13:36:05,065] [basehttp.py:154] [basehttp:log_message] [INFO]- "GET /static/admin/js/collapse.js HTTP/1.1" 200 1183
[2023-09-22 13:36:05,082] [basehttp.py:154] [basehttp:log_message] [INFO]- "GET /admin/jsi18n/ HTTP/1.1" 200 7684
[2023-09-22 13:36:05,134] [basehttp.py:154] [basehttp:log_message] [INFO]- "GET /static/admin/img/icon-calendar.svg HTTP/1.1" 304 0
[2023-09-22 13:36:05,134] [basehttp.py:154] [basehttp:log_message] [INFO]- "GET /static/admin/img/icon-clock.svg HTTP/1.1" 200 686
[2023-09-22 13:39:54,576] [basehttp.py:154] [basehttp:log_message] [INFO]- "GET /admin/WirelessAP/wirelessap/ HTTP/1.1" 200 41322
[2023-09-22 16:52:28,479] [basehttp.py:154] [basehttp:log_message] [INFO]- "GET /Summary/ HTTP/1.1" 200 37518
[2023-09-22 16:52:28,630] [basehttp.py:154] [basehttp:log_message] [INFO]- "GET /Summary/ HTTP/1.1" 200 37518
[2023-09-22 16:52:28,954] [UserIP.py:87] [UserIP:process_response] [INFO]- 2023-09-22 16:52:28 C1010S3>Cao.Edwin None>LAPTOP-EJP4HNEV>543 127.0.0.1 127.0.0.1 /Summary/ POST
[2023-09-22 16:52:28,966] [basehttp.py:154] [basehttp:log_message] [INFO]- "POST /Summary/ HTTP/1.1" 200 17477
[2023-09-22 16:52:29,156] [basehttp.py:154] [basehttp:log_message] [INFO]- "GET /favicon.ico HTTP/1.1" 200 23140
[2023-09-22 16:52:33,055] [basehttp.py:154] [basehttp:log_message] [INFO]- "GET /WirelessAP/Borrowed/ HTTP/1.1" 200 128
[2023-09-22 16:52:33,154] [basehttp.py:154] [basehttp:log_message] [INFO]- "GET /favicon.ico HTTP/1.1" 200 23140
[2023-09-22 16:52:35,582] [basehttp.py:154] [basehttp:log_message] [INFO]- "GET /Summary/ HTTP/1.1" 200 37518
[2023-09-22 16:52:35,884] [UserIP.py:87] [UserIP:process_response] [INFO]- 2023-09-22 16:52:35 C1010S3>Cao.Edwin None>LAPTOP-EJP4HNEV>543 127.0.0.1 127.0.0.1 /Summary/ POST
[2023-09-22 16:52:35,897] [basehttp.py:154] [basehttp:log_message] [INFO]- "POST /Summary/ HTTP/1.1" 200 17477
[2023-09-22 16:52:36,045] [basehttp.py:154] [basehttp:log_message] [INFO]- "GET /favicon.ico HTTP/1.1" 200 23140
[2023-09-22 16:52:39,732] [basehttp.py:154] [basehttp:log_message] [INFO]- "GET /SysAdmin/UserInfo-edit/ HTTP/1.1" 200 39422
[2023-09-22 16:52:39,846] [basehttp.py:154] [basehttp:log_message] [INFO]- "GET /SysAdmin/UserInfo-edit/ HTTP/1.1" 200 39422
[2023-09-22 16:52:40,143] [basehttp.py:154] [basehttp:log_message] [INFO]- "GET /favicon.ico HTTP/1.1" 200 23140
[2023-09-22 16:52:40,352] [UserIP.py:87] [UserIP:process_response] [INFO]- 2023-09-22 16:52:40 C1010S3>Cao.Edwin None>LAPTOP-EJP4HNEV>543 127.0.0.1 127.0.0.1 /SysAdmin/UserInfo-edit/ POST
[2023-09-22 16:52:40,363] [basehttp.py:154] [basehttp:log_message] [INFO]- "POST /SysAdmin/UserInfo-edit/ HTTP/1.1" 200 70734
[2023-09-22 16:52:44,675] [UserIP.py:87] [UserIP:process_response] [INFO]- 2023-09-22 16:52:44 C1010S3>Cao.Edwin None>LAPTOP-EJP4HNEV>543 127.0.0.1 127.0.0.1 /SysAdmin/UserInfo-edit/ POST
[2023-09-22 16:52:44,685] [basehttp.py:154] [basehttp:log_message] [INFO]- "POST /SysAdmin/UserInfo-edit/ HTTP/1.1" 200 70734
