[2019-12-26 08:37:58,769] [basehttp.py:154] [basehttp:log_message] [INFO]- "GET /TestPlanME/TestPlanME-edit/ HTTP/1.1" 200 58444
[2019-12-26 08:38:21,564] [basehttp.py:154] [basehttp:log_message] [INFO]- "GET /TestPlanME/TestPlanME-edit/?action=get&csrfmiddlewaretoken=7bHWjjp0TIJeanNy7tiFhMrQJw7QJNVsxsfKEDFkarmLPjeGMEYx6pIoJ3R8FstV HTTP/1.1" 200 167
[2019-12-26 08:38:21,735] [basehttp.py:154] [basehttp:log_message] [INFO]- "GET /favicon.ico HTTP/1.1" 200 14470
[2019-12-26 08:38:48,922] [basehttp.py:154] [basehttp:log_message] [INFO]- "GET /admin/ HTTP/1.1" 200 14813
[2019-12-26 08:38:48,969] [basehttp.py:154] [basehttp:log_message] [INFO]- "GET /static/admin/css/fonts.css HTTP/1.1" 200 423
[2019-12-26 08:38:49,044] [basehttp.py:154] [basehttp:log_message] [INFO]- "GET /favicon.ico HTTP/1.1" 200 14470
[2019-12-26 08:38:49,062] [basehttp.py:154] [basehttp:log_message] [INFO]- "GET /static/admin/fonts/Roboto-Light-webfont.woff HTTP/1.1" 200 81348
[2019-12-26 08:38:49,066] [basehttp.py:154] [basehttp:log_message] [INFO]- "GET /static/admin/fonts/Roboto-Regular-webfont.woff HTTP/1.1" 200 80304
[2019-12-26 08:38:51,981] [basehttp.py:154] [basehttp:log_message] [INFO]- "GET /admin/TestPlanME/testitemme/ HTTP/1.1" 200 22520
[2019-12-26 08:38:52,024] [basehttp.py:154] [basehttp:log_message] [INFO]- "GET /admin/jsi18n/ HTTP/1.1" 200 3185
[2019-12-26 08:38:52,166] [basehttp.py:154] [basehttp:log_message] [INFO]- "GET /favicon.ico HTTP/1.1" 200 14470
[2019-12-26 08:38:54,119] [basehttp.py:154] [basehttp:log_message] [INFO]- "GET /admin/TestPlanME/testitemme/add/ HTTP/1.1" 200 9318
[2019-12-26 08:38:54,154] [basehttp.py:154] [basehttp:log_message] [INFO]- "GET /admin/jsi18n/ HTTP/1.1" 200 3185
[2019-12-26 08:38:54,229] [basehttp.py:154] [basehttp:log_message] [INFO]- "GET /favicon.ico HTTP/1.1" 200 14470
[2019-12-26 08:39:44,889] [basehttp.py:154] [basehttp:log_message] [INFO]- "GET /admin/TestPlanME/testitemme/add/ HTTP/1.1" 200 9370
[2019-12-26 08:39:44,934] [basehttp.py:154] [basehttp:log_message] [INFO]- "GET /admin/jsi18n/ HTTP/1.1" 200 3185
[2019-12-26 08:39:45,041] [basehttp.py:154] [basehttp:log_message] [INFO]- "GET /favicon.ico HTTP/1.1" 200 14470
[2019-12-26 08:40:01,167] [basehttp.py:154] [basehttp:log_message] [INFO]- "POST /admin/TestPlanME/testitemme/add/ HTTP/1.1" 302 0
[2019-12-26 08:40:01,250] [basehttp.py:154] [basehttp:log_message] [INFO]- "GET /admin/TestPlanME/testitemme/ HTTP/1.1" 200 22938
[2019-12-26 08:40:01,288] [basehttp.py:154] [basehttp:log_message] [INFO]- "GET /admin/jsi18n/ HTTP/1.1" 200 3185
[2019-12-26 08:40:01,333] [basehttp.py:154] [basehttp:log_message] [INFO]- "GET /static/admin/img/icon-yes.svg HTTP/1.1" 200 436
[2019-12-26 08:40:01,432] [basehttp.py:154] [basehttp:log_message] [INFO]- "GET /favicon.ico HTTP/1.1" 200 14470
[2019-12-26 08:40:04,935] [basehttp.py:154] [basehttp:log_message] [INFO]- "GET /admin/ HTTP/1.1" 200 14849
[2019-12-26 08:40:05,005] [basehttp.py:154] [basehttp:log_message] [INFO]- "GET /favicon.ico HTTP/1.1" 200 14470
[2019-12-26 08:40:07,339] [basehttp.py:154] [basehttp:log_message] [INFO]- "GET /admin/TestPlanME/testprojectme/ HTTP/1.1" 200 5460
[2019-12-26 08:40:07,382] [basehttp.py:154] [basehttp:log_message] [INFO]- "GET /admin/jsi18n/ HTTP/1.1" 200 3185
[2019-12-26 08:40:07,453] [basehttp.py:154] [basehttp:log_message] [INFO]- "GET /favicon.ico HTTP/1.1" 200 14470
[2019-12-26 08:40:09,024] [basehttp.py:154] [basehttp:log_message] [INFO]- "GET /admin/TestPlanME/testprojectme/add/ HTTP/1.1" 200 6545
[2019-12-26 08:40:09,060] [basehttp.py:154] [basehttp:log_message] [INFO]- "GET /admin/jsi18n/ HTTP/1.1" 200 3185
[2019-12-26 08:40:09,123] [basehttp.py:154] [basehttp:log_message] [INFO]- "GET /favicon.ico HTTP/1.1" 200 14470
[2019-12-26 08:40:24,897] [basehttp.py:154] [basehttp:log_message] [INFO]- "POST /admin/TestPlanME/testprojectme/add/ HTTP/1.1" 302 0
[2019-12-26 08:40:24,938] [basehttp.py:154] [basehttp:log_message] [INFO]- "GET /admin/TestPlanME/testprojectme/ HTTP/1.1" 200 5906
[2019-12-26 08:40:24,974] [basehttp.py:154] [basehttp:log_message] [INFO]- "GET /admin/jsi18n/ HTTP/1.1" 200 3185
[2019-12-26 08:40:25,040] [basehttp.py:154] [basehttp:log_message] [INFO]- "GET /favicon.ico HTTP/1.1" 200 14470
[2019-12-26 08:40:29,387] [basehttp.py:154] [basehttp:log_message] [INFO]- "GET /admin/ HTTP/1.1" 200 14900
[2019-12-26 08:40:29,442] [basehttp.py:154] [basehttp:log_message] [INFO]- "GET /favicon.ico HTTP/1.1" 200 14470
[2019-12-26 08:40:31,599] [basehttp.py:154] [basehttp:log_message] [INFO]- "GET /index/ HTTP/1.1" 200 21448
[2019-12-26 08:40:53,429] [basehttp.py:154] [basehttp:log_message] [INFO]- "GET /favicon.ico HTTP/1.1" 200 14470
[2019-12-26 08:40:55,269] [basehttp.py:154] [basehttp:log_message] [INFO]- "GET /admin/ HTTP/1.1" 302 0
[2019-12-26 08:40:55,291] [basehttp.py:154] [basehttp:log_message] [INFO]- "GET /login/ HTTP/1.1" 200 4677
[2019-12-26 08:40:55,327] [basehttp.py:154] [basehttp:log_message] [INFO]- "GET /static/vendor/fontawesome-free/css/all.min.css HTTP/1.1" 200 54641
[2019-12-26 08:40:55,332] [basehttp.py:154] [basehttp:log_message] [INFO]- "GET /static/css/test1.css HTTP/1.1" 200 29531
[2019-12-26 08:40:55,346] [basehttp.py:154] [basehttp:log_message] [INFO]- "GET /static/css/bootstrap.min.css HTTP/1.1" 200 144877
[2019-12-26 08:40:55,349] [basehttp.py:154] [basehttp:log_message] [INFO]- "GET /static/css/sb-admin.css HTTP/1.1" 200 214832
[2019-12-26 08:40:55,369] [basehttp.py:154] [basehttp:log_message] [INFO]- "GET /static/vendor/jquery-easing/jquery.easing.min.js HTTP/1.1" 200 2532
[2019-12-26 08:40:55,440] [basehttp.py:154] [basehttp:log_message] [INFO]- "GET /static/vendor/bootstrap/js/bootstrap.bundle.min.js HTTP/1.1" 200 76308
[2019-12-26 08:40:55,451] [basehttp.py:154] [basehttp:log_message] [INFO]- "GET /static/src/ocean.jpg HTTP/1.1" 200 90112
[2019-12-26 08:40:55,468] [basehttp.py:154] [basehttp:log_message] [INFO]- "GET /static/vendor/jquery/jquery.min.js HTTP/1.1" 200 86927
[2019-12-26 08:40:55,486] [basehttp.py:154] [basehttp:log_message] [ERROR]- "GET /static/src/ocean.jpg HTTP/1.1" 500 59
[2019-12-26 08:40:58,374] [basehttp.py:154] [basehttp:log_message] [INFO]- "POST /login/ HTTP/1.1" 302 0
[2019-12-26 08:40:58,442] [basehttp.py:154] [basehttp:log_message] [INFO]- "GET /index/ HTTP/1.1" 200 21449
[2019-12-26 08:40:58,535] [basehttp.py:154] [basehttp:log_message] [INFO]- "GET /static/css/lib/themify-icons.css HTTP/1.1" 200 17551
[2019-12-26 08:40:58,558] [basehttp.py:154] [basehttp:log_message] [INFO]- "GET /static/css/lib/chartist/chartist.min.css HTTP/1.1" 200 11508
[2019-12-26 08:40:58,561] [basehttp.py:154] [basehttp:log_message] [INFO]- "GET /static/download_UPK/element-ui@2.12.0/lib/theme-chalk/index.css HTTP/1.1" 200 232694
[2019-12-26 08:40:58,572] [basehttp.py:154] [basehttp:log_message] [INFO]- "GET /static/css/lib/calendar2/pignose.calendar.min.css HTTP/1.1" 200 14709
[2019-12-26 08:40:58,590] [basehttp.py:154] [basehttp:log_message] [INFO]- "GET /static/css/lib/font-awesome.min.css HTTP/1.1" 200 38722
[2019-12-26 08:40:58,596] [basehttp.py:154] [basehttp:log_message] [INFO]- "GET /static/css/lib/helper.css HTTP/1.1" 200 55773
[2019-12-26 08:40:58,606] [basehttp.py:154] [basehttp:log_message] [INFO]- "GET /static/css/lib/menubar/sidebar.css HTTP/1.1" 200 17210
[2019-12-26 08:40:58,619] [basehttp.py:154] [basehttp:log_message] [INFO]- "GET /static/css/lib/owl.theme.default.min.css HTTP/1.1" 200 1003
[2019-12-26 08:40:58,640] [basehttp.py:154] [basehttp:log_message] [INFO]- "GET /static/css/lib/owl.carousel.min.css HTTP/1.1" 200 3011
[2019-12-26 08:40:58,655] [basehttp.py:154] [basehttp:log_message] [INFO]- "GET /static/css/lib/weather-icons.css HTTP/1.1" 200 30752
[2019-12-26 08:40:58,666] [basehttp.py:154] [basehttp:log_message] [INFO]- "GET /static/css/uploadbutton.css HTTP/1.1" 200 175
[2019-12-26 08:40:58,690] [basehttp.py:154] [basehttp:log_message] [INFO]- "GET /static/src/back/call.png HTTP/1.1" 200 1850
[2019-12-26 08:40:58,692] [basehttp.py:154] [basehttp:log_message] [INFO]- "GET /static/css/bootstrap.min.css HTTP/1.1" 200 144877
[2019-12-26 08:40:58,703] [basehttp.py:154] [basehttp:log_message] [INFO]- "GET /static/src/back/mail.png HTTP/1.1" 200 3002
[2019-12-26 08:40:58,737] [basehttp.py:154] [basehttp:log_message] [INFO]- "GET /static/js/lib/preloader/pace.min.js HTTP/1.1" 200 26566
[2019-12-26 08:40:58,741] [log.py:228] [log:log_response] [WARNING]- Not Found: /static/jquery-3.2.1.js
[2019-12-26 08:40:58,745] [basehttp.py:154] [basehttp:log_message] [WARNING]- "GET /static/jquery-3.2.1.js HTTP/1.1" 404 77
[2019-12-26 08:40:58,761] [basehttp.py:154] [basehttp:log_message] [INFO]- "GET /static/js/scripts.js HTTP/1.1" 200 1906
[2019-12-26 08:40:58,788] [basehttp.py:154] [basehttp:log_message] [INFO]- "GET /static/js/lib/menubar/sidebar.js HTTP/1.1" 200 7278
[2019-12-26 08:40:58,797] [basehttp.py:154] [basehttp:log_message] [INFO]- "GET /static/js/lib/calendar-2/pignose.init.js HTTP/1.1" 200 258
[2019-12-26 08:40:58,823] [basehttp.py:154] [basehttp:log_message] [INFO]- "GET /static/src/back/001.png HTTP/1.1" 200 2015
[2019-12-26 08:40:58,846] [basehttp.py:154] [basehttp:log_message] [INFO]- "GET /static/js/lib/owl-carousel/owl.carousel-init.js HTTP/1.1" 200 1044
[2019-12-26 08:40:58,857] [basehttp.py:154] [basehttp:log_message] [INFO]- "GET /static/js/lib/calendar-2/moment.latest.min.js HTTP/1.1" 200 61317
[2019-12-26 08:40:58,885] [basehttp.py:154] [basehttp:log_message] [INFO]- "GET /static/js/lib/calendar-2/pignose.calendar.min.js HTTP/1.1" 200 24265
[2019-12-26 08:40:58,903] [basehttp.py:154] [basehttp:log_message] [INFO]- "GET /static/js/lib/jquery.min.js HTTP/1.1" 200 97362
[2019-12-26 08:40:58,930] [basehttp.py:154] [basehttp:log_message] [INFO]- "GET /static/js/lib/circle-progress/circle-progress.min.js HTTP/1.1" 200 4453
[2019-12-26 08:40:58,958] [basehttp.py:154] [basehttp:log_message] [INFO]- "GET /static/js/lib/bootstrap.min.js HTTP/1.1" 200 69782
[2019-12-26 08:40:58,959] [basehttp.py:154] [basehttp:log_message] [INFO]- "GET /static/js/lib/sparklinechart/sparkline.init.js HTTP/1.1" 200 9974
[2019-12-26 08:40:58,969] [basehttp.py:154] [basehttp:log_message] [INFO]- "GET /static/js/lib/jquery.nanoscroller.min.js HTTP/1.1" 200 12394
[2019-12-26 08:40:58,998] [basehttp.py:154] [basehttp:log_message] [INFO]- "GET /static/js/lib/sparklinechart/jquery.sparkline.min.js HTTP/1.1" 200 43247
[2019-12-26 08:40:59,007] [basehttp.py:154] [basehttp:log_message] [INFO]- "GET /static/js/xlsx/xlsx.js HTTP/1.1" 200 4975
[2019-12-26 08:40:59,019] [basehttp.py:154] [basehttp:log_message] [INFO]- "GET /static/css/style.css HTTP/1.1" 200 91465
[2019-12-26 08:40:59,038] [basehttp.py:154] [basehttp:log_message] [INFO]- "GET /static/js/datapicker.js HTTP/1.1" 200 11813
[2019-12-26 08:40:59,081] [basehttp.py:154] [basehttp:log_message] [INFO]- "GET /static/js/lib/circle-progress/circle-progress-init.js HTTP/1.1" 200 1252
[2019-12-26 08:40:59,090] [basehttp.py:154] [basehttp:log_message] [INFO]- "GET /static/js/lib/calendar-2/prism.min.js HTTP/1.1" 200 8822
[2019-12-26 08:40:59,128] [basehttp.py:154] [basehttp:log_message] [INFO]- "GET /static/js/date.js HTTP/1.1" 200 764
[2019-12-26 08:40:59,145] [basehttp.py:154] [basehttp:log_message] [INFO]- "GET /static/js/lib/owl-carousel/owl.carousel.min.js HTTP/1.1" 200 42854
[2019-12-26 08:40:59,200] [basehttp.py:154] [basehttp:log_message] [INFO]- "GET /static/vendor/datatables/jquery.dataTables.js HTTP/1.1" 200 447606
[2019-12-26 08:40:59,342] [basehttp.py:154] [basehttp:log_message] [INFO]- "GET /static/js/lib/calendar-2/semantic.ui.min.js HTTP/1.1" 200 287763
[2019-12-26 08:40:59,500] [basehttp.py:154] [basehttp:log_message] [INFO]- "GET /static/js/xlsx/xlsx.core.min.js HTTP/1.1" 200 480558
[2019-12-26 08:41:05,750] [basehttp.py:154] [basehttp:log_message] [INFO]- "GET /TestPlanME/TestPlanME-edit/ HTTP/1.1" 200 58444
[2019-12-26 08:41:13,219] [basehttp.py:154] [basehttp:log_message] [INFO]- "GET /static/src/sunny.jpg HTTP/1.1" 200 136474
[2019-12-26 08:41:13,279] [basehttp.py:154] [basehttp:log_message] [INFO]- "GET /static/css/admin/assets/fonts/themify.woff?-fvbane HTTP/1.1" 200 0
[2019-12-26 08:41:13,297] [basehttp.py:154] [basehttp:log_message] [INFO]- "GET /static/fonts/fontawesome-webfont.woff2?v=4.7.0 HTTP/1.1" 200 77160
[2019-12-26 08:41:13,300] [basehttp.py:154] [basehttp:log_message] [INFO]- "GET /static/fonts/themify.woff?-fvbane HTTP/1.1" 200 56108
[2019-12-26 08:41:13,363] [basehttp.py:154] [basehttp:log_message] [INFO]- "GET /static/css/admin/assets/fonts/themify.ttf?-fvbane HTTP/1.1" 200 0
[2019-12-26 08:41:28,477] [basehttp.py:154] [basehttp:log_message] [INFO]- "GET /TestPlanME/TestPlanME-edit/?action=get&csrfmiddlewaretoken=ZQwicH5HmEqO6r92HmXg3bZ6gDto3Ye1p746x1l1Dn3lLnAamxD8SOgEgadGZDMu HTTP/1.1" 200 222
[2019-12-26 08:41:28,714] [basehttp.py:154] [basehttp:log_message] [INFO]- "GET /favicon.ico HTTP/1.1" 200 14470
[2019-12-26 08:41:33,025] [basehttp.py:154] [basehttp:log_message] [INFO]- "GET /TestPlanME/TestPlanME-edit/?action=search&customer=C38(NB)-SMB&project=SMBTest&phase=0&csrfmiddlewaretoken=ZQwicH5HmEqO6r92HmXg3bZ6gDto3Ye1p746x1l1Dn3lLnAamxD8SOgEgadGZDMu HTTP/1.1" 200 415
[2019-12-26 08:55:11,822] [basehttp.py:154] [basehttp:log_message] [INFO]- "POST /login/ HTTP/1.1" 302 0
[2019-12-26 08:55:11,864] [basehttp.py:154] [basehttp:log_message] [INFO]- "GET /index/ HTTP/1.1" 200 21448
[2019-12-26 08:55:11,967] [basehttp.py:154] [basehttp:log_message] [INFO]- "GET /static/css/lib/calendar2/pignose.calendar.min.css HTTP/1.1" 200 14709
[2019-12-26 08:55:11,978] [basehttp.py:154] [basehttp:log_message] [INFO]- "GET /static/download_UPK/element-ui@2.12.0/lib/theme-chalk/index.css HTTP/1.1" 200 232694
[2019-12-26 08:55:11,998] [basehttp.py:154] [basehttp:log_message] [INFO]- "GET /static/css/lib/chartist/chartist.min.css HTTP/1.1" 200 11508
[2019-12-26 08:55:12,009] [basehttp.py:154] [basehttp:log_message] [INFO]- "GET /static/css/lib/font-awesome.min.css HTTP/1.1" 200 38722
[2019-12-26 08:55:12,042] [basehttp.py:154] [basehttp:log_message] [INFO]- "GET /static/css/lib/themify-icons.css HTTP/1.1" 200 17551
[2019-12-26 08:55:12,052] [basehttp.py:154] [basehttp:log_message] [INFO]- "GET /static/css/lib/owl.carousel.min.css HTTP/1.1" 200 3011
[2019-12-26 08:55:12,074] [basehttp.py:154] [basehttp:log_message] [INFO]- "GET /static/css/lib/owl.theme.default.min.css HTTP/1.1" 200 1003
[2019-12-26 08:55:12,082] [basehttp.py:154] [basehttp:log_message] [INFO]- "GET /static/css/lib/weather-icons.css HTTP/1.1" 200 30752
[2019-12-26 08:55:12,092] [basehttp.py:154] [basehttp:log_message] [INFO]- "GET /static/css/lib/menubar/sidebar.css HTTP/1.1" 200 17210
[2019-12-26 08:55:12,120] [basehttp.py:154] [basehttp:log_message] [INFO]- "GET /static/css/bootstrap.min.css HTTP/1.1" 200 144877
[2019-12-26 08:55:12,127] [basehttp.py:154] [basehttp:log_message] [INFO]- "GET /static/css/lib/helper.css HTTP/1.1" 200 55773
[2019-12-26 08:55:12,140] [basehttp.py:154] [basehttp:log_message] [INFO]- "GET /static/css/style.css HTTP/1.1" 200 91465
[2019-12-26 08:55:12,156] [log.py:228] [log:log_response] [WARNING]- Not Found: /static/jquery-3.2.1.js
[2019-12-26 08:55:12,157] [basehttp.py:154] [basehttp:log_message] [WARNING]- "GET /static/jquery-3.2.1.js HTTP/1.1" 404 77
[2019-12-26 08:55:12,165] [basehttp.py:154] [basehttp:log_message] [INFO]- "GET /static/css/uploadbutton.css HTTP/1.1" 200 175
[2019-12-26 08:55:12,175] [basehttp.py:154] [basehttp:log_message] [INFO]- "GET /static/src/back/001.png HTTP/1.1" 200 2015
[2019-12-26 08:55:12,180] [basehttp.py:154] [basehttp:log_message] [INFO]- "GET /static/src/back/mail.png HTTP/1.1" 200 3002
[2019-12-26 08:55:12,246] [basehttp.py:154] [basehttp:log_message] [INFO]- "GET /static/js/lib/jquery.nanoscroller.min.js HTTP/1.1" 200 12394
[2019-12-26 08:55:12,299] [basehttp.py:154] [basehttp:log_message] [INFO]- "GET /static/js/lib/menubar/sidebar.js HTTP/1.1" 200 7278
[2019-12-26 08:55:12,368] [basehttp.py:154] [basehttp:log_message] [INFO]- "GET /static/js/lib/jquery.min.js HTTP/1.1" 200 97362
[2019-12-26 08:55:12,374] [basehttp.py:154] [basehttp:log_message] [INFO]- "GET /static/js/lib/preloader/pace.min.js HTTP/1.1" 200 26566
[2019-12-26 08:55:12,426] [basehttp.py:154] [basehttp:log_message] [INFO]- "GET /static/js/scripts.js HTTP/1.1" 200 1906
[2019-12-26 08:55:12,507] [basehttp.py:154] [basehttp:log_message] [INFO]- "GET /static/js/lib/bootstrap.min.js HTTP/1.1" 200 69782
[2019-12-26 08:55:12,536] [basehttp.py:154] [basehttp:log_message] [INFO]- "GET /static/js/lib/calendar-2/moment.latest.min.js HTTP/1.1" 200 61317
[2019-12-26 08:55:12,575] [basehttp.py:154] [basehttp:log_message] [INFO]- "GET /static/js/lib/calendar-2/pignose.init.js HTTP/1.1" 200 258
[2019-12-26 08:55:12,596] [basehttp.py:154] [basehttp:log_message] [INFO]- "GET /static/js/lib/calendar-2/pignose.calendar.min.js HTTP/1.1" 200 24265
[2019-12-26 08:55:12,627] [basehttp.py:154] [basehttp:log_message] [INFO]- "GET /static/js/lib/circle-progress/circle-progress-init.js HTTP/1.1" 200 1252
[2019-12-26 08:55:12,634] [basehttp.py:154] [basehttp:log_message] [INFO]- "GET /static/js/lib/circle-progress/circle-progress.min.js HTTP/1.1" 200 4453
[2019-12-26 08:55:12,678] [basehttp.py:154] [basehttp:log_message] [INFO]- "GET /static/js/lib/sparklinechart/sparkline.init.js HTTP/1.1" 200 9974
[2019-12-26 08:55:12,730] [basehttp.py:154] [basehttp:log_message] [INFO]- "GET /static/js/lib/sparklinechart/jquery.sparkline.min.js HTTP/1.1" 200 43247
[2019-12-26 08:55:12,771] [basehttp.py:154] [basehttp:log_message] [INFO]- "GET /static/js/lib/owl-carousel/owl.carousel.min.js HTTP/1.1" 200 42854
[2019-12-26 08:55:12,777] [basehttp.py:154] [basehttp:log_message] [INFO]- "GET /static/js/lib/owl-carousel/owl.carousel-init.js HTTP/1.1" 200 1044
[2019-12-26 08:55:12,821] [basehttp.py:154] [basehttp:log_message] [INFO]- "GET /static/js/date.js HTTP/1.1" 200 764
[2019-12-26 08:55:12,915] [basehttp.py:154] [basehttp:log_message] [INFO]- "GET /static/vendor/datatables/jquery.dataTables.js HTTP/1.1" 200 447606
[2019-12-26 08:55:12,971] [basehttp.py:154] [basehttp:log_message] [INFO]- "GET /static/js/xlsx/xlsx.js HTTP/1.1" 200 4975
[2019-12-26 08:55:13,030] [basehttp.py:154] [basehttp:log_message] [INFO]- "GET /static/js/datapicker.js HTTP/1.1" 200 11813
[2019-12-26 08:55:13,330] [basehttp.py:154] [basehttp:log_message] [INFO]- "GET /static/js/lib/calendar-2/semantic.ui.min.js HTTP/1.1" 200 287763
[2019-12-26 08:55:13,354] [basehttp.py:154] [basehttp:log_message] [INFO]- "GET /static/js/xlsx/xlsx.core.min.js HTTP/1.1" 200 480558
[2019-12-26 08:55:13,414] [basehttp.py:154] [basehttp:log_message] [INFO]- "GET /static/js/lib/calendar-2/prism.min.js HTTP/1.1" 200 8822
[2019-12-26 08:55:13,419] [basehttp.py:154] [basehttp:log_message] [INFO]- "GET /static/src/back/call.png HTTP/1.1" 200 1850
[2019-12-26 08:55:33,512] [basehttp.py:154] [basehttp:log_message] [INFO]- "GET /static/css/admin/assets/fonts/themify.woff?-fvbane HTTP/1.1" 200 0
[2019-12-26 08:55:33,539] [basehttp.py:154] [basehttp:log_message] [INFO]- "GET /static/fonts/fontawesome-webfont.woff2?v=4.7.0 HTTP/1.1" 200 77160
[2019-12-26 08:55:33,558] [basehttp.py:154] [basehttp:log_message] [INFO]- "GET /static/css/admin/assets/fonts/themify.ttf?-fvbane HTTP/1.1" 200 0
[2019-12-26 08:55:33,576] [basehttp.py:154] [basehttp:log_message] [INFO]- "GET /static/src/blue.jpg HTTP/1.1" 200 60343
[2019-12-26 08:55:33,708] [basehttp.py:154] [basehttp:log_message] [INFO]- "GET /static/fonts/themify.woff?-fvbane HTTP/1.1" 200 56108
[2019-12-26 08:55:33,753] [basehttp.py:154] [basehttp:log_message] [INFO]- "GET /favicon.ico HTTP/1.1" 200 14470
[2019-12-26 15:29:43,379] [basehttp.py:154] [basehttp:log_message] [INFO]- "GET /TestPlanME/TestPlanME-edit/ HTTP/1.1" 200 58444
[2019-12-26 15:29:43,544] [log.py:228] [log:log_response] [WARNING]- Not Found: /static/jquery-3.2.1.js
[2019-12-26 15:29:43,546] [basehttp.py:154] [basehttp:log_message] [WARNING]- "GET /static/jquery-3.2.1.js HTTP/1.1" 404 77
[2019-12-26 15:29:43,557] [basehttp.py:154] [basehttp:log_message] [INFO]- "GET /static/css/ElementUI.css HTTP/1.1" 200 232696
[2019-12-26 15:29:43,562] [basehttp.py:154] [basehttp:log_message] [INFO]- "GET /static/css/bouncing.css HTTP/1.1" 200 2137
[2019-12-26 15:29:43,579] [basehttp.py:154] [basehttp:log_message] [INFO]- "GET /static/css/bouncing_edit.css HTTP/1.1" 200 6053
[2019-12-26 15:29:43,716] [basehttp.py:154] [basehttp:log_message] [INFO]- "GET /static/js/es6/polyfill.min.js HTTP/1.1" 200 97799
[2019-12-26 15:29:43,796] [basehttp.py:154] [basehttp:log_message] [INFO]- "GET /static/js/axios.min.js HTTP/1.1" 200 13696
[2019-12-26 15:29:43,956] [basehttp.py:154] [basehttp:log_message] [INFO]- "GET /static/js/vue.min.js HTTP/1.1" 200 93675
[2019-12-26 15:29:44,034] [basehttp.py:154] [basehttp:log_message] [INFO]- "GET /static/js/qs.js HTTP/1.1" 200 25398
[2019-12-26 15:29:44,114] [basehttp.py:154] [basehttp:log_message] [INFO]- "GET /static/js/xlsx/FileSaver.min.js HTTP/1.1" 200 2611
[2019-12-26 15:29:44,174] [basehttp.py:154] [basehttp:log_message] [INFO]- "GET /static/js/Element/table.js HTTP/1.1" 200 28389
[2019-12-26 15:29:44,220] [basehttp.py:154] [basehttp:log_message] [INFO]- "GET /static/js/Element/main.js HTTP/1.1" 200 8726
[2019-12-26 15:29:44,281] [basehttp.py:154] [basehttp:log_message] [INFO]- "GET /static/js/Element/input.js HTTP/1.1" 200 29207
[2019-12-26 15:29:44,344] [basehttp.py:154] [basehttp:log_message] [INFO]- "GET /static/js/es6/babel.min.js HTTP/1.1" 200 791258
[2019-12-26 15:29:44,347] [basehttp.py:154] [basehttp:log_message] [INFO]- "GET /static/js/Element/table-column.js HTTP/1.1" 200 28341
[2019-12-26 15:29:44,404] [basehttp.py:154] [basehttp:log_message] [INFO]- "GET /static/js/Element/icon.js HTTP/1.1" 200 8700
[2019-12-26 15:29:44,899] [basehttp.py:154] [basehttp:log_message] [INFO]- "GET /static/js/Element/index.js HTTP/1.1" 200 563790
[2019-12-26 15:30:10,180] [basehttp.py:154] [basehttp:log_message] [INFO]- "GET /TestPlanME/TestPlanME-edit/?action=get&csrfmiddlewaretoken=N2ZSdXXsbL96p5Sf3SZ6KRFCM2KNKnhggUGUwtEAGgc4MrC8LlzOwwoZKPh4lNZP HTTP/1.1" 200 222
[2019-12-26 15:30:10,211] [basehttp.py:154] [basehttp:log_message] [INFO]- "GET /static/css/fonts/element-icons.ttf HTTP/1.1" 200 55956
[2019-12-26 15:30:10,373] [basehttp.py:154] [basehttp:log_message] [INFO]- "GET /favicon.ico HTTP/1.1" 200 14470
[2019-12-27 08:02:31,981] [basehttp.py:154] [basehttp:log_message] [INFO]- "GET /TestPlanME/TestPlanME-edit/ HTTP/1.1" 302 0
[2019-12-27 08:02:32,011] [basehttp.py:154] [basehttp:log_message] [INFO]- "GET /login/ HTTP/1.1" 200 4677
[2019-12-27 08:02:32,210] [basehttp.py:154] [basehttp:log_message] [INFO]- "GET /static/css/bootstrap.min.css HTTP/1.1" 200 144877
[2019-12-27 08:02:32,435] [basehttp.py:154] [basehttp:log_message] [INFO]- "GET /favicon.ico HTTP/1.1" 302 0
[2019-12-27 08:02:32,452] [basehttp.py:154] [basehttp:log_message] [INFO]- "GET /login/ HTTP/1.1" 200 4677
[2019-12-27 08:02:34,892] [basehttp.py:154] [basehttp:log_message] [INFO]- "POST /login/ HTTP/1.1" 302 0
[2019-12-27 08:02:35,163] [basehttp.py:154] [basehttp:log_message] [INFO]- "GET /index/ HTTP/1.1" 200 21448
[2019-12-27 08:02:35,397] [basehttp.py:154] [basehttp:log_message] [INFO]- "GET /static/download_UPK/element-ui@2.12.0/lib/theme-chalk/index.css HTTP/1.1" 200 232694
[2019-12-27 08:02:35,454] [basehttp.py:154] [basehttp:log_message] [INFO]- "GET /static/css/lib/calendar2/pignose.calendar.min.css HTTP/1.1" 200 14709
[2019-12-27 08:02:35,499] [basehttp.py:154] [basehttp:log_message] [INFO]- "GET /static/css/lib/chartist/chartist.min.css HTTP/1.1" 200 11508
[2019-12-27 08:02:35,547] [basehttp.py:154] [basehttp:log_message] [INFO]- "GET /static/css/lib/font-awesome.min.css HTTP/1.1" 200 38722
[2019-12-27 08:02:35,593] [basehttp.py:154] [basehttp:log_message] [INFO]- "GET /static/css/lib/themify-icons.css HTTP/1.1" 200 17551
[2019-12-27 08:02:35,653] [basehttp.py:154] [basehttp:log_message] [INFO]- "GET /static/css/lib/owl.carousel.min.css HTTP/1.1" 200 3011
[2019-12-27 08:02:35,725] [basehttp.py:154] [basehttp:log_message] [INFO]- "GET /static/css/lib/owl.theme.default.min.css HTTP/1.1" 200 1003
[2019-12-27 08:02:35,756] [basehttp.py:154] [basehttp:log_message] [INFO]- "GET /static/css/lib/weather-icons.css HTTP/1.1" 200 30752
[2019-12-27 08:02:35,756] [basehttp.py:154] [basehttp:log_message] [INFO]- "GET /static/css/lib/menubar/sidebar.css HTTP/1.1" 200 17210
[2019-12-27 08:02:35,758] [basehttp.py:154] [basehttp:log_message] [INFO]- "GET /static/css/bootstrap.min.css HTTP/1.1" 200 144877
[2019-12-27 08:02:35,761] [basehttp.py:154] [basehttp:log_message] [INFO]- "GET /static/css/lib/helper.css HTTP/1.1" 200 55773
[2019-12-27 08:02:35,808] [basehttp.py:154] [basehttp:log_message] [INFO]- "GET /static/css/style.css HTTP/1.1" 200 91465
[2019-12-27 08:02:35,809] [log.py:228] [log:log_response] [WARNING]- Not Found: /static/jquery-3.2.1.js
[2019-12-27 08:02:35,820] [basehttp.py:154] [basehttp:log_message] [WARNING]- "GET /static/jquery-3.2.1.js HTTP/1.1" 404 77
[2019-12-27 08:02:35,824] [basehttp.py:154] [basehttp:log_message] [INFO]- "GET /static/css/uploadbutton.css HTTP/1.1" 200 175
[2019-12-27 08:02:35,833] [basehttp.py:154] [basehttp:log_message] [INFO]- "GET /static/src/back/mail.png HTTP/1.1" 200 3002
[2019-12-27 08:02:35,843] [basehttp.py:154] [basehttp:log_message] [INFO]- "GET /static/src/back/001.png HTTP/1.1" 200 2015
[2019-12-27 08:02:35,952] [basehttp.py:154] [basehttp:log_message] [INFO]- "GET /static/js/lib/jquery.nanoscroller.min.js HTTP/1.1" 200 12394
[2019-12-27 08:02:36,032] [basehttp.py:154] [basehttp:log_message] [INFO]- "GET /static/js/lib/menubar/sidebar.js HTTP/1.1" 200 7278
[2019-12-27 08:02:36,147] [basehttp.py:154] [basehttp:log_message] [INFO]- "GET /static/js/lib/preloader/pace.min.js HTTP/1.1" 200 26566
[2019-12-27 08:02:36,178] [basehttp.py:154] [basehttp:log_message] [INFO]- "GET /static/js/lib/jquery.min.js HTTP/1.1" 200 97362
[2019-12-27 08:02:36,253] [basehttp.py:154] [basehttp:log_message] [INFO]- "GET /static/js/scripts.js HTTP/1.1" 200 1906
[2019-12-27 08:02:36,354] [basehttp.py:154] [basehttp:log_message] [INFO]- "GET /static/js/lib/bootstrap.min.js HTTP/1.1" 200 69782
[2019-12-27 08:02:36,434] [basehttp.py:154] [basehttp:log_message] [INFO]- "GET /static/js/lib/calendar-2/moment.latest.min.js HTTP/1.1" 200 61317
[2019-12-27 08:02:36,488] [basehttp.py:154] [basehttp:log_message] [INFO]- "GET /static/js/lib/calendar-2/pignose.calendar.min.js HTTP/1.1" 200 24265
[2019-12-27 08:02:36,492] [basehttp.py:154] [basehttp:log_message] [INFO]- "GET /static/js/lib/calendar-2/pignose.init.js HTTP/1.1" 200 258
[2019-12-27 08:02:36,559] [basehttp.py:154] [basehttp:log_message] [INFO]- "GET /static/js/lib/circle-progress/circle-progress-init.js HTTP/1.1" 200 1252
[2019-12-27 08:02:36,596] [basehttp.py:154] [basehttp:log_message] [INFO]- "GET /static/js/lib/circle-progress/circle-progress.min.js HTTP/1.1" 200 4453
[2019-12-27 08:02:36,682] [basehttp.py:154] [basehttp:log_message] [INFO]- "GET /static/js/lib/sparklinechart/sparkline.init.js HTTP/1.1" 200 9974
[2019-12-27 08:02:36,737] [basehttp.py:154] [basehttp:log_message] [INFO]- "GET /static/js/lib/sparklinechart/jquery.sparkline.min.js HTTP/1.1" 200 43247
[2019-12-27 08:02:36,817] [basehttp.py:154] [basehttp:log_message] [INFO]- "GET /static/js/lib/owl-carousel/owl.carousel-init.js HTTP/1.1" 200 1044
[2019-12-27 08:02:36,831] [basehttp.py:154] [basehttp:log_message] [INFO]- "GET /static/js/lib/owl-carousel/owl.carousel.min.js HTTP/1.1" 200 42854
[2019-12-27 08:02:36,912] [basehttp.py:154] [basehttp:log_message] [INFO]- "GET /static/js/date.js HTTP/1.1" 200 764
[2019-12-27 08:02:37,083] [basehttp.py:154] [basehttp:log_message] [INFO]- "GET /static/vendor/datatables/jquery.dataTables.js HTTP/1.1" 200 447606
[2019-12-27 08:02:37,164] [basehttp.py:154] [basehttp:log_message] [INFO]- "GET /static/js/xlsx/xlsx.js HTTP/1.1" 200 4975
[2019-12-27 08:02:37,249] [basehttp.py:154] [basehttp:log_message] [INFO]- "GET /static/js/datapicker.js HTTP/1.1" 200 11813
[2019-12-27 08:02:37,785] [basehttp.py:154] [basehttp:log_message] [INFO]- "GET /static/js/lib/calendar-2/semantic.ui.min.js HTTP/1.1" 200 287763
[2019-12-27 08:02:37,794] [basehttp.py:154] [basehttp:log_message] [INFO]- "GET /static/js/xlsx/xlsx.core.min.js HTTP/1.1" 200 480558
[2019-12-27 08:02:37,921] [basehttp.py:154] [basehttp:log_message] [INFO]- "GET /static/src/back/call.png HTTP/1.1" 200 1850
[2019-12-27 08:02:37,933] [basehttp.py:154] [basehttp:log_message] [INFO]- "GET /static/js/lib/calendar-2/prism.min.js HTTP/1.1" 200 8822
[2019-12-27 08:02:57,316] [basehttp.py:154] [basehttp:log_message] [INFO]- "GET /static/css/admin/assets/fonts/themify.woff?-fvbane HTTP/1.1" 200 0
[2019-12-27 08:02:57,339] [basehttp.py:154] [basehttp:log_message] [INFO]- "GET /static/fonts/fontawesome-webfont.woff2?v=4.7.0 HTTP/1.1" 200 77160
[2019-12-27 08:02:57,356] [basehttp.py:154] [basehttp:log_message] [INFO]- "GET /static/css/admin/assets/fonts/themify.ttf?-fvbane HTTP/1.1" 200 0
[2019-12-27 08:02:57,371] [basehttp.py:154] [basehttp:log_message] [INFO]- "GET /static/src/blue.jpg HTTP/1.1" 200 60343
[2019-12-27 08:02:57,470] [basehttp.py:154] [basehttp:log_message] [INFO]- "GET /static/fonts/themify.woff?-fvbane HTTP/1.1" 200 56108
[2019-12-27 08:02:57,488] [basehttp.py:154] [basehttp:log_message] [INFO]- "GET /favicon.ico HTTP/1.1" 200 14470
[2019-12-27 10:51:41,180] [basehttp.py:154] [basehttp:log_message] [INFO]- "GET /FilesDownload/ HTTP/1.1" 200 21613
[2019-12-27 10:51:41,312] [log.py:228] [log:log_response] [WARNING]- Not Found: /static/jquery-3.2.1.js
[2019-12-27 10:51:41,318] [basehttp.py:154] [basehttp:log_message] [WARNING]- "GET /static/jquery-3.2.1.js HTTP/1.1" 404 77
[2019-12-27 10:51:41,330] [basehttp.py:154] [basehttp:log_message] [INFO]- "GET /static/src/back/edit_copy_4_48px_539690_easyicon.net.png HTTP/1.1" 200 2700
[2019-12-27 10:51:41,339] [basehttp.py:154] [basehttp:log_message] [INFO]- "GET /static/src/back/edit_copy_3_48px_539689_easyicon.net.png HTTP/1.1" 200 2313
[2019-12-27 10:51:41,382] [basehttp.py:154] [basehttp:log_message] [INFO]- "GET /static/src/back/edit_copy_6_48px_539691_easyicon.net.png HTTP/1.1" 200 2737
[2019-12-27 10:51:41,390] [basehttp.py:154] [basehttp:log_message] [INFO]- "GET /static/src/back/edit_copy_2_48px_539688_easyicon.net.png HTTP/1.1" 200 2626
[2019-12-27 10:51:41,412] [basehttp.py:154] [basehttp:log_message] [INFO]- "GET /static/src/back/document_properties_3_48px_539646_easyicon.net.png HTTP/1.1" 200 2016
[2019-12-27 10:51:41,419] [basehttp.py:154] [basehttp:log_message] [INFO]- "GET /static/src/back/document_new_3_48px_539619_easyicon.net.png HTTP/1.1" 200 3045
[2019-12-27 10:51:41,440] [basehttp.py:154] [basehttp:log_message] [INFO]- "GET /static/src/back/document_open_5_48px_539625_easyicon.net.png HTTP/1.1" 200 3442
[2019-12-27 10:51:49,665] [basehttp.py:154] [basehttp:log_message] [INFO]- "GET /favicon.ico HTTP/1.1" 200 14470
[2019-12-27 10:51:53,071] [basehttp.py:154] [basehttp:log_message] [INFO]- "GET /static/src/modelfiles/TestPlanME.xlsx HTTP/1.1" 200 25386
