[2021-08-05 08:54:36,628] [basehttp.py:154] [basehttp:log_message] [INFO]- "GET /DeviceLNV/M_Category/ HTTP/1.1" 302 0
[2021-08-05 08:54:36,635] [basehttp.py:154] [basehttp:log_message] [INFO]- "GET /login/ HTTP/1.1" 200 4676
[2021-08-05 08:54:36,705] [basehttp.py:154] [basehttp:log_message] [INFO]- "GET /static/vendor/bootstrap/js/bootstrap.bundle.min.js.map HTTP/1.1" 200 303386
[2021-08-05 08:54:36,717] [basehttp.py:154] [basehttp:log_message] [INFO]- "GET /favicon.ico HTTP/1.1" 302 0
[2021-08-05 08:54:36,728] [basehttp.py:154] [basehttp:log_message] [WARNING]- "GET /static/css/bootstrap.min.css.map HTTP/1.1" 404 1800
[2021-08-05 08:54:36,741] [basehttp.py:154] [basehttp:log_message] [INFO]- "GET /login/ HTTP/1.1" 200 4676
[2021-08-05 08:54:38,844] [basehttp.py:154] [basehttp:log_message] [INFO]- "POST /login/ HTTP/1.1" 302 0
[2021-08-05 08:54:38,876] [basehttp.py:154] [basehttp:log_message] [INFO]- "GET /index/ HTTP/1.1" 200 22947
[2021-08-05 08:54:38,979] [basehttp.py:154] [basehttp:log_message] [INFO]- "GET /index/ HTTP/1.1" 200 22947
[2021-08-05 08:54:39,011] [basehttp.py:154] [basehttp:log_message] [WARNING]- "GET /static/css/bootstrap.min.css.map HTTP/1.1" 404 1800
[2021-08-05 08:54:39,024] [basehttp.py:154] [basehttp:log_message] [WARNING]- "GET /static/js/lib/bootstrap.min.js.map HTTP/1.1" 404 1806
[2021-08-05 08:54:39,191] [basehttp.py:154] [basehttp:log_message] [WARNING]- "GET /static/js/lib/bootstrap.min.js.map HTTP/1.1" 404 1806
[2021-08-05 08:54:39,194] [basehttp.py:154] [basehttp:log_message] [WARNING]- "GET /static/js/xlsx/FileSaver.min.js.map HTTP/1.1" 404 1809
[2021-08-05 08:54:39,194] [basehttp.py:154] [basehttp:log_message] [WARNING]- "GET /static/js/axios.min.map HTTP/1.1" 404 1773
[2021-08-05 08:54:39,343] [basehttp.py:154] [basehttp:log_message] [INFO]- "POST /index/ HTTP/1.1" 200 1302
[2021-08-05 08:54:39,400] [basehttp.py:154] [basehttp:log_message] [INFO]- "GET /media/img/UserInfo/u2393454652578938553fm26gp0.jpg HTTP/1.1" 200 34852
[2021-08-05 08:54:39,406] [basehttp.py:154] [basehttp:log_message] [INFO]- "GET /favicon.ico HTTP/1.1" 200 14286
[2021-08-05 08:54:46,364] [basehttp.py:154] [basehttp:log_message] [INFO]- "GET /DeviceLNV/M_Category/ HTTP/1.1" 200 100950
[2021-08-05 08:54:46,434] [basehttp.py:154] [basehttp:log_message] [INFO]- "GET /DeviceLNV/M_Category/ HTTP/1.1" 200 100950
[2021-08-05 08:54:46,466] [basehttp.py:154] [basehttp:log_message] [WARNING]- "GET /static/css/bootstrap.min.css.map HTTP/1.1" 404 1800
[2021-08-05 08:54:46,476] [basehttp.py:154] [basehttp:log_message] [WARNING]- "GET /static/js/lib/bootstrap.min.js.map HTTP/1.1" 404 1806
[2021-08-05 08:54:46,661] [basehttp.py:154] [basehttp:log_message] [WARNING]- "GET /static/js/axios.min.map HTTP/1.1" 404 1773
[2021-08-05 08:54:46,983] [basehttp.py:154] [basehttp:log_message] [INFO]- "POST /DeviceLNV/M_Category/ HTTP/1.1" 200 4183
[2021-08-05 08:54:47,045] [basehttp.py:154] [basehttp:log_message] [INFO]- "GET /favicon.ico HTTP/1.1" 200 14286
[2021-08-05 08:55:07,753] [basehttp.py:154] [basehttp:log_message] [INFO]- "GET /DeviceLNV/M_Category/ HTTP/1.1" 200 100950
[2021-08-05 08:55:07,820] [basehttp.py:154] [basehttp:log_message] [INFO]- "GET /DeviceLNV/M_Category/ HTTP/1.1" 200 100950
[2021-08-05 08:55:07,850] [basehttp.py:154] [basehttp:log_message] [WARNING]- "GET /static/css/bootstrap.min.css.map HTTP/1.1" 404 1800
[2021-08-05 08:55:07,854] [basehttp.py:154] [basehttp:log_message] [WARNING]- "GET /static/js/lib/bootstrap.min.js.map HTTP/1.1" 404 1806
[2021-08-05 08:55:07,943] [basehttp.py:154] [basehttp:log_message] [WARNING]- "GET /static/js/axios.min.map HTTP/1.1" 404 1773
[2021-08-05 08:55:08,264] [basehttp.py:154] [basehttp:log_message] [INFO]- "POST /DeviceLNV/M_Category/ HTTP/1.1" 200 4183
[2021-08-05 08:55:08,321] [basehttp.py:154] [basehttp:log_message] [INFO]- "GET /favicon.ico HTTP/1.1" 200 14286
[2021-08-05 08:59:31,343] [basehttp.py:154] [basehttp:log_message] [INFO]- "GET /DeviceLNV/M_Category/ HTTP/1.1" 200 100950
[2021-08-05 08:59:31,446] [basehttp.py:154] [basehttp:log_message] [INFO]- "GET /DeviceLNV/M_Category/ HTTP/1.1" 200 100950
[2021-08-05 08:59:31,455] [basehttp.py:154] [basehttp:log_message] [WARNING]- "GET /static/css/bootstrap.min.css.map HTTP/1.1" 404 1800
[2021-08-05 08:59:31,461] [basehttp.py:154] [basehttp:log_message] [WARNING]- "GET /static/js/lib/bootstrap.min.js.map HTTP/1.1" 404 1806
[2021-08-05 08:59:31,630] [basehttp.py:154] [basehttp:log_message] [WARNING]- "GET /static/js/axios.min.map HTTP/1.1" 404 1773
[2021-08-05 08:59:31,947] [basehttp.py:154] [basehttp:log_message] [INFO]- "POST /DeviceLNV/M_Category/ HTTP/1.1" 200 4192
[2021-08-05 08:59:32,004] [basehttp.py:154] [basehttp:log_message] [INFO]- "GET /favicon.ico HTTP/1.1" 200 14286
[2021-08-05 09:09:08,742] [basehttp.py:154] [basehttp:log_message] [INFO]- "GET /DeviceLNV/M_Category/ HTTP/1.1" 200 100950
[2021-08-05 09:09:08,831] [basehttp.py:154] [basehttp:log_message] [INFO]- "GET /DeviceLNV/M_Category/ HTTP/1.1" 200 100950
[2021-08-05 09:09:10,837] [basehttp.py:154] [basehttp:log_message] [WARNING]- "GET /static/css/bootstrap.min.css.map HTTP/1.1" 404 1800
[2021-08-05 09:09:10,840] [basehttp.py:154] [basehttp:log_message] [WARNING]- "GET /static/js/axios.min.map HTTP/1.1" 404 1773
[2021-08-05 09:09:10,841] [basehttp.py:154] [basehttp:log_message] [WARNING]- "GET /static/js/lib/bootstrap.min.js.map HTTP/1.1" 404 1806
[2021-08-05 09:09:10,855] [basehttp.py:154] [basehttp:log_message] [INFO]- "GET /favicon.ico HTTP/1.1" 200 14286
[2021-08-05 09:09:10,861] [basehttp.py:154] [basehttp:log_message] [INFO]- "POST /DeviceLNV/M_Category/ HTTP/1.1" 200 4135
[2021-08-05 09:09:31,751] [basehttp.py:154] [basehttp:log_message] [INFO]- "GET /DeviceLNV/M_Category/ HTTP/1.1" 200 100950
[2021-08-05 09:09:31,824] [basehttp.py:154] [basehttp:log_message] [INFO]- "GET /DeviceLNV/M_Category/ HTTP/1.1" 200 100950
[2021-08-05 09:09:32,345] [basehttp.py:154] [basehttp:log_message] [INFO]- "POST /DeviceLNV/M_Category/ HTTP/1.1" 200 4135
[2021-08-05 09:09:32,376] [basehttp.py:154] [basehttp:log_message] [INFO]- "GET /favicon.ico HTTP/1.1" 200 14286
[2021-08-05 09:09:39,729] [basehttp.py:154] [basehttp:log_message] [INFO]- "GET /admin/ HTTP/1.1" 302 0
[2021-08-05 09:09:39,816] [basehttp.py:154] [basehttp:log_message] [INFO]- "GET /admin/login/?next=/admin/ HTTP/1.1" 200 1821
[2021-08-05 09:09:39,870] [basehttp.py:154] [basehttp:log_message] [INFO]- "GET /favicon.ico HTTP/1.1" 200 14286
[2021-08-05 09:09:42,678] [basehttp.py:154] [basehttp:log_message] [INFO]- "POST /admin/login/?next=/admin/ HTTP/1.1" 302 0
[2021-08-05 09:09:42,732] [basehttp.py:154] [basehttp:log_message] [INFO]- "GET /admin/ HTTP/1.1" 200 19615
[2021-08-05 09:09:42,778] [basehttp.py:154] [basehttp:log_message] [INFO]- "GET /favicon.ico HTTP/1.1" 200 14286
[2021-08-05 09:09:48,087] [basehttp.py:154] [basehttp:log_message] [INFO]- "GET /admin/DeviceABO/deviceintfctgrylist/ HTTP/1.1" 200 5323
[2021-08-05 09:09:48,110] [basehttp.py:154] [basehttp:log_message] [INFO]- "GET /admin/jsi18n/ HTTP/1.1" 200 7684
[2021-08-05 09:09:48,153] [basehttp.py:154] [basehttp:log_message] [INFO]- "GET /favicon.ico HTTP/1.1" 200 14286
[2021-08-05 09:09:51,893] [basehttp.py:154] [basehttp:log_message] [INFO]- "GET /admin/ HTTP/1.1" 200 19615
[2021-08-05 09:09:51,937] [basehttp.py:154] [basehttp:log_message] [INFO]- "GET /favicon.ico HTTP/1.1" 200 14286
[2021-08-05 09:09:53,214] [basehttp.py:154] [basehttp:log_message] [INFO]- "GET /admin/DeviceLNV/devicedevsizelist/ HTTP/1.1" 200 5874
[2021-08-05 09:09:53,233] [basehttp.py:154] [basehttp:log_message] [INFO]- "GET /admin/jsi18n/ HTTP/1.1" 200 7684
[2021-08-05 09:09:53,266] [basehttp.py:154] [basehttp:log_message] [INFO]- "GET /favicon.ico HTTP/1.1" 200 14286
[2021-08-05 09:09:56,854] [basehttp.py:154] [basehttp:log_message] [INFO]- "GET /admin/ HTTP/1.1" 200 19615
[2021-08-05 09:09:56,905] [basehttp.py:154] [basehttp:log_message] [INFO]- "GET /favicon.ico HTTP/1.1" 200 14286
[2021-08-05 09:10:26,063] [basehttp.py:154] [basehttp:log_message] [INFO]- "GET /DeviceLNV/M_Category/ HTTP/1.1" 200 100950
[2021-08-05 09:10:26,171] [basehttp.py:154] [basehttp:log_message] [INFO]- "GET /DeviceLNV/M_Category/ HTTP/1.1" 200 100950
[2021-08-05 09:10:26,219] [basehttp.py:154] [basehttp:log_message] [WARNING]- "GET /static/css/bootstrap.min.css.map HTTP/1.1" 404 1800
[2021-08-05 09:10:26,232] [basehttp.py:154] [basehttp:log_message] [WARNING]- "GET /static/js/lib/bootstrap.min.js.map HTTP/1.1" 404 1806
[2021-08-05 09:10:26,482] [basehttp.py:154] [basehttp:log_message] [WARNING]- "GET /static/js/axios.min.map HTTP/1.1" 404 1773
[2021-08-05 09:10:26,911] [basehttp.py:154] [basehttp:log_message] [INFO]- "POST /DeviceLNV/M_Category/ HTTP/1.1" 200 4092
[2021-08-05 09:10:26,995] [basehttp.py:154] [basehttp:log_message] [INFO]- "GET /favicon.ico HTTP/1.1" 200 14286
[2021-08-05 09:11:20,362] [basehttp.py:154] [basehttp:log_message] [INFO]- "GET /DeviceLNV/M_Category/ HTTP/1.1" 200 100950
[2021-08-05 09:11:20,440] [basehttp.py:154] [basehttp:log_message] [INFO]- "GET /DeviceLNV/M_Category/ HTTP/1.1" 200 100950
[2021-08-05 09:11:20,478] [basehttp.py:154] [basehttp:log_message] [WARNING]- "GET /static/css/bootstrap.min.css.map HTTP/1.1" 404 1800
[2021-08-05 09:11:20,488] [basehttp.py:154] [basehttp:log_message] [WARNING]- "GET /static/js/lib/bootstrap.min.js.map HTTP/1.1" 404 1806
[2021-08-05 09:11:20,582] [basehttp.py:154] [basehttp:log_message] [WARNING]- "GET /static/js/axios.min.map HTTP/1.1" 404 1773
[2021-08-05 09:11:20,940] [basehttp.py:154] [basehttp:log_message] [INFO]- "POST /DeviceLNV/M_Category/ HTTP/1.1" 200 4120
[2021-08-05 09:11:21,014] [basehttp.py:154] [basehttp:log_message] [INFO]- "GET /favicon.ico HTTP/1.1" 200 14286
[2021-08-05 09:12:03,361] [basehttp.py:154] [basehttp:log_message] [INFO]- "GET /DeviceLNV/M_Category/ HTTP/1.1" 200 100950
[2021-08-05 09:12:03,448] [basehttp.py:154] [basehttp:log_message] [INFO]- "GET /DeviceLNV/M_Category/ HTTP/1.1" 200 100950
[2021-08-05 09:12:03,487] [basehttp.py:154] [basehttp:log_message] [WARNING]- "GET /static/css/bootstrap.min.css.map HTTP/1.1" 404 1800
[2021-08-05 09:12:03,494] [basehttp.py:154] [basehttp:log_message] [WARNING]- "GET /static/js/lib/bootstrap.min.js.map HTTP/1.1" 404 1806
[2021-08-05 09:12:03,592] [basehttp.py:154] [basehttp:log_message] [WARNING]- "GET /static/js/axios.min.map HTTP/1.1" 404 1773
[2021-08-05 09:12:03,980] [basehttp.py:154] [basehttp:log_message] [INFO]- "POST /DeviceLNV/M_Category/ HTTP/1.1" 200 3924
[2021-08-05 09:12:04,057] [basehttp.py:154] [basehttp:log_message] [INFO]- "GET /favicon.ico HTTP/1.1" 200 14286
[2021-08-05 09:24:53,249] [log.py:228] [log:log_response] [ERROR]- Internal Server Error: /DeviceLNV/M_Category/
Traceback (most recent call last):
  File "C:\Python372\mecheck\lib\site-packages\django\core\handlers\exception.py", line 34, in inner
    response = get_response(request)
  File "C:\Python372\mecheck\lib\site-packages\django\core\handlers\base.py", line 126, in _get_response
    response = self.process_exception_by_middleware(e, request)
  File "C:\Python372\mecheck\lib\site-packages\django\core\handlers\base.py", line 124, in _get_response
    response = wrapped_callback(request, *callback_args, **callback_kwargs)
  File "C:\Python372\mecheck\lib\site-packages\django\views\decorators\csrf.py", line 54, in wrapped_view
    return view_func(*args, **kwargs)
  File "C:\djangoproject\DMS\DeviceLNV\views.py", line 2566, in M_Category
    for k in DeviceDevpropertiesList.objects.filter(DevCtgry_P=k.id):
UnboundLocalError: local variable 'k' referenced before assignment
[2021-08-05 09:24:53,251] [basehttp.py:154] [basehttp:log_message] [ERROR]- "GET /DeviceLNV/M_Category/ HTTP/1.1" 500 87461
[2021-08-05 09:24:53,367] [basehttp.py:154] [basehttp:log_message] [INFO]- "GET /favicon.ico HTTP/1.1" 200 14286
[2021-08-05 09:25:24,731] [basehttp.py:154] [basehttp:log_message] [INFO]- "GET /DeviceLNV/M_Category/ HTTP/1.1" 200 100950
[2021-08-05 09:25:24,821] [basehttp.py:154] [basehttp:log_message] [INFO]- "GET /DeviceLNV/M_Category/ HTTP/1.1" 200 100950
[2021-08-05 09:25:24,852] [basehttp.py:154] [basehttp:log_message] [WARNING]- "GET /static/css/bootstrap.min.css.map HTTP/1.1" 404 1800
[2021-08-05 09:25:24,873] [basehttp.py:154] [basehttp:log_message] [WARNING]- "GET /static/js/lib/bootstrap.min.js.map HTTP/1.1" 404 1806
[2021-08-05 09:25:24,990] [basehttp.py:154] [basehttp:log_message] [WARNING]- "GET /static/js/axios.min.map HTTP/1.1" 404 1773
[2021-08-05 09:25:25,382] [basehttp.py:154] [basehttp:log_message] [INFO]- "POST /DeviceLNV/M_Category/ HTTP/1.1" 200 3763
[2021-08-05 09:25:25,456] [basehttp.py:154] [basehttp:log_message] [INFO]- "GET /favicon.ico HTTP/1.1" 200 14286
[2021-08-05 09:25:53,231] [basehttp.py:154] [basehttp:log_message] [INFO]- "GET /DeviceLNV/M_Category/ HTTP/1.1" 200 100950
[2021-08-05 09:25:53,319] [basehttp.py:154] [basehttp:log_message] [INFO]- "GET /DeviceLNV/M_Category/ HTTP/1.1" 200 100950
[2021-08-05 09:25:53,358] [basehttp.py:154] [basehttp:log_message] [WARNING]- "GET /static/css/bootstrap.min.css.map HTTP/1.1" 404 1800
[2021-08-05 09:25:53,362] [basehttp.py:154] [basehttp:log_message] [WARNING]- "GET /static/js/lib/bootstrap.min.js.map HTTP/1.1" 404 1806
[2021-08-05 09:25:53,482] [basehttp.py:154] [basehttp:log_message] [WARNING]- "GET /static/js/axios.min.map HTTP/1.1" 404 1773
[2021-08-05 09:25:53,940] [basehttp.py:154] [basehttp:log_message] [INFO]- "POST /DeviceLNV/M_Category/ HTTP/1.1" 200 3341
[2021-08-05 09:25:54,007] [basehttp.py:154] [basehttp:log_message] [INFO]- "GET /favicon.ico HTTP/1.1" 200 14286
[2021-08-05 09:26:54,192] [basehttp.py:154] [basehttp:log_message] [INFO]- "GET / HTTP/1.1" 200 14286
[2021-08-05 09:26:54,537] [basehttp.py:154] [basehttp:log_message] [INFO]- "GET /favicon.ico HTTP/1.1" 200 14286
[2021-08-05 09:27:03,364] [basehttp.py:154] [basehttp:log_message] [INFO]- "GET /DeviceLNV/M_Category/ HTTP/1.1" 200 100950
[2021-08-05 09:27:03,426] [basehttp.py:154] [basehttp:log_message] [INFO]- "GET /DeviceLNV/M_Category/ HTTP/1.1" 200 100950
[2021-08-05 09:27:03,841] [basehttp.py:154] [basehttp:log_message] [INFO]- "POST /DeviceLNV/M_Category/ HTTP/1.1" 200 3341
[2021-08-05 09:27:03,895] [basehttp.py:154] [basehttp:log_message] [INFO]- "GET /favicon.ico HTTP/1.1" 200 14286
[2021-08-05 09:27:32,705] [basehttp.py:154] [basehttp:log_message] [INFO]- "GET /DeviceLNV/M_Category/ HTTP/1.1" 200 100950
[2021-08-05 09:27:32,781] [basehttp.py:154] [basehttp:log_message] [INFO]- "GET /DeviceLNV/M_Category/ HTTP/1.1" 200 100950
[2021-08-05 09:27:33,240] [basehttp.py:154] [basehttp:log_message] [INFO]- "POST /DeviceLNV/M_Category/ HTTP/1.1" 200 3341
[2021-08-05 09:27:33,297] [basehttp.py:154] [basehttp:log_message] [INFO]- "GET /favicon.ico HTTP/1.1" 200 14286
[2021-08-05 09:27:34,890] [basehttp.py:154] [basehttp:log_message] [INFO]- "GET /admin/ HTTP/1.1" 200 19615
[2021-08-05 09:27:34,947] [basehttp.py:154] [basehttp:log_message] [INFO]- "GET /favicon.ico HTTP/1.1" 200 14286
[2021-08-05 09:27:39,198] [basehttp.py:154] [basehttp:log_message] [INFO]- "GET /admin/DeviceABO/devicedevpropertieslist/ HTTP/1.1" 200 6270
[2021-08-05 09:27:39,222] [basehttp.py:154] [basehttp:log_message] [INFO]- "GET /admin/jsi18n/ HTTP/1.1" 200 7684
[2021-08-05 09:27:39,268] [basehttp.py:154] [basehttp:log_message] [INFO]- "GET /favicon.ico HTTP/1.1" 200 14286
[2021-08-05 09:27:47,017] [basehttp.py:154] [basehttp:log_message] [INFO]- "GET /admin/DeviceABO/devicedevpropertieslist/3/change/ HTTP/1.1" 200 5969
[2021-08-05 09:27:47,027] [basehttp.py:154] [basehttp:log_message] [INFO]- "GET /static/admin/css/forms.css HTTP/1.1" 200 8505
[2021-08-05 09:27:47,035] [basehttp.py:154] [basehttp:log_message] [INFO]- "GET /static/admin/js/change_form.js HTTP/1.1" 200 712
[2021-08-05 09:27:47,035] [basehttp.py:154] [basehttp:log_message] [INFO]- "GET /static/admin/css/widgets.css HTTP/1.1" 200 10340
[2021-08-05 09:27:47,037] [basehttp.py:154] [basehttp:log_message] [INFO]- "GET /static/admin/js/prepopulate_init.js HTTP/1.1" 200 495
[2021-08-05 09:27:47,040] [basehttp.py:154] [basehttp:log_message] [INFO]- "GET /static/admin/img/icon-deletelink.svg HTTP/1.1" 200 392
[2021-08-05 09:27:47,042] [basehttp.py:154] [basehttp:log_message] [INFO]- "GET /admin/jsi18n/ HTTP/1.1" 200 7684
[2021-08-05 09:27:47,071] [basehttp.py:154] [basehttp:log_message] [INFO]- "GET /favicon.ico HTTP/1.1" 200 14286
[2021-08-05 09:28:18,281] [basehttp.py:154] [basehttp:log_message] [WARNING]- "GET /static/js/lib/bootstrap.min.js.map HTTP/1.1" 404 1806
[2021-08-05 09:28:18,285] [basehttp.py:154] [basehttp:log_message] [WARNING]- "GET /static/js/axios.min.map HTTP/1.1" 404 1773
[2021-08-05 09:28:18,367] [basehttp.py:154] [basehttp:log_message] [WARNING]- "GET /static/css/bootstrap.min.css.map HTTP/1.1" 404 1800
[2021-08-05 09:28:21,310] [basehttp.py:154] [basehttp:log_message] [INFO]- "GET /DeviceLNV/M_Category/ HTTP/1.1" 200 100950
[2021-08-05 09:28:21,375] [basehttp.py:154] [basehttp:log_message] [INFO]- "GET /DeviceLNV/M_Category/ HTTP/1.1" 200 100950
[2021-08-05 09:28:21,407] [basehttp.py:154] [basehttp:log_message] [WARNING]- "GET /static/css/bootstrap.min.css.map HTTP/1.1" 404 1800
[2021-08-05 09:28:21,410] [basehttp.py:154] [basehttp:log_message] [WARNING]- "GET /static/js/lib/bootstrap.min.js.map HTTP/1.1" 404 1806
[2021-08-05 09:28:21,498] [basehttp.py:154] [basehttp:log_message] [WARNING]- "GET /static/js/axios.min.map HTTP/1.1" 404 1773
[2021-08-05 09:28:21,864] [basehttp.py:154] [basehttp:log_message] [INFO]- "POST /DeviceLNV/M_Category/ HTTP/1.1" 200 3341
[2021-08-05 09:28:21,881] [basehttp.py:154] [basehttp:log_message] [INFO]- "GET /favicon.ico HTTP/1.1" 200 14286
[2021-08-05 09:29:48,166] [basehttp.py:154] [basehttp:log_message] [INFO]- "GET /DeviceLNV/M_Category/ HTTP/1.1" 200 100950
[2021-08-05 09:29:48,233] [basehttp.py:154] [basehttp:log_message] [INFO]- "GET /DeviceLNV/M_Category/ HTTP/1.1" 200 100950
[2021-08-05 09:29:48,265] [basehttp.py:154] [basehttp:log_message] [WARNING]- "GET /static/css/bootstrap.min.css.map HTTP/1.1" 404 1800
[2021-08-05 09:29:48,272] [basehttp.py:154] [basehttp:log_message] [WARNING]- "GET /static/js/lib/bootstrap.min.js.map HTTP/1.1" 404 1806
[2021-08-05 09:29:48,361] [basehttp.py:154] [basehttp:log_message] [WARNING]- "GET /static/js/axios.min.map HTTP/1.1" 404 1773
[2021-08-05 09:29:48,691] [basehttp.py:154] [basehttp:log_message] [INFO]- "POST /DeviceLNV/M_Category/ HTTP/1.1" 200 3313
[2021-08-05 09:29:48,776] [basehttp.py:154] [basehttp:log_message] [INFO]- "GET /favicon.ico HTTP/1.1" 200 14286
[2021-08-05 09:30:23,733] [basehttp.py:154] [basehttp:log_message] [INFO]- "GET /DeviceLNV/M_Category/ HTTP/1.1" 200 100950
[2021-08-05 09:30:23,811] [basehttp.py:154] [basehttp:log_message] [INFO]- "GET /DeviceLNV/M_Category/ HTTP/1.1" 200 100950
[2021-08-05 09:30:23,842] [basehttp.py:154] [basehttp:log_message] [WARNING]- "GET /static/css/bootstrap.min.css.map HTTP/1.1" 404 1800
[2021-08-05 09:30:23,861] [basehttp.py:154] [basehttp:log_message] [WARNING]- "GET /static/js/lib/bootstrap.min.js.map HTTP/1.1" 404 1806
[2021-08-05 09:30:23,964] [basehttp.py:154] [basehttp:log_message] [WARNING]- "GET /static/js/axios.min.map HTTP/1.1" 404 1773
[2021-08-05 09:30:24,368] [basehttp.py:154] [basehttp:log_message] [INFO]- "POST /DeviceLNV/M_Category/ HTTP/1.1" 200 3410
[2021-08-05 09:30:24,446] [basehttp.py:154] [basehttp:log_message] [INFO]- "GET /favicon.ico HTTP/1.1" 200 14286
[2021-08-05 09:31:47,161] [basehttp.py:154] [basehttp:log_message] [INFO]- "GET /DeviceLNV/M_Category/ HTTP/1.1" 200 100950
[2021-08-05 09:31:47,238] [basehttp.py:154] [basehttp:log_message] [INFO]- "GET /DeviceLNV/M_Category/ HTTP/1.1" 200 100950
[2021-08-05 09:31:47,268] [basehttp.py:154] [basehttp:log_message] [WARNING]- "GET /static/css/bootstrap.min.css.map HTTP/1.1" 404 1800
[2021-08-05 09:31:47,282] [basehttp.py:154] [basehttp:log_message] [WARNING]- "GET /static/js/lib/bootstrap.min.js.map HTTP/1.1" 404 1806
[2021-08-05 09:31:47,372] [basehttp.py:154] [basehttp:log_message] [WARNING]- "GET /static/js/axios.min.map HTTP/1.1" 404 1773
[2021-08-05 09:31:47,711] [basehttp.py:154] [basehttp:log_message] [INFO]- "POST /DeviceLNV/M_Category/ HTTP/1.1" 200 2382
[2021-08-05 09:31:47,778] [basehttp.py:154] [basehttp:log_message] [INFO]- "GET /favicon.ico HTTP/1.1" 200 14286
[2021-08-05 09:31:53,698] [basehttp.py:154] [basehttp:log_message] [INFO]- "POST /DeviceLNV/M_Category/ HTTP/1.1" 200 2382
[2021-08-05 09:45:35,662] [basehttp.py:154] [basehttp:log_message] [INFO]- "GET /DeviceLNV/M_Category/ HTTP/1.1" 200 100950
[2021-08-05 09:45:35,761] [basehttp.py:154] [basehttp:log_message] [INFO]- "GET /DeviceLNV/M_Category/ HTTP/1.1" 200 100950
[2021-08-05 09:45:35,802] [basehttp.py:154] [basehttp:log_message] [WARNING]- "GET /static/css/bootstrap.min.css.map HTTP/1.1" 404 1800
[2021-08-05 09:45:35,812] [basehttp.py:154] [basehttp:log_message] [WARNING]- "GET /static/js/lib/bootstrap.min.js.map HTTP/1.1" 404 1806
[2021-08-05 09:45:36,024] [basehttp.py:154] [basehttp:log_message] [WARNING]- "GET /static/js/axios.min.map HTTP/1.1" 404 1773
[2021-08-05 09:45:36,442] [basehttp.py:154] [basehttp:log_message] [INFO]- "POST /DeviceLNV/M_Category/ HTTP/1.1" 200 2354
[2021-08-05 09:45:36,521] [basehttp.py:154] [basehttp:log_message] [INFO]- "GET /favicon.ico HTTP/1.1" 200 14286
[2021-08-05 09:45:43,134] [basehttp.py:154] [basehttp:log_message] [INFO]- "POST /DeviceLNV/M_Category/ HTTP/1.1" 200 2365
[2021-08-05 09:45:46,906] [basehttp.py:154] [basehttp:log_message] [INFO]- "POST /DeviceLNV/M_Category/ HTTP/1.1" 200 2375
[2021-08-05 09:46:10,466] [basehttp.py:154] [basehttp:log_message] [INFO]- "GET /admin/DeviceABO/devicedevpropertieslist/ HTTP/1.1" 200 6270
[2021-08-05 09:46:10,521] [basehttp.py:154] [basehttp:log_message] [INFO]- "GET /favicon.ico HTTP/1.1" 200 14286
[2021-08-05 09:46:11,389] [basehttp.py:154] [basehttp:log_message] [INFO]- "GET /admin/ HTTP/1.1" 200 19615
[2021-08-05 09:46:11,414] [basehttp.py:154] [basehttp:log_message] [INFO]- "GET /favicon.ico HTTP/1.1" 200 14286
[2021-08-05 09:46:15,363] [basehttp.py:154] [basehttp:log_message] [INFO]- "GET /admin/DeviceLNV/devicelnv/ HTTP/1.1" 200 22573
[2021-08-05 09:46:15,383] [basehttp.py:154] [basehttp:log_message] [INFO]- "GET /admin/jsi18n/ HTTP/1.1" 200 7684
[2021-08-05 09:46:15,438] [basehttp.py:154] [basehttp:log_message] [INFO]- "GET /favicon.ico HTTP/1.1" 200 14286
[2021-08-05 09:46:32,048] [basehttp.py:154] [basehttp:log_message] [INFO]- "GET /admin/DeviceLNV/devicelnv/11/change/ HTTP/1.1" 200 26670
[2021-08-05 09:46:32,061] [basehttp.py:154] [basehttp:log_message] [INFO]- "GET /static/admin/js/calendar.js HTTP/1.1" 200 7777
[2021-08-05 09:46:32,062] [basehttp.py:154] [basehttp:log_message] [INFO]- "GET /static/admin/js/admin/DateTimeShortcuts.js HTTP/1.1" 200 20281
[2021-08-05 09:46:32,071] [basehttp.py:154] [basehttp:log_message] [INFO]- "GET /admin/jsi18n/ HTTP/1.1" 200 7684
[2021-08-05 09:46:32,097] [basehttp.py:154] [basehttp:log_message] [INFO]- "GET /static/admin/img/icon-calendar.svg HTTP/1.1" 200 1086
[2021-08-05 09:46:32,120] [basehttp.py:154] [basehttp:log_message] [INFO]- "GET /favicon.ico HTTP/1.1" 200 14286
[2021-08-05 09:47:35,092] [basehttp.py:154] [basehttp:log_message] [INFO]- "GET /DeviceLNV/M_edit/ HTTP/1.1" 200 99080
[2021-08-05 09:47:35,187] [basehttp.py:154] [basehttp:log_message] [INFO]- "GET /DeviceLNV/M_edit/ HTTP/1.1" 200 99080
[2021-08-05 09:47:35,215] [basehttp.py:154] [basehttp:log_message] [WARNING]- "GET /static/css/bootstrap.min.css.map HTTP/1.1" 404 1800
[2021-08-05 09:47:35,223] [basehttp.py:154] [basehttp:log_message] [WARNING]- "GET /static/js/lib/bootstrap.min.js.map HTTP/1.1" 404 1806
[2021-08-05 09:47:35,430] [basehttp.py:154] [basehttp:log_message] [WARNING]- "GET /static/js/axios.min.map HTTP/1.1" 404 1773
[2021-08-05 09:47:35,430] [basehttp.py:154] [basehttp:log_message] [WARNING]- "GET /static/js/xlsx/FileSaver.min.js.map HTTP/1.1" 404 1809
[2021-08-05 09:47:35,765] [basehttp.py:154] [basehttp:log_message] [INFO]- "POST /DeviceLNV/M_edit/ HTTP/1.1" 200 927
[2021-08-05 09:47:35,813] [basehttp.py:154] [basehttp:log_message] [INFO]- "GET /favicon.ico HTTP/1.1" 200 14286
[2021-08-05 09:47:44,247] [basehttp.py:154] [basehttp:log_message] [INFO]- "POST /DeviceLNV/M_edit/ HTTP/1.1" 200 3628
[2021-08-05 09:47:44,315] [basehttp.py:154] [basehttp:log_message] [INFO]- "GET /media/DeviceLNV/Device/2156.jpg HTTP/1.1" 200 201323
[2021-08-05 09:47:44,318] [log.py:228] [log:log_response] [WARNING]- Not Found: /media/DeviceLNV/Device/33333.jpg
[2021-08-05 09:47:44,319] [basehttp.py:154] [basehttp:log_message] [WARNING]- "GET /media/DeviceLNV/Device/33333.jpg HTTP/1.1" 404 1806
[2021-08-05 09:47:44,325] [basehttp.py:154] [basehttp:log_message] [INFO]- "GET /media/DeviceLNV/Device/1513.jpg HTTP/1.1" 200 215360
[2021-08-05 09:47:49,050] [basehttp.py:154] [basehttp:log_message] [INFO]- "GET /admin/DeviceLNV/devicelnv/ HTTP/1.1" 200 22573
[2021-08-05 09:47:49,105] [basehttp.py:154] [basehttp:log_message] [INFO]- "GET /favicon.ico HTTP/1.1" 200 14286
[2021-08-05 09:47:49,931] [basehttp.py:154] [basehttp:log_message] [INFO]- "GET /admin/DeviceLNV/devicelnv/ HTTP/1.1" 200 22573
[2021-08-05 09:47:49,971] [basehttp.py:154] [basehttp:log_message] [INFO]- "GET /admin/jsi18n/ HTTP/1.1" 200 7684
[2021-08-05 09:47:50,007] [basehttp.py:154] [basehttp:log_message] [INFO]- "GET /favicon.ico HTTP/1.1" 200 14286
[2021-08-05 09:47:51,276] [basehttp.py:154] [basehttp:log_message] [INFO]- "GET /admin/DeviceLNV/devicelnv/ HTTP/1.1" 200 22573
[2021-08-05 09:47:51,296] [basehttp.py:154] [basehttp:log_message] [INFO]- "GET /admin/jsi18n/ HTTP/1.1" 200 7684
[2021-08-05 09:47:51,330] [basehttp.py:154] [basehttp:log_message] [INFO]- "GET /favicon.ico HTTP/1.1" 200 14286
[2021-08-05 09:47:51,601] [basehttp.py:154] [basehttp:log_message] [INFO]- "GET /admin/DeviceLNV/devicelnv/ HTTP/1.1" 200 22573
[2021-08-05 09:47:51,642] [basehttp.py:154] [basehttp:log_message] [INFO]- "GET /admin/jsi18n/ HTTP/1.1" 200 7684
[2021-08-05 09:47:51,675] [basehttp.py:154] [basehttp:log_message] [INFO]- "GET /favicon.ico HTTP/1.1" 200 14286
[2021-08-05 09:47:51,883] [basehttp.py:154] [basehttp:log_message] [INFO]- "GET /admin/DeviceLNV/devicelnv/ HTTP/1.1" 200 22573
[2021-08-05 09:47:51,924] [basehttp.py:154] [basehttp:log_message] [INFO]- "GET /admin/jsi18n/ HTTP/1.1" 200 7684
[2021-08-05 09:47:51,970] [basehttp.py:154] [basehttp:log_message] [INFO]- "GET /favicon.ico HTTP/1.1" 200 14286
[2021-08-05 09:47:52,086] [basehttp.py:154] [basehttp:log_message] [INFO]- "GET /admin/DeviceLNV/devicelnv/ HTTP/1.1" 200 22573
[2021-08-05 09:47:52,125] [basehttp.py:154] [basehttp:log_message] [INFO]- "GET /admin/jsi18n/ HTTP/1.1" 200 7684
[2021-08-05 09:47:52,161] [basehttp.py:154] [basehttp:log_message] [INFO]- "GET /favicon.ico HTTP/1.1" 200 14286
[2021-08-05 09:47:52,271] [basehttp.py:154] [basehttp:log_message] [INFO]- "GET /admin/DeviceLNV/devicelnv/ HTTP/1.1" 200 22573
[2021-08-05 09:47:52,290] [basehttp.py:154] [basehttp:log_message] [INFO]- "GET /admin/jsi18n/ HTTP/1.1" 200 7684
[2021-08-05 09:47:52,325] [basehttp.py:154] [basehttp:log_message] [INFO]- "GET /favicon.ico HTTP/1.1" 200 14286
[2021-08-05 09:47:54,405] [basehttp.py:154] [basehttp:log_message] [INFO]- "GET /admin/DeviceLNV/devicelnv/ HTTP/1.1" 200 22573
[2021-08-05 09:47:54,443] [basehttp.py:154] [basehttp:log_message] [INFO]- "GET /admin/jsi18n/ HTTP/1.1" 200 7684
[2021-08-05 09:47:54,476] [basehttp.py:154] [basehttp:log_message] [INFO]- "GET /favicon.ico HTTP/1.1" 200 14286
[2021-08-05 09:47:59,411] [basehttp.py:154] [basehttp:log_message] [INFO]- "GET /admin/DeviceLNV/devicelnv/ HTTP/1.1" 200 22573
[2021-08-05 09:47:59,444] [basehttp.py:154] [basehttp:log_message] [INFO]- "GET /admin/jsi18n/ HTTP/1.1" 200 7684
[2021-08-05 09:47:59,488] [basehttp.py:154] [basehttp:log_message] [INFO]- "GET /favicon.ico HTTP/1.1" 200 14286
[2021-08-05 09:49:28,754] [basehttp.py:154] [basehttp:log_message] [INFO]- "POST /DeviceLNV/M_edit/ HTTP/1.1" 200 3628
[2021-08-05 09:52:02,635] [basehttp.py:154] [basehttp:log_message] [INFO]- "POST /DeviceLNV/M_edit/ HTTP/1.1" 200 3628
[2021-08-05 09:53:49,326] [basehttp.py:154] [basehttp:log_message] [INFO]- "GET /DeviceLNV/M_Category/ HTTP/1.1" 200 100950
[2021-08-05 09:53:49,436] [basehttp.py:154] [basehttp:log_message] [WARNING]- "GET /static/css/bootstrap.min.css.map HTTP/1.1" 404 1800
[2021-08-05 09:53:49,446] [basehttp.py:154] [basehttp:log_message] [WARNING]- "GET /static/js/lib/bootstrap.min.js.map HTTP/1.1" 404 1806
[2021-08-05 09:53:49,628] [basehttp.py:154] [basehttp:log_message] [WARNING]- "GET /static/js/axios.min.map HTTP/1.1" 404 1773
[2021-08-05 09:53:49,951] [basehttp.py:154] [basehttp:log_message] [INFO]- "POST /DeviceLNV/M_Category/ HTTP/1.1" 200 2354
[2021-08-05 09:53:49,995] [basehttp.py:154] [basehttp:log_message] [INFO]- "GET /favicon.ico HTTP/1.1" 200 14286
[2021-08-05 09:53:59,396] [basehttp.py:154] [basehttp:log_message] [INFO]- "POST /DeviceLNV/M_Category/ HTTP/1.1" 200 2354
[2021-08-05 10:01:02,542] [basehttp.py:154] [basehttp:log_message] [INFO]- "POST /DeviceLNV/M_Category/ HTTP/1.1" 200 2323
[2021-08-05 10:01:03,785] [basehttp.py:154] [basehttp:log_message] [INFO]- "POST /DeviceLNV/M_Category/ HTTP/1.1" 200 2343
[2021-08-05 10:01:23,016] [basehttp.py:154] [basehttp:log_message] [INFO]- "GET /DeviceLNV/M_Category/ HTTP/1.1" 200 100950
[2021-08-05 10:01:23,093] [basehttp.py:154] [basehttp:log_message] [INFO]- "GET /DeviceLNV/M_Category/ HTTP/1.1" 200 100950
[2021-08-05 10:01:23,119] [basehttp.py:154] [basehttp:log_message] [WARNING]- "GET /static/css/bootstrap.min.css.map HTTP/1.1" 404 1800
[2021-08-05 10:01:23,129] [basehttp.py:154] [basehttp:log_message] [WARNING]- "GET /static/js/lib/bootstrap.min.js.map HTTP/1.1" 404 1806
[2021-08-05 10:01:23,323] [basehttp.py:154] [basehttp:log_message] [WARNING]- "GET /static/js/axios.min.map HTTP/1.1" 404 1773
[2021-08-05 10:01:23,647] [basehttp.py:154] [basehttp:log_message] [INFO]- "POST /DeviceLNV/M_Category/ HTTP/1.1" 200 2299
[2021-08-05 10:01:23,727] [basehttp.py:154] [basehttp:log_message] [INFO]- "GET /favicon.ico HTTP/1.1" 200 14286
[2021-08-05 10:01:33,116] [basehttp.py:154] [basehttp:log_message] [INFO]- "POST /DeviceLNV/M_Category/ HTTP/1.1" 200 2343
[2021-08-05 10:02:29,536] [basehttp.py:154] [basehttp:log_message] [INFO]- "POST /DeviceLNV/M_Category/ HTTP/1.1" 200 2323
[2021-08-05 10:02:30,660] [basehttp.py:154] [basehttp:log_message] [INFO]- "POST /DeviceLNV/M_Category/ HTTP/1.1" 200 2343
[2021-08-05 10:03:07,444] [basehttp.py:154] [basehttp:log_message] [INFO]- "POST /DeviceLNV/M_Category/ HTTP/1.1" 200 2318
[2021-08-05 10:03:08,531] [basehttp.py:154] [basehttp:log_message] [INFO]- "POST /DeviceLNV/M_Category/ HTTP/1.1" 200 2332
[2021-08-05 10:03:29,609] [basehttp.py:154] [basehttp:log_message] [INFO]- "POST /DeviceLNV/M_Category/ HTTP/1.1" 200 2299
[2021-08-05 10:03:43,393] [basehttp.py:154] [basehttp:log_message] [INFO]- "POST /DeviceLNV/M_Category/ HTTP/1.1" 200 2299
[2021-08-05 10:11:18,898] [basehttp.py:154] [basehttp:log_message] [INFO]- "POST /DeviceLNV/M_Category/ HTTP/1.1" 200 2205
[2021-08-05 10:11:24,099] [basehttp.py:154] [basehttp:log_message] [INFO]- "POST /DeviceLNV/M_Category/ HTTP/1.1" 200 2205
[2021-08-05 10:11:47,738] [basehttp.py:154] [basehttp:log_message] [ERROR]- "POST /DeviceLNV/M_Category/ HTTP/1.1" 500 59
[2021-08-05 10:13:14,393] [basehttp.py:154] [basehttp:log_message] [INFO]- "GET /DeviceLNV/M_Category/ HTTP/1.1" 200 100950
[2021-08-05 10:13:14,466] [basehttp.py:154] [basehttp:log_message] [INFO]- "GET /DeviceLNV/M_Category/ HTTP/1.1" 200 100950
[2021-08-05 10:13:14,496] [basehttp.py:154] [basehttp:log_message] [WARNING]- "GET /static/css/bootstrap.min.css.map HTTP/1.1" 404 1800
[2021-08-05 10:13:14,498] [basehttp.py:154] [basehttp:log_message] [WARNING]- "GET /static/js/lib/bootstrap.min.js.map HTTP/1.1" 404 1806
[2021-08-05 10:13:14,589] [basehttp.py:154] [basehttp:log_message] [WARNING]- "GET /static/js/axios.min.map HTTP/1.1" 404 1773
[2021-08-05 10:13:14,947] [basehttp.py:154] [basehttp:log_message] [INFO]- "POST /DeviceLNV/M_Category/ HTTP/1.1" 200 2174
[2021-08-05 10:13:14,956] [basehttp.py:154] [basehttp:log_message] [INFO]- "GET /favicon.ico HTTP/1.1" 200 14286
[2021-08-05 10:13:17,450] [basehttp.py:154] [basehttp:log_message] [INFO]- "POST /DeviceLNV/M_Category/ HTTP/1.1" 200 2205
[2021-08-05 10:13:26,666] [basehttp.py:154] [basehttp:log_message] [ERROR]- "POST /DeviceLNV/M_Category/ HTTP/1.1" 500 59
[2021-08-05 10:13:43,369] [basehttp.py:154] [basehttp:log_message] [ERROR]- "POST /DeviceLNV/M_Category/ HTTP/1.1" 500 59
[2021-08-05 10:15:02,580] [basehttp.py:154] [basehttp:log_message] [ERROR]- "POST /DeviceLNV/M_Category/ HTTP/1.1" 500 59
[2021-08-05 10:17:31,382] [basehttp.py:154] [basehttp:log_message] [ERROR]- "POST /DeviceLNV/M_Category/ HTTP/1.1" 500 59
[2021-08-05 10:17:58,728] [basehttp.py:154] [basehttp:log_message] [ERROR]- "POST /DeviceLNV/M_Category/ HTTP/1.1" 500 59
[2021-08-05 10:25:07,694] [basehttp.py:154] [basehttp:log_message] [INFO]- "GET /DeviceLNV/M_Category/ HTTP/1.1" 200 100950
[2021-08-05 10:25:07,783] [basehttp.py:154] [basehttp:log_message] [INFO]- "GET /DeviceLNV/M_Category/ HTTP/1.1" 200 100950
[2021-08-05 10:25:07,817] [basehttp.py:154] [basehttp:log_message] [WARNING]- "GET /static/css/bootstrap.min.css.map HTTP/1.1" 404 1800
[2021-08-05 10:25:07,829] [basehttp.py:154] [basehttp:log_message] [WARNING]- "GET /static/js/lib/bootstrap.min.js.map HTTP/1.1" 404 1806
[2021-08-05 10:25:08,034] [basehttp.py:154] [basehttp:log_message] [WARNING]- "GET /static/js/axios.min.map HTTP/1.1" 404 1773
[2021-08-05 10:25:08,455] [basehttp.py:154] [basehttp:log_message] [INFO]- "POST /DeviceLNV/M_Category/ HTTP/1.1" 200 2174
[2021-08-05 10:25:08,527] [basehttp.py:154] [basehttp:log_message] [INFO]- "GET /favicon.ico HTTP/1.1" 200 14286
[2021-08-05 10:25:11,165] [basehttp.py:154] [basehttp:log_message] [INFO]- "POST /DeviceLNV/M_Category/ HTTP/1.1" 200 2205
[2021-08-05 10:25:15,988] [basehttp.py:154] [basehttp:log_message] [ERROR]- "POST /DeviceLNV/M_Category/ HTTP/1.1" 500 59
[2021-08-05 10:25:59,300] [basehttp.py:154] [basehttp:log_message] [INFO]- "GET /DeviceLNV/M_Category/ HTTP/1.1" 200 100950
[2021-08-05 10:25:59,414] [basehttp.py:154] [basehttp:log_message] [INFO]- "GET /DeviceLNV/M_Category/ HTTP/1.1" 200 100950
[2021-08-05 10:25:59,444] [basehttp.py:154] [basehttp:log_message] [WARNING]- "GET /static/css/bootstrap.min.css.map HTTP/1.1" 404 1800
[2021-08-05 10:25:59,519] [basehttp.py:154] [basehttp:log_message] [WARNING]- "GET /static/js/lib/bootstrap.min.js.map HTTP/1.1" 404 1806
[2021-08-05 10:25:59,701] [basehttp.py:154] [basehttp:log_message] [WARNING]- "GET /static/js/axios.min.map HTTP/1.1" 404 1773
[2021-08-05 10:26:00,135] [basehttp.py:154] [basehttp:log_message] [INFO]- "POST /DeviceLNV/M_Category/ HTTP/1.1" 200 2174
[2021-08-05 10:26:00,225] [basehttp.py:154] [basehttp:log_message] [INFO]- "GET /favicon.ico HTTP/1.1" 200 14286
[2021-08-05 10:26:01,774] [basehttp.py:154] [basehttp:log_message] [INFO]- "POST /DeviceLNV/M_Category/ HTTP/1.1" 200 2205
[2021-08-05 10:26:06,009] [basehttp.py:154] [basehttp:log_message] [ERROR]- "POST /DeviceLNV/M_Category/ HTTP/1.1" 500 59
[2021-08-05 10:26:14,089] [basehttp.py:154] [basehttp:log_message] [ERROR]- "POST /DeviceLNV/M_Category/ HTTP/1.1" 500 59
[2021-08-05 10:31:34,358] [basehttp.py:154] [basehttp:log_message] [INFO]- "POST /DeviceLNV/M_Category/ HTTP/1.1" 200 2205
[2021-08-05 10:31:36,323] [basehttp.py:154] [basehttp:log_message] [INFO]- "GET /DeviceLNV/M_Category/ HTTP/1.1" 200 100950
[2021-08-05 10:31:36,398] [basehttp.py:154] [basehttp:log_message] [INFO]- "GET /DeviceLNV/M_Category/ HTTP/1.1" 200 100950
[2021-08-05 10:31:36,427] [basehttp.py:154] [basehttp:log_message] [WARNING]- "GET /static/css/bootstrap.min.css.map HTTP/1.1" 404 1800
[2021-08-05 10:31:36,437] [basehttp.py:154] [basehttp:log_message] [WARNING]- "GET /static/js/lib/bootstrap.min.js.map HTTP/1.1" 404 1806
[2021-08-05 10:31:36,603] [basehttp.py:154] [basehttp:log_message] [WARNING]- "GET /static/js/axios.min.map HTTP/1.1" 404 1773
[2021-08-05 10:31:36,946] [basehttp.py:154] [basehttp:log_message] [INFO]- "POST /DeviceLNV/M_Category/ HTTP/1.1" 200 2174
[2021-08-05 10:31:37,022] [basehttp.py:154] [basehttp:log_message] [INFO]- "GET /favicon.ico HTTP/1.1" 200 14286
[2021-08-05 10:31:44,360] [basehttp.py:154] [basehttp:log_message] [INFO]- "POST /DeviceLNV/M_Category/ HTTP/1.1" 200 2205
[2021-08-05 10:33:25,220] [basehttp.py:154] [basehttp:log_message] [INFO]- "GET /DeviceLNV/M_Category/ HTTP/1.1" 200 100950
[2021-08-05 10:33:25,324] [basehttp.py:154] [basehttp:log_message] [INFO]- "GET /DeviceLNV/M_Category/ HTTP/1.1" 200 100950
[2021-08-05 10:33:25,336] [basehttp.py:154] [basehttp:log_message] [WARNING]- "GET /static/css/bootstrap.min.css.map HTTP/1.1" 404 1800
[2021-08-05 10:33:25,350] [basehttp.py:154] [basehttp:log_message] [WARNING]- "GET /static/js/lib/bootstrap.min.js.map HTTP/1.1" 404 1806
[2021-08-05 10:33:25,569] [basehttp.py:154] [basehttp:log_message] [WARNING]- "GET /static/js/axios.min.map HTTP/1.1" 404 1773
[2021-08-05 10:33:25,941] [basehttp.py:154] [basehttp:log_message] [INFO]- "POST /DeviceLNV/M_Category/ HTTP/1.1" 200 2174
[2021-08-05 10:33:25,955] [basehttp.py:154] [basehttp:log_message] [INFO]- "GET /favicon.ico HTTP/1.1" 200 14286
[2021-08-05 10:33:26,552] [basehttp.py:154] [basehttp:log_message] [INFO]- "POST /DeviceLNV/M_Category/ HTTP/1.1" 200 2205
[2021-08-05 10:34:47,364] [basehttp.py:154] [basehttp:log_message] [INFO]- "POST /DeviceLNV/M_Category/ HTTP/1.1" 200 2195
[2021-08-05 10:34:52,997] [basehttp.py:154] [basehttp:log_message] [INFO]- "POST /DeviceLNV/M_Category/ HTTP/1.1" 200 2207
[2021-08-05 10:35:05,938] [basehttp.py:154] [basehttp:log_message] [INFO]- "POST /DeviceLNV/M_Category/ HTTP/1.1" 200 2205
[2021-08-05 10:35:11,386] [basehttp.py:154] [basehttp:log_message] [INFO]- "POST /DeviceLNV/M_Category/ HTTP/1.1" 200 2174
[2021-08-05 10:37:02,968] [basehttp.py:154] [basehttp:log_message] [INFO]- "POST /DeviceLNV/M_Category/ HTTP/1.1" 200 2205
[2021-08-05 10:37:34,060] [basehttp.py:154] [basehttp:log_message] [ERROR]- "POST /DeviceLNV/M_Category/ HTTP/1.1" 500 59
[2021-08-05 10:38:44,664] [basehttp.py:154] [basehttp:log_message] [INFO]- "POST /DeviceLNV/M_Category/ HTTP/1.1" 200 2174
[2021-08-05 10:38:47,367] [basehttp.py:154] [basehttp:log_message] [INFO]- "POST /DeviceLNV/M_Category/ HTTP/1.1" 200 2205
[2021-08-05 10:39:14,925] [basehttp.py:154] [basehttp:log_message] [WARNING]- "GET /static/js/lib/bootstrap.min.js.map HTTP/1.1" 404 1806
[2021-08-05 10:39:14,929] [basehttp.py:154] [basehttp:log_message] [WARNING]- "GET /static/js/axios.min.map HTTP/1.1" 404 1773
[2021-08-05 10:39:15,027] [basehttp.py:154] [basehttp:log_message] [WARNING]- "GET /static/css/bootstrap.min.css.map HTTP/1.1" 404 1800
[2021-08-05 10:40:19,486] [basehttp.py:154] [basehttp:log_message] [INFO]- "POST /DeviceLNV/M_Category/ HTTP/1.1" 200 2174
[2021-08-05 10:46:54,994] [basehttp.py:154] [basehttp:log_message] [INFO]- "POST /DeviceLNV/M_Category/ HTTP/1.1" 200 2174
[2021-08-05 10:46:56,391] [basehttp.py:154] [basehttp:log_message] [INFO]- "POST /DeviceLNV/M_Category/ HTTP/1.1" 200 2317
[2021-08-05 10:47:56,331] [basehttp.py:154] [basehttp:log_message] [INFO]- "POST /DeviceLNV/M_Category/ HTTP/1.1" 200 2250
[2021-08-05 10:48:09,587] [basehttp.py:154] [basehttp:log_message] [INFO]- "POST /DeviceLNV/M_Category/ HTTP/1.1" 200 2411
[2021-08-05 10:48:53,352] [basehttp.py:154] [basehttp:log_message] [INFO]- "POST /DeviceLNV/M_Category/ HTTP/1.1" 200 2311
[2021-08-05 10:48:55,355] [basehttp.py:154] [basehttp:log_message] [INFO]- "POST /DeviceLNV/M_Category/ HTTP/1.1" 200 1967
[2021-08-05 10:50:33,291] [basehttp.py:154] [basehttp:log_message] [ERROR]- "POST /DeviceLNV/M_Category/ HTTP/1.1" 500 59
[2021-08-05 10:51:28,394] [basehttp.py:154] [basehttp:log_message] [INFO]- "POST /DeviceLNV/M_Category/ HTTP/1.1" 200 1867
[2021-08-05 10:51:35,451] [basehttp.py:154] [basehttp:log_message] [INFO]- "POST /DeviceLNV/M_Category/ HTTP/1.1" 200 1967
[2021-08-05 10:51:50,265] [basehttp.py:154] [basehttp:log_message] [INFO]- "POST /DeviceLNV/M_Category/ HTTP/1.1" 200 1867
[2021-08-05 10:51:55,476] [basehttp.py:154] [basehttp:log_message] [INFO]- "POST /DeviceLNV/M_Category/ HTTP/1.1" 200 2411
[2021-08-05 10:52:09,831] [basehttp.py:154] [basehttp:log_message] [INFO]- "POST /DeviceLNV/M_Category/ HTTP/1.1" 200 2311
[2021-08-05 10:52:11,954] [basehttp.py:154] [basehttp:log_message] [INFO]- "POST /DeviceLNV/M_Category/ HTTP/1.1" 200 2411
[2021-08-05 10:55:06,380] [basehttp.py:154] [basehttp:log_message] [INFO]- "POST /DeviceLNV/M_Category/ HTTP/1.1" 200 2311
[2021-08-05 10:55:56,947] [basehttp.py:154] [basehttp:log_message] [INFO]- "GET /admin/DeviceLNV/ HTTP/1.1" 200 5476
[2021-08-05 10:55:56,973] [basehttp.py:154] [basehttp:log_message] [INFO]- "GET /favicon.ico HTTP/1.1" 200 14286
[2021-08-05 10:55:58,417] [basehttp.py:154] [basehttp:log_message] [INFO]- "GET /admin/DeviceLNV/deviceintfctgrylist/ HTTP/1.1" 200 5961
[2021-08-05 10:55:58,449] [basehttp.py:154] [basehttp:log_message] [INFO]- "GET /admin/jsi18n/ HTTP/1.1" 200 7684
[2021-08-05 10:55:58,493] [basehttp.py:154] [basehttp:log_message] [INFO]- "GET /favicon.ico HTTP/1.1" 200 14286
[2021-08-05 10:56:00,254] [basehttp.py:154] [basehttp:log_message] [INFO]- "GET /admin/DeviceLNV/ HTTP/1.1" 200 5476
[2021-08-05 10:56:00,312] [basehttp.py:154] [basehttp:log_message] [INFO]- "GET /favicon.ico HTTP/1.1" 200 14286
[2021-08-05 10:56:02,103] [basehttp.py:154] [basehttp:log_message] [INFO]- "GET /admin/DeviceLNV/devicedevsizelist/ HTTP/1.1" 200 5874
[2021-08-05 10:56:02,148] [basehttp.py:154] [basehttp:log_message] [INFO]- "GET /admin/jsi18n/ HTTP/1.1" 200 7684
[2021-08-05 10:56:02,193] [basehttp.py:154] [basehttp:log_message] [INFO]- "GET /favicon.ico HTTP/1.1" 200 14286
[2021-08-05 10:56:05,646] [basehttp.py:154] [basehttp:log_message] [INFO]- "GET /admin/DeviceLNV/devicedevsizelist/add/ HTTP/1.1" 200 5855
[2021-08-05 10:56:05,669] [basehttp.py:154] [basehttp:log_message] [INFO]- "GET /admin/jsi18n/ HTTP/1.1" 200 7684
[2021-08-05 10:56:05,725] [basehttp.py:154] [basehttp:log_message] [INFO]- "GET /favicon.ico HTTP/1.1" 200 14286
[2021-08-05 10:56:09,296] [basehttp.py:154] [basehttp:log_message] [INFO]- "GET /admin/DeviceLNV/devicedevsizelist/ HTTP/1.1" 200 5874
[2021-08-05 10:56:09,354] [basehttp.py:154] [basehttp:log_message] [INFO]- "GET /favicon.ico HTTP/1.1" 200 14286
[2021-08-05 10:56:10,434] [basehttp.py:154] [basehttp:log_message] [INFO]- "GET /admin/DeviceLNV/ HTTP/1.1" 200 5476
[2021-08-05 10:56:10,457] [basehttp.py:154] [basehttp:log_message] [INFO]- "GET /favicon.ico HTTP/1.1" 200 14286
[2021-08-05 10:56:56,927] [basehttp.py:154] [basehttp:log_message] [INFO]- "GET /admin/DeviceLNV/devicedevctgrylist/ HTTP/1.1" 200 5890
[2021-08-05 10:56:56,948] [basehttp.py:154] [basehttp:log_message] [INFO]- "GET /admin/jsi18n/ HTTP/1.1" 200 7684
[2021-08-05 10:56:56,982] [basehttp.py:154] [basehttp:log_message] [INFO]- "GET /favicon.ico HTTP/1.1" 200 14286
[2021-08-05 10:57:00,124] [basehttp.py:154] [basehttp:log_message] [INFO]- "GET /admin/DeviceLNV/devicedevctgrylist/add/ HTTP/1.1" 200 5687
[2021-08-05 10:57:00,175] [basehttp.py:154] [basehttp:log_message] [INFO]- "GET /admin/jsi18n/ HTTP/1.1" 200 7684
[2021-08-05 10:57:00,221] [basehttp.py:154] [basehttp:log_message] [INFO]- "GET /favicon.ico HTTP/1.1" 200 14286
[2021-08-05 10:57:10,091] [basehttp.py:154] [basehttp:log_message] [INFO]- "POST /admin/DeviceLNV/devicedevctgrylist/add/ HTTP/1.1" 302 0
[2021-08-05 10:57:10,134] [basehttp.py:154] [basehttp:log_message] [INFO]- "GET /admin/DeviceLNV/devicedevctgrylist/ HTTP/1.1" 200 6376
[2021-08-05 10:57:10,155] [basehttp.py:154] [basehttp:log_message] [INFO]- "GET /admin/jsi18n/ HTTP/1.1" 200 7684
[2021-08-05 10:57:10,164] [basehttp.py:154] [basehttp:log_message] [INFO]- "GET /static/admin/img/icon-yes.svg HTTP/1.1" 200 436
[2021-08-05 10:57:10,190] [basehttp.py:154] [basehttp:log_message] [INFO]- "GET /favicon.ico HTTP/1.1" 200 14286
[2021-08-05 10:57:26,361] [basehttp.py:154] [basehttp:log_message] [INFO]- "GET /admin/DeviceLNV/devicedevctgrylist/add/ HTTP/1.1" 200 5687
[2021-08-05 10:57:26,383] [basehttp.py:154] [basehttp:log_message] [INFO]- "GET /admin/jsi18n/ HTTP/1.1" 200 7684
[2021-08-05 10:57:26,412] [basehttp.py:154] [basehttp:log_message] [INFO]- "GET /favicon.ico HTTP/1.1" 200 14286
[2021-08-05 10:57:31,578] [basehttp.py:154] [basehttp:log_message] [INFO]- "POST /admin/DeviceLNV/devicedevctgrylist/add/ HTTP/1.1" 302 0
[2021-08-05 10:57:31,635] [basehttp.py:154] [basehttp:log_message] [INFO]- "GET /admin/DeviceLNV/devicedevctgrylist/ HTTP/1.1" 200 6752
[2021-08-05 10:57:31,674] [basehttp.py:154] [basehttp:log_message] [INFO]- "GET /admin/jsi18n/ HTTP/1.1" 200 7684
[2021-08-05 10:57:31,721] [basehttp.py:154] [basehttp:log_message] [INFO]- "GET /favicon.ico HTTP/1.1" 200 14286
[2021-08-05 10:57:33,778] [basehttp.py:154] [basehttp:log_message] [INFO]- "GET /admin/DeviceLNV/ HTTP/1.1" 200 5476
[2021-08-05 10:57:33,826] [basehttp.py:154] [basehttp:log_message] [INFO]- "GET /favicon.ico HTTP/1.1" 200 14286
[2021-08-05 11:03:53,996] [basehttp.py:154] [basehttp:log_message] [INFO]- "GET /admin/DeviceLNV/devicedevctgrylist/ HTTP/1.1" 200 6543
[2021-08-05 11:03:54,021] [basehttp.py:154] [basehttp:log_message] [INFO]- "GET /admin/jsi18n/ HTTP/1.1" 200 7684
[2021-08-05 11:03:54,080] [basehttp.py:154] [basehttp:log_message] [INFO]- "GET /favicon.ico HTTP/1.1" 200 14286
[2021-08-05 11:03:56,314] [basehttp.py:154] [basehttp:log_message] [INFO]- "GET /admin/DeviceLNV/ HTTP/1.1" 200 5476
[2021-08-05 11:03:56,340] [basehttp.py:154] [basehttp:log_message] [INFO]- "GET /favicon.ico HTTP/1.1" 200 14286
[2021-08-05 11:04:00,088] [basehttp.py:154] [basehttp:log_message] [INFO]- "GET /admin/DeviceLNV/devicedevpropertieslist/ HTTP/1.1" 200 6260
[2021-08-05 11:04:00,120] [basehttp.py:154] [basehttp:log_message] [INFO]- "GET /admin/jsi18n/ HTTP/1.1" 200 7684
[2021-08-05 11:04:00,150] [basehttp.py:154] [basehttp:log_message] [INFO]- "GET /favicon.ico HTTP/1.1" 200 14286
[2021-08-05 11:04:03,365] [basehttp.py:154] [basehttp:log_message] [INFO]- "GET /admin/DeviceLNV/devicedevpropertieslist/add/ HTTP/1.1" 200 5813
[2021-08-05 11:04:03,385] [basehttp.py:154] [basehttp:log_message] [INFO]- "GET /admin/jsi18n/ HTTP/1.1" 200 7684
[2021-08-05 11:04:03,431] [basehttp.py:154] [basehttp:log_message] [INFO]- "GET /favicon.ico HTTP/1.1" 200 14286
[2021-08-05 11:04:12,364] [basehttp.py:154] [basehttp:log_message] [INFO]- "POST /admin/DeviceLNV/devicedevpropertieslist/add/ HTTP/1.1" 302 0
[2021-08-05 11:04:12,420] [basehttp.py:154] [basehttp:log_message] [INFO]- "GET /admin/DeviceLNV/devicedevpropertieslist/ HTTP/1.1" 200 6911
[2021-08-05 11:04:12,440] [basehttp.py:154] [basehttp:log_message] [INFO]- "GET /admin/jsi18n/ HTTP/1.1" 200 7684
[2021-08-05 11:04:12,491] [basehttp.py:154] [basehttp:log_message] [INFO]- "GET /favicon.ico HTTP/1.1" 200 14286
[2021-08-05 11:04:21,562] [basehttp.py:154] [basehttp:log_message] [INFO]- "GET /admin/DeviceLNV/ HTTP/1.1" 200 5476
[2021-08-05 11:04:21,586] [basehttp.py:154] [basehttp:log_message] [INFO]- "GET /favicon.ico HTTP/1.1" 200 14286
[2021-08-05 11:04:23,185] [basehttp.py:154] [basehttp:log_message] [INFO]- "GET /admin/DeviceLNV/devicedevvendorlist/ HTTP/1.1" 200 6613
[2021-08-05 11:04:23,221] [basehttp.py:154] [basehttp:log_message] [INFO]- "GET /admin/jsi18n/ HTTP/1.1" 200 7684
[2021-08-05 11:04:23,270] [basehttp.py:154] [basehttp:log_message] [INFO]- "GET /favicon.ico HTTP/1.1" 200 14286
[2021-08-05 11:04:24,875] [basehttp.py:154] [basehttp:log_message] [INFO]- "GET /admin/DeviceLNV/devicedevvendorlist/add/ HTTP/1.1" 200 5895
[2021-08-05 11:04:24,897] [basehttp.py:154] [basehttp:log_message] [INFO]- "GET /admin/jsi18n/ HTTP/1.1" 200 7684
[2021-08-05 11:04:24,922] [basehttp.py:154] [basehttp:log_message] [INFO]- "GET /favicon.ico HTTP/1.1" 200 14286
[2021-08-05 11:04:29,987] [basehttp.py:154] [basehttp:log_message] [INFO]- "POST /admin/DeviceLNV/devicedevvendorlist/add/ HTTP/1.1" 302 0
[2021-08-05 11:04:30,046] [basehttp.py:154] [basehttp:log_message] [INFO]- "GET /admin/DeviceLNV/devicedevvendorlist/ HTTP/1.1" 200 7188
[2021-08-05 11:04:30,069] [basehttp.py:154] [basehttp:log_message] [INFO]- "GET /admin/jsi18n/ HTTP/1.1" 200 7684
[2021-08-05 11:04:30,104] [basehttp.py:154] [basehttp:log_message] [INFO]- "GET /favicon.ico HTTP/1.1" 200 14286
[2021-08-05 11:06:12,139] [basehttp.py:154] [basehttp:log_message] [INFO]- "GET /admin/DeviceLNV/ HTTP/1.1" 200 5476
[2021-08-05 11:06:12,181] [basehttp.py:154] [basehttp:log_message] [INFO]- "GET /favicon.ico HTTP/1.1" 200 14286
[2021-08-05 11:06:14,166] [basehttp.py:154] [basehttp:log_message] [INFO]- "GET /admin/DeviceLNV/devicedevsizelist/ HTTP/1.1" 200 5874
[2021-08-05 11:06:14,209] [basehttp.py:154] [basehttp:log_message] [INFO]- "GET /admin/jsi18n/ HTTP/1.1" 200 7684
[2021-08-05 11:06:14,260] [basehttp.py:154] [basehttp:log_message] [INFO]- "GET /favicon.ico HTTP/1.1" 200 14286
[2021-08-05 11:06:17,231] [basehttp.py:154] [basehttp:log_message] [INFO]- "GET /admin/DeviceLNV/devicedevsizelist/add/ HTTP/1.1" 200 5948
[2021-08-05 11:06:17,250] [basehttp.py:154] [basehttp:log_message] [INFO]- "GET /admin/jsi18n/ HTTP/1.1" 200 7684
[2021-08-05 11:06:17,279] [basehttp.py:154] [basehttp:log_message] [INFO]- "GET /favicon.ico HTTP/1.1" 200 14286
[2021-08-05 11:06:25,375] [basehttp.py:154] [basehttp:log_message] [INFO]- "POST /admin/DeviceLNV/devicedevsizelist/add/ HTTP/1.1" 302 0
[2021-08-05 11:06:25,432] [basehttp.py:154] [basehttp:log_message] [INFO]- "GET /admin/DeviceLNV/devicedevsizelist/ HTTP/1.1" 200 6459
[2021-08-05 11:06:25,451] [basehttp.py:154] [basehttp:log_message] [INFO]- "GET /admin/jsi18n/ HTTP/1.1" 200 7684
[2021-08-05 11:06:25,502] [basehttp.py:154] [basehttp:log_message] [INFO]- "GET /favicon.ico HTTP/1.1" 200 14286
[2021-08-05 11:06:33,269] [basehttp.py:154] [basehttp:log_message] [INFO]- "GET /admin/DeviceLNV/ HTTP/1.1" 200 5476
[2021-08-05 11:06:33,314] [basehttp.py:154] [basehttp:log_message] [INFO]- "GET /favicon.ico HTTP/1.1" 200 14286
[2021-08-05 11:06:35,719] [basehttp.py:154] [basehttp:log_message] [INFO]- "GET /admin/DeviceLNV/devicedevctgrylist/ HTTP/1.1" 200 6543
[2021-08-05 11:06:35,755] [basehttp.py:154] [basehttp:log_message] [INFO]- "GET /admin/jsi18n/ HTTP/1.1" 200 7684
[2021-08-05 11:06:35,786] [basehttp.py:154] [basehttp:log_message] [INFO]- "GET /favicon.ico HTTP/1.1" 200 14286
[2021-08-05 11:06:39,121] [basehttp.py:154] [basehttp:log_message] [INFO]- "GET /admin/DeviceLNV/devicedevctgrylist/3/change/ HTTP/1.1" 200 5932
[2021-08-05 11:06:39,143] [basehttp.py:154] [basehttp:log_message] [INFO]- "GET /admin/jsi18n/ HTTP/1.1" 200 7684
[2021-08-05 11:06:39,172] [basehttp.py:154] [basehttp:log_message] [INFO]- "GET /favicon.ico HTTP/1.1" 200 14286
[2021-08-05 11:06:40,771] [basehttp.py:154] [basehttp:log_message] [INFO]- "GET /admin/DeviceLNV/devicedevctgrylist/ HTTP/1.1" 200 6543
[2021-08-05 11:06:40,826] [basehttp.py:154] [basehttp:log_message] [INFO]- "GET /favicon.ico HTTP/1.1" 200 14286
[2021-08-05 11:07:02,709] [basehttp.py:154] [basehttp:log_message] [INFO]- "POST /DeviceLNV/M_Category/ HTTP/1.1" 200 2671
[2021-08-05 11:07:03,805] [basehttp.py:154] [basehttp:log_message] [INFO]- "POST /DeviceLNV/M_Category/ HTTP/1.1" 200 2766
[2021-08-05 11:07:19,540] [basehttp.py:154] [basehttp:log_message] [INFO]- "GET /DeviceLNV/M_Category/ HTTP/1.1" 200 100950
[2021-08-05 11:07:19,598] [basehttp.py:154] [basehttp:log_message] [INFO]- "GET /DeviceLNV/M_Category/ HTTP/1.1" 200 100950
[2021-08-05 11:07:19,620] [basehttp.py:154] [basehttp:log_message] [WARNING]- "GET /static/css/bootstrap.min.css.map HTTP/1.1" 404 1800
[2021-08-05 11:07:19,650] [basehttp.py:154] [basehttp:log_message] [WARNING]- "GET /static/js/lib/bootstrap.min.js.map HTTP/1.1" 404 1806
[2021-08-05 11:07:19,815] [basehttp.py:154] [basehttp:log_message] [WARNING]- "GET /static/js/axios.min.map HTTP/1.1" 404 1773
[2021-08-05 11:07:20,141] [basehttp.py:154] [basehttp:log_message] [INFO]- "POST /DeviceLNV/M_Category/ HTTP/1.1" 200 2732
[2021-08-05 11:07:20,160] [basehttp.py:154] [basehttp:log_message] [INFO]- "GET /favicon.ico HTTP/1.1" 200 14286
[2021-08-05 11:07:24,094] [basehttp.py:154] [basehttp:log_message] [INFO]- "POST /DeviceLNV/M_Category/ HTTP/1.1" 200 2865
[2021-08-05 11:11:23,720] [basehttp.py:154] [basehttp:log_message] [INFO]- "GET /DeviceLNV/M_Category/ HTTP/1.1" 200 100950
[2021-08-05 11:11:23,801] [basehttp.py:154] [basehttp:log_message] [INFO]- "GET /DeviceLNV/M_Category/ HTTP/1.1" 200 100950
[2021-08-05 11:11:25,836] [basehttp.py:154] [basehttp:log_message] [WARNING]- "GET /static/js/lib/bootstrap.min.js.map HTTP/1.1" 404 1806
[2021-08-05 11:11:25,837] [basehttp.py:154] [basehttp:log_message] [WARNING]- "GET /static/js/axios.min.map HTTP/1.1" 404 1773
[2021-08-05 11:11:25,838] [basehttp.py:154] [basehttp:log_message] [WARNING]- "GET /static/css/bootstrap.min.css.map HTTP/1.1" 404 1800
[2021-08-05 11:11:25,851] [basehttp.py:154] [basehttp:log_message] [INFO]- "GET /favicon.ico HTTP/1.1" 200 14286
[2021-08-05 11:11:25,856] [basehttp.py:154] [basehttp:log_message] [INFO]- "POST /DeviceLNV/M_Category/ HTTP/1.1" 200 2732
[2021-08-05 11:11:26,308] [basehttp.py:154] [basehttp:log_message] [INFO]- "POST /DeviceLNV/M_Category/ HTTP/1.1" 200 2865
[2021-08-05 11:12:06,367] [basehttp.py:154] [basehttp:log_message] [INFO]- "POST /DeviceLNV/M_Category/ HTTP/1.1" 200 2763
[2021-08-05 11:12:20,344] [basehttp.py:154] [basehttp:log_message] [INFO]- "GET /DeviceLNV/M_Category/ HTTP/1.1" 200 100950
[2021-08-05 11:12:20,417] [basehttp.py:154] [basehttp:log_message] [INFO]- "GET /DeviceLNV/M_Category/ HTTP/1.1" 200 100950
[2021-08-05 11:12:20,441] [basehttp.py:154] [basehttp:log_message] [WARNING]- "GET /static/css/bootstrap.min.css.map HTTP/1.1" 404 1800
[2021-08-05 11:12:20,460] [basehttp.py:154] [basehttp:log_message] [WARNING]- "GET /static/js/lib/bootstrap.min.js.map HTTP/1.1" 404 1806
[2021-08-05 11:12:20,544] [basehttp.py:154] [basehttp:log_message] [WARNING]- "GET /static/js/axios.min.map HTTP/1.1" 404 1773
[2021-08-05 11:12:20,883] [basehttp.py:154] [basehttp:log_message] [INFO]- "POST /DeviceLNV/M_Category/ HTTP/1.1" 200 2732
[2021-08-05 11:12:20,892] [basehttp.py:154] [basehttp:log_message] [INFO]- "GET /favicon.ico HTTP/1.1" 200 14286
[2021-08-05 11:12:26,397] [basehttp.py:154] [basehttp:log_message] [INFO]- "POST /DeviceLNV/M_Category/ HTTP/1.1" 200 2865
[2021-08-05 11:12:31,203] [basehttp.py:154] [basehttp:log_message] [INFO]- "POST /DeviceLNV/M_Category/ HTTP/1.1" 200 2766
[2021-08-05 11:12:44,149] [basehttp.py:154] [basehttp:log_message] [INFO]- "POST /DeviceLNV/M_Category/ HTTP/1.1" 200 2732
[2021-08-05 11:13:38,637] [basehttp.py:154] [basehttp:log_message] [INFO]- "GET /DeviceLNV/M_Category/ HTTP/1.1" 200 100950
[2021-08-05 11:13:38,708] [basehttp.py:154] [basehttp:log_message] [INFO]- "GET /DeviceLNV/M_Category/ HTTP/1.1" 200 100950
[2021-08-05 11:13:38,731] [basehttp.py:154] [basehttp:log_message] [WARNING]- "GET /static/css/bootstrap.min.css.map HTTP/1.1" 404 1800
[2021-08-05 11:13:38,738] [basehttp.py:154] [basehttp:log_message] [WARNING]- "GET /static/js/lib/bootstrap.min.js.map HTTP/1.1" 404 1806
[2021-08-05 11:13:38,826] [basehttp.py:154] [basehttp:log_message] [WARNING]- "GET /static/js/axios.min.map HTTP/1.1" 404 1773
[2021-08-05 11:13:39,172] [basehttp.py:154] [basehttp:log_message] [INFO]- "POST /DeviceLNV/M_Category/ HTTP/1.1" 200 2732
[2021-08-05 11:13:39,242] [basehttp.py:154] [basehttp:log_message] [INFO]- "GET /favicon.ico HTTP/1.1" 200 14286
[2021-08-05 11:14:08,872] [basehttp.py:154] [basehttp:log_message] [INFO]- "POST /DeviceLNV/M_Category/ HTTP/1.1" 200 2732
[2021-08-05 11:14:22,346] [basehttp.py:154] [basehttp:log_message] [INFO]- "POST /DeviceLNV/M_Category/ HTTP/1.1" 200 2732
[2021-08-05 11:14:58,562] [basehttp.py:154] [basehttp:log_message] [INFO]- "POST /DeviceLNV/M_Category/ HTTP/1.1" 200 2865
[2021-08-05 11:15:06,525] [basehttp.py:154] [basehttp:log_message] [INFO]- "POST /DeviceLNV/M_Category/ HTTP/1.1" 200 2732
[2021-08-05 11:15:08,934] [basehttp.py:154] [basehttp:log_message] [INFO]- "POST /DeviceLNV/M_Category/ HTTP/1.1" 200 2865
[2021-08-05 11:19:09,392] [basehttp.py:154] [basehttp:log_message] [INFO]- "POST /DeviceLNV/M_Category/ HTTP/1.1" 200 2732
[2021-08-05 11:20:16,151] [basehttp.py:154] [basehttp:log_message] [INFO]- "GET /admin/DeviceLNV/ HTTP/1.1" 200 5476
[2021-08-05 11:20:16,178] [basehttp.py:154] [basehttp:log_message] [INFO]- "GET /favicon.ico HTTP/1.1" 200 14286
[2021-08-05 11:20:19,382] [basehttp.py:154] [basehttp:log_message] [INFO]- "GET /admin/DeviceLNV/devicedevpropertieslist/ HTTP/1.1" 200 6677
[2021-08-05 11:20:19,425] [basehttp.py:154] [basehttp:log_message] [INFO]- "GET /admin/jsi18n/ HTTP/1.1" 200 7684
[2021-08-05 11:20:19,487] [basehttp.py:154] [basehttp:log_message] [INFO]- "GET /favicon.ico HTTP/1.1" 200 14286
[2021-08-05 11:20:23,373] [basehttp.py:154] [basehttp:log_message] [INFO]- "GET /admin/DeviceLNV/devicedevpropertieslist/add/ HTTP/1.1" 200 5813
[2021-08-05 11:20:23,397] [basehttp.py:154] [basehttp:log_message] [INFO]- "GET /admin/jsi18n/ HTTP/1.1" 200 7684
[2021-08-05 11:20:23,426] [basehttp.py:154] [basehttp:log_message] [INFO]- "GET /favicon.ico HTTP/1.1" 200 14286
[2021-08-05 11:20:37,998] [basehttp.py:154] [basehttp:log_message] [INFO]- "POST /admin/DeviceLNV/devicedevpropertieslist/add/ HTTP/1.1" 302 0
[2021-08-05 11:20:38,056] [basehttp.py:154] [basehttp:log_message] [INFO]- "GET /admin/DeviceLNV/devicedevpropertieslist/ HTTP/1.1" 200 7205
[2021-08-05 11:20:38,093] [basehttp.py:154] [basehttp:log_message] [INFO]- "GET /admin/jsi18n/ HTTP/1.1" 200 7684
[2021-08-05 11:20:38,140] [basehttp.py:154] [basehttp:log_message] [INFO]- "GET /favicon.ico HTTP/1.1" 200 14286
[2021-08-05 11:20:40,604] [basehttp.py:154] [basehttp:log_message] [INFO]- "GET /admin/DeviceLNV/ HTTP/1.1" 200 5476
[2021-08-05 11:20:40,643] [basehttp.py:154] [basehttp:log_message] [INFO]- "GET /favicon.ico HTTP/1.1" 200 14286
[2021-08-05 11:20:41,763] [basehttp.py:154] [basehttp:log_message] [INFO]- "GET /admin/DeviceLNV/devicedevvendorlist/ HTTP/1.1" 200 6944
[2021-08-05 11:20:41,787] [basehttp.py:154] [basehttp:log_message] [INFO]- "GET /admin/jsi18n/ HTTP/1.1" 200 7684
[2021-08-05 11:20:41,836] [basehttp.py:154] [basehttp:log_message] [INFO]- "GET /favicon.ico HTTP/1.1" 200 14286
[2021-08-05 11:20:43,959] [basehttp.py:154] [basehttp:log_message] [INFO]- "GET /admin/DeviceLNV/devicedevvendorlist/add/ HTTP/1.1" 200 5961
[2021-08-05 11:20:43,998] [basehttp.py:154] [basehttp:log_message] [INFO]- "GET /admin/jsi18n/ HTTP/1.1" 200 7684
[2021-08-05 11:20:44,027] [basehttp.py:154] [basehttp:log_message] [INFO]- "GET /favicon.ico HTTP/1.1" 200 14286
[2021-08-05 11:20:59,059] [basehttp.py:154] [basehttp:log_message] [INFO]- "POST /admin/DeviceLNV/devicedevvendorlist/add/ HTTP/1.1" 302 0
[2021-08-05 11:20:59,116] [basehttp.py:154] [basehttp:log_message] [INFO]- "GET /admin/DeviceLNV/devicedevvendorlist/ HTTP/1.1" 200 7551
[2021-08-05 11:20:59,137] [basehttp.py:154] [basehttp:log_message] [INFO]- "GET /admin/jsi18n/ HTTP/1.1" 200 7684
[2021-08-05 11:20:59,170] [basehttp.py:154] [basehttp:log_message] [INFO]- "GET /favicon.ico HTTP/1.1" 200 14286
[2021-08-05 11:21:02,277] [basehttp.py:154] [basehttp:log_message] [INFO]- "GET /admin/DeviceLNV/ HTTP/1.1" 200 5476
[2021-08-05 11:21:02,300] [basehttp.py:154] [basehttp:log_message] [INFO]- "GET /favicon.ico HTTP/1.1" 200 14286
[2021-08-05 11:21:03,775] [basehttp.py:154] [basehttp:log_message] [INFO]- "GET /admin/DeviceLNV/devicedevsizelist/ HTTP/1.1" 200 6207
[2021-08-05 11:21:03,811] [basehttp.py:154] [basehttp:log_message] [INFO]- "GET /admin/jsi18n/ HTTP/1.1" 200 7684
[2021-08-05 11:21:03,839] [basehttp.py:154] [basehttp:log_message] [INFO]- "GET /favicon.ico HTTP/1.1" 200 14286
[2021-08-05 11:21:05,845] [basehttp.py:154] [basehttp:log_message] [INFO]- "GET /admin/DeviceLNV/devicedevsizelist/add/ HTTP/1.1" 200 6025
[2021-08-05 11:21:05,868] [basehttp.py:154] [basehttp:log_message] [INFO]- "GET /admin/jsi18n/ HTTP/1.1" 200 7684
[2021-08-05 11:21:05,900] [basehttp.py:154] [basehttp:log_message] [INFO]- "GET /favicon.ico HTTP/1.1" 200 14286
[2021-08-05 11:21:14,682] [basehttp.py:154] [basehttp:log_message] [INFO]- "POST /admin/DeviceLNV/devicedevsizelist/add/ HTTP/1.1" 302 0
[2021-08-05 11:21:14,733] [basehttp.py:154] [basehttp:log_message] [INFO]- "GET /admin/DeviceLNV/devicedevsizelist/ HTTP/1.1" 200 6760
[2021-08-05 11:21:14,756] [basehttp.py:154] [basehttp:log_message] [INFO]- "GET /admin/jsi18n/ HTTP/1.1" 200 7684
[2021-08-05 11:21:14,790] [basehttp.py:154] [basehttp:log_message] [INFO]- "GET /favicon.ico HTTP/1.1" 200 14286
[2021-08-05 11:21:17,299] [basehttp.py:154] [basehttp:log_message] [INFO]- "GET /admin/DeviceLNV/ HTTP/1.1" 200 5476
[2021-08-05 11:21:17,348] [basehttp.py:154] [basehttp:log_message] [INFO]- "GET /favicon.ico HTTP/1.1" 200 14286
[2021-08-05 11:22:23,647] [basehttp.py:154] [basehttp:log_message] [INFO]- "POST /DeviceLNV/M_Category/ HTTP/1.1" 200 2889
[2021-08-05 11:22:30,914] [log.py:228] [log:log_response] [ERROR]- Internal Server Error: /DeviceLNV/M_Category/
Traceback (most recent call last):
  File "C:\Python372\mecheck\lib\site-packages\django\core\handlers\exception.py", line 34, in inner
    response = get_response(request)
  File "C:\Python372\mecheck\lib\site-packages\django\core\handlers\base.py", line 126, in _get_response
    response = self.process_exception_by_middleware(e, request)
  File "C:\Python372\mecheck\lib\site-packages\django\core\handlers\base.py", line 124, in _get_response
    response = wrapped_callback(request, *callback_args, **callback_kwargs)
  File "C:\Python372\mecheck\lib\site-packages\django\views\decorators\csrf.py", line 54, in wrapped_view
    return view_func(*args, **kwargs)
  File "C:\djangoproject\DMS\DeviceLNV\views.py", line 2664, in M_Category
    DeviceIntfCtgryList.delete()
TypeError: delete() missing 1 required positional argument: 'self'
[2021-08-05 11:22:30,917] [basehttp.py:154] [basehttp:log_message] [ERROR]- "POST /DeviceLNV/M_Category/ HTTP/1.1" 500 85372
[2021-08-05 11:22:45,695] [basehttp.py:154] [basehttp:log_message] [INFO]- "POST /DeviceLNV/M_Category/ HTTP/1.1" 200 2889
[2021-08-05 11:24:16,690] [log.py:228] [log:log_response] [ERROR]- Internal Server Error: /DeviceLNV/M_Category/
Traceback (most recent call last):
  File "C:\Python372\mecheck\lib\site-packages\django\core\handlers\exception.py", line 34, in inner
    response = get_response(request)
  File "C:\Python372\mecheck\lib\site-packages\django\core\handlers\base.py", line 126, in _get_response
    response = self.process_exception_by_middleware(e, request)
  File "C:\Python372\mecheck\lib\site-packages\django\core\handlers\base.py", line 124, in _get_response
    response = wrapped_callback(request, *callback_args, **callback_kwargs)
  File "C:\Python372\mecheck\lib\site-packages\django\views\decorators\csrf.py", line 54, in wrapped_view
    return view_func(*args, **kwargs)
  File "C:\djangoproject\DMS\DeviceLNV\views.py", line 2664, in M_Category
    DeviceIntfCtgryList.objects.filter(id=i).delete()
  File "C:\Python372\mecheck\lib\site-packages\django\db\models\query.py", line 662, in delete
    collector.collect(del_query)
  File "C:\Python372\mecheck\lib\site-packages\django\db\models\deletion.py", line 221, in collect
    field.remote_field.on_delete(self, field, sub_objs, self.using)
TypeError: 'bool' object is not callable
[2021-08-05 11:24:16,692] [basehttp.py:154] [basehttp:log_message] [ERROR]- "POST /DeviceLNV/M_Category/ HTTP/1.1" 500 96291
[2021-08-05 11:24:29,821] [basehttp.py:154] [basehttp:log_message] [INFO]- "POST /DeviceLNV/M_Category/ HTTP/1.1" 200 2889
[2021-08-05 11:26:25,449] [basehttp.py:154] [basehttp:log_message] [INFO]- "GET /DeviceLNV/M_Category/ HTTP/1.1" 200 100950
[2021-08-05 11:26:25,515] [basehttp.py:154] [basehttp:log_message] [INFO]- "GET /DeviceLNV/M_Category/ HTTP/1.1" 200 100950
[2021-08-05 11:26:25,609] [basehttp.py:154] [basehttp:log_message] [WARNING]- "GET /static/css/bootstrap.min.css.map HTTP/1.1" 404 1800
[2021-08-05 11:26:25,639] [basehttp.py:154] [basehttp:log_message] [WARNING]- "GET /static/js/lib/bootstrap.min.js.map HTTP/1.1" 404 1806
[2021-08-05 11:26:25,764] [basehttp.py:154] [basehttp:log_message] [WARNING]- "GET /static/js/axios.min.map HTTP/1.1" 404 1773
[2021-08-05 11:26:26,141] [basehttp.py:154] [basehttp:log_message] [INFO]- "POST /DeviceLNV/M_Category/ HTTP/1.1" 200 2756
[2021-08-05 11:26:26,205] [basehttp.py:154] [basehttp:log_message] [INFO]- "GET /favicon.ico HTTP/1.1" 200 14286
[2021-08-05 11:26:31,055] [basehttp.py:154] [basehttp:log_message] [INFO]- "POST /DeviceLNV/M_Category/ HTTP/1.1" 200 2889
[2021-08-05 11:26:39,442] [basehttp.py:154] [basehttp:log_message] [INFO]- "POST /DeviceLNV/M_Category/ HTTP/1.1" 200 2756
[2021-08-05 11:26:46,717] [basehttp.py:154] [basehttp:log_message] [INFO]- "POST /DeviceLNV/M_Category/ HTTP/1.1" 200 2795
[2021-08-05 11:27:52,882] [basehttp.py:154] [basehttp:log_message] [INFO]- "POST /DeviceLNV/M_Category/ HTTP/1.1" 200 2695
[2021-08-05 11:27:54,354] [basehttp.py:154] [basehttp:log_message] [INFO]- "POST /DeviceLNV/M_Category/ HTTP/1.1" 200 2795
[2021-08-05 13:48:46,561] [basehttp.py:154] [basehttp:log_message] [INFO]- "GET /DeviceLNV/M_Category/ HTTP/1.1" 200 111693
[2021-08-05 13:48:46,651] [basehttp.py:154] [basehttp:log_message] [WARNING]- "GET /static/css/bootstrap.min.css.map HTTP/1.1" 404 1800
[2021-08-05 13:48:46,657] [basehttp.py:154] [basehttp:log_message] [INFO]- "GET /DeviceLNV/M_Category/ HTTP/1.1" 200 111693
[2021-08-05 13:48:46,675] [basehttp.py:154] [basehttp:log_message] [WARNING]- "GET /static/js/lib/bootstrap.min.js.map HTTP/1.1" 404 1806
[2021-08-05 13:48:46,842] [basehttp.py:154] [basehttp:log_message] [WARNING]- "GET /static/js/axios.min.map HTTP/1.1" 404 1773
[2021-08-05 13:48:47,203] [basehttp.py:154] [basehttp:log_message] [INFO]- "GET /favicon.ico HTTP/1.1" 200 14286
[2021-08-05 13:48:47,257] [log.py:228] [log:log_response] [ERROR]- Internal Server Error: /DeviceLNV/M_Category/
Traceback (most recent call last):
  File "C:\Python372\mecheck\lib\site-packages\django\core\handlers\exception.py", line 34, in inner
    response = get_response(request)
  File "C:\Python372\mecheck\lib\site-packages\django\core\handlers\base.py", line 126, in _get_response
    response = self.process_exception_by_middleware(e, request)
  File "C:\Python372\mecheck\lib\site-packages\django\core\handlers\base.py", line 124, in _get_response
    response = wrapped_callback(request, *callback_args, **callback_kwargs)
  File "C:\Python372\mecheck\lib\site-packages\django\views\decorators\csrf.py", line 54, in wrapped_view
    return view_func(*args, **kwargs)
  File "C:\djangoproject\DMS\DeviceLNV\views.py", line 2696, in M_Category
    'err_MSG': errormessae
UnboundLocalError: local variable 'errormessae' referenced before assignment
[2021-08-05 13:48:47,259] [basehttp.py:154] [basehttp:log_message] [ERROR]- "POST /DeviceLNV/M_Category/ HTTP/1.1" 500 85372
[2021-08-05 13:49:31,609] [basehttp.py:154] [basehttp:log_message] [INFO]- "GET /DeviceLNV/M_Category/ HTTP/1.1" 200 111693
[2021-08-05 13:49:31,685] [basehttp.py:154] [basehttp:log_message] [INFO]- "GET /DeviceLNV/M_Category/ HTTP/1.1" 200 111693
[2021-08-05 13:49:31,703] [basehttp.py:154] [basehttp:log_message] [WARNING]- "GET /static/css/bootstrap.min.css.map HTTP/1.1" 404 1800
[2021-08-05 13:49:31,716] [basehttp.py:154] [basehttp:log_message] [WARNING]- "GET /static/js/lib/bootstrap.min.js.map HTTP/1.1" 404 1806
[2021-08-05 13:49:31,907] [basehttp.py:154] [basehttp:log_message] [WARNING]- "GET /static/js/axios.min.map HTTP/1.1" 404 1773
[2021-08-05 13:49:32,259] [basehttp.py:154] [basehttp:log_message] [INFO]- "POST /DeviceLNV/M_Category/ HTTP/1.1" 200 2710
[2021-08-05 13:49:32,273] [basehttp.py:154] [basehttp:log_message] [INFO]- "GET /favicon.ico HTTP/1.1" 200 14286
[2021-08-05 13:49:38,040] [basehttp.py:154] [basehttp:log_message] [INFO]- "POST /DeviceLNV/M_Category/ HTTP/1.1" 200 2810
[2021-08-05 13:49:46,966] [basehttp.py:154] [basehttp:log_message] [INFO]- "POST /DeviceLNV/M_Category/ HTTP/1.1" 200 2769
[2021-08-05 13:50:03,977] [basehttp.py:154] [basehttp:log_message] [INFO]- "POST /DeviceLNV/M_Category/ HTTP/1.1" 200 2769
[2021-08-05 13:51:43,107] [basehttp.py:154] [basehttp:log_message] [INFO]- "POST /DeviceLNV/M_Category/ HTTP/1.1" 200 2828
[2021-08-05 13:52:24,544] [basehttp.py:154] [basehttp:log_message] [INFO]- "POST /DeviceLNV/M_Category/ HTTP/1.1" 200 2870
[2021-08-05 13:52:44,447] [basehttp.py:154] [basehttp:log_message] [INFO]- "POST /DeviceLNV/M_Category/ HTTP/1.1" 200 2874
[2021-08-05 13:54:37,622] [basehttp.py:154] [basehttp:log_message] [INFO]- "POST /DeviceLNV/M_Category/ HTTP/1.1" 200 2874
[2021-08-05 13:56:42,793] [basehttp.py:154] [basehttp:log_message] [INFO]- "POST /DeviceLNV/M_Category/ HTTP/1.1" 200 2830
[2021-08-05 13:56:51,153] [basehttp.py:154] [basehttp:log_message] [INFO]- "POST /DeviceLNV/M_Category/ HTTP/1.1" 200 2830
[2021-08-05 13:57:07,461] [basehttp.py:154] [basehttp:log_message] [INFO]- "POST /DeviceLNV/M_Category/ HTTP/1.1" 200 2834
[2021-08-05 13:57:10,657] [basehttp.py:154] [basehttp:log_message] [INFO]- "POST /DeviceLNV/M_Category/ HTTP/1.1" 200 2834
[2021-08-05 13:57:31,620] [basehttp.py:154] [basehttp:log_message] [INFO]- "GET /DeviceLNV/M_Category/ HTTP/1.1" 200 111693
[2021-08-05 13:57:31,708] [basehttp.py:154] [basehttp:log_message] [INFO]- "GET /DeviceLNV/M_Category/ HTTP/1.1" 200 111693
[2021-08-05 13:57:31,713] [basehttp.py:154] [basehttp:log_message] [WARNING]- "GET /static/css/bootstrap.min.css.map HTTP/1.1" 404 1800
[2021-08-05 13:57:31,725] [basehttp.py:154] [basehttp:log_message] [WARNING]- "GET /static/js/lib/bootstrap.min.js.map HTTP/1.1" 404 1806
[2021-08-05 13:57:31,817] [basehttp.py:154] [basehttp:log_message] [WARNING]- "GET /static/js/axios.min.map HTTP/1.1" 404 1773
[2021-08-05 13:57:32,252] [basehttp.py:154] [basehttp:log_message] [INFO]- "GET /favicon.ico HTTP/1.1" 200 14286
[2021-08-05 13:57:32,259] [basehttp.py:154] [basehttp:log_message] [INFO]- "POST /DeviceLNV/M_Category/ HTTP/1.1" 200 2710
[2021-08-05 13:57:34,583] [basehttp.py:154] [basehttp:log_message] [INFO]- "POST /DeviceLNV/M_Category/ HTTP/1.1" 200 2810
[2021-08-05 13:57:41,452] [basehttp.py:154] [basehttp:log_message] [INFO]- "POST /DeviceLNV/M_Category/ HTTP/1.1" 200 2841
[2021-08-05 13:58:12,173] [basehttp.py:154] [basehttp:log_message] [INFO]- "POST /DeviceLNV/M_Category/ HTTP/1.1" 200 2837
[2021-08-05 14:01:28,317] [basehttp.py:154] [basehttp:log_message] [INFO]- "POST /DeviceLNV/M_Category/ HTTP/1.1" 200 2841
[2021-08-05 14:02:55,768] [basehttp.py:154] [basehttp:log_message] [INFO]- "POST /DeviceLNV/M_Category/ HTTP/1.1" 200 2877
[2021-08-05 14:03:50,040] [basehttp.py:154] [basehttp:log_message] [INFO]- "POST /DeviceLNV/M_Category/ HTTP/1.1" 200 2837
[2021-08-05 14:07:09,420] [basehttp.py:154] [basehttp:log_message] [INFO]- "POST /DeviceLNV/M_Category/ HTTP/1.1" 200 2833
[2021-08-05 14:07:12,246] [basehttp.py:154] [basehttp:log_message] [INFO]- "GET /DeviceLNV/M_Category/ HTTP/1.1" 200 111761
[2021-08-05 14:07:12,325] [basehttp.py:154] [basehttp:log_message] [INFO]- "GET /DeviceLNV/M_Category/ HTTP/1.1" 200 111761
[2021-08-05 14:07:12,346] [basehttp.py:154] [basehttp:log_message] [WARNING]- "GET /static/css/bootstrap.min.css.map HTTP/1.1" 404 1800
[2021-08-05 14:07:12,358] [basehttp.py:154] [basehttp:log_message] [WARNING]- "GET /static/js/lib/bootstrap.min.js.map HTTP/1.1" 404 1806
[2021-08-05 14:07:12,448] [basehttp.py:154] [basehttp:log_message] [WARNING]- "GET /static/js/axios.min.map HTTP/1.1" 404 1773
[2021-08-05 14:07:12,805] [basehttp.py:154] [basehttp:log_message] [INFO]- "POST /DeviceLNV/M_Category/ HTTP/1.1" 200 2710
[2021-08-05 14:07:12,822] [basehttp.py:154] [basehttp:log_message] [INFO]- "GET /favicon.ico HTTP/1.1" 200 14286
[2021-08-05 14:07:13,367] [basehttp.py:154] [basehttp:log_message] [INFO]- "POST /DeviceLNV/M_Category/ HTTP/1.1" 200 2810
[2021-08-05 14:07:19,765] [basehttp.py:154] [basehttp:log_message] [INFO]- "POST /DeviceLNV/M_Category/ HTTP/1.1" 200 2833
[2021-08-05 14:08:00,814] [basehttp.py:154] [basehttp:log_message] [INFO]- "POST /DeviceLNV/M_Category/ HTTP/1.1" 200 2839
[2021-08-05 14:11:05,328] [basehttp.py:154] [basehttp:log_message] [INFO]- "POST /DeviceLNV/M_Category/ HTTP/1.1" 200 2710
[2021-08-05 14:11:15,835] [basehttp.py:154] [basehttp:log_message] [INFO]- "POST /DeviceLNV/M_Category/ HTTP/1.1" 200 2812
[2021-08-05 14:11:27,023] [basehttp.py:154] [basehttp:log_message] [INFO]- "POST /DeviceLNV/M_Category/ HTTP/1.1" 200 2771
[2021-08-05 14:11:28,265] [basehttp.py:154] [basehttp:log_message] [INFO]- "POST /DeviceLNV/M_Category/ HTTP/1.1" 200 2998
[2021-08-05 14:11:47,179] [basehttp.py:154] [basehttp:log_message] [INFO]- "POST /DeviceLNV/M_Category/ HTTP/1.1" 200 2873
[2021-08-05 14:12:40,878] [basehttp.py:154] [basehttp:log_message] [INFO]- "POST /DeviceLNV/M_Category/ HTTP/1.1" 200 2832
[2021-08-05 14:12:51,739] [basehttp.py:154] [basehttp:log_message] [INFO]- "POST /DeviceLNV/M_Category/ HTTP/1.1" 200 2998
[2021-08-05 14:13:05,142] [basehttp.py:154] [basehttp:log_message] [INFO]- "POST /DeviceLNV/M_Category/ HTTP/1.1" 200 2832
[2021-08-05 14:13:08,317] [basehttp.py:154] [basehttp:log_message] [INFO]- "POST /DeviceLNV/M_Category/ HTTP/1.1" 200 2998
[2021-08-05 14:13:16,526] [basehttp.py:154] [basehttp:log_message] [INFO]- "POST /DeviceLNV/M_Category/ HTTP/1.1" 200 2832
[2021-08-05 14:15:06,304] [basehttp.py:154] [basehttp:log_message] [INFO]- "POST /DeviceLNV/M_Category/ HTTP/1.1" 200 2904
[2021-08-05 14:15:23,569] [basehttp.py:154] [basehttp:log_message] [INFO]- "POST /DeviceLNV/M_Category/ HTTP/1.1" 200 2934
[2021-08-05 14:15:37,361] [basehttp.py:154] [basehttp:log_message] [INFO]- "POST /DeviceLNV/M_Category/ HTTP/1.1" 200 2810
[2021-08-05 14:16:35,486] [basehttp.py:154] [basehttp:log_message] [INFO]- "POST /DeviceLNV/M_Category/ HTTP/1.1" 200 2843
[2021-08-05 14:16:44,010] [basehttp.py:154] [basehttp:log_message] [INFO]- "POST /DeviceLNV/M_Category/ HTTP/1.1" 200 2904
[2021-08-05 14:22:06,155] [basehttp.py:154] [basehttp:log_message] [INFO]- "GET /DeviceLNV/M_Category/ HTTP/1.1" 200 112692
[2021-08-05 14:22:06,235] [basehttp.py:154] [basehttp:log_message] [INFO]- "GET /DeviceLNV/M_Category/ HTTP/1.1" 200 112692
[2021-08-05 14:22:06,256] [basehttp.py:154] [basehttp:log_message] [WARNING]- "GET /static/css/bootstrap.min.css.map HTTP/1.1" 404 1800
[2021-08-05 14:22:06,265] [basehttp.py:154] [basehttp:log_message] [WARNING]- "GET /static/js/lib/bootstrap.min.js.map HTTP/1.1" 404 1806
[2021-08-05 14:22:06,359] [basehttp.py:154] [basehttp:log_message] [WARNING]- "GET /static/js/axios.min.map HTTP/1.1" 404 1773
[2021-08-05 14:22:06,721] [basehttp.py:154] [basehttp:log_message] [INFO]- "POST /DeviceLNV/M_Category/ HTTP/1.1" 200 2771
[2021-08-05 14:22:06,734] [basehttp.py:154] [basehttp:log_message] [INFO]- "GET /favicon.ico HTTP/1.1" 200 14286
[2021-08-05 14:22:10,547] [basehttp.py:154] [basehttp:log_message] [INFO]- "POST /DeviceLNV/M_Category/ HTTP/1.1" 200 2802
[2021-08-05 14:22:14,483] [basehttp.py:154] [basehttp:log_message] [INFO]- "POST /DeviceLNV/M_Category/ HTTP/1.1" 200 2805
[2021-08-05 14:22:16,523] [basehttp.py:154] [basehttp:log_message] [INFO]- "POST /DeviceLNV/M_Category/ HTTP/1.1" 200 2802
[2021-08-05 14:22:18,422] [basehttp.py:154] [basehttp:log_message] [INFO]- "POST /DeviceLNV/M_Category/ HTTP/1.1" 200 2802
[2021-08-05 14:25:00,205] [basehttp.py:154] [basehttp:log_message] [INFO]- "GET /DeviceLNV/M_Category/ HTTP/1.1" 200 112692
[2021-08-05 14:25:00,298] [basehttp.py:154] [basehttp:log_message] [WARNING]- "GET /static/css/bootstrap.min.css.map HTTP/1.1" 404 1800
[2021-08-05 14:25:00,306] [basehttp.py:154] [basehttp:log_message] [INFO]- "GET /DeviceLNV/M_Category/ HTTP/1.1" 200 112692
[2021-08-05 14:25:00,319] [basehttp.py:154] [basehttp:log_message] [WARNING]- "GET /static/js/lib/bootstrap.min.js.map HTTP/1.1" 404 1806
[2021-08-05 14:25:02,346] [basehttp.py:154] [basehttp:log_message] [WARNING]- "GET /static/js/axios.min.map HTTP/1.1" 404 1773
[2021-08-05 14:25:02,360] [basehttp.py:154] [basehttp:log_message] [INFO]- "GET /favicon.ico HTTP/1.1" 200 14286
[2021-08-05 14:25:02,366] [basehttp.py:154] [basehttp:log_message] [INFO]- "POST /DeviceLNV/M_Category/ HTTP/1.1" 200 2771
[2021-08-05 14:25:03,549] [basehttp.py:154] [basehttp:log_message] [INFO]- "POST /DeviceLNV/M_Category/ HTTP/1.1" 200 2904
[2021-08-05 14:25:37,868] [basehttp.py:154] [basehttp:log_message] [INFO]- "POST /DeviceLNV/M_Category/ HTTP/1.1" 200 2934
