[2020-06-15 08:34:06,993] [basehttp.py:154] [basehttp:log_message] [INFO]- "GET /TestPlanSW/TestPlanSW-summary/ HTTP/1.1" 302 0
[2020-06-15 08:34:07,024] [basehttp.py:154] [basehttp:log_message] [INFO]- "GET /login/ HTTP/1.1" 200 4677
[2020-06-15 08:34:07,119] [basehttp.py:154] [basehttp:log_message] [INFO]- "GET /favicon.ico HTTP/1.1" 302 0
[2020-06-15 08:34:07,158] [basehttp.py:154] [basehttp:log_message] [INFO]- "GET /login/ HTTP/1.1" 200 4677
[2020-06-15 08:34:09,398] [basehttp.py:154] [basehttp:log_message] [INFO]- "POST /login/ HTTP/1.1" 302 0
[2020-06-15 08:34:09,537] [basehttp.py:154] [basehttp:log_message] [INFO]- "GET /index/ HTTP/1.1" 200 34361
[2020-06-15 08:34:09,583] [basehttp.py:154] [basehttp:log_message] [INFO]- "GET /static/css/home_style.css HTTP/1.1" 304 0
[2020-06-15 08:34:09,669] [basehttp.py:154] [basehttp:log_message] [INFO]- "GET /static/src/index.jpg HTTP/1.1" 304 0
[2020-06-15 08:34:09,713] [basehttp.py:154] [basehttp:log_message] [INFO]- "GET /index/ HTTP/1.1" 200 34361
[2020-06-15 08:34:09,966] [basehttp.py:154] [basehttp:log_message] [INFO]- "GET /favicon.ico HTTP/1.1" 200 16432
[2020-06-15 08:34:15,238] [basehttp.py:154] [basehttp:log_message] [INFO]- "GET /TestPlanSW/TestPlanSW-summary/ HTTP/1.1" 200 38140
[2020-06-15 08:34:15,781] [basehttp.py:154] [basehttp:log_message] [INFO]- "POST /TestPlanSW/TestPlanSW-summary/ HTTP/1.1" 200 191
[2020-06-15 08:34:15,857] [basehttp.py:154] [basehttp:log_message] [INFO]- "GET /favicon.ico HTTP/1.1" 200 16432
[2020-06-15 08:34:17,901] [basehttp.py:154] [basehttp:log_message] [INFO]- "POST /TestPlanSW/TestPlanSW-summary/ HTTP/1.1" 200 4847
[2020-06-15 08:34:26,481] [basehttp.py:154] [basehttp:log_message] [INFO]- "POST /TestPlanSW/TestPlanSW-summary/ HTTP/1.1" 200 5748
[2020-06-15 08:46:44,579] [basehttp.py:154] [basehttp:log_message] [INFO]- "POST /TestPlanSW/TestPlanSW-summary/ HTTP/1.1" 200 4847
[2020-06-15 08:46:53,397] [basehttp.py:154] [basehttp:log_message] [INFO]- "POST /TestPlanSW/TestPlanSW-summary/ HTTP/1.1" 200 5748
[2020-06-15 08:50:09,245] [basehttp.py:154] [basehttp:log_message] [WARNING]- "GET /static/js/lib/bootstrap.min.js.map HTTP/1.1" 404 1806
[2020-06-15 08:50:09,537] [basehttp.py:154] [basehttp:log_message] [WARNING]- "GET /static/js/axios.min.map HTTP/1.1" 404 1773
[2020-06-15 08:50:09,541] [basehttp.py:154] [basehttp:log_message] [WARNING]- "GET /static/js/xlsx/FileSaver.min.js.map HTTP/1.1" 404 1809
[2020-06-15 08:50:09,621] [basehttp.py:154] [basehttp:log_message] [WARNING]- "GET /static/css/bootstrap.min.css.map HTTP/1.1" 404 1800
[2020-06-15 08:50:13,073] [basehttp.py:154] [basehttp:log_message] [INFO]- "POST /TestPlanSW/TestPlanSW-summary/ HTTP/1.1" 200 4847
[2020-06-15 08:50:25,287] [basehttp.py:154] [basehttp:log_message] [INFO]- "POST /TestPlanSW/TestPlanSW-summary/ HTTP/1.1" 200 5748
[2020-06-15 09:21:09,078] [basehttp.py:154] [basehttp:log_message] [INFO]- "POST /TestPlanSW/TestPlanSW-summary/ HTTP/1.1" 200 4847
[2020-06-15 09:21:16,064] [basehttp.py:154] [basehttp:log_message] [INFO]- "POST /TestPlanSW/TestPlanSW-summary/ HTTP/1.1" 200 5758
[2020-06-15 09:36:05,302] [basehttp.py:154] [basehttp:log_message] [INFO]- "POST /TestPlanSW/TestPlanSW-summary/ HTTP/1.1" 200 4847
[2020-06-15 09:36:12,845] [basehttp.py:154] [basehttp:log_message] [INFO]- "POST /TestPlanSW/TestPlanSW-summary/ HTTP/1.1" 200 5748
[2020-06-15 09:37:22,308] [basehttp.py:154] [basehttp:log_message] [INFO]- "POST /TestPlanSW/TestPlanSW-summary/ HTTP/1.1" 200 4847
[2020-06-15 09:37:26,848] [basehttp.py:154] [basehttp:log_message] [INFO]- "GET /TestPlanSW/TestPlanSW-summary/ HTTP/1.1" 200 38140
[2020-06-15 09:37:27,043] [basehttp.py:154] [basehttp:log_message] [WARNING]- "GET /static/css/bootstrap.min.css.map HTTP/1.1" 404 1800
[2020-06-15 09:37:27,129] [basehttp.py:154] [basehttp:log_message] [WARNING]- "GET /static/js/lib/bootstrap.min.js.map HTTP/1.1" 404 1806
[2020-06-15 09:37:27,700] [basehttp.py:154] [basehttp:log_message] [INFO]- "POST /TestPlanSW/TestPlanSW-summary/ HTTP/1.1" 200 191
[2020-06-15 09:37:27,707] [basehttp.py:154] [basehttp:log_message] [INFO]- "GET /favicon.ico HTTP/1.1" 200 16432
[2020-06-15 09:37:27,707] [basehttp.py:154] [basehttp:log_message] [WARNING]- "GET /static/js/axios.min.map HTTP/1.1" 404 1773
[2020-06-15 09:37:27,717] [basehttp.py:154] [basehttp:log_message] [WARNING]- "GET /static/js/xlsx/FileSaver.min.js.map HTTP/1.1" 404 1809
[2020-06-15 09:37:30,550] [basehttp.py:154] [basehttp:log_message] [INFO]- "POST /TestPlanSW/TestPlanSW-summary/ HTTP/1.1" 200 4847
[2020-06-15 09:37:38,474] [basehttp.py:154] [basehttp:log_message] [INFO]- "POST /TestPlanSW/TestPlanSW-summary/ HTTP/1.1" 200 5748
[2020-06-15 10:15:33,461] [basehttp.py:154] [basehttp:log_message] [INFO]- "POST /TestPlanSW/TestPlanSW-summary/ HTTP/1.1" 200 4847
[2020-06-15 10:15:43,604] [basehttp.py:154] [basehttp:log_message] [INFO]- "POST /TestPlanSW/TestPlanSW-summary/ HTTP/1.1" 200 5748
[2020-06-15 10:47:28,715] [basehttp.py:154] [basehttp:log_message] [INFO]- "GET /TestPlanSW/TestPlanSW-summary/ HTTP/1.1" 200 38140
[2020-06-15 10:47:28,885] [basehttp.py:154] [basehttp:log_message] [WARNING]- "GET /static/css/bootstrap.min.css.map HTTP/1.1" 404 1800
[2020-06-15 10:47:28,964] [basehttp.py:154] [basehttp:log_message] [WARNING]- "GET /static/js/lib/bootstrap.min.js.map HTTP/1.1" 404 1806
[2020-06-15 10:47:29,258] [basehttp.py:154] [basehttp:log_message] [WARNING]- "GET /static/js/axios.min.map HTTP/1.1" 404 1773
[2020-06-15 10:47:29,605] [basehttp.py:154] [basehttp:log_message] [INFO]- "POST /TestPlanSW/TestPlanSW-summary/ HTTP/1.1" 200 191
[2020-06-15 10:47:29,643] [basehttp.py:154] [basehttp:log_message] [INFO]- "GET /favicon.ico HTTP/1.1" 200 16432
[2020-06-15 10:47:29,650] [basehttp.py:154] [basehttp:log_message] [WARNING]- "GET /static/js/xlsx/FileSaver.min.js.map HTTP/1.1" 404 1809
[2020-06-15 10:47:32,096] [basehttp.py:154] [basehttp:log_message] [INFO]- "POST /TestPlanSW/TestPlanSW-summary/ HTTP/1.1" 200 4847
[2020-06-15 10:47:39,681] [log.py:228] [log:log_response] [ERROR]- Internal Server Error: /TestPlanSW/TestPlanSW-summary/
Traceback (most recent call last):
  File "C:\Python372\mecheck\lib\site-packages\django\core\handlers\exception.py", line 34, in inner
    response = get_response(request)
  File "C:\Python372\mecheck\lib\site-packages\django\core\handlers\base.py", line 126, in _get_response
    response = self.process_exception_by_middleware(e, request)
  File "C:\Python372\mecheck\lib\site-packages\django\core\handlers\base.py", line 124, in _get_response
    response = wrapped_callback(request, *callback_args, **callback_kwargs)
  File "C:\djangoproject\Reliability_Row_data\TestPlanSW\views.py", line 751, in TestPlanSW_summary
    Projectlist_top_normal[i] = [round(ProjecttotalATO, 0), datainphase_normal]
TypeError: unhashable type: 'dict'
[2020-06-15 10:47:39,685] [basehttp.py:154] [basehttp:log_message] [ERROR]- "POST /TestPlanSW/TestPlanSW-summary/ HTTP/1.1" 500 96351
[2020-06-15 10:50:58,280] [basehttp.py:154] [basehttp:log_message] [INFO]- "POST /TestPlanSW/TestPlanSW-summary/ HTTP/1.1" 200 5748
[2020-06-15 10:51:49,224] [basehttp.py:154] [basehttp:log_message] [INFO]- "GET /TestPlanSW/TestPlanSW-summary/ HTTP/1.1" 200 38140
[2020-06-15 10:51:49,446] [basehttp.py:154] [basehttp:log_message] [WARNING]- "GET /static/css/bootstrap.min.css.map HTTP/1.1" 404 1800
[2020-06-15 10:51:49,555] [basehttp.py:154] [basehttp:log_message] [WARNING]- "GET /static/js/lib/bootstrap.min.js.map HTTP/1.1" 404 1806
[2020-06-15 10:51:49,915] [basehttp.py:154] [basehttp:log_message] [WARNING]- "GET /static/js/axios.min.map HTTP/1.1" 404 1773
[2020-06-15 10:51:50,249] [basehttp.py:154] [basehttp:log_message] [INFO]- "POST /TestPlanSW/TestPlanSW-summary/ HTTP/1.1" 200 191
[2020-06-15 10:51:50,272] [basehttp.py:154] [basehttp:log_message] [INFO]- "GET /favicon.ico HTTP/1.1" 200 16432
[2020-06-15 10:51:50,286] [basehttp.py:154] [basehttp:log_message] [WARNING]- "GET /static/js/xlsx/FileSaver.min.js.map HTTP/1.1" 404 1809
[2020-06-15 10:51:52,678] [basehttp.py:154] [basehttp:log_message] [INFO]- "POST /TestPlanSW/TestPlanSW-summary/ HTTP/1.1" 200 4847
[2020-06-15 10:51:57,239] [log.py:228] [log:log_response] [ERROR]- Internal Server Error: /TestPlanSW/TestPlanSW-summary/
Traceback (most recent call last):
  File "C:\Python372\mecheck\lib\site-packages\django\core\handlers\exception.py", line 34, in inner
    response = get_response(request)
  File "C:\Python372\mecheck\lib\site-packages\django\core\handlers\base.py", line 126, in _get_response
    response = self.process_exception_by_middleware(e, request)
  File "C:\Python372\mecheck\lib\site-packages\django\core\handlers\base.py", line 124, in _get_response
    response = wrapped_callback(request, *callback_args, **callback_kwargs)
  File "C:\djangoproject\Reliability_Row_data\TestPlanSW\views.py", line 745, in TestPlanSW_summary
    if j["Project"] == i['name']:
TypeError: string indices must be integers
[2020-06-15 10:51:57,243] [basehttp.py:154] [basehttp:log_message] [ERROR]- "POST /TestPlanSW/TestPlanSW-summary/ HTTP/1.1" 500 95830
[2020-06-15 10:52:39,379] [basehttp.py:154] [basehttp:log_message] [INFO]- "POST /TestPlanSW/TestPlanSW-summary/ HTTP/1.1" 200 5748
[2020-06-15 11:08:50,250] [basehttp.py:154] [basehttp:log_message] [INFO]- "POST /TestPlanSW/TestPlanSW-summary/ HTTP/1.1" 200 4847
[2020-06-15 11:29:43,484] [basehttp.py:154] [basehttp:log_message] [INFO]- "GET /mongotest/mongotest-upload/ HTTP/1.1" 200 18071
[2020-06-15 11:29:43,522] [basehttp.py:154] [basehttp:log_message] [INFO]- "GET /static/rest_framework/css/bootstrap.min.css HTTP/1.1" 304 0
[2020-06-15 11:29:43,523] [basehttp.py:154] [basehttp:log_message] [INFO]- "GET /static/rest_framework/css/prettify.css HTTP/1.1" 304 0
[2020-06-15 11:29:43,525] [basehttp.py:154] [basehttp:log_message] [INFO]- "GET /static/rest_framework/css/bootstrap-tweaks.css HTTP/1.1" 304 0
[2020-06-15 11:29:43,529] [basehttp.py:154] [basehttp:log_message] [INFO]- "GET /static/rest_framework/css/default.css HTTP/1.1" 304 0
[2020-06-15 11:29:43,532] [basehttp.py:154] [basehttp:log_message] [INFO]- "GET /static/rest_framework/js/jquery-3.4.1.min.js HTTP/1.1" 304 0
[2020-06-15 11:29:43,534] [basehttp.py:154] [basehttp:log_message] [INFO]- "GET /static/rest_framework/js/ajax-form.js HTTP/1.1" 304 0
[2020-06-15 11:29:43,536] [basehttp.py:154] [basehttp:log_message] [INFO]- "GET /static/rest_framework/js/csrf.js HTTP/1.1" 304 0
[2020-06-15 11:29:43,539] [basehttp.py:154] [basehttp:log_message] [INFO]- "GET /static/rest_framework/js/bootstrap.min.js HTTP/1.1" 304 0
[2020-06-15 11:29:43,541] [basehttp.py:154] [basehttp:log_message] [INFO]- "GET /static/rest_framework/js/prettify-min.js HTTP/1.1" 304 0
[2020-06-15 11:29:43,542] [basehttp.py:154] [basehttp:log_message] [INFO]- "GET /static/rest_framework/js/default.js HTTP/1.1" 304 0
[2020-06-15 11:29:43,552] [basehttp.py:154] [basehttp:log_message] [INFO]- "GET /static/rest_framework/img/grid.png HTTP/1.1" 304 0
[2020-06-15 11:29:43,695] [basehttp.py:154] [basehttp:log_message] [INFO]- "GET /favicon.ico HTTP/1.1" 200 16432
[2020-06-16 08:01:34,386] [basehttp.py:154] [basehttp:log_message] [INFO]- "GET /index/ HTTP/1.1" 302 0
[2020-06-16 08:01:34,419] [basehttp.py:154] [basehttp:log_message] [INFO]- "GET /login/ HTTP/1.1" 200 4677
[2020-06-16 08:01:34,608] [basehttp.py:154] [basehttp:log_message] [INFO]- "GET /favicon.ico HTTP/1.1" 302 0
[2020-06-16 08:01:34,650] [basehttp.py:154] [basehttp:log_message] [INFO]- "GET /login/ HTTP/1.1" 200 4677
[2020-06-16 08:22:03,638] [basehttp.py:154] [basehttp:log_message] [INFO]- "GET /CQM/CQM_search/ HTTP/1.1" 302 0
[2020-06-16 08:22:03,648] [basehttp.py:154] [basehttp:log_message] [INFO]- "GET /login/ HTTP/1.1" 200 4677
[2020-06-16 08:22:03,936] [basehttp.py:154] [basehttp:log_message] [INFO]- "GET /favicon.ico HTTP/1.1" 302 0
[2020-06-16 08:22:03,943] [basehttp.py:154] [basehttp:log_message] [INFO]- "GET /login/ HTTP/1.1" 200 4677
[2020-06-16 08:22:05,743] [basehttp.py:154] [basehttp:log_message] [INFO]- "POST /login/ HTTP/1.1" 302 0
[2020-06-16 08:22:05,953] [basehttp.py:154] [basehttp:log_message] [INFO]- "GET /index/ HTTP/1.1" 200 34361
[2020-06-16 08:22:06,348] [basehttp.py:154] [basehttp:log_message] [INFO]- "GET /index/ HTTP/1.1" 200 34361
[2020-06-16 08:22:06,837] [basehttp.py:154] [basehttp:log_message] [INFO]- "GET /favicon.ico HTTP/1.1" 200 16432
[2020-06-16 08:22:12,712] [basehttp.py:154] [basehttp:log_message] [INFO]- "GET /CQM/CQM_search/ HTTP/1.1" 200 41636
[2020-06-16 08:22:12,897] [basehttp.py:154] [basehttp:log_message] [INFO]- "GET /static/src/cqmspec.png HTTP/1.1" 304 0
[2020-06-16 08:22:14,222] [basehttp.py:154] [basehttp:log_message] [INFO]- "POST /CQM/CQM_search/ HTTP/1.1" 200 2948
[2020-06-16 08:22:14,505] [basehttp.py:154] [basehttp:log_message] [INFO]- "GET /favicon.ico HTTP/1.1" 200 16432
[2020-06-16 08:22:24,591] [basehttp.py:154] [basehttp:log_message] [INFO]- "POST /CQM/CQM_search/ HTTP/1.1" 200 61795
[2020-06-16 08:23:02,916] [basehttp.py:154] [basehttp:log_message] [INFO]- "GET /TestPlanSW/TestPlanSW-summary/ HTTP/1.1" 200 38140
[2020-06-16 08:23:04,375] [basehttp.py:154] [basehttp:log_message] [INFO]- "POST /TestPlanSW/TestPlanSW-summary/ HTTP/1.1" 200 191
[2020-06-16 08:23:04,473] [basehttp.py:154] [basehttp:log_message] [INFO]- "GET /favicon.ico HTTP/1.1" 200 16432
[2020-06-16 08:23:09,719] [basehttp.py:154] [basehttp:log_message] [INFO]- "POST /TestPlanSW/TestPlanSW-summary/ HTTP/1.1" 200 4847
[2020-06-16 08:23:17,002] [basehttp.py:154] [basehttp:log_message] [INFO]- "POST /TestPlanSW/TestPlanSW-summary/ HTTP/1.1" 200 5748
[2020-06-16 08:23:38,184] [basehttp.py:154] [basehttp:log_message] [INFO]- "GET /TestPlanME/TestPlanME-search/ HTTP/1.1" 200 60062
[2020-06-16 08:23:40,093] [basehttp.py:154] [basehttp:log_message] [INFO]- "GET /TestPlanME/TestPlanME-search/?action=get HTTP/1.1" 200 803
[2020-06-16 08:23:40,389] [basehttp.py:154] [basehttp:log_message] [INFO]- "GET /favicon.ico HTTP/1.1" 200 16432
[2020-06-16 08:23:45,139] [basehttp.py:154] [basehttp:log_message] [INFO]- "GET /TestPlanME/TestPlanME-search/?action=search&customer=C38(NB)&project=EL334&phase=0 HTTP/1.1" 200 20235
[2020-06-16 08:24:31,107] [basehttp.py:154] [basehttp:log_message] [INFO]- "GET /TestPlanSW/TestPlanSW-summary/ HTTP/1.1" 200 38140
[2020-06-16 08:24:32,232] [basehttp.py:154] [basehttp:log_message] [INFO]- "POST /TestPlanSW/TestPlanSW-summary/ HTTP/1.1" 200 191
[2020-06-16 08:24:32,403] [basehttp.py:154] [basehttp:log_message] [INFO]- "GET /favicon.ico HTTP/1.1" 200 16432
[2020-06-16 08:24:37,520] [basehttp.py:154] [basehttp:log_message] [INFO]- "POST /TestPlanSW/TestPlanSW-summary/ HTTP/1.1" 200 4847
[2020-06-16 08:24:44,009] [basehttp.py:154] [basehttp:log_message] [INFO]- "POST /TestPlanSW/TestPlanSW-summary/ HTTP/1.1" 200 5748
[2020-06-16 08:36:16,925] [basehttp.py:154] [basehttp:log_message] [INFO]- "GET /TestPlanME/TestPlanME-edit/ HTTP/1.1" 200 62093
[2020-06-16 08:36:17,752] [basehttp.py:154] [basehttp:log_message] [INFO]- "GET /TestPlanME/TestPlanME-edit/?action=get&csrfmiddlewaretoken=RuwjKDOUpX3sucLDZCOaf2UbDH6mp2W66gj90q554JSkyw37i1MZznm7R4RSGGFW HTTP/1.1" 200 803
[2020-06-16 08:36:17,802] [basehttp.py:154] [basehttp:log_message] [INFO]- "GET /TestPlanME/TestPlanME-search/ HTTP/1.1" 200 60062
[2020-06-16 08:36:18,607] [basehttp.py:154] [basehttp:log_message] [INFO]- "GET /TestPlanME/TestPlanME-search/?action=get HTTP/1.1" 200 803
[2020-06-16 08:36:18,612] [basehttp.py:154] [basehttp:log_message] [INFO]- "GET /favicon.ico HTTP/1.1" 200 16432
[2020-06-16 08:36:18,784] [basehttp.py:154] [basehttp:log_message] [INFO]- "GET /TestPlanME/TestPlanME-search/ HTTP/1.1" 200 60062
[2020-06-16 08:36:19,648] [basehttp.py:154] [basehttp:log_message] [INFO]- "GET /favicon.ico HTTP/1.1" 200 16432
[2020-06-16 08:36:19,674] [basehttp.py:154] [basehttp:log_message] [INFO]- "GET /TestPlanME/TestPlanME-search/?action=get HTTP/1.1" 200 803
[2020-06-16 08:36:23,812] [basehttp.py:154] [basehttp:log_message] [INFO]- "GET /TestPlanME/TestPlanME-search/?action=search&customer=C38(NB)&project=EL334&phase=1 HTTP/1.1" 200 20235
[2020-06-16 08:36:36,652] [basehttp.py:154] [basehttp:log_message] [INFO]- "GET /TestPlanME/TestPlanME-search/?action=search&customer=C38(NB)&project=FLAT4&phase=0 HTTP/1.1" 200 20322
[2020-06-16 08:38:56,247] [basehttp.py:154] [basehttp:log_message] [INFO]- "GET /TestPlanME/TestPlanME-search/?action=search&customer=C38(NB)&project=EL334&phase=0 HTTP/1.1" 200 20235
[2020-06-16 08:39:01,769] [basehttp.py:154] [basehttp:log_message] [INFO]- "GET /TestPlanME/TestPlanME-search/?action=search&customer=C38(NB)&project=EL334&phase=1 HTTP/1.1" 200 20235
[2020-06-16 08:39:26,224] [basehttp.py:154] [basehttp:log_message] [INFO]- "GET /TestPlanME/TestPlanME-search/?action=search&customer=C38(NB)&project=EL571&phase=1 HTTP/1.1" 200 20265
