[2020-11-30 08:01:55,680] [basehttp.py:154] [basehttp:log_message] [INFO]- "GET /CQM/CQM_search/ HTTP/1.1" 302 0
[2020-11-30 08:01:55,721] [basehttp.py:154] [basehttp:log_message] [INFO]- "GET /login/ HTTP/1.1" 200 4677
[2020-11-30 08:01:55,837] [basehttp.py:154] [basehttp:log_message] [INFO]- "GET /favicon.ico HTTP/1.1" 302 0
[2020-11-30 08:01:55,843] [basehttp.py:154] [basehttp:log_message] [INFO]- "GET /login/ HTTP/1.1" 200 4677
[2020-11-30 08:01:59,023] [basehttp.py:154] [basehttp:log_message] [INFO]- "POST /login/ HTTP/1.1" 302 0
[2020-11-30 08:01:59,151] [basehttp.py:154] [basehttp:log_message] [INFO]- "GET /index/ HTTP/1.1" 200 41847
[2020-11-30 08:01:59,212] [basehttp.py:154] [basehttp:log_message] [INFO]- "GET /static/js/date.js HTTP/1.1" 304 0
[2020-11-30 08:01:59,224] [basehttp.py:154] [basehttp:log_message] [INFO]- "GET /static/js/vue.min.js HTTP/1.1" 304 0
[2020-11-30 08:01:59,458] [basehttp.py:154] [basehttp:log_message] [INFO]- "GET /index/ HTTP/1.1" 200 41847
[2020-11-30 08:01:59,870] [basehttp.py:154] [basehttp:log_message] [INFO]- "GET /favicon.ico HTTP/1.1" 200 18964
[2020-11-30 08:02:06,732] [basehttp.py:154] [basehttp:log_message] [INFO]- "GET /CQM/CQM_search/ HTTP/1.1" 200 45807
[2020-11-30 08:02:07,296] [basehttp.py:154] [basehttp:log_message] [INFO]- "POST /CQM/CQM_search/ HTTP/1.1" 200 33532
[2020-11-30 08:02:07,366] [basehttp.py:154] [basehttp:log_message] [INFO]- "GET /favicon.ico HTTP/1.1" 200 18964
[2020-12-01 10:05:30,628] [basehttp.py:154] [basehttp:log_message] [INFO]- "GET /CQM/CQM_search/ HTTP/1.1" 302 0
[2020-12-01 10:05:30,664] [basehttp.py:154] [basehttp:log_message] [INFO]- "GET /login/ HTTP/1.1" 200 4677
[2020-12-01 10:05:30,754] [basehttp.py:154] [basehttp:log_message] [INFO]- "GET /favicon.ico HTTP/1.1" 302 0
[2020-12-01 10:05:30,785] [basehttp.py:154] [basehttp:log_message] [INFO]- "GET /login/ HTTP/1.1" 200 4677
[2020-12-01 10:05:33,493] [basehttp.py:154] [basehttp:log_message] [INFO]- "POST /login/ HTTP/1.1" 302 0
[2020-12-01 10:05:33,626] [basehttp.py:154] [basehttp:log_message] [INFO]- "GET /index/ HTTP/1.1" 200 41847
[2020-12-01 10:05:33,710] [basehttp.py:154] [basehttp:log_message] [INFO]- "GET /static/js/vue.min.js HTTP/1.1" 304 0
[2020-12-01 10:05:33,906] [basehttp.py:154] [basehttp:log_message] [INFO]- "GET /index/ HTTP/1.1" 200 41847
[2020-12-01 10:05:34,448] [basehttp.py:154] [basehttp:log_message] [INFO]- "GET /favicon.ico HTTP/1.1" 200 18964
[2020-12-01 10:06:05,682] [basehttp.py:154] [basehttp:log_message] [INFO]- "GET /INVGantt/INVGantt-search/ HTTP/1.1" 200 43513
[2020-12-01 10:06:06,402] [basehttp.py:154] [basehttp:log_message] [INFO]- "POST /INVGantt/INVGantt-search/ HTTP/1.1" 200 7420
[2020-12-01 10:06:06,509] [basehttp.py:154] [basehttp:log_message] [INFO]- "GET /favicon.ico HTTP/1.1" 200 18964
[2020-12-01 10:06:12,370] [basehttp.py:154] [basehttp:log_message] [INFO]- "POST /INVGantt/INVGantt-search/ HTTP/1.1" 200 8076
[2020-12-01 10:06:16,882] [basehttp.py:154] [basehttp:log_message] [INFO]- "POST /INVGantt/INVGantt-search/ HTTP/1.1" 200 173486
[2020-12-01 10:06:41,265] [basehttp.py:154] [basehttp:log_message] [INFO]- "GET /INVGantt/INVGantt-summary/ HTTP/1.1" 200 65110
[2020-12-01 10:06:41,928] [basehttp.py:154] [basehttp:log_message] [INFO]- "GET /favicon.ico HTTP/1.1" 200 18964
[2020-12-01 10:06:42,791] [basehttp.py:154] [basehttp:log_message] [INFO]- "POST /INVGantt/INVGantt-summary/ HTTP/1.1" 200 16110
[2020-12-01 10:06:54,726] [basehttp.py:154] [basehttp:log_message] [INFO]- "GET /INVGantt/INVGantt-top/ HTTP/1.1" 200 63130
[2020-12-01 10:06:55,329] [basehttp.py:154] [basehttp:log_message] [INFO]- "GET /favicon.ico HTTP/1.1" 200 18964
[2020-12-01 10:06:55,897] [basehttp.py:154] [basehttp:log_message] [INFO]- "POST /INVGantt/INVGantt-top/ HTTP/1.1" 200 5698
[2020-12-01 10:12:10,059] [basehttp.py:154] [basehttp:log_message] [INFO]- "GET /INVGantt/INVGantt-upload/ HTTP/1.1" 200 38523
[2020-12-01 10:12:10,106] [basehttp.py:154] [basehttp:log_message] [INFO]- "GET /static/js/xlsx/xlsx_pop.js HTTP/1.1" 304 0
[2020-12-01 10:12:10,119] [basehttp.py:154] [basehttp:log_message] [INFO]- "GET /static/src/loading.gif HTTP/1.1" 200 361586
[2020-12-01 10:12:10,499] [basehttp.py:154] [basehttp:log_message] [INFO]- "GET /favicon.ico HTTP/1.1" 200 18964
[2020-12-01 10:13:44,841] [basehttp.py:154] [basehttp:log_message] [INFO]- "GET /Lesson_upload/ HTTP/1.1" 200 24808
[2020-12-01 10:13:44,901] [basehttp.py:154] [basehttp:log_message] [INFO]- "GET /static/js/ImgUpload.js HTTP/1.1" 200 1324
[2020-12-01 10:13:45,107] [basehttp.py:154] [basehttp:log_message] [INFO]- "GET /favicon.ico HTTP/1.1" 200 18964
[2020-12-01 10:13:55,512] [basehttp.py:154] [basehttp:log_message] [INFO]- "GET /CQM/CQM_upload/ HTTP/1.1" 200 37724
[2020-12-01 10:13:55,730] [basehttp.py:154] [basehttp:log_message] [INFO]- "GET /favicon.ico HTTP/1.1" 200 18964
[2020-12-01 10:14:02,648] [basehttp.py:154] [basehttp:log_message] [INFO]- "GET /TestPlanSW/ItemSW-upload/ HTTP/1.1" 200 23691
[2020-12-01 10:14:02,669] [basehttp.py:154] [basehttp:log_message] [INFO]- "GET /static/src/back/edit_copy_6_48px_539691_easyicon.net.png HTTP/1.1" 200 2737
[2020-12-01 10:14:02,816] [basehttp.py:154] [basehttp:log_message] [INFO]- "GET /favicon.ico HTTP/1.1" 200 18964
[2020-12-01 10:17:21,783] [basehttp.py:154] [basehttp:log_message] [INFO]- "GET /INVGantt/INVGantt-upload/ HTTP/1.1" 200 38523
[2020-12-01 10:17:22,035] [basehttp.py:154] [basehttp:log_message] [INFO]- "GET /favicon.ico HTTP/1.1" 200 18964
[2020-12-01 10:19:05,455] [basehttp.py:154] [basehttp:log_message] [INFO]- "GET /TestPlanSW/ItemSW-upload/ HTTP/1.1" 200 23691
[2020-12-01 10:19:05,611] [basehttp.py:154] [basehttp:log_message] [INFO]- "GET /favicon.ico HTTP/1.1" 200 18964
[2020-12-01 10:19:13,444] [basehttp.py:154] [basehttp:log_message] [INFO]- "GET /TestPlanSW/TestPlanSW-edit/ HTTP/1.1" 200 101314
[2020-12-01 10:19:14,101] [basehttp.py:154] [basehttp:log_message] [INFO]- "GET /TestPlanSW/TestPlanSW-edit/?action=first HTTP/1.1" 200 685
[2020-12-01 10:19:14,231] [basehttp.py:154] [basehttp:log_message] [INFO]- "GET /favicon.ico HTTP/1.1" 200 18964
[2020-12-01 10:19:18,369] [basehttp.py:154] [basehttp:log_message] [INFO]- "GET /TestPlanSW/TestPlanSW-edit/?action=getCategory&customer=C38(NB)&project=FLAT4&phase=0 HTTP/1.1" 200 757
[2020-12-01 10:19:21,472] [basehttp.py:154] [basehttp:log_message] [INFO]- "GET /TestPlanSW/TestPlanSW-edit/?action=getContent&customer=C38(NB)&project=FLAT4&phase=0&category=Application HTTP/1.1" 200 103854
[2020-12-01 11:39:56,833] [basehttp.py:154] [basehttp:log_message] [INFO]- "GET /TestPlanSW/TestPlanSW-edit/ HTTP/1.1" 200 101314
[2020-12-01 11:39:58,056] [basehttp.py:154] [basehttp:log_message] [INFO]- "GET /TestPlanSW/TestPlanSW-edit/?action=first HTTP/1.1" 200 685
[2020-12-01 11:39:58,225] [basehttp.py:154] [basehttp:log_message] [INFO]- "GET /favicon.ico HTTP/1.1" 200 18964
[2020-12-01 11:40:51,601] [basehttp.py:154] [basehttp:log_message] [INFO]- "GET /TestPlanSW/TestPlanSW-search/ HTTP/1.1" 200 90529
[2020-12-01 11:40:52,652] [basehttp.py:154] [basehttp:log_message] [INFO]- "GET /favicon.ico HTTP/1.1" 200 18964
[2020-12-01 11:40:52,656] [basehttp.py:154] [basehttp:log_message] [INFO]- "GET /TestPlanSW/TestPlanSW-search/?action=first HTTP/1.1" 200 685
[2020-12-01 11:40:52,659] [basehttp.py:154] [basehttp:log_message] [INFO]- "POST /TestPlanSW/TestPlanSW-search/ HTTP/1.1" 200 129
[2020-12-01 11:40:57,352] [basehttp.py:154] [basehttp:log_message] [INFO]- "GET /TestPlanSW/TestPlanSW-search-AIO/ HTTP/1.1" 200 69766
[2020-12-01 11:40:57,813] [basehttp.py:154] [basehttp:log_message] [INFO]- "GET /TestPlanSW/TestPlanSW-search-AIO/?action=first HTTP/1.1" 200 50
[2020-12-01 11:40:57,822] [basehttp.py:154] [basehttp:log_message] [INFO]- "POST /TestPlanSW/TestPlanSW-search-AIO/ HTTP/1.1" 200 144
[2020-12-01 11:40:57,830] [basehttp.py:154] [basehttp:log_message] [INFO]- "GET /favicon.ico HTTP/1.1" 200 18964
[2020-12-01 11:41:05,921] [basehttp.py:154] [basehttp:log_message] [INFO]- "GET /CQM/CQM_search/ HTTP/1.1" 200 45807
[2020-12-01 11:41:06,492] [basehttp.py:154] [basehttp:log_message] [INFO]- "POST /CQM/CQM_search/ HTTP/1.1" 200 33532
[2020-12-01 11:41:06,594] [basehttp.py:154] [basehttp:log_message] [INFO]- "GET /favicon.ico HTTP/1.1" 200 18964
[2020-12-01 11:41:09,831] [basehttp.py:154] [basehttp:log_message] [INFO]- "GET /CQM/CQM_edit/ HTTP/1.1" 200 53626
[2020-12-01 11:41:10,342] [basehttp.py:154] [basehttp:log_message] [INFO]- "POST /CQM/CQM_edit/ HTTP/1.1" 200 147
[2020-12-01 11:41:10,406] [basehttp.py:154] [basehttp:log_message] [INFO]- "GET /favicon.ico HTTP/1.1" 200 18964
[2020-12-01 11:41:11,827] [basehttp.py:154] [basehttp:log_message] [INFO]- "GET /CQM/CQM_upload/ HTTP/1.1" 200 37724
[2020-12-01 11:41:12,023] [basehttp.py:154] [basehttp:log_message] [INFO]- "GET /favicon.ico HTTP/1.1" 200 18964
[2020-12-01 11:41:13,391] [basehttp.py:154] [basehttp:log_message] [INFO]- "GET /CQM/CQM_search/ HTTP/1.1" 200 45807
[2020-12-01 11:41:13,863] [basehttp.py:154] [basehttp:log_message] [INFO]- "POST /CQM/CQM_search/ HTTP/1.1" 200 33532
[2020-12-01 11:41:13,873] [basehttp.py:154] [basehttp:log_message] [INFO]- "GET /favicon.ico HTTP/1.1" 200 18964
[2020-12-01 11:45:38,306] [basehttp.py:154] [basehttp:log_message] [INFO]- "GET /INVGantt/INVGantt-top/ HTTP/1.1" 200 63130
[2020-12-01 11:45:39,096] [basehttp.py:154] [basehttp:log_message] [INFO]- "GET /favicon.ico HTTP/1.1" 200 18964
[2020-12-01 11:45:39,593] [basehttp.py:154] [basehttp:log_message] [INFO]- "POST /INVGantt/INVGantt-top/ HTTP/1.1" 200 5698
[2020-12-01 12:18:39,557] [basehttp.py:154] [basehttp:log_message] [INFO]- "GET /INVGantt/INVGantt-summary/ HTTP/1.1" 200 65110
[2020-12-01 12:18:40,451] [basehttp.py:154] [basehttp:log_message] [INFO]- "GET /favicon.ico HTTP/1.1" 200 18964
[2020-12-01 12:18:41,287] [basehttp.py:154] [basehttp:log_message] [INFO]- "GET /INVGantt/INVGantt-search/ HTTP/1.1" 200 43513
[2020-12-01 12:18:41,297] [basehttp.py:154] [basehttp:log_message] [INFO]- "POST /INVGantt/INVGantt-summary/ HTTP/1.1" 200 16110
[2020-12-01 12:18:41,301] [basehttp.py:154] [basehttp:log_message] [ERROR]- "POST /INVGantt/INVGantt-summary/ HTTP/1.1" 500 59
[2020-12-01 12:18:41,799] [basehttp.py:154] [basehttp:log_message] [INFO]- "POST /INVGantt/INVGantt-search/ HTTP/1.1" 200 7420
[2020-12-01 12:18:41,820] [basehttp.py:154] [basehttp:log_message] [INFO]- "GET /favicon.ico HTTP/1.1" 200 18964
[2020-12-01 16:00:05,921] [basehttp.py:154] [basehttp:log_message] [INFO]- "GET /INVGantt/INVGantt-summary/ HTTP/1.1" 200 65110
[2020-12-01 16:00:06,900] [basehttp.py:154] [basehttp:log_message] [INFO]- "GET /favicon.ico HTTP/1.1" 200 18964
[2020-12-01 16:00:07,752] [basehttp.py:154] [basehttp:log_message] [INFO]- "POST /INVGantt/INVGantt-summary/ HTTP/1.1" 200 16110
[2020-12-02 14:37:15,404] [basehttp.py:154] [basehttp:log_message] [INFO]- "GET /INVGantt/INVGantt-summary/ HTTP/1.1" 302 0
[2020-12-02 14:37:15,436] [basehttp.py:154] [basehttp:log_message] [INFO]- "GET /login/ HTTP/1.1" 200 4677
[2020-12-02 14:37:15,534] [basehttp.py:154] [basehttp:log_message] [INFO]- "GET /favicon.ico HTTP/1.1" 302 0
[2020-12-02 14:37:15,559] [basehttp.py:154] [basehttp:log_message] [INFO]- "GET /login/ HTTP/1.1" 200 4677
[2020-12-02 14:37:25,835] [basehttp.py:154] [basehttp:log_message] [INFO]- "POST /login/ HTTP/1.1" 302 0
[2020-12-02 14:37:26,064] [basehttp.py:154] [basehttp:log_message] [INFO]- "GET /index/ HTTP/1.1" 200 41847
[2020-12-02 14:37:26,310] [basehttp.py:154] [basehttp:log_message] [INFO]- "GET /static/js/vue.min.js HTTP/1.1" 304 0
[2020-12-02 14:37:26,471] [basehttp.py:154] [basehttp:log_message] [INFO]- "GET /index/ HTTP/1.1" 200 41847
[2020-12-02 14:37:27,185] [basehttp.py:154] [basehttp:log_message] [INFO]- "GET /favicon.ico HTTP/1.1" 200 18964
[2020-12-02 14:58:45,938] [basehttp.py:154] [basehttp:log_message] [INFO]- "GET /CQM/CQM_search/ HTTP/1.1" 200 45807
[2020-12-02 14:58:46,884] [basehttp.py:154] [basehttp:log_message] [INFO]- "POST /CQM/CQM_search/ HTTP/1.1" 200 33532
[2020-12-02 14:58:47,005] [basehttp.py:154] [basehttp:log_message] [INFO]- "GET /favicon.ico HTTP/1.1" 200 18964
[2020-12-03 08:36:57,289] [basehttp.py:154] [basehttp:log_message] [INFO]- "GET /CQM/CQM_search/ HTTP/1.1" 302 0
[2020-12-03 08:36:57,300] [basehttp.py:154] [basehttp:log_message] [INFO]- "GET /login/ HTTP/1.1" 200 4677
[2020-12-03 08:36:57,433] [basehttp.py:154] [basehttp:log_message] [INFO]- "GET /favicon.ico HTTP/1.1" 302 0
[2020-12-03 08:36:57,444] [basehttp.py:154] [basehttp:log_message] [INFO]- "GET /login/ HTTP/1.1" 200 4677
[2020-12-03 08:36:58,991] [basehttp.py:154] [basehttp:log_message] [INFO]- "POST /login/ HTTP/1.1" 302 0
[2020-12-03 08:36:59,108] [basehttp.py:154] [basehttp:log_message] [INFO]- "GET /index/ HTTP/1.1" 200 41847
[2020-12-03 08:36:59,454] [basehttp.py:154] [basehttp:log_message] [INFO]- "GET /index/ HTTP/1.1" 200 41847
[2020-12-03 08:37:00,080] [basehttp.py:154] [basehttp:log_message] [INFO]- "GET /favicon.ico HTTP/1.1" 200 18964
[2020-12-03 08:37:46,660] [basehttp.py:154] [basehttp:log_message] [INFO]- "GET /DriverTool/ToolList_search/ HTTP/1.1" 200 28615
[2020-12-03 08:37:47,404] [basehttp.py:154] [basehttp:log_message] [INFO]- "GET /favicon.ico HTTP/1.1" 200 18964
[2020-12-03 08:37:47,422] [basehttp.py:154] [basehttp:log_message] [INFO]- "POST /DriverTool/ToolList_search/ HTTP/1.1" 200 1190
[2020-12-03 08:37:53,479] [basehttp.py:154] [basehttp:log_message] [INFO]- "POST /DriverTool/ToolList_search/ HTTP/1.1" 200 8772
[2020-12-03 08:38:06,547] [basehttp.py:154] [basehttp:log_message] [INFO]- "GET /index/ HTTP/1.1" 200 41847
[2020-12-03 08:38:06,684] [basehttp.py:154] [basehttp:log_message] [INFO]- "GET /index/ HTTP/1.1" 200 41847
[2020-12-03 08:38:06,994] [basehttp.py:154] [basehttp:log_message] [INFO]- "GET /favicon.ico HTTP/1.1" 200 18964
[2020-12-03 08:39:43,232] [basehttp.py:154] [basehttp:log_message] [INFO]- "GET /CQM/CQM_search/ HTTP/1.1" 200 45807
[2020-12-03 08:39:43,975] [basehttp.py:154] [basehttp:log_message] [INFO]- "POST /CQM/CQM_search/ HTTP/1.1" 200 33532
[2020-12-03 08:39:44,105] [basehttp.py:154] [basehttp:log_message] [INFO]- "GET /favicon.ico HTTP/1.1" 200 18964
[2020-12-03 09:05:27,674] [basehttp.py:154] [basehttp:log_message] [INFO]- "GET /DriverTool/ToolList_search/ HTTP/1.1" 200 28615
[2020-12-03 09:05:28,246] [basehttp.py:154] [basehttp:log_message] [INFO]- "GET /favicon.ico HTTP/1.1" 200 18964
[2020-12-03 09:05:28,251] [basehttp.py:154] [basehttp:log_message] [INFO]- "POST /DriverTool/ToolList_search/ HTTP/1.1" 200 1190
[2020-12-03 09:05:40,696] [basehttp.py:154] [basehttp:log_message] [INFO]- "POST /DriverTool/ToolList_search/ HTTP/1.1" 200 8772
