[2021-08-04 07:50:54,991] [basehttp.py:154] [basehttp:log_message] [INFO]- "GET / HTTP/1.1" 302 0
[2021-08-04 07:50:55,001] [basehttp.py:154] [basehttp:log_message] [INFO]- "GET /login/ HTTP/1.1" 200 4676
[2021-08-04 07:50:55,231] [basehttp.py:154] [basehttp:log_message] [INFO]- "GET /favicon.ico HTTP/1.1" 302 0
[2021-08-04 07:50:55,236] [basehttp.py:154] [basehttp:log_message] [INFO]- "GET /login/ HTTP/1.1" 200 4676
[2021-08-04 07:50:57,371] [basehttp.py:154] [basehttp:log_message] [INFO]- "POST /login/ HTTP/1.1" 302 0
[2021-08-04 07:50:57,404] [basehttp.py:154] [basehttp:log_message] [INFO]- "GET /index/ HTTP/1.1" 200 22942
[2021-08-04 07:50:57,484] [basehttp.py:154] [basehttp:log_message] [INFO]- "GET /index/ HTTP/1.1" 200 22942
[2021-08-04 07:50:57,690] [basehttp.py:154] [basehttp:log_message] [INFO]- "POST /index/ HTTP/1.1" 200 1302
[2021-08-04 07:50:57,733] [basehttp.py:154] [basehttp:log_message] [INFO]- "GET /media/img/UserInfo/u2393454652578938553fm26gp0.jpg HTTP/1.1" 200 34852
[2021-08-04 07:50:57,760] [basehttp.py:154] [basehttp:log_message] [INFO]- "GET /favicon.ico HTTP/1.1" 200 14281
[2021-08-04 08:55:58,292] [basehttp.py:154] [basehttp:log_message] [INFO]- "GET /admin/ HTTP/1.1" 302 0
[2021-08-04 08:55:58,345] [basehttp.py:154] [basehttp:log_message] [INFO]- "GET /admin/login/?next=/admin/ HTTP/1.1" 200 1821
[2021-08-04 08:55:58,358] [basehttp.py:154] [basehttp:log_message] [INFO]- "GET /static/admin/css/base.css HTTP/1.1" 200 16225
[2021-08-04 08:55:58,358] [basehttp.py:154] [basehttp:log_message] [INFO]- "GET /static/admin/css/login.css HTTP/1.1" 200 1203
[2021-08-04 08:55:58,359] [basehttp.py:154] [basehttp:log_message] [INFO]- "GET /static/admin/css/responsive.css HTTP/1.1" 200 17976
[2021-08-04 08:55:58,361] [basehttp.py:154] [basehttp:log_message] [INFO]- "GET /static/admin/css/fonts.css HTTP/1.1" 200 423
[2021-08-04 08:55:58,378] [basehttp.py:154] [basehttp:log_message] [INFO]- "GET /favicon.ico HTTP/1.1" 302 0
[2021-08-04 08:55:58,380] [basehttp.py:154] [basehttp:log_message] [INFO]- "GET /login/ HTTP/1.1" 200 4676
[2021-08-04 08:55:58,380] [basehttp.py:154] [basehttp:log_message] [INFO]- "GET /static/admin/fonts/Roboto-Light-webfont.woff HTTP/1.1" 200 81348
[2021-08-04 08:55:58,380] [basehttp.py:154] [basehttp:log_message] [INFO]- "GET /static/admin/fonts/Roboto-Regular-webfont.woff HTTP/1.1" 200 80304
[2021-08-04 08:56:01,291] [basehttp.py:154] [basehttp:log_message] [INFO]- "POST /admin/login/?next=/admin/ HTTP/1.1" 302 0
[2021-08-04 08:56:01,348] [basehttp.py:154] [basehttp:log_message] [INFO]- "GET /admin/ HTTP/1.1" 200 19615
[2021-08-04 08:56:01,356] [basehttp.py:154] [basehttp:log_message] [INFO]- "GET /static/admin/css/dashboard.css HTTP/1.1" 200 412
[2021-08-04 08:56:01,359] [basehttp.py:154] [basehttp:log_message] [INFO]- "GET /static/admin/img/icon-addlink.svg HTTP/1.1" 200 331
[2021-08-04 08:56:01,359] [basehttp.py:154] [basehttp:log_message] [INFO]- "GET /static/admin/img/icon-changelink.svg HTTP/1.1" 200 380
[2021-08-04 08:56:01,362] [basehttp.py:154] [basehttp:log_message] [INFO]- "GET /static/admin/fonts/Roboto-Bold-webfont.woff HTTP/1.1" 200 82564
[2021-08-04 08:56:01,415] [basehttp.py:154] [basehttp:log_message] [INFO]- "GET /favicon.ico HTTP/1.1" 302 0
[2021-08-04 08:56:01,448] [basehttp.py:154] [basehttp:log_message] [INFO]- "GET /login/ HTTP/1.1" 200 4676
[2021-08-04 08:56:25,939] [basehttp.py:154] [basehttp:log_message] [INFO]- "GET /admin/app01/menu/ HTTP/1.1" 200 8314
[2021-08-04 08:56:25,954] [basehttp.py:154] [basehttp:log_message] [INFO]- "GET /static/admin/css/changelists.css HTTP/1.1" 200 6170
[2021-08-04 08:56:25,955] [basehttp.py:154] [basehttp:log_message] [INFO]- "GET /static/admin/js/jquery.init.js HTTP/1.1" 200 363
[2021-08-04 08:56:25,957] [basehttp.py:154] [basehttp:log_message] [INFO]- "GET /static/admin/js/core.js HTTP/1.1" 200 7135
[2021-08-04 08:56:25,957] [basehttp.py:154] [basehttp:log_message] [INFO]- "GET /static/admin/js/admin/RelatedObjectLookups.js HTTP/1.1" 200 6918
[2021-08-04 08:56:25,960] [basehttp.py:154] [basehttp:log_message] [INFO]- "GET /static/admin/js/actions.js HTTP/1.1" 200 6538
[2021-08-04 08:56:25,962] [basehttp.py:154] [basehttp:log_message] [INFO]- "GET /static/admin/js/urlify.js HTTP/1.1" 200 8972
[2021-08-04 08:56:25,962] [basehttp.py:154] [basehttp:log_message] [INFO]- "GET /static/admin/js/prepopulate.js HTTP/1.1" 200 1530
[2021-08-04 08:56:25,963] [basehttp.py:154] [basehttp:log_message] [INFO]- "GET /static/admin/js/vendor/jquery/jquery.js HTTP/1.1" 200 271751
[2021-08-04 08:56:25,964] [basehttp.py:154] [basehttp:log_message] [INFO]- "GET /static/admin/js/vendor/xregexp/xregexp.js HTTP/1.1" 200 128820
[2021-08-04 08:56:25,968] [basehttp.py:154] [basehttp:log_message] [INFO]- "GET /static/admin/img/search.svg HTTP/1.1" 200 458
[2021-08-04 08:56:25,982] [basehttp.py:154] [basehttp:log_message] [INFO]- "GET /admin/jsi18n/ HTTP/1.1" 200 7684
[2021-08-04 08:56:25,997] [basehttp.py:154] [basehttp:log_message] [INFO]- "GET /static/admin/img/tooltag-add.svg HTTP/1.1" 200 331
[2021-08-04 08:56:25,998] [basehttp.py:154] [basehttp:log_message] [INFO]- "GET /static/admin/img/sorting-icons.svg HTTP/1.1" 200 1097
[2021-08-04 08:56:26,026] [basehttp.py:154] [basehttp:log_message] [INFO]- "GET /favicon.ico HTTP/1.1" 302 0
[2021-08-04 08:56:26,065] [basehttp.py:154] [basehttp:log_message] [INFO]- "GET /login/ HTTP/1.1" 200 4676
[2021-08-04 08:56:37,062] [basehttp.py:154] [basehttp:log_message] [INFO]- "GET /admin/ HTTP/1.1" 200 19615
[2021-08-04 08:56:37,108] [basehttp.py:154] [basehttp:log_message] [INFO]- "GET /favicon.ico HTTP/1.1" 302 0
[2021-08-04 08:56:37,141] [basehttp.py:154] [basehttp:log_message] [INFO]- "GET /login/ HTTP/1.1" 200 4676
[2021-08-04 08:56:44,592] [basehttp.py:154] [basehttp:log_message] [INFO]- "GET /admin/login/?next=/admin/ HTTP/1.1" 302 0
[2021-08-04 08:56:44,618] [basehttp.py:154] [basehttp:log_message] [INFO]- "GET /admin/ HTTP/1.1" 200 19615
[2021-08-04 08:56:44,668] [basehttp.py:154] [basehttp:log_message] [INFO]- "GET /favicon.ico HTTP/1.1" 302 0
[2021-08-04 08:56:44,681] [basehttp.py:154] [basehttp:log_message] [INFO]- "GET /login/ HTTP/1.1" 200 4676
[2021-08-04 08:56:45,733] [basehttp.py:154] [basehttp:log_message] [INFO]- "GET /index/ HTTP/1.1" 302 0
[2021-08-04 08:56:45,780] [basehttp.py:154] [basehttp:log_message] [INFO]- "GET /favicon.ico HTTP/1.1" 302 0
[2021-08-04 08:56:45,814] [basehttp.py:154] [basehttp:log_message] [INFO]- "GET /login/ HTTP/1.1" 200 4676
[2021-08-04 08:56:49,087] [basehttp.py:154] [basehttp:log_message] [INFO]- "POST /login/ HTTP/1.1" 302 0
[2021-08-04 08:56:49,112] [basehttp.py:154] [basehttp:log_message] [INFO]- "GET /index/ HTTP/1.1" 200 22942
[2021-08-04 08:56:49,206] [basehttp.py:154] [basehttp:log_message] [INFO]- "GET /index/ HTTP/1.1" 200 22942
[2021-08-04 08:56:49,380] [basehttp.py:154] [basehttp:log_message] [INFO]- "POST /index/ HTTP/1.1" 200 1302
[2021-08-04 08:56:49,387] [basehttp.py:154] [basehttp:log_message] [INFO]- "GET /favicon.ico HTTP/1.1" 200 14281
[2021-08-04 08:56:49,428] [basehttp.py:154] [basehttp:log_message] [INFO]- "GET /media/img/UserInfo/u2393454652578938553fm26gp0.jpg HTTP/1.1" 200 34852
[2021-08-04 09:02:01,730] [basehttp.py:154] [basehttp:log_message] [INFO]- "GET /index/ HTTP/1.1" 200 22942
[2021-08-04 09:02:01,806] [basehttp.py:154] [basehttp:log_message] [INFO]- "GET /index/ HTTP/1.1" 200 22942
[2021-08-04 09:02:02,022] [basehttp.py:154] [basehttp:log_message] [INFO]- "POST /index/ HTTP/1.1" 200 1302
[2021-08-04 09:02:02,084] [basehttp.py:154] [basehttp:log_message] [INFO]- "GET /favicon.ico HTTP/1.1" 200 14281
[2021-08-04 09:02:03,893] [basehttp.py:154] [basehttp:log_message] [INFO]- "GET /admin/ HTTP/1.1" 200 19615
[2021-08-04 09:02:03,957] [basehttp.py:154] [basehttp:log_message] [INFO]- "GET /favicon.ico HTTP/1.1" 200 14281
[2021-08-04 09:02:07,355] [basehttp.py:154] [basehttp:log_message] [INFO]- "GET /admin/app01/menu/ HTTP/1.1" 200 8314
[2021-08-04 09:02:07,377] [basehttp.py:154] [basehttp:log_message] [INFO]- "GET /admin/jsi18n/ HTTP/1.1" 200 7684
[2021-08-04 09:02:07,426] [basehttp.py:154] [basehttp:log_message] [INFO]- "GET /favicon.ico HTTP/1.1" 200 14281
[2021-08-04 09:08:05,662] [basehttp.py:154] [basehttp:log_message] [INFO]- "GET /index/ HTTP/1.1" 200 22947
[2021-08-04 09:08:05,731] [basehttp.py:154] [basehttp:log_message] [INFO]- "GET /index/ HTTP/1.1" 200 22947
[2021-08-04 09:08:06,012] [basehttp.py:154] [basehttp:log_message] [INFO]- "POST /index/ HTTP/1.1" 200 1302
[2021-08-04 09:08:06,029] [basehttp.py:154] [basehttp:log_message] [INFO]- "GET /favicon.ico HTTP/1.1" 200 14286
[2021-08-04 09:08:25,934] [basehttp.py:154] [basehttp:log_message] [INFO]- "GET /index/ HTTP/1.1" 200 22951
[2021-08-04 09:08:26,004] [basehttp.py:154] [basehttp:log_message] [INFO]- "GET /index/ HTTP/1.1" 200 22951
[2021-08-04 09:08:26,305] [basehttp.py:154] [basehttp:log_message] [INFO]- "POST /index/ HTTP/1.1" 200 1302
[2021-08-04 09:08:26,317] [basehttp.py:154] [basehttp:log_message] [INFO]- "GET /favicon.ico HTTP/1.1" 200 14290
[2021-08-04 09:09:16,583] [basehttp.py:154] [basehttp:log_message] [INFO]- "GET /index/ HTTP/1.1" 200 22956
[2021-08-04 09:09:16,645] [basehttp.py:154] [basehttp:log_message] [INFO]- "GET /index/ HTTP/1.1" 200 22956
[2021-08-04 09:09:16,797] [basehttp.py:154] [basehttp:log_message] [INFO]- "POST /index/ HTTP/1.1" 200 1302
[2021-08-04 09:09:16,812] [basehttp.py:154] [basehttp:log_message] [INFO]- "GET /favicon.ico HTTP/1.1" 200 14295
[2021-08-04 10:34:45,803] [basehttp.py:154] [basehttp:log_message] [INFO]- "GET /index/ HTTP/1.1" 200 22947
[2021-08-04 10:34:45,877] [basehttp.py:154] [basehttp:log_message] [INFO]- "GET /index/ HTTP/1.1" 200 22947
[2021-08-04 10:34:46,178] [basehttp.py:154] [basehttp:log_message] [INFO]- "POST /index/ HTTP/1.1" 200 1302
[2021-08-04 10:34:46,184] [basehttp.py:154] [basehttp:log_message] [INFO]- "GET /favicon.ico HTTP/1.1" 200 14286
[2021-08-04 10:34:59,678] [log.py:228] [log:log_response] [WARNING]- Not Found: /DeviceLNV/M_Category/
[2021-08-04 10:34:59,678] [basehttp.py:154] [basehttp:log_message] [WARNING]- "GET /DeviceLNV/M_Category/ HTTP/1.1" 404 5219
[2021-08-04 10:34:59,715] [basehttp.py:154] [basehttp:log_message] [INFO]- "GET /favicon.ico HTTP/1.1" 200 14286
[2021-08-04 10:37:30,297] [basehttp.py:154] [basehttp:log_message] [INFO]- "GET /index/ HTTP/1.1" 200 22947
[2021-08-04 10:37:30,647] [basehttp.py:154] [basehttp:log_message] [INFO]- "POST /index/ HTTP/1.1" 200 1302
[2021-08-04 10:37:30,657] [basehttp.py:154] [basehttp:log_message] [INFO]- "GET /favicon.ico HTTP/1.1" 200 14286
[2021-08-04 10:37:43,134] [log.py:228] [log:log_response] [ERROR]- Internal Server Error: /DeviceLNV/R_Borrowed/
Traceback (most recent call last):
  File "C:\Python372\mecheck\lib\site-packages\django\db\models\sql\query.py", line 1735, in add_fields
    join_info = self.setup_joins(name.split(LOOKUP_SEP), opts, alias, allow_many=allow_m2m)
  File "C:\Python372\mecheck\lib\site-packages\django\db\models\sql\query.py", line 1473, in setup_joins
    names[:pivot], opts, allow_many, fail_on_missing=True,
  File "C:\Python372\mecheck\lib\site-packages\django\db\models\sql\query.py", line 1389, in names_to_path
    "Choices are: %s" % (name, ", ".join(available)))
django.core.exceptions.FieldError: Cannot resolve keyword 'Changjia' into field. Choices are: ApplicationNo, AssetNum, BR_per_code, BrwStatus, Btime, Comment, Customer, Declaration, DeclarationNo, DevCtgry, DevDescription, DevID, DevModel, DevName, DevPrice, DevStatus, DevVendor, Devproperties, Devsize, FWVer, HWVer, IntfCtgry, LSTA, Last_BR_per, Last_BR_per_code, Last_Borrow_date, Last_Predict_return, Last_Return_date, NID, PN, Pchsdate, PckgIncludes, Phase, Photo, Plandate, Plant, ProjectCode, Rtime, Source, UsrTimes, Usrname, addnewdate, addnewname, expirdate, id, uscyc, useday

During handling of the above exception, another exception occurred:

Traceback (most recent call last):
  File "C:\Python372\mecheck\lib\site-packages\django\core\handlers\exception.py", line 34, in inner
    response = get_response(request)
  File "C:\Python372\mecheck\lib\site-packages\django\core\handlers\base.py", line 126, in _get_response
    response = self.process_exception_by_middleware(e, request)
  File "C:\Python372\mecheck\lib\site-packages\django\core\handlers\base.py", line 124, in _get_response
    response = wrapped_callback(request, *callback_args, **callback_kwargs)
  File "C:\Python372\mecheck\lib\site-packages\django\views\decorators\csrf.py", line 54, in wrapped_view
    return view_func(*args, **kwargs)
  File "C:\djangoproject\DMS\DeviceLNV\views.py", line 453, in R_Borrowed
    for j in DeviceLNV.objects.filter(Customer=i["Customer"]).values("Changjia").distinct().order_by("Changjia"):
  File "C:\Python372\mecheck\lib\site-packages\django\db\models\query.py", line 750, in values
    clone = self._values(*fields, **expressions)
  File "C:\Python372\mecheck\lib\site-packages\django\db\models\query.py", line 745, in _values
    clone.query.set_values(fields)
  File "C:\Python372\mecheck\lib\site-packages\django\db\models\sql\query.py", line 1987, in set_values
    self.add_fields(field_names, True)
  File "C:\Python372\mecheck\lib\site-packages\django\db\models\sql\query.py", line 1758, in add_fields
    "Choices are: %s" % (name, ", ".join(names)))
django.core.exceptions.FieldError: Cannot resolve keyword 'Changjia' into field. Choices are: ApplicationNo, AssetNum, BR_per_code, BrwStatus, Btime, Comment, Customer, Declaration, DeclarationNo, DevCtgry, DevDescription, DevID, DevModel, DevName, DevPrice, DevStatus, DevVendor, Devproperties, Devsize, FWVer, HWVer, IntfCtgry, LSTA, Last_BR_per, Last_BR_per_code, Last_Borrow_date, Last_Predict_return, Last_Return_date, NID, PN, Pchsdate, PckgIncludes, Phase, Photo, Plandate, Plant, ProjectCode, Rtime, Source, UsrTimes, Usrname, addnewdate, addnewname, expirdate, id, uscyc, useday
[2021-08-04 10:37:43,136] [basehttp.py:154] [basehttp:log_message] [ERROR]- "GET /DeviceLNV/R_Borrowed/ HTTP/1.1" 500 121340
[2021-08-04 10:37:43,218] [basehttp.py:154] [basehttp:log_message] [INFO]- "GET /favicon.ico HTTP/1.1" 200 14286
[2021-08-04 10:39:11,521] [basehttp.py:154] [basehttp:log_message] [INFO]- "GET /index/ HTTP/1.1" 200 22947
[2021-08-04 10:39:11,770] [basehttp.py:154] [basehttp:log_message] [INFO]- "POST /index/ HTTP/1.1" 200 1302
[2021-08-04 10:39:11,825] [basehttp.py:154] [basehttp:log_message] [INFO]- "GET /favicon.ico HTTP/1.1" 200 14286
[2021-08-04 10:45:46,941] [log.py:228] [log:log_response] [WARNING]- Not Found: /DeviceLNV/M_Category/
[2021-08-04 10:45:46,942] [basehttp.py:154] [basehttp:log_message] [WARNING]- "GET /DeviceLNV/M_Category/ HTTP/1.1" 404 5219
[2021-08-04 10:45:46,987] [basehttp.py:154] [basehttp:log_message] [INFO]- "GET /favicon.ico HTTP/1.1" 200 14286
[2021-08-04 10:47:26,378] [basehttp.py:154] [basehttp:log_message] [INFO]- "GET /index/ HTTP/1.1" 200 22947
[2021-08-04 10:47:26,666] [basehttp.py:154] [basehttp:log_message] [INFO]- "GET /favicon.ico HTTP/1.1" 200 14286
[2021-08-04 10:47:26,671] [basehttp.py:154] [basehttp:log_message] [INFO]- "POST /index/ HTTP/1.1" 200 1302
[2021-08-04 10:47:39,021] [basehttp.py:154] [basehttp:log_message] [INFO]- "GET /favicon.ico HTTP/1.1" 200 14286
[2021-08-04 10:48:49,901] [basehttp.py:154] [basehttp:log_message] [INFO]- "GET /DeviceLNV/M_Category/ HTTP/1.1" 200 100575
[2021-08-04 10:48:49,978] [basehttp.py:154] [basehttp:log_message] [INFO]- "GET /DeviceLNV/M_Category/ HTTP/1.1" 200 100575
[2021-08-04 10:48:50,499] [basehttp.py:154] [basehttp:log_message] [INFO]- "POST /index/ HTTP/1.1" 200 1302
[2021-08-04 10:48:50,544] [basehttp.py:154] [basehttp:log_message] [INFO]- "GET /favicon.ico HTTP/1.1" 200 14286
[2021-08-04 10:49:20,221] [basehttp.py:154] [basehttp:log_message] [WARNING]- "GET /static/js/lib/bootstrap.min.js.map HTTP/1.1" 404 1806
[2021-08-04 10:49:20,225] [basehttp.py:154] [basehttp:log_message] [WARNING]- "GET /static/js/axios.min.map HTTP/1.1" 404 1773
[2021-08-04 10:49:20,309] [basehttp.py:154] [basehttp:log_message] [WARNING]- "GET /static/css/bootstrap.min.css.map HTTP/1.1" 404 1800
[2021-08-04 10:51:54,905] [basehttp.py:154] [basehttp:log_message] [INFO]- "POST /index/ HTTP/1.1" 200 1302
[2021-08-04 11:18:09,495] [basehttp.py:154] [basehttp:log_message] [INFO]- "GET /DeviceLNV/M_edit/ HTTP/1.1" 200 99080
[2021-08-04 11:18:09,570] [basehttp.py:154] [basehttp:log_message] [INFO]- "GET /DeviceLNV/M_edit/ HTTP/1.1" 200 99080
[2021-08-04 11:18:09,598] [basehttp.py:154] [basehttp:log_message] [WARNING]- "GET /static/css/bootstrap.min.css.map HTTP/1.1" 404 1800
[2021-08-04 11:18:09,622] [basehttp.py:154] [basehttp:log_message] [WARNING]- "GET /static/js/lib/bootstrap.min.js.map HTTP/1.1" 404 1806
[2021-08-04 11:18:09,785] [basehttp.py:154] [basehttp:log_message] [WARNING]- "GET /static/js/axios.min.map HTTP/1.1" 404 1773
[2021-08-04 11:18:09,794] [basehttp.py:154] [basehttp:log_message] [WARNING]- "GET /static/js/xlsx/FileSaver.min.js.map HTTP/1.1" 404 1809
[2021-08-04 11:18:10,135] [basehttp.py:154] [basehttp:log_message] [INFO]- "POST /DeviceLNV/M_edit/ HTTP/1.1" 200 927
[2021-08-04 11:18:10,148] [basehttp.py:154] [basehttp:log_message] [INFO]- "GET /favicon.ico HTTP/1.1" 200 14286
[2021-08-04 11:40:48,544] [basehttp.py:154] [basehttp:log_message] [INFO]- "GET / HTTP/1.1" 200 14286
[2021-08-04 11:40:48,761] [basehttp.py:154] [basehttp:log_message] [INFO]- "GET /static/src/blue.jpg HTTP/1.1" 200 60343
[2021-08-04 11:40:48,909] [basehttp.py:154] [basehttp:log_message] [INFO]- "GET /favicon.ico HTTP/1.1" 200 14286
[2021-08-04 11:41:11,532] [basehttp.py:154] [basehttp:log_message] [INFO]- "GET /DeviceLNV/M_Category/ HTTP/1.1" 200 100950
[2021-08-04 11:41:11,625] [basehttp.py:154] [basehttp:log_message] [INFO]- "GET /DeviceLNV/M_Category/ HTTP/1.1" 200 100950
[2021-08-04 11:41:12,114] [basehttp.py:154] [basehttp:log_message] [INFO]- "POST /DeviceLNV/M_Category/ HTTP/1.1" 200 100950
[2021-08-04 11:41:12,129] [basehttp.py:154] [basehttp:log_message] [INFO]- "GET /favicon.ico HTTP/1.1" 200 14286
[2021-08-04 11:42:25,256] [basehttp.py:154] [basehttp:log_message] [WARNING]- "GET /static/js/lib/bootstrap.min.js.map HTTP/1.1" 404 1806
[2021-08-04 11:42:25,260] [basehttp.py:154] [basehttp:log_message] [WARNING]- "GET /static/js/axios.min.map HTTP/1.1" 404 1773
[2021-08-04 11:42:25,347] [basehttp.py:154] [basehttp:log_message] [WARNING]- "GET /static/css/bootstrap.min.css.map HTTP/1.1" 404 1800
[2021-08-04 11:45:33,351] [basehttp.py:154] [basehttp:log_message] [INFO]- "GET / HTTP/1.1" 200 14286
[2021-08-04 11:45:33,613] [basehttp.py:154] [basehttp:log_message] [INFO]- "GET /favicon.ico HTTP/1.1" 200 14286
[2021-08-04 11:46:06,756] [basehttp.py:154] [basehttp:log_message] [INFO]- "GET /DeviceLNV/M_Category/ HTTP/1.1" 200 100950
[2021-08-04 11:46:06,813] [basehttp.py:154] [basehttp:log_message] [INFO]- "GET /DeviceLNV/M_Category/ HTTP/1.1" 200 100950
[2021-08-04 11:46:07,227] [basehttp.py:154] [basehttp:log_message] [INFO]- "POST /DeviceLNV/M_Category/ HTTP/1.1" 200 100950
[2021-08-04 11:46:07,263] [basehttp.py:154] [basehttp:log_message] [INFO]- "GET /favicon.ico HTTP/1.1" 200 14286
[2021-08-04 11:46:12,874] [basehttp.py:154] [basehttp:log_message] [WARNING]- "GET /static/js/lib/bootstrap.min.js.map HTTP/1.1" 404 1806
[2021-08-04 11:46:12,876] [basehttp.py:154] [basehttp:log_message] [WARNING]- "GET /static/js/axios.min.map HTTP/1.1" 404 1773
[2021-08-04 11:46:12,887] [basehttp.py:154] [basehttp:log_message] [WARNING]- "GET /static/css/bootstrap.min.css.map HTTP/1.1" 404 1800
[2021-08-04 14:21:57,436] [basehttp.py:154] [basehttp:log_message] [INFO]- "GET /static/css/admin/assets/fonts/themify.ttf?-fvbane HTTP/1.1" 200 0
