[2021-04-08 08:39:39,295] [basehttp.py:154] [basehttp:log_message] [INFO]- "GET /AdapterPowerCode/M_edit/ HTTP/1.1" 200 62312
[2021-04-08 08:39:39,402] [basehttp.py:154] [basehttp:log_message] [INFO]- "GET /AdapterPowerCode/M_edit/ HTTP/1.1" 200 62312
[2021-04-08 08:39:39,986] [basehttp.py:154] [basehttp:log_message] [INFO]- "GET /favicon.ico HTTP/1.1" 200 12418
[2021-04-08 08:39:40,425] [basehttp.py:154] [basehttp:log_message] [INFO]- "POST /AdapterPowerCode/M_edit/ HTTP/1.1" 200 511308
[2021-04-08 09:18:29,427] [basehttp.py:154] [basehttp:log_message] [INFO]- "GET /AdapterPowerCode/BorrowedAdapter/ HTTP/1.1" 200 27054
[2021-04-08 09:18:29,544] [basehttp.py:154] [basehttp:log_message] [INFO]- "GET /AdapterPowerCode/BorrowedAdapter/ HTTP/1.1" 200 27054
[2021-04-08 09:18:29,945] [basehttp.py:154] [basehttp:log_message] [INFO]- "GET /favicon.ico HTTP/1.1" 200 12418
[2021-04-08 09:18:30,416] [basehttp.py:154] [basehttp:log_message] [INFO]- "POST /AdapterPowerCode/BorrowedAdapter/ HTTP/1.1" 200 510901
[2021-04-08 09:18:59,472] [basehttp.py:154] [basehttp:log_message] [INFO]- "POST /AdapterPowerCode/BorrowedAdapter/ HTTP/1.1" 200 510991
[2021-04-08 09:19:21,214] [basehttp.py:154] [basehttp:log_message] [INFO]- "GET /AdapterPowerCode/R_Destine/ HTTP/1.1" 200 24395
[2021-04-08 09:19:21,329] [basehttp.py:154] [basehttp:log_message] [INFO]- "GET /AdapterPowerCode/R_Destine/ HTTP/1.1" 200 24395
[2021-04-08 09:19:21,704] [basehttp.py:154] [basehttp:log_message] [INFO]- "GET /favicon.ico HTTP/1.1" 200 12418
[2021-04-08 09:19:21,708] [basehttp.py:154] [basehttp:log_message] [INFO]- "POST /AdapterPowerCode/R_Destine/ HTTP/1.1" 200 2969
[2021-04-08 09:19:27,793] [basehttp.py:154] [basehttp:log_message] [INFO]- "GET /AdapterPowerCode/M_Borrow/ HTTP/1.1" 200 26744
[2021-04-08 09:19:27,861] [basehttp.py:154] [basehttp:log_message] [INFO]- "GET /AdapterPowerCode/M_Borrow/ HTTP/1.1" 200 26744
[2021-04-08 09:19:28,094] [basehttp.py:154] [basehttp:log_message] [INFO]- "POST /AdapterPowerCode/M_Borrow/ HTTP/1.1" 200 3878
[2021-04-08 09:19:28,101] [basehttp.py:154] [basehttp:log_message] [INFO]- "GET /favicon.ico HTTP/1.1" 200 12418
[2021-04-08 09:20:25,666] [basehttp.py:154] [basehttp:log_message] [INFO]- "POST /AdapterPowerCode/M_Borrow/ HTTP/1.1" 200 2012
[2021-04-08 09:20:56,682] [basehttp.py:154] [basehttp:log_message] [INFO]- "GET /AdapterPowerCode/M_edit/ HTTP/1.1" 200 62312
[2021-04-08 09:20:56,767] [basehttp.py:154] [basehttp:log_message] [INFO]- "GET /AdapterPowerCode/M_edit/ HTTP/1.1" 200 62312
[2021-04-08 09:20:57,163] [basehttp.py:154] [basehttp:log_message] [INFO]- "GET /favicon.ico HTTP/1.1" 200 12418
[2021-04-08 09:20:57,606] [basehttp.py:154] [basehttp:log_message] [INFO]- "POST /AdapterPowerCode/M_edit/ HTTP/1.1" 200 511470
[2021-04-08 09:22:03,164] [basehttp.py:154] [basehttp:log_message] [INFO]- "GET /AdapterPowerCode/M_edit/ HTTP/1.1" 200 62312
[2021-04-08 09:22:03,276] [basehttp.py:154] [basehttp:log_message] [INFO]- "GET /AdapterPowerCode/M_edit/ HTTP/1.1" 200 62312
[2021-04-08 09:22:03,735] [basehttp.py:154] [basehttp:log_message] [INFO]- "GET /favicon.ico HTTP/1.1" 200 12418
[2021-04-08 09:22:04,209] [basehttp.py:154] [basehttp:log_message] [INFO]- "POST /AdapterPowerCode/M_edit/ HTTP/1.1" 200 511470
[2021-04-08 09:22:06,707] [basehttp.py:154] [basehttp:log_message] [INFO]- "GET /admin/ HTTP/1.1" 302 0
[2021-04-08 09:22:06,760] [basehttp.py:154] [basehttp:log_message] [INFO]- "GET /admin/login/?next=/admin/ HTTP/1.1" 200 1821
[2021-04-08 09:22:06,815] [basehttp.py:154] [basehttp:log_message] [INFO]- "GET /favicon.ico HTTP/1.1" 200 12418
[2021-04-08 09:22:09,766] [basehttp.py:154] [basehttp:log_message] [INFO]- "POST /admin/login/?next=/admin/ HTTP/1.1" 302 0
[2021-04-08 09:22:09,804] [basehttp.py:154] [basehttp:log_message] [INFO]- "GET /admin/ HTTP/1.1" 200 11668
[2021-04-08 09:22:09,857] [basehttp.py:154] [basehttp:log_message] [INFO]- "GET /favicon.ico HTTP/1.1" 200 12418
[2021-04-08 09:22:17,056] [basehttp.py:154] [basehttp:log_message] [INFO]- "GET /admin/app01/userinfo/ HTTP/1.1" 200 8690
[2021-04-08 09:22:17,075] [basehttp.py:154] [basehttp:log_message] [INFO]- "GET /admin/jsi18n/ HTTP/1.1" 200 7684
[2021-04-08 09:22:17,118] [basehttp.py:154] [basehttp:log_message] [INFO]- "GET /favicon.ico HTTP/1.1" 200 12418
[2021-04-08 09:22:31,314] [basehttp.py:154] [basehttp:log_message] [INFO]- "GET /admin/ HTTP/1.1" 200 11668
[2021-04-08 09:22:31,353] [basehttp.py:154] [basehttp:log_message] [INFO]- "GET /favicon.ico HTTP/1.1" 200 12418
[2021-04-08 09:22:35,543] [basehttp.py:154] [basehttp:log_message] [INFO]- "GET /admin/login/?next=/admin/ HTTP/1.1" 302 0
[2021-04-08 09:22:35,564] [basehttp.py:154] [basehttp:log_message] [INFO]- "GET /admin/ HTTP/1.1" 200 11668
[2021-04-08 09:22:35,604] [basehttp.py:154] [basehttp:log_message] [INFO]- "GET /favicon.ico HTTP/1.1" 200 12418
[2021-04-08 09:25:29,672] [basehttp.py:154] [basehttp:log_message] [INFO]- "POST /AdapterPowerCode/M_edit/ HTTP/1.1" 200 75843
[2021-04-08 09:26:05,117] [basehttp.py:154] [basehttp:log_message] [INFO]- "GET /AdapterPowerCode/M_edit/ HTTP/1.1" 200 62312
[2021-04-08 09:26:05,213] [basehttp.py:154] [basehttp:log_message] [INFO]- "GET /AdapterPowerCode/M_edit/ HTTP/1.1" 200 62312
[2021-04-08 09:26:05,630] [basehttp.py:154] [basehttp:log_message] [INFO]- "GET /favicon.ico HTTP/1.1" 200 12418
[2021-04-08 09:26:06,077] [basehttp.py:154] [basehttp:log_message] [INFO]- "POST /AdapterPowerCode/M_edit/ HTTP/1.1" 200 511464
[2021-04-08 09:30:17,846] [basehttp.py:154] [basehttp:log_message] [INFO]- "POST /AdapterPowerCode/M_edit/ HTTP/1.1" 200 511458
[2021-04-08 09:31:09,515] [basehttp.py:154] [basehttp:log_message] [INFO]- "POST /AdapterPowerCode/M_edit/ HTTP/1.1" 200 511458
[2021-04-08 09:31:29,415] [basehttp.py:154] [basehttp:log_message] [INFO]- "POST /AdapterPowerCode/M_edit/ HTTP/1.1" 200 511458
[2021-04-08 09:32:11,848] [basehttp.py:154] [basehttp:log_message] [INFO]- "POST /AdapterPowerCode/M_edit/ HTTP/1.1" 200 511458
[2021-04-08 09:34:55,636] [basehttp.py:154] [basehttp:log_message] [INFO]- "POST /AdapterPowerCode/M_edit/ HTTP/1.1" 200 511446
[2021-04-08 09:35:05,581] [basehttp.py:154] [basehttp:log_message] [INFO]- "POST /AdapterPowerCode/M_edit/ HTTP/1.1" 200 511428
[2021-04-08 09:35:14,227] [basehttp.py:154] [basehttp:log_message] [INFO]- "POST /AdapterPowerCode/M_edit/ HTTP/1.1" 200 511416
[2021-04-08 09:35:27,955] [basehttp.py:154] [basehttp:log_message] [INFO]- "POST /AdapterPowerCode/M_edit/ HTTP/1.1" 200 511400
[2021-04-08 09:35:44,025] [basehttp.py:154] [basehttp:log_message] [INFO]- "POST /AdapterPowerCode/M_edit/ HTTP/1.1" 200 511384
[2021-04-08 09:35:53,347] [basehttp.py:154] [basehttp:log_message] [INFO]- "POST /AdapterPowerCode/M_edit/ HTTP/1.1" 200 511368
[2021-04-08 11:41:16,503] [basehttp.py:154] [basehttp:log_message] [INFO]- "POST /AdapterPowerCode/M_edit/ HTTP/1.1" 200 511355
[2021-04-08 13:31:23,379] [basehttp.py:154] [basehttp:log_message] [INFO]- "POST /AdapterPowerCode/M_edit/ HTTP/1.1" 200 511355
[2021-04-08 13:31:27,608] [basehttp.py:154] [basehttp:log_message] [INFO]- "POST /AdapterPowerCode/M_edit/ HTTP/1.1" 200 511355
[2021-04-08 13:31:32,792] [basehttp.py:154] [basehttp:log_message] [INFO]- "POST /AdapterPowerCode/M_edit/ HTTP/1.1" 200 511355
[2021-04-08 13:31:33,439] [basehttp.py:154] [basehttp:log_message] [INFO]- "POST /AdapterPowerCode/M_edit/ HTTP/1.1" 200 511355
[2021-04-08 13:31:34,057] [basehttp.py:154] [basehttp:log_message] [INFO]- "POST /AdapterPowerCode/M_edit/ HTTP/1.1" 200 511355
[2021-04-08 13:31:34,436] [basehttp.py:154] [basehttp:log_message] [INFO]- "POST /AdapterPowerCode/M_edit/ HTTP/1.1" 200 511355
[2021-04-08 13:31:34,777] [basehttp.py:154] [basehttp:log_message] [INFO]- "POST /AdapterPowerCode/M_edit/ HTTP/1.1" 200 511355
[2021-04-08 13:31:34,877] [basehttp.py:154] [basehttp:log_message] [INFO]- "POST /AdapterPowerCode/M_edit/ HTTP/1.1" 200 511355
[2021-04-08 13:31:35,260] [basehttp.py:154] [basehttp:log_message] [INFO]- "POST /AdapterPowerCode/M_edit/ HTTP/1.1" 200 511355
[2021-04-08 13:31:35,479] [basehttp.py:154] [basehttp:log_message] [INFO]- "POST /AdapterPowerCode/M_edit/ HTTP/1.1" 200 511355
[2021-04-08 13:31:35,610] [basehttp.py:154] [basehttp:log_message] [INFO]- "POST /AdapterPowerCode/M_edit/ HTTP/1.1" 200 511355
[2021-04-09 07:40:03,455] [basehttp.py:154] [basehttp:log_message] [INFO]- "GET /admin/ HTTP/1.1" 302 0
[2021-04-09 07:40:03,520] [basehttp.py:154] [basehttp:log_message] [INFO]- "GET /admin/login/?next=/admin/ HTTP/1.1" 200 1821
[2021-04-09 07:40:03,541] [basehttp.py:154] [basehttp:log_message] [INFO]- "GET /favicon.ico HTTP/1.1" 302 0
[2021-04-09 07:40:03,544] [basehttp.py:154] [basehttp:log_message] [INFO]- "GET /login/ HTTP/1.1" 200 4676
[2021-04-09 07:40:05,930] [basehttp.py:154] [basehttp:log_message] [INFO]- "POST /admin/login/?next=/admin/ HTTP/1.1" 302 0
[2021-04-09 07:40:05,969] [basehttp.py:154] [basehttp:log_message] [INFO]- "GET /admin/ HTTP/1.1" 200 11668
[2021-04-09 07:40:05,992] [basehttp.py:154] [basehttp:log_message] [INFO]- "GET /favicon.ico HTTP/1.1" 302 0
[2021-04-09 07:40:06,000] [basehttp.py:154] [basehttp:log_message] [INFO]- "GET /login/ HTTP/1.1" 200 4676
[2021-04-09 07:40:07,349] [basehttp.py:154] [basehttp:log_message] [INFO]- "GET /AdapterPowerCode/M_edit/ HTTP/1.1" 302 0
[2021-04-09 07:40:07,379] [basehttp.py:154] [basehttp:log_message] [INFO]- "GET /login/ HTTP/1.1" 200 4676
[2021-04-09 07:40:07,486] [basehttp.py:154] [basehttp:log_message] [INFO]- "GET /favicon.ico HTTP/1.1" 302 0
[2021-04-09 07:40:07,495] [basehttp.py:154] [basehttp:log_message] [INFO]- "GET /login/ HTTP/1.1" 200 4676
[2021-04-09 07:40:09,528] [basehttp.py:154] [basehttp:log_message] [INFO]- "POST /login/ HTTP/1.1" 302 0
[2021-04-09 07:40:09,565] [basehttp.py:154] [basehttp:log_message] [INFO]- "GET /index/ HTTP/1.1" 200 21079
[2021-04-09 07:40:09,659] [basehttp.py:154] [basehttp:log_message] [INFO]- "GET /index/ HTTP/1.1" 200 21079
[2021-04-09 07:40:10,048] [basehttp.py:154] [basehttp:log_message] [INFO]- "POST /index/ HTTP/1.1" 200 824
[2021-04-09 07:40:10,061] [basehttp.py:154] [basehttp:log_message] [INFO]- "GET /favicon.ico HTTP/1.1" 200 12418
[2021-04-09 07:40:10,087] [basehttp.py:154] [basehttp:log_message] [INFO]- "GET /media/img/UserInfo/u2393454652578938553fm26gp0.jpg HTTP/1.1" 200 34852
[2021-04-09 07:40:13,080] [basehttp.py:154] [basehttp:log_message] [INFO]- "GET /AdapterPowerCode/BorrowedAdapter/ HTTP/1.1" 200 27083
[2021-04-09 07:40:13,174] [basehttp.py:154] [basehttp:log_message] [INFO]- "GET /AdapterPowerCode/BorrowedAdapter/ HTTP/1.1" 200 27083
[2021-04-09 07:40:13,385] [basehttp.py:154] [basehttp:log_message] [INFO]- "GET /favicon.ico HTTP/1.1" 200 12418
[2021-04-09 07:40:13,909] [basehttp.py:154] [basehttp:log_message] [INFO]- "POST /AdapterPowerCode/BorrowedAdapter/ HTTP/1.1" 200 510948
[2021-04-12 08:41:36,839] [basehttp.py:154] [basehttp:log_message] [INFO]- "GET /AdapterPowerCode/BorrowedAdapter/ HTTP/1.1" 302 0
[2021-04-12 08:41:36,847] [basehttp.py:154] [basehttp:log_message] [INFO]- "GET /login/ HTTP/1.1" 200 4676
[2021-04-12 08:41:36,889] [basehttp.py:154] [basehttp:log_message] [INFO]- "GET /static/css/test1.css HTTP/1.1" 304 0
[2021-04-12 08:41:36,928] [basehttp.py:154] [basehttp:log_message] [INFO]- "GET /favicon.ico HTTP/1.1" 302 0
[2021-04-12 08:41:36,950] [basehttp.py:154] [basehttp:log_message] [INFO]- "GET /login/ HTTP/1.1" 200 4676
[2021-04-12 08:41:39,161] [basehttp.py:154] [basehttp:log_message] [INFO]- "POST /login/ HTTP/1.1" 302 0
[2021-04-12 08:41:39,201] [basehttp.py:154] [basehttp:log_message] [INFO]- "GET /index/ HTTP/1.1" 200 21079
[2021-04-12 08:41:39,218] [basehttp.py:154] [basehttp:log_message] [INFO]- "GET /static/css/lib/menubar/sidebar.css HTTP/1.1" 304 0
[2021-04-12 08:41:39,385] [basehttp.py:154] [basehttp:log_message] [INFO]- "GET /index/ HTTP/1.1" 200 21079
[2021-04-12 08:41:39,693] [basehttp.py:154] [basehttp:log_message] [INFO]- "GET /static/src/qiu1.jpg HTTP/1.1" 304 0
[2021-04-12 08:41:39,694] [basehttp.py:154] [basehttp:log_message] [INFO]- "GET /static/src/lu.jpg HTTP/1.1" 304 0
[2021-04-12 08:41:39,694] [basehttp.py:154] [basehttp:log_message] [INFO]- "GET /static/src/jinqiu5.jpg HTTP/1.1" 304 0
[2021-04-12 08:41:39,710] [basehttp.py:154] [basehttp:log_message] [INFO]- "POST /index/ HTTP/1.1" 200 824
[2021-04-12 08:41:39,738] [basehttp.py:154] [basehttp:log_message] [INFO]- "GET /media/img/UserInfo/u2393454652578938553fm26gp0.jpg HTTP/1.1" 200 34852
[2021-04-12 08:41:39,765] [basehttp.py:154] [basehttp:log_message] [INFO]- "GET /favicon.ico HTTP/1.1" 200 12418
[2021-04-12 08:42:36,511] [basehttp.py:154] [basehttp:log_message] [INFO]- "GET /AdapterPowerCode/BorrowedAdapter/ HTTP/1.1" 200 27083
[2021-04-12 08:42:36,617] [basehttp.py:154] [basehttp:log_message] [INFO]- "GET /AdapterPowerCode/BorrowedAdapter/ HTTP/1.1" 200 27083
[2021-04-12 08:42:37,023] [basehttp.py:154] [basehttp:log_message] [INFO]- "GET /favicon.ico HTTP/1.1" 200 12418
[2021-04-12 08:42:37,561] [basehttp.py:154] [basehttp:log_message] [INFO]- "POST /AdapterPowerCode/BorrowedAdapter/ HTTP/1.1" 200 510948
