[2021-04-26 09:13:43,498] [basehttp.py:154] [basehttp:log_message] [INFO]- "GET /admin/ HTTP/1.1" 302 0
[2021-04-26 09:13:43,559] [basehttp.py:154] [basehttp:log_message] [INFO]- "GET /admin/login/?next=/admin/ HTTP/1.1" 200 1821
[2021-04-26 09:13:43,613] [basehttp.py:154] [basehttp:log_message] [INFO]- "GET /favicon.ico HTTP/1.1" 302 0
[2021-04-26 09:13:43,617] [basehttp.py:154] [basehttp:log_message] [INFO]- "GET /login/ HTTP/1.1" 200 4676
[2021-04-26 09:13:48,050] [basehttp.py:154] [basehttp:log_message] [INFO]- "POST /admin/login/?next=/admin/ HTTP/1.1" 302 0
[2021-04-26 09:13:48,093] [basehttp.py:154] [basehttp:log_message] [INFO]- "GET /admin/ HTTP/1.1" 200 18526
[2021-04-26 09:13:48,163] [basehttp.py:154] [basehttp:log_message] [INFO]- "GET /favicon.ico HTTP/1.1" 302 0
[2021-04-26 09:13:48,195] [basehttp.py:154] [basehttp:log_message] [INFO]- "GET /login/ HTTP/1.1" 200 4676
[2021-04-26 09:13:55,613] [basehttp.py:154] [basehttp:log_message] [INFO]- "GET /admin/logout/ HTTP/1.1" 200 1208
[2021-04-26 09:13:55,627] [basehttp.py:154] [basehttp:log_message] [INFO]- "GET /favicon.ico HTTP/1.1" 302 0
[2021-04-26 09:13:55,629] [basehttp.py:154] [basehttp:log_message] [INFO]- "GET /login/ HTTP/1.1" 200 4676
[2021-04-26 09:13:56,903] [basehttp.py:154] [basehttp:log_message] [INFO]- "GET /admin/ HTTP/1.1" 302 0
[2021-04-26 09:13:56,914] [basehttp.py:154] [basehttp:log_message] [INFO]- "GET /admin/login/?next=/admin/ HTTP/1.1" 200 1821
[2021-04-26 09:13:56,929] [basehttp.py:154] [basehttp:log_message] [INFO]- "GET /favicon.ico HTTP/1.1" 302 0
[2021-04-26 09:13:56,930] [basehttp.py:154] [basehttp:log_message] [INFO]- "GET /login/ HTTP/1.1" 200 4676
[2021-04-26 09:14:03,722] [basehttp.py:154] [basehttp:log_message] [INFO]- "POST /admin/login/?next=/admin/ HTTP/1.1" 302 0
[2021-04-26 09:14:03,754] [basehttp.py:154] [basehttp:log_message] [INFO]- "GET /admin/ HTTP/1.1" 200 18526
[2021-04-26 09:14:03,790] [basehttp.py:154] [basehttp:log_message] [INFO]- "GET /favicon.ico HTTP/1.1" 302 0
[2021-04-26 09:14:03,798] [basehttp.py:154] [basehttp:log_message] [INFO]- "GET /login/ HTTP/1.1" 200 4676
[2021-04-26 12:12:18,344] [basehttp.py:154] [basehttp:log_message] [INFO]- "GET / HTTP/1.1" 302 0
[2021-04-26 12:12:18,350] [basehttp.py:154] [basehttp:log_message] [INFO]- "GET /login/ HTTP/1.1" 200 4676
[2021-04-26 12:12:18,365] [basehttp.py:154] [basehttp:log_message] [INFO]- "GET /static/css/test1.css HTTP/1.1" 304 0
[2021-04-26 12:12:18,441] [basehttp.py:154] [basehttp:log_message] [INFO]- "GET /favicon.ico HTTP/1.1" 302 0
[2021-04-26 12:12:18,463] [basehttp.py:154] [basehttp:log_message] [INFO]- "GET /login/ HTTP/1.1" 200 4676
[2021-04-26 12:12:21,796] [basehttp.py:154] [basehttp:log_message] [INFO]- "POST /login/ HTTP/1.1" 302 0
[2021-04-26 12:12:21,841] [basehttp.py:154] [basehttp:log_message] [INFO]- "GET /index/ HTTP/1.1" 200 21024
[2021-04-26 12:12:21,862] [basehttp.py:154] [basehttp:log_message] [INFO]- "GET /static/css/lib/menubar/sidebar.css HTTP/1.1" 304 0
[2021-04-26 12:12:21,863] [basehttp.py:154] [basehttp:log_message] [INFO]- "GET /static/css/style.css HTTP/1.1" 304 0
[2021-04-26 12:12:21,882] [basehttp.py:154] [basehttp:log_message] [INFO]- "GET /static/js/date.js HTTP/1.1" 304 0
[2021-04-26 12:12:22,022] [basehttp.py:154] [basehttp:log_message] [INFO]- "GET /index/ HTTP/1.1" 200 21024
[2021-04-26 12:12:22,282] [basehttp.py:154] [basehttp:log_message] [INFO]- "GET /static/src/lu.jpg HTTP/1.1" 304 0
[2021-04-26 12:12:22,282] [basehttp.py:154] [basehttp:log_message] [INFO]- "GET /static/src/qiu1.jpg HTTP/1.1" 304 0
[2021-04-26 12:12:22,282] [basehttp.py:154] [basehttp:log_message] [INFO]- "GET /static/src/jinqiu5.jpg HTTP/1.1" 304 0
[2021-04-26 12:12:22,305] [basehttp.py:154] [basehttp:log_message] [INFO]- "POST /index/ HTTP/1.1" 200 824
[2021-04-26 12:12:22,349] [basehttp.py:154] [basehttp:log_message] [INFO]- "GET /media/img/UserInfo/u2393454652578938553fm26gp0.jpg HTTP/1.1" 200 34852
[2021-04-26 12:12:22,352] [basehttp.py:154] [basehttp:log_message] [INFO]- "GET /favicon.ico HTTP/1.1" 200 12363
[2021-04-26 12:12:23,689] [basehttp.py:154] [basehttp:log_message] [INFO]- "GET /admin/ HTTP/1.1" 302 0
[2021-04-26 12:12:23,729] [basehttp.py:154] [basehttp:log_message] [INFO]- "GET /admin/login/?next=/admin/ HTTP/1.1" 200 1821
[2021-04-26 12:12:23,766] [basehttp.py:154] [basehttp:log_message] [INFO]- "GET /favicon.ico HTTP/1.1" 200 12363
[2021-04-26 12:12:27,594] [basehttp.py:154] [basehttp:log_message] [INFO]- "POST /admin/login/?next=/admin/ HTTP/1.1" 302 0
[2021-04-26 12:12:27,645] [basehttp.py:154] [basehttp:log_message] [INFO]- "GET /admin/ HTTP/1.1" 200 18526
[2021-04-26 12:12:27,722] [basehttp.py:154] [basehttp:log_message] [INFO]- "GET /favicon.ico HTTP/1.1" 200 12363
[2021-04-26 12:12:30,815] [basehttp.py:154] [basehttp:log_message] [INFO]- "GET /admin/app01/userinfo/ HTTP/1.1" 200 8690
[2021-04-26 12:12:30,837] [basehttp.py:154] [basehttp:log_message] [INFO]- "GET /admin/jsi18n/ HTTP/1.1" 200 7684
[2021-04-26 12:12:30,883] [basehttp.py:154] [basehttp:log_message] [INFO]- "GET /favicon.ico HTTP/1.1" 200 12363
[2021-04-26 12:12:32,411] [basehttp.py:154] [basehttp:log_message] [INFO]- "GET /admin/ HTTP/1.1" 200 18526
[2021-04-26 12:12:32,458] [basehttp.py:154] [basehttp:log_message] [INFO]- "GET /favicon.ico HTTP/1.1" 200 12363
[2021-04-26 12:12:33,744] [basehttp.py:154] [basehttp:log_message] [INFO]- "GET /admin/app01/role/ HTTP/1.1" 200 7201
[2021-04-26 12:12:33,786] [basehttp.py:154] [basehttp:log_message] [INFO]- "GET /admin/jsi18n/ HTTP/1.1" 200 7684
[2021-04-26 12:12:33,833] [basehttp.py:154] [basehttp:log_message] [INFO]- "GET /favicon.ico HTTP/1.1" 200 12363
[2021-04-26 13:07:45,010] [basehttp.py:154] [basehttp:log_message] [INFO]- "GET /admin/app01/role/?q= HTTP/1.1" 200 7479
[2021-04-26 13:07:45,041] [basehttp.py:154] [basehttp:log_message] [INFO]- "GET /admin/jsi18n/ HTTP/1.1" 200 7684
[2021-04-26 13:07:45,089] [basehttp.py:154] [basehttp:log_message] [INFO]- "GET /favicon.ico HTTP/1.1" 200 12363
[2021-04-26 13:32:31,885] [basehttp.py:154] [basehttp:log_message] [INFO]- "GET /admin/app01/role/7/change/?_changelist_filters=q%3D HTTP/1.1" 200 6112
[2021-04-26 13:32:31,907] [basehttp.py:154] [basehttp:log_message] [INFO]- "GET /admin/jsi18n/ HTTP/1.1" 200 7684
[2021-04-26 13:32:31,939] [basehttp.py:154] [basehttp:log_message] [INFO]- "GET /favicon.ico HTTP/1.1" 200 12363
[2021-04-26 13:32:36,311] [basehttp.py:154] [basehttp:log_message] [INFO]- "GET /admin/app01/role/?q= HTTP/1.1" 200 7479
[2021-04-26 13:32:36,376] [basehttp.py:154] [basehttp:log_message] [INFO]- "GET /favicon.ico HTTP/1.1" 200 12363
[2021-04-26 14:18:43,105] [basehttp.py:154] [basehttp:log_message] [INFO]- "GET / HTTP/1.1" 200 12363
[2021-04-26 14:18:43,320] [basehttp.py:154] [basehttp:log_message] [INFO]- "GET /favicon.ico HTTP/1.1" 200 12363
[2021-04-26 14:18:46,263] [basehttp.py:154] [basehttp:log_message] [INFO]- "GET /AdapterPowerCode/BorrowedAdapter/ HTTP/1.1" 200 27028
[2021-04-26 14:18:46,335] [basehttp.py:154] [basehttp:log_message] [INFO]- "GET /AdapterPowerCode/BorrowedAdapter/ HTTP/1.1" 200 27028
[2021-04-26 14:18:46,679] [basehttp.py:154] [basehttp:log_message] [INFO]- "GET /favicon.ico HTTP/1.1" 200 12363
[2021-04-26 14:18:47,127] [basehttp.py:154] [basehttp:log_message] [INFO]- "POST /AdapterPowerCode/BorrowedAdapter/ HTTP/1.1" 200 511005
