[2020-04-24 11:34:35,516] [log.py:228] [log:log_response] [ERROR]- Internal Server Error: /CQM/CQM_edit/
Traceback (most recent call last):
  File "C:\Python372\mecheck\lib\site-packages\django\core\handlers\exception.py", line 34, in inner
    response = get_response(request)
  File "C:\Python372\mecheck\lib\site-packages\django\core\handlers\base.py", line 126, in _get_response
    response = self.process_exception_by_middleware(e, request)
  File "C:\Python372\mecheck\lib\site-packages\django\core\handlers\base.py", line 124, in _get_response
    response = wrapped_callback(request, *callback_args, **callback_kwargs)
  File "C:\Python372\mecheck\lib\site-packages\django\views\decorators\csrf.py", line 54, in wrapped_view
    return view_func(*args, **kwargs)
  File "C:\djangoproject\Reliability_Row_data\CQM\views.py", line 390, in CQM_edit
    mock_data.append({"id":i.id, 'Project':i.Project, "Category":i.Category, "Name":i.Name, "Vendor":i.Vendor, "SourcePriority":i.SourcePriority,
AttributeError: 'CQM' object has no attribute 'Category'
[2020-04-24 11:34:35,552] [basehttp.py:154] [basehttp:log_message] [ERROR]- "POST /CQM/CQM_edit/ HTTP/1.1" 500 27
[2020-04-24 11:46:33,819] [log.py:228] [log:log_response] [ERROR]- Internal Server Error: /CQM/CQM_edit/
Traceback (most recent call last):
  File "C:\Python372\mecheck\lib\site-packages\django\core\handlers\exception.py", line 34, in inner
    response = get_response(request)
  File "C:\Python372\mecheck\lib\site-packages\django\core\handlers\base.py", line 126, in _get_response
    response = self.process_exception_by_middleware(e, request)
  File "C:\Python372\mecheck\lib\site-packages\django\core\handlers\base.py", line 124, in _get_response
    response = wrapped_callback(request, *callback_args, **callback_kwargs)
  File "C:\Python372\mecheck\lib\site-packages\django\views\decorators\csrf.py", line 54, in wrapped_view
    return view_func(*args, **kwargs)
  File "C:\djangoproject\Reliability_Row_data\CQM\views.py", line 400, in CQM_edit
    mock_data.append({"id":i.id, 'Project':i.Project, "Category":i.Category, "Name":i.Name, "Vendor":i.Vendor, "SourcePriority":i.SourcePriority,
AttributeError: 'CQM' object has no attribute 'Category'
[2020-04-24 11:46:33,822] [basehttp.py:154] [basehttp:log_message] [ERROR]- "POST /CQM/CQM_edit/ HTTP/1.1" 500 27
[2020-04-24 11:47:31,380] [log.py:228] [log:log_response] [ERROR]- Internal Server Error: /CQM/CQM_edit/
Traceback (most recent call last):
  File "C:\Python372\mecheck\lib\site-packages\django\core\handlers\exception.py", line 34, in inner
    response = get_response(request)
  File "C:\Python372\mecheck\lib\site-packages\django\core\handlers\base.py", line 126, in _get_response
    response = self.process_exception_by_middleware(e, request)
  File "C:\Python372\mecheck\lib\site-packages\django\core\handlers\base.py", line 124, in _get_response
    response = wrapped_callback(request, *callback_args, **callback_kwargs)
  File "C:\Python372\mecheck\lib\site-packages\django\views\decorators\csrf.py", line 54, in wrapped_view
    return view_func(*args, **kwargs)
  File "C:\djangoproject\Reliability_Row_data\CQM\views.py", line 400, in CQM_edit
    mock_data.append({"id":i.id, 'Project':i.Project, "Category":i.Category, "Name":i.Name, "Vendor":i.Vendor, "SourcePriority":i.SourcePriority,
AttributeError: 'CQM' object has no attribute 'Category'
[2020-04-24 11:47:31,381] [basehttp.py:154] [basehttp:log_message] [ERROR]- "POST /CQM/CQM_edit/ HTTP/1.1" 500 27
[2020-04-24 12:09:32,442] [log.py:228] [log:log_response] [ERROR]- Internal Server Error: /CQM/CQM_edit/
Traceback (most recent call last):
  File "C:\Python372\mecheck\lib\site-packages\django\core\handlers\exception.py", line 34, in inner
    response = get_response(request)
  File "C:\Python372\mecheck\lib\site-packages\django\core\handlers\base.py", line 126, in _get_response
    response = self.process_exception_by_middleware(e, request)
  File "C:\Python372\mecheck\lib\site-packages\django\core\handlers\base.py", line 124, in _get_response
    response = wrapped_callback(request, *callback_args, **callback_kwargs)
  File "C:\Python372\mecheck\lib\site-packages\django\views\decorators\csrf.py", line 54, in wrapped_view
    return view_func(*args, **kwargs)
  File "C:\djangoproject\Reliability_Row_data\CQM\views.py", line 428, in CQM_edit
    update_dic={'Project':resdata['Project'], 'Category':resdata['Category'], 'Name':resdata['Name'], 'Vendor':resdata['Vendor'],'SourcePriority':resdata['SourcePriority'],
KeyError: 'Category'
[2020-04-24 12:09:32,445] [basehttp.py:154] [basehttp:log_message] [ERROR]- "POST /CQM/CQM_edit/ HTTP/1.1" 500 27
[2020-04-24 12:09:34,725] [log.py:228] [log:log_response] [ERROR]- Internal Server Error: /CQM/CQM_edit/
Traceback (most recent call last):
  File "C:\Python372\mecheck\lib\site-packages\django\core\handlers\exception.py", line 34, in inner
    response = get_response(request)
  File "C:\Python372\mecheck\lib\site-packages\django\core\handlers\base.py", line 126, in _get_response
    response = self.process_exception_by_middleware(e, request)
  File "C:\Python372\mecheck\lib\site-packages\django\core\handlers\base.py", line 124, in _get_response
    response = wrapped_callback(request, *callback_args, **callback_kwargs)
  File "C:\Python372\mecheck\lib\site-packages\django\views\decorators\csrf.py", line 54, in wrapped_view
    return view_func(*args, **kwargs)
  File "C:\djangoproject\Reliability_Row_data\CQM\views.py", line 428, in CQM_edit
    update_dic={'Project':resdata['Project'], 'Category':resdata['Category'], 'Name':resdata['Name'], 'Vendor':resdata['Vendor'],'SourcePriority':resdata['SourcePriority'],
KeyError: 'Category'
[2020-04-24 12:09:34,726] [basehttp.py:154] [basehttp:log_message] [ERROR]- "POST /CQM/CQM_edit/ HTTP/1.1" 500 27
[2020-04-24 14:12:54,403] [log.py:228] [log:log_response] [ERROR]- Internal Server Error: /CQM/CQM_edit/
Traceback (most recent call last):
  File "C:\Python372\mecheck\lib\site-packages\django\core\handlers\exception.py", line 34, in inner
    response = get_response(request)
  File "C:\Python372\mecheck\lib\site-packages\django\core\handlers\base.py", line 126, in _get_response
    response = self.process_exception_by_middleware(e, request)
  File "C:\Python372\mecheck\lib\site-packages\django\core\handlers\base.py", line 124, in _get_response
    response = wrapped_callback(request, *callback_args, **callback_kwargs)
  File "C:\Python372\mecheck\lib\site-packages\django\views\decorators\csrf.py", line 54, in wrapped_view
    return view_func(*args, **kwargs)
  File "C:\djangoproject\Reliability_Row_data\CQM\views.py", line 428, in CQM_edit
    update_dic={'Project':resdata['Project'], 'Category':resdata['Category'], 'Name':resdata['Name'], 'Vendor':resdata['Vendor'],'SourcePriority':resdata['SourcePriority'],
KeyError: 'Category'
[2020-04-24 14:12:54,406] [basehttp.py:154] [basehttp:log_message] [ERROR]- "POST /CQM/CQM_edit/ HTTP/1.1" 500 27
[2020-04-24 14:19:21,997] [log.py:228] [log:log_response] [ERROR]- Internal Server Error: /CQM/CQM_edit/
Traceback (most recent call last):
  File "C:\Python372\mecheck\lib\site-packages\django\core\handlers\exception.py", line 34, in inner
    response = get_response(request)
  File "C:\Python372\mecheck\lib\site-packages\django\core\handlers\base.py", line 126, in _get_response
    response = self.process_exception_by_middleware(e, request)
  File "C:\Python372\mecheck\lib\site-packages\django\core\handlers\base.py", line 124, in _get_response
    response = wrapped_callback(request, *callback_args, **callback_kwargs)
  File "C:\Python372\mecheck\lib\site-packages\django\views\decorators\csrf.py", line 54, in wrapped_view
    return view_func(*args, **kwargs)
  File "C:\djangoproject\Reliability_Row_data\CQM\views.py", line 428, in CQM_edit
    update_dic={'Project':resdata['Project'], 'Category':resdata['Category'], 'Name':resdata['Name'], 'Vendor':resdata['Vendor'],'SourcePriority':resdata['SourcePriority'],
KeyError: 'Category'
[2020-04-24 14:19:21,999] [basehttp.py:154] [basehttp:log_message] [ERROR]- "POST /CQM/CQM_edit/ HTTP/1.1" 500 27
[2020-04-24 14:21:21,866] [log.py:228] [log:log_response] [ERROR]- Internal Server Error: /CQM/CQM_edit/
Traceback (most recent call last):
  File "C:\Python372\mecheck\lib\site-packages\django\core\handlers\exception.py", line 34, in inner
    response = get_response(request)
  File "C:\Python372\mecheck\lib\site-packages\django\core\handlers\base.py", line 126, in _get_response
    response = self.process_exception_by_middleware(e, request)
  File "C:\Python372\mecheck\lib\site-packages\django\core\handlers\base.py", line 124, in _get_response
    response = wrapped_callback(request, *callback_args, **callback_kwargs)
  File "C:\Python372\mecheck\lib\site-packages\django\views\decorators\csrf.py", line 54, in wrapped_view
    return view_func(*args, **kwargs)
  File "C:\djangoproject\Reliability_Row_data\CQM\views.py", line 428, in CQM_edit
    update_dic={'Project':resdata['Project'], 'Category':resdata['Category'], 'Name':resdata['Name'], 'Vendor':resdata['Vendor'],'SourcePriority':resdata['SourcePriority'],
KeyError: 'Category'
[2020-04-24 14:21:21,867] [basehttp.py:154] [basehttp:log_message] [ERROR]- "POST /CQM/CQM_edit/ HTTP/1.1" 500 27
[2020-04-24 14:23:17,869] [log.py:228] [log:log_response] [ERROR]- Internal Server Error: /CQM/CQM_edit/
Traceback (most recent call last):
  File "C:\Python372\mecheck\lib\site-packages\django\core\handlers\exception.py", line 34, in inner
    response = get_response(request)
  File "C:\Python372\mecheck\lib\site-packages\django\core\handlers\base.py", line 126, in _get_response
    response = self.process_exception_by_middleware(e, request)
  File "C:\Python372\mecheck\lib\site-packages\django\core\handlers\base.py", line 124, in _get_response
    response = wrapped_callback(request, *callback_args, **callback_kwargs)
  File "C:\Python372\mecheck\lib\site-packages\django\views\decorators\csrf.py", line 54, in wrapped_view
    return view_func(*args, **kwargs)
  File "C:\djangoproject\Reliability_Row_data\CQM\views.py", line 428, in CQM_edit
    update_dic={'Project':resdata['Project'], 'Category':resdata['Category'], 'Name':resdata['Name'], 'Vendor':resdata['Vendor'],'SourcePriority':resdata['SourcePriority'],
KeyError: 'Category'
[2020-04-24 14:23:17,871] [basehttp.py:154] [basehttp:log_message] [ERROR]- "POST /CQM/CQM_edit/ HTTP/1.1" 500 27
[2020-04-24 14:24:02,211] [log.py:228] [log:log_response] [ERROR]- Internal Server Error: /CQM/CQM_edit/
Traceback (most recent call last):
  File "C:\Python372\mecheck\lib\site-packages\django\core\handlers\exception.py", line 34, in inner
    response = get_response(request)
  File "C:\Python372\mecheck\lib\site-packages\django\core\handlers\base.py", line 126, in _get_response
    response = self.process_exception_by_middleware(e, request)
  File "C:\Python372\mecheck\lib\site-packages\django\core\handlers\base.py", line 124, in _get_response
    response = wrapped_callback(request, *callback_args, **callback_kwargs)
  File "C:\Python372\mecheck\lib\site-packages\django\views\decorators\csrf.py", line 54, in wrapped_view
    return view_func(*args, **kwargs)
  File "C:\djangoproject\Reliability_Row_data\CQM\views.py", line 429, in CQM_edit
    update_dic={'Project':resdata['Project'], 'Category':resdata['Category'], 'Name':resdata['Name'], 'Vendor':resdata['Vendor'],'SourcePriority':resdata['SourcePriority'],
KeyError: 'Category'
[2020-04-24 14:24:02,213] [basehttp.py:154] [basehttp:log_message] [ERROR]- "POST /CQM/CQM_edit/ HTTP/1.1" 500 27
[2020-04-24 14:35:47,717] [log.py:228] [log:log_response] [ERROR]- Internal Server Error: /CQM/CQM_edit/
Traceback (most recent call last):
  File "C:\Python372\mecheck\lib\site-packages\django\core\handlers\exception.py", line 34, in inner
    response = get_response(request)
  File "C:\Python372\mecheck\lib\site-packages\django\core\handlers\base.py", line 126, in _get_response
    response = self.process_exception_by_middleware(e, request)
  File "C:\Python372\mecheck\lib\site-packages\django\core\handlers\base.py", line 124, in _get_response
    response = wrapped_callback(request, *callback_args, **callback_kwargs)
  File "C:\Python372\mecheck\lib\site-packages\django\views\decorators\csrf.py", line 54, in wrapped_view
    return view_func(*args, **kwargs)
  File "C:\djangoproject\Reliability_Row_data\CQM\views.py", line 430, in CQM_edit
    update_dic={'Project':resdata['Project'], 'Category':resdata['Category'], 'Name':resdata['Name'], 'Vendor':resdata['Vendor'],'SourcePriority':resdata['SourcePriority'],
KeyError: 'Category'
[2020-04-24 14:35:47,720] [basehttp.py:154] [basehttp:log_message] [ERROR]- "POST /CQM/CQM_edit/ HTTP/1.1" 500 27
[2020-04-24 15:39:51,743] [log.py:228] [log:log_response] [ERROR]- Internal Server Error: /CQM/CQM_edit/
Traceback (most recent call last):
  File "C:\Python372\mecheck\lib\site-packages\django\core\handlers\exception.py", line 34, in inner
    response = get_response(request)
  File "C:\Python372\mecheck\lib\site-packages\django\core\handlers\base.py", line 126, in _get_response
    response = self.process_exception_by_middleware(e, request)
  File "C:\Python372\mecheck\lib\site-packages\django\core\handlers\base.py", line 124, in _get_response
    response = wrapped_callback(request, *callback_args, **callback_kwargs)
  File "C:\Python372\mecheck\lib\site-packages\django\views\decorators\csrf.py", line 54, in wrapped_view
    return view_func(*args, **kwargs)
  File "C:\djangoproject\Reliability_Row_data\CQM\views.py", line 429, in CQM_edit
    update_dic={'Project':resdata['Project'], 'Phase':resdata['Phase'], 'Material_Group':resdata['Material_Group'], 'Vendor':resdata['Vendor'],'Keyparts':resdata['Keyparts'],
KeyError: 'Vendor'
[2020-04-24 15:39:51,745] [basehttp.py:154] [basehttp:log_message] [ERROR]- "POST /CQM/CQM_edit/ HTTP/1.1" 500 27
[2020-04-24 15:45:06,208] [log.py:228] [log:log_response] [ERROR]- Internal Server Error: /CQM/CQM_edit/
Traceback (most recent call last):
  File "C:\Python372\mecheck\lib\site-packages\django\core\handlers\exception.py", line 34, in inner
    response = get_response(request)
  File "C:\Python372\mecheck\lib\site-packages\django\core\handlers\base.py", line 126, in _get_response
    response = self.process_exception_by_middleware(e, request)
  File "C:\Python372\mecheck\lib\site-packages\django\core\handlers\base.py", line 124, in _get_response
    response = wrapped_callback(request, *callback_args, **callback_kwargs)
  File "C:\Python372\mecheck\lib\site-packages\django\views\decorators\csrf.py", line 54, in wrapped_view
    return view_func(*args, **kwargs)
  File "C:\djangoproject\Reliability_Row_data\CQM\views.py", line 439, in CQM_edit
    for i in CQM.objects.filter(id=resdata['id']).first().keys():
AttributeError: 'CQM' object has no attribute 'keys'
[2020-04-24 15:45:06,210] [basehttp.py:154] [basehttp:log_message] [ERROR]- "POST /CQM/CQM_edit/ HTTP/1.1" 500 27
[2020-04-24 15:54:52,262] [log.py:228] [log:log_response] [ERROR]- Internal Server Error: /CQM/CQM_edit/
Traceback (most recent call last):
  File "C:\Python372\mecheck\lib\site-packages\django\core\handlers\exception.py", line 34, in inner
    response = get_response(request)
  File "C:\Python372\mecheck\lib\site-packages\django\core\handlers\base.py", line 126, in _get_response
    response = self.process_exception_by_middleware(e, request)
  File "C:\Python372\mecheck\lib\site-packages\django\core\handlers\base.py", line 124, in _get_response
    response = wrapped_callback(request, *callback_args, **callback_kwargs)
  File "C:\Python372\mecheck\lib\site-packages\django\views\decorators\csrf.py", line 54, in wrapped_view
    return view_func(*args, **kwargs)
  File "C:\djangoproject\Reliability_Row_data\CQM\views.py", line 440, in CQM_edit
    datadic = model_to_dict(updateCQM=CQM.objects.filter(id=resdata['id']).first())
TypeError: model_to_dict() got an unexpected keyword argument 'updateCQM'
[2020-04-24 15:54:52,268] [basehttp.py:154] [basehttp:log_message] [ERROR]- "POST /CQM/CQM_edit/ HTTP/1.1" 500 27
