[2022-03-21 10:38:52,435] [log.py:228] [log:log_response] [ERROR]- Internal Server Error: /Summary/
Traceback (most recent call last):
  File "C:\Python372\mecheck\lib\site-packages\django\core\handlers\exception.py", line 34, in inner
    response = get_response(request)
  File "C:\Python372\mecheck\lib\site-packages\django\core\handlers\base.py", line 126, in _get_response
    response = self.process_exception_by_middleware(e, request)
  File "C:\Python372\mecheck\lib\site-packages\django\core\handlers\base.py", line 124, in _get_response
    response = wrapped_callback(request, *callback_args, **callback_kwargs)
  File "C:\Python372\mecheck\lib\site-packages\django\views\decorators\csrf.py", line 54, in wrapped_view
    return view_func(*args, **kwargs)
  File "C:\djangoproject\DMS\app01\views.py", line 591, in Summary
    mock_datalist3_1 = DeviceLNV.objects.filter(**check_dic3_1)
  File "C:\Python372\mecheck\lib\site-packages\django\db\models\manager.py", line 82, in manager_method
    return getattr(self.get_queryset(), name)(*args, **kwargs)
  File "C:\Python372\mecheck\lib\site-packages\django\db\models\query.py", line 844, in filter
    return self._filter_or_exclude(False, *args, **kwargs)
  File "C:\Python372\mecheck\lib\site-packages\django\db\models\query.py", line 862, in _filter_or_exclude
    clone.query.add_q(Q(*args, **kwargs))
  File "C:\Python372\mecheck\lib\site-packages\django\db\models\sql\query.py", line 1263, in add_q
    clause, _ = self._add_q(q_object, self.used_aliases)
  File "C:\Python372\mecheck\lib\site-packages\django\db\models\sql\query.py", line 1287, in _add_q
    split_subq=split_subq,
  File "C:\Python372\mecheck\lib\site-packages\django\db\models\sql\query.py", line 1164, in build_filter
    lookups, parts, reffed_expression = self.solve_lookup_type(arg)
  File "C:\Python372\mecheck\lib\site-packages\django\db\models\sql\query.py", line 1028, in solve_lookup_type
    _, field, _, lookup_parts = self.names_to_path(lookup_splitted, self.get_meta())
  File "C:\Python372\mecheck\lib\site-packages\django\db\models\sql\query.py", line 1389, in names_to_path
    "Choices are: %s" % (name, ", ".join(available)))
django.core.exceptions.FieldError: Cannot resolve keyword 'Category' into field. Choices are: ApplicationNo, AssetNum, BR_per_code, BrwStatus, Btime, Comment, Customer, Declaration, DeclarationNo, DevCtgry, DevDescription, DevID, DevModel, DevName, DevPrice, DevStatus, DevVendor, Devproperties, Devsize, FWVer, HWVer, IntfCtgry, LSTA, Last_BR_per, Last_BR_per_code, Last_Borrow_date, Last_Phase, Last_Predict_return, Last_ProjectCode, Last_Return_date, Last_uscyc, NID, PN, Pchsdate, PckgIncludes, Phase, Photo, Plandate, Plant, ProjectCode, Rtime, Source, UsrTimes, Usrname, addnewdate, addnewname, expirdate, id, uscyc, useday
[2022-03-21 10:38:52,439] [UserIP.py:89] [UserIP:process_response] [CRITICAL]- 系统错误
[2022-03-21 10:38:52,440] [basehttp.py:154] [basehttp:log_message] [ERROR]- "POST /Summary/ HTTP/1.1" 500 134669
[2022-03-21 10:39:02,957] [log.py:228] [log:log_response] [ERROR]- Internal Server Error: /Summary/
Traceback (most recent call last):
  File "C:\Python372\mecheck\lib\site-packages\django\core\handlers\exception.py", line 34, in inner
    response = get_response(request)
  File "C:\Python372\mecheck\lib\site-packages\django\core\handlers\base.py", line 126, in _get_response
    response = self.process_exception_by_middleware(e, request)
  File "C:\Python372\mecheck\lib\site-packages\django\core\handlers\base.py", line 124, in _get_response
    response = wrapped_callback(request, *callback_args, **callback_kwargs)
  File "C:\Python372\mecheck\lib\site-packages\django\views\decorators\csrf.py", line 54, in wrapped_view
    return view_func(*args, **kwargs)
  File "C:\djangoproject\DMS\app01\views.py", line 591, in Summary
    mock_datalist3_1 = DeviceLNV.objects.filter(**check_dic3_1)
  File "C:\Python372\mecheck\lib\site-packages\django\db\models\manager.py", line 82, in manager_method
    return getattr(self.get_queryset(), name)(*args, **kwargs)
  File "C:\Python372\mecheck\lib\site-packages\django\db\models\query.py", line 844, in filter
    return self._filter_or_exclude(False, *args, **kwargs)
  File "C:\Python372\mecheck\lib\site-packages\django\db\models\query.py", line 862, in _filter_or_exclude
    clone.query.add_q(Q(*args, **kwargs))
  File "C:\Python372\mecheck\lib\site-packages\django\db\models\sql\query.py", line 1263, in add_q
    clause, _ = self._add_q(q_object, self.used_aliases)
  File "C:\Python372\mecheck\lib\site-packages\django\db\models\sql\query.py", line 1287, in _add_q
    split_subq=split_subq,
  File "C:\Python372\mecheck\lib\site-packages\django\db\models\sql\query.py", line 1164, in build_filter
    lookups, parts, reffed_expression = self.solve_lookup_type(arg)
  File "C:\Python372\mecheck\lib\site-packages\django\db\models\sql\query.py", line 1028, in solve_lookup_type
    _, field, _, lookup_parts = self.names_to_path(lookup_splitted, self.get_meta())
  File "C:\Python372\mecheck\lib\site-packages\django\db\models\sql\query.py", line 1389, in names_to_path
    "Choices are: %s" % (name, ", ".join(available)))
django.core.exceptions.FieldError: Cannot resolve keyword 'Category' into field. Choices are: ApplicationNo, AssetNum, BR_per_code, BrwStatus, Btime, Comment, Customer, Declaration, DeclarationNo, DevCtgry, DevDescription, DevID, DevModel, DevName, DevPrice, DevStatus, DevVendor, Devproperties, Devsize, FWVer, HWVer, IntfCtgry, LSTA, Last_BR_per, Last_BR_per_code, Last_Borrow_date, Last_Phase, Last_Predict_return, Last_ProjectCode, Last_Return_date, Last_uscyc, NID, PN, Pchsdate, PckgIncludes, Phase, Photo, Plandate, Plant, ProjectCode, Rtime, Source, UsrTimes, Usrname, addnewdate, addnewname, expirdate, id, uscyc, useday
[2022-03-21 10:39:02,958] [UserIP.py:89] [UserIP:process_response] [CRITICAL]- 系统错误
[2022-03-21 10:39:02,959] [basehttp.py:154] [basehttp:log_message] [ERROR]- "POST /Summary/ HTTP/1.1" 500 130530
[2022-03-21 10:40:04,926] [log.py:228] [log:log_response] [ERROR]- Internal Server Error: /Summary/
Traceback (most recent call last):
  File "C:\Python372\mecheck\lib\site-packages\django\core\handlers\exception.py", line 34, in inner
    response = get_response(request)
  File "C:\Python372\mecheck\lib\site-packages\django\core\handlers\base.py", line 126, in _get_response
    response = self.process_exception_by_middleware(e, request)
  File "C:\Python372\mecheck\lib\site-packages\django\core\handlers\base.py", line 124, in _get_response
    response = wrapped_callback(request, *callback_args, **callback_kwargs)
  File "C:\Python372\mecheck\lib\site-packages\django\views\decorators\csrf.py", line 54, in wrapped_view
    return view_func(*args, **kwargs)
  File "C:\djangoproject\DMS\app01\views.py", line 593, in Summary
    if i.Plandate and i.Btime and not i.Rtime:
AttributeError: 'ChairCabinetLNV' object has no attribute 'Plandate'
[2022-03-21 10:40:04,929] [UserIP.py:89] [UserIP:process_response] [CRITICAL]- 系统错误
[2022-03-21 10:40:04,932] [basehttp.py:154] [basehttp:log_message] [ERROR]- "POST /Summary/ HTTP/1.1" 500 87803
[2022-03-21 10:43:46,334] [UserIP.py:89] [UserIP:process_response] [CRITICAL]- 系统错误
[2022-03-21 10:45:44,967] [UserIP.py:89] [UserIP:process_response] [CRITICAL]- 系统错误
[2022-03-22 08:32:09,036] [UserIP.py:89] [UserIP:process_response] [CRITICAL]- 系统错误
