[2021-10-14 09:15:51,743] [log.py:228] [log:log_response] [ERROR]- Internal Server Error: /AdapterPowerCode/BorrowedAdapter/
Traceback (most recent call last):
  File "C:\Python372\mecheck\lib\site-packages\django\core\handlers\exception.py", line 34, in inner
    response = get_response(request)
  File "C:\Python372\mecheck\lib\site-packages\django\core\handlers\base.py", line 126, in _get_response
    response = self.process_exception_by_middleware(e, request)
  File "C:\Python372\mecheck\lib\site-packages\django\core\handlers\base.py", line 124, in _get_response
    response = wrapped_callback(request, *callback_args, **callback_kwargs)
  File "C:\Python372\mecheck\lib\site-packages\django\views\decorators\csrf.py", line 54, in wrapped_view
    return view_func(*args, **kwargs)
  File "C:\djangoproject\DMS\AdapterPowerCode\views.py", line 402, in BorrowedAdapter
    mock_datalist = AdapterPowerCodeBR.objects.filter(**checkAdaPow)
  File "C:\Python372\mecheck\lib\site-packages\django\db\models\manager.py", line 82, in manager_method
    return getattr(self.get_queryset(), name)(*args, **kwargs)
  File "C:\Python372\mecheck\lib\site-packages\django\db\models\query.py", line 844, in filter
    return self._filter_or_exclude(False, *args, **kwargs)
  File "C:\Python372\mecheck\lib\site-packages\django\db\models\query.py", line 862, in _filter_or_exclude
    clone.query.add_q(Q(*args, **kwargs))
  File "C:\Python372\mecheck\lib\site-packages\django\db\models\sql\query.py", line 1263, in add_q
    clause, _ = self._add_q(q_object, self.used_aliases)
  File "C:\Python372\mecheck\lib\site-packages\django\db\models\sql\query.py", line 1287, in _add_q
    split_subq=split_subq,
  File "C:\Python372\mecheck\lib\site-packages\django\db\models\sql\query.py", line 1164, in build_filter
    lookups, parts, reffed_expression = self.solve_lookup_type(arg)
  File "C:\Python372\mecheck\lib\site-packages\django\db\models\sql\query.py", line 1028, in solve_lookup_type
    _, field, _, lookup_parts = self.names_to_path(lookup_splitted, self.get_meta())
  File "C:\Python372\mecheck\lib\site-packages\django\db\models\sql\query.py", line 1389, in names_to_path
    "Choices are: %s" % (name, ", ".join(available)))
django.core.exceptions.FieldError: Cannot resolve keyword 'OAPNum' into field. Choices are: BR_Status, BR_per, BR_per_code, Borrow_date, Changjia, Customer, Description, Device_Status, Last_BR_per, Last_BR_per_code, Last_Borrow_date, Last_Predict_return, Last_Return_date, Leibie, Location, MaterialPN, Model, Number, OAP, OAPcode, Phase, Photo, Pinming, Power, Predict_return, Project_Code, Return_date, id
[2021-10-14 09:15:51,746] [UserIP.py:89] [UserIP:process_response] [CRITICAL]- 系统错误
[2021-10-14 09:15:51,747] [basehttp.py:154] [basehttp:log_message] [ERROR]- "POST /AdapterPowerCode/BorrowedAdapter/ HTTP/1.1" 500 127907
[2021-10-14 11:27:58,269] [log.py:228] [log:log_response] [ERROR]- Internal Server Error: /AdapterPowerCode/M_edit/
Traceback (most recent call last):
  File "C:\Python372\mecheck\lib\site-packages\django\core\handlers\exception.py", line 34, in inner
    response = get_response(request)
  File "C:\Python372\mecheck\lib\site-packages\django\core\handlers\base.py", line 126, in _get_response
    response = self.process_exception_by_middleware(e, request)
  File "C:\Python372\mecheck\lib\site-packages\django\core\handlers\base.py", line 124, in _get_response
    response = wrapped_callback(request, *callback_args, **callback_kwargs)
  File "C:\Python372\mecheck\lib\site-packages\django\views\decorators\csrf.py", line 54, in wrapped_view
    return view_func(*args, **kwargs)
  File "C:\djangoproject\DMS\AdapterPowerCode\views.py", line 3411, in M_edit
    for key, value in i.items():
AttributeError: 'list' object has no attribute 'items'
[2021-10-14 11:27:58,272] [UserIP.py:89] [UserIP:process_response] [CRITICAL]- 系统错误
[2021-10-14 11:27:58,273] [basehttp.py:154] [basehttp:log_message] [ERROR]- "POST /AdapterPowerCode/M_edit/ HTTP/1.1" 500 104887
[2021-10-14 11:29:22,371] [log.py:228] [log:log_response] [ERROR]- Internal Server Error: /AdapterPowerCode/M_edit/
Traceback (most recent call last):
  File "C:\Python372\mecheck\lib\site-packages\django\core\handlers\exception.py", line 34, in inner
    response = get_response(request)
  File "C:\Python372\mecheck\lib\site-packages\django\core\handlers\base.py", line 126, in _get_response
    response = self.process_exception_by_middleware(e, request)
  File "C:\Python372\mecheck\lib\site-packages\django\core\handlers\base.py", line 124, in _get_response
    response = wrapped_callback(request, *callback_args, **callback_kwargs)
  File "C:\Python372\mecheck\lib\site-packages\django\views\decorators\csrf.py", line 54, in wrapped_view
    return view_func(*args, **kwargs)
  File "C:\djangoproject\DMS\AdapterPowerCode\views.py", line 3412, in M_edit
    for key, value in i.items():
AttributeError: 'list' object has no attribute 'items'
[2021-10-14 11:29:22,374] [UserIP.py:89] [UserIP:process_response] [CRITICAL]- 系统错误
[2021-10-14 11:29:22,375] [basehttp.py:154] [basehttp:log_message] [ERROR]- "POST /AdapterPowerCode/M_edit/ HTTP/1.1" 500 104873
[2021-10-14 11:49:11,457] [log.py:228] [log:log_response] [ERROR]- Internal Server Error: /AdapterPowerCode/M_edit/
Traceback (most recent call last):
  File "C:\Python372\mecheck\lib\site-packages\django\core\handlers\exception.py", line 34, in inner
    response = get_response(request)
  File "C:\Python372\mecheck\lib\site-packages\django\core\handlers\base.py", line 126, in _get_response
    response = self.process_exception_by_middleware(e, request)
  File "C:\Python372\mecheck\lib\site-packages\django\core\handlers\base.py", line 124, in _get_response
    response = wrapped_callback(request, *callback_args, **callback_kwargs)
  File "C:\Python372\mecheck\lib\site-packages\django\views\decorators\csrf.py", line 54, in wrapped_view
    return view_func(*args, **kwargs)
  File "C:\djangoproject\DMS\AdapterPowerCode\views.py", line 3426, in M_edit
    'Number': modeldata['Number'],
KeyError: 'Number'
[2021-10-14 11:49:11,460] [UserIP.py:89] [UserIP:process_response] [CRITICAL]- 系统错误
[2021-10-14 11:49:11,460] [basehttp.py:154] [basehttp:log_message] [ERROR]- "POST /AdapterPowerCode/M_edit/ HTTP/1.1" 500 113452
[2021-10-14 11:52:43,337] [log.py:228] [log:log_response] [ERROR]- Internal Server Error: /AdapterPowerCode/M_edit/
Traceback (most recent call last):
  File "C:\Python372\mecheck\lib\site-packages\django\core\handlers\exception.py", line 34, in inner
    response = get_response(request)
  File "C:\Python372\mecheck\lib\site-packages\django\core\handlers\base.py", line 126, in _get_response
    response = self.process_exception_by_middleware(e, request)
  File "C:\Python372\mecheck\lib\site-packages\django\core\handlers\base.py", line 124, in _get_response
    response = wrapped_callback(request, *callback_args, **callback_kwargs)
  File "C:\Python372\mecheck\lib\site-packages\django\views\decorators\csrf.py", line 54, in wrapped_view
    return view_func(*args, **kwargs)
  File "C:\djangoproject\DMS\AdapterPowerCode\views.py", line 3426, in M_edit
    'Number': modeldata['Number'],
KeyError: 'Number'
[2021-10-14 11:52:43,340] [UserIP.py:89] [UserIP:process_response] [CRITICAL]- 系统错误
[2021-10-14 11:52:43,341] [basehttp.py:154] [basehttp:log_message] [ERROR]- "POST /AdapterPowerCode/M_edit/ HTTP/1.1" 500 113452
[2021-10-14 11:56:51,142] [log.py:228] [log:log_response] [ERROR]- Internal Server Error: /AdapterPowerCode/M_edit/
Traceback (most recent call last):
  File "C:\Python372\mecheck\lib\site-packages\django\core\handlers\exception.py", line 34, in inner
    response = get_response(request)
  File "C:\Python372\mecheck\lib\site-packages\django\core\handlers\base.py", line 126, in _get_response
    response = self.process_exception_by_middleware(e, request)
  File "C:\Python372\mecheck\lib\site-packages\django\core\handlers\base.py", line 124, in _get_response
    response = wrapped_callback(request, *callback_args, **callback_kwargs)
  File "C:\Python372\mecheck\lib\site-packages\django\views\decorators\csrf.py", line 54, in wrapped_view
    return view_func(*args, **kwargs)
  File "C:\djangoproject\DMS\AdapterPowerCode\views.py", line 3428, in M_edit
    'Number': modeldata['Number'],
KeyError: 'Number'
[2021-10-14 11:56:51,146] [UserIP.py:89] [UserIP:process_response] [CRITICAL]- 系统错误
[2021-10-14 11:56:51,146] [basehttp.py:154] [basehttp:log_message] [ERROR]- "POST /AdapterPowerCode/M_edit/ HTTP/1.1" 500 113456
[2021-10-14 12:01:29,096] [log.py:228] [log:log_response] [ERROR]- Internal Server Error: /AdapterPowerCode/M_edit/
Traceback (most recent call last):
  File "C:\Python372\mecheck\lib\site-packages\django\core\handlers\exception.py", line 34, in inner
    response = get_response(request)
  File "C:\Python372\mecheck\lib\site-packages\django\core\handlers\base.py", line 126, in _get_response
    response = self.process_exception_by_middleware(e, request)
  File "C:\Python372\mecheck\lib\site-packages\django\core\handlers\base.py", line 124, in _get_response
    response = wrapped_callback(request, *callback_args, **callback_kwargs)
  File "C:\Python372\mecheck\lib\site-packages\django\views\decorators\csrf.py", line 54, in wrapped_view
    return view_func(*args, **kwargs)
  File "C:\djangoproject\DMS\AdapterPowerCode\views.py", line 3428, in M_edit
    'Number': modeldata['Number'],
KeyError: 'Number'
[2021-10-14 12:01:29,100] [UserIP.py:89] [UserIP:process_response] [CRITICAL]- 系统错误
[2021-10-14 12:01:29,100] [basehttp.py:154] [basehttp:log_message] [ERROR]- "POST /AdapterPowerCode/M_edit/ HTTP/1.1" 500 113458
[2021-10-14 12:04:06,282] [log.py:228] [log:log_response] [ERROR]- Internal Server Error: /AdapterPowerCode/M_edit/
Traceback (most recent call last):
  File "C:\Python372\mecheck\lib\site-packages\django\core\handlers\exception.py", line 34, in inner
    response = get_response(request)
  File "C:\Python372\mecheck\lib\site-packages\django\core\handlers\base.py", line 126, in _get_response
    response = self.process_exception_by_middleware(e, request)
  File "C:\Python372\mecheck\lib\site-packages\django\core\handlers\base.py", line 124, in _get_response
    response = wrapped_callback(request, *callback_args, **callback_kwargs)
  File "C:\Python372\mecheck\lib\site-packages\django\views\decorators\csrf.py", line 54, in wrapped_view
    return view_func(*args, **kwargs)
  File "C:\djangoproject\DMS\AdapterPowerCode\views.py", line 3420, in M_edit
    value.split("/")[0] + "-" + \
AttributeError: 'NoneType' object has no attribute 'split'
[2021-10-14 12:04:06,286] [UserIP.py:89] [UserIP:process_response] [CRITICAL]- 系统错误
[2021-10-14 12:04:06,287] [basehttp.py:154] [basehttp:log_message] [ERROR]- "POST /AdapterPowerCode/M_edit/ HTTP/1.1" 500 114206
[2021-10-14 12:04:56,986] [log.py:228] [log:log_response] [ERROR]- Internal Server Error: /AdapterPowerCode/M_edit/
Traceback (most recent call last):
  File "C:\Python372\mecheck\lib\site-packages\django\core\handlers\exception.py", line 34, in inner
    response = get_response(request)
  File "C:\Python372\mecheck\lib\site-packages\django\core\handlers\base.py", line 126, in _get_response
    response = self.process_exception_by_middleware(e, request)
  File "C:\Python372\mecheck\lib\site-packages\django\core\handlers\base.py", line 124, in _get_response
    response = wrapped_callback(request, *callback_args, **callback_kwargs)
  File "C:\Python372\mecheck\lib\site-packages\django\views\decorators\csrf.py", line 54, in wrapped_view
    return view_func(*args, **kwargs)
  File "C:\djangoproject\DMS\AdapterPowerCode\views.py", line 3421, in M_edit
    value.split("/")[0] + "-" + \
AttributeError: 'NoneType' object has no attribute 'split'
[2021-10-14 12:04:56,989] [UserIP.py:89] [UserIP:process_response] [CRITICAL]- 系统错误
[2021-10-14 12:04:56,989] [basehttp.py:154] [basehttp:log_message] [ERROR]- "POST /AdapterPowerCode/M_edit/ HTTP/1.1" 500 114220
