[2023-10-17 08:42:40,765] [UserIP.py:89] [UserIP:process_response] [CRITICAL]- 系统错误Expecting value: line 1 column 1 (char 0)
[2023-10-17 09:43:25,407] [UserIP.py:89] [UserIP:process_response] [CRITICAL]- 系统错误Expecting value: line 1 column 1 (char 0)
[2023-10-17 10:02:11,530] [UserIP.py:89] [UserIP:process_response] [CRITICAL]- 系统错误Expecting value: line 1 column 1 (char 0)
[2023-10-17 10:02:54,096] [UserIP.py:89] [UserIP:process_response] [CRITICAL]- 系统错误Expecting value: line 1 column 1 (char 0)
[2023-10-17 10:03:12,169] [UserIP.py:89] [UserIP:process_response] [CRITICAL]- 系统错误Expecting value: line 1 column 1 (char 0)
[2023-10-17 10:03:29,330] [UserIP.py:89] [UserIP:process_response] [CRITICAL]- 系统错误Unexpected UTF-8 BOM (decode using utf-8-sig): line 1 column 1 (char 0)
[2023-10-17 10:03:36,937] [UserIP.py:89] [UserIP:process_response] [CRITICAL]- 系统错误Expecting value: line 1 column 1 (char 0)
[2023-10-17 10:49:46,754] [log.py:228] [log:log_response] [ERROR]- Internal Server Error: /TUMHistory/SummaryTUM/
Traceback (most recent call last):
  File "C:\Python372\mecheck\lib\site-packages\django\core\handlers\exception.py", line 34, in inner
    response = get_response(request)
  File "C:\Python372\mecheck\lib\site-packages\django\core\handlers\base.py", line 126, in _get_response
    response = self.process_exception_by_middleware(e, request)
  File "C:\Python372\mecheck\lib\site-packages\django\core\handlers\base.py", line 124, in _get_response
    response = wrapped_callback(request, *callback_args, **callback_kwargs)
  File "C:\Python372\mecheck\lib\site-packages\django\views\decorators\csrf.py", line 54, in wrapped_view
    return view_func(*args, **kwargs)
  File "C:\djangoproject\DMS\TUMHistory\views.py", line 326, in SummaryTUM
    T88_yusuan_dic_summary += T88_yusuan_dic[i[0]]
TypeError: unsupported operand type(s) for +=: 'int' and 'NoneType'
[2023-10-17 10:49:46,766] [UserIP.py:89] [UserIP:process_response] [CRITICAL]- 系统错误Expecting value: line 1 column 1 (char 0)
[2023-10-17 10:49:46,776] [basehttp.py:154] [basehttp:log_message] [ERROR]- "POST /TUMHistory/SummaryTUM/ HTTP/1.1" 500 99067
[2023-10-17 10:50:08,127] [log.py:228] [log:log_response] [ERROR]- Internal Server Error: /TUMHistory/SummaryTUM/
Traceback (most recent call last):
  File "C:\Python372\mecheck\lib\site-packages\django\core\handlers\exception.py", line 34, in inner
    response = get_response(request)
  File "C:\Python372\mecheck\lib\site-packages\django\core\handlers\base.py", line 126, in _get_response
    response = self.process_exception_by_middleware(e, request)
  File "C:\Python372\mecheck\lib\site-packages\django\core\handlers\base.py", line 124, in _get_response
    response = wrapped_callback(request, *callback_args, **callback_kwargs)
  File "C:\Python372\mecheck\lib\site-packages\django\views\decorators\csrf.py", line 54, in wrapped_view
    return view_func(*args, **kwargs)
  File "C:\djangoproject\DMS\TUMHistory\views.py", line 326, in SummaryTUM
    T88_yusuan_dic_summary += T88_yusuan_dic[i[0]]
TypeError: unsupported operand type(s) for +=: 'int' and 'NoneType'
[2023-10-17 10:50:08,134] [UserIP.py:89] [UserIP:process_response] [CRITICAL]- 系统错误Expecting value: line 1 column 1 (char 0)
[2023-10-17 10:50:08,137] [basehttp.py:154] [basehttp:log_message] [ERROR]- "POST /TUMHistory/SummaryTUM/ HTTP/1.1" 500 99067
[2023-10-17 10:50:56,442] [log.py:228] [log:log_response] [ERROR]- Internal Server Error: /TUMHistory/SummaryTUM/
Traceback (most recent call last):
  File "C:\Python372\mecheck\lib\site-packages\django\core\handlers\exception.py", line 34, in inner
    response = get_response(request)
  File "C:\Python372\mecheck\lib\site-packages\django\core\handlers\base.py", line 126, in _get_response
    response = self.process_exception_by_middleware(e, request)
  File "C:\Python372\mecheck\lib\site-packages\django\core\handlers\base.py", line 124, in _get_response
    response = wrapped_callback(request, *callback_args, **callback_kwargs)
  File "C:\Python372\mecheck\lib\site-packages\django\views\decorators\csrf.py", line 54, in wrapped_view
    return view_func(*args, **kwargs)
  File "C:\djangoproject\DMS\TUMHistory\views.py", line 327, in SummaryTUM
    T88_yusuan_dic_summary += T88_yusuan_dic[i[0]]
TypeError: unsupported operand type(s) for +=: 'int' and 'NoneType'
[2023-10-17 10:50:56,443] [UserIP.py:89] [UserIP:process_response] [CRITICAL]- 系统错误Expecting value: line 1 column 1 (char 0)
[2023-10-17 10:50:56,444] [basehttp.py:154] [basehttp:log_message] [ERROR]- "POST /TUMHistory/SummaryTUM/ HTTP/1.1" 500 99118
[2023-10-17 10:51:20,685] [log.py:228] [log:log_response] [ERROR]- Internal Server Error: /TUMHistory/SummaryTUM/
Traceback (most recent call last):
  File "C:\Python372\mecheck\lib\site-packages\django\core\handlers\exception.py", line 34, in inner
    response = get_response(request)
  File "C:\Python372\mecheck\lib\site-packages\django\core\handlers\base.py", line 126, in _get_response
    response = self.process_exception_by_middleware(e, request)
  File "C:\Python372\mecheck\lib\site-packages\django\core\handlers\base.py", line 124, in _get_response
    response = wrapped_callback(request, *callback_args, **callback_kwargs)
  File "C:\Python372\mecheck\lib\site-packages\django\views\decorators\csrf.py", line 54, in wrapped_view
    return view_func(*args, **kwargs)
  File "C:\djangoproject\DMS\TUMHistory\views.py", line 410, in SummaryTUM
    tuihuan_T88_yusuan_dic_summary += tuihuan_T88_yusuan_dic[i[0]]
TypeError: unsupported operand type(s) for +=: 'int' and 'NoneType'
[2023-10-17 10:51:20,687] [UserIP.py:89] [UserIP:process_response] [CRITICAL]- 系统错误Expecting value: line 1 column 1 (char 0)
[2023-10-17 10:51:20,687] [basehttp.py:154] [basehttp:log_message] [ERROR]- "POST /TUMHistory/SummaryTUM/ HTTP/1.1" 500 101962
