[2020-12-08 14:11:56,692] [log.py:228] [log:log_response] [ERROR]- Internal Server Error: /DriverTool/DriverList_upload/
Traceback (most recent call last):
  File "C:\Python372\mecheck\lib\site-packages\django\core\handlers\exception.py", line 34, in inner
    response = get_response(request)
  File "C:\Python372\mecheck\lib\site-packages\django\core\handlers\base.py", line 126, in _get_response
    response = self.process_exception_by_middleware(e, request)
  File "C:\Python372\mecheck\lib\site-packages\django\core\handlers\base.py", line 124, in _get_response
    response = wrapped_callback(request, *callback_args, **callback_kwargs)
  File "C:\Python372\mecheck\lib\site-packages\django\views\decorators\csrf.py", line 54, in wrapped_view
    return view_func(*args, **kwargs)
  File "C:\djangoproject\Reliability_Row_data\DriverTool\views.py", line 130, in DriverList_upload
    BIOS = DriverList_M_lists.cleaned_data['BIOS']
KeyError: 'BIOS'
[2020-12-08 14:11:56,694] [basehttp.py:154] [basehttp:log_message] [ERROR]- "POST /DriverTool/DriverList_upload/ HTTP/1.1" 500 82542
[2020-12-08 14:14:42,447] [log.py:228] [log:log_response] [ERROR]- Internal Server Error: /DriverTool/DriverList_search/
Traceback (most recent call last):
  File "C:\Python372\mecheck\lib\site-packages\django\core\handlers\exception.py", line 34, in inner
    response = get_response(request)
  File "C:\Python372\mecheck\lib\site-packages\django\core\handlers\base.py", line 126, in _get_response
    response = self.process_exception_by_middleware(e, request)
  File "C:\Python372\mecheck\lib\site-packages\django\core\handlers\base.py", line 124, in _get_response
    response = wrapped_callback(request, *callback_args, **callback_kwargs)
  File "C:\Python372\mecheck\lib\site-packages\django\views\decorators\csrf.py", line 54, in wrapped_view
    return view_func(*args, **kwargs)
  File "C:\djangoproject\Reliability_Row_data\DriverTool\views.py", line 483, in DriverList_search
    "Version": i.Version, "Project": i.Project, "Bios": i.Bios, "Driver": i.Driver, "Image": i.Image,
AttributeError: 'DriverList_M' object has no attribute 'Bios'
[2020-12-08 14:14:42,455] [basehttp.py:154] [basehttp:log_message] [ERROR]- "POST /DriverTool/DriverList_search/ HTTP/1.1" 500 84691
[2020-12-08 14:23:37,752] [log.py:228] [log:log_response] [ERROR]- Internal Server Error: /DriverTool/DriverList_upload/
Traceback (most recent call last):
  File "C:\Python372\mecheck\lib\site-packages\django\core\handlers\exception.py", line 34, in inner
    response = get_response(request)
  File "C:\Python372\mecheck\lib\site-packages\django\core\handlers\base.py", line 126, in _get_response
    response = self.process_exception_by_middleware(e, request)
  File "C:\Python372\mecheck\lib\site-packages\django\core\handlers\base.py", line 124, in _get_response
    response = wrapped_callback(request, *callback_args, **callback_kwargs)
  File "C:\Python372\mecheck\lib\site-packages\django\views\decorators\csrf.py", line 54, in wrapped_view
    return view_func(*args, **kwargs)
  File "C:\djangoproject\Reliability_Row_data\DriverTool\views.py", line 136, in DriverList_upload
    if DriverList_M.objects.filter(**check_dic):
  File "C:\Python372\mecheck\lib\site-packages\django\db\models\manager.py", line 82, in manager_method
    return getattr(self.get_queryset(), name)(*args, **kwargs)
  File "C:\Python372\mecheck\lib\site-packages\django\db\models\query.py", line 844, in filter
    return self._filter_or_exclude(False, *args, **kwargs)
  File "C:\Python372\mecheck\lib\site-packages\django\db\models\query.py", line 862, in _filter_or_exclude
    clone.query.add_q(Q(*args, **kwargs))
  File "C:\Python372\mecheck\lib\site-packages\django\db\models\sql\query.py", line 1263, in add_q
    clause, _ = self._add_q(q_object, self.used_aliases)
  File "C:\Python372\mecheck\lib\site-packages\django\db\models\sql\query.py", line 1287, in _add_q
    split_subq=split_subq,
  File "C:\Python372\mecheck\lib\site-packages\django\db\models\sql\query.py", line 1164, in build_filter
    lookups, parts, reffed_expression = self.solve_lookup_type(arg)
  File "C:\Python372\mecheck\lib\site-packages\django\db\models\sql\query.py", line 1028, in solve_lookup_type
    _, field, _, lookup_parts = self.names_to_path(lookup_splitted, self.get_meta())
  File "C:\Python372\mecheck\lib\site-packages\django\db\models\sql\query.py", line 1389, in names_to_path
    "Choices are: %s" % (name, ", ".join(available)))
django.core.exceptions.FieldError: Cannot resolve keyword 'Bios' into field. Choices are: BIOS, Customer, Driver, Function, Image, Name, Phase0, Project, Vendor, Version, edit_time, editor, id
[2020-12-08 14:23:37,757] [basehttp.py:154] [basehttp:log_message] [ERROR]- "POST /DriverTool/DriverList_upload/ HTTP/1.1" 500 127216
