[2020-12-17 12:30:06,233] [log.py:228] [log:log_response] [ERROR]- Internal Server Error: /PersonalInfo/Summary3/
Traceback (most recent call last):
  File "C:\Python372\mecheck\lib\site-packages\django\core\handlers\exception.py", line 34, in inner
    response = get_response(request)
  File "C:\Python372\mecheck\lib\site-packages\django\core\handlers\base.py", line 126, in _get_response
    response = self.process_exception_by_middleware(e, request)
  File "C:\Python372\mecheck\lib\site-packages\django\core\handlers\base.py", line 124, in _get_response
    response = wrapped_callback(request, *callback_args, **callback_kwargs)
  File "C:\djangoproject\Reliability_Row_data\PersonalInfo\views.py", line 637, in Summary3
    codetoarea("321201198707171014")
  File "C:\djangoproject\Reliability_Row_data\PersonalInfo\views.py", line 1572, in codetoarea
    if (code[10, 12] < month or (code[10, 12] == month and code[12, 14] <= day)):
TypeError: string indices must be integers
[2020-12-17 12:30:06,236] [basehttp.py:154] [basehttp:log_message] [ERROR]- "GET /PersonalInfo/Summary3/ HTTP/1.1" 500 90617
[2020-12-17 12:30:59,034] [log.py:228] [log:log_response] [ERROR]- Internal Server Error: /PersonalInfo/Summary3/
Traceback (most recent call last):
  File "C:\Python372\mecheck\lib\site-packages\django\core\handlers\exception.py", line 34, in inner
    response = get_response(request)
  File "C:\Python372\mecheck\lib\site-packages\django\core\handlers\base.py", line 126, in _get_response
    response = self.process_exception_by_middleware(e, request)
  File "C:\Python372\mecheck\lib\site-packages\django\core\handlers\base.py", line 124, in _get_response
    response = wrapped_callback(request, *callback_args, **callback_kwargs)
  File "C:\djangoproject\Reliability_Row_data\PersonalInfo\views.py", line 637, in Summary3
    codetoarea("321201198707171014")
  File "C:\djangoproject\Reliability_Row_data\PersonalInfo\views.py", line 1572, in codetoarea
    if (int(code[10, 12]) < month or (int(code[10, 12]) == month and int(code[12, 14]) <= day)):
TypeError: string indices must be integers
[2020-12-17 12:30:59,036] [basehttp.py:154] [basehttp:log_message] [ERROR]- "GET /PersonalInfo/Summary3/ HTTP/1.1" 500 90647
[2020-12-17 12:33:45,620] [log.py:228] [log:log_response] [ERROR]- Internal Server Error: /PersonalInfo/Summary3/
Traceback (most recent call last):
  File "C:\Python372\mecheck\lib\site-packages\django\core\handlers\exception.py", line 34, in inner
    response = get_response(request)
  File "C:\Python372\mecheck\lib\site-packages\django\core\handlers\base.py", line 126, in _get_response
    response = self.process_exception_by_middleware(e, request)
  File "C:\Python372\mecheck\lib\site-packages\django\core\handlers\base.py", line 124, in _get_response
    response = wrapped_callback(request, *callback_args, **callback_kwargs)
  File "C:\djangoproject\Reliability_Row_data\PersonalInfo\views.py", line 637, in Summary3
    codetoarea("321201198707171014")
  File "C:\djangoproject\Reliability_Row_data\PersonalInfo\views.py", line 1572, in codetoarea
    print(code[12, 14] <= day)
TypeError: string indices must be integers
[2020-12-17 12:33:45,622] [basehttp.py:154] [basehttp:log_message] [ERROR]- "GET /PersonalInfo/Summary3/ HTTP/1.1" 500 90536
[2020-12-17 12:34:03,138] [log.py:228] [log:log_response] [ERROR]- Internal Server Error: /PersonalInfo/Summary3/
Traceback (most recent call last):
  File "C:\Python372\mecheck\lib\site-packages\django\core\handlers\exception.py", line 34, in inner
    response = get_response(request)
  File "C:\Python372\mecheck\lib\site-packages\django\core\handlers\base.py", line 126, in _get_response
    response = self.process_exception_by_middleware(e, request)
  File "C:\Python372\mecheck\lib\site-packages\django\core\handlers\base.py", line 124, in _get_response
    response = wrapped_callback(request, *callback_args, **callback_kwargs)
  File "C:\djangoproject\Reliability_Row_data\PersonalInfo\views.py", line 637, in Summary3
    codetoarea("321201198707171014")
  File "C:\djangoproject\Reliability_Row_data\PersonalInfo\views.py", line 1572, in codetoarea
    print(int(code[12, 14]) <= day)
TypeError: string indices must be integers
[2020-12-17 12:34:03,140] [basehttp.py:154] [basehttp:log_message] [ERROR]- "GET /PersonalInfo/Summary3/ HTTP/1.1" 500 90546
[2020-12-17 12:34:41,745] [log.py:228] [log:log_response] [ERROR]- Internal Server Error: /PersonalInfo/Summary3/
Traceback (most recent call last):
  File "C:\Python372\mecheck\lib\site-packages\django\core\handlers\exception.py", line 34, in inner
    response = get_response(request)
  File "C:\Python372\mecheck\lib\site-packages\django\core\handlers\base.py", line 126, in _get_response
    response = self.process_exception_by_middleware(e, request)
  File "C:\Python372\mecheck\lib\site-packages\django\core\handlers\base.py", line 124, in _get_response
    response = wrapped_callback(request, *callback_args, **callback_kwargs)
  File "C:\djangoproject\Reliability_Row_data\PersonalInfo\views.py", line 637, in Summary3
    codetoarea("321201198707171014")
  File "C:\djangoproject\Reliability_Row_data\PersonalInfo\views.py", line 1572, in codetoarea
    print(int(code[12, 14]))
TypeError: string indices must be integers
[2020-12-17 12:34:41,746] [basehttp.py:154] [basehttp:log_message] [ERROR]- "GET /PersonalInfo/Summary3/ HTTP/1.1" 500 90543
[2020-12-17 12:34:59,156] [log.py:228] [log:log_response] [ERROR]- Internal Server Error: /PersonalInfo/Summary3/
Traceback (most recent call last):
  File "C:\Python372\mecheck\lib\site-packages\django\core\handlers\exception.py", line 34, in inner
    response = get_response(request)
  File "C:\Python372\mecheck\lib\site-packages\django\core\handlers\base.py", line 126, in _get_response
    response = self.process_exception_by_middleware(e, request)
  File "C:\Python372\mecheck\lib\site-packages\django\core\handlers\base.py", line 124, in _get_response
    response = wrapped_callback(request, *callback_args, **callback_kwargs)
  File "C:\djangoproject\Reliability_Row_data\PersonalInfo\views.py", line 637, in Summary3
    codetoarea("321201198707171014")
  File "C:\djangoproject\Reliability_Row_data\PersonalInfo\views.py", line 1572, in codetoarea
    print(type(code[12, 14]))
TypeError: string indices must be integers
[2020-12-17 12:34:59,158] [basehttp.py:154] [basehttp:log_message] [ERROR]- "GET /PersonalInfo/Summary3/ HTTP/1.1" 500 90545
[2020-12-17 12:35:22,620] [log.py:228] [log:log_response] [ERROR]- Internal Server Error: /PersonalInfo/Summary3/
Traceback (most recent call last):
  File "C:\Python372\mecheck\lib\site-packages\django\core\handlers\exception.py", line 34, in inner
    response = get_response(request)
  File "C:\Python372\mecheck\lib\site-packages\django\core\handlers\base.py", line 126, in _get_response
    response = self.process_exception_by_middleware(e, request)
  File "C:\Python372\mecheck\lib\site-packages\django\core\handlers\base.py", line 124, in _get_response
    response = wrapped_callback(request, *callback_args, **callback_kwargs)
  File "C:\djangoproject\Reliability_Row_data\PersonalInfo\views.py", line 637, in Summary3
    codetoarea("321201198707171014")
  File "C:\djangoproject\Reliability_Row_data\PersonalInfo\views.py", line 1572, in codetoarea
    print(code[12, 14])
TypeError: string indices must be integers
[2020-12-17 12:35:22,622] [basehttp.py:154] [basehttp:log_message] [ERROR]- "GET /PersonalInfo/Summary3/ HTTP/1.1" 500 90533
[2020-12-17 12:35:37,367] [log.py:228] [log:log_response] [ERROR]- Internal Server Error: /PersonalInfo/Summary3/
Traceback (most recent call last):
  File "C:\Python372\mecheck\lib\site-packages\django\core\handlers\exception.py", line 34, in inner
    response = get_response(request)
  File "C:\Python372\mecheck\lib\site-packages\django\core\handlers\base.py", line 126, in _get_response
    response = self.process_exception_by_middleware(e, request)
  File "C:\Python372\mecheck\lib\site-packages\django\core\handlers\base.py", line 124, in _get_response
    response = wrapped_callback(request, *callback_args, **callback_kwargs)
  File "C:\djangoproject\Reliability_Row_data\PersonalInfo\views.py", line 637, in Summary3
    codetoarea("321201198707171014")
  File "C:\djangoproject\Reliability_Row_data\PersonalInfo\views.py", line 1572, in codetoarea
    print(code[12, 14])
TypeError: string indices must be integers
[2020-12-17 12:35:37,370] [basehttp.py:154] [basehttp:log_message] [ERROR]- "GET /PersonalInfo/Summary3/ HTTP/1.1" 500 90533
[2020-12-17 12:36:23,450] [log.py:228] [log:log_response] [ERROR]- Internal Server Error: /PersonalInfo/Summary3/
Traceback (most recent call last):
  File "C:\Python372\mecheck\lib\site-packages\django\core\handlers\exception.py", line 34, in inner
    response = get_response(request)
  File "C:\Python372\mecheck\lib\site-packages\django\core\handlers\base.py", line 126, in _get_response
    response = self.process_exception_by_middleware(e, request)
  File "C:\Python372\mecheck\lib\site-packages\django\core\handlers\base.py", line 124, in _get_response
    response = wrapped_callback(request, *callback_args, **callback_kwargs)
  File "C:\djangoproject\Reliability_Row_data\PersonalInfo\views.py", line 637, in Summary3
    codetoarea("321201198707171014")
  File "C:\djangoproject\Reliability_Row_data\PersonalInfo\views.py", line 1572, in codetoarea
    if (code[10: 12] < month or (code[10: 12] == month and code[12: 14] <= day)):
TypeError: '<' not supported between instances of 'str' and 'int'
[2020-12-17 12:36:23,452] [basehttp.py:154] [basehttp:log_message] [ERROR]- "GET /PersonalInfo/Summary3/ HTTP/1.1" 500 90819
[2020-12-17 12:43:06,917] [log.py:228] [log:log_response] [ERROR]- Internal Server Error: /PersonalInfo/Summary3/
Traceback (most recent call last):
  File "C:\Python372\mecheck\lib\site-packages\django\core\handlers\exception.py", line 34, in inner
    response = get_response(request)
  File "C:\Python372\mecheck\lib\site-packages\django\core\handlers\base.py", line 126, in _get_response
    response = self.process_exception_by_middleware(e, request)
  File "C:\Python372\mecheck\lib\site-packages\django\core\handlers\base.py", line 124, in _get_response
    response = wrapped_callback(request, *callback_args, **callback_kwargs)
  File "C:\djangoproject\Reliability_Row_data\PersonalInfo\views.py", line 637, in Summary3
    codetoarea("321201198707171014")
  File "C:\djangoproject\Reliability_Row_data\PersonalInfo\views.py", line 1576, in codetoarea
    if sex%2 == 0:
TypeError: not all arguments converted during string formatting
[2020-12-17 12:43:06,919] [basehttp.py:154] [basehttp:log_message] [ERROR]- "GET /PersonalInfo/Summary3/ HTTP/1.1" 500 90599
[2020-12-17 13:05:45,842] [log.py:228] [log:log_response] [ERROR]- Internal Server Error: /PersonalInfo/Summary3/
Traceback (most recent call last):
  File "C:\Python372\mecheck\lib\site-packages\django\core\handlers\exception.py", line 34, in inner
    response = get_response(request)
  File "C:\Python372\mecheck\lib\site-packages\django\core\handlers\base.py", line 126, in _get_response
    response = self.process_exception_by_middleware(e, request)
  File "C:\Python372\mecheck\lib\site-packages\django\core\handlers\base.py", line 124, in _get_response
    response = wrapped_callback(request, *callback_args, **callback_kwargs)
  File "C:\djangoproject\Reliability_Row_data\PersonalInfo\views.py", line 637, in Summary3
    codetoarea("321201198707171014")
  File "C:\djangoproject\Reliability_Row_data\PersonalInfo\views.py", line 1581, in codetoarea
    returninfo["arear"] = areaCode[code[:6]]
KeyError: '321201'
[2020-12-17 13:05:45,844] [basehttp.py:154] [basehttp:log_message] [ERROR]- "GET /PersonalInfo/Summary3/ HTTP/1.1" 500 90538
[2020-12-17 13:08:13,207] [log.py:228] [log:log_response] [ERROR]- Internal Server Error: /PersonalInfo/Summary3/
Traceback (most recent call last):
  File "C:\Python372\mecheck\lib\site-packages\django\core\handlers\exception.py", line 34, in inner
    response = get_response(request)
  File "C:\Python372\mecheck\lib\site-packages\django\core\handlers\base.py", line 126, in _get_response
    response = self.process_exception_by_middleware(e, request)
  File "C:\Python372\mecheck\lib\site-packages\django\core\handlers\base.py", line 124, in _get_response
    response = wrapped_callback(request, *callback_args, **callback_kwargs)
  File "C:\djangoproject\Reliability_Row_data\PersonalInfo\views.py", line 637, in Summary3
    codetoarea("321201198707171014")
  File "C:\djangoproject\Reliability_Row_data\PersonalInfo\views.py", line 1581, in codetoarea
    if areaCode[code[:6]]:
KeyError: '321201'
[2020-12-17 13:08:13,212] [basehttp.py:154] [basehttp:log_message] [ERROR]- "GET /PersonalInfo/Summary3/ HTTP/1.1" 500 90519
