[2021-10-26 12:03:32,302] [UserIP.py:89] [UserIP:process_response] [CRITICAL]- 系统错误
[2021-10-26 13:48:06,387] [log.py:228] [log:log_response] [ERROR]- Internal Server Error: /AdapterPowerCode/M_edit/
Traceback (most recent call last):
  File "C:\Python372\mecheck\lib\site-packages\django\core\handlers\exception.py", line 34, in inner
    response = get_response(request)
  File "C:\Python372\mecheck\lib\site-packages\django\core\handlers\base.py", line 126, in _get_response
    response = self.process_exception_by_middleware(e, request)
  File "C:\Python372\mecheck\lib\site-packages\django\core\handlers\base.py", line 124, in _get_response
    response = wrapped_callback(request, *callback_args, **callback_kwargs)
  File "C:\Python372\mecheck\lib\site-packages\django\views\decorators\csrf.py", line 54, in wrapped_view
    return view_func(*args, **kwargs)
  File "C:\djangoproject\DMS\AdapterPowerCode\views.py", line 3445, in M_edit
    errMsg = """上傳成功:%s条, <br/>编号重复：%s条""" % (scnum, cznum, xznum)
TypeError: not all arguments converted during string formatting
[2021-10-26 13:48:06,391] [UserIP.py:89] [UserIP:process_response] [CRITICAL]- 系统错误
[2021-10-26 13:48:06,393] [basehttp.py:154] [basehttp:log_message] [ERROR]- "POST /AdapterPowerCode/M_edit/ HTTP/1.1" 500 117927
[2021-10-26 14:42:01,646] [basehttp.py:154] [basehttp:log_message] [ERROR]- "POST /AdapterPowerCode/M_edit/ HTTP/1.1" 500 59
[2021-10-28 08:24:46,438] [UserIP.py:89] [UserIP:process_response] [CRITICAL]- 系统错误
[2021-10-28 11:42:29,124] [UserIP.py:89] [UserIP:process_response] [CRITICAL]- 系统错误
[2021-10-29 08:33:33,799] [UserIP.py:89] [UserIP:process_response] [CRITICAL]- 系统错误
[2021-11-01 16:09:51,728] [UserIP.py:89] [UserIP:process_response] [CRITICAL]- 系统错误
