[2021-08-05 09:24:53,249] [log.py:228] [log:log_response] [ERROR]- Internal Server Error: /DeviceLNV/M_Category/
Traceback (most recent call last):
  File "C:\Python372\mecheck\lib\site-packages\django\core\handlers\exception.py", line 34, in inner
    response = get_response(request)
  File "C:\Python372\mecheck\lib\site-packages\django\core\handlers\base.py", line 126, in _get_response
    response = self.process_exception_by_middleware(e, request)
  File "C:\Python372\mecheck\lib\site-packages\django\core\handlers\base.py", line 124, in _get_response
    response = wrapped_callback(request, *callback_args, **callback_kwargs)
  File "C:\Python372\mecheck\lib\site-packages\django\views\decorators\csrf.py", line 54, in wrapped_view
    return view_func(*args, **kwargs)
  File "C:\djangoproject\DMS\DeviceLNV\views.py", line 2566, in M_Category
    for k in DeviceDevpropertiesList.objects.filter(DevCtgry_P=k.id):
UnboundLocalError: local variable 'k' referenced before assignment
[2021-08-05 09:24:53,251] [basehttp.py:154] [basehttp:log_message] [ERROR]- "GET /DeviceLNV/M_Category/ HTTP/1.1" 500 87461
[2021-08-05 10:11:47,738] [basehttp.py:154] [basehttp:log_message] [ERROR]- "POST /DeviceLNV/M_Category/ HTTP/1.1" 500 59
[2021-08-05 10:13:26,666] [basehttp.py:154] [basehttp:log_message] [ERROR]- "POST /DeviceLNV/M_Category/ HTTP/1.1" 500 59
[2021-08-05 10:13:43,369] [basehttp.py:154] [basehttp:log_message] [ERROR]- "POST /DeviceLNV/M_Category/ HTTP/1.1" 500 59
[2021-08-05 10:15:02,580] [basehttp.py:154] [basehttp:log_message] [ERROR]- "POST /DeviceLNV/M_Category/ HTTP/1.1" 500 59
[2021-08-05 10:17:31,382] [basehttp.py:154] [basehttp:log_message] [ERROR]- "POST /DeviceLNV/M_Category/ HTTP/1.1" 500 59
[2021-08-05 10:17:58,728] [basehttp.py:154] [basehttp:log_message] [ERROR]- "POST /DeviceLNV/M_Category/ HTTP/1.1" 500 59
[2021-08-05 10:25:15,988] [basehttp.py:154] [basehttp:log_message] [ERROR]- "POST /DeviceLNV/M_Category/ HTTP/1.1" 500 59
[2021-08-05 10:26:06,009] [basehttp.py:154] [basehttp:log_message] [ERROR]- "POST /DeviceLNV/M_Category/ HTTP/1.1" 500 59
[2021-08-05 10:26:14,089] [basehttp.py:154] [basehttp:log_message] [ERROR]- "POST /DeviceLNV/M_Category/ HTTP/1.1" 500 59
[2021-08-05 10:37:34,060] [basehttp.py:154] [basehttp:log_message] [ERROR]- "POST /DeviceLNV/M_Category/ HTTP/1.1" 500 59
[2021-08-05 10:50:33,291] [basehttp.py:154] [basehttp:log_message] [ERROR]- "POST /DeviceLNV/M_Category/ HTTP/1.1" 500 59
[2021-08-05 11:22:30,914] [log.py:228] [log:log_response] [ERROR]- Internal Server Error: /DeviceLNV/M_Category/
Traceback (most recent call last):
  File "C:\Python372\mecheck\lib\site-packages\django\core\handlers\exception.py", line 34, in inner
    response = get_response(request)
  File "C:\Python372\mecheck\lib\site-packages\django\core\handlers\base.py", line 126, in _get_response
    response = self.process_exception_by_middleware(e, request)
  File "C:\Python372\mecheck\lib\site-packages\django\core\handlers\base.py", line 124, in _get_response
    response = wrapped_callback(request, *callback_args, **callback_kwargs)
  File "C:\Python372\mecheck\lib\site-packages\django\views\decorators\csrf.py", line 54, in wrapped_view
    return view_func(*args, **kwargs)
  File "C:\djangoproject\DMS\DeviceLNV\views.py", line 2664, in M_Category
    DeviceIntfCtgryList.delete()
TypeError: delete() missing 1 required positional argument: 'self'
[2021-08-05 11:22:30,917] [basehttp.py:154] [basehttp:log_message] [ERROR]- "POST /DeviceLNV/M_Category/ HTTP/1.1" 500 85372
[2021-08-05 11:24:16,690] [log.py:228] [log:log_response] [ERROR]- Internal Server Error: /DeviceLNV/M_Category/
Traceback (most recent call last):
  File "C:\Python372\mecheck\lib\site-packages\django\core\handlers\exception.py", line 34, in inner
    response = get_response(request)
  File "C:\Python372\mecheck\lib\site-packages\django\core\handlers\base.py", line 126, in _get_response
    response = self.process_exception_by_middleware(e, request)
  File "C:\Python372\mecheck\lib\site-packages\django\core\handlers\base.py", line 124, in _get_response
    response = wrapped_callback(request, *callback_args, **callback_kwargs)
  File "C:\Python372\mecheck\lib\site-packages\django\views\decorators\csrf.py", line 54, in wrapped_view
    return view_func(*args, **kwargs)
  File "C:\djangoproject\DMS\DeviceLNV\views.py", line 2664, in M_Category
    DeviceIntfCtgryList.objects.filter(id=i).delete()
  File "C:\Python372\mecheck\lib\site-packages\django\db\models\query.py", line 662, in delete
    collector.collect(del_query)
  File "C:\Python372\mecheck\lib\site-packages\django\db\models\deletion.py", line 221, in collect
    field.remote_field.on_delete(self, field, sub_objs, self.using)
TypeError: 'bool' object is not callable
[2021-08-05 11:24:16,692] [basehttp.py:154] [basehttp:log_message] [ERROR]- "POST /DeviceLNV/M_Category/ HTTP/1.1" 500 96291
[2021-08-05 13:48:47,257] [log.py:228] [log:log_response] [ERROR]- Internal Server Error: /DeviceLNV/M_Category/
Traceback (most recent call last):
  File "C:\Python372\mecheck\lib\site-packages\django\core\handlers\exception.py", line 34, in inner
    response = get_response(request)
  File "C:\Python372\mecheck\lib\site-packages\django\core\handlers\base.py", line 126, in _get_response
    response = self.process_exception_by_middleware(e, request)
  File "C:\Python372\mecheck\lib\site-packages\django\core\handlers\base.py", line 124, in _get_response
    response = wrapped_callback(request, *callback_args, **callback_kwargs)
  File "C:\Python372\mecheck\lib\site-packages\django\views\decorators\csrf.py", line 54, in wrapped_view
    return view_func(*args, **kwargs)
  File "C:\djangoproject\DMS\DeviceLNV\views.py", line 2696, in M_Category
    'err_MSG': errormessae
UnboundLocalError: local variable 'errormessae' referenced before assignment
[2021-08-05 13:48:47,259] [basehttp.py:154] [basehttp:log_message] [ERROR]- "POST /DeviceLNV/M_Category/ HTTP/1.1" 500 85372
