[2022-02-15 14:04:23,073] [log.py:228] [log:log_response] [ERROR]- Internal Server Error: /ComputerMS/M_Return/
Traceback (most recent call last):
  File "C:\Python372\mecheck\lib\site-packages\django\core\handlers\exception.py", line 34, in inner
    response = get_response(request)
  File "C:\Python372\mecheck\lib\site-packages\django\core\handlers\base.py", line 126, in _get_response
    response = self.process_exception_by_middleware(e, request)
  File "C:\Python372\mecheck\lib\site-packages\django\core\handlers\base.py", line 124, in _get_response
    response = wrapped_callback(request, *callback_args, **callback_kwargs)
  File "C:\Python372\mecheck\lib\site-packages\django\views\decorators\csrf.py", line 54, in wrapped_view
    return view_func(*args, **kwargs)
  File "C:\djangoproject\DMS\ComputerMS\views.py", line 2188, in M_Return
    if i.Plandate and i.Btime and not i.Rtime:
AttributeError: 'ComputerLNV' object has no attribute 'Plandate'
[2022-02-15 14:04:23,075] [UserIP.py:89] [UserIP:process_response] [CRITICAL]- 系统错误
[2022-02-15 14:04:23,076] [basehttp.py:154] [basehttp:log_message] [ERROR]- "POST /ComputerMS/M_Return/ HTTP/1.1" 500 80533
[2022-02-15 14:21:30,820] [log.py:228] [log:log_response] [ERROR]- Internal Server Error: /ComputerMS/M_Return/
Traceback (most recent call last):
  File "C:\Python372\mecheck\lib\site-packages\django\core\handlers\exception.py", line 34, in inner
    response = get_response(request)
  File "C:\Python372\mecheck\lib\site-packages\django\core\handlers\base.py", line 126, in _get_response
    response = self.process_exception_by_middleware(e, request)
  File "C:\Python372\mecheck\lib\site-packages\django\core\handlers\base.py", line 124, in _get_response
    response = wrapped_callback(request, *callback_args, **callback_kwargs)
  File "C:\Python372\mecheck\lib\site-packages\django\views\decorators\csrf.py", line 54, in wrapped_view
    return view_func(*args, **kwargs)
  File "C:\djangoproject\DMS\ComputerMS\views.py", line 2273, in M_Return
    "ProjectCode": Devicebyid.Last_ProjectCode, "Phase": Devicebyid.Last_Phase,
AttributeError: 'ComputerLNV' object has no attribute 'Last_ProjectCode'
[2022-02-15 14:21:30,823] [UserIP.py:89] [UserIP:process_response] [CRITICAL]- 系统错误
[2022-02-15 14:21:30,823] [basehttp.py:154] [basehttp:log_message] [ERROR]- "POST /ComputerMS/M_Return/ HTTP/1.1" 500 81013
[2022-02-15 14:22:10,601] [log.py:228] [log:log_response] [ERROR]- Internal Server Error: /ComputerMS/M_Return/
Traceback (most recent call last):
  File "C:\Python372\mecheck\lib\site-packages\django\core\handlers\exception.py", line 34, in inner
    response = get_response(request)
  File "C:\Python372\mecheck\lib\site-packages\django\core\handlers\base.py", line 126, in _get_response
    response = self.process_exception_by_middleware(e, request)
  File "C:\Python372\mecheck\lib\site-packages\django\core\handlers\base.py", line 124, in _get_response
    response = wrapped_callback(request, *callback_args, **callback_kwargs)
  File "C:\Python372\mecheck\lib\site-packages\django\views\decorators\csrf.py", line 54, in wrapped_view
    return view_func(*args, **kwargs)
  File "C:\djangoproject\DMS\ComputerMS\views.py", line 2312, in M_Return
    if i.Plandate and i.Btime and not i.Rtime:
AttributeError: 'ComputerLNV' object has no attribute 'Plandate'
[2022-02-15 14:22:10,603] [UserIP.py:89] [UserIP:process_response] [CRITICAL]- 系统错误
[2022-02-15 14:22:10,603] [basehttp.py:154] [basehttp:log_message] [ERROR]- "POST /ComputerMS/M_Return/ HTTP/1.1" 500 81955
[2022-02-15 14:35:03,791] [UserIP.py:89] [UserIP:process_response] [CRITICAL]- 系统错误
[2022-02-15 14:35:07,269] [log.py:228] [log:log_response] [ERROR]- Internal Server Error: /admin/ComputerMS/computerlnvhis/
Traceback (most recent call last):
  File "C:\Python372\mecheck\lib\site-packages\django\db\backends\utils.py", line 85, in _execute
    return self.cursor.execute(sql, params)
  File "C:\Python372\mecheck\lib\site-packages\django\db\backends\mysql\base.py", line 71, in execute
    return self.cursor.execute(query, args)
  File "C:\Python372\mecheck\lib\site-packages\pymysql\cursors.py", line 170, in execute
    result = self._query(query)
  File "C:\Python372\mecheck\lib\site-packages\pymysql\cursors.py", line 328, in _query
    conn.query(q)
  File "C:\Python372\mecheck\lib\site-packages\pymysql\connections.py", line 517, in query
    self._affected_rows = self._read_query_result(unbuffered=unbuffered)
  File "C:\Python372\mecheck\lib\site-packages\pymysql\connections.py", line 732, in _read_query_result
    result.read()
  File "C:\Python372\mecheck\lib\site-packages\pymysql\connections.py", line 1075, in read
    first_packet = self.connection._read_packet()
  File "C:\Python372\mecheck\lib\site-packages\pymysql\connections.py", line 684, in _read_packet
    packet.check_error()
  File "C:\Python372\mecheck\lib\site-packages\pymysql\protocol.py", line 220, in check_error
    err.raise_mysql_exception(self._data)
  File "C:\Python372\mecheck\lib\site-packages\pymysql\err.py", line 109, in raise_mysql_exception
    raise errorclass(errno, errval)
pymysql.err.InternalError: (1054, "Unknown column 'ComputerMS_computerlnvhis.Transefer_per_code' in 'field list'")

The above exception was the direct cause of the following exception:

Traceback (most recent call last):
  File "C:\Python372\mecheck\lib\site-packages\django\core\handlers\exception.py", line 34, in inner
    response = get_response(request)
  File "C:\Python372\mecheck\lib\site-packages\django\core\handlers\base.py", line 126, in _get_response
    response = self.process_exception_by_middleware(e, request)
  File "C:\Python372\mecheck\lib\site-packages\django\core\handlers\base.py", line 124, in _get_response
    response = wrapped_callback(request, *callback_args, **callback_kwargs)
  File "C:\Python372\mecheck\lib\site-packages\django\contrib\admin\options.py", line 604, in wrapper
    return self.admin_site.admin_view(view)(*args, **kwargs)
  File "C:\Python372\mecheck\lib\site-packages\django\utils\decorators.py", line 142, in _wrapped_view
    response = view_func(request, *args, **kwargs)
  File "C:\Python372\mecheck\lib\site-packages\django\views\decorators\cache.py", line 44, in _wrapped_view_func
    response = view_func(request, *args, **kwargs)
  File "C:\Python372\mecheck\lib\site-packages\django\contrib\admin\sites.py", line 223, in inner
    return view(request, *args, **kwargs)
  File "C:\Python372\mecheck\lib\site-packages\django\utils\decorators.py", line 45, in _wrapper
    return bound_method(*args, **kwargs)
  File "C:\Python372\mecheck\lib\site-packages\django\utils\decorators.py", line 142, in _wrapped_view
    response = view_func(request, *args, **kwargs)
  File "C:\Python372\mecheck\lib\site-packages\django\contrib\admin\options.py", line 1793, in changelist_view
    'selection_note': _('0 of %(cnt)s selected') % {'cnt': len(cl.result_list)},
  File "C:\Python372\mecheck\lib\site-packages\django\db\models\query.py", line 250, in __len__
    self._fetch_all()
  File "C:\Python372\mecheck\lib\site-packages\django\db\models\query.py", line 1186, in _fetch_all
    self._result_cache = list(self._iterable_class(self))
  File "C:\Python372\mecheck\lib\site-packages\django\db\models\query.py", line 54, in __iter__
    results = compiler.execute_sql(chunked_fetch=self.chunked_fetch, chunk_size=self.chunk_size)
  File "C:\Python372\mecheck\lib\site-packages\django\db\models\sql\compiler.py", line 1065, in execute_sql
    cursor.execute(sql, params)
  File "C:\Python372\mecheck\lib\site-packages\django\db\backends\utils.py", line 100, in execute
    return super().execute(sql, params)
  File "C:\Python372\mecheck\lib\site-packages\django\db\backends\utils.py", line 68, in execute
    return self._execute_with_wrappers(sql, params, many=False, executor=self._execute)
  File "C:\Python372\mecheck\lib\site-packages\django\db\backends\utils.py", line 77, in _execute_with_wrappers
    return executor(sql, params, many, context)
  File "C:\Python372\mecheck\lib\site-packages\django\db\backends\utils.py", line 85, in _execute
    return self.cursor.execute(sql, params)
  File "C:\Python372\mecheck\lib\site-packages\django\db\utils.py", line 89, in __exit__
    raise dj_exc_value.with_traceback(traceback) from exc_value
  File "C:\Python372\mecheck\lib\site-packages\django\db\backends\utils.py", line 85, in _execute
    return self.cursor.execute(sql, params)
  File "C:\Python372\mecheck\lib\site-packages\django\db\backends\mysql\base.py", line 71, in execute
    return self.cursor.execute(query, args)
  File "C:\Python372\mecheck\lib\site-packages\pymysql\cursors.py", line 170, in execute
    result = self._query(query)
  File "C:\Python372\mecheck\lib\site-packages\pymysql\cursors.py", line 328, in _query
    conn.query(q)
  File "C:\Python372\mecheck\lib\site-packages\pymysql\connections.py", line 517, in query
    self._affected_rows = self._read_query_result(unbuffered=unbuffered)
  File "C:\Python372\mecheck\lib\site-packages\pymysql\connections.py", line 732, in _read_query_result
    result.read()
  File "C:\Python372\mecheck\lib\site-packages\pymysql\connections.py", line 1075, in read
    first_packet = self.connection._read_packet()
  File "C:\Python372\mecheck\lib\site-packages\pymysql\connections.py", line 684, in _read_packet
    packet.check_error()
  File "C:\Python372\mecheck\lib\site-packages\pymysql\protocol.py", line 220, in check_error
    err.raise_mysql_exception(self._data)
  File "C:\Python372\mecheck\lib\site-packages\pymysql\err.py", line 109, in raise_mysql_exception
    raise errorclass(errno, errval)
django.db.utils.InternalError: (1054, "Unknown column 'ComputerMS_computerlnvhis.Transefer_per_code' in 'field list'")
[2022-02-15 14:35:07,278] [basehttp.py:154] [basehttp:log_message] [ERROR]- "GET /admin/ComputerMS/computerlnvhis/ HTTP/1.1" 500 238048
[2022-02-15 14:43:43,602] [log.py:228] [log:log_response] [ERROR]- Internal Server Error: /ComputerMS/M_Borrow/
Traceback (most recent call last):
  File "C:\Python372\mecheck\lib\site-packages\django\core\handlers\exception.py", line 34, in inner
    response = get_response(request)
  File "C:\Python372\mecheck\lib\site-packages\django\core\handlers\base.py", line 126, in _get_response
    response = self.process_exception_by_middleware(e, request)
  File "C:\Python372\mecheck\lib\site-packages\django\core\handlers\base.py", line 124, in _get_response
    response = wrapped_callback(request, *callback_args, **callback_kwargs)
  File "C:\Python372\mecheck\lib\site-packages\django\views\decorators\csrf.py", line 54, in wrapped_view
    return view_func(*args, **kwargs)
  File "C:\djangoproject\DMS\ComputerMS\views.py", line 1855, in M_Borrow
    if i.Plandate and i.Btime and not i.Rtime:
AttributeError: 'ComputerLNV' object has no attribute 'Plandate'
[2022-02-15 14:43:43,604] [UserIP.py:89] [UserIP:process_response] [CRITICAL]- 系统错误
[2022-02-15 14:43:43,605] [basehttp.py:154] [basehttp:log_message] [ERROR]- "POST /ComputerMS/M_Borrow/ HTTP/1.1" 500 80524
[2022-02-15 14:50:15,114] [log.py:228] [log:log_response] [ERROR]- Internal Server Error: /ComputerMS/M_Borrow/
Traceback (most recent call last):
  File "C:\Python372\mecheck\lib\site-packages\django\core\handlers\exception.py", line 34, in inner
    response = get_response(request)
  File "C:\Python372\mecheck\lib\site-packages\django\core\handlers\base.py", line 126, in _get_response
    response = self.process_exception_by_middleware(e, request)
  File "C:\Python372\mecheck\lib\site-packages\django\core\handlers\base.py", line 124, in _get_response
    response = wrapped_callback(request, *callback_args, **callback_kwargs)
  File "C:\Python372\mecheck\lib\site-packages\django\views\decorators\csrf.py", line 54, in wrapped_view
    return view_func(*args, **kwargs)
  File "C:\djangoproject\DMS\ComputerMS\views.py", line 1855, in M_Borrow
    if i.Plandate and i.Btime and not i.Rtime:
AttributeError: 'ComputerLNV' object has no attribute 'Plandate'
[2022-02-15 14:50:15,116] [UserIP.py:89] [UserIP:process_response] [CRITICAL]- 系统错误
[2022-02-15 14:50:15,116] [basehttp.py:154] [basehttp:log_message] [ERROR]- "POST /ComputerMS/M_Borrow/ HTTP/1.1" 500 80524
[2022-02-15 15:27:29,638] [UserIP.py:89] [UserIP:process_response] [CRITICAL]- 系统错误
[2022-02-15 15:27:37,346] [UserIP.py:89] [UserIP:process_response] [CRITICAL]- 系统错误
[2022-02-15 15:27:56,762] [UserIP.py:89] [UserIP:process_response] [CRITICAL]- 系统错误
[2022-02-15 15:28:06,591] [UserIP.py:89] [UserIP:process_response] [CRITICAL]- 系统错误
[2022-02-15 15:28:20,925] [UserIP.py:89] [UserIP:process_response] [CRITICAL]- 系统错误
[2022-02-15 15:28:31,444] [UserIP.py:89] [UserIP:process_response] [CRITICAL]- 系统错误
[2022-02-15 15:28:48,518] [UserIP.py:89] [UserIP:process_response] [CRITICAL]- 系统错误
[2022-02-15 15:28:59,354] [UserIP.py:89] [UserIP:process_response] [CRITICAL]- 系统错误
[2022-02-15 15:29:16,006] [UserIP.py:89] [UserIP:process_response] [CRITICAL]- 系统错误
[2022-02-15 15:29:20,451] [UserIP.py:89] [UserIP:process_response] [CRITICAL]- 系统错误
[2022-02-15 15:29:29,453] [UserIP.py:89] [UserIP:process_response] [CRITICAL]- 系统错误
[2022-02-15 15:35:27,206] [UserIP.py:89] [UserIP:process_response] [CRITICAL]- 系统错误
[2022-02-15 15:36:31,209] [UserIP.py:89] [UserIP:process_response] [CRITICAL]- 系统错误
[2022-02-15 15:36:55,499] [UserIP.py:89] [UserIP:process_response] [CRITICAL]- 系统错误
[2022-02-15 16:15:18,915] [UserIP.py:89] [UserIP:process_response] [CRITICAL]- 系统错误
[2022-02-15 16:18:44,143] [UserIP.py:89] [UserIP:process_response] [CRITICAL]- 系统错误
[2022-02-15 16:19:34,497] [UserIP.py:89] [UserIP:process_response] [CRITICAL]- 系统错误
[2022-02-15 16:21:18,973] [UserIP.py:89] [UserIP:process_response] [CRITICAL]- 系统错误
[2022-02-15 16:21:23,041] [UserIP.py:89] [UserIP:process_response] [CRITICAL]- 系统错误
[2022-02-15 16:21:38,850] [UserIP.py:89] [UserIP:process_response] [CRITICAL]- 系统错误
[2022-02-15 16:25:43,920] [UserIP.py:89] [UserIP:process_response] [CRITICAL]- 系统错误
[2022-02-16 09:23:09,973] [UserIP.py:89] [UserIP:process_response] [CRITICAL]- 系统错误
[2022-02-16 12:09:29,890] [UserIP.py:89] [UserIP:process_response] [CRITICAL]- 系统错误
