[2020-04-10 09:04:13,137] [log.py:228] [log:log_response] [ERROR]- Internal Server Error: /LessonProjectME/Lesson_SearchByProject/
Traceback (most recent call last):
  File "C:\Python372\mecheck\lib\site-packages\django\core\handlers\exception.py", line 34, in inner
    response = get_response(request)
  File "C:\Python372\mecheck\lib\site-packages\django\core\handlers\base.py", line 126, in _get_response
    response = self.process_exception_by_middleware(e, request)
  File "C:\Python372\mecheck\lib\site-packages\django\core\handlers\base.py", line 124, in _get_response
    response = wrapped_callback(request, *callback_args, **callback_kwargs)
  File "C:\djangoproject\Reliability_Row_data\LessonProjectME\views.py", line 354, in Lesson_project_Search
    projectresult.append({"projectname": j, "result": lessonlearn_Projectinfo.result, "comment": lessonlearn_Projectinfo.Comment})
AttributeError: 'NoneType' object has no attribute 'result'
[2020-04-10 09:04:13,138] [basehttp.py:154] [basehttp:log_message] [ERROR]- "POST /LessonProjectME/Lesson_SearchByProject/ HTTP/1.1" 500 27
[2020-04-10 15:19:11,658] [log.py:228] [log:log_response] [ERROR]- Internal Server Error: /TestPlanME/TestPlanME-search/
Traceback (most recent call last):
  File "C:\Python372\mecheck\lib\site-packages\django\db\models\sql\query.py", line 1735, in add_fields
    join_info = self.setup_joins(name.split(LOOKUP_SEP), opts, alias, allow_many=allow_m2m)
  File "C:\Python372\mecheck\lib\site-packages\django\db\models\sql\query.py", line 1473, in setup_joins
    names[:pivot], opts, allow_many, fail_on_missing=True,
  File "C:\Python372\mecheck\lib\site-packages\django\db\models\sql\query.py", line 1389, in names_to_path
    "Choices are: %s" % (name, ", ".join(available)))
django.core.exceptions.FieldError: Cannot resolve keyword 'Items.ItemNo_d' into field. Choices are: Items, Items_id, NormalAmount, NormalAttendTime, NormalFacilityTime, NormalProgramtime, Projectinfo, Projectinfo_id, RegAmount, RegAttendTime, RegCycles, RegFacilityTime, RegProgramtime, edit_time, editor, id

During handling of the above exception, another exception occurred:

Traceback (most recent call last):
  File "C:\Python372\mecheck\lib\site-packages\django\core\handlers\exception.py", line 34, in inner
    response = get_response(request)
  File "C:\Python372\mecheck\lib\site-packages\django\core\handlers\base.py", line 126, in _get_response
    response = self.process_exception_by_middleware(e, request)
  File "C:\Python372\mecheck\lib\site-packages\django\core\handlers\base.py", line 124, in _get_response
    response = wrapped_callback(request, *callback_args, **callback_kwargs)
  File "C:\djangoproject\Reliability_Row_data\TestPlanME\views.py", line 430, in TestPlanME_search
    courses = TestPlanMEs.order_by('-RegCycles').values('Items.ItemNo_d', 'Items.Item_d', 'RegCycles')
  File "C:\Python372\mecheck\lib\site-packages\django\db\models\query.py", line 750, in values
    clone = self._values(*fields, **expressions)
  File "C:\Python372\mecheck\lib\site-packages\django\db\models\query.py", line 745, in _values
    clone.query.set_values(fields)
  File "C:\Python372\mecheck\lib\site-packages\django\db\models\sql\query.py", line 1987, in set_values
    self.add_fields(field_names, True)
  File "C:\Python372\mecheck\lib\site-packages\django\db\models\sql\query.py", line 1758, in add_fields
    "Choices are: %s" % (name, ", ".join(names)))
django.core.exceptions.FieldError: Cannot resolve keyword 'Items.ItemNo_d' into field. Choices are: Items, Items_id, NormalAmount, NormalAttendTime, NormalFacilityTime, NormalProgramtime, Projectinfo, Projectinfo_id, RegAmount, RegAttendTime, RegCycles, RegFacilityTime, RegProgramtime, edit_time, editor, id
[2020-04-10 15:19:11,715] [basehttp.py:154] [basehttp:log_message] [ERROR]- "GET /TestPlanME/TestPlanME-search/?action=search&customer=C38(NB)&project=EL532&phase=0 HTTP/1.1" 500 27
[2020-04-10 15:19:43,880] [log.py:228] [log:log_response] [ERROR]- Internal Server Error: /TestPlanME/TestPlanME-search/
Traceback (most recent call last):
  File "C:\Python372\mecheck\lib\site-packages\django\db\models\sql\query.py", line 1735, in add_fields
    join_info = self.setup_joins(name.split(LOOKUP_SEP), opts, alias, allow_many=allow_m2m)
  File "C:\Python372\mecheck\lib\site-packages\django\db\models\sql\query.py", line 1473, in setup_joins
    names[:pivot], opts, allow_many, fail_on_missing=True,
  File "C:\Python372\mecheck\lib\site-packages\django\db\models\sql\query.py", line 1389, in names_to_path
    "Choices are: %s" % (name, ", ".join(available)))
django.core.exceptions.FieldError: Cannot resolve keyword 'Items_ItemNo_d' into field. Choices are: Items, Items_id, NormalAmount, NormalAttendTime, NormalFacilityTime, NormalProgramtime, Projectinfo, Projectinfo_id, RegAmount, RegAttendTime, RegCycles, RegFacilityTime, RegProgramtime, edit_time, editor, id

During handling of the above exception, another exception occurred:

Traceback (most recent call last):
  File "C:\Python372\mecheck\lib\site-packages\django\core\handlers\exception.py", line 34, in inner
    response = get_response(request)
  File "C:\Python372\mecheck\lib\site-packages\django\core\handlers\base.py", line 126, in _get_response
    response = self.process_exception_by_middleware(e, request)
  File "C:\Python372\mecheck\lib\site-packages\django\core\handlers\base.py", line 124, in _get_response
    response = wrapped_callback(request, *callback_args, **callback_kwargs)
  File "C:\djangoproject\Reliability_Row_data\TestPlanME\views.py", line 430, in TestPlanME_search
    courses = TestPlanMEs.order_by('-RegCycles').values('Items_ItemNo_d', 'Items_Item_d', 'RegCycles')
  File "C:\Python372\mecheck\lib\site-packages\django\db\models\query.py", line 750, in values
    clone = self._values(*fields, **expressions)
  File "C:\Python372\mecheck\lib\site-packages\django\db\models\query.py", line 745, in _values
    clone.query.set_values(fields)
  File "C:\Python372\mecheck\lib\site-packages\django\db\models\sql\query.py", line 1987, in set_values
    self.add_fields(field_names, True)
  File "C:\Python372\mecheck\lib\site-packages\django\db\models\sql\query.py", line 1758, in add_fields
    "Choices are: %s" % (name, ", ".join(names)))
django.core.exceptions.FieldError: Cannot resolve keyword 'Items_ItemNo_d' into field. Choices are: Items, Items_id, NormalAmount, NormalAttendTime, NormalFacilityTime, NormalProgramtime, Projectinfo, Projectinfo_id, RegAmount, RegAttendTime, RegCycles, RegFacilityTime, RegProgramtime, edit_time, editor, id
[2020-04-10 15:19:43,885] [basehttp.py:154] [basehttp:log_message] [ERROR]- "GET /TestPlanME/TestPlanME-search/?action=search&customer=C38(NB)&project=EL532&phase=0 HTTP/1.1" 500 27
[2020-04-10 15:42:37,764] [log.py:228] [log:log_response] [ERROR]- Internal Server Error: /TestPlanME/TestPlanME-search/
Traceback (most recent call last):
  File "C:\Python372\mecheck\lib\site-packages\django\core\handlers\exception.py", line 34, in inner
    response = get_response(request)
  File "C:\Python372\mecheck\lib\site-packages\django\core\handlers\base.py", line 126, in _get_response
    response = self.process_exception_by_middleware(e, request)
  File "C:\Python372\mecheck\lib\site-packages\django\core\handlers\base.py", line 124, in _get_response
    response = wrapped_callback(request, *callback_args, **callback_kwargs)
  File "C:\djangoproject\Reliability_Row_data\TestPlanME\views.py", line 442, in TestPlanME_search
    Sums["Topregresion"] = sorted(Topregresion.iteritems(), key=lambda Topregresion: Topregresion[1], reverse=False)
AttributeError: 'dict' object has no attribute 'iteritems'
[2020-04-10 15:42:37,768] [basehttp.py:154] [basehttp:log_message] [ERROR]- "GET /TestPlanME/TestPlanME-search/?action=search&customer=C38(NB)&project=EL532&phase=0 HTTP/1.1" 500 27
[2020-04-10 15:42:59,146] [log.py:228] [log:log_response] [ERROR]- Internal Server Error: /TestPlanME/TestPlanME-search/
Traceback (most recent call last):
  File "C:\Python372\mecheck\lib\site-packages\django\core\handlers\exception.py", line 34, in inner
    response = get_response(request)
  File "C:\Python372\mecheck\lib\site-packages\django\core\handlers\base.py", line 126, in _get_response
    response = self.process_exception_by_middleware(e, request)
  File "C:\Python372\mecheck\lib\site-packages\django\core\handlers\base.py", line 124, in _get_response
    response = wrapped_callback(request, *callback_args, **callback_kwargs)
  File "C:\djangoproject\Reliability_Row_data\TestPlanME\views.py", line 442, in TestPlanME_search
    Sums["Topregresion"] = sorted(Topregresion.iteritems(), key=lambda d: d[1], reverse=False)
AttributeError: 'dict' object has no attribute 'iteritems'
[2020-04-10 15:42:59,148] [basehttp.py:154] [basehttp:log_message] [ERROR]- "GET /TestPlanME/TestPlanME-search/?action=search&customer=C38(NB)&project=EL532&phase=0 HTTP/1.1" 500 27
[2020-04-10 16:05:35,780] [log.py:228] [log:log_response] [ERROR]- Internal Server Error: /TestPlanME/TestPlanME-search/
Traceback (most recent call last):
  File "C:\Python372\mecheck\lib\site-packages\django\core\handlers\exception.py", line 34, in inner
    response = get_response(request)
  File "C:\Python372\mecheck\lib\site-packages\django\core\handlers\base.py", line 126, in _get_response
    response = self.process_exception_by_middleware(e, request)
  File "C:\Python372\mecheck\lib\site-packages\django\core\handlers\base.py", line 124, in _get_response
    response = wrapped_callback(request, *callback_args, **callback_kwargs)
  File "C:\djangoproject\Reliability_Row_data\TestPlanME\views.py", line 443, in TestPlanME_search
    print(Sums["Topregresion"])
KeyError: 'Topregresion'
[2020-04-10 16:05:35,782] [basehttp.py:154] [basehttp:log_message] [ERROR]- "GET /TestPlanME/TestPlanME-search/?action=search&customer=C38(NB)&project=EL532&phase=0 HTTP/1.1" 500 27
